<?xml version="1.0" encoding="UTF-8"?>
<testsuite xmlns:xsi="http://www.w3.org/2001/XMLSchema-instance" xsi:noNamespaceSchemaLocation="https://maven.apache.org/surefire/maven-surefire-plugin/xsd/surefire-test-report-3.0.xsd" version="3.0" name="HomeWork.ImageTests" time="11.37" tests="9" errors="2" skipped="0" failures="6">
  <properties>
    <property name="sun.desktop" value="windows"/>
    <property name="awt.toolkit" value="sun.awt.windows.WToolkit"/>
    <property name="java.specification.version" value="11"/>
    <property name="sun.cpu.isalist" value="amd64"/>
    <property name="sun.jnu.encoding" value="Cp1251"/>
    <property name="java.class.path" value="C:\Users\User\IdeaProjects\Dz\target\test-classes;C:\Users\User\IdeaProjects\Dz\target\classes;C:\Users\User\.m2\repository\io\rest-assured\rest-assured\4.4.0\rest-assured-4.4.0.jar;C:\Users\User\.m2\repository\org\codehaus\groovy\groovy\3.0.8\groovy-3.0.8.jar;C:\Users\User\.m2\repository\org\codehaus\groovy\groovy-xml\3.0.8\groovy-xml-3.0.8.jar;C:\Users\User\.m2\repository\org\apache\httpcomponents\httpclient\4.5.13\httpclient-4.5.13.jar;C:\Users\User\.m2\repository\org\apache\httpcomponents\httpcore\4.4.13\httpcore-4.4.13.jar;C:\Users\User\.m2\repository\commons-logging\commons-logging\1.2\commons-logging-1.2.jar;C:\Users\User\.m2\repository\commons-codec\commons-codec\1.11\commons-codec-1.11.jar;C:\Users\User\.m2\repository\org\apache\httpcomponents\httpmime\4.5.13\httpmime-4.5.13.jar;C:\Users\User\.m2\repository\org\hamcrest\hamcrest\2.1\hamcrest-2.1.jar;C:\Users\User\.m2\repository\org\ccil\cowan\tagsoup\tagsoup\1.2.1\tagsoup-1.2.1.jar;C:\Users\User\.m2\repository\io\rest-assured\json-path\4.4.0\json-path-4.4.0.jar;C:\Users\User\.m2\repository\org\codehaus\groovy\groovy-json\3.0.8\groovy-json-3.0.8.jar;C:\Users\User\.m2\repository\io\rest-assured\rest-assured-common\4.4.0\rest-assured-common-4.4.0.jar;C:\Users\User\.m2\repository\io\rest-assured\xml-path\4.4.0\xml-path-4.4.0.jar;C:\Users\User\.m2\repository\org\apache\commons\commons-lang3\3.11\commons-lang3-3.11.jar;C:\Users\User\.m2\repository\jakarta\xml\bind\jakarta.xml.bind-api\2.3.3\jakarta.xml.bind-api-2.3.3.jar;C:\Users\User\.m2\repository\jakarta\activation\jakarta.activation-api\1.2.2\jakarta.activation-api-1.2.2.jar;C:\Users\User\.m2\repository\com\sun\xml\bind\jaxb-impl\2.3.3\jaxb-impl-2.3.3.jar;C:\Users\User\.m2\repository\org\junit\jupiter\junit-jupiter\5.7.0\junit-jupiter-5.7.0.jar;C:\Users\User\.m2\repository\org\junit\jupiter\junit-jupiter-api\5.7.0\junit-jupiter-api-5.7.0.jar;C:\Users\User\.m2\repository\org\apiguardian\apiguardian-api\1.1.0\apiguardian-api-1.1.0.jar;C:\Users\User\.m2\repository\org\opentest4j\opentest4j\1.2.0\opentest4j-1.2.0.jar;C:\Users\User\.m2\repository\org\junit\platform\junit-platform-commons\1.7.0\junit-platform-commons-1.7.0.jar;C:\Users\User\.m2\repository\org\junit\jupiter\junit-jupiter-params\5.7.0\junit-jupiter-params-5.7.0.jar;C:\Users\User\.m2\repository\org\junit\jupiter\junit-jupiter-engine\5.7.0\junit-jupiter-engine-5.7.0.jar;C:\Users\User\.m2\repository\org\junit\platform\junit-platform-engine\1.7.0\junit-platform-engine-1.7.0.jar;C:\Users\User\.m2\repository\commons-io\commons-io\2.8.0\commons-io-2.8.0.jar;C:\Users\User\.m2\repository\io\qameta\allure\allure-java-commons\2.14.0\allure-java-commons-2.14.0.jar;C:\Users\User\.m2\repository\org\slf4j\slf4j-api\1.7.30\slf4j-api-1.7.30.jar;C:\Users\User\.m2\repository\io\qameta\allure\allure-model\2.14.0\allure-model-2.14.0.jar;C:\Users\User\.m2\repository\com\fasterxml\jackson\core\jackson-databind\2.12.3\jackson-databind-2.12.3.jar;C:\Users\User\.m2\repository\com\fasterxml\jackson\core\jackson-annotations\2.12.3\jackson-annotations-2.12.3.jar;C:\Users\User\.m2\repository\com\fasterxml\jackson\core\jackson-core\2.12.3\jackson-core-2.12.3.jar;C:\Users\User\.m2\repository\org\apache\tika\tika-core\1.26\tika-core-1.26.jar;C:\Users\User\.m2\repository\javax\xml\bind\jaxb-api\2.3.1\jaxb-api-2.3.1.jar;C:\Users\User\.m2\repository\javax\activation\javax.activation-api\1.2.0\javax.activation-api-1.2.0.jar;C:\Users\User\.m2\repository\javax\activation\activation\1.1.1\activation-1.1.1.jar;C:\Users\User\.m2\repository\org\jooq\joor-java-8\0.9.14\joor-java-8-0.9.14.jar;C:\Users\User\.m2\repository\io\qameta\allure\allure-junit5\2.14.0\allure-junit5-2.14.0.jar;C:\Users\User\.m2\repository\io\qameta\allure\allure-junit-platform\2.14.0\allure-junit-platform-2.14.0.jar;C:\Users\User\.m2\repository\io\qameta\allure\allure-test-filter\2.14.0\allure-test-filter-2.14.0.jar;C:\Users\User\.m2\repository\org\junit\platform\junit-platform-launcher\1.7.2\junit-platform-launcher-1.7.2.jar;C:\Users\User\.m2\repository\io\qameta\allure\allure-rest-assured\2.14.0\allure-rest-assured-2.14.0.jar;C:\Users\User\.m2\repository\io\qameta\allure\allure-attachments\2.14.0\allure-attachments-2.14.0.jar;C:\Users\User\.m2\repository\org\freemarker\freemarker\2.3.31\freemarker-2.3.31.jar;"/>
    <property name="java.vm.vendor" value="Amazon.com Inc."/>
    <property name="sun.arch.data.model" value="64"/>
    <property name="user.variant" value=""/>
    <property name="java.vendor.url" value="https://aws.amazon.com/corretto/"/>
    <property name="user.timezone" value="Asia/Yekaterinburg"/>
    <property name="java.vm.specification.version" value="11"/>
    <property name="os.name" value="Windows 10"/>
    <property name="sun.java.launcher" value="SUN_STANDARD"/>
    <property name="user.country" value="RU"/>
    <property name="sun.boot.library.path" value="C:\Users\User\.jdks\corretto-11.0.12\bin"/>
    <property name="sun.java.command" value="C:\Users\User\AppData\Local\Temp\surefire5993833756472741552\surefirebooter5820081066700675465.jar C:\Users\User\AppData\Local\Temp\surefire5993833756472741552 2021-12-09T18-57-31_356-jvmRun1 surefire6492600518618197212tmp surefire_015728874683381564310tmp"/>
    <property name="jdk.debug" value="release"/>
    <property name="surefire.test.class.path" value="C:\Users\User\IdeaProjects\Dz\target\test-classes;C:\Users\User\IdeaProjects\Dz\target\classes;C:\Users\User\.m2\repository\io\rest-assured\rest-assured\4.4.0\rest-assured-4.4.0.jar;C:\Users\User\.m2\repository\org\codehaus\groovy\groovy\3.0.8\groovy-3.0.8.jar;C:\Users\User\.m2\repository\org\codehaus\groovy\groovy-xml\3.0.8\groovy-xml-3.0.8.jar;C:\Users\User\.m2\repository\org\apache\httpcomponents\httpclient\4.5.13\httpclient-4.5.13.jar;C:\Users\User\.m2\repository\org\apache\httpcomponents\httpcore\4.4.13\httpcore-4.4.13.jar;C:\Users\User\.m2\repository\commons-logging\commons-logging\1.2\commons-logging-1.2.jar;C:\Users\User\.m2\repository\commons-codec\commons-codec\1.11\commons-codec-1.11.jar;C:\Users\User\.m2\repository\org\apache\httpcomponents\httpmime\4.5.13\httpmime-4.5.13.jar;C:\Users\User\.m2\repository\org\hamcrest\hamcrest\2.1\hamcrest-2.1.jar;C:\Users\User\.m2\repository\org\ccil\cowan\tagsoup\tagsoup\1.2.1\tagsoup-1.2.1.jar;C:\Users\User\.m2\repository\io\rest-assured\json-path\4.4.0\json-path-4.4.0.jar;C:\Users\User\.m2\repository\org\codehaus\groovy\groovy-json\3.0.8\groovy-json-3.0.8.jar;C:\Users\User\.m2\repository\io\rest-assured\rest-assured-common\4.4.0\rest-assured-common-4.4.0.jar;C:\Users\User\.m2\repository\io\rest-assured\xml-path\4.4.0\xml-path-4.4.0.jar;C:\Users\User\.m2\repository\org\apache\commons\commons-lang3\3.11\commons-lang3-3.11.jar;C:\Users\User\.m2\repository\jakarta\xml\bind\jakarta.xml.bind-api\2.3.3\jakarta.xml.bind-api-2.3.3.jar;C:\Users\User\.m2\repository\jakarta\activation\jakarta.activation-api\1.2.2\jakarta.activation-api-1.2.2.jar;C:\Users\User\.m2\repository\com\sun\xml\bind\jaxb-impl\2.3.3\jaxb-impl-2.3.3.jar;C:\Users\User\.m2\repository\org\junit\jupiter\junit-jupiter\5.7.0\junit-jupiter-5.7.0.jar;C:\Users\User\.m2\repository\org\junit\jupiter\junit-jupiter-api\5.7.0\junit-jupiter-api-5.7.0.jar;C:\Users\User\.m2\repository\org\apiguardian\apiguardian-api\1.1.0\apiguardian-api-1.1.0.jar;C:\Users\User\.m2\repository\org\opentest4j\opentest4j\1.2.0\opentest4j-1.2.0.jar;C:\Users\User\.m2\repository\org\junit\platform\junit-platform-commons\1.7.0\junit-platform-commons-1.7.0.jar;C:\Users\User\.m2\repository\org\junit\jupiter\junit-jupiter-params\5.7.0\junit-jupiter-params-5.7.0.jar;C:\Users\User\.m2\repository\org\junit\jupiter\junit-jupiter-engine\5.7.0\junit-jupiter-engine-5.7.0.jar;C:\Users\User\.m2\repository\org\junit\platform\junit-platform-engine\1.7.0\junit-platform-engine-1.7.0.jar;C:\Users\User\.m2\repository\commons-io\commons-io\2.8.0\commons-io-2.8.0.jar;C:\Users\User\.m2\repository\io\qameta\allure\allure-java-commons\2.14.0\allure-java-commons-2.14.0.jar;C:\Users\User\.m2\repository\org\slf4j\slf4j-api\1.7.30\slf4j-api-1.7.30.jar;C:\Users\User\.m2\repository\io\qameta\allure\allure-model\2.14.0\allure-model-2.14.0.jar;C:\Users\User\.m2\repository\com\fasterxml\jackson\core\jackson-databind\2.12.3\jackson-databind-2.12.3.jar;C:\Users\User\.m2\repository\com\fasterxml\jackson\core\jackson-annotations\2.12.3\jackson-annotations-2.12.3.jar;C:\Users\User\.m2\repository\com\fasterxml\jackson\core\jackson-core\2.12.3\jackson-core-2.12.3.jar;C:\Users\User\.m2\repository\org\apache\tika\tika-core\1.26\tika-core-1.26.jar;C:\Users\User\.m2\repository\javax\xml\bind\jaxb-api\2.3.1\jaxb-api-2.3.1.jar;C:\Users\User\.m2\repository\javax\activation\javax.activation-api\1.2.0\javax.activation-api-1.2.0.jar;C:\Users\User\.m2\repository\javax\activation\activation\1.1.1\activation-1.1.1.jar;C:\Users\User\.m2\repository\org\jooq\joor-java-8\0.9.14\joor-java-8-0.9.14.jar;C:\Users\User\.m2\repository\io\qameta\allure\allure-junit5\2.14.0\allure-junit5-2.14.0.jar;C:\Users\User\.m2\repository\io\qameta\allure\allure-junit-platform\2.14.0\allure-junit-platform-2.14.0.jar;C:\Users\User\.m2\repository\io\qameta\allure\allure-test-filter\2.14.0\allure-test-filter-2.14.0.jar;C:\Users\User\.m2\repository\org\junit\platform\junit-platform-launcher\1.7.2\junit-platform-launcher-1.7.2.jar;C:\Users\User\.m2\repository\io\qameta\allure\allure-rest-assured\2.14.0\allure-rest-assured-2.14.0.jar;C:\Users\User\.m2\repository\io\qameta\allure\allure-attachments\2.14.0\allure-attachments-2.14.0.jar;C:\Users\User\.m2\repository\org\freemarker\freemarker\2.3.31\freemarker-2.3.31.jar;"/>
    <property name="sun.cpu.endian" value="little"/>
    <property name="allure.results.directory" value="target/allure-results"/>
    <property name="user.home" value="C:\Users\User"/>
    <property name="user.language" value="ru"/>
    <property name="java.specification.vendor" value="Oracle Corporation"/>
    <property name="java.version.date" value="2021-07-20"/>
    <property name="java.home" value="C:\Users\User\.jdks\corretto-11.0.12"/>
    <property name="file.separator" value="\"/>
    <property name="basedir" value="C:\Users\User\IdeaProjects\Dz"/>
    <property name="java.vm.compressedOopsMode" value="Zero based"/>
    <property name="line.separator" value="&#10;"/>
    <property name="java.specification.name" value="Java Platform API Specification"/>
    <property name="java.vm.specification.vendor" value="Oracle Corporation"/>
    <property name="java.awt.graphicsenv" value="sun.awt.Win32GraphicsEnvironment"/>
    <property name="surefire.real.class.path" value="C:\Users\User\AppData\Local\Temp\surefire5993833756472741552\surefirebooter5820081066700675465.jar"/>
    <property name="user.script" value=""/>
    <property name="sun.management.compiler" value="HotSpot 64-Bit Tiered Compilers"/>
    <property name="java.runtime.version" value="11.0.12+7-LTS"/>
    <property name="user.name" value="User"/>
    <property name="path.separator" value=";"/>
    <property name="os.version" value="10.0"/>
    <property name="java.runtime.name" value="OpenJDK Runtime Environment"/>
    <property name="file.encoding" value="UTF-8"/>
    <property name="java.vm.name" value="OpenJDK 64-Bit Server VM"/>
    <property name="java.vendor.version" value="Corretto-11.0.12.7.1"/>
    <property name="localRepository" value="C:\Users\User\.m2\repository"/>
    <property name="java.vendor.url.bug" value="https://github.com/corretto/corretto-11/issues/"/>
    <property name="java.io.tmpdir" value="C:\Users\User\AppData\Local\Temp\"/>
    <property name="idea.version" value="2021.2.3"/>
    <property name="java.version" value="11.0.12"/>
    <property name="user.dir" value="C:\Users\User\IdeaProjects\Dz"/>
    <property name="os.arch" value="amd64"/>
    <property name="java.vm.specification.name" value="Java Virtual Machine Specification"/>
    <property name="java.awt.printerjob" value="sun.awt.windows.WPrinterJob"/>
    <property name="sun.os.patch.level" value=""/>
    <property name="java.library.path" value="C:\Users\User\.jdks\corretto-11.0.12\bin;C:\Windows\Sun\Java\bin;C:\Windows\system32;C:\Windows;C:\Program Files\Common Files\Oracle\Java\javapath;C:\ProgramData\Oracle\Java\javapath;C:\Windows\system32;C:\Windows;C:\Windows\System32\Wbem;C:\Windows\System32\WindowsPowerShell\v1.0\;C:\Program Files\NVIDIA Corporation\NVIDIA NvDLISR;C:\Program Files (x86)\NVIDIA Corporation\PhysX\Common;C:\Program Files (x86)\Brackets\command;C:\Program Files\Git\cmd;C:\Users\User\AppData\Local\Microsoft\WindowsApps;D:\Proga\IntelliJ IDEA Community Edition 2021.1\bin;C:\Users\User\AppData\Local\GitHubDesktop\bin;C:\Users\User\AppData\Local\Programs\Fiddler;C:\Program Files\JetBrains\IntelliJ IDEA Community Edition 2021.1\bin;C:\adb;C:\Users\User\AppData\Local\Microsoft\WindowsApps;D:\Proga\IntelliJ IDEA Community Edition 2021.1\bin;;C:\Users\User\AppData\Local\GitHubDesktop\bin;C:\Program Files\JetBrains\IntelliJ IDEA Community Edition 2021.1\bin;;."/>
    <property name="java.vm.info" value="mixed mode"/>
    <property name="java.vendor" value="Amazon.com Inc."/>
    <property name="java.vm.version" value="11.0.12+7-LTS"/>
    <property name="sun.io.unicode.encoding" value="UnicodeLittle"/>
    <property name="java.class.version" value="55.0"/>
  </properties>
  <testcase name="uploadFileTest" classname="HomeWork.ImageTests" time="3.035">
    <system-out><![CDATA[HTTP/1.1 200 OK
Connection: close
Content-Length: 337
Access-Control-Allow-Headers: Authorization, Content-Type, Accept, X-Mashape-Authorization, IMGURPLATFORM, IMGURUIDJAFO, SESSIONCOUNT, IMGURMWBETA, IMGURMWBETAOPTIN
Access-Control-Allow-Methods: GET, PUT, POST, DELETE, OPTIONS
Access-Control-Allow-Origin: *
Access-Control-Expose-Headers: X-RateLimit-ClientLimit, X-RateLimit-ClientRemaining, X-RateLimit-UserLimit, X-RateLimit-UserRemaining, X-RateLimit-UserReset, Geo-City, Geo-Region, Geo-Metro-Code, Geo-Country-Code
Cache-Control: no-store, no-cache, must-revalidate, post-check=0, pre-check=0
Content-Encoding: gzip
Content-Type: application/json
Date: Thu, 09 Dec 2021 13:57:39 GMT
ETag: W/"40dabde332dfa03f358de4a3d934e5878fb556ad"
Expires: Thu, 19 Nov 1981 08:52:00 GMT
Pragma: no-cache
Server: nginx
Set-Cookie: IMGURSESSION=5e83b85647ca651c0049aa65632b7f27; path=/; domain=.imgur.com; secure; HttpOnly
Set-Cookie: _nc=1; path=/; domain=.imgur.com; HttpOnly
Vary: Accept-Encoding
X-origin-ip: 172.16.2.225
X-Post-Rate-Limit-Limit: 1250
X-Post-Rate-Limit-Remaining: 1237
X-Post-Rate-Limit-Reset: 3139
X-RateLimit-ClientLimit: 12500
X-RateLimit-ClientRemaining: 12452
X-RateLimit-UserLimit: 2000
X-RateLimit-UserRemaining: 1980
X-RateLimit-UserReset: 1639061297

{
    "data": {
        "id": "F7yN02s",
        "title": null,
        "description": null,
        "datetime": 1639058259,
        "type": "image/jpeg",
        "animated": false,
        "width": 1560,
        "height": 720,
        "size": 282056,
        "views": 0,
        "bandwidth": 0,
        "vote": null,
        "favorite": false,
        "nsfw": null,
        "section": null,
        "account_url": null,
        "account_id": 145270851,
        "is_ad": false,
        "in_most_viral": false,
        "has_sound": false,
        "tags": [
            
        ],
        "ad_type": 0,
        "ad_url": "",
        "edited": "0",
        "in_gallery": false,
        "deletehash": "MWaOkuRGA9MNhBO",
        "name": "",
        "link": "https://i.imgur.com/F7yN02s.jpg"
    },
    "success": true,
    "status": 200
}
HTTP/1.1 200 OK
Connection: keep-alive
Content-Type: application/json
Access-Control-Expose-Headers: X-RateLimit-ClientLimit, X-RateLimit-ClientRemaining, X-RateLimit-UserLimit, X-RateLimit-UserRemaining, X-RateLimit-UserReset, Geo-City, Geo-Region, Geo-Metro-Code, Geo-Country-Code
X-RateLimit-ClientLimit: 12500
X-RateLimit-ClientRemaining: 12451
X-RateLimit-UserLimit: 2000
X-RateLimit-UserRemaining: 1979
X-RateLimit-UserReset: 1639061297
ETag: W/"4a931e85c4c3e49f1fb921656d64b65510e32928"
Cache-Control: no-store, no-cache, must-revalidate, post-check=0, pre-check=0
Content-Encoding: gzip
Accept-Ranges: bytes
Date: Thu, 09 Dec 2021 13:57:41 GMT
X-Served-By: cache-bma1662-BMA
X-Cache: MISS
X-Cache-Hits: 0
X-Timer: S1639058261.503050,VS0,VE748
Vary: Accept-Encoding
access-control-allow-methods: GET, PUT, POST, PATCH, DELETE, OPTIONS
Server: cat factory 1.0
Access-Control-Allow-Origin: *
Access-Control-Allow-Credentials: true
X-Frame-Options: DENY
Access-Control-Allow-Headers: Authorization, Content-Type, Accept, X-Mashape-Authorization, IMGURPLATFORM, IMGURUIDJAFO, sessionCount, IMGURMWBETA, IMGURMWBETAOPTIN, X-expSNKPK127, X-Imgur-Defender-Bypass
transfer-encoding: chunked

{
    "data": true,
    "success": true,
    "status": 200
}
]]></system-out>
  </testcase>
  <testcase name="uploadFileTest2" classname="HomeWork.ImageTests" time="1.166">
    <failure type="java.lang.AssertionError"><![CDATA[java.lang.AssertionError: 
2 expectations failed.
JSON path success doesn't match.
Expected: is <true>
  Actual: <false>

JSON path data.id doesn't match.
Expected: is not null
  Actual: null

	at HomeWork.ImageTests.uploadFileTest2(ImageTests.java:56)
]]></failure>
    <system-out><![CDATA[Request method:	POST
Request URI:	https://api.imgur.com/3/image
Proxy:			<none>
Request params:	<none>
Query params:	<none>
Form params:	<none>
Path params:	<none>
Headers:		Authorization=1
				Accept=*/*
				Content-Type=multipart/form-data
Cookies:		<none>
Multiparts:		------------
				Content-Disposition: form-data; name = image; filename = file
				Content-Type: text/plain

				/9j/4AAQSkZJRgABAQAAAQABAAD/2wBDAAEBAQEBAQEBAQEBAQECAgMCAgICAgQDAwIDBQQFBQUEBAQFBgcGBQUHBgQEBgkGBwgICAgIBQYJCgkICgcICAj/2wBDAQEBAQICAgQCAgQIBQQFCAgICAgICAgICAgICAgICAgICAgICAgICAgICAgICAgICAgICAgICAgICAgICAgICAj/wAARCALQBhgDASIAAhEBAxEB/8QAHwAAAQUBAQEBAQEAAAAAAAAAAAECAwQFBgcICQoL/8QAtRAAAgEDAwIEAwUFBAQAAAF9AQIDAAQRBRIhMUEGE1FhByJxFDKBkaEII0KxwRVS0fAkM2JyggkKFhcYGRolJicoKSo0NTY3ODk6Q0RFRkdISUpTVFVWV1hZWmNkZWZnaGlqc3R1dnd4eXqDhIWGh4iJipKTlJWWl5iZmqKjpKWmp6ipqrKztLW2t7i5usLDxMXGx8jJytLT1NXW19jZ2uHi4+Tl5ufo6erx8vP09fb3+Pn6/8QAHwEAAwEBAQEBAQEBAQAAAAAAAAECAwQFBgcICQoL/8QAtREAAgECBAQDBAcFBAQAAQJ3AAECAxEEBSExBhJBUQdhcRMiMoEIFEKRobHBCSMzUvAVYnLRChYkNOEl8RcYGRomJygpKjU2Nzg5OkNERUZHSElKU1RVVldYWVpjZGVmZ2hpanN0dXZ3eHl6goOEhYaHiImKkpOUlZaXmJmaoqOkpaanqKmqsrO0tba3uLm6wsPExcbHyMnK0tPU1dbX2Nna4uPk5ebn6Onq8vP09fb3+Pn6/9oADAMBAAIRAxEAPwD+I69+FepWUqK+owGI/wAW4Vpx/B++kRXj1W0OefvivNV8VaoThrqZweoL9fzpF8R3aDiS5jb1WUgflivAVHEtWc0n6H2ixeXJ/wANtep6b/wpzVcgR6lasfUOOKup8DfELoHF5Aw9nFeWx+K9RUZM9yfpMR/SrkPjrWID+7vL0L6ef/8AWrKrhsX9movuH9cy1/8ALqS+Z2upfBrxTp8YlHlyqe+8GoYfg94uuIkmg+zyKRkYxn+dYC/EjxCF2G8vSnTBnJH8qanxG16B99tdXdu3X5JiAfqMYqHRx1tZxv6Mz9vl3Nfllb1Ogf4N+NkGfsat9P8A9dQH4TeNU66dJ+C//XqKD4teJgGE+oXgx0Kvn+eKvD4wa+p41PUD9UH+NQqWY94/iaKplnaX4GZP8MfGkMbS/wBlXLKBknaRgVWt/h94xuF3Q6RNIB1wDx+ldPF8bfEUQwL26YdCDGpB/WnQ/GvW7WRpbSaa1lPLbUBDH1xmof8AaCW0WVTjljteUkcs/wAPfGaddFuz/wAAP+FVG8FeLU4bRrwH/cP+FepQftA+JGAFxJa46ZMX645q4v7QGqj7z2L/AFhb/Cs1PMusI/edX1fKXtUl9x4xL4W8Tw4L6Pe/gh4qgumawztGNPumcdQFOa99X9oO7UHdBp7/APbJv8KzJfjTavcLdxWVlDP3HlMVb8MVUK2O+1SX3mNTCZb9is/uPHBo+vbsLpd8T/uGrMfh7xNIcLo2otn0jr6Fs/2hI4kQTaFoRyB86hf1HUVfP7QxIHlWWixcdiornniMyvZUV951U8vyu13Xf3Hzq/hTxUkTTSaPqCIO5U1etvA3jK6iSW30W7lU9PlP+Fez3v7Q886S2s0OmGI8ELGSD+IFZEHx+1exUx2N3bC37RtCePocUlUzJx/hxT9Q+q5TGX8WTXocFH8MfH8wGzQboZ9j/hV+2+DfxHuXIXRJ1ABPQk12b/tC+IXHF/HGcdPLb/CqUn7QPimFlaDVJZGP/POP7v54rNxzW3wwXzNY08lX25v7jC0/4LeP9Smmt4bFo5U4YMMY/X2ro4v2bviY4G6CCEY/i7frWLN8cvE09wbgX1/bXHeSJQpP1GeaV/jp4xkI8zWdSYeoABP61FSlmz1jKCHSqZLH4lN/M6iD9mT4hsy+bcWSL3+YZ/nVe+/Z38WadeWdrc3tpEkxxuMigA1yU/xn8TlCU1bVpZOwZgoP45P8qzJvi14nuUaG4ur2eE9VackfyrNYTNr+9Uj9xc8Xklvdpyv6ns8f7L2vtgy69p8QPTMimtWD9lecqDc+MdPiPfDivnI/EXxAu0R3uopF02G5JGPbjikPxB1l1JFxe+Z0BNwSM/TFYTyrNH/zEJf9umsM1yVb4dv/ALePpW9/ZisrWzeZPF+nTTqMld+Sw+g70aN+z14OvrZZLzxvaW04ADoX5B/OvmBvG3iGQ/Nebm68s3H/AI9VKbxRqkzkySI0hH3ssD+eahZPmPLaWI19DR59lKlzRw2nZtn2P/wz18L4j/pHjuA464f/AOvVmH4I/Bm2IEvjKORV65IJr4yj8T6mFCNJG49SW/xqM69qjMWW7KgnoAMD6ZrP/V/HP4sVL7kbLifLUvdwkfvZ9hT/AAt+DGnapbyv4ke60xh+8CBTtP0HOOtdQngX9myKPzG1Vrhe+CP5V8L/ANt6iMH7UxH+4v8AhVn+2dQc+YJxkjnCL/hXRHhuvNJTxM9OxxT4qwsJc0MLH5n2+ND/AGbLPcI/tBz1KnGaparbfs8tZGOwhuBdKcqWPDfWviWTUL13Lm6mVjxgHAH0AphvLscm8ugP+uh/xpLhNppvETfzH/rpFq0cPBL0PtjTvEnwEsbeKO/8NStddCzHIc+1bC+O/gbBxB4MWQe69a+Dje3LgB7u5ZfQuf8AGoixLM8jFsnJJ6/WirwfRk7upP8A8CZdPjqso2hSgv8At1H3uPij8IoQ4i8B2zKQQcpzXPWfxV8FaHPK1j4ItL2wc7tjRANGe/1618WmQcdTT0dcnrRDhHDJNNyfzZE+PcW2moxTXkj7m/4aH8IIWFt4O0aIf7YQYr2D4B/tL6WnxX8I6KuhWVlaavcpo8rWgjZyZ2CR9SMKJfJZiOdqnAPQ/l9vHoau6dqV9pV9Zarpd7d6bqVtKk9vcW8jRywSqQyujqQVYEAggggisY8HYJXsnf1ZvQ8QsepJyatfsj+mn4h+H08UeANe0h1DyLGxUEe1fgj4w0ybQ/El/bSIUZJT27g1++vwz8Zaf8S/A/hfxnYraR2et6ZFdtBBcidbWVkHmQGQABmjffG3AIZCCAQQPyE/a48Hy+GfG95PHEVieQsD0HWvwzw7m8BnOJyuWzd0fsniXTWLy2hmVPXTU8ctJEmhjfIdSOo5rZtWt41LFlzXH6Ld+dbxZGRgc1t8dPXiv1yvSd2mfkuHrJxUkdM0u6PIxg8ClQ8Kaz7ZgU2hsgirsZ2kKTgelc3LbQ2nO6uPnOUBUc1g3se5CTwa6NgrqcVj3EZ2OpBruwUrHJiI3Vzhb5MbjjB3fnXLX8O5W7122pRggkdetcncIQTx6jpX1uCk9D53GwumjmfD05stWiByBur610Vkl8iRwGjdcED06Gvj+UG31KOQYA3V9ReFrxZ9MtnzllwOtfRTjz09D5ig+WpY43xvYm21Fn2bWJIbHYivPJYcDpk969z8e6cZoEu4wcsA+Aeuep/PNeNspRgCvzfWvbw1pU0zgxEXGo4mOISSy43VvaV4Z/tiF5TdRQKHKYY4zwDn9areUA7ccVIiyJzHIyHuQa3nTOZzSep0kXgNhtC3sBX2I4rtPDvhOTTJxL/aFuMnJwRXlcN/eIxQyMcH1P8AjWpHe3ZJPmSDj1p4aM4zUobnJiZUqlNwktGffXw412a0eKP+0oztI43V96/D3U57oW5a6Emcd81+J3g3Vrm3vQTM3LgZya/Tz4HX1zcGyzI5Jx0Jr+m/CniHE1KsaUmfxl48cIYKlRlWhHU/SXRomlVR5gP413umaHLO6FWA5ry/w6ZBChIyfU17DoN6VwCQDX9lZfDnS5j/ADdz2r7NvkR6Dpfg1diySzKW64zXYWegLE6iMqfWqOiz+ag5GcdPau90+DcRldua+to4FNXifjmaZzJTakMsdFLEDIrr7TQhgbQv1NPtLUAqAQa62zttygAZHevQjgVFXkfF47N2ncq2WhRkHcBz14qKfwpAJS3yDPNdraWzD2NS6haERB1GMelc85RcuU82jnklUVmcraeGIY13AKDjqa1rbR4ycfKT70RSy8gsV9arNPLCWYO2OuKbp2vY9OjiKlSTTZLqukKsRaOVM9OtciuhvcF2aRAR0x1NTXA1K6uGw0mw/wB010mkeH7qQjzC4H1r53GSnUlZbI+zwNelhqV6j1PB/iF4DudRtjJBGrKwKsQelfI/iH4PSos8rNGZc7gxPSv1C1e1NtbT2oj83KkZ618Q/EPw/wCInv7nynmjiJJGCeBX5Lxzk11zxV2f0N4P8bxU1RnLlivM+FPE3hK/sJMQmNpQfXrXffDKHW7OWIkRgZ55rjfiZo3irSXknWe6aPOQ248V5Z4Z8deJdMuQkt5dLhsMC/8A9av5xeOxOEx15Rsj+/6eXZVmmUXpu7Z+x3w01nUYLmz807VGM819j6LrMs7p824HrX4reC/i9q8JhaTUJxjHRs5r7T+GfxYv9RubaOS8ndGIr+i+EuMVWgqNRbn8DeLXhJThKWIhskfozbsxVNwIB75r0Xw+0SQMrEq2enpXg2i65JPZwPuLqR3r07R7uVrdXRiDX1mbYN8h/DPEeWqKcex6pGUYABx9a3LfBQKCpI/WvMotSu1Kj5T/AFrXtNfkjYB8Z9wK+PxGX1Oh+f4nK5NWR6AqkHORUmCegJrAi16N9u4KM+1akF/DOwWNgGIzivHqYecdWjy5YSUFqjQUnHIOadUW8+gqQTKo5IA96535FUpK5XubUToRtyfXHWufSzkgkcLE2M8cdq6MajEH2LycVBPqyI64VCMYJ9K3pSqLRI+iwEWlZs8Q+IK3TrKqRyMduOnTivh3x3peqz3Eix2k7g5IAWvtj4j+MxYzSqBFjB5INfPfhj4r6Bp/jazufEgtG0mPJcOhIz2yMHNfqOVyq08A5OPT7z+y/BbKI8sJN22PjaHw3qg1CUTWNyvbkVuv4I1iWLdHp9w4I4+U19QfGX4reEfEPim3m8HQ6RHZPGDM8NttXd+X+Feap4y1KDPleW0fT/VgZ/rXq5HQeIw6nONm+j6H9RYzGwpVFG+h4LceBNe3MP7MnHuaqf8ACB6/2098e9eyar411MSM3IzyP3YrnJPHOqcZkfr/AM81rHFZOos9bDZtBx3POZfh9r7BsacwJrhNZ+Huvw7y9kxXrkdq9zl8banjInkVh0+ReD+dclrHjXWZFZZL67ZfTA5/WvAzHKrxPfy3NYJngF18N9cuI/MSNMckA8Vxtx8MteDnMManOPvV67feKdZSWfybidBnI+fH8q891Hxdrayvuu7knP8Az0r8tzvKEndH6VlGZwasc23wz1ojlYfqTVc/DDWnygNtu9Aea0JvF2ryLk3N0R7y/wD1qyZ/FWpPuzPc5PfzD/hXytXL7H0VLMIX2Gz/AAu1uKNnJjPGenWqtp8Ob65BBuIFkB+6e1Qt4lvwWDS3HP8A01P+FZkmtXzSM6yyJnnhjmuWeBS1Z6Cx8OiN2T4V3hzuvIQM88VSf4WOMiTUIx+FZEuuageDMSPq3+NZ8ut3gGC5J+pP9a4qmG6I6qeNi+hu/wDCrk3FW1OFfqcYqtP8L4ACV1a23e7r/jXL3Gs3bAguAO2Cf8azX1a5xklSf+Bf41wVsMj0aWJj2N5fAll5jQz6lGpHQ7l5/Wpv+Fd6MGGdYiIB6b1/xrhLi+uXZy8hGT2FQx3t0TgTPjPoOa4p4ZXsd0MXCKvY9PHgTQvLG/VoiB33L/jUA8DeFVOJ9WQDnJLg4+oGa4s3V0qj962Meg/wqjPd3Jz85z/ujit/qVkcyzGLex28/g/wMgOdUiY/U1ymo+GfCcDq8Wo+ag6jP/1qwJbi5bjzMeuFFc/fXEylo1ml9vm6Vx16CsdVLGq9rHdx6Z4BZA0ruX789KpXOl+AicxmQkDvmvNHlmUEiZwB0+Y81QmnnCnE0uT7nmvNlhE9T04Y7yPRPsXgLJDROw9s/lUElv4DUnEEjD029f1rzcTTjpPKSP8AaNRtNOzACaVu/DHms/qSRs8xZ6JNH4LKh4NOk3juRxUP27waFMbaYDIOM7Sc1wmwImBjd3NZU4D7iGHX0rqpYSKV2iaeYtO7PSG1DwoCdmk59BsqCTWPDSNtGiqx+mK8sY4B9aqsMKSWNKGDjKWx1/2nO1rnqEviLw/HnZ4eQt2BUdK5rUfFPh+eL5dHtIn7YIrgbgHkjJHWufu5Ad2TWlTDRitjWjjpvZnbJ41sYMo2l2jKDxyPyqvc/ESzUBY9JsEU9QSteW3W05YEe4rAnLMTkmvHlWcZWhoenSrub957Hq83xEQn93pumjt1WoG+IksKM/2HTFx7g5ryeOM8nIOOuR1qpdS7RtHFKeImo7m/t23ZHdan8TJZomi+yWYX/cORXAn4g31u7mOK3Eec4IauUvpiCcfMCa5y5kJJxnNeJiMZJ9T0aMmejN8U9ZiP7hrWMdx5ZP8AMVmT/FbxC7Z+1woB6If8K8zklbcx5GOKzp5SFZgSorm+s1L3uehzJ6M9Jn+KfiPDt/aKj2CnmsS4+KXiKVXV7uTBGCdo/wAa8+mlYADt3rPldgGOBiuetjp7XOmEI3Nm48ea7FO80VxKGJ5OAM/rVW4+JWutv3XtyoHog5/WuWu2JB9c/lXIX0zhnC8Y615dfFzprc9KlaR3Nx8TdZ2ssd/eo59FA/rXK6j8RNfuVZG1O9xjgZx/WuPncnvznmsy4duSDz0rwsRmFWV1c9SnSildmhceJ9WkJ825uHzxy9Ylxq955gcSzf8AfdV5SSMDOe2az5SWOCe1ea6snudRbfW71/8AlpOD/v1XfVbvGGnnOf8AbrLbjoxI+tQOSMYJFQVWmzQm1W88t8SSk+7ZqrDeXU28NK5UcdTzVGRsA5yTVuxX9yGI25yfWqhG7sYxk29SwkZOc9+9aEMIU9qgQYIAB4q6A25cc1u12NC9bIHdVGMk4Fe9+ErQQxQHBAQeYTjOMc8/oPxrx3Q9O8+dCzcEjivetMtxa6bczrvXCiME9Dnkj68D864sdO1Nrvoejgo3mm+hg69diKxv7ljknODXy1es1xeuScgtXvnj68NnpJiGNzdcHrXgWn7pZXlPPPFdmX0tkcuJq3uzrbBAgQYAGK6uzES7WI3Oelc5aqdo+XngfWujs4+UXrX3GDhsjwsRLS50cBIbbwSa6O0QqFGOPpWDbICwzgc11tquEwBzX2OBpHhYmdixuYtgcDoar3pG09VPc1aMRDE45rN1CXaJADk/yr23pE86luc/K4dxyNtcv4hl8q2kIIJPFdJJGxCkDJ+tcNrrvd3ltYx/MzOARn3rxsTU9192enRV5H2D+xp4GOqeIk1SaLdHGdwOK+rf2q/ivY/DHwhHIUtLy+v7ldPgtjcrG7RBS0sgQ8ugCpG3QDzlyeQDd/ZY8Jx+GPAb6rNHsldMA4wa/PP9vHxq+u/FLSPC9vqX2qz0fTVaa38nb9mvJ28x/nKgtuiW0PBKjtg7q/SM9xH9lZDSow0nOzPByej9azCpXl8MFZerOXHxu0K+vIb7VfDmjv5eCkKbMficV0ifHXwbcvhvBGkSMTwqKp/lXxHuPPPWmCVhj5TjOK/K4cW4mGlz6qeV030Puv8A4W38OHDPe+BLRRjkiMVj6l48+FusLCkfg6Cxg3ZeQJgsPQDNfGIc556UFyWySSPSh8W1pK0or7gWXQj3PudPFnwHa3ihk8JkFRjdtOT79aX+2f2fJ/8AWaFND9M18MxzzROWjlkiYjGVODipDe3p+9dXLf8AbQ1X+tkutOP3Gay9fzM+1r3/AIZ9lilS1s7pp2BChWPB9z2puk+Ef2evsarqF3L9pbqQc7fbOK+LFvbtRtF1dBSckCQ806LUb6JxIt1cFvQtuB/A8VMOJYSd5Uov5GiwPaTPt8fDr9nS4J8rWpIj2Bxx+lI3wk+A02fL8WGEf8BGPzr4o/tnU/8An6P/AHwv+FRNqmos29rok4xyikflinLiHDtfwUN4Oafxs+tf+FM/C/UNV8uw8XeTpq/emZsDPoOf5VvSfs7fDeUj7N49iUdt0nX9a+MhrWqgBRfSqPYKMfpV0eJ9TjQDdGxAxuOcn3ODiphnGDtrRQ5YWpfSR9aSfsz+F3Ja28e2Dr2DP/8AXrkdb/Z0traW1ttN8XWN1cyNjYj5O09z1r5zfxVrTAKlwyL/ALJYZ/8AHqtW/i7W4FIhmWInjILZP/j2azqZngZaKlY0p4eqt5H0e37K9+FBi8Yae7EdC68VE/7K/iZT+68Q6fN9JBXgUHj/AF2Ph7m6ds8bJiv881bb4meJYxiG91CM+9wT/Sp+t5e18D+9i9nWvuep6v8As4eM9KtZbltRsWUcgCQEkfSqEH7N3xJu7NLyJ7Pa3Rdwyf1rzn/haHiXckkl5fTSryC85IU+wxxWrF8a/GabUbVNQWMDGRNnH0GBXJKtgXK7uv69TaMKh0Mv7PPxOhJH2WOT02nP9az5fgf8SLZS8umSFBz0/wDr1Anxu8XIcrq2pk+5H+NPb45+MZVEc+r6oYuhjXAB+pzmobwX2WzSKlfUx7X4WfEO8SSSDQppVU7TtJ6/lTZvhf8AEOLh/Dt8PoprqrT9oDxRp8Yhtp7mKLrhUXn681ux/tH+J4x/yFI3+sbc/pRGOEe83cS573SPKz8PPHgO06BfhvQof8KifwH43jmSBtDvvNboAp/wr1eb9pnxcY2WCe2zjAJhyx+meK51fj54oW4e9aVpLpuPMaNcj6AECsqqwy+GbZpC73RjJ8H/AImygFPDtyoIzzkf0q7H8DfibNj/AIlE6tgZBHT8c1pv+0X47dcf2rdJ9FA/TNU3/aA8cvjOuaiPoB/jWHPh+rZSSROn7PnxOlx/xLyp9x/9eqdz8CPiDaTx20scSzvwF/yaz7n45/ECfKLr1+qHrhsE/wA6zF+Lfi2OQyrf3fn4x5hly354qpSwe2pHv9j0hf2ZviOqq80toqEdAwyP1py/s2eNj9+7tEHvKOP0rzSb4seLp8ibV9Sb/tuf8Kzn+I/iV1OdSvy3YmY8Gr+sYNdGx0+Z7nsI/Zs8UAZl1iwjHX/WDism8+A+p288Nqmv2U9yx5VXBwPfFeRy+OfE04KS6rdFT1AdgD+tV18W62iFVvHRe+Cwz9eazeMwr0UPxFKlJdT6Hj/ZzMccZvfFOnJIVyQZMEVKP2fdJQHzfGWmL/21H+NfOB8UauwBa7kLe7N/jUMmv6lKoH2uSM+xPP55qnmGGWkaf4iVOXc+lP8AhRPhdThvG+nn1xIKw9R+D2gJMlvp3i2yunP3irAhPqelfPj6peuwLXcsmD0PT8qmXWb9AFF5KFHYYArF46k9FBf18ylTfc+ll+CPhRY0MvjKzEmOQGzRXzQ2sX5y32uXPYCito5hRS1p/iS6UnszlRHnPU0/ycds/jVoLkcEZ9KUJwOc8V+PuTZ9dbuVDB1Ip3ley1dwB0AFLSLjFNalURHuDml8k+9WakCA9Tn6VMpWK5EUxAT60vkY6irwAHQUtRzsORGcYTxgYpRDxz1q/gegp4TPIxRzsaViiIWzwAPwpBBk4IGfatER+ppwRR71DqeYcqRSFtj+Gl+ygnAUZ9KvgZ7gVIEHBBNZ+1ZajczhaHP3T9BSfZC2Dg1q0uDjOOKSqMr2SvcyTakfwkCnfZunylfrWr5Zx985Ip6oM44Jo9q7AqZkCDnsBT/IGAdxwa1iowfuirek6NrHiHUbbSNDtGvL6U8DOFVe7MewHrWcq6SvJ2SLjSbdkrs58QDuT0p4t+wU5+legXHgPXLXSda8Q3EttF4esX8lrtiQk8v92P8AvfWuFsL2G+hWaJmUEkEHGQR61nSxMaicoO6RdXDSptKas2RG1JP3Tj6dacLPPRWzWqEA681IEAHBUU3VYlRMc2uOCozSG24OEGfpWxTtpxnK/nS52X7JWsYottwOUX3py2+DwAPetZVLMq43McAADkn0qz9jux961uR/wA0udhGgnqjFNtu5wCfak+zHgYbjpk8CttbW7yf9GuGA9ENWE0u/kAkWzk2HsTj+dKVa25osM5bI5/yJMAYz+FWIYG5UkDPIx3roV0fU8ALZOfxH+NSw6Jq5kGbUwqBnLHg+3GaFiUtbjlgJvTlZhfY324+Y/WovJbBzuz713K+G9VcDbHGSef4v8Kd/wiGuM3y26HIz1P8AhTq42C3kjOlldaW0WcOLb0GM077MQcFc/WvRE8Das3KJPk9MQk4/WrEfw719+VS5PPTyT/jXG81oLeaPQhkGKe1Nnmxt2I5A/wAKVLVsjj8a9et/hdrzx5e2vZGJ4KptwPoc1pRfCLXpP+XLUh9AP8K53neGX20dMeFsZJaU2eLC3bJG3n6UqW5PAyK94g+C/iN3DCw1B1HZu/5AVtQ/ArxJJgnTZR653dKwln+Fjq5o2hwjjZL+Gz9E/wDgnR46m1v4X6/4Fu5Lya48OakJLcmKNY4rO63usasvzMwmju3JYcCRQCRwuz+3L4FW/wBHg8QRQhhs+YgdDXiX7G/hrxL8MfirJBeQXMOga1ZSWE6vdNHDHMp8yGRozlZHyjRKDgjz2weSG/R340+F4/GPw11W2MYeWOJiPbiv5z48xVPCZ/QzSg7xnoz+iOFcvrYrh6pgMQvfgna/lsfz++HXjiLW4Y5Un8a61wXzg4rj9QsZNC8VX9hIGjKysOfrXXocqp9q/bsRaVqi2aPwrC3jem+jLVtvj3KeMDAwetailnVSpOaowEcKR2rSjUqisgyOuDXHUkdUHpqWogQp3His+5ljXcG57g1alnIQAE9Ky3iNyQcnB9a0wr1uwrOy0MG6XeXYA7feuTuEG4gjgHrXd6hGkWVjIKY556Vxd3hmI4UEV9Zgp3SZ4WMhbQ4jV4SrrIoB57V7T8PrwT2ZhByQOK8pv4i8JzyR7V1Xw4vWivPILAdsV9bgndJHx2JjyzPfdcg+1aMJlDM4UqT2GOR/M14PNGokbKgEHPSvoZAJdOvIGVjgbgB+XP4E14Lqcfk308eMDJr1cHK0XDszlx0feUl1RQKDd90e9K0a4DIMZpyNwc5zjFDggY9Oa9FeZ5FRFNoiJFwAAcda0IVzxwDioW6qferUADEY4OK1ovU86szc0eVoLqAKTkuBX6q/s5lJBYb3XtxmvymsPkuYXIwFcGvt74Q/EODRGtleYIQBxnrX7B4YZpDC4xTqPQ/CPGzI6uNy5woK7P2a0Z0W3jy6n1wa6+xvTHIMHBr4l8LfFmC7jhRbjJ/3q9z0PxcLwRsJQOnU1/aeX8UYetFOmz/M3iHgXF4eT9rE+x/DWqHMZ3YBxXr2nX+XQ56nA5618qeFNZD+WC/617rpF3LJ5bK+RgdOtfouWZlzwTR/PHFOS+zqNtWPetNl3lRkba7/AE9oVX5yM9a8Ytr5oEjJIBrpbfXAqqDIOlfSSqRnCzdj8qzHK5zfunraXajheBTJ7lXUgnORXAW2trKBl+Ac5zWkNRE+NjFsHHSuKVCMfevoebRymaeqNJYneYFcbCP8/wBa1RojzhNueR3FGkRSTSosqgHHAPavWNN0cfZhPIAsY/WvOzHMFTVjTE5m6DVtzhLfQ47aNGdMt3rq7GwUICFC8fnWnMYSQEVQAa1dPtRICQB1rwMRjnyamWIzKco88jmb/R4p4ifLBY8jivF/FPhOKV3LRAr9K+mrm0KAggDiuE8QacskLuF3AAlvYV58+WvBxkfRcLZ9Uo1VZnwX8RfhrZarp86fZ1JIIPHQ1+a/j/4dXfh69m227iMMcHHav2n122CsV8vzMnBGOteJeOvhdaa9ZS7rTJccZXn6V+U8V8HwxMXKmveR/bPhP4rVcvnGnXlenI/IzSdXazlWByyEHHJr7E+EHidbea0cvgAjk1438T/ghqWi6x9osEuISBllIO1xUngiW70qSOO6jdJFOMev0r8syJ4jA4vlqK1j+puLaOBzfLfa4Z35kfsJ4N8cxPY26NKMY6E19D+G/FMckSKHUg+/FflV4T+IENqsEMsm08YycGvrLwT46t5UiZZeeO/Sv6ZynNqWNpqnN6n+dXiB4YzpOUlDS59xwatHJgqQfUg1opJE4DMWU+pFeIeHvEKXrqYS8pz2r2DTZvNjxIrZxzkVnj8B7LY/n/GcMTg+VKxqfaYB8qysT9as2Gr/AGO4EjSsAOetc3K8CXkcO0iQ8AgVi6xq9rBDMskmxs8H0rlp4FVPc7nP/qxP4JJ2Z7zB4js5kBBANYupa55jt5TEIPSvCrLxJEigLdjj1Nao8QRPFua4jPH97rXMuGvZzukedDg72M+ax6Z/bYiAZnY1WufEaYLNJkV4/q3iqG2jYhgQPfrXmuo/E2wi8xXZsgHoa9Shw3e0pKx9nk/BFWu04QuX/idq6zy3Mvmdcjivj7ULhbi7uADkZ656V2nir4naTqjT2sMzeauRgkV5Xp1x9pvJGGSGJ565r6N1IWhRpu6R/YHh/wAOVMFhv3sbadTqtJtNzqwUEZr0SCyDQJwQxFYOi2pBAAOM8ivRrS0JTBAzjkV9ll2FjTp8zR6eb460jz3VdLBj3hcnvXFT2SqclCMGvdrvTlaFsjnrj1rgL2wAdgUUZ9q0xWBjVXNE6MszVWszzuW1AUkgCuZ1W0VhkDIPevS5rUc4UfgK5nUrXMbcAkdq+exmWXjsfWYLH2kmeJ6hZjMh24P8q831e1XceAea9x1Czy0jAfLjn0NeZ6za7dx29Djmvy3iDLNLn6bkWYX0PN3txhlI7elYs0Cqx4Oc+ldjNHkkYP5Vz9zEyyEAH6V+eYvB26H22GxNzn5IBkkHrzVdo+eBn+lbEkZP3YnYdyOcVVaJ8MNsox7GvJlQPWpVbowp4yT/APWrPmj64FdDLATk7H6ehrMlhcZwrYHsa8+tRR6NGrY5+SPkkiqskSgHIyPpW49vIwBVCF9hVV7aU87Grzp0utj0YYnsc5NHkEYNTWNoZJAxUkDn61ovZSyEAIcelb+naTOIi/lYB457Vnh8JzTuwxOMcIamJNAB2xWZNAOcDBrtpdOlHYD61lS6bMWY7FxXXWwvZHDRxfVnHSwBEY46DrXJ3MRkkYAEHOfwr0LU7KZYtgXk9a5c6ZM+4lcD25rza2Gd7Hs4Ko2uZnGSOhIVY5CPaq8kIkUfKQO3tXpNpocTaPb3rx7ZUm8uQde+P6Go9c8Pm21KSK3U+WUVxgetc/1PW7R0rFu/unE6T4b1fXrxNO0bT7jUb5wSscS5Y4Gf6VDd6Fd6Tdz2WowPb3kZw8TcFD6H3r1DwdqWt+DtYi1nS0U3CqUIdOGBql4mk1XxLq95reqRqLychn8tNq+gwOawp4OrKtZpch1LFR5P7x5fLbYUk8gjgVkSWuM85JrvZ9GuAP8AVyEfSqD6HckcRS5b9K2rYa2iLp1Ha5wsloGORnHesy4t2VtvGB3r01PDF5IMrDJ6ciqtx4RuyMm1PvyeKunhOWN2XTxEm7Hkt0oUEfLiuYvFGCcZ9eetew3Xg+8YFlt2z7k1z0/gi7kYhbdj26mvLxcGtj3cLF2uePXAHIHJ7e9ZxtAxAx83f3r2Vfh9ciQgW5BHXOSKlfwHcxKc2yA/7teXDBt6s9O7S0PEZo1hAXGAOvFcpqLgAn5QTwRX0Bc+AbmQHMKDP+z0rkr34e3DsU8uNieMba5sXgptXSOvCX3kfPtxIMnnIrFmVVLAkleua+hn+G2oBSFhkCjphTWe/wANb4kh4Ziv+6a8J5bVZ7lKaPnadYiCuDg8ViTvGCFGW549zX0Zd/D28QMvlTA9vkPFZA+HFzKWUxyA9eVxn86iWWVDshNN3PnuQNk/u5PTkHmqUyOFx5btntivo4/C2Zx8wPuCwGKrS/CubGAo9c7hXH/Y9Vu51xrRvY+ZJ4mG7EUh444NcnfafcyyO0cEgz1zx/OvrmT4XTjPyr/30P8AGqz/AAoYx75GjX2J/ngU6vD86iszWli1F3PjG5064jwDGV98isS4hkAbgfnX2he/CWE/eeMoeh54/SuH1n4V2ttE8odAo54Br57F8NVYXaWh7lDFxkj5UkicAEg9fas6dGDAkEZFey3/AIZ0+CR0Zp8j+6o5/Wsf/hHrORlBjmx67h/hXzFTDtOx68abtc8laNhgEdageHjIUqevSvY5PC+nIoZhITjpkD+lVv7B0xOfJc/V+v6VLo8rsypU3c8ZeIkN8uTVyyPOzaRgYAr1KXSdOAIjtcEHqzZz+lYOp2lpbwEx24VyQFI7f55ojGz0MlSa3MRFJO6rcaj+LvUEOcHPSrKqWOB1ronsD8juvCts0l1G2Dt717fKEh0uwt1V1eRjK+e3OBj2wB+deX+DrdpFREBaV2CqM4ySfX8a9L1B0iklCkmKJNiknnAGP6V5GM96pGPzO+lLlpyl8j5++J2oK9wLbcoA4OK4HS4ESNGA5q14vuzf61KqkkF6ns4dqRqBtr6LLKN3c8qtsa9shYKPxrprKMgLxhj+lY9nHyOODgCuttIQNrYOfQ19rgqR5GJmatjbM7Bj2rp4ykEeWA3elY0D/Z4twHJ9R0q3DG90RvPlp1znrX1eHairLc8Wtq7suG8DZRFJcjHNZlydilWO5j39Kv3Lw26hLfDYHzNjk1zk1y7sRzmu2rPTU5acVzaDLiRVgY/JxnmsbwFokvijx7YWqx+aglXPGR1p2rTm3tXZmIJ/IV9Ifse+CW13xZ/as0RMaNvJIpZRgni8fSoeepeLxKo0J1PI/SS3hsPCHgWwtLq6ttMsYoPNuJpnWOOCNVyzux4VQASSeABX89vj/wAQX3jzxr4o8Y3guYptSvpbpYpZzObeNmOyESEDKxptjHAACgAAACv3L/aRn1O48CeIfD+hmZb29hGmqyIrKsb/AOtDbugaISJkDILAjHUflZJ+z3rYAYWbuvUfO3+Ne94hwq4vF+ypRvCCsPhqnHD4OLm/en7z/Q+VzZuM4OaT7IwxnJ59K+nZPgHrcZIGmyN6fM3+NZ9z8CfEJwY7C6jIPITv+ea/O5cP11q4M9xYmLW588CyJUnGcelKbNgB8hJ9q90k+CniKPG6z1LPXoP8KqS/CTxBGrAWmoo3QZUHB+mOayWT1FvBj9ulszxT7KxxiMr+FIbRucqcew6V6y/wy8SJ/rIrofWE/wCNVH+H2vJ96O4+nknn9al5XPrFjVW/U8xFixOPmx+VBsj1AZR716HL4I8QxnCQEpjkspU/1qpJ4S11c7reMfn/AIVP1F9UyudnDfY2ADHOKX7JgKNrHiu0fw5q8KndbBiOyk/1AFUX0bVVOHs5F+pH+NZ/VLdCueWxzAtc9FIPvR9jYnhWxXTDSNSA/wCPNvxIqs1pdpJsa2uFIOCAhxTeEQlJowzZMcYDD+tAszjnk/Wt8W1wOPs84+qmiS38oBpUZF/2hgGhYSO4OqzB+x+360G077fyNbBNvg8r+BqhdXNtbxzSPIoRVLN3wPwqalGnFXYKUr6FJrYDKgHNNFt/vA89q7T4U+ENQ+Lq6vpnh68t4PFlvG9zb2Dn/j7jUZKr0y2P/wBXIrT1/wCHOvaHo1r4pjjnutDeQ21zuQq+n3A6xyjt7GuGlKM4qcV7r6m0lJOzeqPMmtWY8Jx2o+yNn/VDP0rW/dno/NOwgAyQfet/qsXsTGs9jHFkSSSAO3Wl+wgZOFrYwnt+dL8n+zWn1SI3NmObIDoo60hs1BzhAcc1rfuhgFuT05qFjECeQaylhokqpdWMs2g64AH1qI2gyRgr/WtMlcnDAikJU9SprCWHiOE2ZhtfQtx1pDahuua1Pk/2aPk/2al0I7MvnZk/Zm9efpTvsueTV8mPIwwAp2YvUVEaCDnZnfZBSfZD6CtEtD/fA/Gk3Q5++v50PDroDm2ZxtiDxgfhQLQtjdjPrWjvgz98UjPH/C6/nSdCI1UZQFqRwMgZ5oNu3IwfrVzzI843rn60pkjzw4IqfZLoPnRR+zsc8HiirvmJ/eFFP2UQU0d8nwo1OXb5dqzj2Y1OfhFqw62jY/3jX0Udbto1Xyp5I1I/hbA/SmnxFCrYN1c7u37w1/O8c9r9j+kqHA+EqLmUkfO3/Co9X/583/M08fCLWv8AnwmP/AjX0OviWMEj7ZNj/fNTr4nKZ/02Yj/fNWs7xD6G64AwvWaPnM/CTVx/y4zH/gRpB8J9W3AfYJT+Jr6bh8WRnAe5d+/JzWnF4sssje0ZHqQK7qWYVpK+xz1eCMNF6SPlyL4Q6qwDNp8h/E/41Ofg5qvGNPb3+c8frX13aeJ9NkQDzYie+ABVseIdOdivmRk9sYOa+WrcT4mMnFpnbDgfCWXvI+N/+FPavz/oEgHszUD4P6uOunSn/gbV9krr+n5ILquOo44pW8QWA3FZVJBwfasP9asR/Kyv9R8Jb4kfGx+D2sNz9gk/76b/ABqaP4Ma4/TTpCP9419hnxBYYJNwFGM5zWtY+J7BQEM4GemT1rOvxZilG8I6muG4FwTfvSPi4fBXWwf+QbMPxalX4La4SR/Zsv5t/jX3H/wkFl/z2X86VfEVkx2i4+b2NeauMcd/KekvD7Lv5j4hX4I+IDnGmyZ9mb/Gpf8AhSGvqONPlJ7/ADNX22viazwCt02PY0v/AAktr2u3H41m+L8ff4S48A5c9Ez4lX4JeIWK406T8CasD4H65/Hp0hP+81fblr4rsYpVaSZJUJwQ/NdnF4s0N41Pl2Q4/wCea1EuOMZT+KFyn4e4B7SPzvf4I6wiktprjjs7f416z8OvClp4a+F+o6zpywQ63fal/ZWs3Gd8mjRhirIPU5yNwOK+um8UaCwKvDYsP+ua15Vd6hoGmeP5IZmij8J+LIP7Ov492FgvUXEUoG7jcigfKoA8rJ5apfFNbHU3QlFxe687a2/X5GK4QwmCqKtCSa2flfr/AF3PmL9tK/1Tw3/whPw10S0bTPANtZi5t5I2GNSkbGZGAGcjg9cfN6rXFeCP2dvE39iWl3qVjPFd3KrP5TB0aEMBhGU4ww78DnjtX1L8XfCd942+ENzDG08PxL8CXm+CeElZ5LbOVZGGWHQMNuDuC88V6j4J+Muj+K/Cuia/CFthcQAyRFifJlB2umSBnawZd2BnGRwRXdR4mrYXKqccLTu1JqXrun/29uebV4RwuJzac8XO0XFOK8tmv+3XofM2m/s1a9LEjSWdsq4GNyg/0roov2X9RYDzYbFT6+WK+q7b4h6XIceZv4zwc0N8Q9OTduJ9uDXx2I4xzaTfKrH2VLgjJ0k27nzZafswXEWSslrBn72wYz/nNbcX7My4BkvVBHXGOa9qk+JenKD+9iB9CRxVR/ifZKVw8ajGSQy8/rXM+I85l1Z0R4XyWHRHmUf7NmnJgyXhJ9hWlb/s3+H2x512cfSuruPinaEcSKT9etY8nxWiUlUl56+uKVPMc6nq5M0jlGSQduVGva/s2+Cl2mW5nl9Sq10Nv+z18OoRl1u5D6bRz+tcPF8X9h5l+XqMmnv8YWkBKSt6Vy1pZ1J/Gz1aNLIoLSCPQV+CHw3gUkWEsjDoGwP8avRfCf4dwYA0eIj13j/CvFLj4uTOeJHHtWXJ8Wbg4IlcD1ziqWDzeW9Rk/XsmhtTX3H0rB8P/h/GjKmiW4K92YH+lXF8GeDIRhdN03g8ZxXyunxanWUMXJB+UgsMGnH4rSbHUyA+5I4/GuzD5HmM1yyk2yf9Ysspv3YpfI+q08PeErcg/YNOQEccVIbHwxHgR2+np9EBr5Bf4qzlChuoh2A8z6d+1V5PixcsF23KHHT5ia1XC2Mvc0XGOXpaH2cq6ChGIbRfX5FGKU3WhqGREtg2OTtAxXxO/wAUbh2JWdgSecDOaqP8S7s7mNzIBxn5eo9M4raPCWJe9jF8cYNaJH262paKgGHiU5wOlQtrekqMi5UtnAAPWvhy5+Jkh27LuT6Af/qrPb4jXLNkz3GzI45/xp0+Bq8neUjGfiJhY6KKPvK28W2FhdW19bS+XewyrLExAO1lIIODkHBA619+6NcWviTQ1khR/sWoWa3EKyAAhHTcAQCRnBFfgUfiDcMMNLdNxgZP/wBf2r9X/wBjv4kL42+F9taXN0smsaJePp8qyXXmzPA37yGRlPKJh2iUcj9wcHghfA444KqQyqpNO7jaS+R3cL8b0cVjo0rWvdep+Xf7T3g9/CXxEvpliMUZmJ6e9eZWU4khTaTgjNfor+3n4DVxD4gt4vldcsw5Nfmj4fnL26oScqcH6191wRmn17J6VZ7pWZ+NcZ5X9SzarSWibujtY5VVFyOSK2YoZ/LViB5ZGfeuejfGxSo4PSuojuiY0jGNoGK9mumkrHi02nuPeNWQqQOnpUMtuqQ5QYXPOKsnqOc8ce9Shd0Eg5JBzXPCdmmazWljjL0Y3YJPPeuRu4/3gXp1rudQiBJPT0zXKXkfzA8CvsMDNWR4uLRzF1ESrKfSqvhuc2OsA52gsK07gcnP1P0rnpibW/ilXjkc4619bl09T5HM4Wdz660mRJTEGPySJtJHvwf515N4vsWs9TYbSmScgjp7V3Phe98/T7WUMCy4zVD4hWwby7sK4J+bn1PX8M17NF2rWfVHJiI81K/Y8mjYhuvHU08kkMp7cCoQTnjAPSnswAHrjmvS2Z4k9jf0/QLq6ghuNvyvyNw6Cugt/DFyxOEUcenWtDwxqUb6bbLJJmRAU6Yxg8D8sV2ltfw5OSCPXNKnN3EsLFx5jmrfwjdldyoOvpmup0zw9rsMkX2ZlUZHUV0thqcIBXJx2NakN/AkoYtwT6162HxUoytseZicthKHc9b8CLrkDwiYkgY6V9j+BdQlAiSWQg+9fB+neIIoGjAcHjua9J8MeOY7PUIZPOdE9c4r9HyDxAq4Rpb2Pxbi/wAI8NmV9LN9j9ZvBDNMsJWaMZ6Zr608F2omMSM0bZPX14r8zfhx8UtN/cRm6Jk4zz0r7Y8BfEWye4tf3+4EjIzX9JcA+LNPEVI05n8LeM30eMRhKE61O7sj63udElMKiNQWHepbbQJCqmVic84zV3T/ABDZ39nDKsiEbR0PfFbVnOk3zBgQDX9SUcTSnaUXe5/nnjMLiKN4SVrFSHRGAUDdt9u9dZpOmlY4MLtyfmpbcgFM8/hW1ZCWVJBD/C2T9P8AJrSs1Y8GrWnZo7TR9OjNyrsAwA4HrXoq71gKBcgjgAcVyeiQyF4HIO1lxn3r1S1tUaNQQGcjmvhM3xVprm1PhMfUXP7zvY87lt3WbftYgc1r2LSJgKjYzXUXGnFicJz05FTWmmncBt+b2rz6mYxcNT1KWJhKlZoypBJImXXA+lUks4LkyRt5ZyOQRnNdw1jG0WxgTkdMVkT6WltIsyZG7rXFRxi2OnL5Rb5Voeb3/gazuLpZ0CAf3QOla8Pg2xvQttJZIQONwXvXaxRPJMqKvHfivTdA0GNYw7x4JGa58dnHsY3e59hLPZ0Ka5nsfBvxS+AdzqLS3ItIZ4WHACDI9q+IfFPwLvdHme6W0SNEySdvA/Sv3b1TTYEgmLoGJGADXy78UfDNvc6Xc2UMaR3MwIzjOK+VxOAp46Lmlaf5n9B+E/jBUhOGFrv3XZfI/Ee7guzrLIIIYYoztGBwTXunhDUL2EQxqQGOAMVoeP8A4b3vhu4aVrdzEW5YDg1R+H+g6rqurWj26u1mkuGJr83wGOzDC4r2Ti73P7wzbIcizHK/rdOa5Uj73+C1rcK3nzkHPOK+v9BgSeXM8ERUnsK+c/h1pM2mQp5kckbFRtGOtfWvg3S57kokShjjOa/Yszxco4ZTq6Ox/nJx9gcNHFTdHYz9Z8M2EtvJfW8RikHbg4/CvBPiP4Xv7y1tIdLkjhuNxZieM19Ta6GtGNpJ/rB1APWvP9Rsxdz525IGK5MlzKcbSb0PnMhlCnJTnrY+F9R0Dx/pRkZbczxY6q2a4m58ZeJtNLxXULKB1yMV+gs+gNMNqqcHpxXzP8WPhVqM8U99bI6kAtlTjNe/PNarjehLXsfsfC1XJ8ZXVHFqKv1PAZPG2o3+YpFHPBye9Zj2tzfiVjs5B6mvMdT1aTR797OeeTzVz3rd0zxYABiZwdvrXk4biytP3Kq1R/QFLwowlKKnhnoznE8HajNqV0/kgqW4ruNE8Gaok6YtVC8EHbXV6PrVuxVvMUk8nPevXNH1e1Bjy4X3B619Jks22pI7M1wcIR5H2KWkeCL9kjPkcHpxXoWn+CL5gAbcAGvRvDF5aXaQ/OpI4r27RoLXaoLknjv0r1M34qrUPc5T8ZzXDRUmrnzBJ4AvmRl+zg5HHArgtS+Hl+JWBtsdulfotBa2RWNg4PWqOoaVYtvO4HHYYr53CeI1eErOJzZXRSla+5+a0nw21BiR5IA6dKyLr4WXzqwaJMY5BFfow9nYpNgrweM1C8emI5yNqYxz3NevLj2pPemfoeBwMXb3j8xrr4M6zco0ltYTXC5IykZOD74rzHWvgt4mUvjSNTI65EDf4V+uN++lKjAGLp03CvOdYuNI2uD9nB7Zcdfzrzq+OeLTvCx+hZLRhFrU/KNvgv4kcsDpeop/vW7cfpWXd/A/XiQTZ3a/9sj/AIV+lN3faXEW3C3PPUOv+NcvfappIBJeDHsRxXxmOwUrNNH6Lg4Q3ufnv/woHX2jV/s+1TyMuoP5E5FIf2e9eY7zbg8dRIn+NfcU2taUCAGiXnv/AEqlN4k0sLgSWi89Qf8A61fO/U5N6n0NGFPqz4du/wBn/XIkOLUuevEif41jn4B60zhZbZLdD1Z5FwvHsSfyFfbd94p0wZIeLH+8K5W68VacSxDxYHOa4q2Ca3PRpU6R8lv8Ab8EKZ7Nm9mb/wCJqpL8DbhDh5bTj/aP+FfTc3iyyBLI6ce/+Nc3d+KrWRtxkXn3rzJ4OR0KVJdTwRPgqIiC7WzL3GT/AIV0sfwssLaBUdgCPQHrXp48Q2rkHzEJ6+5rJ1DxJAclZIwMZHNd+EyxpXPKxmKg5WR5pc/DzSot3ylj7is1/A2kLzswfU9q6TUPEiMWw6kZ61yN94iKh23jPYV1yy/S5zRrRukcvqvgzSnlKqUxnGAuf61S/wCEI0dYi3l5K8kjGDVO88RMZTucdeOai/4SICMgyL789TXjTwV5XPo6WOpxgoott4dex8E2do0GwXOtSlec5TzSV6exH51J4k0y0uvF+r290it5UNuqgn7p+bP8hXoEsE154a+EiSBBPdmK6ZVGAWbBOK858aah9l8Z66B1EiqSOpAH/wCuvNwmD55pLzPQxNVU4a7afkSr4e0WMKRFED3FU7zSNKjUgQW4GcH2rBm1t93LsQBzwaybnW2YnDscDnI6V7NTARhGyPLp4+LZrtpmmbiTHEy+gFQPp2mKrSJBGPTIrlm1mXOAzDnuO9UrvWmCFemefrXDSwPvXZ6H9oJKyN51tFZhhFA7ACsq7kskVuIiD1OBXFXetSLuI31y13r0xYqFlJPoaWIpxSsjuwtdLU7q4ubM8gRLn1xVMzWCoSEhZj/sivOm1SY7lXzzxycnmqMupSkklpABxjdXg1cMpSPaw+PXyPRXubMDO5VUc4FZM+p2u9syZFeZXurzRg7Q+3pnNcxc61cAlCnf+9WtSvCnDlO6FSVSVz1a71i0GSW3e4rmbzWLUknKH05ryu81q6PmBY8DoTnrXPSaneFiVwvPHJ4rwMTjIvRI9WjJo9em1qzQkHGR1+asm71+xhRiskee3NeO3OpXagnfj1681yN/q96TgOoQdAK86pj4wW2p7OGTa0PXbzxLaknDpjkmsiXxLbBhh0II5rwm417YzRveWqMMg5cce3Wst9bQ7idStOPWRa8ernSbPQhRsj3xvE9kHbBB78VmXHiy0DNlyo7fLXhM2txhd51K0H/bRawLzxBCgLtqMDD/AGWBP5Dms/7ZVzWnR0PfJfGFuQVDZPQcVWm8a2wQqxJ4zjivm2TxTaISDqDgf7jf4Vh3Piq2O/bfSH6q3+Fc8+IktTeOHuz6QuvG9puIwdvb2rzLxT4zheF4wWBJ5z/jXjV54jR1YpfS5znjcP6Vx2o6wJQA1xczH0yf614eN4mdSHKlqezhcNytHR3+tLKzHOcnPWsd9Z2uCMDjPWuQm1SDk/v89e3+NZkmowFhkTfkP8a+JlX9659DB6Haza4z55AUe5rPm1kDA4yeetcc9/b4bAlx9B/jWfPqCq+1Ytw9ScVyyq3dy51LI7GbVyQSXwfasO4vGu3QkghQQCP8+1Zhl81AQu3IBp9vkDnjilT3OdVG9DSjAOMjtV+1QvMqgcmqMIwDW/osTS3SMQOcV0bsZ674biSzjim25K/MM8Y9P1xVvX7s2mkXU5KhmBptptRI4gMZ61yfxG1BbfTo7ZWwSM1xTgvaXNZydrdDwkE3Wozyn5sNXUW6Fdp44Fc/pMDMHkI3EnNdTEhOF2kZr6jLaVkjzcRPc39NgkuCuwBVA5NdfZWxUgMd2OlYenFkVVQ7R/Outs03nAye5NfcYCgtDw8VMvxQB9quvAHOasuVjTrgY6+lORBGjHJqncygfLnivooU0o3Z5cndmfct8pC8gjFZIjxl2LZHHIrRuDgHBIrLkk2ozE9OtY1JJblU/I5fxBKZZYLSIgu7YwK/WP8AZI8IL4c8Fy6zLGEdo87unavyr8JaXceJvG+nWiIXQSjI/Gv3A0y3svA3w2soLiW1sYEgEk8sjhEiQLlmZjgAAAkk9AK+z8PqKg62YT2gtDxs/Tqyp4OO8mjwz4l+MNOj8QHTprgNPEu+TAIKO+GwSeCNuw8ep/Dg4vFmkBRmUZzj5j0r4j8UfEvVfEniTW/EE8c8Zu7mSdI3uPMMCFjtj3EchVwo4HCjgcCsiPxpfopAWQE89c1y4fjGkt1c+jxOUuUtHp0+R+ga+JdFJ2HyNwHX0/Ctq017QSCrS25YjpxX52r421UYCic8epqaPx7rka8yXAHPfpXbHjGhJfCcKyecXe5+jY1TwxMAzNDnH9wUrS+GXCuHswD/AHh/SvzpHxD1YLtaSYj3GQKtf8LK1XcrGaRsc/MvTn1px4pwrWqFLLqlz9DDaeF5iBmwyfVaa2g+FpS4kh01+3AHWvgCP4raor7jPJuAx36VaHxa1PJY3Dg9epFVHiHBPdIUcuqo+6pvDXhJUKiy0xz9BUaeCfB8w3PpmnknsAK+K4vivqGQGuh6/erZtvi5fAhVueg7NXK88wcrtpWOynl9RLc+srj4Z+CJgSNJt1z9B/SsW5+Dvga4BP8AZsQb0Br50b4x36KAZmbjs1S2/wAYL4ctKx4z96sZZvgZfZRp9SqrZnt5+BHglzuFmVJ9DmsrU/2e/BzpvjEkBPc9K4O2+MlzGFLSNj6/59Kvv8YmuvlM20cd60pVsBPRRRM6VaOtwn/Z58NyOdk5A6A54rLl/Zw0ls+XdhB7kc1rp8VULAmQMPbpV+P4owFs7kOR0IP+FNYPBPsJ1am9jhZv2a4CGMd8rD04rFvf2Y2uoJ7Z5xJBIjRuORuUjB5Ht6V6+nxOtDGcyRMfX0/CrLfE/SYIpru5urW2towXlklcIsaAZLEk4AAGc1lVynAtO9rCjiKieiPzW0j4VfEz4V/tFeEPCfhuRbfxHJeR3Wk3KlZRJaszr5jLleQqShl+U5VtvBVj+lXiDTNDn8cfFW41BLQeCLbR8+Kdq4gu77bgeSpGEfOeea8j+BviH+2NW+KP7U3iZJhhTpPhW1lz+6TO2NVUyMFYkb2A4D72HD12nie+Tw7a+DfhtJfFdWluF8U+KbhGwzTbg0NuWwwzuC5U4JVXwcivhMDlVHD0JSh8Mm2r9tl9+/ojXE46pVxCpx3Ss/Xr935nhun/ALN99PawzGwtoC6hhFIFd4geiMwyGYdCw6kE1or+zNfKP+Pe1B9oxzX0XF8QdKhjWOOVVA/2qlHxF0w5PnLn/er1aOUYaMFzM6pVareiPnIfsz32APJtf+/dQzfsxXpX5YrYH0EdfSn/AAsXTf8Ansv/AH3UUvxK01QcXMY/4EK1eW4R7Dj7VvY+YD+zPqK9YLcY/wBihf2bL9H3qttE/XgYIr6Mm+JFg4O2dd3b5qzpviFYq/zXEXsdwqI5PQtd2LqOa2ueFr+znqxPDD6c1Mv7OGrt/EgX1Oa9wi+JFgnJuY/qCKst8TbIRkLNGSPVhzWby7D7IE5Wu7nhf/DNuqkH/SIQMf3sVTf9nfUUOGuYgfrXtdz8TbQAkTovHAzWM3xLtGbJljfg8g8ZpSyuh1aJhWl2Z5WP2eb9c7rmM/Rv/r0H9nu+UH/SIj9SP8a9S/4WVZBgGlhA75NN/wCFl2mc5Qr9R/jS/szD90Uqz6pnk7/AG9QnNzEQfU09PgFeNj/SEz2r01/iPaOxJaMnH94f41LH8R7OM8yJj68VnLLaPVor21+jPMj+z/On+suVGfXmhfgFKCf9LU16a/xM04nBlT1HNNb4maaoyZRiuuGXYS3vHJKVe+i0PN/+FCSf8/gpG+ArHGbyMEewr0qP4kWEoJjdXb6jj9alPxAs9qgPHk8Hvirjl2DeqMfa19jzQfAUZwbpSMdKK9MHxBsskFkK44NFaf2dg+w/a1j4LHia4AAIl59TTf8AhIrnfkb814Z/aGqf8/13/wB/W/xo/tDVP+f67/7+t/jX8orK4H7LS4krR2Z7ouv3TDG58GpRr1wAAXf8Ca8IXUNSHJ1C9z/11b/GpP7S1L/oI3//AH+b/Gqhl6RrHier3Z73H4kZQAxuDVhfEq5yTMRXz5/aWpf9BG//AO/zf40f2lqX/QRv/wDv83+NbfVvQzXEtRdWfSdv4xEAwDcfUH/69XV8b7tpDXhx19/1r5hGpam3P9oXx/7bN/jR/aGqf8/13/39b/GuaeWwk7tL7jWPE1buz6i/4TbBBAvf8f1pD42OSf8AS+vTH/16+Yl1LVO+o33/AH+b/GpP7T1T/oJX/wD3/b/GsnlkFrZfcN8RVWt2fTI8bDglbvOMHjr+tPXxyy5wLwfh/wDXr5qGuatjH224P1YmkfWNUlG03lwmPRyDQ8vj1SF/rFUvuz6iTx8CAAt2Djuf/r1MPHEpJwLtc9/X9a+U/wC0dWU/8hG9/CZv8as2+taxbyLKmp3ZIzgO+9emOQ2QaynlMHskbR4mrLds+om8bysP+XpT/n3p3/CayHvc/mf8a+af+Et8RA8X6f8AfiP/AOJqQeMPEeOb9Qe+YY//AImub+xk+iN6fFc09Wz6R/4TKfIObgfif8atR+OLtQVMl2FI4wTxXzN/wmHiI8fb1P8A2wj/APiacPGHiMZxfKPXEEf/AMTWE+HoPTlR0Li6fd/18z6eHji4wwMl0T256frVLV/EtzqWmy2pa88w4eNlPKSKQytjcM4YA49q+bW8Y+Im636f9+I//iaF8Y+Ixjbfjd/1xj/+JrOPDqi1JJXRE+KpSXK27H6B6H8VLadfDnjS88sSyW/9i+JrXcu5UIwsrD0/2jx0r5c1zVj8IfGmv6Qhmm8JX8/2ywlgAMeG4JGAAVxt6ZwFHHJrx8+LvE3mx3CalLBdJ9yWJESROR0dQCAcDPPNX38e6/JaPaXSWF3A5BeN4U8qU/3miwYy3+0FDe9Tg+G1RnJpJxluvyt6F4zir29OKbanHZ/g/v8A+CfQGl+OhqMP2zTriK8gOOVcZU4zgjqDyODW3H4q1BxhUyfQt0/GvjOSdkumvdLj/sa5PUW0rBG5zjGcgdOMkcdK011nXQdw1jVFI6YuH/xrWrwxSveP5HPQ4urR0mfWEviTWhnbCAO3zVGmuaxL95VT3IP+NfKlxrOs3kLWt3rGp3Fq2N0ck7MrY5GQTjqBWeN2wRjJXOQPepjw3Tt0+40nxdO+ib+Z9bve62yjy3VfoOtYb+KEjleG513TIZ0YqytcICpHBBBPXivmMFgcgYIPBpwVjggVvSyCmt/yMZcVVHsvxPqFvEdkwQnxRpcTY6G4j/xqrc+I9Ns4RcTeLLOSMsExBMZWB5PKpk4464x+dfNGxvSk5U9wa0/sKn3/ACI/1oqvp+LPoqPxj4ZcgP4mcHoP3E3/AMRQ3ivwe/8ArPE7tjjm2m4/8cr52G89Nxo+bOcHNXHJqV9G/wAP8jF8Q1uqX4/5nt6+PfDKsA0WusCOoijwP/H60YPH3hNgC1p4gOOP9XH/APF14EpY5zmp4WcDABAPXFdEctgna5zTz6tboez3vxA0pJlGn6TfXFvgFmmmWJgc9Ao3AjGOc+vFVh8R7VCD/wAI6ZAD3vP/ALCvLAXY8qaYN4PTNaPLaSVmjCGeYnv+CPXJfic/kEWPh+3guD915ZzIq8/3Qq54z3H41UT4na8AwbTtEJ7fI/8A8XXmY3YGN2KVQ5PAbIrJYCitEiZZ3invI9Gf4j61Iw3afoeO/wC7cf8As9Z48YeIXlkdbyKJCxIRYUIUZ6DIJ/OuOwd2efpUyK/IA7966KeEprRJHPPMq8lrJnZ/8Jl4iGMX6D/thHz/AOO193/8E+vixrNh8Z7vwLql5dXWmeItNljhiht4dovLdTOkkj4DKoiW7XC5y0i5BxuX849jnPBNdl4A8Uy+BvHfgrxr9gOqjR9Xs9U+y+Z5f2nyJkl8vfhtu7Zjdg4znB6Vy5jldKvh50XFe8mj0chzyrhsXTr8z91rr95/R3+0Z4Vj8Y/C+9cRCSeFCcDrX4MwwvpWuX2nyAxlZCAM+9f0f276Z4q8N3K6fd2eqaTe2ouLae3kWSK5iddyujqSGUgggjIIINfgh8evDMvhH4kX8RiMMRmPb3r+b/CWu8PicTlFXeLdj+hPFzCqdOhmVPqkmYuUMAOPnwKuWshIAB4zzn1rLhYNboy+narlt8rLluPSv1mrQPyONbZs6CPDFT0I9asox54x9Ky4mIOAxKketWMkdyK8udJpndGemhm36ZOccfyrlrqLBZMY9DXXXoLDI4rlrxTweScYr6LL5NwTPLxkexy88RZhtzke3auf1eID5+pBrqCp3MTWVqMXmxyY69hX1+AnZo+Txy5ken/Dy/8APsDCWBYdvSvQfElsL3QllVXZlBGew7j+Zrwv4dXpgvWt3O0HoDX0RAn2nTr21fc3GQAM8/8A6ia9uU7SjPs/zOSjHmg4+R83uNsjKO1GSwPfvVnULZoL27jOMhiKrxIdvJJ7V7ejPAaNHTLr7MzRszLGSCCFzzXW212CRiSX0+7/APXrgwCADyOlXUeckFJZR7BjxWtKKucMqjS1PT7S9PVWkC+u0f41rRXW1lO+TI/2R/jXmdtJeAf6+f1/1h/xrUSS/wAgm4mx/wBdDXqwpXeqPKli3fc9KivSrKVkk9fu/wD160Y9ScOri4lUg55Uf415kkl6rAi4uP8Avs/41YSS9JP76Y/8DNKrhuboEsU7o+h/C3ju50q8hdbh2TIHavuz4U/E+4ubm02XG7gEjNfkeZr9SCs0wPX75/xr3j4beLNQ06WCT7VcKwGD85/xr6ThGq8NiItuyufC+I2CljcE42u7H9EPw9+JLNapb3M2CB696990Lx9CWQLIAT6mvw18LfFrVLdoX+3T4IGf3hr6U8GfFm9uLuDdezkZAI31/YnDviFGMI07n+ZPHngvOUp1VDfU/Z3TPEcdzHFIowCME571634aMc7sMFkZfXrX5/8Aw88bx3trEklxIWIBAL19Z+B/EBleGMys3TAznFft2X5vHFUtHqz+LOL+F6uEcoqLVj6u0e2Tyo8Yyvoea761hMULSMPujNeb+Hblm8t24yOT616jExns5VU4crgV8nm/Mp2Z+BY3mjVs+4+CVJ+y4z2q2qBcGNRkHGa5y1Z7QKszY/SttdRhKKoU5znI7149ai0/d2PSoUXze7qi2bpIwzOBuArNlke5GCpHNa1raC8wWBIJzXb6doNq0Y86INjpiuCtjKdHVrU9ueKp0Ip9TJ8N+HAwE1wuF6njqa9Ehhjt02JwtMgjWFFjjU7RVmvksZjJ1ZXlseHiMbOtK7Zj6jYfavmGcY7V5D4p8OyTSM8kbbsYHy9RXux745rI1bTVvIC4A3D9a68szKVGaPWybN6mHqJo+F/F/gBdaZLeWCNrct86svUd8VTsPhV4X8L2gXTbV7UO/mEE55r6mk0FJLj51yQelUr7wVcazd21pZJJI7cKB3r7SOPwzmqlRK/Vn73lXiJi1SjhY1Go9k9zy7RC81zCiKCiAKBX0XoF3caRDHcQBN2MEGuaj+FureHiLm6tHiTqWDcV0cely+WGE7cDGCa8rOMxw+JSVNpxPFz7Mb1EnoRaldT39z58+DIec1Ja6csrckEmqcyNbZMrkY681btLnGCkmR7GvMaaglDY8Cpi5KN4mzHpYiXdivOfijqFvYeF9R3xRMRGccc5r06K4kmXZvfd9eteGfGTSb/UtCu7W1eZZCpxtzVZPFzxMVNndw5i+bG0/auyuj8NPiNrdw/jHU5MAReYVUE/59ar6drMzIgAJPsaofGDwX4l0TxBdT3MtwsIZiPmIPXmvO9Hvb1lUfargf8AbQ/41g6M6eJlGatdn+oOXY+nVwFOVJ3VkfTOia5MzBSccjoa9h0rXLl0iIBHvmvkXS7u7jkUi5uBn/poef1r2DQb2+YKournsf8AWH/Gv0fhy7aR8LxBVa95H2p4R8S3UUaYyB165xXtmleLNQCoFUn/AIFXxz4TubzCH7TcEkd5DxXt2k3N6ypie4/7+GvvMzyiE4Kckj+feIsfKM2fRkfivU2iB2nac/xVSu/FOqMu5UOcYPzV55ZS3cihWubgn03mluFvRuBuLliP9s/418dHKKSlsj42hnk4y3G6t4t1ZXkUAjHP3q5G68Z60iERsykdMtwKoeIbW6chnkkZD2LZwa83vbaXY4CAEV9xleUUJQTsj9AyziGcknf8Ts7zx1r6qWMqMPof8a861jx/q+WyxZsZG0Hj9awLyzkdWChSteZ6vp00kqwJGWkY7QB9a2znKIwp/u1Y/RMjzqXMrnYQ+L9d1nU0022nt0lfn94xAA9eTV3UfiF4O8MWOLvWLbXdZR2WWKCUBVIPQhvTmuK8WxW/w+0a00yxVJtbu4jJcsOkRzjAP0Ir5h1KOWaWaVwzs2WYnqT3r8czTDzV0fruXZnJpM+mp/2iNNztTRdHKjplY8/ic1Uh+LHhLxJN9kmK6NcMOJPMjEY/Ac18f3MJyRs+nNZzxyRkMhKHqK+LqU5pn09LHTex9F+M9S1DRS1zaawmp6aOTNFGdqj0zjmvKpPiAxDFtRlJJ7Kwx+lWvBfiVp3j8LawPN0+4YrvPJX8Pwrz3xbotzo2uXtg6BVRsqQeCO39K469OR6VHFT6nVTeOkIIN/KT/wAD/wAKpr4zjkYt9rnnI7ANk/ngV509vJjlMnH5VoafYtgEq24nFY08JKUkjSpmPJC56bD4yBQs3205GOg/xqtN4rhbhlu+nPA/xrmzauihAuDjt3pBaNjlM+te7DBtI+fnmjvdG2/iGyf70N50/uj/ABrE1PXLYIqwWs0vXdvYL/LNNNi2MgbR0rKvrZgGXaSOmfWtJ4VqNkhUcybkjFfWI2fJsCOeMS//AFqZLqLXn+iRQi1aQhPM352A9SOnOM96iNucsyr37VA9sXP3Rj615SwcuqPfjjWtbn0lp3izSbzX/D8VzqMMWiaJabsoqICwHCKBgY+leGeIfEl3quu6tqUNpbCOWZmTIJOM4Hf0FY0Fg5JO3OfeppLBlBCDCjkjIrop4NRhpGxVXNpydnJmXNrF4pKm3tevdW/xrJm1q+ILC3tCoPXaev51qTWUhU5BI+vWsi5t2AAHXr9K5q2Ck9zSGPaejM2TXbwIwEdrGSOCFOR+tcvdazqZBb7SGHX7i/4VtXUDEEBRj1rAubYjKrg8ZPNcMsK1c9LD4uUmc/c6vqbZAuMkdPkX/CsObUdQUk/aPqdi/wCFdJPZsckAfnXP3dq2SEXn6142IoS3Pahim/dTMafUtQlTYbmQc5O35fzxXP3l9cxqQL26PuZD/jWzdwyjcdig9OtclfLLkgj9a8fEwdOOu57uFbb0MW71C+YsRe3Y9B5hrmru/vQGJvLoe5kNbdxHIckj5R71yWoeYWKqpK+2K+VxU2tWfTYbRGHfzS3LlpZHkPQFmyQPxrIl2qC3GK05YpWz8jE/UVi3YlTOEYj6ivnqib1PXopydjDvpvvAdK5Of94znI9OTW9eJPtYeWfzFYUsU4z+7P6V4eI5n0PoKEbRsjNkjJDMwAXOKy5lwQR0/lW08MpXAU8e/SsyeJx8uxmY/SvLrU5djug76HP3q+XheADzjNYkgLkAED3JrduYJmdhsb8+n61z81tcfMwjOT6muOVOV9jtgkklcxLlsyNznsKypBw7EgY5571tXFndDkRHj3FYs8UqqwIxz0zXk13KLu0d9CzehlTEhayZwGPPBrZljdvl2msaYEliRjArzeazuejCWtjBuVO3cv41mPjIwc8VqXRYEIAduM81mOjbjxXLUmr3R6kNinVRvnkCjIyaturAHj2qFI8Sgk49K5yqpeqxAOpqoCQGJJPNaFuvy5PStqbMqa1LUZO0gH613fhWASzIxHGMmuIWMAHjmvU/CtusNqZyCDt4rdzVrnQ4s7C0QyXLEZ2L0FeM/Em/M9+LcEkA469K9utsW9lNcNgHBPNfMuv3DajrkmTuXcTXLho80yazL2lx+VEhwSO/HWugiUvIh25XHpWbbptjRcdq2rQDdzk19vgKeyPKqvS50mnLgKDyfSuxtQETCYDe9cnp65dT0INdRASo9q+0wNPTQ8bEsvu45G4Y7e9Z8pA2Ekde9Pdm4Ge1Zl1JsyOoNe3KNo6nnPfQZPIpc4JwODWBqc6wWzsHGcVfMhGe5PWuU8RTE7LdCdzEDFeXiJ6NnTQhrY+lv2SPBzeIPGsWoyxl4kYNkivrb9uD4iTeCvg5rdrptxd2t/qEkWiW8sSI4j80M0u7cflBhinUMoLBmXGPvCp+yF4PXQfCcutzRCN2TIYivjn9vzxvd654t8L+BLCaSW0sYH1K9EN3uRriU7Y0lhHCukcZZWJJ23JwADlvss9rvLeHI0Y/HVPMyWl9ZzOdd/DTVl6nwGdZ1kMW/tfUiMd53P8AWrlp4r1+xUpDqsrZbcfNCyHP1YE446ViNY3e4/uH/Km/Yrv/AJ4SflX4BCdXpf8AE+8aXc7D/hYfi8cJq8SADoLWH/4mnRfEjxdFJG8mo2tyFYMVe2ixIP7p2qDg9OCD7iuO+w3faCQ/hS/2fe/8+8lawq11rr+IRa7npn/C29bPXSfDfToIZOP/AB+oj8U9dJz/AGX4e5PP7qT/AOLrzgWF5n/j3kH4Uo0+9Jx9nkreOMxC7h7vkep2vxV8uGQX/hyzu7jdlWhnaIBcDgqQ5JznnP4eqH4r2rY2+F8HuPtn/wBhXlv9nXn/ADwekGn3gO77NJT+v4rZX+4PdPXIfidZO6/aNAaGLjcVuN7AZ7DaMnr3FaDfEjw5wEstWGe7KgA/8erxU2V43AgcUgsLwdbaQ1azHE/y/gPlh3PW5viDokzFVg1WNR3WJP8A4utG08WeF3j8yTV7uykzjbLExJHr8gYfrXiwsbzH/HvIPypfsN5/zwl/SpjmWITvy/gRZdz3dPGPhhQWbXbiRQQB+6kGf/Hc0+Lxv4YlmSKLWH8xyFUsjqM+5IwBz1JxXgT2F8RxbyEd+lQnTrw9YpAfpXTHOMSlbk/BmfJHufScviWzVsR+I9HBHrdxn+tNXxVAGPmeJdLBxji4T/Gvm3+zbv8A54vTjpt6eGjc/jSWbV/5X+Jfs49/yPoy8+IGm6XA8z+ILBox2WUOxOQOFXJPUdK4G88Z+M/iHZXuk6Dpr2Hh6TEV1f3M3koq5UlTIWCLkZBXLFlPA7V5QdFuvO8/7N5jgYXcVIX8Dx375rZW68URmNxeXokQYRw43Rj0Q9U/4DiuSvmeKqe601HsupXJFR91q5996b4o0Dw/p/w88LwB7XwXoEAumikiIl1S/P3WMKrvCFufMZQpwTmvGrrxR4q1LWtd8Raj5UmqahctPKTyUXokeR2UdvUt618syWV/K7PKk0srHczMclj6kk1H/Z19/wA8H/IV21s4rTavF2Wy/D8jmwuCp0tVu+p9THxHrvKlIduc45/xpreItdKhSIl5z3A/nXy7/Zt5/wA+8v6f40n9m33TyG+mRxWbzaq1azOlRifUP/CV63u+eaADv1/xpG8U6qcEywt/31/jXy+dNvR1gc/Qimtp14cZt2H5Vl/atZfZZpBJao+m/wDhKNXXIQwgdRw3+NVbnxfqNqqyXdzZWkZOAzkoCeeMk/Wvm/7Bd/8APu/5im/2dd/8+5/So/teu9ov8TS6fU+gz49yMf2xo6n2mH+NTx+MZZFDJqOksvbEo/x+lfO/2C7/AOfd/wAxQLO/A2rFIB6bqUM1rro/xJ08j6En8UtIp87U9KQHkkzqB/OqQ8SWoz/xOdHBx/z8r/8AFV4GbC/bJMMhX0yKT+zbz/n2f/voUnmlZ7Rf4hFI98HiW2AwNb0bGP8An5UY/WlHiO1Yc63o4HUD7UnH614B/Z15/wA8D+Yo/s68/wCeB/MVEc0r9vzHKMWe+t4mtU663pbH2uVP9aqt4piIIGr6Xg9/tC/414b/AGbff8+7fmKadN1A4xbkfiKuOZ13o0/xBKK10Pbf+EigOCdZ0sfW4X/GmN4itWGDrdmR7TL/AFNeKnTdRJ/498D6ij+zr7/nh/48Kn+061tn+Ipa7M9wh8VW1vGyR6vZAevnrzU3/CYr0Gt2A/7ap/jXhP8AZ17nHknHrkf40p068HBgY/iKFm1daJOxLpRPdG8Yqcg63Y4/66pzRXhR0+8C58hyfqKK1/tfEdvzM/Yw6mmNMPXaWH0FPGlE9Iz+Qruo9GuZMMYXVfpV9NFlUfLbye5Ir8mnirbH2qwl9zz5dEzyVAHfjpUg0VVH3B+XWvQ00a7kbatvMx9gatJoF62P9FlUeu01jPFTNY4RHmv9ijJyqj6jrTjoqD+En8K9Tj8MXpAzaTHPfaeavweDL+XB+xygepHBrJ4x9TWOAvseOf2MD0QL9RViPw+XwSgA6/WvcIvBV5Hgizf0+6f8K0o/BuoHkWUo+iHFc08yl0RtDK7ngq+HYxjdGrfnUw8ORnGIf0r6Cj8E6iyA/YJvrtxn9Ksr4IvxkmylJ+lY/wBpVOzOiOVxtufO/wDwjSEjMOOcd6P+EbAGTAQK+j4vAeqynbHYyEHjO2ta3+GmqMA0tu4GM49KieZ1Uvhf3FwyqL2aPl+PwqXGRBge9Tr4Ti7oD+NfUzfD29UbfJbd9OKonwTcAgAW7D13iuSpnNWNuaLR0QyWD2dz5rHhSM9IV/Snp4RB/wCWR/nX0sPA85H3bfGP7wqdfBF18pPkjB6BhzWH9tzNIZJE+Zx4PHdMfhT08GFzhYQ3vg19TQeBix3Sy2yr6eYK0l8FRAYE1qpxj74rCWfVVsmb08hh1sfJw8Dg43QkfRTUv/CEL08pgO2QRX1iPBQwMSWv/fdA8DqTkzQMe+JKzeeV30ZqsipHyb/whK52+Wc/Q07/AIQYY/1RIr61TwDnkTW+P94Vbi+HStuMl1Cqj0OT+VKed1kr2Y48P027HyB/wgrE4SEE9uakTwBKdpaFVB9utfZEXgOyiI/0pS3qVarX/CE2i5P2kdfQ8VwPiyeyZ1x4Vj1R8ZL4DPGIBuPtUw8BSHB8jB9hX2H/AMIZZFiTOD9QeaePCNoNoE6Hnjg/4Uf601On5jhwzBdD46Hw/lyR9nIx7U4fD+UfdhH5V9mL4Lt2AxLGufar8HgWxwHkmBPUYWsv9aqi6r70aw4Xg3ax8UD4d3LAfudox1A/+tTv+FdTjB8hmP0r7fbwfYAhct7ECg+EbDO0B8j1FQuK6z0uvvX+Zf8AqtS+G34M+IP+Fe3Gf+PUk98Cnf8ACu7nkm2bPrtr7kXwXZEZIYtjsBUg8F6d3hY/gOK56nGFSLs2vvX+ZtT4Qg9T4UHw+uDytuQB7Uf8IJcEhjbkc4zyK+5z4P0wEYhbj1xzUZ8KaYCQsOD3JAOKI8ZVH/w6JfCMLHxUngK5YBvs8gzyMKeKD4Bujk/ZcDjqK+3YfCumoQpgDHr0FWT4VsXXKoqDrjv/ACrrXGFRrp95yrhGCdj4a/4QK5zjyMjpnFC+A7gHJhx+FfbU3hewiOPJT2z3rHbw9pgkkBtwp7cCqhxPVb0a+9E1OGKa3PkE+B5B96LHrxSDwaysAIiT0/zzX1tNoOnZLCAcc8Gqh0SwycQDr6mto8RVUrtr7zmXD8Nkj5bXwgxAJibP4U//AIQ2TGfKTH1r6gOj2CKCLdd3pmoP7NsCSBbITn1Nb0uJJPqYvh2MWfo9+yJ46vNZ+DPhO11GS6mvtGZ9BnkkjRFaOIKYQm3qqwSQJuIBJRs5+8flL9ujwYIdWTxDaxEq+HyB0rv/ANlHVNP0vxD4q8NeTb28+oWsdxDI0wUu8Bb92qnliVmduDwIzweo9l/ah8Lr4q+HD3qRCSSNDuOK/Ic0msDxFRx8NI1dH6n7JhovH8PTwstZU1p8j8fNDuxNZpuOT0NbgY/KV57YrjdH3Wd7d2EvDK5GK7eFAwGOvp61+4YlJSutmfhlJtxs90XoWbarAZFTszMMBuRTYFBG0/pT2hH8BINcE6absdMakkrorzEvG+SC386wLlRhifWuhc8EMhPY1j3ERbIUZHvXVhKbjoVVqKS1OTnUxuRuHWqNwodGBBORitq+iYNuAyfasyVCScHAIxX0tF2SPmsRDV3MTQLg2Gtxk8AtzX1ZokkcrQ5JCSLtYjrzxXyTcr9nu4pxkZNfSXhW9M+nWkwbkYB5r3GnKnp1PKw0+SZw/jDTjY61IrRsu7kgjGK5dQQCCMV7F8RLJZY7fUVVuRksfU9cfjmvInO1mIwQea97C1eeCkeZi6fJUcSmDl2TA5OQK14LUnDEc9OvSlstLnDrLJGwcngHsK6a3sJCABGfYV3UnY8esilaWuOCBg8da1UteCMfMK27LRrmQFtnvjFdroXgrUtWl2RRiNc8s3Ar2YVYRjzT0PGlRlKXLFann0VqOW28j3q8lg0mNiFv1r3+y+E5Uj7TcRSD0U4rt9P+HtpYIAsUOCOrEGvJxfEGHpr3Xc9bD5DXqK7Vj5ltPDN3dqGWJ1X6V2/h7wvNbXCiRmVeoAr36PwpFGCoMCj2IqePwyqMGWSIc+teTHil3vFWPQfDClDllqZekWfkqgzjBr13wtftaXEJWRvz6VxsOneVgechYVs6ek8EgJkUYORzivo8BxxKnJO58LnHhrDEQlG2595/DfxhcQfZwZiRkA8195/DvxtaxGFpLhWY44z1r8gvCviWaBUK3CKw469K918L/ES6069hD3W5MjHzV/RvBni5GnGKk9D+GPFb6OFTEyn7OOp++3gbxPb6lbQhJVY9QK+gNDuPM2AuAM1+Rvwg+OOnRT2ltLeRvLgKw3dK/QPwx8SNPvGtFjuVBbBzu6/lX9HYXPsLmdBVKU1zH+X3iV4L5lluIlGVJpeh7jr8cm8sgwQe1ZFj5rsqnOf8/wCFXor2PUmYKwLnpXXadoO2IMcCRufTH+eaJ11Rp8k9z8toP6rD2VVWZraGhCjdnI/WvR7YfuVwDXNabp4tkQvz611MRBQFa+GzGtzzuj57HV1OWmxYAKnr8tNeVUXeSAg6mleWNFJZlA96zLoSzbUjQmPOTgda8uELvUmFJtpLY0Y7iOQEqw46g9qq32oW9pERuJkxwKjitJQMlSooudCe92EymNhWkFTUveeh34ShFzSlscmdQhaV3KEE98V2vgi/sbbVxc3JCKV2gnoKbB4WgjZScSDHPvW5ZeH7KJt4Tb2AFVj8XQnTcFfU/Q8qqwpSVSG62PQfEup2L6ZLEkiSs64Arxi8hFrAoJGSMkCu8Nii/KcuvbJ6VyWvabc3TOsCMUxjivHyiEKXuJ6Hfm+Y1MbXU6iseZa1cJMUWNiSTg1Lp1o74ZQ3Nb9p4Ovbh2llDKp5Aaux07QEs0AcZIr6utmdKEOSDuzDE4mNOnyx1KumacBGGcHjirOpaDFc2rvNaGaLBzx2rfjgC7eCEz2FdLqGvaRYaJcTSSRjbGRsxyT9K+XrZjVVROmrtsyyHKHi6snKfK1sfiT+2T4UT7HdXGk2sRkUHOeua/LvS4DFN5TqQQ2Pxr9aP2jhquuNqBtrK5aF2ZlCqa/O8/DzxFDOZBo9+wzk4jNfpua4aTqU5buyuf6A+EdSrTylUarvYzNOgyyYAJyPWvWNAgKtHkDms3TPAXihsAaHqODzjymr1rQfh/4pIXOhaiMEH/VGvr8gou6ckenxBX91o9C8LW4McWUwBjt3r27Rrcsqjb/47XK+E/AviZVjB0a/B68Rn/Cvc9E8BeJyVJ0XUc9P9Uef0r7LOc4oQioua27o/nPieq1J3RHptoeF6n0xW1Lp2VOBk4P8Ndxpnw+8UAJnQ79R1z5Rrqk8AeIzGo/si6H1Q1+a4riLDqd+dfej8txOKkp6I+atc0tnif8Ad8dRx3ryy901wWATj6V9k6r8NfFEiyeXod8wxkYjJryLU/hh4wMrBfD+psc9PKP8q+myTivDWs6i+9H12QZk2rM+Vr61MErK6/ITj6e9ZukaIl74n0qKRQyM5JyPRSc/pXvOv/CvxiqPI/h3UwncmJq4nwv4Y1aHxfpNvcWFxDIjnIKsMDBHP4kfpX3/APbOHr4aUoTTaXdH6lkuYNSVz5Q+Jsc1z4p1WSTcQHwox0AH/wBavFdQtMMcKPyr7M+Knwo8YWvifVWi0LUpYS+5XERIIIFeE6n8NfGLb8aFqGP+uRr85zXCKpHnp6p9j9myjMFomfPd1bkMwAwfQ1jTQA8EBce55r2m7+GXjQnI0HUcf9cjWFL8MvG2448P6i49ozX5/iMG+Zo++w2LVrnlUINrcwzxttlDAgjtXovxOt4ph4Wvox+9ntXMh9SGAzVuL4UePLq5gtrfwzqkkzHAVYTk16H8Sfhj4uhh8LWCaDfGeC2dZUERzGSQeeK4J4Obex3xxN1ufLYtC5UAkD+ddJZWCoF46DuTXaW/wy8ab1J8P3wA/wCmR9fpXQw/DTxkke4aDqGf+uR/wrsweXzbvY8/G4lJWuedm3QnG0fWopI0HCgAV6Z/wrjxkVOdB1Dn/pkf8Krt8N/GLAsdDvx9Yjx+lerDBS3scEKyPMTCnQcjHGax7+ILGxIXnpXsB+HPi5EO7Rb3/v2awr74e+LJJQg0a+Yjk/uzx+lY4qm4xtY6sGueV0ePiyUjAGB0qRLEBwoBwOvFeqx/DfxYOTot4PYIavWvw28VO5Y6Ld7f9w/yripYZvSx6VTEKK3PMFsVhjHBLEdarvabxggbM+n9K9jk+G/iZjxo9507xn/Cq8vw88TRKd+kXagf9MyBXpfUG7XRwfXUeL3NgpXbtKnscVy97Y4JJUYB5Ne63PgfXlJDadcDH+ya4/U/C+oRkxtbzKcZ27DxXLi8G4q9jvweI5na+h4nc2mS+ExzxxWM9iQ/3MHvkV6rceHrtWIFtN1yfkP86oyeGrpQAYJ19TsPNfO1cPLqj6mhWSVjye5tAqHjIxXNzWan5ypDdhivWrzQrsEjy3AHXKmuduNHmAGUOD/smvGxVOzue5hI3szyjULPjCrt/rXHT2BYszL8v0r2a70aQBiUlx67TXO3mhuE3FXx6bf/AK1eBjJXd2fT4P3VY8ZvrIKCvAOD+dcvcaQJCeH/ACr1m+0aR3ZmV+v9081kvpLRryGz7Ka+TxaTdrH0NFuyaPI7nSRHkqhBPtXP3enkknaMDjgHmvW73TXwwKv04yp5rnJdPYttKSFfZTXjV4pe6j38HFrc8lm0sswwhYfSqj6LkkmMkYz0r11tIUkHa/p9000aNHwrBsf7h4rhlRTPTVZ7njMmhjb8ynH+6azbjQFzkocAdMV7k+kQ4Yndj02HmsufRkY8eZj02Gs54WLLhiJXseETeHsrwrEn0rKn8PbTwj59K95m0OMtkmQAf7JrNm0RC2AJsE/3DWbwcbbG/wBble54PJ4eByvlsc8dKzLnwtHINoi3HH905r35tBQvx5q/8ANQvoGMndcD3CGuaeW02rNHVSxkk9D5ZvvCU0QdljkA6YxXC6lol5AWUwOw9hX2Vc6GWZVUy47/ALs81jTeGrWQOZoZGHvGeK+dxnC9KfwOx7WGzWS1mrnxRLprb2LRuPes6SxO77vHQV9lXnw90S7jbY8kMnUZj615vrHwxaJne3eRx2wtfNY3hrEUtY6n0GHzenPR6HzZJZ8j5QT61A1kTjCj8q9Tv/CN7aEh4psA/wB01gS6XJHkOrp9VNfPVaU6ekkehKcZK8ThJoXgQkjK559qvWnzpzg/WtuWx3hh8rDpjFZn2Y2reWM7Wzt5/wA+tc8JpOwQiaFrCZJYlUZJI7V7HY2y29ghIIJAArzXw/b+fexjaCBivVrhD5tnbqoAC5z65P8A9atpPozrt1ItbmFn4dnkYhXZTjNfNtmDcX085BPzV7X8S782unR2SsQSOcHrXj2jxbUZz3OR716WEormSOHEzOjhyw4B9q2bWMgdsdqpW0YAHat63hX5RjoK+xwNG9meRVnoa1hwVPfHJ9K6OIBVLEjjk1h20e0biMH0rTSSRvlABGMcCvsMJGyPKrJsmZlBY96yLk7325yB6VpsG+8cg9hWQ+S5JYAYrvrS0sc1tblUnbk5zgVhaPp8niLxfp9jGCymUA4+tbF4yw20jk5wOp7161+y94QbxN47ivHh3wo4JJHSubAYOWIxVPDrq9R4iuqVKVXsj9Q/COmJ4V+H2k6ZEgSaRFBx16V+Q/xEt7nx3458S+LZleUXl2zQebGqOkC4WJWC8ZWNY16nOOSTyf1L+OHiCHQ/Ct/aq0S74hYRo6sQ7SAhhx0OzzCCeMqOvQ/D8C2zggwQt/wGvuuLcO8RiVSj8NNWPGyaXscMpP4pvmf6HzEfAzMQfKU/hUa+BCxBMajPGStfVa21mWGbeMnvwKuJZ2GAXtYSD7da+fp5E+x2yzPXc+Sx8PpnbCRox+lWI/h3M33FQ9ulfWkNhpzMGjtYQpP5V0NpotjJhjaxsvcYrrp8PX3RhPNHHqfGJ+G02cmNScd1NOT4bzcfuQfYAivttdC0kZYW0anp04FW00zSCu37LEwHpXWuG1/Kcv8AbUu58QL8M5Sf9QD/AMBqwvwzOdphQ++3/wCtX2wthpJfYbWIKOfUirkVhpWSBaxED1ArePDMN7GMs6l3PhqX4Ysr7CgVhj+H/wCtTW+Gch5MYKjr8vWvuiXRtJkYsbOLnHaqsmhaR1FsgOa5KnDuukPy/wAzojmul+f8/wDI+IP+FbDkFE9RjFKPhvgY8tR7nn+lfbLaFpITLwKoPtQnh/R2XL2w29u1R/q+19j8v8x/2r/f/P8AyPif/hXI7xR/lSH4cIQP3aZ6kbelfaFxoGhRj5bdsgdM8VmvpemKRiwLjr97/wCtUSyOz1h+RUcyb2l+Z8byfDjZyUXOM4xUI+H4AOY149hX2emk6RJkNaheP72f6Uh0LSXUqunl8ej9P0qZZF2j+Rccze3N+Z8ar4CjUfOqGnjwJB3Vf0r6/PhzTBkfYDk9QJP64p48OaUF5sWdvd//AK1Z/wBh/wB0r+0/7x8cN4EgIAMaOPpjFRv4AgxmNRu7ZPSvsI+HNKUkfYj17tn+lQLoGkrkPaSqAc4Bz+tZVMlSV3AunmLe0j45fwOAceUv+P6Un/CEoCQYQxzjFfYj+HNDcKWt5x6Hjr+dZM3h7R4ydsMpB9QK5ZZUl9n8DaOLk/tL7z5SPguPp5ABqJvBUe5v3SHjivqo6BpGAPLlB9BjNNbw3pPBxOD+FZyy1fy/gNYuXSS+8+SX8Egn5IjnPTFVG8IBSQYsN7jpX1w/h7SAN2Ljr6Dn9aqN4c0Q5DrcFfTA/wAawnlF9olxxstr/ifKf/CJKQdsS5+lKPCAbkRpn0r6o/4RXSGbKJKy+hUcU1/CGlEZUzA59BWayt7cpX1x9z5ZPhDbgGJM1A/hJx92NSRX1I3hXTEyoefH0FQP4a0rGAblR64FJZYno4lLGyvufK58MOPvQYFQN4aIx+5OK+p5PCulOPmkkXPcoP8AGs268KaWiZjuST7qeKynliX2TSOLk93+J80/8I+y5/dHHXhRULaCAT+6yPYV9GHwzp5PyysfbaKjl8K2hH+sIH+6Kz/s1Lo/uKWKls2vvR84nRFAztP5U1tGUY4H5V7xc+FrQFiJuPUA5FZj+GYVBP2n5e2RXNLLLvRfgaxr9n+J4sdHiJ+7upDo8PZQB716vNoUKE4n6HByKqvo6nkyce4Fc/8AZrX2SlWfc8xOioTwi47UV6UdIjzxIoz6gUUll76R/AarvozhRq14Dj7RcH33mphql2VDC6ueOwc1ze8DBBP4U9JdpyGxnrX83yqT7s/X1LW510GtXgJ/0m46/wB8/wCNbUWtXhAIu5h/wM1wayBjxwO1XoJTnax4rCpOo9pM6IOK6HdRao0rM0kjO56ksSavDUeMZyBXDpKQcg5q+lwcBmb8jXl1aN3dnoQrW0R1K32OSTnPHNaFtqbZwSSv1rjhcHA55qeC4IPB4rknhzpp4izuehR6mApG/qMkkdKuQajuG1mxg5rhBcqeN3NXIrkg8dvWuGph1Y74Ym56BHf7TkOR7VdTUN3BbqfSvPUvSCuCQavxaiQMN+OO9cE8K+h1QxPc7dr/AI5bA+lU2v2UjL/hXOre5A5PPTmoZ7nHcEnrjtWSw+upq8TodampkD7xAx0xUy6oxcfOcdMVwQuycAMfzqVb05yc5olgrohYw7035ZgQWBJ5561IL/a24PzXDpqB6k5NPN9zwR681zPBs3+spHoEOpPkktxj1rRi1BCBuJ5rzVb4jkH9a0ItR4AZsfSuapg3Y3p4y2x6Ql8B90/rVhNROMA4IrzpdR3YBkGegq7HfDIO9T7ZringmdccarnoKaiGBzlmPvTW1LZlSc5HUmuMjvsBSG57802e9BIZTx3z61y/UtbWOj67pc6xr0ORtOM9elPS6yMqeM+tcKL9wxzV6LUkXhmIzVSwdthRxSb1Z3EeohCFYkkdOela1vqRKkHC++a4AXkbKG3BgKsrfHjqo9q86tgk+h2U8XbbY76S+3gLhR9Dio4tTVsofvD1rjlvCw4OR9Kry3ZWQFWIHeuZYFPQ3eM1PRU1HAHzoKe2o7ckspOMZrgo9RYADIJ9xU39oZyGIyeKxeA12Nfryta51kt/8xII56VRk1ExsGVlJPXOa5lr0uMO2SOhz0qhLqDYHLHsMV0wwPkY1MYdmuqksGYjPtmtM6sCijzFx2OK8vOpFyMlqsrqJdQrMwPArphl+tjmWN6s9Bn1MSKPmTp6VgXd2rcKcr1JrnnvW2kktjHr1qjLenklj7AGumlhOU56uLTOjN6wzhgD3qpJdAYIbnvx1rCN47Kwzg+tVjcSEYJJrtp4bU4JYjQ6F7ncoUMDVB5sH+IH+dZq3JYAgk96hmlL4ZeCPeuulRsznVe56P4D8Yt4K8Y+GvE6vOIbS6VrgRIru9ux2yoobjLRs6jJGCc5HWv1f1zS4dZ8N67osyqwaNtvtxX4qrI2CpY7TzX6wfAjxPbeIvhr4MuYPIia3s10u4iSYSGJ4R5XzYxtZlVJNp5AcdRgn5Dj/AOeA9tH4qbUj73gHGL6y6Etpqx+NPxH0R/C3j7UbQqUUSsOeM81atpMqr43ZGa96/bG8HNoni6TVY4iscjbwcda+b9JvVntYmBJIA5r9NyTHrGZfSxCd7rU/Kc8wEsJjqtB9GdJFKVbA6Z5rUj+ZD2zWCkg3qeq1sxPhcryDXXVjqcEJKzTHEDJzjOcc1VlgGSGBIx1q2rA84JOaOW7gY7+ldeHlaSuVViuXQ5PULXJJGCM1gywHuRjoOK7W8QbiBk/SsSeAZyepr6GlG60PnK82nc891eFipYc4wa9a+HV21xYtb8FgMiuB1K13I+BgkHpWx8Obs29+YGIAJ2172EWljx6rtM978Q2ovvC5ZVdpEB7cDuBn8T+VfPLg7j/AA4PWvpaEiXT7+0bzCcbgF/L+RNfPuoWwgup4GGcN3+texlkdHHszmzJ+8p90benzCS3iJOSRyenNdBAVbufXpXF6dJs3x7jgHIB9DXT2spOEJH5V2Ri0zxqkjt9EuPIvIOm3OM19W+FblY7aCVX5I5r5AtGBaNlIyD6V9FeEdQJsUBOW6/SuTNpTUE4s7MpcHJpo9padWYcg9zzUqNHtySTz61yaXuVHY4xzVgXo2n52HbHrXzPJVe59AqyjojrFuwnykg49Ka94hUHOGFcj9uB5JGR0qKW83qNrgfh1o+rsXt1e6OqN0V5DZHWnR3rOQQzEiuOF64BBJIq1BeKSvJ9M1vRpSv5mdaumtT0PTb6aJwwYk9cZrqoPEU2ABKTzxzXnFpcKRlTuyfzrVjmXIJUZ7ivdoTnBJRZ4eJwtKo7yV2e9+C/GF9Y6pbXKXEikY3c9a+//AfxgvYWsnFyx2kZG7/PvX5V6RqKxXEZDMFA6V7n4a8UeR5QW4ZSecCv0/g7imvhGrSdj+e/FLw6wmYp89NN27H75fCn4wQ6zLbwyzsxOOp6V91aFrsF1bxZf5iBg1/P78F/HLWs9tI85zwevWv1D8D/ABYhlhtYmnXcFAyTX9i8N5vDNMInUfvo/wAdvH3wYeExreEhofdxumMLNFtfjkAjNXbG9kljIAYN2z3rxbQ/Gi3CRSCRVr0/SddhkZXO1c0Y3K6lJWaP5MxmTVaHuTidLBbS3lwGnBEa8/WurgjUqAy81iW+q2RQMHG89s1p2t9DcMUUhSOma+ZxUZvdWsbYbBzSU3HQvmFBjgZ/nU6RjtRgZJ71BJqNtbKSXDMeMCvOtJ6I9fDYZN6IvgYwB0q5EoA96yrKf7XIzYwAOK2fujjtXLVTWjPZoUbNtkbElttTRwMx5ArOikLXTJk4A71vxYZFHArGtJx0R6WEw6nL3iIWyYAIJ9KQ2wzwtXwQo4UH0qPczHAwK5Y1JM9eeDppFU2o4KrivJviLpbwWMssBbc4P4V61O1yiEwIjuegY4FUNR0xtXtlguVQDuPT8a9LLca6NWNR7I7Ms9nSrRqW2PyW+Jsd0lxKDIyNu+6c+teMLLHJKEcFSTjmv0l+KXwOa7ja9h23UTEg7R901+e/xF8Iaj4O1ONZoyluxOxq/X6eZU8QlWpO6/I/tLw84jwWKoRoU371jsdFS32Quhz+PSvZvD8VvlOBgjivnTw5eGWNAHwcY+le3+HbmRRGTwMda+zwb56DsdWf0eW59MeE7WFjEdwGe/FfROhWUBSIhkA78V80+EppGWIkkAEE4r6a8NnzI15IO3Psa/G+L1KLbufzrxfVtK53UUCKAoAxVhYgOuKpRuSQMc/zq1X5pO58JRnFrYm2L6VQuNMtLglyihs8/WrqdCabs3Kwxk+lRGTi7p2PUw1blkmkcF4m060bTZwYlVgCSSK+GJxDa+OJ5kj3bEZgMD+8tfdXilXW1mVSxLKVAPavhaaJpPHN1G4cfunySvB+de9fsHh/J+yqcz0sfomXVrqNj3PxNpVj418NxXcCxprUSfOoUDcccfyFfGmsWYtpZ7aVCkqEgg8V9G3up3ujKs1nLIrAglezfWuAvtU8L+I7qZ9bt49MvD96UABD+HXNfa8Oe1w0ZRs5U3t3X/AP1zKqimk+p558JfGXw01e98YaBeeDtN8S6zo+opp93NNJcKY5XtYLlU27gh/d3MTZUY+bk5DV4xbvq82oeI31vT4dLuv7c1VLa2i2lYrIX0wtVG0n/l3EHX5v73zZry74wfH/AODn7LfxZ1rSYj/amta/p9v4iuGiuZQs02DZhsEMARHZQqQAo+UHksxr6W8G+KPh1rfgvwh48jlh1mTXNNtdYCp1g86JZQDnv89fyJ4N4fGx8QM5+s1JSgnLlTbcUpS5tntZaH95eKuKwUuBsp+rU4xlJR5mklJuMbbre71NTwr4ahsIT4p1hvs9vCN0QJwxP0/E1574q1Ya9q91fx5EZ4XK4IHT+lbfijxRdeJLqKygcWWnKMKhPA+uPyrlPKKoFIBJ74r+vqaTlqfy/wA7SK1nbDdg7SSfSto26KoViB9Kls7ZAQcENip54GC5C7lH4V6+Fpq3keLja15WRjTIoO1GAU8YxVXy4mLAkBevB6Vce3nYnIz+FRJbOqsz7VPXp1NdUYaHPGr0MO+UKGYYGO3pXJyAFi24nmun1GOQxuwUsvQECsaC0LuAVyCe9eViMO5zsfRYKShC5s6R4Yv9ShMltbTNCvJI+lBs/skj2siOrg/MD1Br13wjrmm2WkGC7IhlTJAAxurhtbuIdQ1S5uYUVI2J5weTTweFlzuLjY5sbiE17rObMCYycY9BWNfxIysvzcfpXTzIAMIFAxzxWHcRMVPGD9K91YK2ljyPrCPNtYhjgilYYBOcEjoa8d1W3VzI+ATn0r1/xEWIZcjA/lXl97hFIwCffvXz+aQWx9FlVV2ujy++hWEO5UFs8VxeqXhjVsNtPt2r0DVlLBwMjHP0/wA815FrchDsODXyGNioJtn2WBXMznby9dtwBYjNYVzMArEjGOvakvZnRi2TsFcrqOoMEILEGvhcVXSuz7TCQvaw291ABnJICiuPvtTByDj169Kr31+XLAZHPNcxPOTuIO7nn3r5THYlPRH1eFp2V2WLq8yMkkfjXJ3mpAbtzHA7g0uo3uEwp2tXCahfkbiSePWvm8TVUeh9DgaDk7s0bvU3JPzHPbntWK98dxJb8c1hPelieMioXusjHU/zrx5Vbs9+FJrRHQLenO4tj0BNMe+3/LkY/nXMtdsCQGG4jFRfbGxgNj39aynVVzdxsb8l9kYJIUGs+S/bLEMOf0rDmu+uSfxrOkuSWOCQPT0rJTu9EXTp2VzoReMdxyGGeT0qJr1cMSABXPG72AAOCTVaS9yu3BPvmulzVthezd7G6b1QDk9enNVJdRVzhSce9c1JfA7m3HjjFVftZKsSxrhqVl2PQo0epuve8sd4JA4HrUMtym3DbQPc1z63rRSBwRlfm+bkE/Sq19qr3UzyH5SxydoxWCrXVkjoVLXQ2RcRr1P51k3s0Tq53nA5rHe5bJGTisnU77yreZyzE4wPWoqVo8rdtjpjTbkrs8r8Vao8l80UbHZknOa4a6kLghyTV3UrjzruaQ8c9ax5XJHPNfkuOqynVbZ9jRppRSRXbYN2ME1z96++4CL91B0x3/ziteVwd2ATWECZWdz9488npXnRpq9zphc9C8E2vmSySsAcDNeg2q+fqLMVACn+XH9K5Xwsq21gZRjcRnPqa6uyItrO7uX+UKuOavkXMkdUnaKPEviXqAutWFup+VTjFYenxBI41xz1rP1e5bUNenk5YBif1rctVI6DP417eAhd3PKxMuhtQKCOeT0rorWPpuAx9axrRB3PzeldBbDbgD+dfZ4GOzPJrS7G3BGMZxxjgmtBI1DAnGPpVaI5QelWjIqLtA3PX11GCS1PLm7srXTYBA4GcVjhFLEnJzWhccZUkev0rOdwiE5/WorVNSYQ6HN+ILkCEwpjngAGv0a/Y88IjSNAuNeuYwrFCQSOtfm/BDJrfifTtOjAcGQZGM96/ZPwLp6eFPh1plkqiOaVASAOor6fgWmlXqY2e0F+J5We3lCGHjvNnz3+0F4o+3a5pmgwTKwhRry4CTZBdzhVdOzKqlgTziXsDz4SkipghsqO2ai8T+In8SeJda192lZLidjEHRVZIR8sasF4yEVB36dT1rFa54IBBPpVLFNyc3u3ceJjZ2Wy0+46eG+Gc8k9OtXhcltuSfSuRicgKMgcVoiUBQNxArqhimcUoxOvt7pEyuQ46YJ710FtqpRdqyHGOmeledwTbtvU56Vo+fgdQMeldtDEyWpz1aKZ2/8AawIPIx9ahOoO/KyHHTiuM+0M3I2qPpT0u2yFU8V0Rxkm9TF4dHaw356Fju9zV+31LBLFiwzgHPWuHWbJQttz3xVz7TtI5AGM9a7KNeW7MZ0EdvLqR3Y+Y8etVm1Rc5JIOfWuSuLpiUIY46cVTluiF5J6cVNTFO9yYUVY7L+1GkfJYhRU41PCrliT79q4WG7xHwcU43o4GTx0JNYSxLubfV0dVPqJOSCXz61V+3MeXIAzXPLel0+Ugr061Um1LblEwzdz6VLrNagqN+h1TagqkkncMcUn9rbCArFCeODXEvfs2Mnr6VAb4BiCcj69KylimjWFA9ETUuGk34Y9aY+qNkncT3rjf7Q3KigjAHrVeTUE752/Wj27tYFRudidUJJJds9eRVeXUjwAe3U964uTUVBOGY9utVm1HGQGx/OsJ4po1jQR1k2qsQwMmfoKyZtTJPLuTnjmuXnv8E7mPJ9apG9ycgkfjXHPFM3jQSR2I1Egbtyg9qgk1Iswy5J7VyZvHJJDe/FRm9cDk8/yrCeJZoqSOrfUn5+ZW9zUYvjIwGfbpXJG9ZuAd1W4bnYCTk+ntXO8RJsr2Wmp1/29lycqBn35pj6iTyzL6cGuWa8UA8k+1U3upGBAJB/KpliGio0VudW+ojnB7VnzX7MRhuB79awlklY43HBqeQEANgACp9tJ6jcEncvNqEhBAxgevasqe8d35dhUZkYk561TbAYvn6VLqyZolFO5qLdEYORnoPaopL51znBT61nNKccH86oTSkghRk+3alOs0CgiS4v/ADGPXb25rFur4nIBKjHXNOlYdD+JrGnPL88Vx1Kz6HTSghHuXbJYkjPc9aha7diCAMfWq0r4GBjmoMkjAz7471yOuzqNAXLAc/KfeiqIcKBk0VSqAeVDOBnrUqEdO9QhwcdjUh24xghq/kpyuj9oJwSDkdatJJjnJH9Koq+cAjBqVW2n2rNroy4tm3DKSuM5PvVtWOAQSKwFlwBggVdScsM7gDXPOmdUJdzYV8gHOD6VbV8Ec9ayEl3Dmrkcm4DkEiueUejN4z7mmJG4YE1oW9wWJQnHHGRWIJB6kVOJMEEDiuadM2p1Lao6ELg53celSBiOuTWZFPuUc5I96seZ/tGuOcOp2wmaiSEDqcVIXDAnIHFZaTAkAsSe1T+egHJ5rncDVT7kjNj60iSgYwOKpGbJBzmnectVyIly1uaYcHHWlZ2U5B61QWVeiutSLIp4J5rGcCnPsXUl5HzGrySOSAMEVjh1Pepo5ioxncKwnBFRq2NkM/B4/PrVhJnUj5vzrBNyV6DA+tSi6DAMOxrJ0jeNezOthucKQTuHanvIWGVbJrnIboEhgcVoCdSMngVx1KKTOyFa6uWWnJ+8NrClFyRgnBHeqTSoxJ3CqxmKnnOB+tKNK4pVWjpbW8IYKSAPTNXluzuxuI/rXIxz5O5QOK0EuwVHGWrmrYdM2p4lnVpc4xk5okmLkENjvWFFdA47j61Y87dwWAXPFcLoancq+hsLccYPP0qVpS2CDn+lYaTFSSNzV0nhZ9Mm1/SodaJj0x5VWU+2e/t2rKrS5YuVtjSFdNqJWMxVDn73vWfLLuJJPFfRXxy0z4caXa6QPBM9rHdZxNCjliVx945Pr7V8xtMxDYOcGsMurqvTVRJr1KxT9nLlvcsNJ/wE/WpopA23LVleaPb86kWTaBh69RR7HCqhsu5U7TkiqcpDHpSicSIATk9M1TuJgCR1/pWyp32MZSsifzNvBJ6UGTB5bmoCcjJYGq8sozySRinTh2IjLTUub0zgDbSsQAcnbWUZhng4p5nYjLHK10xiYtpLQuiQ88jHrX2t+x/4pmNx4u8EyvcSIUXV7UBE2RkFYpiW+9lt1vgcjCN0PX4aEoXn+EmvT/hD4mTwp8UPA+tNPp9vbLfpb3Et022KGCbMMjs2QF2pI7BicAgE5AIrHH4JVqMqMtpJo9DKMc6GJhVXRn2T+2D4Qi1zwVDrKR5njXBIGT+NfkxpVybB2tZG5BIGR1r96viXoC+JfA2t6Wyb3EbEDHIOK/CHxTp8+ieIr+zdTHMsjDH86+W8J8bKNCrgJvWnJnveK2BtiKeNgtJo34rxSQA2WPGK3LW6BXGcd64a3c4UjjPatq2uOgyc1+puz3Py7mZ1wkx+NSklVJbFY8M24DJzWnGNwyTVRilY1lO6Kbhcs2OTWfMBySuefSteZMKe3es6Zco4JXGOtfRYSV0rHg4zYxLpFdWAx0rJ0Q/Y9bj5ABbpW1Iq/wAQOawJWEN5DKBjDCvqcDBPQ+cxcmmmfU+mRiVoSWIjlj2nB55GD/OvGfFlg1pqswdHTd1BGDmvXPDFwt1pNnMG+ZcA+tYXxE07E0d4iuC/zZPfPJx7ZyPwr18FDlqtd0Z42alST7P8zxqDAnUYIzxXS2hwwOSwxWM8GCCnJzmtq1GAMHnqa9B09Twpz0sdLYNlwPXkA17X4PuTGioSD2rw20YrIhPPNer+GptrpzxXJmVC9M0y2slOx7XHOu0HBNWIm3vksCAM4rDhlJTHIBGau2sxUtkBs8ZP+fpXzVBan0NWVi3K4VixyM+lVxIc/I+4+1PkIfII3ccVVyQQASB711qhznJCvbYtqznG48HtWlbDKkgAegrLhfB+bacdcVr20ZdhjBXtW2HwtmctfEWZ0NhuCbl559K2BLtYYJJPHtWTbqIlwdx9RVwSF8BQRivco0EzgeIctjZtGJcFWCtnsa6azuLq1dH87GDnFcfalt4CBeOldXbhpBhlx6Yr1MNhG2rHlYutFq0z6F8AePZLGSHIYsO+a+1vAPxefzrdXLLjA5OK/MOynksCHjLFupGOtehaF44uLKVSHdMHqc1+tcK8RVcHaLeh/OHiP4aUMyUpqB+8fgb4tw+XbCaZSDxgtX1x4T8c2WoJFh1bdxiv58/BPxVvJL/TLbz5CNwJ9h/nFfqT8FfGEeq3On2/2kh+GJPpX9F8OcXU8wXsZ6n+evij4HRwMXWkvM/QyS/CBSsjxjGRnvWnYa5cIR84I9T3rz6PVmuERWmikjB4I/zzW5D5W0EMD7A179fAxStJH83zymnCPK0erW+vXEwC+Y+MYAzV62b7ZMjPng1xGnOqqqFgTnAr0rRrMNsZgwr5LH0oUk2tDwcVRhTT0sdlbqEjUKMDAq63QZOT2qmmFwO3SnSXEcK7pHCqO5r4+Sbeh4VOSSsYd/fJbX8MSb/MYbjjpXYWrb41ODkiuDtTDe6y1xLjbjCg9MV6Bb4GBiqxyUUo9T28KtYp7lhQ3HJApssEjrtSRoz6gVbi2sR1zWlHb7gGArx5V+U+lw2Ac9jCjt5lOMs2O571ZFuxAyMVsmDaOgzTfLP90Vk8Rc7llHK9TFmtIp4nikAZWGCK+Af2mfAi626pZ/uHgYsgI4b1zX6EzBlzgEetfnv+1p4+m0FPs1hZMZmXHnN0/L1r7Pgqo/rLT+G2p9l4dfWI5tThhvi/A+GtGd9O1CSyuF2Socfr/wDqr3zQp1LRMpJQ18dWniK91DVTe3spaV25xwPpX0z4M1Hz7RFY5dcfjX7Zw/WjJuEXof1ZxRgpxgpS36n154MuEcRL0OBxjrX1B4VuVZVRpNzEYAr458D3zeaqbucYFfUHhi7KNCwwSME8V+e8Z4J3aP5h4zwurR7Cu3K8kGrS4xgHNUomV8N1B6e9WN2CSOK/JpR6H5tQnZFpW28HJFPQ5bJOfaq4LYBwDUkTAtkda5pLQ9GjUu1c5zxWkRtQ38WfT2r4UYt/wsG+AYlBC+B7b1r7/wBfgE1kTtJYH9MV8IKy3PxF1C1WTcy27tjHT50Gf1r9P4Bq/uqvkv1Ps8qxbvGD6M1PEsAFqxyQcZ6V8+ayiB2YAnmvp7xTasLMMUwMcV8165G2ZVJwR05r9V4Ur80Nz9nyKV7H43f8FKpIY9c+BwZeWtdfAYn7vOn/AONfpcI1ab51LDqTmvzA/wCCnkzQav8ABCRgRiz8Q9AOudPr9PWDqC4DbT1Ir8V4PjbjTPP+4H/pDP614sv/AKo5Pb/p9/6WhVjQzsyIdgOOTmrbIC6oAcZ4zU1nbuYhIQxPXpzSorPKp28fyr9npUktz8nqTstehs2lmCu/G0Y4NLLFgAAD6g1qQxbYVGTuAzTzAdrEjHHFfSYfDNRSPlqtZuTbOaMR4GCGPWq1zbHaEJypGea6NbQOxJGSOpFQXUJztUHHriumOFuEKnU7/wAMW/gQeEr5dT+zSXwibfuIDAkds9OleBmxt1nla2DmDcduR2roLi0BYkk7cY70qWZ2rkHiufAZLyVJTbvc9WvmN6aW1jKNv+7B2H6Ypsduu05U7ffvXQ+SgUDBOOlTx2ykHYmWJxjFe7Twqi7yPCq5gkjk5LUyKVCcmsrVoUtbfgDcRXdXEKIAAVz1PvXEeJJVCMO4FdEqUeRtHLhq8qs12PFdfOSw5PJwMV5pfry5PAI5PrXpGrZmZ2ONo7VwN9GMsWUdeK+Cx0FqfoWXe7DlPLtXbYspyG3dOK8g1kAFyRkd/evZdZQMz9lHWvJPEKbd7DcB6V8Dm87s+0yqHU8l1S4wxjJOa891O5LORnCg8D1rr9bkMZduQOma4C4PmHn7tfmmYVbaRPvcvp7XMadi29wDnOK5q+nMIZtwHHeunuwIo32qcY6Z7V57q9xuYqPmB96+Zxb5Itvc+nwMfaSVtjAv75mLjcMDtXFX8xkLAsAM5+taWoyhCQTj39a5mV884564r4/F1ne59thKSS0IWcjgHvwKY0oXk8H3qu7lJehJ7+1QSSYyc/NXJGpdXO+MbFsyABT1b1qo0ozgYwOuO9VWnzkZqq0u4kKfl7n1puXMVTp8z1HzT7vmOWANVHkXqSMfXrUc8o+6DkeorOkdVHV1GMgVpCKW5q1bQtPMgDMWOe1Zs0xIOM4xgZqnPKSx5+XFVmcuMFsAdOampNWujaMb6lmSUfKCSMgVE0pUDjI+tU2fnOcDrXbaD8PvFXifQtV8QaTaRTaZZrumcyKCB7Ann8PavLxGIhBXm7I9KlRb0ijh5Jt/y8gdTWe8jFsg5A6ConlbkE8kdqqPIUBHPSolO7sbQgWPMGCTxXLeIbvZbSkFgTnmtN5G6A4rivEk527C2R0xmufHVFGi2jbDR5qiPOrmT5ycEknNZk8hyPT0qeeVfNOcY+tZ8jgvk9zX5nWnqfVU0Vbx8QSbcZPy81Tto90kadSTUlw2WRc+54rR0a38++hAG5Qc/lWNNaGlE9PsIFt7SGPI3HAq14luBp3h51yFZxUluvmXFvCuNqgDA/r+lcj8T77ykt7NecDOKqnC7bOiu7RPHLYZnkl2lmySTnpXRW7scKvFYFog+diDz2roLbgqAucdcV9Fl9O1jx677nQ2QO8Z6V01uPmXB7dR2rAslyqk10dsu0KTgHjJr7bLqTPJrM1UYIAB8zGrkfyqXbk/yqrAgYgsMjNW5ANuSdoFfSQp2V2edJpGTcv8xJ6ntWRfT+XA7twoBPFaVxIockgH0Fch4huisJiU4LHAArzK80rs2pRvoj1X9nPwlL4r8ewTuheJZB2zxmv0b+POqxeH/AGrwQyWaSfZ1s40lOPMMhCMFGQSwQyMAOm3JBANeL/sa+ChZabceILlADtyCRjmqP7UHiaS51PRPDiSSiLDahMGRdr5Jjjw33sjbNkcD5h17feYan9UyiMftVHf5HhxqKtjpT6U1+LPmBJCcAZA9zV2FxkE4rIUYG4n5fSrUTjAIOf614lKaub1Kd1obqTYIxhsVajcueQFHrWNCQzcenStOPA5xk12wbbOKcLGuvATBAx+tWEO7lmCr/OslJWABb5hU/nOcAAA16EZpRsZl6adV2qtCyhTnIH+FZpZCTljmot0hI+cdPWr57O5MYq5uR3JDjHQ9s9KsSzNwAQMdvWsFHKsDk0+a5Yuuw49zXXSm3HUxlHobRuG8tcNk9AarNMSTkknvVI3GYwCzL+FQmZRls7j6UTfQIQZrLMFUDJHGahefBLHJPbms1roqCMEE9zVUzElsnGKx50aRh3NY3JRWJOKzjOxYtuGCe9VJpy4IyQBWY87E4zwKxq10tioQZtNcKOckjHenREt85PB7VkRktnOfxq7FIyLg/KnXNc8Kl3qW1Y0zNtB7Cqk0wZuGHsKpTXG3gcVnPOxYkueK0dW2iHGLexpPKrd/wClQP8AdJzzjPFZ5dnJY4x70PNhcFs+lZSmmaRjYjlk3vtHalUk8549c1VJySelIZQBt3Lj09a5pSsUXWkCcjk1Skd3PHSqzznOwdf5VCZyD97k+lctSsnobRgaEblSATz3q55uVwOnasISsxz/AA1ct5TnBxgc1lGp0G1c1U+bBcke1W44844wtVITvYccVtwx9AAQOnNdVOmmc1SpYrrGqZyPzqGUNJwCAtazoCCFHXgnNVygQEck/TpWzodDnda+pjtEBwACartF8pfZ9PetYpknPA9apyquT3Hbms5QsaKbMuQZABGVqjIFyCAAK0pQASNw4rJuc5wpwK5qp002Ztw3PJ+bHasqVS3J49605gWyScD+VU3UhT/e9K4J7nVBmfIpAAHzZ9KrshGBnH0q4VC7iemKqOW9BmuQ6Yu5VYKpORyfTvRSNkkMT9TRU86KPKacrEcdRVZWIHGCKk3j0Nfym4NH7PF3Vy2D0INO3t61WViMEHipQynvj61JrCXQsggjI6+lPV2XpVYEqcg04Oc89KycWaF6KdgcHGK04pipBByKwgQRkVYjmIwM4/rWM4XKjKx0KybvmBqdJQMHNY0U2D1GKtCVeOgOK5ZQN1LW6NtZmGGUj61YEpZcglT3FYC3PbjIqyLjPAxmuadJnVCqa4kYcjFP80sRknNZAmJ6gCniVhyCMVk6LLVU1N4JznmgyMuCDnP61QEnfd+dJ57AYIGPrUcjKL5lYgEHDCrCXAIyevpWUJs8kAZ7elAJyCCc/Ws3AvnZsfaCDnkD0ParUcytwCM9awRKc5PWpFmIIIbBqJUU0NVDf38bcgj0pCcHtistbgnAPWrKSF8A56Vi6TRoaUUrIQAeK1o5NwxnmueUMMYPH1rSgkbA25yK5a1M6KTZoM2GUZ69qa425ODt74pYYpWYs2OPU1YaFzknBFcy0Z0pXVyojMDuHyn+VWIWbPUA+xqIwnJwMjORShZAQR1FVOFy4po0In2HOcVdjlVuHJB7EVnxkk4JAb2FSkZABJxXNKkawuXvNx1JH41C8jA5+bOagUnJBZx9aCfU8UlSLqFkXMjEtK7OT1JPNM8zaMnK1VyM53tTT91vmz3IqvZIm/cuBg3SlD5PJINZxk2ng57UiS47tj61DoIambkUoXIOckYqBjk+1VROOMZB9c1KpBweMmnSjYcnfRFwtwF4H9az52+cfMdwPNWRlsjII96hdNxJ4NVGLTMVGy3KztngdKVHB+XPNIVUdSc1AQFPGdwrojFPYxTtuWA5Awcn8aVJiCwIJ9KYm11B6euakKchscVoEpdUfsd8LPHDeN/h94W1y9eee7vLERXTyoqGW4TMUrhV+UKzo5GMcEcDoPyu/aa8LroXji9lWMRxSOXVscV9R/sl+JG/srxd4ZeSziMFxDqMMe7E0odfLkOM8ovlQjgcF+T8wqr+1/4TGp6Rba9FGC23lgK/PcPT+ocQ860jWX4n6pmkVmPDaqLWdI/Om2lLIFyCRx9avK5Q5Oc9elYelZ2FGOGXjFdAIx8h6DuDX67WjyyPwunPmijWtpjtAP8A+utiK5UbRkgjv6VzquFAwpC+taEWGKFckfyqac+50unpob0kyNHyQTjrVGVtyOQRnFRSybVAxk/WqwlODkmvcy+toePjKZUdwR15zWLqCBkEgxuB59q2GxnqDms+4G9GVfTNfXYGpqj5rF0vdPZ/hvfm409rY7iQM4ruvFdst7oscmCXCkYx0wc/+zfpXifwz1DyL9rZmwDxzX0VNELjS7uDcAoYNjH3u2Pb72fwr3oPlqxfn+ZwNKdJry/I+bzGDuH9Ks2iEqoAOQemau3No9vdzxMFChiKggDRSupXg8j3r6WdBW0PlnWtI07cYcAkjP6V6d4ccMEfPp0rzRNvBGCa73wxIN6oWw2cD2rhxtG9OxphayVVXPZbSX92nzDGBmtYAbVK8nt7VkWCpJGiE555reIjAwSPSvm6OGtdn0Neq9LCIvy5YjPt2qKRuD0BPShn5Pt79KgkDPnYcN3OK6qWHa1RzqsloSJLtO35QQetbFpdGMrgZXHNc8qsch+T6itO0lIUqOBnrXbQw1zjr1VY6+GcSNhm9xW7BEu3jBJ71yVu6M0bEkHPr1rpbaU8nIznFezh8P0Z5FSry6o37eLaM4ANbMDHCgkED9awoboFwD0rZidXHJYenvXv0cPZ6HiV67+0btvcZUFgCp4HNaUUkA+bIV8fnWLEu3aO3erLsCo4AGa9+lh9EeJiKt3bod54f8Qrpl2kwlCEDg81+hX7NfxP0z7Zeyalq3kMqBIiCPvH/Jr8uA+MDcSOmPSt3RtbvNGuY7uynlikH91iK+s4ezWeDrKpa6R+a8ccD0M4wkqLdpPqf0i+GvHUc0MSW+pQ3KjBzu5r2DQ/GsQKCY4I75zX8/3gD9pC80iaGLVZLxYwQNy84r9RvhX8R7Txjp+nR28TS71z52ec+9f0Tw3xTQxy9m3qf5/+JXg1icqTqTjeHc/RTQ/EttqFzAsZX5SCR3NfQ2i6jZyRjbIgOMc1+ePhvWX069dRMwckYJPSvcdN8ZS2wTdKSe+P88V3Z5wy6qXsz+Wc/wAilzJR2PrSXULeHA372J4xWRqBnutojBKEivHbHx7blAJ5ULDsas618X9O8PWCXE0ltIDwM/SvjFw7iKc7Rjdny9LJK8qijTjdnosV2llcBpSBj1r03wvc2Ou3cMEdwmDycHp/nNfmj4s/ah8PBroGRoJRkblIIzXnnw7/AGtjbeLrS0jv2ikebERzkHPqPStcdw17Sm06ijUa0Xmfq2TeGmYySxNSk3GOrXdH7V6zo8OlNEYZPNRuMk1BDJgD0rgfCPiyPxfpNtqKXRuQQMntn2rtowSBgGvzGvhKlL91W+JCq4mlLEylQhyR7di+0iYGMZpnmLtO39KrbG9KayTqdyn5PTHP51goLZMuWJk9bD5fLkGNuD618RftS/D2bXNDnuYLVp2XLjaucjvX22quf4TmqWp6TDqlrJaXUCyRsCvIBxmvayTNPqldVN119DtyTM5YTFwxUVqj+a/VNJu9Dvm8+J0i8z5cjpzXu3gDVVYRAsACBk19EftQ/CCx0Czu57VI1uQ29Qo7dRXx74PvpIZo4CSrrx9P84r9wyDEwjUjUpu8Zao/sPDZtSzXLlXhufb3hC78u+hy+0dM19X+Gp12xsvHSvh7wxf5a1djgZGa+x/B9xHLBCxLZIHPpWvHGGVlPoz+euOMDsz6MsJBNbwOOhHGK2I0J7DNZGjxBbSE59+lddY6TeXsM1xboDHH97Jr+e8ZWjGTu9D8gy/LatWq6dKPM9djPCge5pYlw4B6etL3PFSRlVYEtXPJ6HVCmrq42+jRrZ43xtIIPvXwfZ2kY+LOsHAC/ZJADj/ppHX3dqDo0DIjYYjjnHNfHOm6c7fFnVlOWP2SQk5zz5kdfccFV+SnXb6x/U66OJUcXGCZv+L7RBp5cbTgAjj2r5e16BGaQkKSfUV9oeNNOdbHbgHgYHrxXyp4g04rJIChUZ6g5r9H4Kxqcdz974fqXtY/Bf8A4KrAWmofArzAq7rfX1Hvzp9frNFaxTJ5ZTDeoFfkv/wV8he21L9nXYAA515eTjIzp9fsVDZPGN5AJx0OOK+D4Ni5caZ27f8APj/0g/sHihf8YjlCf/T7/wBLRkrEsC+W6jGOCD1pLSwjlnjKsu3IrdltGkIzGCo57Vp6dYRoGkKtkjjiv2+jSvPmZ+LYmUYxbZCLJztVASMcmiS1OPmAH17VvR25Rd6g88n6VSuZkbaoADZ5Jr1oVm3ZHy9WvG9jKitdqs+0qg/Ks6aElm4Oa3ZSViGCSves2WdI422kEnpkdK7KM5XMPrDexzzwBpCApweuBxUwtVOAcnHbPWgFnYswwexqdFfjJO4DrivRlJoxr17bsri3KOON2eKfIREhEeDV0SKDtwQao3Mg2tIwycY+lTCTb1PKlWi2Yd5cDktyQPWvLvEFz5rvHuwOc/8A6vyru9QuVRJWJ49K8m1a5Bd3AHOcc4zXbiFywsj6HKoW1OP1BVjR3djg8815zqV0gLKMn0wa6nWrt5dyhhtx0x1rzO/lbJwSPXFfnmZ1Emz9Ay2npdnO6vLH853bv6V474juk+fHX69a9K1iRVjdVOQR3FeN62s08hVck+9fmmdV38Mdz7/Ko63Z5VrTiR2BXjPeuNuk8o7jkn07V6PqenYJeQkDOfrXnWrMYy5OAvWvjauEcY88j67D1VKajE4/VLs7WUYH0NebanOULFQWzXWapcElirFh9K4HUHLswJyD6d6+HzWtdn3eWUlayOenIdmJBI5NYtwgJ+7hRW3L8hwSQPYVkXEyDIPXOOlfK1ZKT1PrKKsjDunIc7VxWRNOCDkcjvWheMwIAIHtXOzyZQg43Z4x0rinHojspx5tge4wCFOKj+1gKMZx0BNZNxIyEhycnriqjXWwYYgnrz2qIVlBHZGK6GxPcg5JYZ/nWXNMH6kgelUWuFfIO4n69apTXBQkKc0SxiexoqTZeklDEnI9qiMoGMnnPSss3ZXI5z701pAvznI7/WuZ4q/uo2p0bF2eYISxfryBW7pHj/xToOl6houjavPY2Nyf3qKB83GMcjgVx0k6gHd8x9aoG5UEjBrlrQU1aWp20bx1ReaYFmeRyXJycCqE8xbOOAKhluVGSSMn9Kz/ADuckk9hmhPsaKN0WmlIyTjpn61534huAWYkrjviuturkxxMScHtXmGu3f8ArACcmvJzitanY7sDSfNc56Rw7MSRtzVSSToBUTTgDPPPbNVHmzu3EE46V8FNq12fQDZG3l2YnOcc12nhGAPctMQcLXERlWAQk4I6+teo+GLfybB5eRuPBqYysbUYa3O+0WETXMtwwG0HOfavCviFqS3OuyxBsqDgYr3e3lFho17dH5cKcH8K+WdQle/1m4mJLfMa76UbJd2ZV23uXLVP3YPUcVrW6sTwpOaqQIdoB4FbdohwAoAr6PBUjya80jbsI2KgV0kILYBUYFZlhGxUDjn9K2mxGFVDxivt8vp2R4tepcuQyBVCjiq99d7UVV5Y9RUIfbyTk9qoTzK7ckZBzXrVKvLTOVQuyFnOct6VzBhk1fxBY2EY35kGR+Nb1zMIoHfHQc5rq/gL4Yl8U/EG0Zoy8Syg8j3rzaNJ1q0KK+0zqqTUKcp9j9TPhrpCeD/hjYRLH5c80Y4Pfj1r85fHniNPFXjPxDrcTwSW01wVgZEZQ8SAJGxDcglUUnOOSeB0H6DfHLxJH4O+H97DayiG5W1Frb7ZvKcSyfIGjPXcoLSYHOEPI6j8w4jjPBBIr7LPsResqS2grHk4OmoUE+stWXzMBhc8VOrhVXqccj3qnHng478mritnaMA/jXjRT3CUk0aNs5BOcDI4zWkkmFIJGT1rNVsYCgk+tPZj3Bx7mvRpVLI5p07l8SqCAG79KuJKuPmbp2PWshCMD7vTj1qyJSo/hXjvXVSl1M3FIvyTJjPBHtUAlQ9SBVGaYjGDg/Wo/NwPmwa1VTXUSiramg1yqncSM/Wq7zhmLDBB7elZsk5c5UFRTPPwV+YEkdK6adW3UmVM1DdbVI6kU5btFwS4LemayxLhWJI6ZpkTI5L4GOwrOtW1smEYaGqZtzE5GTUD3AVSARiqsk8aA/MM44qg8hcnBFc1SskOFN9S21z1INOhfeelUUB53DcPpU8TBQSeBWSne1zQ1icKCuMUhuRtG3GapeeCCMj61SY4zhs9/pTdWwnC5ceQckkH8aqGZM4J47ms57nGdx6fpVN7sE4XbmsZV0axpNm00392oHnAAwQT7mshpj3IzUJmVvc1hLE9jSNHuaElwCTk89qha4YdMk+tV1bccHrj0qcRggZyRjpisJVXJlpJIjjctkjKk9SasogDAk4/maNgGAAcY7VJHHz0A/pWdnuKUrj1K5OBxmrMLDuAPbNQLGTgDAqwiBcn7xPr2rWEbO5nJ2NWBgMYxW3E4KgDAH1rm4SB2FXRPtAOf/r110qttzjqwudAHAUE9e1Qsx6jvWYkzdTmpjLu/i6V0Krcx9mOkYAEAj3IqjK6kBQTjpSyMAfvYPvVV5RzzzWE6tjSMeiK7qT90CqMqE8cGrskg7ZFVmYENnjNcsp30N4qxmSQjPzA1SljIyAeK03cA/LjFVnIK5AyeuBXHOx0J3Mxk3HhcD3qjJCqgntWrIhOSSF9qzplAJJ5P86wnsdVOV2ZUq5BAwF/nRS3LEHiiuCT12NzxRXOAR+VWFbuKoK2ORyDUokxwMg+9fzHKB+xxlY0FOR701mIOAB9arLN6cH60vme1Y8mpTmuhbWXA7/SnZPqaphxnngVIGI6GpcWioTLQc9+akWXBHJ/Gqgf1FPBB6Gocb6GsZ9zTjmOODmrKzBhnqax1bHB6VMHHQEN3rBwV9TSNVI1BIM9xVhJmUYzuWscSY6gg1PHcdiKylTNFUNkSk45/WrCykdqxFnyeAQal85hzjIrGVM2UzZ8/wBqcsuR0Gax/PY8gNUiT5IBBzn0rKdJFKoahkI7gUgmA6nNVBJuGOetNO7PGMj0qeRFe0aL3nheBn86tI4YckVkDfkZOBV+BWYgDJ9qznTLhNXNNGbGRwKvRKTg96Zb2MjkEZH0rdh0+T5SAw/CuGpJLQ76dN2uQRblIBwa3bOEkZYD86ZDpsisCRzWxb2Ei44J/rXFVlF7Ho0qTuOhjBG3g496tCHnJGa0IrUkAFGDAU4xMp+774rzm77HpKkjLNvknAqJrTHcYre8kFehxjvVdoGTqpJ9hSUr6Mt010MJoGDY6UqggkEEfrW2bcsPmUGqz2zZOFP4Vaa6mfsiiUyQQOO9MZCf7wGetXjEVwSpWo9pyeMD86AcO5QaNlIOQfak2qwHYmruADjbkdzTTCCR90L6AdabViSgYuectUflA5xnJrSe324PQ/ypohJJJXBHfHWkT7K2hR2bQNxJ+pqxCNzbCcVb+zuegU8Ui2zhgxIXHtVQdmJ0nbQk8vkAfMPanNEQMgVZWE4GCOenFTGBvXb61TXvCjDTUxXhJJI4P1qs8RPRhn1roBbnnITp0FVpLMg9MH3NXTndmToNK7MeJGAB3dKshRjI59sVYW3Zcjy8n3NL5bjjb+vNU3czjTPX/gH4jbw18UPDrM84s9Rf+yrhI41YyCYhUB3dAJRCxIIOFPXofvf4qeHF8R+ANXsmjLzxKxGe1flX5YXGVIOK/YLwjqyeM/BeiazK9hLJqemxTTi3OY0nKDzEXk42vvXBJIIIPIr4Xj2hKNGni4b05J/I/S/D+upqrgam00fhleWT6Xr97ZyArhzwfrWwkbGPjB9q9L+PfhZvDXjy8ZIysbSEjj3/APr1wNuheJGUcdTzX6NhMcq+Hp1l9pH5Pi8A6FedF6WY2BOM4wtXYiExxgH1pyLhiCcKeKc0fIKgYzit+ZPcylSSGzKDkhgy+tZ7Bt2ODitNkJRsemaosu5ck4/Cu7Bys9Dz8RC6uVGA3HOVIqs5UgrVqVSBkjAz1qrIQPlPWvq8Bieh89icPpsO8O3RstZhYNjLV9daPMJxGC+xZo9pOM4yMZ/Wvil5jb3sEoOPmGOa+qPCOpfaNNtHDbSCK+oVZSjoePRo8snE4/xRB9n1F2GQrDdXLNksrjg+1ei+Po8z/ac7yTnOMdRnH64ry+OblgckZzxX22DrKpTUj4/G4f2dRw7G/buvGe9dhodyYbhG4AP6VwkdwAQBtbsK6ezl2OjZwc9q3VJWs+p5lSTjJSR9C6NOsgVlKYAz/n9a6MsuzIwD3FeX6FePHEhyVB45PWuwW/3qASobFeZLBpHpfW5M094BPU1KBxuyMk/nWQLhWJAJz25qWO5KEg/Sp9glohuu2rm0qBuoGacuFbYBjPNZqXhIAB56nIq7FMh+8PfOehranhuphKu9kaUMrKm3g10VnMrKvzZPTrXKq+RgAY/nVmG5aI5Xp6etejhYtaM87Ezvqjv4ZFBABByK6G0fO0kkDFedW+pgkKR/9aujttSTAJc49+le3hWr6Hi4ht+p3cMmCNzYz6mrxdJFI4NcUl4cgqxI6CtVL3CAknPpX0dCzSb3PArqSdkbhQoxYMCB29ajeXAJJCisVr92Oc546VTnvWc/McHGBiuvmW6OdXbOmhvAHBDYx3r6m/Z7+OOpfDrxKBc3V3d2Msfkqhk+WI/3ua+M4JpCcliQOpratbiRXUjrnINerlePqYarGrSdmjwuJclw+YYaeFxMbxkj99/Cn7SPhfUoYFvLmBbjGCzDGa9ss/ivod5aF7W+jc4BAVs4r+dex8Y6paIixzuAOmGr0jRvi9renBAt7cADsGIr9rynxJnZRrI/kjiX6OFCT58NK3kftXrnxvtdJ3l7pkGOo6V8q/F/9pWXULb7Pp2sQFo1O6MPzmvkGL4xjUrcRahPKTjk9a+dtZ1F9S1a+vA5Idzt9xUZ3xpVnC1J7m/BXgphcPW58THWP3M9yn+NGt3skzTSu6sx5DZ4rq/BnxRks9TS8O6e4OMZOCv0r5hiby8dDk4GTXVWExhZZIyFkBBweK+Mw+PqylzuWp+51+HsH7J04wSR/Un+xl8etF8S+DrKxnJgnChSHPPFfozp1/b3sYeCRZE747V/Kp+yp8ap/C/iLTNHmZpLWWVVIzgr7iv6aPhRc2uoaRaXNtI8sTwq4JPXpXo59haVWgsXF+9s/U/gfxT4FeV5lKpTVozeh66i57ECrSRqQMjGecU14REilCc1Bvb1r4DWWqPg1FU9JLUcxVcjbkiqss6ICx6dac6vyTnFcj4ruZYLErESrNnpXXhMP7SaiupxTnKUuVKx8lftV6/4YttBupNTuYhOybURMsxOPavyStNcsLjWvP0+GaCIsBl+Oa++v2mrcXvhqeSUjzYZNwBPUHrX5qWkvlXMhQAFXyDmv2zL4PDUqdOLvZH9X+FOVU45a1dts+y/CF55ixoXZlOMYr7Q+HmogwwKxBOMda/PrwHqBkFsFYE9D7V9q/D+5crEoyenJOBX22dWr4FSfQ+F4+yjSSPuHQ5VeyjZchRj8K6+2vLmCGWKGaSON/vAHrXn3hSXfZgbhuwCMV3Ef3RnNfzZmVJKo4tH85UpTo13ySaZP5YYZJ2t1zUe5c8sQaurt254rOVDvJAyMnmvPgrm+Ihy2t1IrrmPrivnPQ7Qf8Lg1XIODZSH6/vIq+lLuPEfBIBryzQ9IjT4jz35hc7rFxu7E74/8K9/KMYqdKr5x/VHi16jpY6lfrobPjTTybQlwQAo7e1fIXiRAkk67VJBPGMmv0F1/T4b3TZ0dNzBMgjvXyN4n8NpuneOFxyTkmvpeBc4ivdkf0Rw3i6cZKEtz+an/gspiO//AGaXJCLv1/JPb/kH1+yNxPBEdpYrg44B5Nflh/wWI+EvxL8e3f7O0fw78FeIfGa2suuLd/2fayTfZfMFjsL7FO0Hy35OPun0r9R7uIyXGPLkDZ44o4DblxbnM1s/Yf8ApDP7L4kqxlwnlDT0/ff+lo0ra7hZdpVWzyK2YprdI9oG0D2rHgtRjmPaOM+1XkULhcHk8cc/jX73CklGx+GY2rG+pfachGTgMeKzVt2mkL/M4B5NaCpxnHzN0960IrdUjcleeKn2ijsfOYvEKOyOauYWJ+6Nv161lTWxdgqr/wDWrqJ4kDlsEevFVEgJYsdxYnjjgiuuliLK5588S0rnPCxbB+XB9qn+zJEMMQW7+1dKIlUc8E8DFYdxwXYjbnnJraGJcnY8yriebcx541IPr6gc1zt/KI0YDGB371u3cnlqzE4HP51yF/JvViRhe/PWvawVO7uzLDVU3ocbqs7OH2gkA9e1eW6xMhLgMSR6V6Brl2kcJw2Fzge1eQ6tqCEP6/SuvOKnJDTc+5ymMpW7HHandctnJ7c1xeoXFuqsSRkdsVuX8hldtuSR1NcZqinBK4UY4PvX5lj4uWp+i4FWsmcfqsrXBZA2OcYzXLXFnGkbSSqOP0roZnWBmLnLdua4/V9T3I6BsAZ/ya+JxWHgm5TPq8PVlbkgcDr8sah1RQo6V4lr0u4MoC4BxXp2tXO1XwS2e1eO6zOXLhtqkHr718dmNVWZ9jldJ3R5xqk53OgOP61x85cbm5/wrtNQgEuWA2471yF+Y4A2eSOw7V+Z5rC7bP0bLalkkcvfXBQE9TWBNJ5jZ5xWndyiRycDPWsiRiWOGwD39a+SSbnofVUouyuRSxhs8Lu9TWZLbIiMQFJ9cVpu4AO04AFULiQbSSwBI710+yjy6nVCb2RxOouVPBAPr6Vz0sjkHPOOfrXUahEjfMcBTniuXusAE9fwrxMVTsz1MO1YpNcYBBJHbiq0s5HGefSmzSBeSPm7Cs+WTkkElj0rglUsrHdTp31JzMwye1Sfa1IIcgCseScrnJA+tZz3XzHv9azjU6mnsr7G3LcqwYAsPSqH2sAlcjFZT3oztPXsKoy3JBJIIHYDvW/MrI2jSVtdzekniVCQcn0qibnB3AjNY5u5O5AJPHtUL3BbJzk1fOjRQtuP1S+CxkEkHrXl2p3QklOSDzXS6xdkZGa8+upgZGYkk9M18fnuKu+U9jA00tQll5wOfWqckmRjd9arySkk4HHvUCljkk5Br5Rzu7npezNmxHmFeQzZGBXt+l25S0t4RgnaCa8g0CDzbyBCCwyOle6aXCZLmOLHyggfWuiK0RrF2VyHxtcjS/DZi+6zr1r5x09d7PMecmvXPi1qBLxWETZwAOK8ysISkajGD1xXq04+8l2OCtsaEUZORyMnrW/aRbSD271lxLkqprobWM44Wvqsvp3seRiZ6G1anYoYZqyZs4B+Y9arQqQg4OKeEIBYqefavrsNc8qXckDYVgWLE+tMZI2zg4OOtKMdyRTkTgkpitqk76Ga7nO6zJ5ds6g/MfevuX9jjwX5Pna/cQ/dUtk18OzW76nrNlYRgsGcKePev16+EegR+EfhtbnYkdzNGBzwea9/hHDKVeWIltBHHmdRuMaK3kz5v/aj8Sy3up6P4djklEYDX8qlF2tkmOMhvvZG2bI4HzDr2+T/ACgO2B6V3fjvXR4o8Y+INbiaKS2luCsDorKHiQBEbDcglUUnPcngdK5QIDgYP51NX35ub6irT1t0RDHEMDINWo4cfMAQfpU8aDjHapm5Bzk01TOdzQ1QEUYHzfSoi4yc4HNKyjB4f8qru/3gqn64raNKxEpXLSSgk9MfSpDLxjJNUBnjuaUA+hNbQTRGlyzJIz552j6VHgYDEA96aFY4+X5On41Y2fKuBj3roXmJy6FGQu/AGFz6dajCbRkg7varzqyg7wCP51UG3dnBz15oJ9oRAYB5bGMHiod7AYxz71Z2EkAbs57E80woBgEKTnB9656qaNYSRGFBGSxI9+1SCNDySBTdgwcYH496hcuo4Jz+dcskupsncsng8H8qR2wctgVRaU/3ipxzzVKeeVgQC2OvtWcqtilG5ovcIMgYIqlJdbQc/Lxxis9pWC4zk/WqjtvPLEc1zzxD6FQgrCz3JZydxWhWwATxkd6rEndjgims2OB1rnc+7NR8swHQgg/pSwuCAefSqjLkbduR9atRIVUfMc/Ss1Jt6ltWRqQDIHNakUO4gHkdqyoQQRyAOgxWxBnIxu/OuqizjqS7F2O2GckDAFOMQ5OAB9aa0rKMKw9OlRtIxI+bHt61u2tjAcVA74A6UKvzE4yB61CXBPLAk05SP7xx7UpX6AW0yO4yfepR97PGfeqJlAOQyge9IZvUg03OwGr5uMYbPHSozMeMNj8azxIT34zTt6+9HtjP2ZNJIzggnApuDjOOKjD5OMU+o9oVGNgI45BxVaTGGx0qzUDg5I+6aiTQ4+ZSdC3I/nTlQANjn1p7LjINRuPlIyPxrCUrmmrKU4A6YArIuOCR+VX5lxuJJ54rLlxtPXFc1ZnZTdlczZiMkE5J9KKUxmSQIvBJorjjzPY6opHgofZnn6inCUHoKjucKSynKntVUPyM8V/NR+u82ti+ZB2Bp6O2eOPxqn5n3cc+tOEmMYyKTWlii/5ntUgbHI4zWeJ/VamVyw74rKUbAtdi95ntSiQDpmqJk28ZNPEwOelRKN9yoysXxJk8HNWkXcThguKz0ycAKN1aMQY4B5Pc1hKLsdVN6WJhHjOCx/CplgJNW4FLADGa0YrYHHykmuaUrbnXCizLEDHBGanEDDaDkGt+Kw3AHJJ9hV5dNJA+UjNc06yOmGEfY5lbdiOMkfzqRbZmJ4YCuoTSWHTJFWItIkJzjNYyrI2jg2/UwIbBm2cbvWteDSt2PkB+ldPaaQxIyCT3wK6u00YcZQ+/FefXxiR6GHy++5wUOgl8AxMR6Vt2nh0hgCn6V6Pa6MMr8i/rxXU2uiKCPkAxXk1syZ6uHyi72POrTQgB9wj6itiHRwMZUmvTINEU4xHzjtWlHoSseIxXk1Mxuz2aWU2toeZR6SFGcHGeKuQ6dggbcn6V6jF4dTAPljI7Vbi8PYYERH16VyTzBbHfDKpbWPNk0ppOPLpzaMFB/d5OfSvWYtAxx5Zz9KnbQ/l5jOa55Zidayp7tHjDaUTnCHjiqz6awJ+Uj0r2J9AOMhcEVUfQm4BUj8K1jmC6mf8AZr7Hkp0444XNRNprHJ2kCvV20Bj0TP4VA+gt3jbOPSrjjY9yXl0trHlMmmnHXIxzWdJYkE/KR7mvV59EZBu2ED1A5rIl0jqQpxXTTxKexyVMud9jzZrHByM04WfGdoJ6V2kmmEH5V59MVX+w7Scg5+nSutVWc31Fp6nLCzboyn6U77DzkACum+ykZwDtHepEtBnAVlPfil7QtYJ9TnPsJGMqcnpml+xkAYVSDXUNbHOR8x/Oq0kI+9jnvUKrcbw1lcxFtiQRjkdBnFI1sy5yoOO1aJj2HnOD1JpkmRnJJrqpSbRyulZmaYioGU6e9RyRhySQQf51ojBGA3B9arOpHIIxTiujMHHSzM1osE5zTfJDAgHAq4VLjCjB+tNCuMZyQO2K0M/ZK+hU8k4AIJ7dK/QD9lrxNJqHgrUvDk7TySaRdh4iUUIkE25ggI5J8xJ2OR/Goyeg+DQ2CDgD6V7Z+z34ki8PfE7SYrhoIbPU430uV3RmIZyDGF29CZUiXJBADHOOo8/NcH9Yw06MvtJnqZHivq2LhVXc7n9r3werm31+CIEMMsQM18O6c3nQhAfmXg1+vPxo8Nx+I/Ad9GIw80SnHGTX5IW9s1hqV5ZuCNrkY9Oa8HgDHueBeHn8VN2PR4/y2MMaq8fhmrkrLtPJ9eD6UAAFSMqf51pTwbl37guBnmqO0HDKVbHcV91Sa3R8RKHQeqqQeg46EfyrPj2mQoU+X6ZFbSRq65HB/nUPkeWzYXk1vSq8sjjr4doxbi3Xadrg+1Y8mB8p610csOGJG0Gsi6RQWBABxX0WDxB4WKw5yWpR5QMp5HPHevcfhpqP2nT2hLZYDue4rxu7jDxspGBj1rrvhnqBtNQNuzAAnHXrX1GHr+6meC6Vqnqe4eLk+16QjbizBSAMcjBz1/4FXh6uA+Qc9jXvuqoZtMuY1baAQcY4Pb/2avna8DR3EykbWDEGvqslxn7vl7HgZ/grzUu5r2tyA5UnvxXS295gjHSuAW4aNkfcG+tbttdgnG7B719NRrK9z5KvQfU9s0bUY2jij3YIxnFdfFdAIrBsN/ntXiOj35R1XPQ16ZZ3QkjB3A1WJnG+gqcbKx1yXKuQcgH2qVrs7sdcetc8kq9n461YVw3VufSs4x6i9odNDcA4wVB+ta8MoI6k8/nXHxPtIB5FbtrIQQS2Sea6qcNdTllK+x0kTncvJx6elaD7XUBlyPUdqy4ZA6BR8riri+YuMscV6dOlbY82pNp2Y6MupGPu+taCTSR/xEkjtUEYDEZ+96VqraqUwcDj8a2pYd3uc1WtFMu2eokFFDYHvXQQ3QkwoJH171yK2jqxxuKj8cVsWzkfuyMfQ16dKo09Tirxi9ToCSFD5yoGBz1qBn43c/KcAGpYDvx85PqDWgtpHMFGSuOc5zXpUacpa3PGqzUdinbShM5IPfFbMMwKls55wARVI6ZMuHT7p6Y70qRSxOwIP+FenRi1ozgrVIyNiOUYBLY9zVhL3ByQWx61lOwKEA8455qvGGXhm59TXq06ltjy6tNtHWxXuVJVip6HFIl6pk2lwT69KztJeN2kDgFx0GaNQeNZkkjEa9zjj8K7IYxOXIcksImrpnX2r55PIPQ11FkyY2HGa4HTrnKxjOD/ACrutHiS8ureBm2B2AOPSvdw9NPSJ4WKfKrs+wv2UvhrrHjfx9YahCGg0y0kXzpGQkZbgc/Wv6kfgfIbGxTRiyutvEI1IHXGOa/Mn9jnwzZ6b8NNLis7eOCORgduwdycnPU5r9WPhv4dbToRPEz7mGSzDgV9VneFpYfLvZyfvS1P4h8XeI5Y/FuD0UHZHtDSq+0ZCihUiADbxUBsI5QpkBYZzyev4Vbgso423dT6ntX5NJxWzPyWlSlN+8hjReapVVIyMZrhPE0cFhalr+VEQDO48DFemfIqALj0ryD4w6Vfan4S1JLWJpZhE3l7Tg7setejks1LERhJ2TZ6NLLoSqxjJ7/gflL+2D42063K2WjX0c7M3zqD+n86+AtJuBfXDMMBj+nNdL8VfD3i228RalceIpp5hHKyryQEGemD0rgtIme3uI2A+Tv61+w3kqqXRaH9l8K5HQwmXRp0pc2m59L+BJ5LadYyoOMdugr7q+Hl4sscGz2z/hX57+GbgoY5dxUZGeevvX1P4c8fWvhOz0+Tyf7T1a7uIrDTbBZAkl/eSsEjhQnuzFR3PoGOAfqsxzXDYPK6uJxc1CnBXbZ8XxBwvis0rxweBg51ZuyS7n6deB9rWpyQTt6V6NEF/i4HrXwtZftb/Db4bNqOjeIfDHj7xXrVs7RyyW4tNNgiZeHUo8txKTkHqq+4ra8H/tzfDa7+GHh/4g+K/B3imO41vUtS/suzsrmNPs9hBMscbTs6tukbLElQFyvAFfxPi/HDIsRXbpSk03/Kzhx30GeOYVXVlCnbf40fasrhQAGLCo4CGYY55rq/2YrHRP2h/g3a/G/U9O8Q+A/Cup3d1JoaXVzCXu9MjbZHduQpwJGSVlyFJTY2BkE+grovwCidiPipbntxewY/9Br18LxzhK0W6UZS9InxmcfRb4gwFSP9oVqFK+ylVjG/pc8cuYw0ZUjpXF6QAfEpBXpGwz36ivpOSD9nvJR/ipDkdvtUP/xNY1tov7OlpftqCfFYNKV27Tcw4AyD/d9q9PD8VQUJRdKpqv5GfG5v4AYqpiaNWOYYRKEru+Ih/mcvdIBEOeTXkXirw0l7DM8ESgdSFHNfU73X7PsqBG+KEAAGP+PiL/4mvPvGHg34I+KX0ttL/ag8b/D1IPNEq6K+jyC+3bceb9tsrkjZtOPL2ffbdu+Xbjl/Fjw8ueNKp/4Cz7ap4QVpV4ypZlhI+teH+Z/OX/wUb8RJoPjLwH4PsL/xNpGr22mXOpTyQpiCeKd9kakq2WYNZS5BAAEi4JycfWHhrVbHxp4Y8LeLtKtLiDS9X0621O2S4QLMkU0ayKJFBIDYYAgEjOeTX6V+K/8AgnN8Kvjbo2qeLtI/aN+NvjnxLBp9xb6XMx8NCOO42MUVtmkgcOwJDcc8ivzD+EOm/DDXNe0f4eaZ8V/2ytN8VaSkunNoWrf8IoIEv7NCp066VNEjuFXfF5LhJEkAJw6thhz8MeMuGyfOMXj8bGXLW5VZLVOOivt0P7Mfg7mWZcNYDA4OtTnOkpPmUrwlzO75WlrqdbLYwIDgOHxkj0qBLcNN0wAckkdB/kVznwz/AGgvg/4t0R73xz4Y+I+galN5dvBFY3dtKbW5Q7JzOroMoXztUMCoU7iSa7Iaz4WufF2qaFouotdWMkEeq6LLMVWbUtLkAC3BjUkLtlE0JwTkxbuN21f3Hhf6Q3Dua42OX0KjVWW3MrJvsn37H5Pxd4E8T5RlsszxNJSpR35Xdpd7dl1GskeF+UEDjB4/z3pPMjVWAU5zjPpVmeEK5zg85x6UgtTsJcHkce9ftimran8+VcYrIw5j5suCMKPzz7VOo2oxKtj1xWlb2JcYwCSM81auLICNYx8rdenSrniY3UTx8bmN7JHMTOQSybl7H2rLuINwyPm7nPSuoayxj7rDuxFY+oKIVcLhT2/+tXXh613aJ5ksS5OyOB1SVUJGOO2e1efarcMXZVO0d8V32or5jO2AUxnJry7WZRHvPzEHPAzX3WUwTsfQ5bFaI4HX7gtvywYgE8YryS/AkcgMSucHNd/qkkty7qpYDnkVw91bNHJtyvPfFYZxRdSeux+j5fiI0oruc3eLHHE2B8/SvNtbuVQMHJH1r0TV5RGjZYbsda8Z1yXPmPkN7Zr4PO6kacWlufW5UpVZXZw2s6rgyYO4CvP7/UGbKlyM85PatXWHYM2CO/U153qVwwDfNk+oNfkWaY5K5+mZfgY2VjN1a9XDLyWPvXmOpOGcgYz3rp7+R5mOM/n2rzvxBqMNnHIpI8zuc9K+Gx2MuuZs+twVF83KlqYOpX623mKGBPII9K831O7y5YMCemPWpdQ1ZpXYKeO5xXOXLmUHklj0Ffn+YY91Xyo/QcswHJZyKclyN7DduJ6GqjSHcRu3Dp9KrXCsrbh16VTedsHbnPevJpSs22e/UV7WLs8mw5Lj6Vl3ErsOdpXHHtTJZW53NyeBWbNISpIcZ7iipWu7I3hG1kVruRnBUk5/nXM3efmTndjP0rammTaSSR3Fc3eTkuWY5B4A9K8zETvoz0cPFmXKMli+XI6Csu4mIBVQEB54FX55ecEZPciufvJApYBj17V5dSPY9FN3silcTsM9qy5LvAZQCffFTzTAIVTGfUisSVyePmyaynLQ9GjC5Za5xkkZJ6VVec8lsn0xVdmAJGT+FVTIxbOc49qiNbsdEaSTLbTjA5qIzsA+Vx61BkZBwSP5VHcyqkDsOP6VTqWVzOWrOV1S5Z3fLE+1cnPIUPvitW+m8x3wc1hyKzkjJJr4TGtznfoevRjZWKzSM2eGNWoombaAM+vtTYoNzqD83PetmG359BXJTots6IyS3Or8JWpa480gbU5xXuOiWxjd5WwdqknmvPvBukM0aybeC4JyOCOuK9bmRbDRLy5b5SVwDXq4bBtyVkRVrpKx8w+NLqS/1+YdVDEfSoba2IVcjPvVn7KbvUZ52yRuNdDHYTsMQ2805xztUnFethMJJu55+JxCMiCBwSwHf866S1hcKDtIB5PFRW9qWkZGjKODyCOldVZ2u2NQy8D2619bl2FZ42JrIoAMcRxg5J7mrqxKoVJBuBHI9avpbbi7AFceop62wUhmGG7V9DTpuMbnDz9DHkhC8KmKhdiqM2CMflW3c2l7EgnlsLqOA9JChCn8awNUkC2zlM5PHNYVbw3HCV9Dq/gx4afxR4+swUMkayjn8a/Tz4sa5/whPgW8No0sM9rabYSiqxSZsJGxDcYDspOc8A8HpXy5+yN4TRLibXbtCFT5skdK1f2ofFov73SNAgeNt0jXkq7WyijKRkH7uDmbI5Pyjp3+zwFP6vlnZ1DzefnxTmvso+Uiqr8ozmkT7wJPPSqxdiSF7+hp/P8AtY715aeli5R11NEMoHPB9ak+QgDk/jVOPdwASDVhmYjAGM1vSkYTgLIqdDuYVCUUn0qZULABgWHbNTrD8w+UetdcFfQykrkMcIK9D9PWp0tN7DI2jPWrsMXReorQihPGOa7adHTU55Oy0M4WeMknNSi3QjsPbNaRjwOrfiOlMCkAkkgnritVTM+dmRLCg+UAYFVTbKckAGtlly5AH5VC8WTgcfhWc6VyrtmYloozxg1A9t83X8q2RDIRjANRm2ds7lI/GsKtItS8zEeFQcHNVXhGMgMce9bklnIBnacfjVQwtjhWx6d65HSdzaNQw5IlUHgHFUJYDyRn8B0rflhPULWZMjLnAIb2rlq0ras2hK+hhyRDkA4b3qjIcZBO361qTROeQoB9CKy5o2IPFefVVmdkHcpux5OQB7Coi5UE+YAaHjdQSADn0qIq5I3Lnv7iuJtm8UtyZWOecnNW4ycjGeOoqCGMgAMvH5Vb8plAABNVFPoZzsi5BJjBwcVpRSEck9OtYyqQRkHH06VO0jEDDbTiuiM2tGc0o32NfzwSxzgetJ55Y9c9utY6yHGCeKeJiTwWGaPau+hHIjW83GMgg/SgzFhzk1QWQKOTk00yseOMVUqiQvZtsthyT/F+NKWY9zVRZOOSRQZc+prOdRjlG5cDgZye/rQZscZGKzjIQDyP8KaHJJGT+dT7Ww40zWWVTjBwanEx6ZyfrWKHI96eJT3yPxoVSzsglR7Gv5hxjBx9aGlHQEH61mGXAwCB9KQy46sKp1VsTyIuGQDOajeT5SflqqzBv4ufao2DDrkis+e+xUaaZFO+AehPasxtxJY8881ecE5BPNEdurgyNkRqM8d656ib0OlOxRdBBHuYkOw457UUy5fe7MRuHaiuWT7GsNj5wglLL5UikEdCe9QMpU4PWsWB5EkWQTSMB2Y10G0zIGGQetfztWpJPQ/WKU+ZEFSpnGSaRIZCOc5+lWEtZCQMnHtWEmjemrsYFLdBmrUaOvGe9WI7FyP4q0LbS5GYMc/lWDqRtc2hSbZTFqzgY+b6inx6ezOAc4rrbXSXbCgHdW7a6Axcbhz3rhni4o9ClgHI5W00h2YAKSfX0rqbPw+8hHyHI5x6V2On6AcjhiPTFeg6ZoBBXMYP5V4+KzRR2PfweUttHndl4XJABQZ69K6W38JPwfLJGOleuafoQyuYl/KuxttC+QYiVueDivncRnTufTYfIl2PC7fwrt48sNx3rRHhnGMxkcdxXuS6F0zCq446VIdCkIwsYx3GK8+ecN7HowyRJbHhX/COEZ2xgfhVmDw+27Hl17aNBkOB5aZ/3akXw/IDzGB+HSs3m7Nlk3Y8gh0JlwQnT2rZt9NcYHlHngYr1BND/wCmZHtVhNDPZDXJLM+bc6qeUtHC2unvuBK5Hpiurs9PcgApx9K3rbR2BA2AjOa6O00zgDbgg9686vjUz0qGXswLXTjtAK1vW2l7iMgY+ldDa6WxYEKD3FdFa6dhgGXk9jXlVsYuh7VDL9kczb6QCcbMjpWzDogI3FBx3xXXQaepxhT+FbkViijBX868upjmevQy1M4YaGMHdGD+FK+iKAcJx/u9K9GSzUjgcfSlNovdD9a5frzOxZdE8sm0IEYxn8KovoOMna2f5V609gh3EA/hVVtPQ5GCT6GtYY52Mp5dG+h5M2iP94KfpVGXSQP+We38K9efTs7iVrNmskJ+4M+1b08a2YSy5WPHbnSDgjYCDz0rAudJwSSmcdsV7Jc2I5+WuduLAEYYY9a9KhjGedVwKPIbjSwBgLjmsiXSzk4UgfSvWbixXIypx9KyprEfMSgx29q9enizzqmAXU8wfTHBwI8j+dJ9hKdUIOcdK7+WyVXxgcnr61Tls+wG4dBXRHEo5nguxxbWTZJAIFZk9s6H7p3Hp7130tqFUcdelYV1bjcSRj9a3pV+hyVMPpY4qaIgkgErj0qjKrFM49sV0txb5yD0rLePaxXHB4r0aE9Ty69HQwyGVdvTuKic54xj3rSliGGBBFUZVK4BHeu5b+Z5k4soNuBHPI/WnAsPwoaMnsOfSl2MBnkGrlG5lbuBdTjGM9/arenard6RqWn6vps/2XULSZLm3k2htkiMGVsHIOCBwRiqTAgjPP1qJgF5CjmlGK2YcttT9eNPvbXxf4Yju7eOZLPUbJLuFJAAwSRAwDAEjOG5AJ+tfk78TfDkug+NL9NpRPNbt15r7w/Za8SrqngifQS0ButJumTYqMD5EpMis5PyklzOOMYCjI7nyD9qjwY9pqyazDFhJBuJAr87yuSwec1KD0jU1P0PP6H13JqeJjq4aM+b/COn6bqmoxw6qQLRRnB6n2rvvFXg7wVdWH2rwxcyWt7GTujc8NXl2kMm1S3mIR8uR1rov7MYv5keovsbnbnk/Wvr8XSl7ZTjNq3Q/P6Di6VnBM4VCRkSKY5AMEdcGnyjad67SPatfULZPtBWPcy9yKqPZysQqAkeo7V6tOr1PMlSe25kSqHBYrgHjiug8P6RoU1rPeaz+8XoFrPns5IlK7SrdDVRlcxND5jxZ/Ku+M+Ze67HG6Si7tXMnxZo2mWbi60m48yyfgKeo9q4rQ7v7DrsLFtqk11t3YkI7z3G/APGeBXn92TDexSqCCGBHtX0+XV3y8rdz5bMKKU+e1j7DspxcW6HzAqyxlN2M4yMZ/WvnzxAFj1CT5ThjmvV/C9+bvR4GDEOowa858dxbNQml4JZvMz05Izj9a9vJcU1VlFvc4c5wnNSjI5FmBXIXODmrdvMQVOcD6VipMMY7dDmprabGY2PQ4r7XD4yzufDYnB2V0dxYXKh1JYjPrXpGl3o8sIJC2B37V4tBcMjZB49MV1+j6iwkCE8Z616VSrzRucEKVnZnrkNz5mBnJ61oQSHKjGM1xMV6qnO7ge/St2C+V1DBwD1xW2Gr9zmxGGa2OrjmwdpHI9a27OfBUAjHbnpXGQXWf4hk9jWlBdhWB4z2x3r2KEk2eNVi0epW0HmIjq2cgdK1YoWUAEkemQea5zTdRAjXIOBxknpXU2t4kmCFHrnHSvoacI2Vjwq2JlfUlhhfI+Ur6D+tb8EOVXzO341FbZYhiu5c5zmtbCqvJH516MKatqjyqtdt6kWwAYUE/jVVo8FsA7h0q55iKSAzEfXpTPmGBgt9KxqYe+w41tLE9rI4IZhuz2Nb0N1GgDBVDHGBnmsCNyAQTtA4HtTbksMMu4HrkHrXZh1JI46s02dva6krPswAew/wrfjgilQNJGAT0Yf5968osbqUThGLDHfFejW2oBo1UnHpgYzXt4PEJqzPnMypNO8GXLzRQ6mRSMketc3JZSo7KSxOOO2a7C3u2PJAP41bkSG5C7ghY969aEKbXunjQzGpTfLLY8ym+22kpMWV9SD1qIXE8r5kYlx616WdIR2JZQfTPeqcuhxSEFYwD61osvknzRHHNoSVjE0y6kB79K9Q8IzebrOnrjI3gHnrzXHQeHZkIKqcZ59q73w3a/2Zf2tzJC8iRsrEAcnmvdy+nJSSaPJx+IjKEuVn9Jn7IWs6UngvQNOmZHdY1LqTX68+G5LaXS7NoQoj2gDb0r+Xj9mr9oGy03XpoJvtVrZxQrgSYwRu7c1+/XwG+NnhTxlptrp1nqZmucABW65/OvqeLsvlicJCvR15d1+p/CniHkGIoYyVWUXZu/3n1puA4HDfWm7zkbUIqWGIPt+X8a1YbVeMhTX45UqRR8vhcFUq/DoihBaFyC55NR30cUsMsEiIyMDnPTFakoKcAhh2rLucAF+ScVFKbckzrxVBUoOMdz8OP25PAly3ij7fptq9rpRG4Kg4kfuTjv7dq/PeGB7dbiYwXjQW8LTzTLA7RW0asq5kkA2pkuoUMQWJwM4r+gL9oXwVJ4i0DVrl9OS4h8snG3OCO49DX862g/F6/OgePNa8J6zBZw6/qMUdrNaM8VzFplsrGFA7pG6CV5XmdGTILBNzBFNe74p+KSyDJaWKw6U8RNqKi9Vpa7dmnt+LP7c+i3wnLieTwtduNGivekt7vZa9X+SN/Wf2g/hv8OtYh8Ga/ryxePLjS21Wy0uS3nXzo/JaVTJMsbJCCqE/Od2CMK25QeL/Zi+J3jT4p/tZ/C7xPqv2vWrDQ72bXYoCvl21pDZwS3bAqNwTf8AZ1jAyW5Uln2Mx/M39oDxBrmtftZ3uo6rez3tyPDsVw0kkm8yk28ce5j3OGAr9Ev+Cf8AHPHcfHnxm6kwab4GuLaGXP8Aqrq6ubeBMe5jN0PoGr+NfErxmzniHCQo4tqFOK+GN0m31d222f374e+EmVZDi5VcKnObfxSs2l2VkrH0V8RfGzwaL4p8USzm3vbjzZgSdx8yQk4/NutfV3gn4Q3Xxl+Ov7P37FOgXpSfTvDEEPiS6RRIdOtUh+0ahcSAHqJbkRLkgM7ouRmvhOGfSNX+JPw+8MeJJVPheG6Ou60V52WFopnkyPcIB/wIV/RJ+xf8Nrr9mn9njxV+1T400O3P7QPxhuzq0ci7ZTo2kThprK1LfwjyyJpFX+N0Q58sGvguB8oq5hj6WDo6zk/+Aej4vca4HhvJMTnmZy5aFCDlJ+UVeyXd7I+tPj7480Xwt4X8Pfs/fCq0bT/CWj2FtpbiGdnis7WBVjjtjK5LHakahizZxjJOTXnazfC/T9FutK1/xD8M/DHiWAJuS62v5e4DaJGO3BJPHPcV+LX7WX7cFx8LfEXjz4UaXZahNq+l6PZ+JtXv8KzSyTXUDRQrlslSpcycZO9QCADu+RvGf7Yv7KXxEv774k+KPi38VPBlpemG71nwTpHhwz6jdXKKoc2V1K5t40kZScu+QM/KM4r/AEBwuR4HL8JHA052dPVtWu3pq7/kf4aZXLiTjjNKvGmb0HKli48tKm05KlST91Lls05Xu5XSbvdao/fvUfjd8JPAniHUPCfjzw6bbWLQbZFhso2WQkZVlbJOGBBHpnB6V6HZeNfhxOUnh+EPxEiiGCZf7AkZVGM5OAeMEduhr+aL4c/tkeIf2i/2qPiF8cNM8ItfT+HbD+3fDfhjzS0dxdxtb2WnpcP5i7wJpbaWQZCsVdeFbj9WfiX+0343k8TeKNH07R9L1zUvCV9FZajqXiG/1K21HUr+3knEsgjsN0NnC5s5CIz9njUlf3jEnHVjcbgZShGkpJte8+bS/ktNPme5gvBPF06SjUjByVtHTjJq/TmfbQ+tfF37UXwL8Oaji80PT9O063CxzrqFqLczySbmQhsZTCxyAKy/NyQflOfo/wAHv4N+IXhXSfFXhPwb4bk0y8j86KV4JijxGPeroXiXzAcgZXIIOQTjFfhJ+2p4r1P4+/s7eHPi6NN1qLUdD0XUfFum29zeSahfaZpSajaWN/p0s+xWuFEl7pd3FLJloo/tUbsSoz7N+xv+z94R/aq+AnwX+KPxd8dfEey1XS/Dl1/Zq6ZeWulhNGt3niijeaIGaQKykiQg7RGytwy7s8fVyyWEhOm5U5p+97zl+Hu/13R9Ng/CWvRnKrWcZwk7a0oJp+Vk2tu/nufpD8Kfj3L4O+Ieqaxo9k+m6CLs2eraLFuAhKfJ5ixuquuSjMCyqT8ykAg4+df+Clnw40P4T/EL4XftqfDGHTdL8L+IL6K0182vyKdYRXuYLxlB2gzRQzxyPgbnjizlnyfwb+G/7eusfDTxb8QtY0nS9V8XaBo0hV4jL5z6vYi5VMJJgbpRHtPmY+8GO07ip/qB+C8/hD9qL4O+LP2bPH6X978OPGWiCXT5MGO4siwWeKVQekkbiKZQwwGjwwIJFfGeLHCOEzHASx+XP36cVzecdrvu1+R9H9Hnj3NPD/jCHCGfz58vzGpJ4eX/AD7qu0nC3SM76JaKW27PwU+J8Gl6F8Y/jR4btGd/D+pyQeItMljOQINQSK4ypHAx5sw46FMdq4L9qrxbeeFPCH7Lfxh8E6rLpXinTIL/AMMq8aD93FZOjxBv7weO/IZDwfmBzk1o/tEeD/GHwW8V+APA3xDFufiJ4Murz4c65cRM3lX1kn+l6XeKCM+XLbSjbkZGMHGDjg/jUJPEv7JHitIYVnuPDvi/TNWMuOYbS5guLaTB9DL9jB9wtfwxDFyoYunVoyalF7rRp/8ADn+y08thicFOhWinCS1T2af/AAD6P8Df8FAf2etU0jwGvxD8WQ+AvHOsyyWaaY1jd3CPcxmMNsliiZVQ+dEV3kffxztJr7T8MeL/AAv40sZ77wxe3d/bQzPbTM1lNCYJFx8sgkRShbdldwG8K5XOxsfxyfEm8uR4o+CMFvLiT+3pkPOBtZ7TIOOcHaK/bPw78ZPGtleeK7O21+8ur5dQi1rR/tE8hht7u2lyEYIyt5MsfmQyKpG6OR1/iNf1Zkv0qM5w1TD0cdCE6SspOzUrbN72v12P414p+hjkeLo4jEZdVqU61m4RunC+6VrXt03P2OgtmwfkbHoe4zUtzbFkJ52Z4yetO8BeJ9C+IXgjw/448OSO2kalbLOiMyNJbv0eCXy2ZVljcPG6hjtdGXqK17qAnIK/h6V/d+CzaniYRr0neMkmn5M/yezepUwuJnhqy5ZwbTT6NaNHGzxxIjM27gdM9K4PUJJJ5X2rhOOCc/8A1q9I1K1Z0kO11H8q4q+tVgikYgrnJJr6zLay36mGHxXbqeZa24tkK54x+teN67OzMVUfL0zXq+uyF3kDABPz/wA//WrzPUbfzZtygBevAzj8a/Usjikk2fd5ZNJc0tzzu7iKgsBtUda891icRyO2cnHevUtZkS2ikYqSSMDA6f55rwrxBfKC4yeh7Vz5/iI0k7H3mS/vXqcVrupkqyk5P8hXj2uajtZieSOOtdTr165LksMHrXjmt3bO0gyc9sV+EcRZk7s/Xsjwei0MTWb9dp+bntzXmep3wlbGcg1s6g8sm75iTzXDalc+QGUkE4J681+TZhiOfU/TMvwiSt1MDVtW8hJQow2OpNeK6/qJmLl3yx5rofEWtZaTHGeMdzXkOq3zzlkJOM1+d5rmlnyJn6BlOWpK9tSCW5JchX56EEVEZc8HIb09KzvPIyB83cjNM+1Hdj+H61808TbU+sp0NCa4YdsH1rHkl+bbgE1NdXCrwDuGOeaw5J2y5IAXsSf61lOsup1QpFqaUjKt6VlyS4yQdo71I1yuCSdxz2rPuH4JyDxxiplJuOh0UaLKdxIzHr0681zd1c4IVGyc4NaFzIybgGHrgelcneTEk4OcHFeZOd5eh61NaWRLNcAAYwTnisS44G7aCDUysSx5H0zUU5YqVC81E5M6KcNbGLMw3E9MfrWZPJ34PHGO9aM7KMqOtYszknjsea5Z26nfTYxy2GbPHuKr5J5JAHU1NvzgH5lxyKzWlwxUDJBx9awqKMdUbXdi40igAfKPpWNqt0iwlAfmIqRjJnp0rndTaSSQDkgVx4zEWptIKcEpamNIwJPXmqiqzD5d3ua01tJHbG3J781bjsWA5G018/HDSeyOxYlIo2Ns5bcQc109nZ73QbeSadZWaxIrEFiea6bToVaeMbeMivQw2CtuRLEN7HrnhjTVjs4QAAdozxnOa0fHs0dlo0VquAWHPFbvhqyaSC1A+ZCc8Dt0/pXCfEqdpL5LYE4XjFfS4Shy0nI86vUblY8vsLNWbKKwUnrXs/h7xHpOhxxW8Nnbsm0b3YAljXnmmQPEUcxfJ3GOtdTHDYt+9FqrSAcZFerlkHDWO552MnzLUy9dNvd6rNeWsPkwtztHGTSwKR8pUj61prYTXEjMY+SeFHSugtPDkxVZLgFQeij+tfQYbCylJtLc4KlVJamHBalkLbeCK6Lw5a6fDe/bdXjWW2jwVjJ++f8AOK2ItFl2BEjIU+1WH0+HYYriJ2XGQBwa97D4WUWm+hxyxCasb/iLx7p2t+HrvSX0u0jI4hWIYwMdc/hXzPc2UlzeWlki5Z3AIr2i7toY7d1sbUR5HzOepFVvhp4Un8R+MrUCJmVJB0+tZY+lUxVaEJbvQrD1YUYOSPtT4XaEvhPwBG5Ty5pIx39q+IviJrTeIvGGtXyTebapL9ng/feYnlp8uUPTaxDPgcZc9ep+/vinfN4N8CztbiSKWC22xlEVikrYVDg8EBmUn2B4PSvzfMJxkAivc4hajONCO0FY5Msd6bqPeTMxYwDkgU8RkHgHHWr/ANn5z8hPuKQRPkfWvnOV7I7ZO+4xEKjOefpVhEBwcDFSIh/iBb3qZUGBjg+1dMInNN2GpHjtx/OrsUWBnBOfSo1QkjB5I79auxAqM4JPuetddN2MpPsSxwjjIOe9XEjUDAIHtUKJIRkY9cZq0sUh/wBknrXdTq9DGSYhQ5OcD6Unkh9o5z6Vfit5SN2ARWlBYlsZUE+orshG7OeVRIwBYbs4OeKU6cSeQMZ5rtoNMb+4enGaurpYxyoNdscJdaHLLFWOHj09em0j6VOdPA+7z+HSu4XTgoIKjNMbTxz8uB9KbwdjJYo4CbTsZwPm7DFZklkCCChBr0mTTwc8YAHr1rInsB8/Bz9a5qmDsa08UedTWeSyhTkfrWRcWWfmwePbrXostjj7y89eKxp7A5JHNeZXw9zso4hPY88ntAATjPrx0rFntAxJzg16Dc6eRyVw3pWDPpzjoSAK8mtQ8j0aNZbHGtbYYjB5qJoFb5dmTkdK6V7RwNpXvzVN7GQZxk4rzJ09TqVTTQzY4QPm6j09Kk8tVDDGCBx71pxWzDBC9+1Ry2zqGYKWH8qTg0rE+0uzLIUbiQCOnNQEKrHglTVp45BgMMkdDVYlxnjFZOVhiAcHK5FNJywCqAetJhgcH8qeFZ+QAPpWSdjTlb3BWx1zipc8dsU4RAZJYkn8KkKL6Ed6v2hmQHp1xURyOpyPrVkofYnsPWoXAAPABrOdTuPToQFiOSP1qHzcH+IfWnSjjqapSEhRjJ+lYyq2NI3ejL/mjBNKsvTk4+tZCynp0qbzeOOhrN1Gmacr2NHzupBJ9eacsucHJ9ayw5yMnipVf0ORSdVspwZrK4OOxp3WqSTjp296sCTPPBFaxq9GZqNmSCMs21Qcn0PSi4fCiNBwKMiOLLEBzVN5C2exPvTqyshciKsyk5aih2ODkDIorkdmdENj5XSI5Hy55rXsl2tt7Grdvp7HsfetiHT8FSAfrX891pqx+rUKTTuQpZbjwCF+natS304nBwc59K1LK1LAIy8+1dBbWRACkdTj614WIxNtD3qGGurmTb6UzhRtznjpXTWWhksCFxmt2xsVJBZB1GK7ay07cB8o/GvHxONaVke7hsAn0Oe03QwQoZB7cda7my8OptB8vB9629L0/wC5mNQa9FstJVol+UY65x1r5vG5hZn1WAytSOCs9CAZRs6Gu007SAu0BT9a6O30QhlOwlT+ldTZ6R5ZAKdu4rwMVmF+p9Jhss12Mix0oErlDjHpXX2mkfKuFH5VrWOnYxlK62z08nbhevtXz2Jxr2Po8JgLdDl4dF3YOxWzV4eH1Iz5Z/Ku8t9PYkYQk1rxae+37n4Yryp489mllqZ5Z/wj6rn92R26UHQgOApNetLpxPJjH0xVpNHD4+TH1rCWZNm0crVjx/8AsQjHyZPepV0Xodqj6969aOisMEJk/QVEdHJPMYB+lH9od2EcrPL10hcj5Bn6Vfh0wA4KnbXog0bBHy8DgcVKul7RjbWcswTNIZckzjYbJUA281qwQAAAg9K3/wCz9vPSkFpjnaMeo71g69zsp4WxThjKY4JzWih3ADGMdM96BDheQfqalWM8Eg4+lYzqJ6HQo21HKSMYwrY7VI3PO4Godo7E/wCFLjqSxFS4pGl/eAk8FcEVCVfPIHX86lCDpkk1IBnqST/Ok5W2FqyuVJ6r+lZ80AYkAD8a2wrHgg8+9RvDnjaRRCdgdFHJXFtwQFrCuLLdk7Svpmu9mtSccZFUJLUEZxiu6niLLU5KmGPOZrAHgKM+1Y9xZYyQCp+nWvTJrAkH5BWDdWRA5XcvavQoYtbHn1cJZHnMtqVOdo568Vny22GJC49q76ayBywCt/WsO5tdvoR1HtXqU8QnozhqYXTQ42eA7duBz04rn7mHcCSSD0rt7iEqrYX/AOvXO3ceC3yH1r0aFRXPJxFJpanETxYY+lZU0RyST83rXWTxAk5TisaeLGQOR2zXp06iueNVp3OdeInJYYzzx2qnJbkgKOR0x61uGM5ccAdhULwkDO3k9MV6sJ3R5VWlqc49qeoUAd8VA8O3AJbFdA6YJBAJrNnXHGflPtW0KlzGVNGUwAOOv4VC8ecleGqeRSrHGGqqxPc8+9aGEtD7F/YvttZu/FXjQRoD4bWxi+1H5OLoy/uBz833RddPl9edtfSP7T2maLD4Mjl1BB9qIwv5Vl/sYeCYdK8AXPimaO3N5rN48gkSRyTbwkxIjKflVg/2huOocZJxgeXftheLxc6lHoltL+7jGCFPevyDOqrxXEFOjS+wtT9nyyhHB8MTq1VrU2R8V6PbQs05AUJk4rVa3h4AbBrJ07ekI25yeeK1YBJLKFOWOc/Sv0qqvebPx6itNjXh8MyT25uMxKvox5P4VEmnm1Zk8lCxGK0YxKFCyStgDjB/pTAkkjZZzg9Oa4nOW9zpnSjulZmHc6fGy4aJd2ecVzV7YQqu0hceldlcAgspbt1rj9VZ9pGQTXq4Gcn1PLxMY7tHD39tCGYZb8+tcFr0cCBdijdniu3vN7hsyZGfXpXE3UEl3qFvbjDfMATX1+CTXXY+QzCipaI9z+HMEjaSPMGFwMZH+fauY+J5jS6to42UlYwGAIyOScf59a9k8MaSNP8AD9szBc7ec9a+d/Ht59r1e7cFSNxAKnggcA/iAK6ctrc2IvHZGGbUPZ4ZRl1OBMu088djinJPiQnOQeRUTMQeGB/pVeWRdoYfLX2tHEM+Hq0dNDo4robeu8VrWl60UqMDgeuetcTHcgdyDVxLk5B3Y9MV69DG6WPIq4e+x7DbXolVTuIati3vnXAPQe9eXadqJO1GY57e9dlaSTzSJFEjSu3QDk1dLGODsXPC8yO7hvw2wdTW/bTu5UdBnHXpXnUcjwzFJAVcHkV0+n3YLR5YEZzzX0GAxd9TwsdhGtj1CzvGQYbBH1rr9Ouydpyir7d68ws50kZRv5967TTbgfIvIGOTX1OGxak9XqfF43DcuqPTbO+lIAVsgfpWmbl3HzdCMAY6VzmnsJFUZ59jXQqyrjOGYcE4r6GlJuJ87Nq9iwowQclh2xWjBMrAKowP51moQAM5Izx7GtC3dAeAB356GuqFO6sc003q9i6FCKSSuB+tRLdxkkSIGjzkZ4omLJGckHvisppFZXHBNRKThsZOmpnR2kdrNIpV9vJIroYLd1UuhXJ9K8zjleJmYM3pWlaeIJbchWb5e/8A+qunDY+G01Y4cXl9TeDud5500LLtOCOKtrqeWAY7GPHFczb61BdZBAHHUVqIoZAyuP8AGvVjLVOLPFxFFbzVmdbbag5wWJIHAz2rqbKWKZ4gwUjOa83iZQwUnAGPYmul0+5MbI2QcEV72AxjT97Y+WxmHV7RPVrO1hkcHIIPrXQx6cAQ2wlT3FcNpd+DIhzt47np716dpc+9AcZUjj/P519xl06c0fJY6rUpvU19ItXtZI5I2kibuUOD+lfaP7Nvxn8QfD3xx4fjtXvNSN3dpawW8atLNLI3ZEGScBWY4HCqzHABI+Y9HgtZgscigN/Ov2B/4Jl/sqXPxN8fR+MtQmltfDiHYJFj5a3R/wB6Q24qNzqkYyu4bHwcPz4/if4gUeGMmnjtJVJaQi+rfddktz0+AeAY8V5l/Z9eLVFK85LpFdn3eyP31+C/gDxT4/8ABui+ItWkh0E3ECSBWUuzAjOcAj9CR3BINe0t8DryPy0XxAHDHBZbQYTjqcyA/lmvb/DenaXpWlW1hpIUWcShEAfcABwBn8MVe1TUrbSrG91C7k228MTzPjGdqjJx79vxFfxLhuP80xFF4utVUebWySsvJXV/vP6Fw/0Z+DKDVGlhHK2l3Od35u0kr+iSPgbWrO50rWNS0meaKWS3kAyqupKOokjLK6qyOUdCyEfKxK5OMnGlY5JPNcFoGn6t8cPjhrviWOyuNbsNNu2t4po428kHL5G4kqF/1u1jjKy4GcZr7iufDGleF/D+teL/AIieIdF8HeFtLs5tQ1K9u7tIbfT7SKMySz3FxIQkUaKrMzsdqqpJIAr5LAfSRzapiPqeFyx1uXTn5+SL9bxaXpc+S4/+gBl1Cv7ahmnslUSl7P2fO4X1Ub86b07pNbO+5/OB/wAFWPjteWPgqy/Zr8IapaQ6/wCKHim8QxxXUYuIPD6OWmQxrOkyLdGJrYS+XJEy+fG20stfiVdalbyQRrCnlWqZjiUjAU9/l7EdOMDitn4iftS+Of2vfij8Sf2nPHFvJ4as/EE4tPDnheLU7q7tvC+lQKIooYDOx+aQR+ZLJEIo5pS8oiiMhUed3d3G8a7WYZOSMfeIGPw4x+lePxxxdiM6xKr14clklyp3SfWzsr69bI/pLwM8JKHB+TLLqU+eUm5SlazlfbS76dLnxP8AHVvI/aau9u5Q/g61kHToTCO3XkGv1B/ZBjfw5+yv8ZPE5Uq2ueJtL0OE+otoJZ5B9P8ASIvyr8pPjVcQy/tHX0nmSSOngu2XLEcZuITj8jiv0s8EavdeAP2SvBaX15cXWjahe6lr6WIh+zyLJ8tqs0bsQ00btbtHuAG0x8D+I/M42l+4gu9j9cy+ratJ9rnfeFNMk1rw5+0V8Sbm4S3jh0mPwZpLsPvXV3l53TuwSOFVIHTzPcV/Q7/wTU/a60f9sH4QX37MfxdvIdP+J2lQBNKCj78MKAhUPcqEZ1HdAw6JX8/l3BN4U+E3wo8A38YivntJ/E2owkYzd3zBwH9WWKOFeeRyPWvLdM8dePPgL8QfDnx6+D017pnjHScrcwWreU2oWvVl4Iy64yMcnkd6xyTMK2DxUcZh3y1IO6Z4/G3CuBzvLKuVZlTVShWi4zi1o1Ja/mf0EftTfsnaH4pbxV4V8QeHdIj+IYtEs7HV2hCyXdqs6y+SXPVSUIGT8rZHTNfzrfFz9lG5/t27s4NOdJY3MUiSIyMpH8JXjbg5BBHUGv7HfAHxS+HH/BQD9m3wh8bvhxPaTeJ4rZF1mwgH+k6TekAsrxD5grfMwGCWUqeSpxzXw/8Ag5qfxG8L6d400n4L/Ab4g6ZetIItVvNLt5JZzHI0ThnK7iyvG6ndyCCO1f3dwt4p5TnOXqpjuWOIjZTTko3/ALyvun17PQ/xZo+F3F3hnxBWyDC0a2JymV5YepTpyquCvrSny3a5b+6+qs/T+Q74H/CjXfg74yTxC2jJq2lXNrNpWuWCF4n1TTpk2yRiUZ8uQEI6MB8roh5wQf2i+JHgb4EeNY9M+I/jn4r+DfiD4t1uwinlv7bULjQ7uZ1iRGOrabHpl/suXMaGVY5oVlKBggPzH9btU/ZAvdcQ/bv2ePghZuRg/ZLb7Pj8Yitc+n7CMyI8f/CnfhjLGwwVlmmcEe5JJr2qua8LVlF1K3I1ulODv87/AOR9PieLOLYzbo5ViJuXX2FRW+TUdfv/ACPw2+LPx98VWngb4h/DL4Q6Zpbz+JvDx8G3uuR6fNDZaBojHfPaaNbzSSSq1w+Xnubne8jHIWMqpX7s/YG+CXhT4d/sVeBLTxb8RItGiumvIpPM8SanZqloL+VJ43WO+iiBkjjKqQiANJyG3EH7WT9ghU3EfBX4TbSMH55mGPTB4pW/YHhmjhhk+C/wwWKIERpGPlUEkkAMDjkk8Y5JrStmnC9SCp0K6i73bcou+na/oefPifjCVL2FbKcVy76UXv8A0z8bf2f/ANlb4W6R47+IOs2HhyG78E2WvXaaXbFma3uHF2ZQqb8ymFMIBl8ngEtzn9ydA8R6H+zF8GfiX+0z8RhYx31vYu2m/an4luiGKxLyDtBALkEkKr9PLauJ+DPwW03xB8UvEvw+WHTY7HwnPb2erR6arJaaU3lRyiAShBGZfLZfkU7lLbmxjn8Kv+CsP7aVj+078eYv2fvg7qGoQfBDwQx0fUJ7CcrbanMSBJGgjbBhO1VbsyJtIwzLX5N41+LOFdFZPkclyte/KOq/wpr8fOy7n3n0U/o+Z7xBxTPj7jehKjGhJxwtComnG3uurNPaUvs/NrZM+dvH3xb8Z/tV3H7QPxA12DVNe8Va2LXX9IWRow0aacru0pO0bVaFpwIxgAbAOBio/AF9afEX4LfH7w/HcM1lqXgW51SDCn55rGSO9XA/7dmH41wfhfXrHwfqOm35s7mbSoMRXFpbFka7tiNrwZXkB1JQn0Y16V+z5o6+Cv2gh8ONdtUt9Bvbp7O1tTc+bF/Y2oxOsESsDgr5U+3I9CO1fyFGKvf5n+udR2iorRPQ/C34ps0Hiv4QXUBIlTXWQDqNzG3IPPH/ACzP6+9fqkPNg1u8ghV2u47mRVAB7Eg/1r8ufjHp1xonivwXa6pG9vdab4rt7a5jPBSRXcMCPXMdfpjcz+ZfarFIGfzJ5EkPQshY7gD2J6Z7ZNfQZhBSUWfO4DEcvNc/Tv8AYK+L0cXijUfgvrmpwppetxy6z4X8+4X5buNf9Ls4vNuNxLxBLqOC3gwPJ1GWRsstfqJeaIEypGVxnpX83XgTx/4t+HPjDwr8SvhlejR/id4Y1S01vQZpXnW2a4hk3vb3CW8kUj2lwpa2niSRPNtpJYiwEhNf3QfDr4reHPj38MfCHxL8JzWaeG9asVuVghvrK9NjLys1pNPZTT2zzwSpJBJ5MsiLJE4V2Ayf1zL/AKVMuEskp0MVh3WcXyxtK2m6Tdnax/C3i39DDC8TcR1c1wuN+rKtrKPJze9tJr3o76N6b+p+Zfwr+Dkvxa8XDwpFrNloCCFriS4kTe+0cARx5Xex5OMjCq5524P0Fe/8E4bnUg//ABdv7HyRhtBBzz1GLnp+tdr4l0HVPhP8YtA+IegpO+k6syRaz5NuxCCJXZZpNoJ2KrSZckBEeYmv0F0jU7XWdNs9TspBNbTIHQ98Hsfccgj1Br2uG/pVZ5nzeLwM/q8ekEoyt6uUdX8kj67LPoWcKZHg6VLGJ4upJXdRuUPkoxlZJWtrdvV3PwS/aE/YQ8Y/CXw7J4r0vxVZ+NdKiz9qAszbSQrkAMF3uGGTg5K4465OPzUmmsprVbqzuFmgkLAEAgqQSrKQeVYEFSp5BBBAIr+wHxb4c0jxRo93pGtxTTWEqMkiJM8e5SMEEqRkEHBB4PNfzLftj/AXV/gT8Qb+f7Zc3nga9MYtJZQiJAzMQp34BZnZghBPDKuAdxNf0L4FfSgzJ8QQyPiWqp0qrtCdkmpPZStZWe22/kfAeMH0Ycsp5PLM+HIOFWjrOF21KC3avd3W7126HwR4qvAhZdwwOfSvnXxFenzHG/rnknpXsXi+WTdKAzHJ4NfOviF3UsXcnPT3r+3eL8bd6M/mLhfCRSTscHrV2WDI0mVJxxXleqy7WdeR+ldrfmVnLZYjOcetcFrLjbIpOD9RX4Tm+Ku3zbH7XlOHSSSOC1S5ESuyc++etePeI9WZEfDgNznnqK7fxJqkcCEBuV9TXhmtaikkjszg7h09K/I89za11Hqfp2SZbdqTRw+sXrPKxL5b0NcTc3H7xskZPqa29WlUsxRyq1wt3cZfAJx71+bVcRzSvc/RMNQVkki484dgFPHfjrVaZnVwp4qnHO3XccdcVbEqNgbgSOnHSuZ4i70O1UmndlJ5Scjqe+TmqjsWB3MC2c069lVC2PlB71SjuI87U+Y+vpWqqJ7sunG+pE8jgnbhfWs6e4EZO5izGrV00uQRyDzxWPPhQc4ziiVVr3UdEGlsZV5Mz52jCnsOaw5ULE8k81szMoViORn1rP8A3ZLHAHPrXI3d3Z2RnpoVUiCryMt9arzyLgqADVx0cjEY3E8E1A1i3zFsnvSUG9kUpdzmLkMAUAzWW9vIF4ByePrXaGyBJZh+J71ny22HZgoJ6Yo+ou92ddPFI51LMqOepqs9iS78GusECgAkcYxTpUiQqAFI7+1EcKmtTmeYWldHHvYYHIxjrWLLYIHZiqkZ54rrL6VeVU8fWsUjOWP16flXn4mEG+VEfWZvUyvsyKCAOahMQLgYyTwK1yM8etRxopkBBGRz0rnlBXsjooze46OFgo+Q4962rE+XLGT14zWezNg5J9algOJFIJx1q4xs7HWpX0Pq7wU8d7YWEwEbNt2Nt7Ecc++AD+NeXfFDS3sdYNwFJRju55ru/hNNuhntXfoRIilefRj0/wBzj/69dF8XdD+06ZFfxx5IGCcV9BRw7lTbRxVqlpJM+fbSdWhTCr0rp9KaF5lWdQUPcVx+mpkMjnBBrstPt8shQgj9a3wTd0ctaWljuIrXTtwa2Min/aHNb9lDEWDMxZvWsnT4Y1+8SvfB6V0+nRRBjnJ7fSvvcBfQ+fryNCG3j/jwR1FVr2GEIMxrn1rYMKJgqpwf0qreW6sik42gV78qTUbnEpanKXcULwOm3bkdq1Pg1qq6B40ihdYxG8gyWAzVOeMAMjDIrmVlbTNbs78ErtcE4+vevKhXdOvCr2Z1TjzQce591/tDeFote8AXWpRRozwRi9jYsQqFBljx1JTeACMZI6dR+bjDOchj9a/XDwhqMHi/wDCpIkmWIYyR6V+YnjXwvJ4U8U614e3mVbaXEbE5JjYBk3HA+bay5wMZzivX4mwyVZVY7SVzkynEP2XI94uxxapnknAqZLYNkgHPpV2K0dj1x746VpQWDk8bm/Cvno0UzvlWsZC2Ibt9Knj04nJwwrqoNMY43Kc+9bEOmjA4x/Suungzlq4tI4VNNOQcEmrcemtn/Vmu3XT4wQu4ZqxHp6/dGT9K6oYE55Y5I5GHTuQfmJxWnDp2eSBmukWxU4GCvrVtLVQOFIH0rup4RdTnnjGYkOm8AEA8dhWlDYFcHBatqKALnCn8quxxADJUfU16NHDRRw1MSzPWJhtAGPQVMImYcAcetXygBwAD+FSAAABlz64rvhDQ451LmZ5UnTHt0pDFLnIBFau1T2FAiB6EAelX7NX1J52YLxNyAoz7VmzWzE/L/OutkhQcMB/jVOW3UnO0CsalFdS4VXc4ue1BLHac1kz2WBkAdOld+1sgBIGc8ZrOmtFYnKA+lefWwqO2nXZ5zcWbAdGGfWsO4szyDGfyr0+WxkAPyZGMVlT2HX5AK8utg7nbSxR5nJp+RnGfwrKms9mcL/8AXr0+XT+uUzWPLph352HHuK8urgrHdTxRwq2pYjC4b271RuIZM4CkHpyK9DXTOOEB49Kq3OlFhvCHI6n2rlng3Y1jik2eYT2zbslTt9u1UntX3EkEntgV6HLpwLEheccGqT6YwyRGceuK8+phGkdccQjgBaMWJIJ/DrTzEc7dh4HpXYSacVY5UD8KhewyQNo965pYZ3NXXTRy3kyAjAOKn8vAy2Sxre+x4OCNw/lUTWYJ6A1DoO2oKpF6nOyJ7Yx0xVZxxyDmuiktwGGVNUpbXdypH0xXPOn3No1E0c9NuxkAmqDbiehxXQzQEDop7etZLqQW+Un0rjqRtoaw2MqQPnKgNUYeRTjB4rUKDjK4PSomjUjgc1i2+hunpqVFmOcEN/hU6uO2CaeIlHOBnFK8eAfp0rEsA/3cj61bgYfMxJCjnHrVJVLFRg81O7BQEGfwreEjKb6EzTGRucbaaylgOxqqvVQG4x0qQMDnFTKTuHIxHJAP60UjYPU4op86NTzODT/4mBFa0NkDgAcV0cengYwmSP0q9HpxwNqEH6V/L08ZfqfvEMC0YcFptOQOa37WIMFyvPoe9aMWmk7S64z7VpW+nMjKwU4J54rzMVWT1PWw1BrQuafb/dGAT3rvdPtRtCheaw7KxYFFVSwzXoOm2TYT5TjivmsbiND6vBUO6NrSbANsGz8a9Q0zTwY0OzisHRLBjjCHr6V6xpunnYPkP0xXxuYYrpc+0y3CXRQttLUgZQDtwK3rfSwuPkH1robTTtwGUBI9a2odPJIwv6V87Vxh9TQwS6mFZaeB2PX0rqbSzJxlcD6VftdOBx8u4n2retrDBAAJHWvJrYo9fD4Qq21oq7QQMVuRWSsAdoPar1tZqMAgVtQ2YAFeRVxOtz1aWG0MKPTQ3Krn2x0q6lgAo+UH+ldDHbgduatC2+UEAA1wzxTOtULKxy5sgQTt3DpzTU05T8wQDngeldQbRz1AHuKk+yEYJRRk9qPrWljb6vfocp/ZpJJVRjp0qGSw25ypz9K7YW/HGAagezB3EinDEsp4ddUcDLabeo6VSlg5HGK7O4tc4wAT7isee3AyCpFdlOv1OSdHoc35ZDMGGKjcY4Py461sPAMEECqUsOeAATXTGpqc0oWWpmsV7AioWK4+8atSREEjaAfWqbjZuzkH6VupX3Mpb6Dd+3oaUOw2kbqhbbgY60w5xxzTSiSpa3LwmPG44qQSFujcVmK+SBzmnbmzwckH1quRGincvO5OBwD/ACqrIpbjGRTQ5IzuIP0pwfjnJNUCiivJGwDAE59KwLtC27g59K6hjlMFSPfNYl3GTyAc9sVrR3Ma0NDlZ0OfQ4rGu4zyD/OumlQjAKk+9Y95HwSMmvVpSR5lWCOQu4mXPynBrl7tWG7gdM5rt7hDg55Pua5q7hyTweuOa9ehJbni4vscfMmSflrKmiYbsqSK6yS3GB8oJ9xWfLa9xmvShVXU8WdN9DkZITk7Rjn86rvAwzjOPauomtSByuc9DVB48IQD04r0sPXT0PMr0OpzkkTgcggfWsueIfMMbfY11EkZwccVkTjKn5cEGu2G55taDscrcRDljnFM07Sb/XNT07RNKi+1apeXEdrbx7gvmSuwVV3MQBksBkkAVoTjZnIyK9m/Zs8KxeKfi3oc1wlvLZ6Uj6tKju6lmjKrEU29WWWSJsEgEKc56HerXVOm6kuhhhaDq1o0l1aP1M0C0s/A/g60021kuZNP0zT4rOF5WDOyRxhFLEAAthRnAHOeBX5AfGLxSPEnjnUC0pceYcnrjmv04+Nviz/hHPAd8FlCTTKV68nNfkOjJqOq3V4xLsznOfrX5ZwJhvbYmvmNTq7I/VfErMVToUMup7RSuakAVIV2MeB6dq0re6kUYUKCe4FVGiX7qqgx2AqeJWTbuAz24r9Dmkz8vVS2hrLOz4DfoKvRKVXcSM9qp26NKByFHtVqWeKJNu5SQPWua19OpvFpq7M67RSWy2DjNcLqjncy5yPpXaXE5cMqjAI6kVyV9CuSWGSe9etgk47nmYyzOIuogQ5Py4HbvWd4W0ttS8RQooLgNW9qACQvwBxya7z4MaIL3WftBTcu7Oa9qeM9lRlNni0ML7SvGmes+ILX+ydDt48YYqOK+NPFRV76VgABnFfafxSuI4H8hSAI028etfFniHJuXYsC2c8V3cMSc6fO+pjxbTip8i6HI/LJxnkHp6VVniJBBPGDg+tTvgMWH6UZ65AOa+0otH51Wpcr0MrLIecmrUchIHOc/rSF0JKnr/KmE7DwwIrqpza6nHVVjRt7kxunzEHPNegaXrUtq0U0MgWUDGSK8teUFW6Z9qu2uoNG6qTxmtpvmSZnTdlaR6wNSknmeWR2Z3OTXRWF1kqQxBHPWvMLe+J2kPkeldLY3h3FiQOORXp4DF6pHDjqCtc9Usr1gyknI/nXo2k3RwjKwC5HWvFLK8jyvzHOPWvQdKvlVVUvz3r6zB4vU+Nx+G0PbtMuygUbgPXJrpIpi4yHBX064ryqx1BSAN+VI5HrXY2d4mBgluPzr7fA4q6PhsbhnGTud1bhZAQrYYHGfStFY2AJZgccVzNndKjZLY7Yz0rftryJuNyFep55r3YWkeDXlKG+xaZXlXaSQOlU5bYooC/Mp9624gpGVfIPalljU8MyknitHhVJeRjTrW1OZWLYilwS/XFUZ7Nz+8ByM/iK697KOU4A2gYGKVtLJA4GB0x2qZ5W5bISzNRZx9qtzC24Z2eldTZav5ZjjlJVv/r1bg0tGdQdrL0Oe9ayaJayH94ijPGRXRh8sqw+FnJicxpSXLJEkN6GYOXBB6+9b1tK+4PG45Oee9ZC6HsVTbzMQD0J7V0um2gARZFAIPX1r6HAYebdpI+Ox+JpK7TOt0WYNIGkUHtj1r1vRFM5QRZD7sKMHmuE8J6He6/rekeH9Is3vNVvrmO1tok6ySOwVQPxIr+kT4Gfs6/s6eGvi18Gf2cPFms/B/wanhqA+JviLr+qahb2l3ruoFIg+nQXE0izG3T9wjRRt5Yd3kCA5rwuNvEqhw4oU5QdSrPaK/Nvp9x7fA3hvX4ilUqqfs6MN29b+SXVnyj8Gf8AgmB+2h4/tPB3i+X4PXWj+BNTiivo7q/1bT7eZ7VvusbSW5jnUMORuVTt5GeM/wBDX7Kd18GfgT4ui/Zm8Ra54hg+PE6Qu2g21lqF8bC1EatH5t3bRNbxLtYSMzSYUSDcxzk/TfxM/bb/AGTfg38P/EPjrxN8e/g1Z6Npdm00dtH4msRJdMq/JBBGJMs7EBVAHUjtX5vf8E5vjH8EfEt18YP2wviV8d/gvfePvFepT2llCPFFkZbKyWXMoWNpd8as6qioefKt4SMhhn+S/EXjbF8S1qVbGWUad7RWyW7evV/of1T4fcGYTIcHWo4S952vJ/E30Xay9Op+5qy2djas8tzFFaxIWd5JOEUDJLMTwB6mvzx8bftTeHv2lNG1f4ffsuX2teLNStzbz+INRvdFu9KtdIsZJCkdwkuoR28dyd6vIEhclltnG4ZAbzT/AIKBf8FAP2a/hX8CNT03S/2hPhAvijxOTolsIfFlmTbWzKWuJWQTA/6tWiUjkPKnYGuK/YF8a/su/Dj9nS38W6x8bfgZHrPim4/t66gj8S2O6CDaot4HjEpJdY1VygXIeRhgmvjMwzGfslRpw923Q+xy/Bwivb1H719F+p+gPjv9oH9nH9mTwf4YvfFuv6R4M8L380ltp6aJo9zfRSTKAZAkdjDIQBuGWKgZI5ya/Nf/AILG/toeC9E/YN8U/D34WeLdZufiP8WIoPCWlW9npSNdw6Pc75NUmubW8CNBG2mW2pRKxTzBJLEUAP7xPkn9rz9rb9m74+fth/DT4I6R8ffhRc+BNBu4NPvHs/FVoYpJHkEt4wVJsHKKYD1HOMZ4r8uv+ClP7QWkftDftUeI/EnhPU7eDwV4Wt20PwxdWaJcWWpWzRx+dKoR2intsR20RQBHjkFwDkFTUrO8RCPsYQUY27f1+R3RyilK1WUm29d/66Hwjc31s6W8Fhby6bpEUSRWti0UkK2UKDakQRwuAqqBwMehNU5rg7BtPy+lZdxfpcSLLDZrZtIMyQxkskT8ZEZ6lM5xnnGM802RpWQMIpVQDng8fjXz7T6nvwm7XR8e/HSQJ+0Lp00LhJj4Js0kOAAG+0KQeePuoOtfsB8NvgV8T/2o/H/7LX7J3w7FvaeJl8L213LJrEbRWthYJG9/LJdSQh5AkjS4U7d26REODzX41/EW3n8TftO2GhWUmb6XSdIsIgD/AByOAOfqRX9iX/BL34Q+LfE3xm+M3xYTUtR8I6N4invvBen6pZRpFe22l6X5X2mCzZsmKV5fJ+fHCg9SoavUq0nKMKaV3/wyPKjiXDnne39XPzp/a3+B3xY+C3xcv/D3xh8Ojwt4x1K5d9KNvK0uj+IoFVdp0m8ZVDlV+9by7Jlx91hzXyJcm5vLhtMSC4N27+X5Trg7s/dxX9l/7Z37KHwn1H9lzx7ouu2+sap4c020W/WK+1m4mJdGXLpLcPIbe4IztlhMbFzg7g20/wAznxh/Yy+MU/7all+wL8FvEuifEzxHqunQajN46kDJqHgjRJf9aNXjjRolvFQOFkyCwdSFDFa86vg6lCt7Ca19bm+Dzb6xSdTtv0/zMD/gnL8Dv2+fij4p+N+h/wDBO34t2fwP+HNlcW0XibxVrUjDR7rVFw/2TT0jjkmeQbn3kDYADnbvUN+53wa/Zb/4LK/CD4eWHgeL9rH9mLWJYLu7umuZ7S+ne5e4neeR3ee1dgxeWT5VwoGMAHNe9/B34YeBv+CbXxP+Af7OfgZZNG/Zv8c6Q2gWlzdys5Hja2DSiaWV22rJfweau0D5pbeNVA6H9Smilj+URM4PqRXFmeOr0VyQp3t1PFr4huSkrWe2h+M2q/Dv/gubboU0r47/ALH2o4HDbJ42b67tNIFYSeCv+C9aoVb4rfseOxGNzTyZH5aYK/a4205yfIUZ7ZpDbznrCrY968SOb1+sJf18hxxStZxj93/BPxWtvAf/AAXkmnjju/jH+x7awk8yebKQvvgaYSa7zS/hj/wWgMcv9s/tI/slW0pwFCWNzLx9fsKV+tjWs+7P2dfzFKILlQFFvkfUcUv7XxN7qD/r5CeJ7KK+S/4J/MX8Vf2Fv+C2fw+8N/H/AOIPhb9rf4bfE/RdXe91zU/AuhG/t7vVxJH++ismaNUWYqDtQFQ+AueQtfgP8PdK0iLwZY+JfDL6hPpNzK4uXu1Iuba7UnzIJ+uJVIPc5GD9P7q/21Pin418EfDfRPhj8Hr2Sw/aI+IuoDwt4ReIgyaaz4+1amwwSIrSAtKzgfKSnciv54P+Csf7Afif9jHVov2nv2dPBCfEH4B6zFDZeOvDM93JGmlaz5Yjj1njO2KQgmU5UbiVyA6ivqsKqlegpOHK1+XQ6sFjXB3qPfY/NDw9pU+uvpwlj1CJLu5Szsba2tpLm81e5blbezt4wzzStg9BtHcjFfXH7TP7In7UH7OXg/8AZ2/an+LPhXw/4L0Oa4tvDl3pdtqhu9U0M5eWz/tJgoi8xlR1HlMyxnajEEgV+s37Bf8AwT+0HwF8VIPGHjX4l23xN8XWXhDTNUs9c0T9xp8sWpPJ9nXRGRiUsY0iYPPE++VmUh1GUP2J+3D+zzYX37OHj74N+GJtS1LT/G7Q6BJpF1fTSwvqc7tNZXcElxJJJHOtzbw7vn2MhOVBAYa4XAVJUZYi14rTfXp0His6i68cNF6vXy8l+D6H8Gv/AAUD0C28N/tH+O7V5Yrmxn8fWGuwuh4+zXqPdqPwW7QH3Br6o1aYL4g1uRJBJD9unCsMjcA5wR+VfKv/AAUVjvmm8C+MrnT59N1N/DekTamj84vLK5fTnXcOpAgiJ/3h7V9FySyX3/Ex/dWunGKOV7h0PCsA+2FM5ZmZmy7cHgKDivWqQfsoN9jihf2k0aa3axM8sZ2knHoTX9KX/BHr9r7wP4g8Na3+z58SvGN7o3jG0ZdW0h9V1O9u11K2EcVvLb27TvJFaiEx2xWGMxJJ9qJSJnS4lb+Yi8mnti0n2ee2hPKRS/fA/vNjgZ/u9R3r0P4G/FXW/hT8UPBPxR0m2+2an4c1SPVrCGC0Se6muhHJFstlOD5zRzTIvzKoLgudoIPlZnk9DF0vZYiKnG6dn3XobexjKUZ3aa6rz6H95Hw+/aS/Zq+OepeMPhZ4K8VWviTULG0nbVtPvdCvLeFYAwjk3NdwJFKMuAQC2QSSCM14/wCDfjcP2ZvDV9ZftA3stn8N5dY/s3wn4h0pZteGpAq7LHMtnE0ySlYyWJgSPzFlw/zxg/jP8Xv21P2bfgj+1h8LP2o/DPxl+FMXhrxdYWup6tY2nimxuIh5iCG9iURzMnzja4OMlldsEmv2A+KPxR/Yz/aC+Dnirwh/w0X+z/Bpms6ck9lqB8V6YTbybRLb3GGl4KNsbHsQfSvQp4mpDk9jSUeXRJKyt2sRLCUoJxnK8ZW9V/XofdPhjxX4S+Jvg7RfFvhTWV1nwtqlulzaXUDyQmRD2IO143BBVkYBlYMrAEEV+fX7dX/CkPETeEPgt4q12+0r4paydvhyzmsrwQ6x5siwtb/bjGbZWd5IkxLIMM6D5S6mviT/AIJs/wDBQv8AZ50bXfGf7MHj34+fCHT9S0a5ubvS2bxdZrawSpJ5d1bRy+eI5I2f9/HtyG3TN3Wvqv8Abv8AGf7Lvx++Beupp/7RnwA0zx74akOueHbtvG+mxlpY0zJDvE+VWRNy89GEbdV47MfJ4hRqcvLNaqyfQwwtL6vX5G7xf3NP+tT8lPGv/BM/9tOO51Aab8JP7XsI2cwzR+INLLzRgnadnnq28qASoXrwM9/yQ8Vube91LTLyGW01G0k8m6t5kMctrLtDbJEYBkbDKdrAHBHHNf14/sS/8FNP2av2gvgtoV74i/aD+Dlt8TtKRNO123uvEllayXMqgbLpVkkQESpsZgowshdP4Rn4J/bks/2StM+MieNLf4k/Anxl8NviYkuieJtNttY0u/vvD+rNG3l6vYxCTzFkA3O7RkMcS5YBlFf1Pk30qc1pQp0MzpKrTikuZXU+13d2b72SP5uzP6NuXVa9SeAqOlOTbSesO9l1S7as/mK8Qa5FbsyqQMccHpXjuv8AiYBJFjfDnnOelemftNfDrxZ8BPij4q+GPjExrqmnSgwzpny761cbobiMnBKSIVYHHIPpXxbrPiP53ImBB4JJ6V+n5lxlTxVGOIw8rwkro+ByvhCphq0sPXVpRdmXvEGsNIXMrnbXkupX8rGX5iB247VsXuqRXQZlYYxk+9cVf3qODwMDvivzfF42VZ3TP0TBYaFNWsYF9eO8jBS2DXL3EkhL/MducjNdFP5YcgkLk561RaOFhhUDfU1wOjLqenHEwT0MWN2C7hllFTLOzqVyynGf/wBVWHVFzgAZ/SqDSx5YrgD6/wA6hYeSeoTxatsUbhWDjeSR/OrEKwgblwrdcGql9dxYwSGIJOayWu3IO1mzjg5rtp04p3TIjVlPV6I2LyVT1JHGcVy13dEkgNke3epjJI7EuSajECsxI/GqlTk9EdlGUYrUzSjyE4+UVYitArBiMn3rTjt0Uk8Eepp52DdjA9M1tDDJbhLFv7JFFajaDtwRxTZbeNc5K+4qU3PlllLLiqM1wuWySQR2rsjCKRz88pMzboAEj7vHGD0rImfGVXGelXLqUcnOKwpZlDkbiCePpXHVbb0OtXUSWRtuBn61QubhVVido/pTbm6VeSefrWBdTs+45OCK8qvibRsgpQI5phIzYOaaOSR/COOe9VUZQM5qdJF6ZxnkV5NKfNK7OklAA6VFEuN55BJxUjOAqnAA6daRpI0/iBx71urc92dFBNskYYwO2Oant9u8bsYHSsmW7APygt9e9JHcMpBbnms3iEjupwdrn0Z8MdTjttVt4mdgHIjO09SeAD+OK+lfEFgmseGrmEoHZVOBivibwlMou4t4JJ4PPWvuPQbiO/sQcIY5YtxAYHB7jPscj8K+5yW1SPLbQ8LM21K58QRxyW2p3Vsyg4Yj6811lplSrYx04pfGuntpHiW4TYFVnJyR/Kn2pJGT6VFHD8k3F9CKlROKaOq0+XlQe/XmuzsZNpGQAOvWuJsUUEetdbYssTK0xAUnIB7V9dl8WrHjVnrodxCwZV4BGOM1JNEkkDAhScdaxG1GKIAJg8ce1WYJbq4B5VIvr1r6ZVo7I4XCV7mNdwkMcBtvY4rldatS9uWVBuHcV3t0FIMa8YrFniEiMh57fWvIxNHmOinUsfUH7L3iUXVsdFnb5sYArA/aq8EGz1nQvE8EcxhkVrGU7l2oQS8eF65O6bJ5Hyjp38l+EWuyeGvGFuu8pEZAR78197fGTw9H42+G17LbRCa7WAXNviHzH8xPmAQddzAFMjnDnr0P19CksXltn8UDxZ1XRxdukz8wrawxggY9a24LFcDqDT4QAuMAH6Vpw7QASBivn6dFI6a1ZkSWa4IzVxbVQBggg04OoBwMH6VMkgG4dTXbTSRxym2iNbYE9s5qXyDyRheewqQSqCG4H4VOHXAwVAx6VurdDnc2VhCD0zjtU6x46Zz7VIozjbgnPrUiAjORW8pJbjT01FTcuOgFO3lhyR+FIWA4JqChVbEFnJHQkUokOeOfqKqtIdqgj9aaJcdCRWsapDgaKtnnAp4b1ANZ4kJPUGpwxznOf61rGt3M2rFlm3DHIqMjdgYBalzxkjFPBXuo3euK09oRqMMAbnADfSm/ZM8FB+VXkBAOT9O+KvRRZx3/AK1cKNyHUtuc4+n5zhQD34qm+mEg5DE+ldylrk/Muc+1TCxDY+VRnjJpPApspYqx5u2kAg8c4zzVE6JkZ8sOSeBivVv7NUk/KCT+lOGlpjaEAqZZVcpZg0eS/wBhng+WQRVWbQ2HO2vYG0pc42qD34qtJpYAIIA9jXNUyhWNKWYHh0uiHJ/d1mT6KVLDaMmvbbnSUB4A+mK56701Rk44ry8RlSWx30cfc8dn0raThQMdqzJdM25I6eleqXGmgkHHH0rFuLDksFA7GvIq4Dqd9LF3PPGsAOR0+lU5LEAucHPsK7qSy2lsBj746VlzWwB5xmvPqYVI6YYg4qSyHH3hWfJadQMV2c1uOT8wI9utZVxb5BYYJFcNXDnZCqcbNaEqR39qx5LYqeRxXaywkdjzWXPFgcg49K8uthzrhWRyjQA9R0qs1tg8ZFdK8QPrmqcsLc/KGH61xSoHTGqzBMe3PXHuc1C4GckL1rVlhPcZ9KhWEffc8dAK5nReyNo1b7lHCwoWPDH9KqM7ABiSc9R6VbuE3sSN2D2I6VQeJlyRyKxk7bG0VEer8MAFI9KPMycfdz7VByPUUxmAOMGsHNhKC6FzcANw5aiqQkxgDIFFaxm7ByI9QTQiuMw5HUnFa9toiEqSgwR2FdvHZrjiNiPoavwWYUj5D+VfxXPMJW3P62p4BdjmYPDsTjhQo78VvWfhiFiBsB9sZzXW2dqjZypJ9xXWadYq5TEbn/gJrysRmUkr3PXw+WRbOYsPCyqVTYpHbivQNK8KxDbiMY69K6vTdIaVVxGseTkE9fyr0DTtFwqjzMH/AHf/AK9fJY7NZdz67AZQr7HK6b4bii2gxj8q76w0VAiLtwfYVuWejocASrkei/1zXWWOkOxUKpIHcqP8a+UxWYt7s+tweXNbI5630pFA+XmtWDTY14CjOfyrrYtGmwNm1j9RVxNHnXGfvHsMGvJqY3Xc9yngnZaHLxaeo7YHf0rTgssH7uRW/HpUwJycH3xz+tX00qUfKGAPc4/+vXLUxKe7OyGEl2MaK2CYOMn6VfSEggkCtdNMk+b9509qsrpsn3vNXHoB/wDXrhniE+p10sO10M1YcgMRk1OkR5GK010+QjJcEd+Ksx2LHA3AnHTFYe2R0OhLsZQjJwAAKkEXB4NbA0xz8zMqn6f5xU6adIVAZlX8M/1rJ1l1No0ZdjFMA4BA5/WmPCgHI/Ouh/s9ipO89cH5f/r0xtOJ+87f989vzqo1Y9zR4eTONntBuPyjaeayZ7MZORmu9m0pmyRKRnsFzj9azp9IkXo5Zj0yvB+vNdUcSr7nPLCu2qODkshkkdKz5rFeCVKkV6C+hybdzSqCfQZx+NVZdCk4JnCjvla1jjY3tc5JYKb6HmVza7FIABPX61hzwMBwD1/GvU7rQJDnFyD9E/8Ar1iy+Hd3W6yex2f/AF69SljIW1Zw1cHPsebPHIOq/jVZg+cFcEV6JJ4ZbnNzt9tn/wBeqUnhV26Xagevl/8A1664YuHc5Xgql9jgSJGJO0+hqNmlQjKEjqa7WTwuytj7aMn/AKZ//XqB/Dcn/P6pUdyn/wBeto4im9mR9WqLdHJ+Y2MkUvmEDIP4V0a+GJmJ/wBLX8Y+v601/DjAMH1BVJ7eV/8AXpvEU77lRoVN7HP+aQCORVGSb1PH1ropNACnH9pKF/65f03VkTaKdxxqOOepi6/rW1OtB9TCrTn2MOZ1JODxWTOUYgg7R9K3ptDfJUaiCcdBH/8AZVmTaDJznU1z7x//AF676VWHc4J0Km1jm50TOG4OKxbiGPnnH0rqJtDkZiRf7iOeIuv0+asmfQrl03W92Zn77otqj2LZPPsM16VGrC255eIw9TscnNDGM54qg0SkmuuHh52hPnzhZ89VY7fy21TPh3A5eQ/STA/9BrthiIdzzZYSb6HIXEKKCCDg+lc/cKqHdnrweK9JufDqbCTLJn3lwPwO2udufDcfzB5nX6y5/wDZa7cPioXvc5K+Dqdjh5VHIwQeh9qxLgcnHTHpXob+F0dGxNKX/wCun/2Nc9L4YL7lMsjyZPIYBV+oI/rXuUcVTezPDq4SptY8/uMMcEjJr77/AGSfCr6X4M1bxNcpPFLrF4EizIpja3g3KHUDkHzHnU7uyqQAOT8Yz+Dn5b7UM9PvHP8A6DX6leCPDNv4A8EaLoEawp/Z1kqzGORmR7ggtK6lucNIzt0GAeABgV4XF+ZxhgJKm9ZaHt8FZVKePVSotI6nyh+1x4s+WDRYJBtUfMBXxTo8Xl26sFG73r0r4468/iHxldqJCyLIepzxmuIs42jiyELDH5V18OZd9Vy+FPq9TxOJcf8AWsxnU6LQtAFjnKcdcGrA3pgLE5OOCRTbYxhi+Nx9PSr8kochnOMjAAFd07p2PNjBtXK6rKi8v8zdamiiCgNJtkPoTSknKbRgjk89Kqy3ADFRz604XZbSWpDeTMwwoHHQDtXN3OXY8ZH5YrZuJAwOMZ6Vj3LNgAdO9enQjZWPNxGupyOtcRhBkselfTvwI0Nbewmv5FAG3PPevmG5U3eo21svLM2MYr7k8J2Y0HwP5gUK7R/ris8/k40I0lvJmvDtNPEOrLaKPEfibfCa4vJCSylior5W1lGadmGTzivfPHE5MkivuBLE59a8TvbNpJHYKCOtfZ5DhnTpJLY+P4hxSnVbOEmjZHJOCM5qmxZSSPmGcV1VxYloHbHI4FYMlnMfljQsx4PHT3NfTQhK10fI1pxOYu5/KuOBlSKabnK5AJrp49HaNWbeS5PJ2cn9alTTZgMeZ+a//XrWEZM8yrNHGm54yATn0NVjdspYqCMHNd79hmJI8wHtwmP61Zg8PXU7NtXnOchOn611042+LQ4va3dkjkLTV2TaWDYHFdVp+thMlm2j3rr7DwlBBCnnzCRzycJ3/OuttdKjgRFjWEoO5jOT+tOnjYRehtHCTlG0tEcXZa4m9cMc5yea7vTdeVigD/8Aj3Wte2tSoBEUBb1MfH6Guhs1VMExxkjnPl//AGVe5gszV9UeRjMobWkiey1nhfmAzxXaadq+QoL4+uKy7eedBGLa4sluGHykjc2PYBsZ/A13OkXcNvBHEIlIByzMPmJ9TX22XZpCyaR8Zj8nk7pyNSyvkcA7uo9RXQ2t428KWUA98jmtDSNStwRuCewNd3ZX9upXZgKOTx1r7fBZhCdk0fF4/KJxu3I562naMghye3WtGOdJJFLtjHOSa9IsdQRtvkouewC4ro7ZI5vmZU3EckrzX09BprY+Tr0XDTmPKbbMjlVIP41tANtYBVBxnFex6Xp8bESmASAnnKcCu1h09EVSsatxwAgx/jX0WCoKWyPmcdUlfSR8329qQHYDDE46VeS3ZtmVO7vzxX1Dp+lxyuonhVh0OFrp7bw1p86nKiMY7qB+tfRYbJotnz2JzCUdGz5AdZYwuECjrxVmynIO112sOelfYa+ErcRNtAmX1C0+28DW0mWMOTkjAU5FdUcllG9jwq+YJ7nzV4I/abm+APiPWfEvhS4sLf4i6fZRvpN8II7q40u4d874I5MxpMEXh3ViqyFlCttYfJfw08JfHX44/Gu61b4SH4l+OPGmuS3E+r3L6o8l0xZlZ55rqRxncxGWdsliuOTiue/at8NadeePtZg0h2i8Wx3eBICVM4QFFAUEDcoRUGOTtycnNf1zf8EZf2M5/h54P+HcOraJpknja6sbbVfEdzEqSFXJMmxpUmkR1VpPLVonCSKiOFDM2f8APLxR4mlWx9bEz3u4q/RLRH+gfhhwxGhltHDRdo8qlJ+b1Z89fDT/AINp/wBpj40fCPS9Z+Lf7WX/AAhWt6zZ+bLoctjcal/ZYLkoJJzcIHbZtJCrhWYgMQoZvTvDf/BrB8WPC3hi28P6P+29aWtxHMzmRPDdykcityeBe5znP/1q/sn0K1uk0+2W7SKGYLjahyAO2OBXQbVUHjivlMowOKr0lUqTcU/Q9vEY1Qm4witD/PS/4KK/8G+/x/8A2ePg1Y+PfC/x6tf2jteg1CKFvDsdtLp1+yODultY5ppUnC/uwQGUnfgAsAp/O7wF/wAE2f8Agqz438PeHbj4cfBLx4+iiExQW3/CSWFlI6oxU5tZLlJAOMAlcEYIyCDX+iJ8ffg1B+0d8W/B3g7Utf1Wx8KaRbNqV0LWBiROlxHtVbjOIWkdi21t24WJAU4JX618AfCj4ffC/Tl03wR4X0rQ4tgSSSOMGWcD/npKcu/U/eJxXJQhmNas6eGcVSW8pJt+iSa/M+jjUyulg3LEqcsQ9lFpRStu203r0S87n+YtJ/wRd/4K7P8AEa08Uf8ADH3xSguiRuvDrGnHDkHLGQXOB16k183+Lv2nPjP+zXdP8B9Z8OeDrLxR4V1LUNL1qxvoIbuXT9SgupYpkaVGZTIHWQF0YgnJBIOa/wBb8hQOQAK/my/bX/4N0f8AgnR+0z8efij+0j4y8X/tMeCfHnim8/tS/wBC8Earo9lprXpijWWaOKfTZWWSeRGuJXklJeaaV8/Ngdud1KGCgqmNqxUPPTXy11PDwNWVSfJRi+Z7dT+HlP8AgpP8YbeNkbTPCEwbH+tsVYD6AAcVTb/gov8AGC6YvHJo2ioesemaba2yyH/aby2Y/nX9Nup/8GuX7J5vZpNN+Kn7TNnYk/ukudd0qaRF7biumoCfpiqkH/BrN+zVez+VZfFz9pO6mxwkV7pjH64FlmvzKHiZkTqKnG8m+yufpcOCsc4c8q8I+stvwP5Jj+0R491T47X3xKuNVgt9buhYq0yRgGJFKgGM/wALj1Ar6e+F/wDwU1/aU+EWn33h/RviX4us2tfEN14j0q6t5/3treTlBMST2cRKT7jpX9ROkf8ABob8DdUtdXvLz9pT43+DNZawki015Bp+oLFdbGEUlxCsEW+FHETtEkoaRQyiSIkOPHNS/wCDODWJJ7i4s/8AgoLZTSO7Od/wxZASfpqrV+pYOEa8FUcJRXS61PzzN4uhUdKNWNTu4vT72lc/G74n/wDBdX9tz46aRY+HfiP8YNZ1Pw7ZmOWSxtdOhgS8KZKm4MYG/B5y2a/Zb/gi54+8c/tEfB74+af8I/iD4n0X9rO/X/hLvE2pXOreXda7pzXcsRitCLOSUtAIrVnJm+f7XGFXKsK5i4/4M8PifZQTy6R+3R4LvboRlY47jwPPCr/VhePj8jXDeDP+CbX7Z/8AwR8+Nnwn+LPgbxGvxM1zRFmvDc6dp8ktlfqxMT2FxZxvJceVMkoXzIdzAGQskIjEzTmmEwyglVlyt7N/lqcmT08XUqezw0OZ72jr6uy7Ldn62+Ov2df22fin4H1PwP46+KGr694RuZLa6sb1tY82bSry3dWhu4GMKsskbJ/AYy2MEkE57Dw58Pf20dL+Mfi/9nzUf2p/iN4k1vw38NdL8d3urvrDQC8eedopLbyxAQhQRs24E7gBwCTjVj/4KZftkzKstz+wP4Nup3+dpFTWRuzyPl+wnB555POa+W/Cv7dX7ZNt+3F8avjzbfs4aBqv9o+CdM8MDw41trJjEUM5kEkUy2py4Lyb1YDhlwO9fK0cNS96FWrHytY+lxEcTo6dGWm+j/y9T7IT4Pft6ywtJb/Gv4iyQbVZXHitScH1X7MCK8z+J3hv9tX4c6t+y5oOoftK+OYdT+JPjmXwiqyaxLjR1WJXSV2EX70tib5Aq4wnzHJx6pY/8FC/+Chms2Sahov/AATu0/U9PbISWLS/EEyPgkHDJYkHBBB56ivk79pL9on/AIKJfGT4ifsja5ffsO654NufA/jj/hK7K1s/D2vmPU5ooWHlSBrMEIQcHGDk9eRXZgMhafNUacX2R5mNzyC9yMGpLzPqC7+B3/BQNLm8hsvjr44mSKVo97eJwCwBxnb5PqK4z4s+Dv24fhF8BvjR8a9e/aC8ZFvCFhb3g08eIWb+0WklEewSLbsIyNynOCOecda9Jn/b1/4KPvcyOv8AwTctyXctubQPEhPPdiNP6184ftb/ALaH7dfxB/Zt+MXw08ffsUWPwo8N69pX2S41RtC8RIU/eIf3e+yVDJhTjeQoxknjBdHh505c9drlXlY1lnMai5KEHzvbW/4WO9vP2F/214fjlH8e9O/aPu/iD4rfwhb6boN7qV66f2Fa3KiWcQgx5yzHbvG0kLyBnA1fHHgn9rD4N/Bj43/Ff9p74xap4i+BGi6Q0viPRbzVTMviBXIjhtLZZLKUeY8jRICdoDSR5bGSOV8Ff8FOf22fD3gXwHoL/sj+C/Ftvp+i2Wnrqk9lrxe/8qFU80lbPbltu4gcZJxXxr+2f8YP26/+CjOn+E/gXqfwdsvg78O9KmfW5rbS7HU4LfWLsAqn2i4uIMAIZNqJGjtmWSQqVQtFThhoSdSpWgoL0vb7zaGHxtRqnRw8nN+Ttf7tD+cXQf8AgqH+0R8BvGIf4N/En4geAtP0l2TQYllZxp1nI5drNg+Q0QYsQhGBk4A7db8S/wDguF+3B8WfEGh+J/G/xl8S65rGkAy6NBDFHaW9nd7Nqz+VEqqXGSd3XNfoT4W/4Nnv2gfi5q11NL8aB4Yvrkh3tp/Cxf7NGTwzSG7VTjnp+FfS+l/8GdHjO6tA+v8A7eWgabe5P7u1+HslwmO3zNqCHPtivdyrFYDGQbwzco+jt+Wp5Wd5LmOX1FHFKKm+0otr7m7H8rnxD/aH+Jvjr4cWui+LvGGo+II/KeVhcuHCM14snyk8j5jITj19q9xs/wBvP4x6YvhiOPXZJJdKhjS2SURzW25YwqsYXUqSACOc9TX9afwk/wCDQH9nPS7XV7X9oD9sD41/E2FhbDTV8I6HZeGxZqpczecbltR88ufIKlfK2bJMiTzBs96P/BpN/wAE4G3M/wAZ/wBtdjjqfEuiDH/lIr3FgYNWcdF3PB+s1Vqnqfxnyf8ABSv46wq0cZ8IQOWLNLb6VFbliec4jAH6Vn23/BQ3403eu6VfahN4SMquInuTpkTTiM8EByOOD29K/rt8b/8ABq1/wTv0qEWPhb4vfti6pq24+a1x4l0VkgX0wmkjLZ7dsHPUV5jY/wDBrF+x79oje6+L37TflqwIxrGmZyDkH/kH8/pX5hnPiHkODrSoTleUeyuj67KsixuIpKq5qK83qfzQX3/BPD9vL47aZ4O+I/gf4I6n4u8J6qv9sabcrr2mwLPbTkTJJHFLcqyo6urAbRwa9Il/4Jr/APBUe3u7a5j+BvjaGwQLtgTxDYNhR2KrckV/fz8BP2T/AAX8A/hz8PfhXoM2p67oPhzRLLQbG41OZXupoLaBIY3mZFRWkKxgsVVQSThRwB9feGvgtoGorHc6/pMBsAcpCCyFyO5IIIHt3+nX4Ph3xNzfNMf9WwNKMoX3s9F3bufoGZ5LwthKalUdWTsr2lHV9bLlP88v/gn3/wAEUvj7+0z8SfGV38XfGE37MthbWl1NFdXWnzanqepzK6fLa6fbyRmZGzcfOJM7reRdp61+zy/8Gr3jlhqUF7+3OL+ylgaKPd4LmVskYyy/2iQMdcZNf0j/ABP+AXh3wn8QvA/xg+HWn6b4Pv7W7Fvqn2OxbFxbsd25hEAeGAy7MsccMl2TkyYP2XpM9pcafZvYRpBZ+WBHGgAEQHGzA4GMYwOmK/ccJhatWo6deXLNdtn99z8wzLEUItTwafI/5tWvW1tT+LnR/wDg0/8AG3gfw9qNn4Y/bjtxqckjTh18HT2ySMFIVGK37FQTjLYbGOlfzwftpfsN/tO/sveKYfCXx10bWrnwnYTSRtqtrqDXNpc3I/gVzh0BXLAui7gDjocf6uU0XmIwBIJFfi//AMFPP2YNP+Lnw+1qTxDpNnq2j3dubTUd0TPsOf3U52FCCp28qQRgfNzkefmMq+Drxc3zQZOXQjibw2ktj+BrxL+05qnxC+DHhP4feK9S1XX9Z0GS2sfDk+oSC5vrWxwyfZY7knzXtuV2xPuEfloIyg3K/wA1ahPr9ynmxWOpSxkkZEDEZ9M4rote/Z21r4C/HzXfh58YNHur29+3vb6X9qtHt4tXsRcNFHdxLuIMTiM4wzBSpXJKmvbT4bj0XS47hGvmjutryRzQs5t5GAPzd05yMHpX7ZwLjXUoyw6+Far5n5VxpgGq0a8nZvR/I+XYp9bRGSSw1RT6fZ2/wqsy61cRtIlhOiA4O8BCfwODX03J4bmlmLrGjDAK7OcmqVx4SlmZ0WxkLDjla+9hh5p2SPjnKmldyPl6W11dgCtsVPTBZTj9arsmq8qIiD7MP8a+lpPh3dsg82JUYngHArnrzwPd2ZcNAzH2FepTyerJXsefVzSlH3UzwF7PVXBPkZPuwzWVJY6sDtNqQp77l5/WvcbnR5odxaFkx03DArHn0phlniO088VrLJZrcVLMYdTxG407Uy202zk9vmH+NJDo2uMFP2GTA6cjn9a9eksIgVYKz4PIP+FTpCCpWMrt74NOjk9n77OxZkre6jyYaFrCjLWUgz7g/wBaYNL1RSVWxcuD03LXscMR+Zgq8cEBuKhuo5WO9YwCeh7160crhy6MiONbZ5CNN1tjhbBwe+WUf1qtPputKGH2Bh771/xr0uWYFwnAf03DOahkWY/ejyPQHrXLUyu/VnTHErc8imsNZDj/AEM57fMv+NVZrHV3GDYttHP3l/xr1aRI0YklIx33MKy73OVKhV9wBzXnzwbWlzuoVVueQXdrqyyxwNZMjuMrlgAw9jnn6VjT2erkkCzYsOeGWvW7uBZoTBc4ljY/Ke6n1UjnNZDvBbslrdzyzSjhHeUncPQlmyDXn1sLLrKx2qpdHkU9nqrZ3wMD3ywqu9nebVJjwf8AeH+Neu3djDcuwVWTgZIkbP8AOuT1HQLjHmwyGRfQuc14uIwEo63ubUXzK2x5+9vPGvMXT/aFUpbmaI4W3Ge3zCtq9tJ4AfNjkX2LECsGSJpDhgW545zivDqTcT16GCT31Ks95ekhihVepxjpSRXckmWDEg96ne3X+MMG9STUCwKrkxMocnJz0NZQnK+p6dOhFL3S2jM5Bc5PWryDDc9Ac/hVeEKwIK7SOCMdKtrGGlAHJ7e9dlKN2jGqkldHceHJfLmjIKgjnNfavw7vBPpdshK5jbGB/dPIz+O6vhvS5DaSqjDgnrX1f8KNVJYWeSRIpwMdGAJyfbAb8TX6Jw6lFpM+XzSm3G6K3xt0URXMWoKoAYZJrybSrlJIo/mAr6n+KGk/2p4XNwqbnjGeBXx5o8hhnlt2OCGwOa9jM6KhXUujODBWlSt2PR7S4O4Kgwe3NdFHDIAjNIHHp6Vx8EgjdHVt34V1FnMHZT3r0MLJW1Mq0Lao6SHy3CBgCBxjFbkTqqgDIA9K5yFm7/UVrRuNinBzivYozW5501oXXXfhiCM96qLCN5zznoPSp1kYqPSmqOeTkfyrZq+phJ2MOXdYalbXsRKFHGeMV+l3ww16LxD4JhiZw8ioAM844r847+ASxswHI5zivpv9nbxKUZ9Kmk+U/KF9K+h4WrqNd0ZbTR4mcxbpqa3ieIfEfQv+Eb8ba7p0cQgtHm+0QAQ+Wgjf5gqDptUkpkcfKenQcgsoVfvDPSvrv44eGLeSXTtaMFqZlY20jt95lOWQDIIwP3me/P5eCrZxruRLS2K9mES/pxXLisDKFSUezNaeJjKKkupwglz3T86VJTkHcD9K7tLe2fDLbWjLnBPlAc+nSrDabaSDabW3B6ghRkVMMLK17kc6OIRkA5kUH61N5ic4Zcdq7mHTIYxvW0h39NwjUH+WavQ2ysCUjgABwcoBzXRDCy7nPOujz5JEAHIz796cZVGcHkV6XFYFiM26D1wM5q1/ZqL87wxqh5yU/nxXVDLpPUweJjc8lM7An+Kmmf1Oc+9ev/2QsgcLFGUxyvlj/Cqq6OlmPLhtxD1I2YQE++Bg1Ty6XXYPrUTy6NZbjPlRPM3ovNTfZbrGBazhvTYa9HWyvIztWGaUZ5IyzD8OP0qzAHYsqp5jjgqOSPqB0q4YTo2S8R1R5iLW6Xk2tyD7xmrUdve8H7Ld/XyzXp4tLs9LWUA9coacbC7BTFtcc8giFv8ACt44C/UlYpdTzdLa6cZ+zXJ9TsNTpaXW4g204Pb5DXpcdjfEAi2mI/65MDUwtr9MF7S4IzziMk10wwHmYyxCex57FZ3O4AW8+P8AdP8AhWpDaXI+7bT/APfBrvEjkyoNu6v3+Uj+lXUimXO5JBj/AGDxXfSwK7nNOucRDZ3Rx/otww9fLP8AhWgllOwObWbI/wBg129sbhQD5EuCe6HNagSSQgmOQNjJ+Q8fjXZSwMbbnLOuzgFsJhgNBMAR02mp/sEoAxBKD1+4ea75bWRsEIS3oVOad9nuBuLxyooPdev0rdYOxk6+p5y1hNlSLec+vyGq0thMRkwTH/gBr1NbScldsT4HTCmkmsZchTbyn32Hj8aiWX6AsRqeK3dmyhUeJkJPA2nn6CucvNOnJI+z3APpsNe83ekSTRlTbuUbsVPP1Fcvc6HNErKls4A5O1f6da8vE4B7ndQxSZ4hc6dNg5trnP8A1zP+Fc9c6bOMk2t0O3+rNez6gkdvtW/ha3U8qduQfrWW9lBMoEflSjbkbDuAH4cV4NfBXZ61DE7XPDp7KYZBtrjH+4R/SsG4h2MI2jcMegIOTXvUumAuAqMpAxgJWLc6fOroqxSnPU46fWvFxGXSPRpYs8LnhOP9XKD/ALhrLlgPIKOfwNe2TWErMGMZkwSOR/Q1Qktp03YVwvUgZOfwry6uAZ308Srnhs0TDI8qTP0NZU9uzdYnH4HNe6uZCCGSZRnGcHn8qpz2/mBS5YgHOSc15s8uvszrjiEeDSW5XHyMcHuDVV4mIJMTkfTpXvrRMuWExz7moG3bd8zlVHA+YEn9a5Z5W3u/wN4YpHz99mM8iwxwO8rNgDHOaln0DVlwh0+TA6cqP1zXurwxMfmuY0HUEycj8qo3CW6KYo54Q5zhw3T8MgZ+tc0sskt2bxxZ4NN4f1YIzNYFVHJHmJz+GeaxJbC7jcxS25hk67HZQw/AnIr6BkSEYSa8so2J5DSoMj6Fj/SsadNLnlWNr7SzOowoMqZX6EHGfpXm4jL10epvDEnhElldMxX7LID1LZAH/fXSqr6fenkRoFHfzF/xr3SWztYXBhvIYxjBJlUj89wJ/Os+6u7aGLznkLoDg7GJK+5zj9M159TA23Z20qvkeLNYXgbasak4yf3if40V63Jc2Z2kajYKMZBaZM/lniiuf6r5nT9Y8j1KESZAyoH866KzsJpSQo4655rcsdIhTBEaj6dT+NdhaaYhG0RDHXOen0Ff5/YnHpbH9w4bLG9WYWnadbIR57Tyn0C4ArvLCGGJQYY0II5wQKfY6UgwQgI+grr7HTwq/wCrByfTivnsXjro+kweAstEN090YqPJkVfXI6/QGuzst0ajJZiPVcVDa2JC7QgRfTFdDZ6cnG4knNfOYjEJn0eFw0kaVnOF2KAUX0ArrLOYkAjPXtWdZaYG2krxXYWdhDGuQYwe49a8HE1on0WEoSLdsX2jakjMOvGP61pqTg/I4/Kp4YQFAUDOOQKvx242fMFz6da8apUPcpUCiCuBtiLe/wDk1Ih5BZX/AE/xrTSFASC6qB2Bwad5cQOBtP41hKt2N/ZlVHQcmKQDp2/xq1yBkQy+3A5owBjYFA9xmpQHJUYXnpjP+NQ5WLjHTUbGyscMshX/AHR/jV1dgI3RSAevHH60xI5VHCqOfRv8anQOGyI0zn0PP61lJ9TWMEG0HBjWQ/XH+NTosY6+Zk8gbR/PNO3SMQSkYwfQ/wCNSK4BGUjyfY/40jeEUNDLypVsZ6bRz+tRsjENtVi3UdBj+dW2mRCpkEAB9Qcn6DNREySsAkSxoT3zz9Bn+tTzo0UUV0hBG6XzY3PZOQfryKjk+yrhT9qY+yrx/wCPVpeQx+VuncZpvlwgnAUHpS9r1KdK5jukLDIE+7ryg/8AiqqvDCoJK3AT02L/APFVvNGuc8H09qh2j5sqKcarM5UdTmHtbdgSkN1+S4/nWY9ohOfJuBj0C8/XmuxdHBYbF8vHJPQVlzbnYi2iFyw6kcKPqf8ACuunWZz1KC3OTnWJQxFvMMdfu5/nWIbuCRnSG0vpF6ZCrwfqWxXay6XJP89wyygc7AML+Xf8akFk0YCiGAr6AV2QrpI45UJPY4Fo98ZQQXYcd8L/AI4qu+V277SXGOvFd1PZvwV+ReygDH8qybm1JByi575raOKMpYZnE3NwqqzJbTbAeWyCR9Kzj5bgu8VySeQG2g4+grqrqFFwNqkDkA1zlzclmeOCNpphwUQcr9T0Fd9KpzKxyVY21Zg3FxaoW3RSKw6/N0/SstpFkfcltdFOfmO0L/LNbr2Nw372dUDnoquTj6nHNUHsQAXkRQ3+yTXdSqRWhwzhJsxHMcgZnhK4PGX5/lXPX32rJFpbwbCOC8x4P0C5NdbPafKQpIPqccfnVJtNmAKveyhfQRp0/Fa7adaK1OWpRctDjY7W8ZD9tZZh0VY2IX8RtyfzxUyQyD5BaBV7ngZ/IV0jWcaFWZ52A6MwUfoBTZI4ipVDdNnthcfyrqhiU2cc8LZHMuCrHFuCeg5OP5VnvHcsQrQqq9Tg4z7DiummtwqktP5IHBB2tn8Sv6YqsI3YlWmZVP8ACUUlvoMcVtTrLc5pUb6HLXKyybz9lkBC92wD+Yrk7hLhSP8AQfKJ/wBsMf0Br1+TTYmiUOdq4ztVcc+9Z8mj22x90ZQnoSATXTRxyic9XLpSPHNt2juXtjLk/dDY/wDZahmhu8M/9mqq/wC1MR+m2vT5tLjjfCAt3Gf8KrT6YCokYHJ9R/jXp08yS2R49TLplP4R6PPrvxF8OQS6bcRWltIb2WaCQsI/KUuhYlMbS4jU8j72M5Ir66+KGtjQPBmqXbPsldWAya5D4DeFY4YPEHiQpG0juunwkO25FAEkgK/dwcw4PJ+U9O/D/tT621jpEelxOygjnFeFmuI+tY2jhVte7PYwFOWEwNbES32R+dV7ctqut3t3IS2XPX61txsyxFN3HoD1qhpOnOEeVlLFskfWr8tvIhwOMe9frEprSK2R+LQpz1nLqWreNSoLDJHb0q8SsmCUIwfyrDSR0ULubmrayyLjB7Z+lYuCbuyo1WloXplAU7OG/nWTONqnGCQOuallncKcscn9aoPJuQliQPQ1rRw63M54iWxnO7YY4J9qpTSna24ZGPyq4292ZQcD0rN1FWSAkYIr1aWGTaszhq12lcb4OsDqnim2QAsocds5r7d8WMuleHbOzRMtsHAPJ4r5w+BHhuXUdbN2Yi6K27OK96+IXnLfNgZhiQ8Htx/jXkZm/a4+FLpE9vKl7PBSq/zHzN4w8u+kkKrjBAGfavNLlFjVkAUkc59q7LV7pRJOoxyTn6Vw91umYlOEPXH9K/TctpNR5WfnGa1487a3MG4QyrsiAY55OelVo7bbgJAVOMkmTk/pW/HaPKqiGFtucYxXV6b4LvrxRLNHJBF19K9SpXjTV5Ox87HDSqP3Fc80ET5KpBkk9nz/AEq1b6HfXTKEtCRnqW6fpXutj4S0nSYmuJ4xPL+ZFWpYba2YGKIM7D5Iyg59yfSuWec6Wpo6oZA171R/I8ig8Jy2pWaWOF1zyWn24+nykGulgt0UAC0iiAXJHmLgfpXUfYrgzNNHcSNJkEkMQq/QZ4qFtMuJAfndPTBIz+tec61Sb95m/wBWp01aKOYmdNrBI0Q9MhgcfTjFTWUnkklo3Kn1bIFbEuh3khEiPKT6bzTW0PUmjZXeYx9wc4/WuzD7WbPPrTRWW4Mit5WxEJwcOMmrsEs6yJ5ZRFHHzKzAfTDA0yOxvomA3ybhxkOc1YRLuJg0ktwpPpI39DXu4WMjxMTVRsafBL9pa7nuYLgsOA0J4+nz5x+NdVa6gsYcQJp5Qc5+Y/hjzOK5Hz57aN7u7up1tlHCFz859Ouan0ldQumkubqWYhzmOHcSqD6etfUYLnfvPofPYuUPvPSdK127b5Rp9mueAQJOff7/ABXpOi6tOjJvSwZj2ZJWH/o2vMNOtpI9gYuBjoRzXaWIaGRPkkA7Y5/WvqsBipp2Pl8dh4tansllq+oRNEEg0k5GeEkH/tQ16Noz6hcmOQJpwbjICSH/ANqV5Do10oCgF9+Mc/0r1rw/duDkO3Ucgg4/Cv0nJ8XJtJn55m+ChY9b02LUzErMmmx8/KPs8n/xziuif+1bO3e5WLSJUXGd0coyfT/Wc1jaDcyXDpCLmftkdMj8B/PFddBJH4g1aLTbZ3Om2pBuHXkO3pX6jlvK0kfluZJq+hr6BY+Ib+GKZ7LRoI5BlR5c5I/8i8V6LbeF/Es0SypBpiqBgA283P1/e1u+HdPmYpFC8ywqcq0ZHP5gV7z4f0CW6i8p2muCSM71Bx+FfaYPDKSt1PjcVUktTwIeG/E0Eax+VozAdVW3myf/ACNXdeGtL1u0kjefS/DYgkIV2ME5ZT7oJwAPpX0ppfgXeiqkU7E8YChR+VeV+IdY0FvFHiH4dx3Vxo8mlvbR6vcXgMEZee3eZI4W/wBZL5Y+zSSBEKETxRlxuk2eRxrnmH4ey6eZYl3S0S6yb2S/rY9Tg/h2tn+YQy7DqzerfRJbv+up+bfwr+AV54//AOCg/wAQbLxFZzNoXhDV01KWcRy2yz3NwEvIYoSlwJUMJuAN6uzKUhLoBIVH9yv7DvhxNB0xZrhYGu7kLLO3GUx91PfH6cV/OB8GtGE/j7xVq/h511vU9QvRPNqM0Yj+2KiLEk8oVyCzKi4bO5l2BslST/QP+zjrHjLQNNskvNW8NWtgoVTGls7ysfZy6qP++TX+UnFGLljsVLEyVk23btd3P9OeHsvjhMGsIpXsrX9FY/X+CT5AFxtxXP8Ai7xHB4b0LVNVaWLzYIwyITne7HagI64Ldx6H0NeZaT47lvhBp2n21zqbMMP5M0SNGO5yzL+lfl3+2P8AtKz/ANr6f8NU13xfpH2qRryUO0UM0LGIlFhmQSxAfZVLiORCRLISwJ+Vev8At/2ODk5aKK38keflvC1fE4ynhqavKbSS73en3n6f/APS9Tfwze+ONcktri/16f7bauI08xdOChbZWmDMZAw33IyV2m7dSoYMT6XrPjnQtHZ4Gu0ubteDFGckfU9B9Otfm74P+OPjnWPCuiWN1eaboOlLbRR2+m6ZbJa21lEqhVhjVQCI1XChemAMAcV3Wk65eajcQ21oj3dwSAqJyzE8YA9cmvwnPvHqdKmsHklLX+aW9/Jf5/cfo2I8HsXQqyqZlNK3RPT5t2PpTV/G2r6yHijlWws2yDGnJYH1br+WKwIYby7dI1t7m8cnCkIWz9K2PCPw38RX8cV14hmbR7YjIhXDTMPc9F/U+wr3jTdG07SohFY26R8AEnkn6k814uS+FfEPEVZY3N6jhB9Zb28o9PwPl8wzrBYD9zhEpNdtvv6nmGl/Dua7VJNXMNvH18sKGY/j0B/OvS9L0LSdFRk02xt7UnG5lUZb6nqeprayBgVmanq+naRbtdajeQ2kI43OwGT6D1PtX9IcOcAZLkFL20IpNbzm9fvei+Vj4jGZtisXLlk279F/kalZt7qVpp8bSXM2zgkKBkn6AcmvINW+K8c0v2fRITHCCQbiTGSP9lfy5P5Vyz+JJrhy8lx5kh6ljk1+Zcc/SEwuEvQyiPtan8z0ivTq/wAPU9jBcHYmaUqy5V+J6bf+L5bpmS0kayt8YLGJi5/wrjZLXw7LNLcXK2jXLtudmtzuc+p9T7ms2zmn1GdYLO3e5mPZBnHufQV6PpXgVBIl5qziV+CIU+6Pqep/z1r8cyupxLxXiOeN5L+Z3UY/p8lqevUjh8Arczi+y3Zxll4L0jU8nRrKwTDYeT7PgAemfy4Fek6N4H0PS/Jneztrq9XkSGMDafYdq66GCG2jSKGJIo1GAFGABU1f1Dwb4V4TLYqrin7Wt3ey9F+p8tjuIMRVXIpNR9fzEAAGAMCgkAZJwKydT1qw0mIy3U6If4Vzy30FeVar46nvZGjtnNtbDsMZb610cceKuV5HBwqS56vSEd/n2OfLslr4l3gtO56Jqniawsd8CTh7rGPulgp98fyrzDXYNJ8RzJc6xDaanImQnmWrHYD2GelYj6vHIxZ23Ma0dLjv9ZlMWmwM+PvMeFX6n+lfyJxB4nZzxBiVRpq0W/dhFP8A4ds+ywuTxwkfaXs+5Ui0HwzbEtDpWnRHvttGFdlpHgOyuGjup7K2t4DyB5W1yPx5Wuv0Xw7Fp8cc11tuL3qT/Ch9B/j/APqrqhxwBgV+6eH/AIN19MVncrvpBP8A9Kf6L7zw8w4jqN8tGT9b/kUbHTbDS7dLXT7SG0tl6IigAVfpCcDJrlPEHi7S9ARo5JUnvcfLCrDP4+gr94zPNcDlOF9riJKnTj8vkl+iPnaNGriKnLBOUmdHc3MFnE09xIscagkk15xqnjCO8Lw2kkkEA6tsOX/wFea6t4xudVmaW4nCxZ+WMH5UH9T71z41yCQB45kZTxkHNfx34i+OuKzBvC5b+7o9X9qX+S8j9AyvgycFz1leX5HohurNiFMiZ/65moo4ku5VtrbMk7cAbD1rntBsdT8QXQhsIyIQ2HmP3I/x7n26175omgWmiW6xxmSac/flfG5/8PoK+d8O/DXMM/qKq/cw/WT6+Ue/rshZxjaeD9xO8+3b1MnQPCUFgEub/ZdXfBAx8sZ9h6+9dqAAMAYFLRX9w8N8LYLKcMsNg4csVu+r82z4DF4upWnz1HdmNrWl2mt6Vf6TfW9vdWs8ZjeOaISRuCOjI3DL6qeCOD1r5z+C3xAjHiHxV8M9U1pNR1bSrt4E3yiSZSEWQRysAoaYxPG7bFC+Ys2CVwT2nxQ+LFj4Tsb3TNJnjuvExQrhSCLXI+82cjd3C89s8V+GXxl+Knif4V/Gi2+KkGt6vKmqXsLyP5jNGt4HUwyPEGCuEYbApG0LIc4C8fn2e+IWAjnFLBYefNUvaTWy8vU/SuF/DvG47LcRi2rQhHmSe7ta7Xklr6Jn9G8jgdG4xXgHx2s4NV8H6pZSRpMHhdHToSpHIrzX4W/Ga48beEIfE2l2d5JYzF7qCTUdVi85oC/7xPKiyi+TKXiC4BEXkFjlzXLfFDxpd6zZFdI8QjTJSGDBkSWOUkcbwRux9GX616mdYp4nToeDkuWyo1VVk9j+OP8A4LAfs5PZabqHxw8I2EN9448HwyXSpbWsQOq2YdGbz5i6FRbxiaUDDscFAo3ZHjVz8GLrxHZKIYze6YryRMkcAjVXVyrrhFGGVlZSOoYEHkV+2X7VPhLxJfrrL6s2j+ILGZJFniFsU8xMEMBGxYMME8EnIz1r83/CWp2V5408HeDdQhhvZdU1IaXcXF3cQwDT4Vs2EFznGH864jtrMJhGaacHG7mb9l8D84oUccsBjF7tWyT7Pp8tT8x8aMmrVcE8dg/ip3bXddfmj5gs/gUmjqoFreBVGFW4YzhP90S7sfhisnVfh/d2cm9IJkj7LHYxE59SSvSv091f4Gi1Lh7YAZx8sYrxnxN8JbiKRZFsUu1XO1gmNv1Ff3XHgSMF7sT+GXxxOTs5aH5van4W1aK+MKX1pdjGQGtoA8a+mFX6+1c9f+Dr1osyTRh842rGgH6LX2T8QPhXc2SxeMtIsHju7cbLyMZxJH6ke1cDJo9rc2kF0iIIJBkEAhV9uv8AOuGrw5KD2O7DcTqT0kfEmu+Cbhg584r3OVXB/SvJdV8IXUJkcuwIPBBGTX3xrnhyOTKogYDvg14p4h8NTK8ghg3pyDXlV8tiviR9Jhc2k9Uz42uvD0yPKWkmBI4IPSueudLvlKqt1cxDHVWHX6Yr6M1Pw7KN5MDqe5PeuCuNCQbsxBZB0JWvNnk9N/Cj6HD520tWeMRC+gupLXUb27Yn7jb8Bh6VfbTZnGVvLkd/llIx+tdvqOiR30JtnUCUD924ONp+lchDZyM8tpexCO7i4+bjePauH6o6b5ZLQ76eaxlqmY82mbA+bq9Vz/01bn9aoNZ6gmGXUb0Ljn982P0OR+tdURbpkKNh7jPFUngkYERxgg9M9648Rhux6+Fx/McfdQ3DDMl1djBx81w5/LmuZ1CO/AwmoXijPaZ+fwzXaXWnzsxfyieecZ4rmtQtSiucKy9Pavn8UrJs9/C1b9TnWuLkxKFn1TzcfMizuQ35sKw7vRYb9/tNzZX5nHILNISD+dP1SJJIpIXiaSNj93sPeubtZ/IljsdSKGAnEU7DGPZq+axGJd+WS0PcoK+tzZexvFO8/wBoKuOd7ytj8SeKy5IyC+dSaPByQJycfhmuqjtzFja6lO2PSryWvnD5YY2xzjuKz+pynsdEcTY4j+y4tRjCyG5lHbJc5+nWsS68COVLQ/bk7gBJOa9ohgKLuEQAIwcEjiry20OVO9h6jbwa6nk0Zq00axzOUdj5jvfC2oWqvKy3scQHJYOB+tc+dOeMjeZ1+rECvrW806G5SSIbSjcHAFZVz4Msr0f6mNSoxuC9q8zEcKy3ps7aOdfzHzALSVW3FpC/QEknAqdRLC8bshXHPTrXsGseAp7I+ZB5csf90dR9P8K5R9KlAKyRExHqcV5Ty2tRn7yOr69CZWsnSdYywAfucV7h8P8AUfsGo2hDMQrB8A4yAemfcHH414xBZfZ3XAYx4zz1FemeFtqXdrIx7gZ9K+7yJuTT6nh4yWjXQ+4LuwS90i/sJFxlSQD9K+A9bsm0jxFcwMuAHP8AOv0V8KRQ3ujabKGiJ8rymVT0xwM++AD+NfKPxp8Hvp+t/b0UiJm3Z7CvuM7yuU6EanVHzGW4xKo4PqedQOGVNp4/nW9ZSquFLH9eKp6bpxlgR9gIx0I6VvQ6TKfuxENXmYTDzdnY7a1ZM2LKWPI3HPPFbIKOQoIJrOsNNuCqgwtn6da6a10i4O0mGQA8fdr3qGGnbY8mtWinuVIEVuoIOOpq/HAoJUj8BWtFo04IYwtjB5xWmNGmO1hGwxxivTp4KVr2PPnio9zCS1SRGUjP4da2/AN8+geJoHUlI2cZq7BpsqgZQqOc5BGarTaVLbXUFyPkYNyRxiuihhpU5xqRWqOOrVTi4t7n2d4u09PFHheeGMKWngwjFmULIBlCSvOAwU/h36V8cx2EyiMzRzkd2Dtg/rX218P4DrPhaFGbcyjIrxvxd4ai0vxDfxSqwWY/aELHkhuvTtu3Dn0r63M8t55xqpfEjx8Hi+WLg3seLxaejMGZZ8A9dxOf1q9HpCMS480J23kj/Cu4/s2PdtRHUdwQK0YNPhjBIfc/UAg/zxXLSypdi6mLv1OFXQ16uJYmx3bg/nVqLQ05Cq7E8ZzXfi0icBCX+Y/MRVuCyEBLR5dDyRjmvShlcVujkqYyxxtv4faM+Z5LnIx95sflmry6SsYz98DlgeSPwANdrELdwMq4YHtx+FWXjVlAGSM9QMEV2Ry2G6OOeKfU4MafAygxqpHTO1v/AImhtPhAAKq2ev7tuPxxXZtYlm3soJxwQo/XsaR7Hy1+ZEZfYcf/AFqtYDTVEfWDhm0u1IwoDc52sjf/ABNVhpFmN37qEDv+5PB/75r0aK0t3JDFM/hn9KsrpFu5BCKx9c0o5WpbJB9da3PMTpNm4KFIMHgjyW/+JqB9DsWQosEDH/rmw/M7c169/YUAAIXA7jHSqz6Gg+6Vb8KqWTNdAhmC7njraPZRB2SGKTBwV8ncR/47Vy307S5gGEFqwHBIjXg+/HFejSaKBwEIcdxWdcaCSd7Lh+0i/Kw/EVyrLpR1sb/W00c2miaaTkQW+/8A3RipV0qxThra3J7HYKvNa3loWX5bhOvHDD8Ohp0d1E/DD5hwQeq/UdRVwhFboPat7MhXS7AgAwwqvqEFObQdNILhIlPYqMYP4VoIEf7kmCffg1eigkA+UgV0RpQfQylUfRmTFZCHaqxwXaD2CsP6H9K1Im092EckCRSj+F0w35VcEEwBGwMDUU0aNGVeNZRn7rjP5elbwpcuxk3fck+yae4ACx7vZcY/OhLC3XBAQJnpgHP481RRJIz+6uGUn+CUkj8G6j8c1Ze/aEKtyrQr/CWOV/B+hrTmj9pWI5WthklnCy7Wjj2juF6VhT6TApLQ4UdcEDFdKL23bCklCfXoaf8AZ4LgFvMVR1HNZVKEZbGtOUkzhJ4OoaOI+3+TWBPBbB2QrBE/YHA3fTivTp9NQrgPlsdD1/Wuav8AQ9yOCokVuo6g/WvLxOEfRHfRxHQ8/l062kBU7STxg4/rWZcaYkY/dwO46AhVx/6FXRXGm3tuQIJnVB0VvmUfQHkfgapfbBEGF5DLbsP40G5fxHUfkfrXh1aCTtJWPUp1WtU7nKNYLM5Q2koGOuF5P51Tl0IkE/Y2P124/nXdrLbzKsiTxTL6qwqQxIUOJfxrnlgIyWmp0RxLW55K/hmCRy8thuwcgAIQD243VRl0SIu0MtoY5OqqAoyPqG/SvXvseHJVUf8A3TVSexWRCJLfj19K455PG2x0Rxj2bPHzoUOMPF5Tf7eAf04p6aJGAVRI5GHUFa9PNghUrkEg8e39apT6PGVZkJU9wvSuKWWW6G0cW3ozzebRCGUtBtPTjBFVZdHijBDQKB67TXZXNrdQlclynQYOQfwP/wBaqYlzlV8s4/hB5H4VxzwkdmjZVpdDgrnQoJQ2IkJPTFc5N4emhcuBKB9cD8sV6tPJEQS8EYf1BrJuDGOQDkD7vavOrYKD1Z3UMQzzH+zZkc7YpIuvI/njpn3NQPpJfP7zcc8bzzXoMs8TgiWEgdmXn9KzZFsix3FQvoThj9BXm1sDDod0MSzg5dKlj/1izxRYBJVvl5PHPT9aK7giNMmIleOhHWiuOWXLoa/WWelWPzEAhmwerHrXbWAQAAhA2MYrz+z8+Rs+b5ajkDYjZ+p2/wBK6+zNwAC9427GMiKP/wCJr/LPFR0P9GsLO26O3tZY1UAkDmuks51AHIBPTiuEtPPJwbmXjnPlxjP/AI7W/bm5fAW6ZAPWNDn8cV4leHQ96hUfY76C6iG0kjd7nNbltexkjahIHQ9jXCWqvGuPtE5B65RP5ba34HlwB9plA9kQfrtrx61JHs4et1PQ7G8ZmAG3GOMdvrXU2twRHlQN3rXl+n6gIyEW5eQg4CqqNn6nbgfnXa2t7I6hnn8oei7Sf++gBXjYmlZntYXEdDso7qUAiMkqOTjtU8V5Mxwm9j7VjQ3ibRkl8dCSWP5nmtKK/iXGflx7V5k426Hrwq36mkjSnjDDPXHf61oxDgb1APt2rHOoRdztP0p66hGAcN19qwnFvSxtzxRuB1Bzmp0uEXgjJ9a537eh53E/SnJeKxJX8TisnRZpCsjqBdAjoB3zTDepngliOMCuaN8hyI2M7f7PT8/8M1EZ3fId9injapwPxPU040C/rCWx0z6ogYx5O7uo5YfX0oS7lfBT92vscn865+ExoQFZIx3wK1IpkHIYEHvQ6KS0NKdVs2IFcndj5vUnk/U1rxIQgOe/HpXOx3ajBBUH61YXUZMhA5PpXLOEnsdkJxR0bBWUlmB46VQlMYBOcD69Kz31AIMTSrF/vHFQi7Ejb7aNpB13uCF/LqaiFKS1Zbrx6F0NLy3GwfxMQAKhedCNsWbgj+NuE/xNV94kJad/OftkfKPovSpg0bEgkD6mteVLUjnuMW2M7BpCZuOBjCj/AIDWhFZAHLEA/wCegpizxxjGR7D1pJb0cjeoOOg/xqJOV7I1iorcnlt7dD8w3KPeonNkFLFQCB3rMe5dztUFj7c1l3F2qMFcsJOyDlj+FXGhJvczqYlJaIvXNxAoIRNo55I61xV/fBnMcIeWUn7ijLH8P8a3mt7qf/j5DWkRx8qcu31PQfrULwx2yFLWKKIE5J7t7k9TXXSUYvuclacpeSOOOn3dySbstEmf9Urcn6t/QVN/ZccUZSGNIAM8AdfqfWttkbJdpxu9hUEkiJwbknPrzXYqzehyeyilqYD2kSh9/llh+NYV3HEqnIUE+3WumumjYsGuEJ7YFc5c2qOrMZj+FddGTvqc9WlZaHLzBVfgMTnjAyaaUZlZnZlPp3NSXL29vkIzu/YjrXNXmtQWrNHI7h/4VHLOfQCvVp05S+E8ucow+Jl65VYssLfc/secetY8dxeXKzNDbiK1U4aQcgH8BWa8l5f7vtTtaW3/AD7ox3OP9t+30H51WtrG2tJH+yRzWcLcmOCeRB+OG5r0adGys9zzauJbfurQvbkdmZDLOw43kfy7CpEMaEhVPm98VVk2NnfLqBB4IN5N/wDF1TMCxoVt5LyPJ5AvZgPy3V0KOljlc3e5oT3bQjhXDZ6kGsa5v73zBEqyKT22kcflUM1lubdJd6lLH/cN1Jg/X5s1We3jWMIr3ap02rdS4/8AQq6KdKKOSpVm1a9hftsqfdikD9yVJz+lZ8t7c5YrC8u7qMcGqN2ttGoZ57kA54NzJk/T5uawZ449+ZJ76MscJCs8ufq+W/QV208Otzz6teSP0Q+Dmo6Rc/D3w75TrFLF50U0bTB2jk81iQSAMZ3BgCMhWXk9T8d/tYo51BLhJEa13YIHauPtPiB4g8JadcWlhqUFlp5fzWD5wrYALZJySQq9T2HvXlninxV4n+IhZr4ynSEO1rgRsNx9sk469+fas8DkUo5isape7bW5rm2ewqZd9RUfe79znrB9LaAbZQgx1yKsvbaW27dIPUZNYf8AwiNpaqyQX+sS55IDIv6YziqzeG4E+9f6xuPA+def0r72MacndSPzOpSrRVnE2Ta6VlgXjJGOh61ZitdIw372IHPTcK4ufw9ErEi91YH03rz+lA0qFVVVN36FmkJz78cV0qhFq/McEvaLRxOyls9IPymeNfoRWJd2umIcJPGw9cisr+x7YtkvdH/to1Um0Wzd2ikNzLMeQqyNkD8TiurDUIr7Ry1XO3wosyJYRMczKVPOc9K5zXbi2ERjilGCfUc1q/2Bp7xtCkd1LL0LuzqIvrzyaB4V0uREWWCaR88nzG5/DNezh5UoyUpNnm16VWS5UkfQnwD8ReHbKwMTyRxXWMEswqx8T9ftli1YLMsjuBtI9Oc/0rwvTdDstLLNYR3UD+0rcfma1Lm3N6m26knnBGCHY81x0cuoxxn1pN2Z2TzGt9TWGaV0eQyG51G5eOCOSVj/AAhe1dVZeCdTuHjMlrdInXHlMMCuhtPDWj2zhhY28h5JLR5/+tWqdN00ZI0ywx7wrzX2k84WipaI+L/sh/FVd2GmeH4YInWKzkeVCATsOQfpW8LW5RVX7JdMc4GEbiubOm6e3ypo+n7zwALdST9BisTUVs7cf2TZ6bps2pN/rJWt0IgX6YwT+Vc8E6ju9SpzVKOmh2UksBaSFJILi7X7sKOHIPq+0nH41Ri0+6kcySPGzscsTyT7D2/LpWZpMEFhai1tImjj6u7BVMp/DtWyjYAAZR2BLCuynSd+VI4a2ITV3IuQ2LIT9wjOB2zU72iHKKqh/rTVdwm5vLIxn7wqSC4TO8GEHrgsMj6jtXq4XLnLdHh4rMuTYjWxmVye3TtzSPbyMQJT8uOQDWwt7G4Ch4WyOcsBio2LyDaixH/a3jj9a+gw2QxerV2fLY3PZPRsyTaWuclWd/wpFskkJlKQw26DczMOlasOnzSMceTxyWLgD+dZ15CuqXUOjQXEMVqDmU7sGU+gNfS4HIZXskfL4/PYqN3Iw4LWXW7tLhosadEf3KEcOfXHevQdM0TDgll3N0BHT6Crth4XuVZRHBGIgAFUSDgdvY12+neGrpSD9lBYdB5q8frX1FDKZtJKJ8rVzuKd5SL+keHYXXbKVD9eRzXoNp4OgAV12zDufSqmmaHe4VSI41A5Y3CA/QDNd3p2kSJn9/AxHJzdRcf+PV6mHySfVHBX4npLdmJHoEdu52NxngntW/p1pMkiR25LKSPukAVs2+js7bnmsXBOApu4+PxJrpI00LRJ4pJ7mx1KfbnyrU+ZsPoSvH619hlmTVIWaR8lmXEtCSa5rHSeYnhzQIkhJfW7z93CAOQD1IxXd+EtEfS7O3tmYy3LkGdlxncfUV5/4TSz8ReIzq+s39tpjoNlpFJIEWP3J7V9MeG9MsI7p1l1Pw3OBgiT7fCob8C2a/Q8oy+tdKR8DmeeUGm4vQ9o+HmlI4t94W4TcBwCf0r7G8N6XaxWyNDafZ8cswA5/wA8V84+D7jTLNFaTWdAR+MbdTtgq/gZBzXstprMF35UdlrOizXG4ZRdZtlLD14civ1nKMulpdH5hmnEcE3Z2PoPR7yxjijD21vdIOWBGCn5d+tfiM3xKuPHPjrxN8ULKJLlfFWui5tpLgrbS2mnyW+bUMqKV89LWGygfDYJiLb5CuX/AEx+MWp39v8ABP4vXek64miXlt4U1aZbyz1aFbi0kW0lIljaN94dCNylSCCBjBr8S7H7Ra+A9Et7LULjR7zTxExSGbY7xQ2/kSdDkrhhn3K+1fy79LTMZUoYTL18LvJ+b0S+7X7z+mPoqU6deeKzB6tWivTd/fp9x+4PwL0vxC9wF8G+Gr7xJjY1wLcF3STHdgAABkYGM96+9NM8X/Gnw0toifDvxw0DHAHlrJz6ABciv5lNE/bK+IHgCw0vRPh1rWpaNpVsd3lwS7PNY8sWIxuyTnmvR7z/AIKi/tOw21ta2fjLUdPiRhggqSTiv4dqYCc5WWiP7LeZxSdj+kCf9te38Cax4f8ACfxA0H/hG4tW1CDTL030zCQ2rn98nlnj5owy5xxuzkYyPhPWPjzD8ZPjZrVtDJFqGuXGqw3xe4nzJLBJJcSFVRSN4xZw5xnAXGcE5/DD4j/tS+Ovjrqnh2f4ja0+oahb3DPFcbVV0Ijdg2Vxlgecn09K4X4P/tAeLW+I+gXt5rE00UOo295ZKhA8udjMsxyOSGWGEbSSBjgDJz43FGTTeWVacN2j73wlz2lS4hw1avrGLv8Ah/TP7f8A4K6XYfE7xdpnhHTtehsDBbxSamGdY5LdSvOxW5xnOM1+q3gjwz8Pvh+YtF0Z7Uaq0Q33Uzh5rkDuz8Y+gwPQV/PJ8Efjr4K0Dw94Y8S+I7++/wCE1KCeaSOAjAP3Uyo5XGD9Sa+i5f2ofA3iy4S8vtYu4HiG1GBkQn24r4ngHhmllsViJUVKq9btbeS7ep7Pi5xJLM8dOhSqNYeOiS6vu+5+6I8QaSdTGkfbIlvNgkVc8OCSMA9M8dOtWm1fS0vI9Nk1GyTUGQyLCZQHZR1YLnOPevw81D9pvwHZ3SeILPXLkajBAEQF5PmIBGOeM818n6f+0qnwZ0bxh8Sde8S6k2tzRy21jDNK5LBwQAueBxmv0/E8XYihSlVlBWX9WPyjLuFY4vFU8LRk+adlt+J/Qx8Svi3B4Sh+waNpmqa9qsikFrNQwtuOGLEFc+3PvXxx4s+Lm27S48W6J4vSeR0ijknnVBvYgBcbMDJIwq4GT05r+Vnxv+2n4ntNNuorLxx4zW/mYeWft9wCOecndVe4/ao+IniLw9pdnqHxH8VS+TJHPGtxevIIpAQysNxJzkAg1/NfFmd43Ope3xfNCm9FDSy+XX1P7Z4X+jnl+Dr/AFWjiYVqiV5P3ovXomm/usf1i6N4rSYvHe+F/EwUKGVrcDJ+vyV694C03TvGmpS2J0zxZpMKJveW4ZUBGcYB2Dn6V/JBof7bHxksb2GPTvij40vNTkVYJB9tdsAHIOzOAeeuK/bH4G/tEeJfD/gbRrXxj4p13xTqV6BNJPJcMDGjYG3IIKkYPPBrweGODcNicYnKEpQg03dJJrt8z5Lxc8OP7DwqrPEQ56miUXNtd3Z6H7q6Poul6DZrZ6bbJbwDk5YszH1LMSSfqa2A6sMhgRX5JWv7RdksqtANbkbtu1G4Yfq+K22/axsdHjmn1AtawIMs0tycKPcluK/qvL+KKWHpqhhcPywWyVkvwP5LrZBzSc51bt+R+qZZQMkjFeNeLPi5oukak/h3STPrGuIcTx27KDANpOct8pPTj39sV+UHxl/4KeeA/Cfw/wBZj0LWrSfWZQYQsUgYplSM57Gvwi1r9ru8vLnUb9PEGsSSTStJI4mfdy2eo+or4PxF8ScdCmsHgqbjKe7T1S8tN/M/d/BrwAw+fxqYrH4uNKnHSN1e77vVaI/r1utcfVneabRNYMzdWe8t0P41xfiDVG8M3Nnc61ZNZ6JO6wK51SEssrHAyQMYOQPzr+Q24/bGvLaZIW1vxQ7N3W4lOPwzXe6x+1teatp8OkTeINZklmVBEHmYkNxgjvnNfztW4cqzlzV6EnKWt20//bT9yl9H7KsLGUoZrTlGF7rlkn8nz2X3H9hfhzwDDrtybi+TVbazXB+TUEdJfb5FBH5g171p+nWel2sNnZQLb20YwoHP5k8k+9fiT+xl+2B4L+GXwg0HQvEN54g1nX7h3nnlljkkCsQvyb8dR6e9fRyf8FIvBV7fiwtfDeqLE+4pPKhVXQfxAEe4r+ovDbIcuynCKsqSVaW7sr+S2R/E3FuFryxc6MZ89OLst7Pzs2/zP01SSORQ6MrKeQR0NSV+Seh/t86L4Mk1RNUjl1Cxub1nhDEjyVYknHtWF8a/+Co3w88IeA9YvdFulbXZIylogP3nPpmvucVxnChQdSrHVLU8/KeDsTjsXDC4bVyaSfr3P0m+IfxH1Lw3LBY6D4du/EczqTK8MqosI9MnOW9sV85SeJb5nd5vhj4kkkcks7aoZGJ7k7s1/LHrP7ZXxB1DVdSvk8WeJIknnebYs7ALuYtgeg5rynWP26fHWh6wkOteKvFFzp0gIXbcyAxkem085z39K/kjiTPK/EeLlOrGem0bxsl5Jo/unD/Raw2T4WE8RjafvWTlyz697TS8j+u19b85T5ngHxRZD+99sjwv1yuK2PAWh2/jTWrrTks9Q020iCs7G4jLKOM/dUg96/km0b9uPxPY+JPDd3JqviqfR7kq0Ur3MxVmPRWBOPzr9p/2VP24PBXwu8Iyr421GSLxDct5u2VufLJyOv4UcLcJ06mMhTr0n7Nayb5fu0XU+G8TeB8JkOXznh8bGpVlZRiuZPXrrJ6W6n7/AOnaZY6RaQ2On20dtbIMKqjgVeZ0X7zAV+VWj/8ABQXQPFF5PDpF7cKOWUyW+xSvbBPB+tct42/b7svDGqaBp0yXeoyXsuzfChZYhnGWIziv60ocQ06NKNHCUrJaJbJI/j1ZXKcr1J6n66/bLRpTb/abcz4zs3jdj1xXzv8AF34xwaJfN4I0GWV9fmjPmSI2zy1I6I54D+/avxH/AGo/2rLvw14g8NfFjwL40k03xDbiSN7Vpv3dypAG0rntzX5jeN/2z/HvjHW9Y8U6rq2sHWZ28xZElKiLA7Acdq/NvEjj3FRwqwdD3ak92t1H9Gz9+8HPBSnnE5Y7EztRhtdby089Uj+iPU7fXt888vhyYliWd31qDknqfrX59/taFbL4e+Lr+5FhG1qnnxRrfKzoTgAZUgkEnB9s1+SVh+2p481CAre6vdrkfMhY8+1fMHxw/aK17XpNSs5b68WC4ESeX5hwfu5r+fcnyZ/XIxhF3utb+a12R/XeU8MYfLsvrY7EV48qg7Lleum2s2lf0P12+D37f2n/AAt+EetSatcwT67Fq1gLWBr1vs0jTSfZrpT91mjIKyYwMtFG+FK4r6htfil8bviJp41/wV8Ltb1jSXbC3NhI8luSenLMcD3xX8dmofES6OreO9G1G/ae0s777fb27vhVlF2MH3IDDAr3+w/bo+P2h20Gk6B8QtZ03SoMRwQRyhVRBwBiv7HWWOcIy62P83sRmKVWSh8N3Y/pP8feCf2hdY066muPhXqcMoUtKxu1maP1OwnP4V+LH7Sei30MUcWn3OqaD4hsr+KeSW2MkNxpl0nKXKBdrxyRsyzIwZCrIpDAc18xeIf25vj74niiTWPG2oXDBsswuhk/ka4PxD8VNS+J90NRvryY+I7a1eWeZ7gxm4REOFduykADnNbYCjOhNVF0McVi6daEqc1dNWP6fPhf4t0j40/Cb4efF3RbTS4Yte0qC/ltre9S9XTrhkAntGmQANJBKJYH4Uh42BVSCopeI/D0XlZlto0kxztA59u2a8u/4Jq69pnij9kfRdE8NW2o6rdeHfEPiHSNSEVmyJBctqU92qqzAB91ve2sm5SV/ebc7lYD6V12w1DdNG+n63EzcjNsMA/nX+s3h7xL9dy+hWqtNyjFv1srn+MvGU3gM6xWChdRpzkl6J6fgfEHiXwiiXNw5882su5ZELggqevHb9a+H/F/gS+8DeJn0Sch/Dt8TLYSsTtjY9V471+sWseCNWv94Gm6g55wPKABPqctXiHjz4Na34m8L3Wj6l4e1We7VzLaPHHGPJcHja5cfka+2x2XUamsZIMvzxrRH5uapoMFqzlxIrAYKn+g7Vx91pWl3m5ZIvMl7ZOK+tL74SfEFILeDxJ4E1qxaFTH9rgntHWbHQlfNyv0wa8u1z4Za3Yh5Da3CMR/zzH6YavicfkUEz7vLOI5tI+Z9a8IaXKhYRugzyW5A/KvFvEPg6yjEkkLxsvYr6/jX1DrfhvVreOW1kW5TPK/6Kf/AIqvD9WWJNTfRpDef2mFyYzaFSw9RyAfzNfN18ujHZan1GHzlyWrsfLXiGxFnITCrEg46V5jrqf2pCJIVaLUoQSrlcb/AGNfUuueH0uZWhWG/iuccQvbiNiPUBmBNeO614duLGWWVrLUAO22NFI/8er5nMsBJp3PpcvzaF9Hdnz4L57sSEqILtDtdD1B+lQf2pcRP8/mAdOmRV/XdI8Q/wBqfabfR2Rh2Z0LSD3ANZU1rqMquW0q8ik65WSNl/LcK+LrUpban3OCxqauNbUmlbhkAPOB3NYt/cFztaQOOmDg06Wz1BCxSy1AeoEcfP8A4/WbcR3wRVlstR3HgYiQkewxJXk1qXdH02Exa01MXUIAzEkBVPO0HrXJ3tlbTK8ZVSmMFW5rppwYrlba5N7bzN93zI0GfbIfFINDubmRoxHcb+uCiD8eXrx6uFUnZI97D47lVmzktMuH0+eKw1SZjaniKcH7vs1duk4hISRF4Gd2eo9agl8KXb27wvZzzAjGGeMD/wBCNN0Tw14pUNZ3dks1kmfLYXEe9R6ZbtUUMNVg7JaHesdT3bN2DVLVhtMmZAO45rSSZZeN0br+VYh0XULSRvN01ww/iEiHj6g1ajN9HgiybA6fMv8AjXqUlUStJC+tU90X22YIQkeuKltbhojslJlTsdvNQLPqBUL9jHPclad9o1CMHFin4stdMItO4lXVtWaEotbtPLlgk29sZrBn0iwG/YoJPUPyD/hWrHe3pVd2nq+T/wA9ADUc3nyEsbIxt/10BrplQU91+BEK6T3PNJ9Fie6ktBa31rdkblUNGyOP9lmKk/lTLG01LT7yNRa3YAYfK+wFR643Zr0STTH1CDyp7cqA25XLgGMjuOMj8MVTuX1XTGj+22Iv4ThY7iNlBPs2cAn8a54ZWoS9oro0eYcy5Xqe8+EviBpuj6TZWkk0YnxvkwTyx+vfGB+FeU/FHx1e+JZhb2ttdy2inBZYmI/PFY0OoI+Gk02/t3JwFlKruPsS3P4VO1y4JAsrlfQM6f8AxVfTOrUqUuS9kedGEFPmMTS9VuLZEjNndAgY2mJsgflXVW3iGRSP9Duif+uZ/wAKpJcMpOLJh7BkH/s1WEupV5a0cDPeRcD9aKCnC2oqjjLodFbeJApINpdBicY8tv8ACupsfFS/6r7HPvHJGw5/GuJhluCFY2ZYHpiRf8a6C3eTajNalCOn7xQQfWvYoYqqnueZWpQ7HfWviVWwDZz8/wCwf8K1V8S2wdEkhdXPQMvJ/SuM0+6vjIxmiRh/CySDn6qQB+VdKskcts4u7WOZcZ2pg5+mehr3aOJnJb/gePWhFO5rpqfmNvSyumB6YjbmoJZLq8uIohaXKx55zG3FUtNfVIZF+ypLcWROSjSKXUenGfzrsbRr132x2To55AE6nI+v/wCquuinPR7nJVnbY908G+M9N0DSltcrE+3GGGD0rhfEusnW9YlvJjO8QxGmVHCj6dslj+NcpI1/GR5thM5P/TVTmp45LhtoawlTB6lwB+fT869+piHNKL6Hmxio3t1NmHa2GCybT2NXUjz/ABsVPbjA+pArIt79EkEckM1vJ2ViDu+hzg1tC5jU4ON3tg/yNb0kjCc5Ch1tyU8idk6Bw6bc/XPH41bV5Rj/AEe4Of8ApomPwqBbhnceWW3DsehHuKnjEyBiqs6Z6cfpXXCFjBtlhYypUx28qDH3d64oE00bgPYzEnjcJVI/lxTo5HbacICe27JFWlMnTyVY4/vV0xit0ZO6HRyyMAI7Znx1HnKc/TA4/WrOJXC4tnibOceeP/iaYjsnPlR475b/AOtUi3WeGhjQD1fGfpxWkbdWYuT3RDdQzuqi3toYZyfndpeGH0A/nViKRIdkdxH9mf7oJfKOf9l+n4HBqXziQCI4iO37w/4U8yM6MhjjVGGCPM4P1G2q5EndMjnfUvoSARtIPfmpCmQdrL9K5+cT27RpaBoIj2aXMY+hOCP1rQtXmkPlyyQ28p+4Hbhz/ssBgn261vCs9jLl6ostEh+8AD61BJbcNsYMPfvV0Wt0CVYwKffP+FPNhI4+aa3Vh67h/SrdNS6DVR7HOz2SMTuQD0HpWRc6VbMMSRK2OhHDL9GFdjLp9yuCxgZfUE8/pWZNZyjcoaAHrg5rkrYXujenVfRnGtp09u26F/tKdkbCuPx6N+lWLe8ZHKEFJVH3GBVh+FbLW0u4hvKH/AiaUaYJU8uZoZU7bgTt+hzxXDHDuL906OfW7Io9TAPzRoR6kf0qU39nIDlFB+v+NV/+Efn8zfHqEDL0CyQlsfjkH86cdClCgiZHI67QR+nWtYqo90K8b2uRSG2dvlLe2f8AGs6YyQMfLclT1U8qR7irb6TIpYB1J92as65tbuMfJHGSBwGcgH8QKwqqXY1il0M+VVyfLY2p5PyfMh+qH+mKpSXVzaqHcHaOskR3D8R1FJM86OFuLaK1djjMjsFb6MMg/pVaOO4BY+XHA2cYZGbP05Nee5a3R2wj3Lqa3I0e6OVZI89Q3T2pkusRlR5p4/lXN3vh69mujPBqUdnKRkiNCT+I3VSbTNWRAs93bzDPB+zHcffKsK5JYqqnZo6qdGLejOhuLxJcbTuUDoaw7xopF6H8RUQ0y8GGWW1yRz8jg/8AodRSadekYc2Tpnuj5/8AQ65KtWUt0dMYJPc528tot/mRb4Zs8yKxDEen/wCuo01G7s9qsiXcZ9MRv/gf0q3cafqAMmYbRiPugebhvbhjishhKrf6ZZJaL/FI4dox/wACDcf8CAryaiad1odsVfRmzBr1tK3lCVo5j0jlGxj7DsfwJqy+pshw8LjB7E/yqlHpEN3B5bvbJC44325KuPUNuwabb+Ebq1lWSDWHeL/nnJAHVfpk5H4GtIzrbWuS4wuaBu4rhT9456cCqjJklogQOmRxzV//AIRy5ZGMGqJJIOSjW+Mf+Pk1mz6JrUWSJkcZ/hiP/wAVVzVRrWIRnG+jI2N2uQ0fmr+tUZbJJeXtI9x9V5FEmnavnDTYX/rmf8aqS2+qgAG6baO23/69cFS73RvB67mbfaYWQBQ8YB7ANn25BwPpiuMure/hndngsZ7c9PKRw31IaTGPofwruJE1ZQ2Lpyv/AFzz/Ws6azv7kHfLG+fSIf415mIw/NsrHfRqtbnAyfaJmCQmzM3VkEUgdR7oWBx74qlLa3RT5hpjHPPySj9N9dnc6JcSoYZkRos5OYxkfjmsm50G5wRZ6hcW/ba6CRCfx+Yfnj2ry62DlbY7Y1kcXPb6jy0T6aCo4UrJj/0OitC50/xNak749Oni6mSOJyMe4BLfmAPeivJnRs9mdsZ6aHsUFkQwUMwUY5O3+WK3YLZlUZkYn6L/AIUyONixEcYwOuDkj8BV6JC7eXGTK46oi7iPr2H44r/JipXP9KaVNLYtQRsCP3spHTHy/wCFbcQljUMHYjI5Yqo/lVe1065cKQYYOM/3m/wH610FparbEMGLSf3zy30B7D2rzqtddNT1aEGyxbWuoTEMknlwn+KRAuf6n8h9a3UsMqonuZZzkdMIp/4CBz+JqrEZXOWDBfU1qR5XbkDFeZVru569Gmi/a2aKRtdguOgOMV0VuIY9uZJnYf7Z4rn4ZNxC5XHv2rdtofNwSQRnv/hXn1ZX3Z6lGKexrwTRgDBmB/3zVqOYvgr5u8/7RqO2toAvzbTjtjiriIgIAC49CcVwSlE9GlBksXmMRud1AP8Ae6Vq2yK5ALSFfXcay42hj4Y7ifapxOVz5YxnjJrnk29jqgla7NsR2oPzs/HbeaJIrOf5ZEkK+8rc/hmsJ5HKtI0iqAOrNgfiaji+2zJmGIsvaR8hD9AeT+HHvU+ze9zX2q2sdUgs4o9kXmAZ5Ac4/OkWUSkfZi856blb5B/wLv8AhmsS10+7kkWS4H2nnhHG1F/AdfxrpxDHFtZ5Qp6BR2rCrKK0vc6aMXLVqyHW9rcM4Mly5B6qrEAfQ8k1p2mnytLIks88h7YcioLe5AdVI2r610MV5bhMcF/pXFUry2SO+jh47sr/ANmrwWe4Ye0jf401dMVwVdpR9JW/XmrrXSDazPj2Heovt4J+Xv0zWMZzsdHs4dit/YdmOkJY9zvYf1py2MEYIVZVGeglb/GnT6gyOsWN85HEa/M5HuB0/GqxluZCBNLHb56pEcsfq/b8KtTm1qyeSCeiFcRxsYla5eQjISOVy35Z4/Gnx2t47K7XM8S90SVifxbOPypVZYdqQhY4u6qPve5J6/WrMU4ByQV96Tm+gowXU0ra1DENJJcMPTe3+NXvskDMFAk9yZG4/WqUV5EgyCC31FLNqJz8xUDtg1xy5m7HfHlSH3Gn2BYpLmYE9GdsfzrLfS9OiLG3tLe2z3QkZ+vNPnv4SpfflvTNZT3Tn52mO30xWtKM7bmNRw7Cz2tpGGJYjnoGP+NYc9rakMMsffJ/xqzPOjkhnJrEnnWME5yB7130VLZnBVlHtoV7izhbAABHuTWLdWdohIlZBk9ATS3d9K5IX5fXJ61iyMeTkk+mOK9SlTn1Z5tSULaIqXNtYnIJXjvz/jWRdWdjFFJPPLHDAo+Z5DhRVa/1JWeSKy23U/QkHEcR927n2Fclcxt5gNxcSXs45DscpH/ujJA+vWvZw9Btas8mtiEnZK5PeTWkg22US20OeJ5F+Z+OqKeg9zXFXekWE94LqQzhx1PnsS/5YxW0beaaUsJXOTyWORVuHTgcl2Yt3Jr1adRU1o9Tyq1N1N0YJhjJIiWVUxjmZ/8AGmR2oZiCs5XviWTB/wDHq6sWkMYHy7ifSnCC3UZYjnsecUligWF7nLta7skCQcYBMrn+tPXSo2UF0cnqzGRv8a6VYYvvEnr0qOUwoPlJ+ua0+uy2EsFHqcdcWdsAwijZsHBZnYD+dYtzHAh2tErn2Jwf1rq9RKFD5QCsM5b2rlplE0PmCVWjzgsWGR+A5H4ivSw9a6TZ5legr2RhmyslnNwllClx90OAc/40xdAW6817+TyY85JR2j2fVgQfwraihjUKF80lgdoB+dz7eg960bPS7aAtLNBHO+ciMklR9c/eOea3qYvl2ZyQwPM9UcN/wg+nXkjG4ha9tSCA8u8n/gILcfU1TvPBeiWytHFYIvYku5I+vNd/qutLDhZAof8Aug15t4k1cRWqzXd0dPtycKi8yXB/up3/ABGK6cFWrVGrs48ZRoQi9DnL7wvpEaPIYpVVRuZjMQiD1JzgV51cW1tqQNvpEbjTlOJLx92ZD6Rgnp71tyR3WsyyNqRuobJTlLFpDgj1kOck+3NbdtaKQFgWOGPpsAwPyFfTUqrpq8ndnyVSgqr91WRxcOl/Z0MMCSMcjDF3z+Jzz+Oaux6PdtjdNJu9Nx/nXa7Y4ugCjuBUEzhuBnHr2FS8fOWwRy2PU5h9IlhUM0bynP8Af4/Ks9tHzKWKw7P7gB4/HIrrWaQudr+YvqW4rLmH3jO5U56KRitIYyoupFXA0+xmjTrdc5SIL0+6DUUttbKwAjjb8ODV/wCWQ4w6jtT44VV8AAADkk9a76OMl1PMxGCh0Ml7NZEKJHbxt1yIwf0oW2Q4xbwntkoP/r10CJGG4VVPqetOkK4KrnJ75717eErSk7Hz+LoJXZgrYplQLaBvqgwKuR6Wjoyi1tg3qYxxVuM+XIIXlLu3T+6P604Xsiz/ANm6aFe/bl5D9yFfUk9/avp8PTi0mz5LGVp62KA8OpLcLZQQxXWpEZZ2G1IF9WUHbmu4stD0PSLZba2ggmlPMk3lhmkPfnsKoWtpaWI/cGWSQnMkrHJkPern2goAkSMAe5/nXp0eWVlF6HgV5Tgm3uacVpYllxbw7OoOwc/hiumtrW0SLK29sSR/zzUY/CuVtbhl+d5FQ+net6K6yocuBX0GGwkZM+axWMlFk8umRyAMLeEZ7eWP8KauhZUZt4VB/wCmYyT+VWra7XzNzct1APauosJUkIkm3ewHSvsMDlkNND4zMM3mutjGsfCUZHmPDEO+NmD/ACrrrDwxCdhjty7AjICfe/Sui0/ZMULRxlu3c4ru9NhiLoWydvoMV9pluUKT0R8VmWeuK3MLT/Cay7JDCA3f5B/OuotfCUck0atAiJ05ANd5poB2qI4yD0JrtdM0cTkyEK2Bkkf5xX3OXcPRfQ+AzXiiysmcHaeBrQnBhic49ASPwq/d+D7PSLFLkWUdzqU58q1hC5LOe+PQZr3LT/DuneQ+o3UstrY2675XJUqfwIIJrpfBnw//AOEoaTxdqnnWsZfbp0D9Qv8AeIBGPXjFfdZbw3TS5pI/Os04rqS92L1Z5Z4R+Clnp1pDHdQo+sTDzLlmRW25/hAIIr2Lw58FtNsiH0y0jiJOXWVd0bevup+lfRXhLwLBJKq315JdJn7jAtj6Hkj8TXvUPhjR7WCKG32pIRgKy5J+lfT4Th5TduU+brZ84xvzbHzXovwbE8fnx6ShTAyNoIB/DNdXa/B+COVvtMMnlthlR9pI+hxkD6GvrLwrbJp6oNpaPOWULz/ga7mbRrHUGWS3tsIVycKAPxFfRYbhZc1rHgY3ie0Lxlr2Pl/S/hhDHHGBbiNDwQSDj3zXoth8PLezRFiihcEcHAGD/Wva4/D7eSkcNuGVe2K6Kw0JiypJbTCVyApXqufTrzX0eD4dp09WfHY/jKa0Z5db/D+yMFxql+jDT7WJmkaRFYKOuF3KQPwqf4LfCm01d9W+JmtW13Hc3chh0uJ5DlIRwCQR83c9K9Z8W+ERqV94b+G+l3t7NqmpOsmo4wBHbg5O44JyenJ9a+hbTwzoOnNa+GLS2L6RYqqxoH2guByd3UjPbNd2NzKnh6UVS3lr/wBurT8Xt5H5xmnFUpSd+n5nw5+3X4fuPBX7D/x4vPC+sLoWuanb6doU9wY0kIttQ1O1sbhNrqVG+G7mTcMMu7cpDAEfzW+K9X1NvAdvPaJcuZrlnmeFCVhjaOQ5cj7q7ii5PGWUdSK/qE/4KgQWlr+wb8Y5YpkVkvvDD85ONviHTj1/Cv5ZLPVNUvvh1rOm6ejXMjWMLSJvCgxpcQu7nJAyqK59eoGScV/n39IrMKmIziEptu0Fv6s/0P8AoX45VuHMRVa972rV/JRj/mfLc2uXkmmJEJ2j/fNyOCPbI7cVmNe36gNHf3CtnrnP9ay7hpRNqVqY1xHM2ctjGD24pyyu9v8AOgBA6ZzX4G5y6H9bysaP9p6kTbQvezszzxoJABmLcdpI/wC+jXV/BSC/bXtOuTM5isr+GKTBAYsd4XjHI5fPTtXm11cm3t5LgIWaPEgA74Of6V6b8J1urHx5qOy5mSGG+gnkiz8jgXCDLL0JAcgHtuPrWOLvOm4y2O3K8V7Csqkd9V96sf1Wfs8eE7CfwVHqXi+C6vLzCpbKspG9RjGPwFep+L/B8cs1pdeFIFs41ZBcxSyDLEntntgV5z+zp4wtb3T4rERQWVvZmNcOxbzjtGcbs4OcjivsuXw7pWuox1LS4725jj3wvIuwYJ+6SuPSvnKVOM6dj0cRiuWpzHkEHwn0i8iGq3/iSPStLgiL3mQGWPjgg/XFflp+3fp2j2Ung/WPCHxK/wCE08PzSTQNHE5CW0igccHnpX7EeJNatvDPhPW7G2i8MW9kbVxEk0TTrI4IyrR5ywweg9q/Jn9tLRtNPwQ8Ga1p2heEtHmj1aTzH0qwktVcsHOWV2OTXg8UUo/VJQS1Wv5H7B4NVpUs0pVqm3NZaLqj8zJtH1TUVikktNWuFH3SEciugsrDW1hWL7FqpfoAY3z7V/QX8C18Oan8G/hzcab4etIbg6ZC9zPDpNncC4crnJaWNjnkDHtXscXhrwdpVzPrmuf8I/PK+nebAkmlWSSW7BnH3FjAJ4HUGvAjwB7ajF+13s/T8T9ixv0gY4PE1IrB6ptXvq7fL9T8Mv2afButTeMR4o1LSr06TaYLvKhAL56cjnjNfqPJ8UdbecQaBGGtEXhVjyQB7CvUbv4ofDSTQ7/R7nTppRJGVVotOt4D5mOG/doue/HvXnXwCuILbxncGaO2kQ2c7gSqGUsFJ6HivWy3hyGEtRpzvzbs/DvEDxBxGd4n61Wp8nKrKN76GNcfEvxmyYa5vrVPXZgD8a5i48Y+IL2SVJtTmu0ZSzo2W3j6V9oweJtJ8TWPhCym0vw3PFqMd0lyphjQoyb9rAqAR90V8z6f4p+Cfhb4oeFfD0fiCBPE93ckfZp1UwiIOQwO7jtxXv1cAoWbmrPufGZVCeIk406bbSvor6I/Gb4//Fa68XeM7i30xLqx0i0BijJiMYnbPJxgen614MdXvpVMb3UxU9cHGa/RH/gobY+H43+EOqaEmiRxz2V3532NEQmUNHuLhQOen61+aDO6AsGYEV+I8R4apTxk4VJXff5H+gvhvXw1XKKE6FPkja1vR2d/U0vMfz/tBkm39BljX1f+zP8ADaTxT4pXx3qyTPpOmsEtxIxxLcDnoeMLlTnvmvl/wfoGq+M9f0/QNMV3mmkCsQPuL3P5V+wfg7w3Z+DvDeleHtPTZb28QUnAyzdSSe5zmvT4ZwFStV9rN6R2PgfHDizD5dg1gaFvaVd/Jd/meg2+t3lii20Fy8EIO4bTjBP/AOqpl8SakX2reSEKODnpXNOQSC3J6U5CikkV+hapWR/HDcZO5vXfiq5tbea6v7wpZxqXkZuiqBk1+Ufx1+K978RPF9w8FzcR6NasYbVAxAwOrfic173+1F8WJNK0w+B9Eu/Lu59punQjdGuQdv4jj8a/Po3LkknJJ5JJ618BxNmqnL2EHotz+sfAvgSNGm82xEfelpFeXf5m22q36nat1cBR0+c1Ru7y4uVCTSvIuc4JzzWf54JOQuT6N1rp/B/hnU/GWv2Gh6bC0k8zhWI52LnkmvlaFOXOuRan9E5njaMKEpYh+4ld320Pef2cPhjceN9e/t3VRIPDunsGG7OJpuMBe3Hr7V+m19rzaXo97OqxZgtnMZ2g8hTj9cVxHgbwnpvgbwrpfhzTo1SOBPmbHLuTliT9Sam8YSwxeGNckmW7khW2kLLbjMhG0/dGDzX65k2CVCkoPd7n+f3iDxYs2zCVaKtTjpH0R+Univ8AbF1vwl438CeEtQ8Z/Fu+1HW4pLqafTJVFtbK08ioFBYMAAq8Y7V9G+Dfj1r8HhGTQtf+I0sfji61rUYdM1DW4y6S21v5akDkgEsx2gnnmvlfw7pOgSeApvHeo/Ezx94cvtLgaODTJ9Js5LuGEZI5Mfyg5/iOea8G8T/Gy81LwZpXgDwPqHiBb5bm4Sd9Ut7d5biWUifesigkD50X5cd/Svr8fGnTp80I6n53w5klTEYtQb0f5Gx8T/il8Rde8deKrWPxd4g1GW2UXoW+c4mgAOFhOdqqC3IGc49q8Nuvij4xh083l74gv08uwWeSOMktIzzbMA9sBW5ryz/hObiGGXRI9M1i2143ri8mnkJhDsuwqGOW24BbGepNdXr83hrw1bWl+viHWp9Tjgjt7qO0iV1xuOGww6Aufzr5WphIc6lWgm3tp/w5/ReX5o6WHdHB1HCMFrrZK+2jtdrqep/DPXtd1bW/C1/a614jkjukut9tPcF9wVABx9ZBX2F4q8GS+H/B+m6hdwzwa1eSCJ0kUhkU8c+lYP7F3ws8IeP/ABsvjWXxdqutx6bBsGmXkCJgttJwq4wOAc89MYr3P9sLVZdGgt5tOWD7TBvuY0cEqxjXdggEHHHOCK3ynARli/a8ttNPvPleNuOZUsveW05Xbd5P5JW/U/HC1hLvqk4uJPLt2gt4lB+VsMCAfp5YxWg095I5Zr66yzZI3DH8qyLNdlk43NiS+Mij1CIQc/8AfwVpRtuYDGK/TPaSR/NcmnsWEnmt5oJEuJNwYEAtnNem+B9SFz4qCX5FzZzXNtaSo4BSUSyom1geCvOMHg15M5drpRiL5eRuz/jXr/wSuLuDxDFqMcaNGJZhKS4BVPJcZAJBJ3MowMnknoCRVO7kkY1Z8sW0f1G/8EX/ABnpGu/Db9ob4WPY6pbeIND8TWfiBrkqgtpbO+sI7aMK24sZBNo96XBUAB4iGYlgv6s32gpdi5JcNIpOAOc1+M3/AAQxmtW1L9rXUGjS5mkj8LQuM42BTqrD6/61jX7m67Jbxs01iEhPUgdfx/Kv7l8JsfVWVUorzX3M/wAjvHyMaPGGLjHa8X83GLf5njqaTGxmjuNqyjoox836VwGs6bOsk62NmkIUnJZdv44OK9I1XVSJjMPJZ1/hK4B/GvN9b8R3U8pEjSmIH7isCB9Biv6CymVZyUj86wmYpOx5rqOkxzQyROkAkYFXPPJ9dpr5x8X+CDYiW5KNdISTgKAV+gr6RvNSiYyMgSOQE4yQCT9K8h8VX91cRvE1wyE8ELk5/AmvqcRhOZbH1eBzSyumfFfjDQraVJm8mVpB0BAyv418vfEDwiuuWck+mbU8Saf+9glCnDKOqMcYwcd6+7tf0tXLMY5ZSTnAB5rxfxFo0UmfNtInYfdDwgnr/e9K+ZxeXT2SPq8Jmit7zPhD7Zpuu2Qu1S2tdR5jvLZwEIcdSMjBFeZeINGEjtHHDJCvIBB+Uj26r+VfXPj/AMENol3B8QdJ0sz6bgR6taBMjb08xcdCK5m78H6Z9ni1bRIt+nTpvR15P+6x9a+cxOTTlo0fT4HNqSPhvU/CAmYrNGAp+6XT5f61yt74IuYEJiiWVB2UZ/lX2frGjQTxssliAwGATn+YryDUbM2U0sSwMoHAJOM14tfh1bs+gw2fdIs+ZZvDu0lZLcqe4x1+lc/e6FCC2YWVMY5XOK+h9QQyE+ZbxkHqQvIrjL6wilVtvzY/MV5VfKINW6n0GGzqd07nzpqXhu1ubd4J4gkbHMbqMNG3qMc1hWivFMNM1Tyo9QUYgmCgC4Xtk+te73ekht4HllPRhx+Vclf+Hba9ie1mijjcHdDOow0TD0NfN4nKlB3ij63BZw3ZNnGAokjRSq4lH3lI/wA8VbtgkbgIxRT36/pVy1E0k0ml6gqQa1GvysVwtyvqPeqstv5RZJY3RxwRjGK5FGPQ92njG9Lmu9usibcKc+g6VRFnCznAhJz9Kzldg3DOo649KsrdFyAwB/Ctoxi9TphWaHy2JUlkjfaPQZrOliQkhSrtjkFSCPbmtg3KDGx1UY6bsE1VkuTIuCUGPzq3RjY3p12Ziq0YUKuKlkkDKAUXd3bFS+co+8Qy/rVW4lhJOWQcZGTyKailsdKqXdim00kTtuEbDvkU83IkglhlihurZ+GQjg1TedckMIz2yG5quhGcI7e2OaqCWx0RstTIuIDaPtWCa60wDIYrue39s9Sv1qRsBElQebG3KunINbyvOCAFlXsfl61j3VhdxSvPpltMEY5ltiuEkPqvoadWk4rTYpVujIkYFtrliCe46VtWtpvAIKiMjjdzmubivrGScrHcQRy7ijWzNh1YHkFSSc9eldHZzOvQ4XPQ1FHlZpNWRvwWrcAgGPHHPFdDarsUK6KykdKwYbtMqd6BsDvWnHeJuL5UkDs1etQ5VscFRtm3DbqG3RMQD2POK1IopAThsL9K52O7V8EP5bE9Ca2be7Uja0iE+ma9OjOPQ4KtK5tQ3TW5BO7zOxPGa6uw1aRlCSpu9Ax4yPfsa49JDImMK49KuwZI28gex6V6dCtKLujz61JM9Hsr9zt+0xmROdzdSB/X+f1roBbQSKskMitGfRq8qW+nBjAYbV6FRg1u2eqXKFWjcK3f/b/3h/WvawuKWzPOrUWdrLp8c0Lq8aXEX9z+o9KxGW8syGijuLqDoVf/AFqD/wBmFX7LVhODugeNh/eBAP0NXmnhkBJLxH2GRXoPllrFnMrp2ZVtLiGVRJDIrrnkDt7EVtwzx5A+Vu3pWFeWsUwMiu0FwRjzY85b2Ze4qpFcTQOlrcKyP2eMZR/y5X8aqFZxdmTyXR2yMuchT17Gnh1LAqDz3PNYFvdSltpjYr64rTVkI5bb9a641k9jnlBrQ0WIXsMe1OXL8jbj6VR81AMYVvrUsUvzDIXHqBWsZGbgXhGXBG3I9BUqQsBjJA9KqlwSCFk9eKkSQ8MwYn6VtGa6kODLItZOQC2OtDiVVKOpZDwQwyDUwnc4wjH8D/hUqzK2Q6yKfdTz+lbqzWhk7rcitrm5gUJEwaPGPKlOVH+63Vf1qZLwzSeW6PbXB+6jEYf/AHT3/CmeSG3BFkYHtsNRvZzvD5P2aR4s/dMf/wBbNXr0ISW7LpaZeAzJ6giqzzqxxIuxvXFQiDVYVAhhnmjA4jlBJH+6/X8DVgw3cqqXs50c9jjI+vaobkONrFR0RuVOPpUTKAcfMp9QODVtrSdAD5Ekf65qB47okYjkPoAtYTRsmu5GZBjDcjHUUkc23LCXKkZzmqs8U+PmglQ/7hFZM8d2MmOOTH0rGVTXQ1hFG4bmBzmRCreoqpcGMgmN149e9YKrfj5kibB+lVZpL8MVaLB6YDDj9a55V+jR0U4ali8MQV1KoQRyMAhx7jpXLvB5bEWbvaoOiEb4/wDvjqv/AAHFX7iS5wf3Tn64/wAazJJJ0B/d4z6kV5taomd8Y2KkurSW6sL20mt4wcF0+eP6noVH1/Op49Qjfyic7CP3ZAOCPbHFVWe5UhwgRgeu7H9ayjCVlaSGQabOx5aB12v/AL0R+VvyB968+pNp6HbTijrY4UkBcxCU46RtyPwqKSC3ZgEnETdxIuAK522vdRinSGaO3mJ4E9tIAB/vRscj/gJatWS5ujlZJUmX3NEZKS2NOWw6S1mAyEinT1Bzisa4t25YJhh6f/Xq9I0pKmKeJO2C4/TmoZJnyQ08DjvmVev51hOEXuXCdtjlpLNIzIbYS2c5OT5RChvdkIKn8Rn3qRNQv4HRWtWu48/ft0Of+/bH+TfhW1JPalf3slr74kXIqg7WTAkTRBRzxIM/zrglRt8LsdKmmtSSDVTcuyRKsrL98AYeP/fU8r+VasN/sUCVC0fsf8iubuIrecJvkgnC/dLSANH7q4IYfgaZLHcpkQ3tpfJ/cuZlV/wlXr/wJT9aca0476keyi9UdZu02Yk7xEx9cjH9Koz6fayhirmZcfeGD/8AXrKiEssYkVoYHHHlyzR5/AqxBH5UOLqFfMc2rAnGUlVj/wCOnI+tXKqmtURy+ZDLpCEnbIuOuDkVjT6bOrFUPA7Bg2K1hdSEkq4Ld8H+dQS3QY4dG4/u81zzjBrQ6KbZhtDModTjp0x0rJuLMEsxDA9eK255W+eRVlKg42n735VSaUuhaMhhjqD0+tefUpq1jrhN2ONu7aWIsVaRvUZ5FFa12NwcBSDjqAeaK8iph1c76c3Y7u20+Z0QXC3DRD+Egqo/Dk/ma6S3hMcSLHAfLA4CrgfkKow2NtOczxxrD1VMnLfUg8VsrHZxp81rbbB0ygr/ABfryvof6l4eFtyeKQJgSIcngYXJNbEYkGMwyKO+Rx+YrkLzWbK0IgSO0NyRxGqbmzjpgdCc8ZpYLfW9UHNtb6bbn+ORR5vXsvAH0Nc7otK8tEdMa8b2jqzrpdQiskZ5ZFjXsWzz9P8ACiy1b7a+I4ZvKzjzHAVfqMnJ/AVhW3h+K1cP5BuZ8cvIdxJ9uwrVVZVPzgr+FYzcemptCtO+uh1kU0YwTc2x/E/4VuWlxGuMTxEH3P8AhXBxylcAIW9Dit2yeVwoIAHXGcVxVaatqepRru+h3sFwpQZuYEHbg/4VKbhF5F3EfoD/AIVi26SbAqrEcj+8Kna3nYY4A/3hXBaN9T0o4iRpG6UEh7yEe2Dx+lW1uYWZFiubbB+87hjj6KAM/iaxIrGZmyi7/cMK0o9OuAMmFse5HH61nNxRrSqza0NqMaWrJLJdtczjo0qk7f8AdXGBV77XajLm5EmepORn9K5/7HKnVMADOWIwP1qBXMrEiWFk/vFgB+Hr+FZvleyN4VZx0udWt/bE4+1QqvoM/wCFTC6s2OfPUn6Mf6VySBtwBCuPUHirq5OCeG781nKEeiNoV6nc6Rb+3U/61T74NXk1SLqJ1PH908fpXLIrY4Iz9akCSHALAduDWbhHsdEMTPY6xNRQjc8qkA9uM0972J3G26NvB3EYO4/8DPT8AK5lLeUjKuiAddzgZ/OopIrjoJbcc/8APUVmqUbm31mS3OrN/ZxI0dvIIYyckKhyx9z1J+tQjVbYYAlk/BelcqbW7P8Ay1h/GQf40i28wPzSpgHna4/xqlRgR9YmdUdWgJOHkx6Ypq6xbryZHH1HSuRaOfP3kAz03iq8gcMf3keccfOK1jhoMn67UTO4/teFufPbj/ZNRtq8H3jO57H5TzXDeYy5zNCo9d1NdwxObq33Y6b6awsbi+vTtude+tWuDieT/vjpVGbXrbhXuZ1H/XMf41yOy4kP7uaEj3kA/nVKe3lz81zbgn/psDXRHDQW5lPG1Oh1javYs5H2qYnPIMfT9ajfUrJcFryQHrzF/wDXrj1CxEt9otmH+/8AyrMupwrMftVsntu5/Wt4YaLdkc7xcup1lzf2JbjUZSO5EHP865+9l024JE+rXi2v/PNYMbv9478n6cVytzeEBmN1Fn0D9axpb1cFfPi9/nr0aOFsziq417M6yWTRsBFvrrYpwALYAD8N1Zs8ukhWY3c7duYP/r1ykt8pP/H1Ao6/eFUJL3OSLy3XH+2M16EMK7anDLGdLHUfbtO3OplkPoRF/wDXpkt7YgfLeSr2wIsfrmuQa8gZhvvbRSerNIPzNQtPaZB/tbTsD/bP+FaRwhjLGPY7UalpyLtF3cbf+uOc/iWpg1TTlO4yXLj2iAP/AKFXENNYZDLq2nAD/poef0pwl00nc+uab9N5rSOHS1sR9eZ2b6ppz/dN4B/1zH/xVUZdRsMZY3qDPB8sc/8Aj1cybvTl+7rWnEdj5gH9apS3umjJbWLBz/syVsqLvovwMp4xrr+Jt3d7pWGLPfOR2KKP61zt9qum4ORfIvbCqQv0qnNf6aykDVLUt7Mv+NYk8mnOSG1ayQd8yLyfzr0cPS7r8P8AgHl18U3/AMOasfiDS7ZGCf2gGP3m8sEt9earP4sskbeHvvoYh/8AFVismjBTnWdP3+8qn+tY122jgNnWLAHviVP/AIqu+nRg+n4HnVMTUS3/ABNu78UadK5klF66+nlrg/rXDyXvh97+XULr+3b68J+V5Ch8seiYGAKq3k2jhXB1m2yf7rKR+jVzVxc6eAxj1KCQf7wH9a9bDYe3wr8DxMVipv4n+J0kuvaUjER2moN7Oyk0w+KLdFIit7gL744/WuRV7L7z39p+Mo4qOSfTeh1K0GemDmu50VorHn/Wanex0k3iWJvv29wPoB/jVceILFmy9neSe5YDP0rmWuNHU/vtTdu42oaa13oxwUvHfnncAvFaxo26fgYSxcr/ABfidS/iDSSQrwakox0Ei8fpWZqXjHwjpUCy3w1vJOERChdz3wDjgev+IrjfEniLQNJVHjjury6fBSBJFXj1JwcDr25P4kc5oOj2Wq3J1zxTqVojH/V25cHaOwK9h7fnXoYfARcfaTTS/M8zEZrNT5IO8vyOw0HxPquqSS3N9Z29jpDEmJEVmldc8ZYsB074GfQV10OtWAwEtLtl9wtZIHh9sFNctPpwAB9KnU6UpATVrGRcf38V2UsPGctI2XoebXxs4q0pXN6LVIXYH7FcEdzvA/pVr7ZYsMNbXob0Ei//ABNc+L7TkXb/AGhZ8c8SD+lKuoaUQA2p2yA/3eTXs0cMorY8CriZSduY12uLEK6xw38chGA3mqSv04xUNo2nWUJhgt7vaTl23qWc+pOKzzeaG3P9rqPYjg0gvNDUEjWIwfYYr0KCltZ/ceRiJpbNfedJHq1mAQ9rfYHQCVef/Haux6jp7ncbbUWPvMv/AMTXIx3mgMxB1m2Bz1YGtaK+0DAH9u2OPXY5zXvYam7rR/cfNY6q7fEvwOjjvrXaHWC8Rd2B86k/+g1pQ6hZuqo1vqBP/XRR/wCy1y66hoO1f+J7a4B4GwgfrViy1jRGvCgv2a1Cks6xn5m9Bn+dfX5fBvVr8D4jMsRv7y1PRbB7JgGFvfKOnMy//EV2unzWqKqm2uGGc5Moz/6DXl1nr2ihkxfNGB2aM5rp7LxFoqsM6moJ77Gr9AyySjuj82zTmlsz2rS3tABm1ux7eco/9lrv9N+ykqwWfOem8HI/KvD9O8UaAQEfVlUdvkY/0rvdJ8TeGUZX/tuNm6fMjf4V9zlteK6H51mlOo1ue9aU9hhN1tcMP+uy/wDxNekaZLZrsK2jqO+64H8tteFaN4u8GrlbrX1iXGNyQs7H8DjFdxY+M/ASEL/wkt6e+PsvX6/NX3uW42nGyaPzzM8FXlsz6Aims9XsoNMvrQXFkGDeWJdikju20DP0Ne16LrswhtrcWsKxIoRFBQKo9Bha+WNH8ZeAVMefFFxH24t//r16zo/j74dRJt/4SichhyTanI+nNfaYHNKTsuU+Ax+WYjV82p9T6L4iaApi2OexEij/ANlr0TS/EDbjKLVlY9W85cn6/JXyvpPxA+HqKm7xdPj0+xMcfrXf2HxG+HKYEfiq6kPoLNh/WvuMuzGkmkkfD47AYlauenqfUdp4oeJADZoR/wBdVyPx2V1th4punUJFa7FPBDz7gf8Ax0V8x2HxG+H7gBvEF269gLdv8K7vTPib8O12g6tqwx3WD+lfa5fjKTauj47HYLE7qT+8+l7PxNdRbEa3QrjnbKQRXoegeNIbWUSLpmZOm/zwSfzU18xaT8R/htK6rceJNTtoyRg/Yy/H0r0Gy+JPwliZSPFuqOM8/wCgMor0cbDDVY25W/S58fiMvxV7859VeHdX0bStel8VW3hndrtzGqSztdlmKdgFZSqj6CvRbfxJpDYmuPCNu7Hu93IOfcLivk+y+M3wuEQhTxPfAAfLugOB9OK6i1+MHw0aIJb6/cORjdkqOPowFfA4/h6VSXMoSvtvLb7zwMVl9fbmPI/+CpvifSdQ/YM+Mum2/h600+eW98NRiVJ5GZM+IdOzgMcdMiv5WfBkt3qNimmaZNHDeXVjc28RlYhA7W8gUsRk7QcE8Hp3r+jf/gpJ8RPBuv8A7F/xO0fRdQWfUJNS8NBI9ykvjX9PYnrnoCfwr+YzwbqM51HwhaW0k0TS3MUMjRthgrEKyg9iQxGa/hP6RuVvC5xTg4tXpp63/ml3P9PfoTU5Q4Zrxnv7Z/8ApEDyjW1ih1vWItvLYkXP51mwkNC6gg844q54qtpNJ1/7HeS+bNFH5Er4xudSVY4BOOV9TWTBcIFbaPzHWv55vpof2RPcbMm6KVeuVP8AKuv8J+IjZ+Kb65itjM2pWUTK27b5JKrKWxjnmMjHHXPbB4tpGOV2HFdF8O4V1bxl4dgkDJHJZXkakjGTDHN/8SKU17rJhfmR/Ub8A/FcDeEtCvtKkRLi8hjkdiqnBI6DNfo/4a1sf8Iy89/A5ZItpXdguvcj+dfz5/s/+I9RuvCGhxC6kSKOCNF5Py/Lzn8c13/xw+LGq+CPBUlnp2rXEOq3xECAORlD94/59K+LxGPjhYynLZH3GQ8PVMzxVLC0t5tH1N8b/jomj/HvwDo2ueLbTwD4ViEpi1KylJaGN14kbcSNwO2vG/2rvG3w51n4Mvomk/tL6h8ZddGp/aIrW4kVzFHjHBHPc1+TdzqV1eyma6uJbiQ85Zsmni4Ix1Nfl2M4mnUjOPLpLzeh/a/D/hPSwsqFRzadK2yVn163fXudZYeJ/EGmW62ena1qNlbL0SKdlAP0BxX2h+y/4d8Ra5eXPjbXdZ1y5sVQwQI13Jsc55yM4Pevinwbod34u8S6ZoNpGWmmkCk+g7mv2G8H6JaeEvD2maFZRJHDBEFO1QAzY5P1NPhjDVKk/aSb5Y/meJ45cS0sHg1gqMV7Wpvorpd/mdrJKSiggcHIpkV1PbsZLeWSB8EbkYg4qobkNwVoL5BXHXivv5N3P5DdeU3epqVr/wASN4bsJdZuL+S1trKJ5A+7Gwc5A+uf1r8g/iP481Lxx8QNR8aQXtxauLjNptb/AFIU4BH1I3fUmvpv9q34oGNV+HmiXYyf3l9Ip6ei/wA/yr4VgBjRVLA4r4LiTNnOaowekfzP7B8E+ClhcK8yrx9+orJf3f8AgnU6p4j17XBANa1W61MRZ8vzTnZnGcfkKydxf5TnB44qmJQvuPSvbfgb8Pn+IHjCzS6glOh2rCa6cdDjov4n+tfKU6dSvXUVq2fsma5nQy3CTxNS0YQV/wCvU+rf2X/hn/wjmhv4x1W2A1W9ybYOOY4cYyfc8n6EV9dbz6Cs6FILeKKCFFiiRQiKowFUDAAqT7TEgAJA9eK/XcDhFQpKnHof59cVcQ1c1x08ZX3k9F2XRFzIbknB+lcL8RfGll4C8Lalrt1IjOqFIkJwWc8DH4kGuxa5t47eS5mkEUKAszHsBX5fftCfFd/HfieTTNOlx4esWMUYB/1rj7zH8ciuTOcw+r0XL7T2Pe8NOEJ5xmKpW/dw1k/0+Z414i1y+8SatqGs6ndSXV5NIXZm9M8D8BgVghgect6UgkBOBj86du/3fzr8qnq7s/vfDUo0oKnTVktEiKMvJIsUab3LAAAdTX6afs4fClfBugR+JdWgP/CQXq7gHHNvH0A+p6/jXy/+zl8Lh4w8Rtreq2zPoloQwbs8nUD37V+miNFEixINqqAqjHQCvteGMrf+8VF6H81+OfH3/Mowr85tfl/mW9xc4PA6mvMfjLreo+Gvhl4z1fR5vs+qRWExt5D/AMs32nB/CvR0mXJ+leA/tOeL38JfCDxRqURgSXyGRWkjWQKSODsYFW+hGDX293zJs/l1XlJQjuz8Z/ihLqvhzS9N+HNxrMsutXtjFrXizUPtTyXF7O8rlIULELjYidBjnvXhHh6wspPiKmq/8JHcXN3bWfmWtjNAibMdQ3lgDHTkDnJrU8Z/E6X4m+MfES6jq99qPiHSrJUM81jbLFsRuE2hM4+Y9xSa4kXhnUh4itbXTJfEN/p9qIIo0wbWLylDbVzjlgxwa6Mfi5Sj7JPWS0/A/VuEcmjQisVUgvca5tfXs9dUef6p47nvLpoZdG0LwxdWt093PcTEtHJDuKsxjJyzswXHtXrXgjx54R1/xU1hr3hm41Hwu0NvLeT2zxJOqeZneFCH5QUzjr055rw67s9Q8UKNSg8Pab4jkguI2vyv+vjuAT0HA2MoQBPm5Rjjmv0b+APw8fw3qsPxT8VfDT+w/Cv9jzx2tvfxQW0uo3DyR7YQvykD5ScnnjoSa0WDptRThqvP0PMzLiOvRhUlCrbm2036draH2h+yxo+h2+pfEHxdY+FZ/C7TQxG0BQrHPAFARgcDkjBIr52/bJ8URW9zPcXqySxG0mhVYgOHkQxqSCegZ1J749elfY3wt+IMnijwdPfifTbm1lZofs9tGypp+0/6pScZwNoJxX58ftgz2s9v4umlkYtZ20TRqD0JuIl/kTXo5dCSre+rH5LjardO7d7n58xhRbaOpP7wRTTn6O+B/wCi6vwABiTnAFZu8LNFGVJlgtYIHwc4O3f/AO1KlWR+Sx2r9OtfUNXPnYyuTfaY0lmdwCQGIwPavbvhFHLBZS6gJYEtPIkWWMuRI7u6lSBjG0CN8knuvXJx88XEiiKZRGxZjgEdBXvPgxbWx0Wxure7eS+fdb3UG4YgVUR0cDHVjLIM5Odo4GDnswMF7RGOJjak7H9F3/BCm8vo7j9rGTTkX95F4YllBgSXGG1VAcMDgfuz+Vfufq+ta0wZh/ZZxn/mHwEn/wAdr+dn/giZ8a9G+E2o/tLPq/h5vEBvtO8MiPE/lfZ2S61tyDwc7lnjP4Cv2/1X9sP4ezM8s3w0hY5IP/EwdM/kOa/u/wAH+G8fWyajXpYXng72l7v8z7s/yC+kklHjPF+/b4NNf5I+R191qWsyeYzy2MYHTNhD/wDE1wGt3WsOv/HzY7D3WygUj8lzXKah+2F8OIy2PhnprfXVpuPyrzLW/wBr3wZLkwfDywhHQEajIR+or92y/JcbTlzTw3L84f8AyR+PYfmltL8ztdQ/tEBmF7GjdswJx+BFea6tqvimBpDbXFnKR0/0KEk/X5a4vUP2s/DasSPBeip2+a6kYY/KuG1P9qnw7OxL+ENEKg9FnlGf/Hf5V9fQm0rVKf5Hs0aNTfmO1vvEHiSbMd7PZwjpn7DD8v1BXmvNNfvvFUaSFb2zSBjw8drCAfwC8VkXX7VnghImhl+GeiyuSSG+33Ax+GK80179qXwxKhEPgPRoV7BbmVsfmtYVsTG1rW+4+jwVGppdmB4m13xJbpJjVJGBHzbY1GfrxXzr4i1nXpWmc307YHOVBA/Suw1/9obw/ceay+E7JN2c7ZScfTK14Xr3xi0S5WVBpEcEechASf1496+axmPUXoz67B4ZtanM61q+ourie4RsdMwof6V5Xqd7dO7FrsRj12Dr+Aq9rvxH0ybcYrIr1wK8x1Dx3BIzbbOHB6df8K8DF5gpK7Z9RgMNKLHX15dOSyTDcPRQM/hXI3l9qQZj9pf+WaivPG0Xz5sYMdcZNcpdeNUZXJsIPU5ya+SxeOin8R9hgqEnoWbu9vmyDNIwznH/ANauZu7i63EefIwP6Utx4567LGyBzn/VDI/SsO48aZBJsrLdn/nkOa+cxmPptayPqsJTknZIiuZLlQf30yg+jVz8894AyC8n49WqS88cSxjKWVmpyQf3dc1e+OZnI3Wdnj3jr52vj4fzH02Fp1F0LE01+hP+l3A79TzUMeo6mgwL6c49WyTXMXPjuaNsfZbID2i/+vWNL49uAxIS2CnsI/8A69ebPNYJ+7I+kw+HnJWaPTE1TUSBi8lI68mntqWpldpvbg9hhzXlR+IsiAnZbHj/AJ5nj9aQ/FSWNADb2jgf7B/xrSOe0rXcjqjgKl9j0SbUNSDBTeXZ/wCBnisye/vSxLXl5/32cGvP5/i0c5+x2Y7cKw/rWRcfFiV8hbS2PfADf/FVEs9o/wA56NLL6v8AKejnU7ollN1cE+hc0jaheKPlvLoDoP3nSvHbn4lSyHLQwrnrhT/jUS/ERwf+PaNv+Atz+tZU8/p3+I71l87Xse1x6peBsfbLoj13n/Gra6zqY4TUL0fSRq8Vj+ItyozHaxAegU5/nU6fEe+YFfLMY9gRXZDPaa+0H9nTfQ9I13TrnXfKubia4e8jAVZwCzKM52n26nGeD+NZtl4n1fTbhdJ1y5uoJRwkxdgGXsfccdfzrkoviDqCyB9khPQHOD+FSXvittXtWgvrNpoTyPmO5T2IJ6GsJZnT5vaU5Wf5m8cLK3LJaHrP2m9z811ct9HJGKnS5mU5M06n13HivHtE8X6rocbW8Ui3Fo3QSLkr9Of0roz8Qr5sE29o57Hyf/r130c3hJXk7MweCknZHo6311kYurhvq5FacN9OpGZ7nPpvNeT/APCe3JHzWlkT/wBcv/r1Knja4P8Ay52w+iH/ABrphm8E9JGU8FPsevreTlldZrkfRjWjFqNyu3Fxcg/7x5/GvHYvHGpLgJHGin0T/wCvWjH471g4IjQA/wCz/wDXrupZvDTVnPLAtbo9oh1O7wCbm6GOfvGt221O4ZebqYepEh5/DNeFxeP9WAAMUZGP7n/161Lb4gawrKRBF+MQNenQzqCfxM5KmXyfQ97hv5jgfaZX99xNaS6gAPmkk49Sa8Sg+I2sfL+5thn0gWtJfiDqpPMcQbHURCvWpZ3BLdnnSy2V9j2dbyRVVjNKB6Emr8d+uAdzk14TF401cODEzRQn7yKMKfoO34Vrx+Mb8jIZwfUgGuinnUH1MJZdI9nS7J6M+M9mNWY7gPgFnz75rxmPxfqBIwRj/dFaUPjXVFx8xb6IK7KebwfU554CW56ztYruUEn+VSRNIHOdxJ9sYry9PG2qcjZk+pQf4Vq2/jjWiipvZV7AKOK7KeaU+jZzTwc0eloWP8PAq2PMIyGYn0BP8q86XxfqrAMJmDY9KmXxnrK/8t5D/wABFdkMzpdWcssHNnoal1bBGD71ZDE4ILAivO08Za0f+Wrf98j/AAqdfGmtr0ndT0+6P8K6I5nSXVkfUpnoKSODggjFTlpCBsZz7V5qfF+st1nkz7qKcfFurYx58n1AAzWizSCMvqMrnpQnmXq+R1Oc09ZFbqzr+deYHxXrHB824/ED/CpB4019MqtxckHkcA/0pLNad9bjjgp7HpDu3IBb8zVKVnA6MV9s158/jPX2zmWcn6D/AAqpJ4u1wg/PNn3Uf4VFTM6XdmsMHPsd5PI6Eq6nHbIrMluQTgoxGfWuCm8V64SzMjt7BcfyFZNz4m1kqQIXU/7o/wAK8ytmsFtc7aWCk0d1cXsisfkmZT36mqEl4zfdZxjrzXl9z4m1ssdqTsfYD/CsKfxN4hVvlW5Q+mP/AK1eXWzqK7noUstbPW5biUnCo7k9MAnNVXN2efstweemw/4V43deJ/EpG7N0M+g/+tWa3ifxQxKj7Ua86edwW6Z2U8sl5Ht7CVhg2s+f+uZqvLZXj8i0mx6YNeJP4h8WsD5cV2cdcGqza942I+WLUiOnGa55Z3T3aZ0QyyXdHs7Wc5Jzazg9PumoH0++AyLa4B7HaeK8XGv+NjkGLU8/Q1M2ueMFGJYdSAI5zu4rD+2Kb1szRZfUXVHrotbsEbopSKt/2fJIAvkuT9K8Uj13xE38N59ctVka14jXlfto+halHNoPoxSwMu561JpN0BuWBs+mOlVTp16g4hI7nmvMV8QeKhwr6ig/3mqQ+IfFbY/e6k30ken/AGpS7MX1afdHpBgu4sh4QMDPUUAbj88SqffjNeZnXPFJGHbUiPd3/wAaiGqeJWyWivmOePmfr+dQ8zgtkxrCytuermKUnCAN7VOthcvt/clM984ryuPWfFChgv21T/vv/jT21jxSytk33/fTf4045pT6pkrCyueptp12AgW4kgIzkLKVA/75Of0pFtWEDSzXN4ZB90C9fLc9wW4ryptQ8TMAdl5J9dxqtLqniGMEt50XGTnIolmlPflZccLPqz1k2XnKPL1G7J/utPIf13VSl0mSNSXN0V7lZ5MfXhjXkp8Q66p3LelPqen51v6b4+1e1ZVv7a3vrUcM0fyyAE9fQ8Z44zxzWlPNcPLSSsaPD1F1N2/0wOytHPeKDwcXk4OPbDEZ/A0Vc0/xLoWvuBb3Ztb89YZv3ch69ByG4BPBOOM4orT6vTqe9Bpo0hOUVZo1J/GNnHuWxV7qQEgkdBz3Y8evTNZFzrmr3rbvNe2iByFjO09+rdeh+nHSuLtrpUcIV8sDuBk/5+ldpZeRPHvitHl4+Z5GwE/Ef1Ff42yw8KeqR/ppCtOo7ORXt7+5tfmtgIWI5Knk/iK0I9W1WTmOWdj/ALLMf61Rkms4jzJ9rl6BY/lQfj3/AFqU2V3Kolung0uA/dBHzt9F6mpkov4kaU4yWiZo/bdexkNeH8WqVL/XmIG67/NqzcRwgQ2Vu9zMf4pOWHuF7D61TnjSJyb+9bzv+eMOCw+uOBUKlHsW6kl1OpS518k5S6A991a9rca7jHlXX5NXEQLqN+rCztIrOzXrNIRgfVz/AEqQXGn6eCBLLrF12xlYwfbu34VhOgnokrnRTrPfWx6bDe66qlfLux9N1W0u9ebrHeevO4V5hJPfTKsuoT2+l238MYTDEeyjn86bFqjFja6VZyXEveSQbiPw6D6msFhL9jqjjUt7nq63mu9ALo/ixxVpbrxAB926UfVq8oFxDaM0upXnn3A5MUJ6f7x6CtCG61DUF3QRQ6fp46yNwMf7x6/hWM8JbtY2hi+mp6cJtbfBaK5k/wB7J/Q8VZE+un5milJ+mMV5rFqtlZAJbK+qXLHAkkBCE/7Kjlv881dkkuMLca3ejToDysQGHf2VBXO8IdccSvP7z0ZH1twCYpfrmrcZ1p+V3j6tXmVvrzzOLTQtPOehkcBn+pPRa0lvLOxzLqN02o3QPMUbZVP95v6VnPDyWjSOiGIjum/vPQP+J1jlzx/tVfgXWCBuZh3+/wD/AF689S/vb6Myt5Gm6aBne3yLj19WqWPX7C1URadG9/cNwJHzgn/ZXvWM8PK1la5vHExTv09T0tYdTI/1mPT5uv60NbakORLj/toOP1rh/tLqFn1q9W3U8rCv32+gHSp49Wu9RJtNHtfKToW6nHqzdqw9hLpY6o4iPW9zqng1XDBLjGf+moH9aoPb6weBcLj/AK6j/GssT6dppLXNwNVvwc7FbEcZ9z3+lWNuq6tH9rvJY9O04dGYbFA/2V6mqUWtdLeg9H3uOe11kgkXcQ7nM6/41Ue11rgi7iI/67r/AI02XU7a1H2bSLZrm4bgTSLlmP8AsrVSSz+zkT65dy+c3zLbo26Rv8K2hKXX8tTKVul/v0LBtdYUf8fduBjn9+v+NQtbauVK/bYM+86D+tUzd6nqrNZaZbrb268EIeF/33/oKgebS9H3lJF1e/XhnLYhjP17/wCelawjLbS/Yz9299bd7j5LPWuf9OgH/bwn+NUJbPWRwNTtWPp9pTn9aglXUNTRr/Urr7DYAZ3SDaMeiLWVLrCxkWOiWzqzceYV3Sye4HYe9dMFJ7Wv6HNOUVve3r+hZntda6HU4FPvcoP61i3UOuhcjWIMegu0/wDiqknt7ewCza1cNNdEbltkfc7Z/vHtWFLJq3iKU2thAsNqv3gnEcQ9WfvXdST30t3scVRLZJ37XIp4dePB1q1Pbm7TJ/8AHqxLm015SQ2r26DOf+PlP/iq0bm50nQEkFi0Orajn57hh+5jPoo/irmZrK7vkfVNZuWtLM8l5eGf2Re3X0r06M5b6W9Dz66W2t/UZLZaw5J/t20x7Xan9N1Z0thqbyEHxNp8X+9dKCP1qte6vMxTTdCtpLeI8Aj/AFkg9T6CqR0+00kibUz9v1I/Mtshzj3Y9v8APWvRipJWdk/Q82c4va9vUtyaVqxJ2+KtL9v9OT+pph0TV2BY+LdC9cf2jGT+W7NYTrqmuzvho4bZM7ipxFCPT3NV5tU07SYnt9GCTyZw93IMjd6IP8/jW8adTZO79DCdSG7vb1NKey1aElW8QWbn1+1qB+eaaIdW5C63av8A7t0Dj9azLfSXeEax4juZbCwJ3L5mTLcH0VapX+uzXzDTdKtjaWoGFhj+8w9XPaumEJSdlrbfQ4600tZXXZXNsxamcg6/aA+90P8AGont9WC7n1q3C9c+f1rFWWw0Ujzil7qxGRGPux+5Pas1pL3XZjPNPstV+/IeI1Hoo/rXXDDvfp6HPLErRa39To5LbUZRhNetD2wJ881h3dtfqzI+v2sZz0M2Kp3niK3soTZ6Kuxc7WuSCS5/2azFjt7WMalrjtEpPyQ5JeQ+/f8ACumlSmld/kc1arG9l+ZauLLUNjMNbidcckSkj86wpLe7diqa9Az56LMST+FRXWq3+v3K2FpCwT+GFD90ermpJ5rDw0jwRlL/AFxh82Puw/WvQpxklZ/F2POqTi9V8PczbqzvocGXWliU9CXYfzFZr2l2+SuuxSnHG1nOf0qARTazK11dTs0H8cp4H0T2qZbywOLSzuggHAAH3q71FrRb9dDzW03fZFF7W63ANfSSD2z/AFxVKSK6jJL3E2Mc89P1rs7a91DT4Ps9n9ngYg7pEGHI92GCR7Eke1cve3EMQdppRKxPIAwCfb1q6NRuVrGdWlFJO5ReKREWR7ybaRkc4rOed2cCN5XYngZJz+FV7i9mu5RHGCSeAo6CtWwsChUnkseT3P0r0ElBXluec056QEt7SRnMrsu/qWJ6H0961Y7WYsALl3Ptn9M9aW5jMYdg6RwIMZHAFVbbxDNAfs9tJESxx8qklvyxn8c0oYltXSInhUtGzWitpI3CSTSB84xnNaf2ZIlHm6ituDyNwYfpis6WaLSIVvL4tLqDjMcRIz+IHQVk2ov9cvDufIHMj9FjHpXfhsXdX2R52JwNtN2dbDZLcA+RqazAdSof/wCJpPslur7X1iKNh1B3/wCFVJdSgto303TJES3Qfvps9/rSafa2wU6tfMYbBOUDDmX3NdcMT1bPNrYSzSivU2X02NIUkk1RREeQxSTB/wDHabDYWU7qsetQyOewSTr/AN81y15rFzrNzHHCjiMnbBEvJb3IrppJIfCtmi/Jc63KOnUR130q/KkurPMq4RTb0skTz2FjZti51iGFumCkmfy21PBZWMyGWHVxLGO4jkx+e2uDtoLrW79mld3QHdK5rS1PWUhjOnWLCK0j4dh3PoK96hjGmop6nzmKwMWnJrTodfFBprkL/baGQnGNkh/9lrU/s+GAKbjVfKTqCUf/AAritEaOxt31fUSFTGY0Pf3+tU7jW7vWL2JFGZHbEcfXaPU19BhMwV/i0R8ricsbXw6v1PWLCzt7k7bbWDOc87Y34/StZRp8Egin15YXGARsc4/SuHl1qPw9ZxaZYssmpSjlgDn6/Trim+G7eTWL4lmD2kLZmlPRm64Br18NnVlzOWh4GJ4fcpcqjqe1Wen27QC7/teQ2g53mJgD+ddBpjaLPKkcGuzyynoFhY14nr3jFL2UWViyR6XB8pIJ/eN/hXf+E54/DukzeI9YQrM6/uY8YPTgD3NexQ4hcI8zep4mI4WjObjGOi3PX0TS7BkW912a2JHGYWzXb6Na6XqKeZZ61fXCLwzCAgfnmvlyK61rXNXgtWcjUbk7io6Qp7/hXq3iLxM/hrTbTwro1yq3zp++kGAUXuT7mvWpcWSi0k9TxK3BMZJtxVke86fd+EVmEM3iu4S4BA2rblsnpjrivTEs9C022ivLvXNTtbZsbS1uBu/DdXx98M4bnU9Tk1a4nzplvkhnVcSMO4PoKs+LPiTqmu6jKba8k/sy3byYBsHzt69O9ezQ43any3eh4eJ8PounzOKu9j7q8Mjwzrk5tdJ8R6ve3QGTGLXBA9Tl6677T4P0m6ez1XxVq9tcI2Cq2ysQfwkr5S8L+I9S+Gngi68QajdhNYukxEuxdxYjhRkdhkmuA8O6p4t8W+I7DS472VtQu2864cxr+7jzyfu17+E8S1G7k3Zeh4eM8KHJJKK5n6n6baRZeH7mxOqW+t+IW09Rlp2tVVBjr1lro9G1H4eX1xBZ2/ivXri7dgiKtipDMeOP3nNfCfxW+JuveH0sPh1ousPDHFEr3hEaZjXsD8vU9T9avfAXXPFV3PqHjS81fyNGsAwheSCIgsBy33ewr2ML4vQhHmlzfgeNW8FJyqckVHz3P0ou9N8G+HTbnXtf8RWBlG5P9EjZmHsBNXongzw34I8Y+Y2ga/4r1Dy1LSE2MaBB9TMOeOnWvx78T/HPx34l1HVfE7a6/wBjMn2TTIfs8XzYOMgbOf8A69fV9t8X/H3wW+DFvbwa3nxjq3yRj7LFv82T/gHRVP5179DxuoRS5ua/y/zPGn4B1ZyduXlXr/kfcDS/BuwupbS78W+LxdRsY3EenRuoIPQnzx3r0weEfAWn6ND4gv8AXfGNpo8gBWV7GFScjI4+0d6/FzwZ47+JWveOfD/hOPX5JgG+16jIbSA4A5xkJ+hr1b4/ftKfEe88R6Z4G0rxUYtI0yIT3uy0t9ocjhSdnYcYPrXsU/HvBRaTU/w/zPLl9HLEzV1yfj/kfVH7Y0/gG7/Zb+LM/gG98c+JPEtlb2WoLbjSl2rDDfW8k0rlJXYJHGkkjNtIUIWJABI/EFNTm0q9klsJQl1aX5khbGcMkhKnBGD0FffXhT4ifETWvgN+0D4s8Q+IsaPeeF9X0+ONrSBQ0BtJFfBCZwd23IIxmvzc1O7jS61s2z+fH9ukKgj7wL5H86/l7x04vw+eZlSxVHm0hyu9ujb6ep/UXgfwPX4fy2phK1venzK1+qS6+h0Xxg0y38P+PNXhW5e8ie6eRmfGVklxMRxxgGQgewFecKpE0qruI616v8ahHqeq6Hr8Jge81DTre6vmRsq9wQYyQB8qjEIXCgD5emSa8hSQmZWJGSvbvX4FbRH7rJdS5WPpEs7eNPBypJmKPWo4FjU4O4vG+T7EuPyqWe8WO4jhLDrmqk17/YF9H4jtY7eTUbHUbW8RJASjFckbgCCQSgBwRQk7OwO2h+0v7O2oJYeFUnv2SK3h3eYSeFAJ5PtivnX4pfEC68ceL7u8Ekv9kxylbeNjwoGRkVWHjtvDfhTVPClrcJFfTzNHJ83zJHnn8+n0z615hEzsUkBJXrmvxTi/GOc/Yr5n9j+AfDKp0XmVRavSN+i6s6AOO/FSC5j7FgfpWck0YGCwFelfB/wLJ8QfG+n6PgiyVvOuG7CMHJGfU9Pxr4SnhpTmoRWrP6bx+Z0sJh54ms7Rgrn2l+yz8OxpWmSeNtUhZLq6GyBXXlY/X8a+yXuVONob3rC061tdMs7XTbWNYbaFAkajoAK0K/VcBgo0KShE/wA+eLuI6mbY6eNqPd6LsuhcW6wRkHbnmuL+Injyx8CeFNU8Q3DK0saEQoePMc8AD88105KjkkY9zivzP/aa+Jsvi7xGfDekztJodixVip+WWQcE/wA6582x6w9Fy+09j1/Dfg6Wc5lCk1+7jrJ+Xb5ngut61e6/q1/rF7NJNcTyGRmY88npVJFLKDkVRTzNq8Y4/KrkMixptdgGzmvyqV27vdn990qEadNU4KyWiLdvY3d9cQWdlG9xdSOEjjUZLsTgAfpX6z/CDwHZfDrwjaaasYfU5VEtzJgZZsdM+2TXyt+zB8N4tTv5fHOrWzPbW5K2SsODJ/f/AA7e4r7xr7rhjK+SPt5rV7eh/KHjfxr9YrLKqEvdh8Vur7fIsef2Kk++aaso/iDMPr1qGua8XeKNN8H6Df65qcyRwwoWVe8jdgK+urSUVzPY/nzDYWdarGlSV5SdkeHftK/FY+FvDcfhXR5fL1W+yszKfmgj6/rwPxr84Gl8wkhmLE5JPetzxt4z1Txx4h1DX9Tdt8zkoh/5ZpngflXKK5GcsRX5Zm+Pliarmtlsf3x4d8F08my+NK37x6yfn/wNi75mz5mY4FdX4N8Oal4316x0DSUZp5pFVnK/LEpONzewriWYv8i7nYkAAAkk/Sv0l/Zw+FjeD9CPiHVoQNYvfnQEfNFEQMA/rU5PlssTWUHstyvETi+nk2Xyrtr2ktIrz/4B7/4H8N6X4J8O6foOnxBFiUeY6rgyP3Y11Zul7KapUgz3xX6jSgoxUY7I/gXF4qderKtVd5Sd2y/HdIpZmUjNfnX+194/sPHdtN8MrO9mh05XDXE8IBYSL/CAeMV9L/HH4nWvw88LSiGVW1u6Pk28an5lyCS59hj9a/LKe5udQvZ7y5dp7mV2kdj/ABMTk/zr5niHOZUkqVJ+91P3zwa8NaeNcsyxsf3a0iu77/I8zb4U6dcC9afxLqqS3IKztHaW6tKM/wATBATTE+F2kjVH1STU7+5uAFSLzFBMSgY2/TAr0/ypP7v617X8DPhfP4/8TGe9idNBsmWS4YjhznhAe54r5/D5tja81ThLV6H7tmvDuS5Zhp4uvD3Y66vr0E+E37FukeLDpXizUZL7wloQnjvUtrOTDX0iMQrPkEqACcEH6ivtTxT8JfCsGsQeM719SvZLWAZt7q4M9uGUACURuCBJ05BHQe9e5WNvbWFnb2drGsNvEoRFUcADtWTr0dreW81jcN+7kjKnjsa/TMBKpTjGMndrqfw9xJmNPG4qeIjFRTeiWyPn7wjpHhzwh4V+zeH57u506WSS4DSsGfexwckADtX5I/tdXN1ealqckswLDVII0UnkEpLk/TAI/EV+pdxZyeDbDXLe8lMWhxsZop5DhVHJI5r8X/i94zXxv4/jkhk8zSW1STZxw4QjDevRm/Ovo8vxF6yV9WfNYnLKs8NKsl7kVq/mkjhNPCBbpxKJz5zIXxjeF+QH8lFX2J2OR1A9elYqyQWmnQyQkCOSR5Bj0Jz/AFq8J99sX/iYdK+hasfLWSQxnVYIodpeWVto9Bnua9dsrnRbO3tX0pybl7Nhf4Zz/pCTyID83A/dpF93j8d1eRxQyXM1pEsiqcqo7YJ//VXd+I9ZD6rPIxaPZpVjCVZGVkkS1jV0YMAQyurKRjqK6MK7TMMQ+anZH9Bv/BGTwp4F1Dw78ZNa1W0l1PxXrGr2GnRxXVwRbRWtnp0MimJEUP5rSahc7yWIISLaFIYt+j/xU8deAvh7rs3hzU/hRo07ou9ZxdzjzFz1ALdK/m1/ZXn1Sy8Cat8Q9BE9rqmg68jiIow+1WgtLZfMXgZXekqkgkZVh1Br9GP2kdD0n4o/Czw/8a/CUUN9LbRRy3UagHdCfvgj1U9a/ubw18TqeX5VQwypvljHbnaV27t2Xc/z/wDEzwUnmWeYnMZ1tZP+W+iSVt+lj9Jhb+Atd8C3HjnQvA/h3UhHG0j2fm3KuAo5HEnXGT9BXz1pnxS+FWua1p+iX3w70HQY55RCLkz3MioTxlh5gI/Cvzn/AGffHtt4U8aQeHr2VD4S1yPNuZMFIp+yjsM8iuN+OHw+bwL8QLixtAY9E1TN1p0o48l+pTPbB96++XjOm7ezf/gbPj6fgYopTjUv393/AIJ+rHxivfC/wmubK3uPhf4Q1/T7pd0Fysl2gb2I83AP41yngHUPAfxK/tFLLwR4J07VLZN/2OU3eXX/AGSJea+Vvh/eWfx8+EOs/D7X5kXxrpa+XBLJ99ZFHyMCecHGDzXyD4Q13xB4D8SJ4mS2KapotwbbU7Qj5pogcNxn2rkn4sc1/wB3r6/8A9Wl4Ox0alo/7v8AwT7u8RfFDwZpOs3ujap8IPC1jJBMYpSJbouAD1CmbFanje38MaN4QtvGui+BPB/iLRZY1kZkFyrRg+oEx4B4J7EV4J+0x8NtM8QeEdA/aB8DxRajoFxFGupxxjOxG+7L7YOVPuK8e+B3jG1sdTuPhd4rkjufDmrK39nyS4K7mHKH6/zrhl4mc6vyfid9Dwq5JODl6aHuHhrXvA/jPWIdEu/Bfhjw/dzqTAcXEiSt2UEzV5H8S7m08I67caDefDnwxv2mSOVTc4mTsVHm/pXiXj7wJqHgDxlf+C5mmtLhZDeaFddC2DkJn1HSuwv5R8c/AMiMkVt8RNGJEiN95nHXr/C3864Z8fJ68v4nZQ8OJL3ebX0I5rPSNc0GfV9G8PaDNPHkS2xWYOjAdP8AW18/T+IdKmu1juvDuiWURbYXUSnafcF+K5+z1W/8L3w8R2schsDIbbVbQg5hYHBO3sRXP/FLwzawNH4v0YJNoN9gzhB8sbH+PHYH+dcc+M09o/id9PgZreX4HUeJ7i30ZUlXQtFuLST7kgEgA9j89c/p13pGt+fbw6fpdrqAX5Y3V8N9DurzHR9UhuYp/CWusJIXX/RZT/EOwz6jtXnGp299oOqtbGQxXkJ3W8o6SrXmYrim/vKOh6dDhRxe56xqHiFbG6uLS50HS4XjOHUq5YD1GWqvqGrQx2P9oWGnaNexEZYGJsr/AOPVxWqSW/jXSRqtlGsPiC2XbPHxmUDsfevNrHVjpUxuMGTS5DsmU8+Ue+RXg4rPne1tGe5h+HeqZ6hH4otbuQRXGkaJCx+6TE+D/wCPCuS8QeJobKcW0ui+HUB6MqOCf/H64rxNp6WBS+tSH02blXH/ACyY/wBKyob6PWYm0fVW2XIGYpPX0Irw6+bzfutan0GGye1ux0E2p2d3ayz2VtpUs65DRFTkf+PV5+/iW1aZUuLKwhj3bWKqSV+uTVZorzTryWPiDUoeQv8ADcpVXVLOLVYW1nTFC3CjFxD3z349a8TEYub1W59HhMuhHct69fPp8cVzBaabcWT/AHZQp49jzWNZ6xDemSIRWUFyOQrJwf1qtpOtQWQazvgbnRZjtcEcwms/xHoMuivHcQSmTS5PntrpDnZ/smvPq4mVuaO3U9ihho7S3K9zr0kN1Lb3WnWabTk4TnHqKmub0fZftmnwWFzH/EDGCRWV5sesKttdsINTjGY5Mfe9x6j2rEiu7rTLyTEZjnH+thz8sg9VrH60976M9L6slojftdegnlWK4htLdmOFYICpPpTrnVbqxnEc1pYvCx+V1QDd+Nc/eWcF7G2p6Zuki6ywY5X1wPX2p1lq0Dwiw1IGezY4SU9UPoT2+tdNLFSTtL5Mbwytoj0bTr2C9tnawS2a7XrHIi5+nSqUeshp2juoIYQpwxSNQV+oxXFypdaTPC8czxj/AJZTjoR/daumWe219TGQlhr8Q+6TxKPb1FevTxrenUx+rJarY6uP7N8h2+ZEx5kAJwPUVuyRWEW82F5HcRIAR5h2sx9ADmvKLPU7nTZ5LeWMqoOJYT291rppbid4EvdOuVnturKcEp+FdlHHJrbU55YV7o6gvHcIA0aiT1DcGqa3LWknzQhl7gtwaoabrMchRbjy4nPCyL0J9D6VsTqtwjKoBmxkr3HuDXWq3Orw3MXQadmW7XUoZlKiNOTgNuGVPvx+tadrcQK8a3FuYoyfmYNk/UetecSxXFpIJYiwrodK1dZMRufKbuOv5Dv9K1o47VRluE6CtdHoAvrWFXlgWGVFOArsAzfQEGtiK+a6hWWwt7dpscxMiZP0+WuatlguFACI7nnH9R6VJLaXloBc2srPbA5JA5jPuK9ilXlutjinTR0+n68BKYb2ySEZwXCLlT7jbW/cXl/bhJ4Le0ubNsESKq4/H5a5y0ns9XVYr8rZ6iOI7hfuyezVpW0t9oc5t541Mb8mM8pKPVT616lCcmr30OOpBHS2upyXK+WiQ2l2Puq6IVf6HbSr4gvbOcQ39jBjviNAceo+XBqtDb297E0ml/PgZktXOGU/7JqeO+t50a11OOWaAH75H7yA+/c/WvRjOSs7nK4rqjbuL6+lt/tmk+VeQD78flpvj/DbVWx8SmUGKdBaS9A+1Suff5eKy5LW80eRL6xnaa2PKTR8jHow7itWJNM8QlU/d6XrLdM/6q4OOmex9q2jUm3o9e3+RlKnH5Es2vatp0wa6tIZrc8B1CgN+O2t2DxFLeRsdPZDOBlonVAR+lcukd/pUr2N3bsyfxW8vQj1Qn+VNfSklBu9JaXcmC0JOJIz7VvCvUjomRKjBq9jsbLxf5chg1G1aB/7y4BT6jHT3rSn1zVLdRcwGK8syMh1A4HvgVwUV9BdKIdXQkrwLhBhoz/tD/IqyialouLm1nSWzfkOozG/+8Ox9xXVTxs7Wb0MXhI32PRbbxQL+NYopzY3pHyiRgUk9gcVD/wlV/p1x9n1O1c56FWAyPUHoa4wfY9SJ8sJpuoHkxPzFN9P/rc1owXV1Gh07ULVtQh6m3kOZF942/iH611RxtTv8zleEguh2T69qNxGbnSLlr6IfeTPzp9Rim2njPz1eC6mnsJs4EgbKA+hBHFca2mSpnUPD91PcIhyyA7Z4PYjuPapI9QstRBXWIxa3Q+UXca8fSRe1aLG1U9XZ/gH1SD6HWXPijWtMkSW6Vrq07SK/wApH1HSrH/CT3eoIDpeoTLPjJt5W5/A1yi/btGXCtBLYP0JO+3lH80P6VBJYWV+ymwY6bqGci3lbCufWNx0/D8hVvGVO/yIWFhu0ddbeN54Xaz1Vb60k/56RyEFfcr3HuKfNr2uwr9rtLx9Wseu+OQnH1A5FcW99MhOn69ZST4HykjE0fup/iHuKdDa3loTqHh6+e6h/iCD94ns6fxfkDS+uzfX/NGn1SHY7iLxbJqcaxw6ndaXe/wrLKWjlPs3aq7eKtZ0mXyNZhuzE3RklZSfdTnB+lckbzSNXBN8i6Vetx9oiGYpD/tr2Pufzq8tzquiQra30NtqOktgKsp3wuP9l+qH2NUsXN63/rzRKwkUrWN+XV9Wu1a60TV59QQctC0h81PqO9VY/Fn22JrW9vdR0W7HymZJGZM/7anlf5VmnR7HUnWfw1eSafqo+YWVxJsc/wDXKXo30P4kVRuL5mmay8VadN9qTj7RCvl3MY9SvRx9OKmWImtb/wCX/ALjh47WLF5qHiTSCLi6nk1LTW6TxXDFGH+8Pu/iKpy3t3qaj+yddvobsjP2WeYgt/uNnBqSKw1XTYn1LQL1dT0sn53t13Ae0sHY+45qg8Wiaom5xBolyzffX5rSRv5xn8vxrkk3s/69GdVOESqdcv7dzZ6xJrFpOP445nDD32k4I9xVCaTxDCPt+n6lJr+ng8lJGZl9mUHIP54rduYdU09I7PWrWPUtPbiMXD5VvTyp/X0DYNZH9jh7oy+HL+5t9QUZNpM4iuAP9lj8sg9jx71yThJuzv8Ar/wTohBLcpNqMeroqwa/qWhX2eFmuGaCQ+gfOV/GqtxdeItEZYdZTUvJfhJorl13e6uDtb6cVZuLm1u5Xt/EGnS22oD71zbx7JR7yxH7w9xn2qa3j1rSbRpNLubbW9Cb76BfNhYekkJ5Q/TpXPKLev8AXzRrGOn9fmc+bjxDM7TaH4l1O+dRlreS4ZZU/Anke4qGTxVqkyvZ6lrXiPSLoDDN9plZAf8AaQnIrXNv4e1dVkt2Hh29z8iyOzWzN/sSj5oz9ePanXkN9b+XY+JdNTU4CMQyyELLj/plOvyv9DgnvXLKM909Pw/zR0Ll7GBFf67pxM91NcatYEczxzuwYf7y8r+Iq61xLfbH0rXLuOdvu29xKQXPorZw30qKLRJYZpJ/CmqzNMPma0lURXC/VDhZMeoxVF7uzmeS31ayfSroH95NbxEqD/01gbn8R19awi5RVn/XzL9mm7ouHWLiJxZa3HqVjcdBLDIwb/vgnDD6GpETWED3GmXv9vWg5fYzb0H+0n3gfpmrAhvUsg6/ZNb0YDJIJnhUe/8Ay0iPvyorNWysJZIp9Mvn0i9J/drPKQjH/pncL/Jvyo95b/1/mZqmmRNqaXQLRaje6XOeNsrloifTd/D+NTf2lf2irHqkMskR+7NFIVz9GztP0NWLq8lSX7J4w0WS4kPC3KFYbj8HHyS/QjNOttAupFkk8JamusR8tJZsvl3KjvugY4f6oeaXvdHr+P3DcYrR6FWOW7d2fTdQN53MMpxKPwPX6g1E2oxXBMVw9/pV2o5KlmT8VPI/lVKRbR5HgurWbR71DhgEJVT7xnDIfp+dSytqEESG7t4NY07qJdxcL9JF+Zfxz9annZSpIvpd6hbRb54odUsW/wCWsTdB9V5H4iog0N2Q1hqPkzkZENzj5v8AdfofpVK38h5BLpd9LYXR6RzNgP7CQfK30app3HmNFrOmvbzt/wAtogEMn4H5H/D8qnnbQ3BJktxcy2rrb6lZy2bnIDrwG+nY/gTVxZbG7sxEtnb3FwpB82OQq4H+0h/nxVe0N5HHJHp11Dqdj1e3dNxUejROcgZ/un8KqyWmn3StJH52j3EfVkLSRIcdxw8f4jAoTa2/r5hyrYxtStYZXAtlkkj7rJgkH8KKfqEF9BD5mp2UGqWJGEuI33A/SRf6iiuCotex1QTtoX7bUNPtHWK2gn1W7bgPOCFP+7GOSPrXQnUJ2KHWtQFsg5W3TDPj2jXhfqar2tnps1gz6fcnTbduTKiEPIP948n61zu7wraTeULxr+4LZ/eSbtx9wnX8c1/l43GeqTP9DlGUEldW/D/M7qy1sys0ei2TIRw0pIaQf7zn5U+lWW1nT7Vna4vjqF0fvJC5x9GlPP5YrCu9JjuLWGTU9VbRtKxxGu1AR/unA/OrOhan4Nsp1h0kpf34+7LIDKy/7Q42D6gfjXHNR5bxTf8AXVnVByTUW0v67HTRHWdQtPP/ANG8PaKefMkYxI4+v35D9BinxvpFgYza276nMT8s1ypVCf8AYhHLfjmuR1bVbSO9e81XV5pJDyDLKox9BjP5VtaFqWm6jDKNMmJY8GVVYsfbcwyfzrGdNqPM1obU5Rc+W+ptXclzclJNXvDbx/wRnlz7LGOB6dyKgt7x2kNvotk4m6NIQHl/E/dSqDz+FNOlY6prib2OGDyF3J91QZ/PiuhubrSbvS0OmzXNppxHUKIQw9TkcD9KxqPltZO3pob06bbbur+upQMFrDI0mpXT310PvQwvnafR5D0+gq5FJfXsRFqINP09eSwPlxr9W6t+HFZGn6t4PguooZdQgupd2Ai5mLH22jb+I5rudVk0G3eK+vtQmt4wPkSR0RFP0YHn9axq1HGSVmbUcPFrmureplQ21laRxzrF9rYn5JZ12xk/9M4+r/y96uz2s0xS51q8aygJyiyjMjf7kI4H1OTUmk+I/C93dSiyvFur7B/eRq7sP+2j9vYcVSu/+EfsriSXUdScMxyfPny7D6KN2P0rByk5WkmmdSpw5OZNNfgTx6hIJDa6BYSRzsMGV8STsPUnogpPsNtBK82rXE2oXp5a3gfcQf8AppKen6fjXSaVcaHqWnSw6XPNFb9GeFNmfxIrDkuvCWnbILi8t5yp+4ZDLk+4Ubc/UVlGs23FJp/iaSoqybat+BIlxfXkZhsooLaxUfMIyY4UH+3J1c/TAqudV0vTQjW4TWLsHCyONsEZ/wBlR94/T8637+20/U9PiuZ5Z7SwAyoeQRqR7gjFYlhqfhaC8it7J4rq8Y7V8tWdifZj/SphNNN2eg503Fpcy/rsiKY6jfKt7ruoGxtM5QSDDH2SMdPqcmrVvrqxOLPQbSSOVhjew3zv7+ij3NaGq6ZocEy3+s3ZiZhkLLNt49FUc/lV7w1f+HNSml0nRYp3lYYLQRMuPfcRnPvUzrx5OdRul9xpTwz5+XmSb+8rwm1s5Gl1q4mu75vm+ywNvc/779h+Xtmtm11bVNaU2mnQwW2nqMMsTbYYh/00l7n2FR3enfD/AMNNImuarCbjduMBkaZyf9tE4/76retI/DXjLQ5dkup2OgxcEqggRsdhziuCti42U+V2720+R6WHwjvyqSv2vr8zOj8Q+HdFA8hoNe1BekrDbbQn2HVz/nIrVSbUdXRdU169Gmad1SSYbSw/6ZRf1PP1ripPEPw18N3MY0zZc3CtjzV3XEgPsx+VT/u1v6jZ6NqUMPiPWLzUrG3C5U3N40CIPwIwfoc1E3ZqTi1fq1r8kVR1TSknbonp82a7a3Dbk2mhWklsZBjznHmXM/8Aur/CPc1Qkgt7N/M1ueU3Eg3CzhctNL7yP2H6VzunfEDwTZXR0vSJtS1G9k+UPDG4Ue+5/mb6msHXrvw3pE8s99qd0JpTvImupGZj/uLgn8citqVGXPy8rV/vZFXEQ5OZSTt56I7p9Vu9UzY2MESW6ceRAcRR/wDXST+I+wrKn1PS9LJZWg1i/Tq5+W3tz6Adz/nIrgLDxfZeJY7jR9NGttCOHeLMSIPTg8fSufvNf8K+GZmF5qk81xHnMUUj3Eq/XJ2offrXoUcG78rTv2OCtjU0p8yt3/yPRpn1DVy1/qN41lp6nJnm+UAekadO3X+dZcuvJZx/Z9BheAPx57jdPOf9lev4/wAqwxrWi+MNKGsXD65p2mQj5HuJ2iRsd+vP1zXAz/Frwd4bnCWUuqX7s2wNbxySbjnp5jkZ/AmumhQnO8Ywba6dDlxGKhTSlKaSfXqeoCzjtMT+Ip5klf5ksom3Tz+7n+EVmX2tapqx/svT4Y4rZcAWlu2Ik95pOMn2/SuC8Q6/4dtbYa/qU+oad9o+dheXkqlT6bFb5j0+XmvLpfjdpl5OfD+gW+uzCQlS0SGJfcgAgge5FehhcBVqrnUW7fcjzsTmdGk+SUkr/ez3G61PS9BZi0kes6ymCSeLe1P+Pt1+lc0JtW8TyyahdXkkNgmS13N8qIvpGvQD3rxq/wBe8N+GH87X9TmikPzraJJLPO30TJC/U4qxp/xGs/iOj2Gnabr1tpNt8zPJM8ca47sQ3WvXhgakY+0jF26yf6HkyzOm5+zlJX6RX6np1zr9pp8X2bQ2lhjf5Dckbp7g/wDTNev4n9KozJDp8Ju9enlson+ZbNJC1xcn1kbr+H8q8S1n4o+GvDFxImlXd3d3UXyyS2/mTOPbzWbgfQ1taLd2PiexPi7XZL7RNJQZM9xcyR7hjthhnIrtlg5wh7SSai/vZyf2lCc3TjJOS6dEds9/rXie7i0rTbSQx5/d2VuSFQesrdAK1rptI8FsouZYfEvi0AYhU/6NYn39SK8nufj74b0Vf7A8F6Zqk0ErbDPGrJ5pPUgk5P1rJ1LX9K0SFdSvAlnLL83lzzSSMSf9gsQfyraGAryajODjF7Lq/U5auaUEnKE1KS3fReh30p1vxLdyX97fSsOS9w5ISIeka9MVnXGsR2cUlpojSRwk4kum5eQ/7PcmvM7b4lTa/c/2Nb2eq3SPjIO5AB+DdK1bvxRpfhaUx3zrJqCji2ty8sq/7xLfJ9M5r1YYScWoOOvRHkyzGnJc8ZadWddHp/2eA3+tzzWdkTlYdxMtwff/AAqlfahqWrSJZW0csdv/AMs7WM9uzSHsP0rD0rxdZeL1ub+9025htYOkkszKp9uGrPn+JmkaWJRZw3U0CH5vs0JEefQuW5PvzXRGjUbs43kvuRk8XRUVLntF/ezsBCujOqtJJqeu7cqobEduPUnt/OuaktdT1m4kmF9I+3ImvWJEUI7pEO9PfxFpcmmnXLywGnpJ83+kOfm99uefpiuTk+JkV1cRaZb6dNeRP8ijYUXHoBnOPwrShRqu7Ude5zYjF0Y2UpaPY17zxNHplvJpvhuaaCLOJrtmJklPtWfaafIkR1HWJ7i2ssbhGWJeY+rd/wAKfqGr6PoKRzfY7C2umG4II90g9hzWNaeM18QTyWsmkCVVyxeUHA+vPFd9KEuW8I6dX1PPq4qPMozlr0RYvtWvtUlFpbiSK36RQp3Hq1a2m6e9oGl+0CS4HLyEnbF7L6mshtXRVlaJLOw0wZDyKmDMR2Xnn619vfsh/sQfGP8AbAlt/EkIj+GXwPjco2uTwFptRw2GWyiJ+c9f3jfKMd+K7cPhKtZ8lJWRw4rH0qC56r16HxhqetmBDHHPOE7kscvXFNeXmoTeXFLLj/eOAPev6nPCP/BLf9iDwLai28V6Lf8Aj/VCAZbjXNUdiT0+VIyoUe3Ndwn/AAT9/wCCe6Dj4R+D1PfF5cf/AByvosPkXIt9T5fEcTqb+F2P5VdL0yZMDe5YgbiT1+vt7V0QkihhluJLl0tUHzy5wX9lr+o3/hgb/gn0AQfhP4PI6f8AH7c//HKD+wP/AME9yu1/hJ4NKDsby5x/6Mrmq8OTm7uf4G9PiuEFaMPxP5P77UbvVJUjjWcRE4gt0Jy3ua30hTwvbpc3DG712Ufu485EQ9TX9UUf7Bf/AAT1iyY/hF4JTPXF3cj/ANqUsn7B/wDwT1kIM3wh8DyHGMtd3Jx/5ErR8PN+6pe6Zw4pinzOGvqfyg29rqut3zkXM00pO6acsdsY9BWpf6mtjH/Y+l3DxxL/AK+fPJPcA+vvX9Vy/sK/8E90XYvwj8EBfQXdyP8A2pTP+GD/APgnju3/APCnvAe7Oc/abnP/AKMq1kLb1log/wBaI2soavzP5WtLsXMH9oamZINJjG6OMkgzn1b2rI1DXb7XbuKKIzPDu2wW69XP0r+sBv2FP+Cez53fCLwM+eubu5Of/IlMj/YR/wCCecR3RfB7wJE/qt1cj/2pWlLJZJ8zlr0OSpn0ZJRUbLrqfzBReV4IsFuLk/a/FFyNqgnK2w9B7+prlxc3OoXDoJ2ub2Q7ppecRD0r+qh/2Ff+Cesn+s+D/gST/eurk/8AtSgfsK/8E9FUIvwe8BhR0Aurnj/yJWmHyucNXK7Mq2c05u3L7q8z+V3UtYWyhGkac5iUD99KTyB/iaqaRaPeOLq4SaLTouVBzmT3+lf1Vn9hH/gnkX3H4OeAS3r9puc/+jKkH7C//BPcdPhD4FA6f8fdz/8AHK7Fg6ijyqWpxvH05SvKOh/Kdf6zJqcu7959mQ7YIQeXPqR/SugsI5NDsX1K5jebUpPlRf7hPav6jV/YU/4J5qSV+DvgIE9SLq5/+OVMf2Gf+Ce5XZ/wp/wEU9DdXOP/AEZWyoyS5U9DnliYtuVtT+XeOyu55Utrab7Vq8/zXMwOVt09M9q6PWNVj0mzh8M6O5gGMzzMcEjvj3Nf0zr+w5/wT6Vdi/CLwKq+gu7rH/oykb9hv/gnyxDN8IfAbMOhN3dcf+RK2ippq70MXOnZ8q1Z/ND4M0b+07+G7nhkGkQfMgYf69x39wK6a78SNq2pNdT4Nhanba23VpH6bitf0dj9iH/gn8pyvwl8EI3TIvLr/wCO0q/sQ/8ABP8ARjInwm8EI3qL26B/9GV0KtO/MzldGmo2SPwI8Nu/hTRtU8U6tC02rSgkIRygP3VP8zXK6euqeJ9QZYWa41S8ffcSZ+W3jz3PYV/ROP2J/wBgQAr/AMKq8GAHr/p13/8AHaVf2Kv2BVG1fhX4NUegv7v/AOO1pTxc43b3M6uEpysraI/D3xZqq+GdB0rwlpIa2SdR5sxIGI+5z6nmpvhv4YfXtbtL2a1kj0C0wYS4wLmT1GeoHrX7gN+xd+wS2M/C7wecdM393x/5FqRf2NP2EFIK/DPwmp9tRvP/AI7VrGzUbLcTwVJzUmtEfi54r19PEPimc3UjRaNphMNtbD79w+OWCdyTXvXwy0uX4c+DfEXxI17TXbxDNEZYbVlJaCP+BSOo9T6Y5r9Kx+xz+wmrFx8N/Cwf1GpXmf8A0bU4/ZB/YbUEL8PvDiA9hql7/wDHqVTGVHHlNKWGpKXO1qfifpVh4h+IustZaRb3GseJNUuPMupVUlLdCeSzdFUZ6mvqT4wRxfD3wD4X+Gnh1GhiusR3d4Bhdo++d3Tkiv0Og/ZD/Ydtg623gDw9bq3UJqt6ufrialb9kT9h4hVPgHw+VByAdVvuP/I1U8dNtdkZU8FSjFq2rPzi+E/w7uPG3i7QbmPTZk8D6MFEcrLhb247bc/e57it/wCK3iCa7+KmojW4biCx0KHyNOtGUhridhy4U8n8M1+gg/ZP/YmBQr4H0UFfu41i++X/AMjU9v2Uf2KHkMr+CNDkl/vHWL4n8/Oqlj53uyo4Sko2SPiT4PaHqvgfwp4x+I3iLSbkeJLyNriG1ZD5ixD7ilcbhk4OMZ4r5dsbfxB42N3Yada3up+MNYvS9xtQsYVJ53nHygA9xX69D9kz9iRXLjwJoIc9T/a19k/+RqB+yZ+xIAwHgTQQD1/4m19z/wCRqFj59RSwlPS3Q+R/jLoU/hL4GeH/AALo9hJcaVe7LC+n2Zh8rH7zecFcMcgg8ECvydivI4Jbi3d7nzQcu06lH3glX3KeQd6vxX9EMf7K/wCxdEgji8G6THGOQq6zfgD8POrn5/2Kv2BLq4lurn4UeCri5kYvJJJfXbM7EkkkmXJJJNebiVKq029jrTS+FH4ea9qunX/hLRNPgEMurWnnh5QB5jQ7lZVLdSqtK+B0GTjvXngcosDElgAQ1f0Cj9ij9gJFZB8JvA4RvvL9tu8H6/vab/wxR+wD/wBEj8D/APgZdf8Ax2vMeWXd0zojitLSP575J7W9kUrsBUgZ6Ec1U1mB1t9bDP5gNrHKpJycI+P/AGev6Gv+GJP+Cf2c/wDCovAmf+vu6/8AjtKf2Jf+Cfxzn4ReBGyNpzd3XT0/1vTgU1lr7gsV5H44Qa9DrXiXX723lMtpJN58D5yGiY/KQQSOh7V6JbTfuxwCtfqgn7Ff7AcWfL+E3giMYAG29uxgen+tqb/hjX9g0dPhb4NH/cQvP/jtfnWY+GUq1RzVX8P+Cf0jwr9IKjluGjh/qzaX97/gH5YoTIyooYsxAAHc1+o37OHw5h8F+FI9XvYtmtX6iRty4KJ2HPPvVtf2OP2D0YOnww8IowOQRqN5kf8AkWtcfstfsXgADwZo+AMDGs3/AP8AH6rLPDN0J+0lUu+mhy8ffSAlm+EWEoUXTi/i969/LZHt7S5IKkGpI3ckAnA9K8O/4Zb/AGMf+hO0j/wc3/8A8ep3/DLn7GP/AEJ2lf8Ag6v/AP4/XvPg+X8/4H4p/rEtuUPj78SE8CeEJbeCVV1e+DQ24JwRkHLfgP1xX5cyzSyySzSuXkYliT3Jr9Nrv9kf9h7UGV7/AOHvhu9kHQzapfOR+c1U/wDhjj9hD/omPhL/AMGV5/8AHa+bzTw0rYmpzOtZen/BP2vw+8csJkWEdGOFcpyd3Lm3/A/NPzQOuM/Wuz+H/hG88deKtM0K0Q4kbdI3ZEB5Jr75/wCGOP2EP+iY+Ev/AAZXn/x2rlr+yP8AsO2LmSy+H3huykIwWi1W+UkfUTV51LwhkpJyrXXp/wAE+wzD6VHPRlChhnGbTSfNez77Hs3h3SNN8MaLYaJpapFa28YjGB97jqa2jc4BJYADv6V4f/wy5+xj/wBCdpX/AIOr/wD+P0n/AAy5+xh/0J+l/wDg6v8A/wCPV9jDgyUUoqat6H814jiqdWo6tRNybu3c9u+2oOTLHj61+dX7SPxWj8WaxH4a0W5SfSLNiJHjbKyS55wRwRwK+pG/ZY/YtYFW8F6KykYIOs3/AD/5GrJP7HP7CJJJ+GXhJjnOTqN7/wDHq4c04BrYin7ONWy66f8ABPr+BPEbC5Vi/rmIoOpJfDraz77M/MrzPanBmbOFJr9Mf+GOP2EP+iY+Ev8AwZXn/wAdo/4Y3/YPP3vhh4QP/cQvP/jtfMrwgqJW9svu/wCCfuf/ABNdR/6BH/4F/wAA+Yv2dPhefGPiBfEGr2x/sGxfcN/SaUcgD1wcH8K/SxZIo41SMKqKNoA7V4Hbfso/sT2cSwWngXQraEZISPV79QPoBNVn/hlz9jH/AKE7Sv8AwdX/AP8AH6+lyzw8+rU+RTu+rsfhvHnivWzzF/WKkHGC0Ub3se2G4Y9hmqGu69Z+HtEv9b1GVIbW3iMjkn/PevIv+GXP2Mf+hO0r/wAHV/8A/H6rXP7KX7E95EYbvwNoV1CeqSaxfsv5Gau6XBtS1o1PwPjsNxFTVSLqQbjfVX3R+fnxO+IV78RPEt1rVxLutQxS3jzxFHngY9elcDBKFcliqjHWv0u/4Y3/AGDh934YeEB/3ELz/wCO0f8ADHH7CH/RMfCX/gyvP/jtfIVvCSrUblKvq/L/AIJ/SuW/ScweEoRw9HBtQirJc3/APz+8LaDqPjDXLHQNH2y3lw4QH+FAf4mPYCv1Q8DeDtP8C+HbLQNMiUKg3SyEcyyHGWP5D8q86tf2Rf2G7FzLZfDvwxaSf3o9UvVJ/ETVpf8ADLn7GP8A0J2lf+Dq/wD/AI/XrZN4ZfVW37S7fkfnXiJ44Vc8UaUKbhSj0ve77vRHuEHl+ZF52fKyN2OuK+8dI+EXws+JHwwS38JkJqiq0qTO2ZY5cAHcO/THNfk9/wAMufsY/wDQnaV/4Or/AP8Aj9WrT9m39kGwLGx8OWtkT1MWv6imfynr6vBcMezb52mn5H49ic451eKs0fY/xd/Z28OSfsqfEnTfiDp0a6zYxXF7FcLgZVR8pJ/pX8daXyPqlqY4gscFtdXu7PYgjGPbZ196/pPvv2cf2Q9St5rTUPD1vf2kq7ZIptf1F0kHowM+CK4ofsS/8E/RnHwg8BjKlf8Aj7uunp/relVQ4Z5a6q82iPTp8VzWAqYJq/O07+h/PesUNrYaesjpvVB+HHSnxXYu42WJWGDjOODX9Bh/Yl/4J+nr8H/AZ/7e7r/47T/+GKP2AP8AokfgX/wMu/8A47Xrf2Z5nzaxPkfgFYIx1BmV44jHG8gd87V2jOTgE4+gz9aztW1tb29uZ2mV5LmbJfGB87ZJ+nzZr+g4fsUfsADJHwj8CqT6Xl3z/wCRajb9iL/gn2evwe8An/t7uv8A47VQy5x6g8Rfocl+z/8As5+I9E+Dvwg8V+Cry28VS6h4d+069o4dLaUm8d7sJEsj7JBF9oEIO4Ftm4KoO0fS3wQ8A+O/h74e8baF4/8ADd3ovge9kY2dpeyRmVUcYdVRWYY7gA4yK4Cz/Zd/Yx0+KGCw8H6TYwxoI40h1rUEVEAwFUCfgAYGKtSfs1fsfSrsl8NWcieja9qJH/o+vucJxDKlCNNR2PksRw7SqVHUb3PDPFP7NXxG0j+0rHwpYw+JdBFz9q0q+t7uKOWyO7KrKjspUjjpkV75448CX/xK+HWh6B4mvbLSfHdrGk0VwWDpBcL1DMuflbHOM1Q/4Zi/Y2AAHhPTMDp/xO9Q4/8AI9I37L/7GrgK/hLTHAORnW9QP/tevRhxe0vh2OSPCVGN0nozyX4e/Dr4t+FfiboniKPSbKytyv2fVJVvIjBcw/3htYsSMZAxXqHxO+EN7r3jgfEHwSNLudSuo/J1fTJp0g+2tjAljd8KWPGVYjParB/Ze/YzJBPhDSyR0P8Abeof/H6X/hl/9jLdu/4RDS9/r/beoZ/9H1L4vne/KTDhCjFNJnZfs7+BPHPhjw/8QPAHxA0MW/w8v3f7DYy3MUskSyZ8xAsZYBc4I56ivlD4jfsh/FzRJpbHwXpP/CV6PHMbjS7yG4SG5tRuyqSLIV5HquRgV7+v7MX7GyMWTwnpqsepGuahz/5Hqd/2a/2P5Yngk8NWbwngode1Eg/h59RT4vqJ3URS4RouNpPVGf8AFX4CeJvHXwg8HT+NVttA+IdpCm28jbescyjA8wqDw3GcDvXyf4e+EXxc0jx1o/iJNGsbdgnkalPFeRNBeR4+8Bnfu78gV9cD9mH9jVYzCPCOm+Qeqf25qG0/h59VJf2UP2JpmVpvAugysOhbV744/wDI1ax4xklrH8SKnB1NtNM+S/iJ8DdT1nxDrGt+ChYy388ZXUdLnkEaXgA/1kTH5Q/sSAa8D0X4YeNvDeja/o/izSVtvDkm4wQyzxyOgPVQELcfjX6ZD9lT9ilWDL4H0MMO/wDbF/kf+Rqpt+yH+wy8jSt8OvDLSnqx1O9yfx86tIcZPbl/EiXB1Nvc/DnxJ8MvEMDTQ6OYtTtUffbv5wSaD0B3YHtkGsnXdIm1HTLK11xo7TV0HyzJ82x/cjse9fuq/wCx3+wjISJPhl4RkB4OdRvDn/yLVUfsWfsCKGA+E3ggZ6/6bd8/+Ra0p8apXThf5mEuCI9JfgfgFa+GvE+marb3sEMC4G2WRJgUlX1x1/Sqev8Ah1pb24vLF4ImmGJ4H+VJD/eU84Nf0EP+xV+wFJjzPhL4Hlx03Xt2cf8AkWg/sVfsBkAH4S+ByB0/0274/wDItH+uUGuXk/H/AIALgqzvz/gfzq6bpGp2tnfWepwwjTyP3aM4YjPUcdq871bw7qCbZdOmjuIVbMbF9rxex7Gv6aW/Yj/4J+MfMb4P+Amf1N3dZ/8ARtB/Yi/4J+MCG+D/AIBIPUfa7rn/AMi1zz4rhJJcn4m0OEWn8f4H80ckDapaW9tqU0cGpIP3dwnO0+jeoNYcOi65pWqrcoLQI/yy7ZPllX1x1zX9OY/Yd/4J7ISU+DXw+Unri5uv/jtLJ+w9/wAE95Qok+Dfw/cDoGuro4/8i1EuKYt3cNfU3hwu1opfgfy/654aLXEl5YvGiSDDo2SjfiOhq54YiuIba70DXY4LjRZeFRn3GM+1f06p+w//AME+I12J8HPACL6C6usf+jajb9hr/gnmzbm+C/w7L+v2m6/+O1zviKHNzKH4nSuH2lbm/A/lm174eanp0zS6bcRXVlndEzNteL8ehrJv9Ia8tYlvGWO+Qf66LnB+vce1f1aN+xD/AME+iuw/B7wCUIxg3V1j8vNquv7C3/BO9DmP4KfDlT6i4uf/AI5Wf9vQTdob+Z0RyWSSvI/k0sdJ1KxvkuYpbdUJw53EBx6lcdatX/h9Lyd57B4oZX/1kLD5JT6j0Nf1hv8AsL/8E8ZBh/gp8OnHvcXP/wAdpE/YX/4J4R/c+Cnw6j+lxc//AByqXEENuTT1G8ol/MfykaTot8lvNpuotbPbY/dxl8kD0BODimf2De4ENvNlo2zE7krJD7ZAOR+Vf1cP+wr/AME7pW3yfBP4cO3q09yT/wCjKf8A8MN/8E9Mbf8AhTPw92+n2m6/+O1tHiaCVnD8Q/seX8x/LRd6PNqFrC97kakq7TNEP1P+FUdP0vU9PukmS8tfIP3wcjePcdj+Nf1Rr+wt/wAE8EbKfBX4dK3qLi5B/wDRtOf9hn/gnpIpWT4NfD5geoNzdHP/AJEraHFcE+bk19TOOSS25tD+XC50mOaVpLaQ24PJGMoxq/p0N3DGUubqORhzGVb5l/Ov6f0/YZ/4J6RjbH8Gfh7GP9m5uR/7Upx/YX/4J6vgt8GPh+3oftF1/wDHK6Y8ZQTuqf4kyyFveR/MYyLdsIpykN0fuk/dk/wPtWHd6dNbOSFZCDyO4r+mXxP/AMEzf2JvHNlLb+FvC914IuthCT6FqskbIxxglJC4bGOmOhNfkZ+1L+wP8Yf2aYbrxbpr3/xT+DluwWbVki23+lLnANxCud8f/TRegxnFehheKsPWfJUXKzkxGSVIK8dT4i0rW2gdY7hmVem7/H/GvTtP1GOdFIlCSkckcg/73qK8klsIrlI7qzkWeFwHQochlPcGixvbrTXCvI7xZ6Zxtr7XC46ULKWqPm69FS23PZxaW8zkLi0mPVCMo/uvTFdVphRbcWOqz215ak/IrE7k+hOK830zV47iNVkZmTI5B5z6j39q3Lq0XUIwWnkDAYSQE4+hHavpMNiVbmjqeXVovZnosfhx96TafqJRgcozj5lHpuHX8q6V9GtNRjRZrq3OpKAC8RGT9R3rxbTdQ1jQZ0SOaZBxuidiUlH+ye1dMYINYY6jpc032teZrNpCrD3U5r1sPjafLZR17HHUoyWtz0bTtCn0yRzJdQ/Y2/1kbqVVvf2NPu/CljP5k+n3Eax9SEIZR9RnIrjLDxBcxwPaXzXeq6b92SJyRcW30PcVRuLCew/4mmiarfXOlMeJoZT5kHsy9xXasXT5bKNzn9jK+rPVrKOL7KmneJZ7e9txxFIx2yRDths5xST+FGBjnsNRUqOUkK5JHpvB5/EV5u+prqltHba5cyQg48m/iYhGP+2Ox/SqiS6/4ZuFMeoT24b7j72e3uB6MOgrV5hDrG679SFhZbXPTbvSrK6ZVkngbUBwXhdQSfdT1+mKbp+jyWEryfbkW0I/eI6bVP4ZwK4xYrXxLMssMh0nxAOWt5JD5N1/uNng1Zgm1K3aawDXrTqCJdPuZCWI9YnPUf54q44uDfNyidCWzZ2Y0DS78uLW5SJSct5eJEH/AAHPH4H8K0ZNHTTrRINX1GzvIusTu20j6MTkH9a8lbTWMkt7ol3qD7D+9txMyT259uf0rQTW5ryzNprklzqWnD5RcxkrNbH/AG1/rWkMfBXvHX8CZ4aXR6HqMGmpdSwywag8U44jmIDMR6GRSNw+oNXr/TdBupUEl/ZDU+jlJFRnPuD1+hrxr7DqWkKL7TtVu57AjctzBISMeksfIx71JLc2urtEdSnOnal/yzuUYtDN7MM8VrHMI8tnDX8A+qu90z1uw0FtOMrjUkjsSMyQSx4Uj1xk/wBKovpmjXbvFaXESR7vuxOJEU+u3OR+BFcfZTapprraJeNbs2VFrdSlra6HpDIeUY+hpp0GxvbqcWEd3ZamoLS6dPKYpV/2oZB1/DI+lXLHRskoGaw8k7tnojabYwWC2+s6laXcfWLzhtK+wbOfxzWVD4ci81LzS9UlicEfOMSAj03AjI+ua4mZtR8qeynmvNcskGZbaYlby298Z+ce4rOsdPeJTfaLqGoXNqvJe3kIuIOejx/xj26+1KWPi2vc/wAy44aX8x6bf2mh3M3l3VxbQX+MM6yLG7H6Hg/iDVnTdJGlCSX7fK2mkEvBJGCjD16/yGK81vmi1W2SfWZS6r8q6nZk4U+k0fb8R+VQ2za74aSOe31B301+RJvM1nMD/eXrGT6jiq/tCPNzcunl+o1hXa9z0f7B4d1R3isL+ONu0UUquAfUIfmB/wB0iujZdHtNLhs/FWoxajEDiGW5TY8Y9nBLZ985rw+60/SNbnR4JT4Y12Q7lhmkJtbs+scg6H8j7Gp01XW9KkOheIbWTUrRxt+yXzncw9YLjv8AQ0QzJRu3H59Pming292ezaL4K0q+vl1Hwp4reC4BGdjpNn/ZOMZHsc1ra9pHw+mumtr7W9P0fxCBiVt4t/MPvn5Dn3BrxbTfDdreTPc+EL2+ubiMb2sHm+z6ja+8bdJV9j+ddA97H4ggew8Y2V34hSAbDfW0fk6np+O00B/1ij8a6KWPiqfK4K7+a/4H9XMZ0JXTUv8AM9A0zwvbaHb3E0uqy3GhOpLQvEskLD1Ug4I+gxWB/Y3w81+UW1jrsFrJuwiRSrlG9RE/I/4AR9K5WLQPEHhm2bXvBetvq+gZ+e5sgZYh/s3VoclD7gH14rFmt/CniVlutQhtfB+uScfa4x52m3jejjrET6ngetKWNSio8iXk3+TNKdK+vN/Xoesa94V0HRtKhHiXW4dQgz+4uZoWBX23rkg/jmuE0/wtpU9yt94e8Ry7x954JY5Rt9GAwcf72ajN54k8GxDTdaSKXQp1wsd45utNu17eXNyY89s5HtTbTw14W1K5h/sFU0bVWO6PTr2fyy59bS9Xr/unP4Uq1aE5Llgl5df+CXCDitWGuHwhDevbapcW9pqGBvdcws/vnG0/8CzW/oOhaJb2NxPBrc+oaKyFntXiSWMj1G04P4CsXU9IuZnXSfEGlXOryIMrBchYNShHrE4+Sdef4Tz3zWJYeFp4JJrzwfqFxdtHzNFCBDewf9dbdsLKB6gAntXO5tVL8if5/wDBNIwTjuar6b8O9amENl4hhs5lPyRify2Vv9kSjIPspFbetaL4Y0vSIF8T37XO0YjuZ4W3r7bk+YfUcmuFurLTdVEl5rGniC4jbEmpafDnYfS6tSCy+/B+orcsk1LStPD289peeHnBy8Sfa9PkXvvi5eH3KHaO9YRnveK1/rVFNbWZkaR4Y8OXl2L/AMMeKZYrkfNsimVtwHqMBwP9786Zrc3hO1u3sfEAWzvH4eRFMTSH1PylG+rAn3rQfw34ZvRBPElt4bmcgxC4kM2n3DesN0vzRH2bGPQ1Nqel6jarFpfiTTUv7Vv9TDqLgF897e8Xgnpw3zfSsfZtQskvzX/ANFJN6ssaPouhLp07adrcuv6Pg7rSQLKEH+yB/JfyrimtfAF9dGLT9dGlXKNkK8rRFG/2WccH6Yq0nguP7aT4Wvbqy1def7PunFreYHaN/wDVzD2PbvVG7Rbq6a08U6PMdVUZM0UQt71R6vE3yyr7jIx0FYVJOyXKl/XfoVFeZ3WpT6VZadbR+NYTrtiABHdSITKg/wBmZPm/HNZul+HvA2q3C3PhPxbMlyT/AMeksqhm9sEAkfXNYmnWGq2EE0vhrUF1fTefNito9232msnyR9U5+lZ/2Tw3qIeeS0h0KYHDSQRmezZv9uP/AFkJ9xwKJ19U3FfP/MzVJrZ/16E3iK08N6deyWurI+l3hHBeJ0De+QMN9Tmn6bZWa2cotrptXsccx70lUf8AAQOPpWpLDq1rp0aaiLXWvD7Y2/am+1WbD1juV+eI/wC90rGk8OaW00UmlXcvhvUH5jgvZcRS+0N4nB9lb8aylL3uZJen9bmimrWZkrP4QnuFha5l0m4U/eVymw/8DHy/ga63UItHttOivL5ri9gUYW7iQuVH+0y4I+tcxqljfQzpaeJ9Lc3fRXcLHMw9UlHySj8az7a11HT5WbQr2Z3AyYceVMB/tI3yuPfvWarON04/16HQ4Xs0zX05fD91cmbTda2yseY1k2+Z9Y2Xc315orm5J9Hv3eHV9LbTr0femtItvP8A00tm4I/3cE+tFYRxFtkvvsXKk2ZF1pOp3flTeI9QGl2zf6uKdd0r+gitl5/FqtWwsdIdYdJsTZ3h/wCWsyrPeP7rGPliH1qvsMU0iSzyC8YZkgs2824b/rtOfuj2yPY0lqtzdb7TSrcGPPzQ2bYUH1luT1P+7k+9f5aO7Vm9Pw/r8D/QmKV7pa/iLcxwy3DNqTzT3ZGTGGFxcn6sfljH0496itZrqdmstDs/IU8OtqwZs/8ATW4PAPsuT70ph021iZbqeHUwpy1tZt5dqh/6aTH75/769MCrMY1bWrcrbRW9tpEY+Zv+PeziH+0x5f8AHim5WXkOMbvz8tzOfT9Gtnll1B49Wuxy0MDlYUP/AE0mOS35/hVpbjV9Wt3W38uz0hBglT5FrGPdvvP+grRh03TreFLp2i1JVxi6vAYbND/0yi+9KfoPxrdNpIY4tR1B0trdT+7vNSjwAf8Ap2sx39C3J96yqYlLz/rov6ZvTwrv2X9bv+kYlhpVlZQx35jgmXd8t3eAxW+fSGIfPIfoPxrpJ7KW4jjudYu3srYn5Zb5R5kh9ILQcA+7ZNVpb9LKeO4j8+2v5BhLu9Tz7+cekEA/1Y9CcD1FMaC9SdJbqS50aeYfKqn7Tqd0PQY4iXr90ADviuR1JSd2/wCv6/4Y7qVOMVypf1/X/Dl5brTtGlEVhBPZXsg4Z4xPf3A/2Y+kQ+uPpVK6t5bmYDU1ntJn5FtETcXs4/236IPpge4pYGjsZX07TraWC8fk2tiwmvJfeec5WP8ADJ9xUkun/Z3ks9WnaOdvmbRtKJaVve6nJyPfcw9s1CklL+rm7hdW6L7htteSKW0vSYmgkH3rWwbfJ/23uOifQc+5qFH061ncXIj1W9T5mtbVsQQ+80x6n6nPtTbdNS1wvo+hWaSWqZD2enPstoB3+0XWBuPGSq9aiaPQNK3QSGHxhqUPJtrY+VpdifWR/wDlofrnNaRavbr26/P+vmZ8ul+i69Pkv69DrbC+1XxHCVhaEaTGMO4JgsYAPVuDJj8quw6p4f0hDcaWsGuXqHH2+5Hl2sJ/6ZJ/F+GfrXLWOi+L/Hcf2+S4t18PQ8teXX+jaXZgcfu1ODKR0z/KupszoPh+MX+lvHrNxHwdd1dNltEf+nW36sfQ/qa4K7gnyp38l+r/AK9GdmHjJ+81bzf6L+vkaQ0vVdZi/tvxJqQ0nSSQVur8bS/tBb9Sfc9fetqOe00iOGPRLWbSPtHyJc3Efm6hfH0hhH3R9fyqmLe7ZB4m17UH0S1IyNW1hN1zKCM4tLPjYD2Jx7A1l3XjmPTS0XhGzu9GluD5Z1O8Uz6pqB9Ilx8gPoB/wEV5zU6mkdvw/r+rI9BQp0/elo382/6/ps6q60Kx0wreeML2XRHlG5LCJxcapej/AGz0iB/DHeqieI768J8NeDNHbSoG+9Z2D5ncf3rm4zlR6gED3Nc0fDMmlImp+PtTu/DMNyd6WMbefq+p5zjd1MY+vT2qO51rULsReFvD2mXHhqxl5TSdM/eX93/tXEv8IPc549aqNO/Xm8/sr/P+tUEpuL25b9PtP/L+tGbYt/Dmh3At9W8rxX4gU5GmWRxbW5/6bSfxf561eil8Q+N5BbqIr60h48mL9zp1iB/fYffI9Bn8KzrTwvp+hGPTvESNqWsH518N6Q+5h73lx2HqCQPZqtXWoap4guBoFpbW2uSQ4VdG01jFpunDOR9qm/jI9OnHC1jKabvDXze3yX9epdOm1pLRdlv8/wCvkjUtn0HR1lvtOaw1+8hzv1O6Hl6fZ+ohUf6xh7Z+orKupLvWo31u6uzBpy/e1fVFCjHpbQdFHoe/vWZPeaVZXLefNbePvE1uMbEIi0fR/wDePRyPxPHaucbVNY8VXb6hb3cGtSw53ardr5en6cO/2aI8MR/eP51rSw8n77+9/wBf12ZNauorkX3L9f6+aNa61Sy0eAro6y6TFcHaL65Xfe35/wCmUeMgH1IA9hWPJpEMSC+8SSz6TazNlLYMZL6/OejYyR9F6dyKltbm2s0udV0e5S4ccXXiTVs+WDnkQIeW9guB9asW1o7QT67PqFx4d0pl/fa5qODe3Y67baI/6tT0H6A12c3LqtPPr/X4+SOBx53qr+XT+vw82MuZbqUwaFaWVxpscg/c6Ppxzdzj+9NIOIl9efqTUU+h6No00dpq9rba5ri4ki0PTz+5tu4a6l/ix6scegNWTq9tpunFdLE/gnw3cNhrqVS+q60x7Rg5YE+p554Aqvfafpmi6ZHdeL5rjwR4ZlIaHSYn8zVNXPrMR8wz6deeSKlVJXS1Sfbd/wBf8O0VKnFq+jt32X9fd2TOS1T+1/GF61lHHF4hvIQF8mLKabpgHTJ/jYD6+wrj7240fQJ5zpMlt4p8Sx5WbUZQBZaee4TsSPbn37Vb8Q+NLvWRB4X0fSJdG0hhst9B04/v7gZ+9cSDoOhI/PNZlzpmjeGTbDxeIde8QgBrTw9YH9zb+hnYf1/WvewtJwSU/lFbv1/q3ds8DFVIybcHe28nt8v06+SOPOhar4rNzrN1f+Vpy/6/V70bI1XusCHAA9MVg3eoadoljLF4SjOkac2BNrFyubi6buIUPPPY/kBXXXd3r3jbVY7JbePX7+I/urGD5LDSh23noSPfk0Sf2X4dvJTZG18beN4hiW7kGLDSR6KOmR+f0r2KdVpqMv8AwFbfP/g/JM8WpSg/ej/4E9/l/V+7PP4fBkMNkNc8XNd+HdElbcluxJ1DVm/moP50avqLT29poX2KbRtJb5bLQNPObi59GnYdAe+atwnWPFOpXd3pN3/aV8oP2vxBejbb2i55WBTwMVGmrafoVrer4MkJLZF/4lvRlpD0IgB6/Xp/OvRjzOS59Zdui/r730SPLlyJe7on16v+vu9TNk0LR/DjwXHjC2g1LXsB7Pw7YkbIfQzN/MmuX12+8QeML9Yb9oruaP8A1VjD8tppy/7XYn8yatW8UbwT38tzLo2isd819cN/pV/67c8qD6/lXKar4hWe2Gn6PE2g+Hs4G0fvrs/z59epr1cNRlKV3q+/Ren9X7s8vETio2ekX06v1/q3ZFv7dYeH5nTTEi1nxJjElyw/c2o/2R2x/wDrqPR9H1LxTeTXomM6KN1zqNxxFAvfbnjj8qn0vwvaw2cGr+KnfSdFJHkWMfM943Ybep/l61c1nW5tUFvpn2NrLSQwNro1q3zSkdGmYY3H9BXVKrry09X1f+X9WRhGkmr1dF0j/n/VzWbWtN0mxubDwa3kW44u9amHzynuIc/z6+gFY1vo1nHb/wBo620unaM2GWFubi+Y9Ce4B9OpqQvHp89v9qhh1XXSALeyiwYrQeuOhP8AtHj0qGKS9udUWOEpr/iknO8/8e9gPX0yPzrGCcfh+b6v+u/3BVs2lJbbLov67febFzcRzQWy6nbyafpeQLPSLcfvbn03gdB7fnVm7Sy0g2174kt7efUSM2OjwAbYfRnx1PueKzLjVLTw1LdQ6dMmveL3H+k30vMdr7D0x6CuUsLe91y5uHguWaMn/S9RmPLeqpTpwb1ekfz/AK+9mc5pO28vy/r7kW7271LxBqISRYr/AFHOUiX/AFFmvv7+9W0e00SZrfTQNT19xiWdh8sI/oPaqc+pWdtbS6Z4eeOz09T/AKRfOeZD3we5/wAis61hgvYsp51loucFj/rb5vQDriuy75ddI/1/VjlaSfeT6/1+ZJFA+pyztFcPKc/6TfPjaB3Cepro4YbGytBGqNb2A52E4kuT6sey/wA6q3V1b6fFFHLHFAsY/dWw+7F7v6t7V5zrniaSVmVZGdieW9fpWlKNSq+VbHPXqU6KvLc+xP2RPgcf2tf2mfAXwcuJLiHwdGX1XxDJAMGPTYCC8a/3fMYxxZ7b89q/qq/aC+M3w/8A2YvhrqiW7ad4N8FeHdJV3jtwsawoqhYrWFR/y0clFA7lx71+J3/BAjSbK++Jf7S/ii5iSTVLLStFsreQjlI55bp3A9ibeM/gK+9P2kPAdn+0B+3H+xJ+zt4qYzeBvE/j3VNW1m3J+W9i0i0+1JA47o4DoQfWvsKahhcM5vaKu/kfBY3ESr1rs8z+D3wJ/wCCpv8AwUB0k/FT4SL4a/Zw+Dd4TPoc+so0uoajDnCyOoBbaw+bONvoa9o/4dA/8FfzyP2tfAYH/YOn/wDjdf3M+APhnoHwv8NaHoWi6XYae62qFxBCqCPjGxAANqAAAKOAK7rzJP8Ano/51+BY7xcx3tZeySUemh9HR4epuKctz+C3/hz7/wAFf+37XXgUf9w6f/43R/w58/4K/N0/a+8ED/uGXH/xuv70/Ol/56yf99GnfaJx0mmA/wB41x/8RbzLy+5F/wCrlI/gt/4c8f8ABXw9f2w/BI/7hdx/8apR/wAEdP8Agr2ef+GxfBg/7hdz/wDGq/vS+03I+7POP+Bml+13f/Pzcf8AfZp/8RazPy+5B/q5SP4LT/wRx/4K8nH/ABmT4NH/AHCrn/41S/8ADm//AIK8f9Hm+Dh/3Crn/wCNV/el9tvP+fm5/wC/po+23n/Pzc/9/TR/xFrM/L7kH+rlI/gtH/BGv/grsf8Am9Hwgv8A3Crn/wCNUf8ADmn/AIK6HGf21fCSj/sE3P8A8ar+9L7bef8APzc/9/TR9tvP+fm5/wC/po/4i1mfl9yD/VykfwW/8OZv+CuZyD+2v4TH/cJuf/jVIf8AgjJ/wVy7ftt+FB/3Cbr/AONV/en9tvP+fm5/7+mj7bef8/Nz/wB/TR/xFrM/L7kH+rlI/gt/4cw/8FcD/wA3weFgf+wRdf8Axml/4cv/APBW8jn9uPwsP+4Rdf8Axmv70ftt5/z83P8A39NH228/5+bn/v6aP+ItZn5fcg/1cpH8F3/Dlz/graf+b5vDK/8AcIuv/jNC/wDBFn/grWTz+3V4aH/cIuv/AIzX96P228/5+bn/AL+mj7bef8/Nz/39NH/EWsz8vuQf6uUj+C//AIcr/wDBWo9f27vDg/7g91/8ZoP/AARU/wCCtB/5vx8OD/uD3f8A8Zr+9D7bef8APzc/9/TR9tvP+fm5/wC/ppf8RZzLuvuX+Qf6uUj+C/8A4cp/8FZ/+j8/D3/gnu//AIzR/wAOUv8AgrP/ANH5+HR/3B7v/wCM1/eh9tvP+fm5/wC/po+23n/Pzc/9/TR/xFnMu6+5f5B/q5SP4MP+HKX/AAVm/wCj9PDv/gnu/wD4zR/w5S/4Kzf9H6eHf/BPd/8Axmv7z/tt5/z83P8A39NH228/5+bn/v6aP+Is5l3X3L/IP9XKR/BgP+CKP/BWbv8At7+Hh/3Brv8A+M0v/DlD/grL/wBH8eHv/BNd/wDxmv7zvtt5/wA/Nz/39NH228/5+bn/AL+mkvFjMujX3L/IP9XKR/Bj/wAOUP8AgrL/ANH8eHv/AATXf/xmk/4cn/8ABWT/AKP48P8A/gnu/wD4zX95/wBtvP8An5uf+/po+23n/Pzc/wDf00/+Is5l3X3L/IP9XKR/Bh/w5O/4KyZ/5P60AD/sDXf/AMZpf+HJv/BWP/o/vQP/AATXf/xmv7zvtt5/z83P/f00fbbz/n5uf+/ppLxYzLo19y/yD/VykfwY/wDDk3/grH/0f3oH/gmu/wD4zR/w5N/4Kx/9H96B/wCCa7/+M1/ed9tvP+fm5/7+mj7bef8APzc/9/TT/wCIs5l3X3L/ACD/AFcpH8GP/Dk3/grH/wBH96B/4Jrv/wCM0f8ADk3/AIKx/wDR/egf+Ca7/wDjNf3nfbbz/n5uf+/po+23n/Pzc/8Af00f8RZzLuvuX+Qf6uUj+DH/AIcm/wDBWP8A6P70D/wTXf8A8Zo/4cm/8FY/+j+9A/8ABNd//Ga/vO+23n/Pzc/9/TR9tvP+fm5/7+mj/iLOZd19y/yD/VykfwY/8OTf+Csf/R/egf8Agmu//jNH/Dk3/grH/wBH96B/4Jrv/wCM1/ed9tvP+fm5/wC/po+23n/Pzc/9/TR/xFnMu6+5f5B/q5SP4Mf+HJv/AAVj/wCj+9A/8E13/wDGaP8Ahyb/AMFY/wDo/vQP/BNd/wDxmv7zvtt5/wA/Nz/39Nc/4r8c6H4D8Oax4w8a+LNO8J+FNOga5v8AUtRvVt7aziHV5JXIVRyBknqRRHxXzRtJWfyX+Q3w9RSuz+FH/hyb/wAFY/8Ao/vQP/BNd/8Axmj/AIcm/wDBWP8A6P70D/wTXf8A8Zr+vz/h5R+wn/0ef+z5/wCFhaf/AByvpjwB8XPAXxW0UeI/hh8SvCnxF0DIX7boerxX0IYjOC8TsAfY8111vEnOqS5qkbLzj/wDOGSYeWif4n8Nf/Dk3/grH/0f3oH/AIJrv/4zR/w5N/4Kx/8AR/egf+Ca7/8AjNf3nfbbz/n5uf8Av6aPtt5/z83P/f01yf8AEWcy7r7l/kX/AKuUj+DH/hyb/wAFY/8Ao/vQP/BNd/8Axmj/AIcm/wDBWP8A6P70D/wTXf8A8Zr+877bef8APzc/9/TR9tvP+fm5/wC/po/4izmXdfcv8g/1cpH8GP8Aw5N/4Kx/9H96B/4Jrv8A+M0f8OTf+Csf/R/egf8Agmu//jNf3nfbbz/n5uf+/po+23n/AD83P/f00f8AEWcy7r7l/kH+rlI/gx/4cm/8FY/+j+9A/wDBNd//ABmj/hyb/wAFY/8Ao/vQP/BNd/8Axmv7zvtt5/z83P8A39NH228/5+bn/v6aP+Is5l3X3L/IP9XKR/Bj/wAOTf8AgrH/ANH96B/4Jrv/AOM0f8OTf+Csf/R/egf+Ca7/APjNf3nfbbz/AJ+bn/v6aPtt5/z83P8A39NH/EWcy7r7l/kH+rlI/gx/4cm/8FY/+j+9A/8ABNd//GaP+HJv/BWP/o/vQP8AwTXf/wAZr+877bef8/Nz/wB/TR9tvP8An5uf+/po/wCIs5l3X3L/ACD/AFcpH8GP/Dk3/grH/wBH96B/4Jrv/wCM0f8ADk3/AIKx/wDR/egf+Ca7/wDjNf3nfbbz/n5uf+/po+23n/Pzc/8Af00v+Is5n3X3L/If+r1I/gx/4cm/8FY/+j+9A/8ABNd//GaP+HJv/BWP/o/vQP8AwTXf/wAZr+iLU/8Ag4B/YO0XxFeaTq2qfHjTvDcWs3Ggr4om8JXC6JcXkLOrLHdlvm5ifHy5wM4Ar0n9nn/gtR+yJ+0n8XPhz8F/BrfHTwz4n8XrcN4XuvEnhebT7DXfKi81hbXDOQ52cjAxyMkZFe9V4v4khB1JUmopXb5Vt9xxxy3CN8qkr+p/Mp/w5N/4Kx/9H96B/wCCa7/+M0f8OTf+Csf/AEf3oH/gmu//AIzX953228/5+bn/AL+mj7bef8/Nz/39NeF/xFnMu6+5f5HX/q5SP4Mf+HJv/BWP/o/vQP8AwTXf/wAZo/4cm/8ABWP/AKP70D/wTXf/AMZr+877bef8/Nz/AN/TR9tvP+fm5/7+mj/iLOZd19y/yD/VykfwY/8ADk3/AIKx/wDR/egf+Ca7/wDjNH/Dk3/grH/0f3oH/gmu/wD4zX953228/wCfm5/7+mj7bef8/Nz/AN/TR/xFnMu6+5f5B/q5SP4Mf+HJv/BWP/o/vQP/AATXf/xmj/hyb/wVj/6P70D/AME13/8AGa/vO+23n/Pzc/8Af00fbbz/AJ+bn/v6aS8WMy6Nfcv8g/1cpH8GP/Dk3/grH/0f3oH/AIJrv/4zTf8Ahyf/AMFY/wDo/rQv/BLd/wDxmv70Ptt5/wA/Nz/39NH228/5+bn/AL+mk/FjM+6+5B/q5SP4L/8Ahyf/AMFY/wDo/rQv/BLd/wDxmj/hyf8A8FY/+j+tC/8ABLd//Ga/vQ+23n/Pzc/9/TR9tvP+fm5/7+mheLGZ919yD/VykfwX/wDDk/8A4Kx/9H9aF/4Jbv8A+M0f8OT/APgrH/0f1oX/AIJbv/4zX96P228/5/Lz/v4aPtt5/wA/l5/38NC8WMz7r7kH+rlI/gtb/gif/wAFZR0/b50E/wDcGu//AIzS/wDDk/8A4Kyf9H86F/4Jrr/4zX96P228/wCfy8/7+Gj7bef8/l5/38NV/wARZzLuvuX+Qf6uUj+C7/hyf/wVk/6P50L/AME11/8AGaP+HJ//AAVk/wCj+dC/8E11/wDGa/vR+23n/P5ef9/DR9tvP+fy8/7+Gl/xFrMu6+5f5B/q5SP4Lv8Ahyf/AMFZP+j+dC/8E11/8Zo/4cn/APBWT/o/nQv/AATXX/xmv70ftt5/z+Xn/fw0fbbz/n8vP+/ho/4i1mXdfcv8g/1cpH8F3/Dk/wD4Kyf9H86F/wCCa6/+M0f8OT/+Csn/AEfzoX/gmuv/AIzX96P228/5/Lz/AL+Gj7bef8/l5/38NH/EWsy7r7l/kH+rlI/gu/4cn/8ABWT/AKP50L/wTXX/AMZo/wCHJ/8AwVk/6P50L/wTXX/xmv70ftt5/wA/l5/38NH228/5/Lz/AL+Gj/iLWZd19y/yD/VykfwXf8OT/wDgrJ/0fzoX/gmuv/jNH/Dk/wD4Kyf9H86F/wCCa6/+M1/ej9tvP+fy8/7+Gj7bef8AP5ef9/DR/wARazLuvuX+Qf6uUj+C7/hyf/wVk/6P50L/AME11/8AGaP+HJ//AAVk/wCj+dC/8E11/wDGa/vR+23n/P5ef9/DR9tvP+fy8/7+Gj/iLWZd19y/yD/VykfwXf8ADk//AIKyf9H86F/4Jrr/AOM0f8OT/wDgrJ/0fzoX/gmuv/jNf3o/bbz/AJ/Lz/v4aPtt5/z+Xn/fw0f8RazLuvuX+Qf6uUj+C7/hyf8A8FZP+j+dC/8ABNdf/GaP+HJ//BWT/o/nQv8AwTXX/wAZr+9H7bef8/l5/wB/DR9tvP8An8vP+/ho/wCItZl3X3L/ACD/AFcpH8F3/Dk//grJ/wBH86F/4Jrr/wCM0f8ADk//AIKyf9H86F/4Jrr/AOM1/ej9tvP+fy8/7+Gj7bef8/l5/wB/DR/xFrMu6+5f5B/q5SP4Lv8Ahyf/AMFZP+j+dC/8E11/8Zo/4cn/APBWT/o/nQv/AATXX/xmv70ftt5/z+Xn/fw0fbbz/n8vP+/ho/4i1mXdfcv8g/1cpH8F3/Dk/wD4Kyf9H86F/wCCa6/+M0f8OT/+Csn/AEfzoX/gmuv/AIzX96P228/5/Lz/AL+Gj7bef8/l5/38NH/EWsy7r7l/kH+rlI/gu/4cn/8ABWT/AKP50L/wTXX/AMZo/wCHJ/8AwVk/6P50L/wTXX/xmv70ftt5/wA/l5/38NH228/5/Lz/AL+Gj/iLWZd19y/yD/VykfwXf8OT/wDgrJ/0fzoX/gmuv/jNN/4cof8ABWX/AKP40L/wTXf/AMZr+9P7bef8/l5/38NH228/5/Lz/v4aP+ItZl3X3L/IP9XKR/Bb/wAOUf8AgrJ/0ftoP/gmu/8A4zTT/wAEU/8AgrR/0fr4fP8A3Brv/wCM1/ep9tvP+fy8/wC/ho+23n/P5ef9/DR/xFrMu6+5f5B/q5SP4LP+HKf/AAVn/wCj9NA/8E13/wDGaB/wRU/4Kz9/28/D5/7g13/8Zr+9P7bef8/l5/38NH228/5/Lz/v4aP+ItZl3X3L/IP9XKR/ns/FD9kz/grj+xFo8vxG1vW/C/7VHgOxxJqltp9tJFqMEQBLSIjBXwAuSQCK+3/2Xf2jfCX7VXwgstZs0a4ttStJba4tL1BvgkA2S206HqynPsy4Pev7I/EngrRvH+ka7pOt2cF7JLZyKksihmRsYBz3HJ46c1/CD8DfCOmfBr/gof8At8/CHweps/BWm+M9C1OwtBxHaNqdibmdI1HCqGlwAOyiv0/w/wCN6uZudGuveir3PFzbLI0LOPU/HL9qn4KxfsyftNeLfhJp8YbwVqFrH4j8OxKuFtbOZ3V7dMn/AJZyoygZ+6Vrw6+0pJ182MBo26N/Q+9fpn/wW7tYtN+L/wCyfrFoy22oXem+IIJJu5WI2jIM+mZG/OvzN07VJJyySKiXY+9GTlJx6g+vvX9W8I4322FUKm6dj8rz3DqFbmj1OfjNzp8pBGVzyp9K7vRtZSQDLHOMEEc/j6iqFzYw3kTyQBto+8h+9H/9b3rmjDNaSbkJUg8EV9VCcqTutjwpxTPZlaK5i8t4jPCedh+8vupqs9vNZNHcxyymMHKXCHDRH0b2rkdF1sb445mKMOPY/T0r0GCfzF8yF0JI+ZT92T6j19697D1Y1Fc86dOzLkV3b6m0S6kU03VcYhuk+5L7N2/A0ivqWk3uYzHZXrfeU8w3Y/x/WsmW0bZIbKIyp1ktX6r7pTrXW0ihNhqCG/0wnaVc/vIPofaur2rTs9PMxcOx0kK2uovL9gjTTtSOfOsZf9XP7r/jRaTXFss1nHB9ssRkz6dOf3kQ9YyeorLuLR/KSeF5tS04cxzx/wCutvr6j3qRNVt7nybbV5dzD/UX8JwyH0atVPXXcTh2Lv2CKaFrnSd2oWCnMlq/E1ufbvxW/Bq0d9ZpDq4l1ewj4S6Ti6sT/tDqQPzrnLuO9s5UuppPImGBFfwD5JB2Eg/xqzbXUOp3KMZE0bXwABNGcw3Xsf8A69aQqWemhi43V+hr30TwrDfyXBvLUcQanbfeUekqjqKgN3BPJG97JHZXpGI7+3x5U3s46fgfzqOCe8sLl8RppOovxJDJk2t4O+OwNRPp8N8txLo0QsrsAm40+U5R/dT0x71pGpfYUY23LIa70i5DRyppFw5wCATaXf1/uGp2hs9Sle1WCPRdXYfNbSj9xc+6np+I/KsCz1OfTg1nPb+fZH/W2VyckD/pmx7fpWqLS3vbISaS51HTgQTaSkiW2b/pm3XPt/OtIVLqy27D0Q23ub/SHk02W2863Iy+n3XOR6xP3HpXS2c9tqlusVkG1i2iOfsNw+y6sz6wy9ePQ/ma5qPWY0jGna5E2r6YOFdvkubU/wA/x/nU95oU6rHqemzzanZjmK6gH+kW49HX+IfQflVQm+mq/IUop76HXfa4r2LN59q1u2hJH2hF8vULA+sijlh7jr3zUU2nBlTWILpruIfd1WwXEiAHpcQ/xD1PX6VgWmv2l7cW8OvSNb36/LBqtodrr2AkXuOnB/Susay1XS5v7S3LZTkArqdjGXtbkelxEPuH3/WuqE1JXWplyOLKBuArRXWpPDp80nypqloA9tcj0mXoPo35ilNncaXIJ7WS30OWTnk+Zp17kdj1jY+hwPetSxlsNXupIIHsvD3iGX7yoRNYaj9QOAT+f1qjcWup+GpJoRaNpCNkS2N3mSxuPXy5P4CfQ1aaa5vx/r+vUSl0MyXTbC8d9PWOPwzqz8tY3a77K7PrG38JPYr+XemhtV0vOgajp66jbNn/AIleoOCWHraXHRvYZrUsre31+2mtNIhjfZnzdHvG3IvqYJedv8vYVVmur3SoG03UrSXU9GBy2n6l8s8PPWGX+P2IP0IpbK/4/wBf15GkZa2KC+H4tTYyeE765vbyA7m0u7fyb+zI/wCeMn8WK2rHxd9ukWz8ZWN7qs9sNgvLdPI1bT/95ePNX6fjmpLTQH8Q20d7oP2jxHawkEQvJ5WoWB9I5f4gPQ/hmm6jqNlO0GneNYJ9SCcRXgT7Nqlie25TguB6jj2raMJRV1p+T/r+rEcyk7P/AIJ19naX8X/FVeHNVfXrJBhtW0ddt3B323lp0kA75BPsKpXh8Oa8jX2rJb6BdycDXNJj8yyuT6XdtyY29Tj8RWIug+J/D8lt4k8O3l7qtswzDqmmjZdBeu2aIfLKB34zW3Y+L/DuvXinxEv/AAjfiWU7DrGlxYjuDn/l8tG4+p6+hFdEZ/YkrPs9vk/69TGUbPmWq/EyZ7LxT4Ch8xHsm8NXHzb1H2vSL5Txkjnyic9QR9TSQab4a1uNbWwmt/A2qTEY07UGM2k3rf8ATGbrEfQEDFdzLonizwbvvNPgWLTphvlmsoWutLvAe81t96In+8uP96sGw03w54puX03QvsfhTxDICX06Qi502+Pfyz1Qk9sDH+1TlRafJb5P9H/XzHGumr/j/mNe/wDEPh4w+GPGGk/bbJjmLTtXYsj/AO1Z3oyQcdOSR7VpJpWm+Ip4k0O7uLrV4RuXS9Sl+y6pbf8AXtddJl9AxPu1Pgn8XeDrW60XV9I+2+Gs4m0nVUNzYOPWC4GTCfQHGPSrdj4b0LxxauPA0nmSwkNLoGry5a2PraXa/MMds/mK2jeXu2u+z3/r+rGU5216d+hUeGa8uXt9Xsb7Xb+3GGeJPsWu2C+rIcLcL9Mg+9ZKeHroNc654R1KXWAh/wBIuNNi8q9gPpd2DcSH3UBu+K6q71e/0eCLTfHOk3et6db48uLVd1vqFj72l+vEmPQtzjk10Fv4RfxbaReJ/B2oXPi6KIYWXeLLW9P/ANnzBiO4H1Iz71usP7TRK7X3/wBf1oR7e2r2/A8eivbSRbi8njXTixKzajpUZltnPpd2bcqeuSQTn+IVo2s1zpNgZIZbFfD0oJZ41N7pE47+ZF9+29yvyg9zW/rd1FaXsY8b2N+t7gKmr20BsNThGP8AlrEw2zqOmcFeuB3qJvBGuWTLrnhu7W8ilAdb3So9kkw/6eLJvlkPuhJ9hXJ9Wmm+XW33/wBf1c2VRPyMm5s9HntYYXS00O3lOYoL5/tWlXB7eRdD5oT6ZK47A1PepLbRwaV4hs47y0yPJs9bl3I3/XpqSjKsccB/mxxxWRFqNvbX76bfBfC+qznDtbQsbS7P/TxZyAFSe5xn/arejsNd0iGaC2sjZ2bA77aKM32m3IPrBzJDn/ZBX3NZRjfVf1/X3epUm+pzl14KtLu9hXw7qN9YeIAMx6dqkn2a9/7drtfkmHXAJPHU1z97cXUN+bLxhot8+qoP+PiJBaalGB3I/wBXOv55rvdH/srxJ5mg2kUGk3WedMvQbrT5j6wtw8J+nT0Na2p2HiCwszpms6NLrmjoM/Y9SDXcUQ9YL2MGSL0HmAfhWbwja5ktPvXzX9ehUK7TszzPT7C+je41Dwdqjasw+acWaCG7QelxZP8ALJ9VBJ7VFDf6NfLcR3tl/ZEucTT6fCXtye/2ixflD6lea6C28D2vitWv/BF5dxX1uebHUJCk9sR/zwu06j03fiazdWbXbB1i8feGtT1JYxhb4RmK9hHtcRjy5QMdG6965XSklqtPw/4BqqkW99fxGLZ6hp+mySWE9nqfhxvveUDe2B9niP7yAj24FYE1potxDG7EeH1Y/uzK5utOkPbZOPnhP16eldTp/h3U3A17wXqk1+pwS8JFteL/ALMqH93KB78H3qV7yA3RTxXoWpaJqEnytqmn2rQNKembi2YeXLnkllz7YqJ02lqv8vvEqjT0PPtX066t4ol1mzjurNv9VJPJuQ+nlXiZ/J+fpRXqc/gDxLpcJvvDxW9sZlLGTT0BinHpNZSHqe+wk0Vz1MHK+sX91zeGMjbc+WnudG0wfY7i4j1qdTza258iyiP+23WQ/nn2ratdO8VeKkEcFl5elIvJkU2tlCv+6fmkHuePpXRXnjv4WeFiJrLTbzxLc5/19paLBb7vaVwC3PoCDXsHhLxd/aehyar4o8M2PgvwrwUk1CZVMw56IwGfy+gr/JTG5hWp01UjTfz/AEW5/pbgMuoVKnsnVXy/V7HhFnY6HBKgilg8R3qHb9pu8x2kTekUC/PIfoB9a7ceHtTu4l1LVQLOzi+YXeqxbEiHrb2Q4z05bk+9beq/F7wL4fk8nQPDl5qEjnar21otrHLz/CxAZv8Avmuri8Z2J0NdQ8X6Np3hy3fmOG7kEksn/ANufwxnpxXBXxmKspezav8Af8kephcDhG3BVE2u23zf/BueTpqWnC636PFNeagOBqF6n2i5bp/x72y8KPQ4A9QaS607U4FbWNWmm8PQNx9qusT38w/uxpysQ9h09q15/i/pGn3Mdn4f8L32p3MjYjiWEW6Pz/CmCzfkK9ebxDZ2+kWmofEe20Lw1JJ80NpJGJ7hx/sRAFj+WPXFLEV69Jp8m/nd/cPDYahVuo1NvKyXq/8Agnz5YzJ5jw+HrO6hmlHzyQr9q1C5/wB5+VjB9849qu32k3mh2puvEs7eFrSfn7JA/mX16f8AppKeRn6ge4r0aT446Zbahb6H4L+H+tazfOwCLcEQbv8AaEKBjj3JWul8UeO9As7WzPiqy0mHxKybvsFrGtzInseCcj6ilLF4lTinS0fnd/8AA+ZpDCYWUJONXWPk0v8Ag/I8U05tRv4WsPDum3Nhp/8AFBpnMsmeM3F2flTI64OfrUV/Z6R4dhjtPEsjSyMdyaHpjFEc9jcTnls9/wCVblp8T9e8Ra9baB4c8HatqE5bHlmQDy19WRc7R9Wr2bUPEPgvwqix67b2eo+LVUO9jpcP2m4T2YjhMf7RFGIxdalNRcNX0Tu/n2MsLhqFWDkp7dWrL5f1Y8HstO8YeNYo9M03RphoowItPsFNvZIP+m1wQPMx3C1uXGkeDfBkkFjrYs/GviaPlNOGLfS9Pb1fP+sIPrkn2ruPDPxt8W+LvETaJ4O+HJa1Rts09zdhhAnQl9o2rx2yT9a9E8R/FPwP4WdksdMXxJ4njA+0Jo9ssvkuOoeY/In4tn2rhxWOxaqqj7Pfomr/ADfQ78LgcJKi6yq7dWnb5J7nkzaV418Z3UFze2bXyphoZb6I22m2ajvBbn5pSPUg/UVkXmsaNoWqrBpJTxP4tjbadW1Nf3Vq3pa2w79OmT/tV3ngD4weLPiBrs8WhfDWK00aMlbzUb283pCO+6QALn2Fdf4q+Mng3w2Lz/hEtAuPFuooNss9hCq20bDruuCAvHPrXLKvio1vYOld9k1p6s7qeHwk6Pt4VrebT19EeS2nw/8AGPiGZtf1ma40+AAtNrGtJh0Xv5Frxj2JA/Gn6d4h0TSr2fTvhtA/9qNmO48QX0Ju9Rn9ra3UHYPQ4/Cu7+GHxC8dfEie71a98FafongyIFrnUr65LRKoPO1mwpx7DFa/ij9oXwj4UtrmPwd4fu/FCQ5V7u3jW2sQRxgTEfPyP4VI9CaipiMZKq8PKnzPsmrL1e3y28iqdDBxorEKryp9WnzP0W/z/E4uw+Guuyw3/iPxDeXfg3RiC93qV+TPqt8PRFOfKz79M9BWFZ+JLEW9zpHgHTr7w5ornbNJaxm41fVO26SXBEAP1z7iu58JfGvxr4xsbzWfEPhvQfCng+Mc3dyx2kZ7F+v1A57VwHin4+aLoMclzo+g6n4nj3/LcTt9ltWbp+7Qjc/5CtsLRxtSo6VSndronovXpf5+hjiK2Ap01Vp1LJ9Wnd+nW3y9S3LoMulaFPqPiiVvBfg/O5tOsH8y81Fu/nzjqT3wf+BVxsuv3mu6cNL0LTZdM8LrxHpWlAr5vXm5usBee4B575rvtF+JfijVNEm17x7p2g+DtCI/0YSsd756YVjnn9fSvO/FHxhbRVil0rwbqWsKzYin1GUwLOe3lwDLsPqR9K7cHRxMpuEoJyXnov8Ag/O5wY3E4WEFOE2otdvef/A8rWKmq6QmhadZ3Pi+3F1B/wAumiWBCWyEHrI3V/qePrVy3t9Z8TJBIdHk19VA+z2McbW2l2voZHYDzWHoM+wr0zSfiTqGneGodc+IelaR4WuJlxbWqIZJpPQJHyxPTgfjivJfFH7QfiXStQgh8PeBJ572dsW51JybiYHoVt05T8Sa3oPF1m4Rpptdb6f13sc2I+p0UpzqNJ20tr8/+CrG/r9tD4PnsL3xXIni3xg4/wBEtihjsNN6YO3GDj6ZPtUMOmeLPEN9DqENhNrOtE5XUdThaCx00H/n3hYAv9QDnua7YfFO98K+HoL/AOKUun6d4gnXfDplipe5Yem0EkH34A9a8D1z9pTxxrWsw6B4N8E2sE0jfItw/nTFf7zKuAv40YLDY2tfkgtN5N+78ttPT5kZhi8DRa5pvW1opa/Pz9fkdH4i8TWfw/1F7fRhL4r+IMq4n1m+jZ0tfa2iGQPoPxzXE6d4P8Z+LdRk1PUJryxaXBuNV1FczuvpDEeVHpkACvRtU+JkHhKyt4fEzQ6x4xkTebKxjDOD6HBwv1P614ynxr+JniXxTFovhrwhYRTE4KF2naFM/edgdij8K9jAUMU6blTgk1vJv8vL8DxMwxWFjNRqTbu9Ipbevn+JsTam2iz3nhf4e6Xqdg5+W81Y28k99dk9QmAcD3/TvV3QfhBrWoQXF/rzXHhLw7tMtwS3mahenuGPPlg+/PtzXaeI/jVp/hGKLRTDL4p8XiPM9vYHCRNjpJJ91e/qa8HsPjr8XfGfiBtI0DRtHsbdWPnsu6RYV/2pMhc/QV0YSjj6tNypRUF1k3q/P/LQ4sTicDTqKFWTm+kUtF5f56+p0OqeIWu45vCvhLRNV8NeEYiUNtZW7m71E+skgztB78598VmnwdK2mte+KYP7I8M24LRaPZNlrg9vOkHUn0Bq14k+LcdhI9jpkUnjDWYgRMYn2W0Ld8ueD+FebeHPil498QavKZINJsdDhY+bKgJVR/dDk8n6fpXrYXBYr2XPCKiurb1f63ff7jyK+Nw3teScnJvay0X6WRNeahqvieDyP7DvYNAgP+i6TaxGKAY6GeQgKT7ZxWbqGlXFraDWdfi/tWSPAttPtUzbwEdP94++MemetT+KfiybieePRrYay0Rx5sr7LeMjvn+Ln/Pesbwb4y8ca9cTXF2NOtNEiyZJ2XZGoHcMete1Sw2IjT9o4qKXS+v9P7zzp4jCyqcnM5S720/pfcYTaZ4k8TXMV1daZf3l2zYgieMx28Pv82Mn866e88JnwJZR6vfae3ibxVJxFGsZaG198D09K1NW+LQ0y3nl8LaRDqTqSH1K9bbG3tGvUj34+lV/DHjzxjqlvd694tn07TtFUHy28rZu/wB3v9K2nUxco8/KlDtfV+RlF4NSceZyn3tovM4v+zvE2q3B1K8huEvpRg3V4mxYR/djj64HoBUl5ZT+H0FrpFrdXN/P/wAfF+8RdgPYDP4AcVJ4g+IWpFZrzS9KgWyziO4vWOZD/sRg/wA6u6N4n1iHSpNV8WTW1lCRmKNUw7fh/SuzlrKKk0rdjzvaUHNwjJ37mdbaDqUi/Z7ZZtHtpObi8nwbi4PfC9VHXrVfV5L3So08O+HNPu7a16z3KRs0kvr8w7+9ZeteOdZUCTT9LtrWKRsRmcl5ZT7KOlao12+03SEn8UTotzJykEY+Y+wX1rdUqqalNJ+RzKtR1jBtW6mNZ+GJ7hliv1On6dnPkK4Msx65dh0/PNVNZutSuZo9JtNNvLXRo/lEcMZAk+rdMVj3vizXJZ4oLGxigZzhEb5pD7kdq7axa+ltkhunie/C7pSDtSEf7RrsqRnBqdS3p2OWlUhNuFO/r3OZh0a4lmgOoRiXb/qbKM5UH1YitO8v4dJUyPNHcakFxuX7kHsn+NQazr1np0ctvYuXlb/WTHrIfQegryfVdVkmJG4knnGeg9668Nhp1mnLRHHjMbCgrQ1Zc1fXpJmdY3Y5689ah0bRbnUplmnVynYc8+59qk8PaG97KLi5ibyRyN38X4V7XYWFrptol3fo0cTcQxKPnuG9h2HvXZjMXCgvZw3OLAYCWIl7Srsfsz/wQRgFv44/azhxgLa+GR/6XV+hercf8FYv+CdGOP8AiofHn/pkevz+/wCCD0rzfEL9rmR0SNja+GPlXov/AB/cV+gOr/8AKWH/AIJ0f9jD48/9Mj16uYtvLpt/yP8AI+UrJLFNLbm/U/vF1n/W2f8A17p/M1j1saz/AK2z/wCvdP5msev4rqfEz9Fp/CgoooqSgooooAKKKKACiiigAooooAKKKKACiiigAooooAKKKKACiiigAooooAKKKKACiiigAooooAKKKKACiiigAooooAK/Hr/gvS7x/wDBK/8AaZKOyEppCkg4yDqlqCDX7C1+PX/Bez/lFf8AtM/9c9H/APTpa173C6/4U6H+OP5nHj/4MvRnjX/BUnxJ/wAEvP8Agl14K/ZR1HXf+CRX7Lfx8vfiLZ6pNctb6RpOjNpcOn2tnNcTAtZSiaRhe5WMGPlCA2SBXgf7bXhP9mT/AIJheHf2CP8AgsB+wh4Y8U/BD4G/E/VNH07x98ObK6lWx8R6Jq+kSalbzjT5HkitbqGK0YMsRCBzGVCkOz/pL/wV0+Mf7Kvw+s/+Ce3w/wD2gv8Agn3ef8FAfiB4sj1dfAmhwXMSPptza2mnSXKiOT5ZvOWWDKEEEQcg8CvxV/4KJfEP9tf9pr4nf8E8Pjb+2p+zb4Q/Y2/4J/8AhT41eEtCh+HD6rHf3MNpNexi5v8AVXRI4kiW2tWhjjKII0lcBTlmb+uczng5r6riWvf0s92fnlBVV+8h0P0I0z49f8FsvjvY+AfiL4D+Ff7Cn7HHgjxfIZPA3hb4weKp4vE/i23YhohHbRZZZ3R4z5RRHG8ZXBBPj2v/APBV7/govo/7Rfw7/wCCeuo/sT/C7wR+31qmqTwtZ67r8v8AwjWr6atnLcw3un3UTZZJVtphuLsqspRtrB1W5/wcN+OP2Jfg5+1n8Ffid+17+xL+1H8YtSbwrZw+FvHfhjx9No2jwS297dTGyiQKyJeRMwmbaVYrLE2D1r5t8If8FA/+HkH/AAXM/wCCSfx1h/Zi+JH7OmmQ6ZrumadN4klEj+J7MWOoSpc2rCOPfbo00qiQblLGQA5VgPEfh7lDSj7Faev4nUs4xCbfMe96b/wVn/4KRW/7UfxB/wCCdt/+wl8NPHH7eGn3dkLLTPD3iORdBtLGWwjvpLu+u5WKrEkE8DbvMQFpFTliAeU1/wD4K6/8FMfCX7W1z/wTx8Q/skfs0p+2TNr+j6XZW0PiW6bRjHe6Y1+oefecv5RhO7eFUlgQSBX7L+GNG/Zbv/8AgoP/AMFabj9k3UdV07/grE3w/wBHtdQufFextKsxJoFp/ZraZGPvWfmR6QbsuGIlEX8JUH+Xz/gjl8H/ABT8cv8Agqf+yl48uvDn7THiz48+A9U8U6h+0b4q8dTzagmm61aWFxY2dsl4xYFjLIseyRvMGcAFYs1hPw/yiMlahe789PxLWb4hr4tj97/7U/4OGs4/4Y0/YSz/ANj3cf8Ax6vgH4Kf8FU/+CpP7Uf7RPxs/Ym+Ev7NP7JPg79ov4cya2vjXWPEHii6TQ9Jj0++SymkiO4tIFmkAyC+V+bAAOOU/YM8d2vxI/4Or/2xfFOk37ajpCReLdBjnWTejvYQ2dpIit0IV7c8DjpXzH+zp/wSr+Ev/BRD/gpn/wAFofip+0P42+IXhz4F/DD4reKrjVdE8IlV1bxPLNrGpTrCJGWTEKLprMUVC8jyIEZCpNdP+oGUb+xX4mX9sYm1uY/W3xN8Yv8AguH+zX8P9d+P/wAUfg5+xJ+2L8CtGjbUPEP/AAqHxHdf2lp2nRDfcTwLcKonaNAzFUV2GM4wCR5d+zn/AMFG/wDgqV+374U+MHxx/YP/AGR/2cfGnwC8O+Jb3w9ZjxN4juLTWrySC1gudvlCREZ3juocYwNzYPTNej/8ECvi3+xF8Ufg5/wUJ8PfsR/skfFH9nD4daRYaYNR1PxV4wudcfxjLNaamELQyboLSWFIf3iQs24XEe44Vc/H/wDwQJ+PHin9mD/ghH/wUN/aE8FQ2Nz4p8HfELW9es4rmPzIpnh0PRGKOp6hhuH40qnh9lEp87or8bDWcYhK3Mew/B3/AILGftWfty+JPhR8G/8Agn7+y78PvGvx7HhK68SfEy08YarcWWm+D5obhLZrZZh5Z3NKTtDneQ6YUjLVl+DP+Cj/APwV98fftpfE7/gnr4e/ZL/ZDX9qDwdpA8Q65a3Hia9TThYtDYyp5Nz5m1n26nbt1xyR1HP1V+zj+0d+wt8G/wBsH9lu+/YVfw7ffEb9tDxbL8RfH8KTw3M3hXRLfQry5eweNcm1lk1OWV9nGGS6XACpXlX7MX/K2z/wUD/7JNZ/+mnwrWVHw6yiEeX2SfzZUs5xDd+Y8D+Cn/BXj/go5+018cY/2Rvgl+yl+zhJ+07pEviSHxRa6z4huoNMjfSrxbaZbWUOOQzHO5jnHFHwC/4Kyf8ABUT9qn9pv4o/sU/BT9kj9mJ/2k/h5HrreN7fV/Et1Bp0Z07VItOnFpL5gztmuI1wS24EsMAV9Qf8E3vi9/wSr8S/8Fg/2ifB37OX7G3xt+FX7WkV944XWPHeseJLm60vWJodTC6i0No99LGgllJddsXyD5cLnj4r/wCCJH/Kyh/wVz+nxT/9TzTquHh7lC/5cr8f8wecYj+Y/V39g7/goTrX7S37LfxD+Lnxi8KeB/AHxe8Jax4g0fWPDOlaqHW6k00Es9uJC0gVyGQH5huRsE9K/L3Vv+CwH/BTXwv+x/8AD7/gob4m/ZI/Zkt/2RvEutjStNmh8SXTaw+69ntF3QCQ7TvtJvmK4IAOBmrH7Kf7Gf8AwSx/4KweL/8AgoF4X+D/AOyB8Zf2Ivj54A1m7h/4WRYfEfV9QgudRuZ71BcOlxMYIh51o8klt5fMTEK64yPDfj0nl/8ABpZ+x1GWVivjmBcqcg/8VJq/Q+leXgPDLL6VWpUqR5oy2Wvu/ib1s8rSUYp2a38z5H8VeM/2xv2Mv+CfOkfFf9oL9mn9kr4+f8E2fj740tfGvh/4fa7rOpXNz4V1q+tJb1JLK4t5Le4s0aO1l3IHkCnIGDLIZPsXx9c/8FFPg58Vf+CaH/BQn9rf9nX9nPwJ+zjYXPh/4X/Cr4Y+GdQubP8A4V7Z6zbMqO9lKski3wtYQHaSUhGhVDGpG1f1Ws/A37Llz/wQz/4JoftC/thXvnfBP4KeHPC3xUl0PaCfFep2ukz2+n6WNxCsZ7u9t08tgUk+4+FZmHgX/BRb9ovxj+1v/wAEiP8AglD+0j8QLPTNO8X+Mf2hPA+sXttYptt7Zmk1ZVjjHXaqoqgnk4ySSSa+2zLCwlhJ0Wvd5WvwPKozaqKS3ufsP+1d+078Nf2O/gL4+/aE+LN5cW/hDQrdXMEG3z7+4dgkNtCCQDJI7Ko9Mk9q/Nzwp8e/+C6Xxg8MaP8AFPwD+wD+zR8JPhvrYS60Gy+IfjprbWZrWQboWuIElQwysmCYnRHHOVrsv+C6Hw0X4j/8E4fjHcr4t0Dwff8Ahm703xdaTam6rb3U1ncK4tiSfvSBmVRzltowc187f8FBfBH7Kf8AwU5/Yd/YJ/4KQ/t3fFf4t/8ABPfT7ZI7bTtCNimrLrFzqM8JQ2dsgMzpKLI3EUwVXNr+8dAqhh+LeGnCeX43CzrYiHNJStrfRH0+eZjWpVFCDsjyT9on/gpt/wAFbf2U/wBoX9n39lT40fsmfsj6d8ZPitf6fpfgn7B4mvLixa4udQjsU+1SLIdi+bMoJ4wDnnpSeMv+Cnv/AAVd+Hn7avgv/gnT4t/Zd/ZBt/2pfE0dte6IYfEWoPo7W0ltcT4lnDlg5FqwB4APB7Gui/4Lt4/4fd/8EMsfd/4Tbwvj/wAK6ypf2tPAHju8/wCDq39jbxpa+CvFl14Oj8P6b5mrR6dM1nHt03VFbdOF2DBIByeCQK/Sv9QMn/58r8Tw/wC2MT/Mcnp3/BUP/grFq37dmtf8E0rb9lf9kKL9rHT0N5ciTxJfjR/sx0qPUgFmD5LGCaNs56nbtzzUfwp/4Ktf8FR/jf8AtT+Pf2Evh3+yl+ypdftS+Eb7XYfEMd34lvYtJeLT5LeJ/s0pflg1wxyzEMoGApyD2HhH4f8AjtP+DvX4peOX8FeLl8FP4ehKawdNmFiw/wCEDsYsi42+WR5gMfX7wK9eK8l/4JwaXqujf8HQn7cNtq+k6rpU1zJ8QNRthdW7xfabWS+shHNHuA3xsY3wwyDjrS/4h9lH/Plfj/mUs3xH8x33wI/4Ktf8FN/2p/jV8Qv2RfgR+xh8DNV/af8Ah/qWuWfxEfUdeuoPD+jrY3i2YEdyXGZHn81QpdiwjZlXaGK5fwU/4Kr/APBU39ov9qT4nfsNfCv9kn9lo/tOeAjrbeLbfUfE11Hpnl2F7b2kn2WYSYJElyvVjuHIxjFfpR+zZ4z+CH7GH/BVjxT+wb8IrXSfFPxu+M3iXxx8cvjF4hD7pdLjuJLm60TR0JGV2wXDzvGcFDIHUstwa/Lb/gkf/wArNv8AwVE/69/iH/6kulUo+H2UL/lyvxF/bOK/mO//AGff+Cs//BSL9q74hfED9lv4AfsI/DTxZ+1P4G1rUtP8f3l14le18L+HYra5a2BM0jhmkeaKVVQSFnCMyqQrFf0h/wCCbf7Zvxd/az0n9pbwt8fPhr4N+Gfxk+FnxG1L4d+IbXw/eyXOnzXdodkjQvISxAkWRd2SGABGM14VJ4a+FWpfsKf8FoT/AMEcdY8fab+2PcfEfxGvxDn1e4MXiE6vFfM99FpbQFWiia2bU1sJEG4ys4z5oYr1H/BE/wAFfs2aZ+xjo/xU/Z317xv4qu/HmoyeIvG2oeJdUN9qbeIiipdRXMnTejqeeWbfvYktx+feIvDGW4DAc+HpWnJ6PXQ9nJcdWrVrTldJH69UUUV+CH1oUUUUAFFFFABRRRQAUUUUAFFFFABRRRQAUUUUAFFFFABRRRQAUUUUAFFFFABRRRQAUUUUAFFFFABRRRQAUUUUAFFFFAGxo3+tvP8Ar3f+Yr+D3S/+UsP/AAUU/wCw/wCA/wD0ypX94Wjf628/693/AJiv4PdL/wCUsP8AwUU/7D/gP/0ypX7P4M/73V/w/qj5biP4UfCP/BciWGD4nfsdyXBRYfsnigEsMjlbHrX5YzS6bp8Y1BbRHUYO6LkD361+of8AwXX8wfEH9kExw+ewtPE52Y+8MWOf61+P1nqpsUMlvuvdGfiW3YZaI98f4V/ZfCGJ5KMk+5+W5xR5ppnf2finTLuZGjujZ3I4UuuA3sfUe1dDLAl6p8oKlz1ZM8P7r/hXj15aQxxfbtNK3mlOMsn8UZrV0jWmtY4xLObiwyAsin54D7+1fbYbMHflqHgVMKrXR0VxDLbuThlOecnpW1pviGeyeNJy23AwSeo96lSeDUkQXDRmZh+7mHCy+x9D71m3enPCSjRtuXse30r0YuUPeps4JwV7NHqNlrNpfIjFyMcBkPzIf6/Sr87IGhN9Bb3ETcJNtBD/AI9j7V4da3lxp8oKEkDqp716Touv28sTIwWWFhiSFuQfw/rXqYbHc/uy0Zy1cPbVI3ZfFNvpM62n2OaFc5GwDH4c1v6fqWia0JJVhtJ5wMsjRgPn371g3Gm2l7bF4S1zZr8w7y2v+I965O5tp9NljkaQqmcw3Uf8mrpliakHrqjF0otWWjPQG8b29tctZPZX9ts4O1AQB7jPSuks77Q722kv7Oxs72dRu2xoA2fp1zXnKahaasI7bV8WOqAYhuoyAH9AT/Sq8gu9MvFMrnTtQ6R3Cf6ucehqo42e71RnLDo9Et/iDo14z29/p99aop2ljGHVT7jqPyro21XTdN09ta0nTrbU4wMs9vtBA98CvL0u7fVLgCYro3iEDCvj91c+x9f50sVzd6ZfH7N/xKNVxl4m5guh7f5zW0MdNay+8yeGR0i+MdB1f5ri2udPVzjM0YeHP1GcflWlqWqQeHrGO4tdMFxZuMs9uVCn3zjH41y8JtNSuJZNNWLRte6zWUv+pufdaWyvpbOea1s4DaT8mfTLg/JLnvGex+lNYyS369SfZI6fSfFui6nLBDqds9srH5BeRh0P+65GBXReIvFqeFXtok8Pziwf7k8EgVD9Plx+Brz2GztNTWdtAAMnW50q54ZfUpn/APV9Kt6Vrl1p8Utgls2taKfludKvBiWAd/LJ/l09K6KeOmo2bs+5M6Mb3X3HdaZ4u8MeIbiKO7it4L8jCrdwKrN9G5B/A0t38Sb7wnq8dlN4dvoBn908bjbKv+yMYP51w0/hzTdTs5dQ8IM2taYObjTJvlubM+qZ5/D+dUrPXpIbJrC9hk8T+G1bD28wIurE+oPXI9etX9fqRVm7Puuo/YRfp2Ppvw5418HeKRO2nabp1v4pVdy217bJHI5/2WI5/OuPPxilt9ZutG8ReB9VtJoztYQMGcL6+WQMj6GvHprKC6so7/SppPEejIQyvGcXtgffGCwHr1rai8WJfWEFt4ujbxToyYFvq1sdt7YH/aI5IHp/Oun+1qlkm7P8GYfUo3va6PoPT9c8PaxpN9qvgyw03U9XiXc9mYlguMejLjcDmvNdM+MTT3F1Y6l4X1bT0jYrOgjFysZ/20IBAriby2e3S21xL6fVdNU/6Pr+lkrcW/tOi9QO9ar+IrDVfs1x4yKxzgBLTxPpS8+wuIx29eMfSrnmlVtWfL+TJhhYrpc9VvviCbPQzrfgzSdI1uBRiYWqiMr9QoyD7EZqp4X/AGgPDuqKkPi/wzd21mG2vI0YuYo/97jI/KvN9Qsr7RZotammi09pAPJ8QaSu60uh2FzDyBnuelRX0ejanLFLryReENdlwItWs/nsL09vMH8JPv8AnW8c3rqV4u1uj2YlhKdtUfQHj3xo2haRa674L8Maf4k8GMN0s1lNtEI/2wAQo98VxOj/ABI8La01vcajZXnhuSThXvYhLbE+04GF/EAe9eYWt14n+HmopcwXI8PzynK3MJ83TtQB7OvQE/nz1rsYJvCniaYKTafDXxdPwUdfM0jVWJ9P+WbH2x9DXS81qVJ3vZ9nt8mZLCxhHuu52fiD4weMvAV3bLeeFIb/AEByPIvLe42oy9iH5T/PWu/8MfGTwR4lkgh1Kxg8M+IZR/o51O3Xy5HPTbOMg9u4PtXhsR1zwXdvolzbxaGJs502/wD3+laiD3hk6IT7Ee4pG8NeH9ZllsvD4XwvrcnzSeHtWbda3R/6dpunPbbz7V1Uc0xEZ3Ur+T/QynhKUo2tZ90epeJfjX4v8K+IU0vxf8M7eS2kbbbXlpeGM3A7GNmBVsjtkdq9J0X4i+Gdfjmt/DlrY6Z41EZeGx1iMW08v+yG6Pn/AGSa+YtO8R+JPCxl8Ialpi6ppbcSeG9eIYMuOtpcH9MH8K6my0zQfFKy2Pg+4W9lT5pfCmvv5V3bH1s7k+nbJP1Fa080rubalfye/wAn1/PyOerg4JJW+fQ60fH/AMR2Wtz+GfHfwnv4bwdRZ3YEpX+9GjgCQf8AAsV6HbfEG41XS7iT4RLo2qeIIVLTaNfxG0vAB1/dnGfqMg+teLLqV3MknhvVdPm8a2Nv80miaz+41fTf9q2nP3wOxyc4GDUcOjafrgM3hqa58YraHebC4f7Hr2knPWOTjzAPfr6mijmuIjdc1/zX3ESw9N2drfkeh+HP2kdYv7y80bxr8MNXs57f5br7JiZ4j33QOAxHuC30rovGPibVdd0T+3vhHpfh3xvYxc3lhFuivbQjJO6EEMTx6Z56V5aPEja9H5HiO1vPH1vafL9riH2PxHo2M/eHHnAZ79fen/2Pcaog8T+EtUm8ai1PGp6P/oet6cP7tzbceaB3xjPPymtKea1nBwlJy+66/wA/x+RSoQUrpW/Ik8MfHVb6KSHxT4Q1WKziYpM8X+ki2YdfMXAdMe6mm+N/FHiJbdfEXgrRtE8a+FcFnms5H861A/vop+XHclTj2qGTxZp3iIC98c6XJrs0P7tfFPh9fs+qWeO13bYHmY4yCO3SqL6Bd2anxf4X1Ya9pwOf7f8ADabbiL2vrDvjuVB/CsPrlWVPkcrrut/6/q5rGnBS5rW/I0vCHxv0+SGM+JdKutGiYYS7kxc26/70q8r9GA+tN8TfEzx3od4mqSeGPD+t+G5WBh1OxuWjXaTxucblHHqMe9YD3+jamjaxrEUdjJJ18R+Ho/Mt5+v/AB+2fPPqcE+4qFdK1HwzC2t6PqENno82SdU0Zftel3Q7/abU5MWe5HA9aTx9f2aip3t1W/zX9eo1Rp810j06x+LkF7YLDexS+FNTmT/RZ7+NZLWRscDzkJQg++0+1cTd/Fb4meGtTjtPFfgnQb3TJWxb3EE5jjuMnjZMxZMkc7TisaOXS0gM94tt4OW4/wCX2yT7Zod+T/z0i6w545HApZf7Y8I24KpbaRolwMcn7foN8D78mDPpwPrU1MfWlFXla3b9UKNCCeqO6v8Axja+ILZbTQZYfBXi0jMdlrEAiS5Poko+Rs9sGvOj8T/HPh7VG0bx34IW2vAcJJbSGNpR6oGO2QfRqllutAeBbGdIfB6zfds7/N7ol2T/AM8Zh80Ge2Dgf3ajvb3UvD9tFo+pwwLokpxHp2tN9r02f0+y3o5iOM4BwR6Vz1cXOXvKVrdtvmv69DWFCK0sa+ofEPXNajD/AA71bSZtVQFpNI1OLybhsdlBI3dOxI96K891LR/DmryRWVtN/YGpE/utL12T9257fZNQXr7BufaivNrYivOV038np+TNoYemla33o+f18Q6LoKrrGkWw1C7B48R+I0wqn/pzshz9OB+NWJ9T1i/UeJNbu20eyxxrniH5riT2s7IcJnHHArkxq2m2DNrGgwNqN0OG8SeIBhU/69bc8d+MCrtr4a1fWBJ4q1rURplhn59f8QnB78Wtsf0GOewNf5Wyw8F70tPN7+n/AAP/ACU/0Vp1pP3Y6+S2+b/X/wAmLH/Ce2+iyteeG9LmgeQ7f7c1lvMvLg/9MIcfLnsAB9DXVWGmakbZPFHjqdPBOkS5232rymXULweltahcjOfb6Vm2eq6N4XhOreF7NLOUja3inxFEJLiQ+lnakce2QOvSrqaLqt3FJ408Qai3hLS3HzeI/Eh82/uxjpaWp+77DA9hXNWlHouW/V7v0/y1f91HbSctm+brZaRXr/S9Wb6/Eaw8MJs8H+GpfCsVwdiarqWLnWNSJ/54QBT5ec8cenAqC6uBpKNr3juefwXDc8qJ5/teuaoTjhUwfLzn3I9BXMy+MLHQYJbzwJYN4bhlykninXl8/Ur/ANraE8gHsAAPanWngXVlt38XeLdVb4aaHPgya3rZ8/WdTHpbQHJQEdMAfQ1jHDQj70/dv85P8/u1fkjZYmpL3Y+9b5RX5ffovNluf4ptpy/2J4Z8MXfg23ujtjt7dvtWt6oT3bAJjB9+R6VvW2jWugwRXnxKaTwX9qw8OhafN9s1vU8n/lowH7sHuc8e1Y0fiTSvBtk//CD2H/CudMuPkk13VEF1r2rk/wDPGI58rPb8OBUkGh6jYWEniHxBqT/Cbw3dNuk1HUT9p1/WyeyIcshP0/Ciqope6uVP5yf5/wDtz/wjpVpN6vna+UV+X6L1Oru/iM+nQxeFdI0CbwNZz8Q6Bocn2nWdR7ZuZwP3YPfnjuaWS507w9DBp/jS0bRZ58PD4R8PzfaNRvM97ycD5Qe5yB71x0niW08M6c9t4UtH+F+h3XyvfTL9p8Q64T/dHJjz6cnngCrFr4Xm0nSv7W8V6lL8H/CV027Zk3HiHXyefd1JyOOoz2rjeGglquW/zbf4/hzPu4nRDETk9+Zr5RX5fjZeTOtuviBqOom38FQaJLp+8AW/g/wxJvnkBGM3tyFAUepyPfNWrx/D/hprfTPHltDq3iDAa38D+HJ9yw+hv7kAADpnkD61x994uTwto66J4XsZPg/4XueFit1+0eItdyeCzctHu/Ej1rMHhIaNpKX3jy8l+EXg+4bdFpdsxm1zXCT/ABnlhu79SO+KUcLDRtcqfRayf3X/AAu+8kbyxU+vvNdX8K/L8bLtFnbXnxQ1nxXeW3g628OR+IrpMC28J+HpPL0+xHY3cqqN+O5Ygexrbuta8NaDdJYeNbSD4k+OYgDB4P0KYLpulHGR9snChePf8jXkuqeNn0nSIfDfh/T5/hN4PuCEj0zTv3ut62TxiaVcld2eg5561D/wji6Ho9o3j66f4ceF5+bbw3pp36tq59JmHzDPf68kVp/ZtNJXXKuiT1f3f+2695mcM3qO/K+Z9W17q+/8L/KJ6DrnxM8T/EPUo9AbTIfGOpQYEXh7SZfJ0bRwOn2iXADke+enAqtNreiafqK295aW/wAVfHcHH9n2k3laPopHaWTGCRz6njoK871vxSYNNtvD5tW+H3hSQbbXw5o53ajqgIx+/kXkZ7gfiTVC7gg0ywtbbxtu8K6E4zZ+E9I5vL/0Nw68/X8cmuillsFFJR5V0S3f3fp85HJUzeUpNt80u72X3/r8oneXHi/xB461n7Lp+nxfEDXYCd22XydF0T26bWYevJqBPEmjaRqMraRBa/E/x5FkT6hM+zSdGPcISMMR7fpXnmv+KdSubS18PalC/hvQn+W08J6H/r7oZ4Nw6jP1HSqd9pdtplpZp8SLg6VYtg2XhLR+Zp/QzEfqScV10svikotWXRLr92/ysu7ZyTzKbbknd93svv8A1u+yR6Lp/irVfGGryy6HZjxtr0QPn63fyCPTdKHcQqVwcc9Pzq3B400PR7y6uPCUMPjjxSgIvPE+puFsNP8AVYFxhiMduPc14/rfiXU9ZSz8OXlk9jp7ELZeFNGzmQ9jcuvLe/arl7pukaDHZS/EydNQvcBrDwhpTfKpHI+0Ffwz2+taPLIaKS9Euv8An+EV1bMI5pN3cH/289l/Xzl6Hf6V4l1XxLd3ur+G4/te0EX3jHWpAsMC91tkIxgc4C8ViN8S9J8PNfSeAIGvr0gi88W6qQXk9RboRwPTHH1rzbxP4q1vxTdWematB9pCgf2f4Y0sYhgA6ebt4P48U+803S/Db29z48kj1/xFgPZeHbJgYbf0809OPfjjoa7KeWU1ZVFv9lfr3/CK8ziq5vUf8N7byf6f05Grpl5qnicXurwPJo2gtl7zxFqcu6a6Hfyt3brjGBT4/HWn6PYXNp4CtP8AhH9C/wCXvxBeNm5vfXygRn6Hp6CvP9d1vWfE2p29nqMb6zqII+yaNZ8W1oOgL9jj1Nac0Gj+Fbm2uPFjJ4y8ZD/j20i3Obay9C/bj3r0Hgo2Smr9or+tfV6LojyljpN3g/WT/rT0Wvmb+lwNqNjdavI8vhLwd/rLnV72XN1qHc+WCM8+v5Utx46trXSZ9N8I27+B/BY/1t+x/wBO1Q9yCeRn868+1PVtd8V6xbJqiv4j17pbabb8W1kP9odBj1Nbsp0fwjdRTa2YvGvjrGYbCM/6Lp59W7cVo8HHTn1fRL8/+C9OyM446Vvc0XWT/r8Fr3Zo2mlLc6TJf6o48B+AVO5ndv8ATNT/APZufzNY+teKYf7L/szSYX8F+BlOFijG271L3Y9QD6d65bUdd1bXtYSW+lfxP4jH+rgXItbAZ7DoMetV7maDSbsvcSDxJ4tYfKoP7q1+np/Ou6lgnde01fbt/Xd/JHDUxqs1DRdX/X5L5liRVSwS41sjw94cU5hsYzia6/38c8+lYWqa3cX0EdvNEdJ0MHbDYxcPP6Bsfy/Oq4S91PVMDdr3iFscA/ubUfyGPzrpbY2Hhy5ZbRIvEvjI8NIf9RY/0GPSvRUVB66y/r+rs4E3PROy7/1+SKsGgW1pZw6p4wb+zdMyPsumRcy3B7ZApusa1JeLbxahbi2sMgWej2/JkPYyY6n9KhB1DUtWkW1kOveJH/1t1J/qrQe3YAegqVrqx8Nyy22kAa/4rfie7kGUt/p2H060km372svy/wAvXcbkkrR0j37/ANdth0ltDYC31PxcFuLskGy0mHkA9twHX+QqnqGp3V9d20+soL29JH2PS4Qdkf19T6k1j2y6he6jLHZyPqWtuP8ASLuT7kA9vT6VoC8tdBaWx0EjUdcYf6TeyD5Yv8+lbeys+7/L/JfizmdXTTSP5/5/ki7dmLSpo9Q15k1XxA//AB7WUY+S39OP61z11fXNxepLdD+09dc/uoFP7u2H+e9Z9ut3fXU8GnSPc3bf8fF7IchfXH+FWZL620lJdP0Jlub4/wCvu352nvzXTChZ23f9fcjCVXmV9o/197NBri30BxcTldY8USfdHVbcew7VgFrq+vmaQtqWsyck5/d26/yAqla29zqDSpZSNHCTm4u5DnPriu40zT7O0syzO9npXVnx+8uj6A+nvWkmqau9ZE0k6mi0iM0rSI7ZJpopF3j/AI+b1xwv+yg9aytZ15baA21qfItAen8Ux9WP+cVF4h8WoYVtrSNYbdBtjQfdUevufevKLu8mvJWZmZiTj610YPBSqPnqGGOzCFJezpFi+1KS5kJU4Wt7QfDcl0y3d4jCPOVQ9W+tS+HfDxmljnuVJ5yq4zivZIYrfSBGphS51Jl+SI/diH95/wDCtsbjlTXs6e5jluWOo/a1th2n2FrpdvDPdwiS4I/cWwOC/wDtMey1zmta3MLqSG3Zb/W3GGfHyWq+gHYD0qDVtclNxJZafObrVJP9fcnkQj2rC0+ym1CZtO0xmWIHN1dHqT3GfWvMo0bfvKh6uIxSaVKlsfuj/wAECAB4z/ayBladvs3hrc57ndf5r9E9X/5Sw/8ABOj/ALGHx5/6ZHr8+P8AggtDawePf2toLRt8CWvhlQQepzfZ/XNfoPq//KWH/gnR/wBjD48/9Mj19Tmbvl9R/wBx/kfnbVsRy+f6n94us/62z/690/max62NZ/1tn/17p/M1j1/FVT4mfpNP4UFFFFSUFFFFABRRRQAUUUUAFFFFABRRRQAUUUUAFFFFABRRRQAUUUUAFFFFABRRRQAUUUUAFFFFABRRRQAUUUUAFFFFABXyB+3p+yrF+2t+yf8AF39ms+Kz4Hu/EdnCtpqpt/tCWdxDPHPGZIgyl0LRBWAIOCSOmK+v6K6MLiZ0asa1N2lF3XqiKkFNOMtmfh/8P/8AgnZ+3r43/ac/ZU+O37b/AO3h4X/aE8NfB6TULnwnouk+BrPRpIZbm2jgdXmgRN6EQwEl97fuxgjJJ/U/9pH9nf4V/tW/Bnxt8B/jP4fTxF4C122ENzGCFmtpFYNHPBJgmOaNgrK45BHcEg+40V62acTYzGV44mvP347NaW+458PgKVKDhBaM/FXwT+z3/wAFtf2ZdAtvhZ+z7+3z8C/jV8GNOjSy0CD4s+FHudW0u0RQI4nu4ELzhAoAMjtgAAAAAD54+In/AATV/wCCs3xV/aO+D37cfjj9vz4E6z+1h4Haaz8MJ/wgiQ6HoWnSxTq8MaRxhp2zdTHM0bH5/vfKK/oxor6ReKGcKKj7RaeSOL+wsNe9j+aXTf8Agk9/wU8039rDxL/wUSsv27fg/pX7cWo3sEM+p2vhmQaJe6WumLYPb3Fn5exsxw22FMZUGJXGHAYb/wADv2BP+C2vwIvf2kNP+HH7dH7Lfw3034q+Kbrxf4s13SvDM1xqo1K5TZPPZxy2qx2zEdNj/KQGUqea/o7opx8Uc3V/fWvkhPIMN2P52dC/4I2ftCfskfFD4I/Gr/gnT+0r4L8GfFDQPDWp6J4j1T4h6S+pt4hur2YS3N7hUkAaQgZVsldowx6VhfAP/gmh/wAFW/2RPiv8bP2tfgN+2j8BLv8AaP8AiZ4h1HWfiH4f1Tw3OfC3iLz7p7qORVCiSOZJrm8ZSipsWQqrlXcH+kOisaHiXm1OKiql7eSKlkuHk72Pw0g+Af8AwXw1DU/H/ia7/wCCgH7L/hr/AISuxjs7/wANWnggyaRoiATBhYxND8skn2hzJO2ZXIQM7LGgHxb8I/8AgjV/wU3+AP7Lvxr/AGK/hT+2n+zpp/7OfxCuJ7rxRY3nhWea7uJp7W3t52imaNniBS1iUBWH3c8Ek1/U7RW8vFHN39tfciFkOG7H87Guf8ENLz4E+Jv2UPjb/wAE7vH/AMO/gP8AtLfDyKZdW1/xDps2oWniW4lsvs0ly9ufMVX+efCbdoEn94ZPKeEv+CZf/BXbwN+2V8Rf+CgXhz9tz9mOD9qXxbpQ0HXtRl8HyvYz2CwWUKJHamHy0bbptsCQo+5nPzNX9KVFc2E8SM2ow5I1L+qTNKuR4eTu4n8xnwc/4I7f8FEf2bfjRbftZfA39sv4G6X+1Hqk/iOfxVqOqeFpLjTrltUu1uJjbQtGwGWGTlFwfu4HFM+BX/BIr/gpz+y9+0j8Sf2zfgd+2z+z/p37S/j5NcXxzf6n4TkuLG7Oo6nFqE/2aFomC7poInJ2rtxtX5Sa/p2orePifm6Vudfcif7Dw/Y/Dzx1+y1/wW5+PPhLxF8IfjH/AMFIvgl4I+EniGKa18THwF4BhstV1O1lXbNCtyYY3i8wcM6OrEZUkqSp+Q7j/gjh/wAFHPFH7Lnw1/4J++OP21PgTP8AsW+HPEMeq2lhaeEX/tiGJb2e6OJ9iF5N11OQrSbcsBnAAr+n+inLxQzh3/eL7kEciw3Y/nhsf+CMP7S/xE+G3wc/Zl/ao/4KE698Yf2OPAIRvDXgLTvB1ppYhkgt5ILMz3UREtwIRMSBM0nTHANP8Jf8Ecf2s5fCf7N37Pfxd/4KJ3Pj/wDY6+F/i3TvFfh3wTbeALCzuYZbKWWSBf7QU+cT+/mQl2cASNgcLj+huiuOp4iZvLmUqu6tsv8AI0WS4ZWtE/K3/gq9+wV8V/2/PhN8LvAXwt+LXhn4dzeH/FUPiK/0zX7KW70fxGkaERxXkMefMVH5CMrKwZwccGvz2/aj/wCCRX/BRX9vbS7Cf9sP9tv4Sa/q3hHSFtvhrpfhnwy+naLo181zC01xc20ccYYtBD5IIViAEAAA5/pborlyrjfMMFR9hh5JRvfZF18qo1Z881dn80nx9/4JSf8ABUz9r344/Br9oz9of9vX4E2fxf8Aho1re+AtW8O+Bto0y+gv47yKWWApHFJtkiDjcHBKqCu0kH6//wCFDf8ABfz/AKTH/Dv/AMMn4e/+Q6/ZyivVl4oZxf8AiL7l/kYRyLDdj+dX9qDxp/wXr/Yt8C+Gvj74i/4KDy/tP+A9M8T6TF4l8L+FPgroK38ukvcKLiRSlkXC7AUJUqQZF+Zeo8LvPiN+1f8A8FB/+CuPi/8AbQ/4JvTeLf2XYdE+Etj4Zutd+LvgKSKKd2upBLax27LKjSMPLkVlJIWNs46V/U9RXq4fxdzCOHdOaTn0l2+RhPh2i5qS0XY/mk8Jf8Ed/wBvj4QfHbwz+3B8Iv22vhnP+3LqN94hv/HfiPxF4be707U31BgqpaQsrhI44soE8tFT5QgVVC1l/B//AIJKf8FQv2e/2m/iL+258Jf22f2ebL9qDxy+tDxhf33hGSXT547+7gupBb25iKrmS3RvuLt2gDOTX9N9FeTDxQzdL+IvuRv/AGFh+x/NN+z3/wAEnv8Agp3+yN8VfiN+0p+zv+3Z8HdA+P3xDudTufiN/aXhh7nRdWkuL37WksFs8TBZFkeYhtqlfMdVIVmB+7P+CX37Avx1/Yt1j9pzxX8bvi/4B8e6v8RfEaeI30nwnpbafpGmXZ8xp5ooGVRE0jSgbEAQKijtx+ttFefmvHeY42g8NiJJxfkjahlVGlNTgtQooor449IKKKKACiiigAooooAKKKKACiiigAooooAKKKKACiiigAooooAKKKKACiiigAooooAKKKKACiiigAooooAKKKKACiiigDY0b/W3n/Xu/wDMV/B7pf8Aylh/4KKf9h/wH/6ZUr+8LRv9bef9e7/zFfwe6X/ylh/4KKf9h/wH/wCmVK/Z/Bn/AHur/h/VHy3Efwo+BP8AguzNPb/EH9kCa22mVbXxOQCOvFjkflmvx5YQ6qj6lo+2DUVH7+3PAf8AD+tfsH/wXcgkufiB+yDFFKIZfsnicq3uBYHFfir51wLrAP2DW4vwEg/qK/rrhydqTT2ufmuZU7zRpW97LayyXVhlTnFxbH9cCtOJIrlTqOjEEkfvbYn8/oazhLFre6VCuneIIh869BKP6is+KaVbh5bZvsOrx/6yI/dlH+e9fR063Lvsee4I6zTdZeyZmiJnsif3sB6xn1Fej2Wu2d3bxi4lNxZ9EmH34D6MO4rxtZotX33FiRZavGMSRE43VWstRu4JJZLYm2vFOJbdhxJ+FejhsycNN0c1XCKR63rVsY0EsThlIyrA/K49RXHJqk1rKJEdo5F4yO1S6b4hhkhdVR5Lb/lrbscNEe5WmalZwzwfa7KYTWjDhgOVPoR2NdNTFc3vQZzxwttGdxoXjkrIgeVYJx/EvQ16EmqQanE5tvJWVh+8hY4SX/d9DXyTczT2rjGQM+lbWkeL5rR0SeQ7PWt8Nn0ovkqGc8uuro9zu4zbrK1pE93Zg/vbdx+8hPfb3qSy8TLFam2v1OraGeCTy8H9eKxLDXrfVEjaaVYbkDCTr/Jh3FVNTspftBntvLs9SxkYP7u5Fd08T9uDOZ4XpJHaztGlqJo2OsaG3IdeZbf/ABxVuLXYhaJb6tnVtFJ/d3Kf6yA++P515XY6vd2F1I1kDZ3w/wBdaSH5JvcV0drdRag0t1ouyz1Ic3FjJ9yX1x706WOvtuZywlt9jtb/ABHBHNPM2oaTkGG8i/1kHpux/OtWPWre5t4bXxMTeWZOLbU4fvw+m7Fea2GqTWcsr6ZiCUH/AEjT5sgN6lfT61r208Nz5lzoLeVPybjTphwfXbnp/KumnjXfT7jGWGVjvr+1nsRBc38zzW/BtdXtTynpvx/+qtWXVba/FvD4nC2l4PlttYteA3oHx/XivPNH1y607zRpShrcg/adKuenvtz07+1bkBtr2Ca68LsskJGbrSrjgoe+zPT+Vd1HGRfw/d/X/DnNOg9mbl79u0i7gu7qY2N1n/R9UtPuSjsH7fgeK2bjU9L8QSRL4gWLw94jI2warbDENz6CQdBn3/OuDsNZksUnh03/AEzT+lxpdz96PPXZn+VTwxw3NvNP4cYX2n9JtNmPzxf7uf5VtTxSei27f1/w5nKi92ad3Bqnh3UkmeX+w9Vb/V3UWTbXY9+3PvW5b6hp2sXYW5YeEPFTjAlUZtb7/eHQ5/P61zmm61Na2sliIhrmhZ2Tadc/622HfZnkY9OlTy6NDe2Ulz4cf+29HH+ssJuJ7b/c/wAKuE39nVdhNdzaSTWPDGqB7dj4X1eU/cbL2OoDPbtk/mK17eaw1K9eOx2eB/Fcn+ssphmx1D/d7An864vTfElxZWsmmahAfEvho8SW04/fWw9s88VsPZW91YNNor/8JR4ePzNaSnF1Zn0U9Tj068d6cJ9tV2FKn3Oh0zUNW8M6hLaWCr4dv5M+fpN589lfDuYz0GfUV0llDpGsNPa+HVg8La+4zceH9RObW79TC3QE+35CvPYNdZbFrHUIz4u8OqcGKbi7sj7Hrx+Bq49oLuwSbTpX8XeH15VDxe2Jz/Cepx+dddOvpZart/X9eRzzo9TqbOfUtEnudEtbZ7RyM3Hh3VhmKQHqbdzxz2xxSw6PY6otxb+FX+y3gGbnw7qpxx38hz+mP0qlaeKhcaemneJoR448NRnCTg7dQ04+uepxz78VevdFlvdPh1LTZn8c+HE+aG5g+XUNO4/iA5bHqK6IVE1Zar8V/X3Gd2nqXdG8Tarpyz+GJrZ9W09eLjw7rIy8Q9beRv0/StmGy07XLSW28LSnWbZDum8O6q+y7tCB/wAu8p645xk/jXFP4gS9tIrXxXCvizRY+IdRh+S+sD745OP8g0+60+5+zwalDcSeLNFTmDUbM7L+yH+0By2P8it4Yjo9V+K/r7iJUtb7M7m112e4tZvD+rabJ430WE4l0rUv3eqabj/njIeXx7+nBqGTwxHrtqbrwddSeOdPtyGbTrl/J1nSiP8Anm3BfH+c1gR+KLHVoIU8XD/hIrCIbINash5d9YegkA5IHf8AlWteadqEUdrr0M8nifTk5ttd0g7L60H/AE1QcsB37VvDEKS7r8V/XzRg4NeRsaf42k1S1Gk+LbCfx/pVpwGYfZtd0dh3VuDJj+lbc+jPrtnHrvhrUX+I+k2xyt3Zn7PrukEdBInBkx69TjvXPS+I9F8Tw28nju1TVgo22/ifR/3V5bennxgcgd/5VR1Xwz4m8Ota+L9KvZdasQN1v4h0PidFHP8ApEI6gY56j1roVbmWuq/Ff18/VGbgm+z/AAOlTxRHrEUcniq3fxraW52x61pg+z6zpZH/AD1jGC+O/wDI1al0i9uEj8X6Bqcvi60hzs17Qv3Op2PtdW4/1mO/H4VzEXjzw14mlgm8f240vWcBIfFWiARvnt9qhHDD1GPyrW1Dwz4n8MyReLdOuXubc/ND4k8PHKunb7XbjP45BX3pObauveXdbr1/r5mbhZ22/r+v8jUfxTp+upHqnjGAalKmEj8V+HU8q8gxwBeW/wDGB3yD9KRtHvdN2eMtC1M31r95PE3hgfOo9L2zHXGMk4IHtWW3iXw9rk0V94tiTw3rzkKnijQADDOcAD7XbdD75/Sp7zw54l8H3KeJbSabTvNG+PxD4eUy2d2vY3VuM4HqSCB61Dm37y18+vz/AK+ZSjbTb+v6/wAi7Lq2k6gF1vxJAukXUvC+LvDC7oZjx/x/WvIPuSM/Sqk+ka94VQ+LNIvkh0yUbjr/AIe/0iwuB/0+WnOz3OCBzzUEPiTw/f3i3viBoPBeuznC+IdBIksb0k/8vVsfl57k/mK0W0zX/Bk51/T5n8NNKA/9s6EpudKvlIHN1a8mP3bGOuDVKqpa9uq3/r+rg42dv6/r+rGdHq2jSA3+oovgi8n661oq/adJvc/8/Ntzsz3Pv1ont9b8IwNqlncQ6HpNyCTqGmN9t0O+B/56xcmHOcdvqae+o+EtYnE+pG0+G/iO4Py6vpBE+jakx/57wH7hOeTwf9qqVzofjX4eSS6rZD/hHreT5nvtNJu9Hv1PeaDB8rPqQPY0pVLq+/mv1X/Depair2MW4m0yJWaWKHwQ9x1lg/0vQ7/P95esOfwx71Uf+2fCMRjVo/D2m3Ax5Ux+26HqCnsG58rPocVdt9R8MatKI5Gtfhrr054ubPFxomot/txH/VZ9sfU0260vxZ4BWe4Nsug6ZIMyNEpvNFvVPdk6w59fl+prjbfxLbuv6/y+ZvHR2Zg3cejyR/YpVTwPcTHi0vD9q0W9J/55S9Yc+xAHZaKswTeF9Rb7NZ3MHgDUbjj7PIwutFvyewz/AKon04xnvRXK4c2tr/16r8joUkvI+fLWfQbCRtS0OBPFmpR8P4j11fLsrU/9O1v/ABe3QfWtzT9F1/xZK3iWR/tVpCCZfE3iP9zZWi9/slscA+wAxXtVv4c+GPh2+tmuHsda1qM4jOqXKTeWf9iHiNfwXPvWV4u+E+ufFDUYLzXvGV0dHQ5gtIoB5cfuAxwT74Nf5N/2/Sc/evFfzSX5L/hl5H+kkcjrculpP+WL/N/8O/M8hl8Y+EvDcz6h4QhTxr4iUYk8VeIVxbWxGP8Aj0tu+O3A/Gm6L4U8a/EO5m8Y6jdk2MY3TeKfEp8u2tl/6doDgY9MDHvX0b4Y+Evwg8GX1tea9PZalqkZBjk1e7R2Q/7MRIVf++fxro/iJ8KtP+I11Y6jqXjXV4tEiINrY28CmBR6gFtpPviuKpxThqdRQppq/wBuSv8AJL9NF5HfR4YxE6bnNp2+xF2Xzf8Aw78z5tttf8J+Enm1LwBZt4p8QL8s/jTxKv7qFuQTZ256Hng4H41T0rw94s8bXFx4xku2FqAWuPGHiZtsUK9/skBwMccBcCvomw8BfCDwbdWlxrb2+pakgBhl1u9R9mP+ecJ2xjp1Ck+9VfiF4Ftfibc2d5deMdQOhRY8i1tUjaHjuAcjP1BrNcRUvae6mk/tyV/kl+mi8jSXD9V07zadvsRdl83+ur8zxG01fw54Z+06p8P7a21zV1Urc+N/Ey5SP1+x257dccAdM5rH0rRfFXjC6uvFFnLMsQGbvxl4mIVIkzz9liYgKvPGMDnrXt1r4H+Fvhm9sp/EF1a3l3H/AKttYvo2Kj/pnE22MfgtdL46+HmlfFL+z5JPFGqRaBFgx21uY2gJ9eQQx49DirqZ/SpzWjSe8pK/4dfTSPkOnkFacHqm19lO33vp66vzPAdM1Lw94aW51T4fJHqGqYxdeOfEY+VeufscDYJI7YAH1qHRNG8QeJprvxTo089na7d19458TN82zHP2OE8AemMD3r3SP4efCXwdNaT+Ir6yv7+PDwSa5fRkx46bIm2xg+4TNN+IXhPwt8UbWxdvF2sHQIMGO1sXiaFm/vEnIY/gaX9v0vaLlTSe8mn/AE/JaR/ulPI6ipvmabX2U7f8N5vV+Z4EnjHw14NN3cfC2y/tLWWBW+8deIhvbPGTawt2644A/wB7rXPaLo/ijxZcXfiWwluLOJwWvfGHiM/OyZ5+zxt/D1xjAr2628DfC/wnJaT6zJp89xGR5Mut3qMyEdNsZ2xr9dufetzxp4R8O/FbTbVz4mvY9Etzu2WE0TROR65yCR244ru/tyjCSUItJ6Oclf8A4fyWi8jy/wCyK1WL5pJtbQi7L+vPV+Z882vijQvCy3knwxtxc6mQVvfGmuqGkYc5+zRN+nAHsay9H0jXdaN5r9tetpNnIu6+8V6426aZcdbdG6j0xhRxXqz+Evh/4Se1N8mnRmI4iu9euo3ZfeOE7YwffYTWr4l0Lwj8RtOg2eJL29sIiCxtZEZZCO5JBHHFdss3pxacIuz3k1f+vJbLsczympKLU5LTaKdv69d/M8Vg1fTdHjvT8Oojaq2VvvF+s/NNMeh8gMOAecDgfXrVDQ9F1TU1vdU0CaXRdMcF7/xXrJzLOv8AF5CtzjrjoBXo02h/DbwosE2ryWkrxkGGXV7tZNmO6RnCD67TUXiKXwz8TbBLO38QXNzpkJBMdpIvlsR0JyOe9dccet4RfK95Nf1fyW3ked9S/nkuZbRTt/w35+Z5ovivRPDlveQfDVUty3F74p1Qbp5/XyVbn6E4HHTvWDoekX+si71OwupNE0h8tfeJNTy09wO5iB5P16V3D+GfA3hxI7i/Sy+T/Vy6tdKVT/dQ4X/x0mugvbXwX8RbCKyHiFr62j+Yi1lAUn8QR+Vd7x0YLmhF2e8mr/8AD+XTyOJYKdR8s5K62inb+vPr5nlyeKdO0SzvNP8AhrEukWkgxfeI9QIa6uj38vPTPOO1Y2i6DqOqx3eoabLJoeiHMt5r+oczXA7+Xu5PfnpXo95oXw98JRRTyRWkjp9yXUrgSbT6opwv6U2+uvDvxDsF05dVa+to/mZbZwF/UYrpjjUlzU4uz3k/61/LyOSeEbfLVkrraKen9fj5nm7+L9O0K0udN+G0S6ZaMT9s1+85nuD3Meeev/1hXO6PoGp6qs95ayvo2jNlrvWL3Pm3A7lM8n616nJoXgPwxHFPfW1o5T7kl9PvAPsGIX8hWdqeq+F/G0B05NVe6hXqlvJhePwxXXSxiSvSi7PeTV/6/LyOCrhW9Ks1dbRX9f8AB8zz5/EtlplpcaV4DVdJ04jbd6zcczXB77c8jv8AnxWfo2iXeqRTz2MraJop+e61S55luPXZnn8a606Z4Q0Dy5pobdtn3HvJtwU+oU4X9KrXXiPQvFEJ02O7+0R56RORn2r0I1na9KLt1b/r+ux506ab/eyV1skYU/iS202yn0rwSg0fTMkXWqzf6+5PfaTz+P5VhaVo13fwvJbyNomhcvPfznEtx67c8n611Q07w9pSLNdRWyqn3XuZNwH4Nx+lMn1XQ/EinThqQuh1CRMePpxiumNTlX7tPzZjOnzNc7V+i2OYudYtoLWXS/Cka6TpIH7+/c/vZ/Ugnn8aztN0ufUElFmW0nRhzPeycSTjvtz/ADruP7I8N6QguJooI1To9zNuAPsCcfpVaXW/DmtA6adQiuSeAsRP862jiPd/dxfmzOWGu/3kkn0Rzb6nCttLpnhsDRtDBxPeuP3lx64Pv60zTdNl1C3aKx36NoIyZrpxiS49cE8/jXRtY6HpSea9vCFTkPPIWVfwY4z+FZdz4l0bVc6Yb1bkP8uEz/OtKc2/4adu5nKmk17SSv2M641mL7G2keGwukaKmRNdZw8574PX8azLTT5ryF4rUPpWiry9www83rtz/Oug+waNpqpNIkSBf4pnyB+BOKoXGv6HeZsWvGlD/L8oIH0zXTCT/wCXa+ZjWWv7xr0M2XVYHt30zRCuk6KhxLPnDzeuD+fNQ2WmTanFsgV9L0BOZJW4ece3t71uwaZo9ggneCKNV53TSbgPwbilbxJod3u083iTbztwAcH6GrU3/wAu0/UzVJN3qyRzF5fpLCdO0oppujR5Dyjhpfp/jWTBYRXSLlHstIB5677g+3tXV3VvptkVFrZrPcscIrZck/QnilYx6R/pOoyR3GqkfLHnKW/19T/KumFaytFGUqGt5vT8CeG2tLC2invoFt7YDMNoDgt/tP8A5zXF+IfEslw7ZcHAwFHCqPQCsvW/EE1w8jGUuzHkk8muO/f3k4RFLuentXoYPAf8vKh5mOzP/l3SHyyy3cuAWdmIAA713GgeF5ZGjknjLSt0XHSrfh7w4Y3R2j82c/pXownj08G3tXVrvGHkHIjHoPeox2YNfu6Rpl2WL+JWJYbVNIVYbdUm1Mjk/wAMA/qa47VNUleaXTdPlKytzcXT9vXBrUm8TaVpsjQvcxyynhguWJPualsxpWoKbyKxhwTncwP8jXmQg4vmmrnr16sZ+5TdjmLLS5b4iy0/fb2Wf39yesnrg1qXV1HGp8P6GwtbVBiefoT6gH1960rrxToemsYZLpGcDBRFzj8uKlsV0LVU+2wWkb5OSGHGfp0rWVSXxTjoc3s4/DTkr9T9qf8AggasC+Nv2sltjmAWvhkKfXm//rmv0O1f/lLD/wAE6P8AsYfHn/pkevx1/wCCRms/GVfiz+0H4d+CWqeB9K1G70vS727fWo3aFordnQBDGrENuuvTBAPPHP6IfDrxD8Tp/wDgsJ+wz4M+KV94X1HXtK1XxRM8ukxssDNceHpJjtLhWPDIOQMEHr1r6XMrvLqkv7j/ACPxSnx3lE+Ip8PQrxeMgvaOn9pQulzemq+8/wBCDxd48t/C97YWE2gQ6qz2iTCRpQpALMMY2H+7nr3rlP8Ahb9l/wBCba/+BI/+N1i/Fz/kP6T/ANg2L/0OSvK6/iycrSZ/TWAyyjOjGUlq/U9u/wCFv2X/AEJtr/4Ej/43R/wt+y/6E21/8CR/8brxGip52dv9j4f+X8We3f8AC37L/oTbX/wJH/xuj/hb9l/0Jtr/AOBI/wDjdeI0Uc7D+x8P/L+LPbv+Fv2X/Qm2v/gSP/jdH/C37L/oTbX/AMCR/wDG68Roo52H9j4f+X8We3f8Lfsv+hNtf/Akf/G6P+Fv2X/Qm2v/AIEj/wCN14jRRzsP7Hw/8v4s9u/4W/Zf9Cba/wDgSP8A43R/wt+y/wChNtf/AAJH/wAbrxGijnYf2Ph/5fxZ7d/wt+y/6E21/wDAkf8Axuj/AIW/Zf8AQm2v/gSP/jdeI0Uc7D+x8P8Ay/iz27/hb9l/0Jtr/wCBI/8AjdH/AAt+y/6E21/8CR/8brxGijnYf2Ph/wCX8We3f8Lfsv8AoTbX/wACR/8AG6P+Fv2X/Qm2v/gSP/jdeI0Uc7D+x8P/AC/iz27/AIW/Zf8AQm2v/gSP/jdH/C37L/oTbX/wJH/xuvEaKOdh/Y+H/l/Fnt3/AAt+y/6E21/8CR/8bo/4W/Zf9Cba/wDgSP8A43XiNFHOw/sfD/y/iz27/hb9l/0Jtr/4Ej/43R/wt+y/6E21/wDAkf8AxuvEaKOdh/Y+H/l/Fnt3/C37L/oTbX/wJH/xuj/hb9l/0Jtr/wCBI/8AjdeI0Uc7D+x8P/L+LPbv+Fv2X/Qm2v8A4Ej/AON0f8Lfsv8AoTbX/wACR/8AG68Roo52H9j4f+X8We3f8Lfsv+hNtf8AwJH/AMbo/wCFv2X/AEJtr/4Ej/43XiNFHOw/sfD/AMv4s9u/4W/Zf9Cba/8AgSP/AI3R/wALfsv+hNtf/Akf/G68Roo52H9j4f8Al/Fnt3/C37L/AKE21/8AAkf/ABuj/hb9l/0Jtr/4Ej/43XiNFHOw/sfD/wAv4s9u/wCFv2X/AEJtr/4Ej/43R/wt+y/6E21/8CR/8brxGijnYf2Ph/5fxZ7d/wALfsv+hNtf/Akf/G6P+Fv2X/Qm2v8A4Ej/AON14jRRzsP7Hw/8v4s9u/4W/Zf9Cba/+BI/+N0f8Lfsv+hNtf8AwJH/AMbrxGijnYf2Ph/5fxZ7d/wt+y/6E21/8CR/8bo/4W/Zf9Cba/8AgSP/AI3XiNFHOw/sfD/y/iz27/hb9l/0Jtr/AOBI/wDjdH/C37L/AKE21/8AAkf/ABuvEaKOdh/Y+H/l/Fnt3/C37L/oTbX/AMCR/wDG6P8Ahb9l/wBCba/+BI/+N14jRRdoHk2H/l/Fnt3/AAt+y/6E21/8CR/8bo/4W/Zf9Cba/wDgSP8A43XiNFHOw/sfD/y/iz27/hb9l/0Jtr/4Ej/43R/wt+y/6E21/wDAkf8AxuvEaKOdh/Y+H/l/Fnt3/C37L/oTbX/wJH/xuj/hb9l/0Jtr/wCBI/8AjdeI0Uc7D+x8P/L+LPbv+Fv2X/Qm2v8A4Ej/AON0f8Lfsv8AoTbX/wACR/8AG68Roo52H9j4f+X8We3f8Lfsv+hNtf8AwJH/AMbo/wCFv2X/AEJtr/4Ej/43XiNFHOw/sfD/AMv4s9u/4W/Zf9Cba/8AgSP/AI3R/wALfsv+hNtf/Akf/G68Roo52H9j4f8Al/Fnt3/C37L/AKE21/8AAkf/ABuj/hb9l/0Jtr/4Ej/43XiNFHOw/sfD/wAv4s9u/wCFv2X/AEJtr/4Ej/43R/wt+y/6E21/8CR/8brxGijnYf2Ph/5fxZ7d/wALfsv+hNtf/Akf/G6P+Fv2X/Qm2v8A4Ej/AON14jRRzsP7Hw/8v4s9u/4W/Zf9Cba/+BI/+N0f8Lfsv+hNtf8AwJH/AMbrxGijnYf2Ph/5fxZ7d/wt+y/6E21/8CR/8bo/4W/Zf9Cba/8AgSP/AI3XiNFHOw/sfD/y/iz27/hb9l/0Jtr/AOBI/wDjdH/C37L/AKE21/8AAkf/ABuvEaKOdh/Y+H/l/Fnt3/C37L/oTbX/AMCR/wDG6P8Ahb9l/wBCba/+BI/+N14jRRzsP7Hw/wDL+LPbv+Fv2X/Qm2v/AIEj/wCN0f8AC37L/oTbX/wJH/xuvEaKOdh/Y+H/AJfxZ7d/wt+y/wChNtf/AAJH/wAbo/4W/Zf9Cba/+BI/+N14jRRzsP7Hw/8AL+LPbv8Ahb9l/wBCba/+BI/+N0f8Lfsv+hNtf/Akf/G68Roo52H9j4f+X8We3f8AC37L/oTbX/wJH/xuj/hb9l/0Jtr/AOBI/wDjdeI0Uc7D+x8P/L+LPbv+Fv2X/Qm2v/gSP/jdH/C37L/oTbX/AMCR/wDG68Roo52H9j4f+X8We3f8Lfsv+hNtf/Akf/G6P+Fv2X/Qm2v/AIEj/wCN14jRRzsP7Hw/8v4s9u/4W/Zf9Cba/wDgSP8A43R/wt+y/wChNtf/AAJH/wAbrxGijnYf2Ph/5fxZ7d/wt+y/6E21/wDAkf8Axuj/AIW/Zf8AQm2v/gSP/jdeI0Uc7D+x8P8Ay/iz27/hb9l/0Jtr/wCBI/8AjdH/AAt+y/6E21/8CR/8brxGijnYf2Ph/wCX8We3f8Lfsv8AoTbX/wACR/8AG6P+Fv2X/Qm2v/gSP/jdeI0Uc7D+x8P/AC/iz27/AIW/Zf8AQm2v/gSP/jdH/C37L/oTbX/wJH/xuvEaKOdh/Y+H/l/Fnt3/AAt+y/6E21/8CR/8bo/4W/Zf9Cba/wDgSP8A43XiNFHOw/sfD/y/iz27/hb9l/0Jtr/4Ej/43R/wt+y/6E21/wDAkf8AxuvEaKOdh/Y+H/l/Fnt3/C37L/oTbX/wJH/xuj/hb9l/0Jtr/wCBI/8AjdeI0Uc7D+x8P/L+LPbv+Fv2X/Qm2v8A4Ej/AON0f8Lfsv8AoTbX/wACR/8AG68Roo52H9j4f+X8WfTPhHx5b+KL2/sIdAh0pktHmMiyhiQGUYxsH97PXtX8Lml/8pYf+Cin/Yf8B/8AplSv7XvhH/yH9W/7Bsv/AKHHX8IvjFfi5qf/AAVz/wCChWgfCPU/B2l6usvhTV5n1pJDEywaPaoApjVzuzcDjGCAefX9l8GbvGVF/d/VH434tZ7l2R4OeYY+oqWHpK8pPZLuz5g/4Lsx+b8Q/wBj4eZ5X+i+JzuHsLA1+QOo2thqaqZFWV1GQ6HDKfUEV9of8FWvG/xa8TfGv4R/D/4w6p4Tvtb8P2+ppHNo8LJD/pNvaTcFwrNx5Y5UYIPXrX5wR6ddaZevBJd3Npc5zHIp+WQf57V/WuRVOWm7rqfmWFzfDZlhqWYYKanSqxUoyWzjJXTXk0di2ktHcRXRu2/dnglQD+JFXrqCy1NUaQLI45V0OGB+orJtr5dQjfStXxBcsMJKvAk9x71ziaVNpd89vNcz2crcwyocK/sf8K9/2iS91XTNVG+jZ06aSILqO9a9fKdCQASPc961p4rHUykkqK8o6SIcMPxH8qwUvFuVbStXxDMwxHKvCyfQ+vtXMvplxpl2Y5LmW2cn9zKv3X+vvT9sorRaDjFvdnex6RbxXKXhvZF2jknAP4mrJmnsp3udOeOWNuJYycrIPT61zMOofakOmawFRnGElUkB/wDA1zdzYXOjXi7p54oyfklQkD6EVf1hR1gtAjTvuz0S6t7XVYpJ7IYYD97A334z/Ue9eeX9vJbuSuAM1r2urzCeNbhxb3Y/1U69H9jW7KkGsqYzHHa6oOTH/DN7r7+1TUaqrTcFHl3OM0zxHc6bIAGLRZ5Unp9K9c0fxlbXlusExWaAnJUnlT6g9q8Z1LSHgdyqkEdR6Vj211PZSiSJipByR61zUcwqUXyvYuWHjNaH0zcPZTxLJcQpeWw+7KOHi+p7VBbw6fFcJfJe3abOcsynj61554d8SrLhQwWbGGQ/xCuuaBZY5J7ECSEjMluTyvuvr9K9+lilNc0ThqULaM6t9W0TVHUNLbzyrwrK+HU+xp0Mdla3cWof2jdoyd22nj0JABrw3UNDS3mN/ZeZLag5dUOHirf03Wrq0h8u6dtW0dxgyAEvEP8AaHpSjmL5rTRMsGkrxPfY9T0LWnQGWzuLhejJJiRfxBzVy3sbDT7xNTGo3cbr1LFTkehIAr50uNIghY6lprte6Yx3N5TnfF710+neJbq1tsSyvrWjsMPk5liHv6iu2hmfve+tTkq4L+Vnvz6hoOvOGP2K7uF4V0k2yL9CDmrNnpWmaVcHVFvL2MgYfc4xj0PAzXzhPY2wP9q6S7X2nscsI2xJD9PWum0rxffW0AWSV9e0Y/KwY5liHp7/AEruoZrFy99a9zkqYGVvd2PfUvPD+szArNY3VyDhWSTbKv0Iwa2NOsNI0a4fVjeXsTdyzA5HoSBzXzobOylA1TSHN9pzfM8YOJIvp/hXYaX4iuIrURmV9Y0zG145P9bEP6/jXrYbMYt+8te5wVcG+h7Nc3XhbxJMHik064u+m5H2SD8eDVCDTNM8PXDaik97bf3iWyD9eOa8ZudMs3J1PSR9vsjy8YJEkJ9vf2rc0zxHc28DRrO2uaURtlt5v9bEO4B6n8a3WYLmvJK/cxeFaWjPWINS8La/PnztPuLwcBt/ly/99Ag/nmuo0nSfDPh/ztUa4u7Jjw7PKCD9cLXz1LoOn34k1Tw2VvrfOZbUnbLEf9nvWrpXiK/s4ZLfe+uaVjEtpP8A62Iegz/I10UMyineaV+jIlhXa0We5Lc+Etbum2XejandE43RzeXOR9QVY/rXZaHpnhzwTHPraXt9Yxuf3nmOWX8QBnP1r5YfQdLvhJqfhsRahAD++s5DtmhP+z3z/nNbuj+K9T0+CW2gmk1vS/uT2F3/AK2IegJ6/Q11UMxipXmlfo0YVMG2rJn0e2p/C7xdcEPdaHcX7naXjkME0h+oKlvxzViPQPC/gizu9Qia9t7Zzl2kcuB78D9a+W5dC0HVy+qeGYobkj5p9Nm+SaI/7B/Oui0Txdq2mwz6fayNrelL8lxpV+f3sa9whPP4dKulma5rzSv0aMpYGVvdb9D1BNR8A+IpmMV3o93dsSPllMEx/EbS345rrtIk0DwDZ3GoRNeW1u/+sLOXAP0x1r5vn8M+HdbafVPCAhknHz3GkXQ2TRH/AKZtVzR/EGpWCy2NpK99bKNs2lX/AN9R3CMf61VLMuWXNJK/dGk8JdWTPoW38TfDDxbcbHm0ee/bglJGtppPqVKljz3zXo+l6p4P+Gmj3FxGl/badMcyB5nlVT7ZHBr4ok0Hw7rU0134ajhjvRzcaVd/I6+pjbt+ora0PxTq+jibS7eR7+0A2z6Nqf3guOkbnt+YrajnDjK8kr90c9XLebRN27H0XPe/BD4iXBaDUNGfU3POJDayufqCu/8AGuisNT0D4N6ZJJE2qRaUTlnVmmVff2r5Kk8M+FvEU09z4RjtrbU/vT6Lf/u2B7mJ+315H0rS0TxbrugNLo8E095bgbJ9C1fn5O/lOe3p1FaUc6lB87ik+6E8uurJtrsz6hs/GfwJ+I08cU7eGX1STIZQxsp5T3yVKbz9c16TNrngj4Q6C5jtNSs9EfkkSSTrGfbIOD9K+Cbjwp4M8Vzz3HhHyNE1/BabQ9Rygc9/Jk/P1H0q7oPjfxX4Mll8Oyu9zZ4KzaFrXzxyLn/ljIc8emMitqHEDV3Uirv7S/UieUqVuVu3Zn07a+Jv2f8A4mTuYbzwy2qSEKyF2sZpD6H7m85/3q7PV9R8K/CXw8ly0Gq2uikkbkLTeV756j+tfFr+F/AfjS5mm8HJb+GfEhO6bw9qxxFOfW3mHc/l7CtXRvFvi3wXK/htZXWEgpL4c1/95BOnfyJTnA9wSPauaGbTjeUkrvqi5Zanom7Loz3Sw8c/Anx/deUtx4XuNQkPKyq1lLIT6nKBz+Jr0rVvG3hb4S+H4HurK/ttDBwphV5li/EsSB+lfGc3g3wB4yvZG8JfZ/Bfipjul8Pax/qJ2z/y7TDoPQDP0FM0zxP41+Hd2/hybzIbdhtl0DXh51rcL3FvMe30JHtWdLOqkE3JK/df5GksvjK1m/Rn0pYeOP2bfiJdIEuPC39puRlJkaykkb052bz+JNeh+MPE/hH4X+GoLqWz1W00ReBJbo0yxZ7HJyBj8K+Hp/C/w28Z3b/8I8tp8PvFj8yaHq/zWN03fyJxyvU46/QVoadr3jj4a3H9gmabSoHBVtD1s/aLC8X0gm5GD6A/UUqedVYxblFa9UOWWwbXK36M9l0/x9+z946uUC3XhFr9znZPD9ilc/U7A5+hJorw+48N/DXxddt/ZMFl8NPF8hLPo2rL5mmX7cn9xMPuEnHT/vmiuOGY1mr8kZeZrLBU7/E0eL+GPA/gj4X6it54kvrv4h/EAfMukadIWitmz/y3lJxkd8/kav8Aifx78TPHV6vhzTdSu7S6cBU0bw8D+6Xp+/uOuMdegrIt9Cg0rT0vPGGoR+APDbnKWFsd+o3/ANTyRnvjP4U2/wDiNc6bpZ0fwhZJ8MvCr/KTF8+pah/vOOQTntk+9f5oOg6tX2tvaT7vZen+Su+7P77VVUqXsr+zh2W79f8Ag29C/ovw/wDBPwu1CHXPiRql34v8dE+Zb6Bp85laNu3nyk8e/b61d8XfF34k+MrmLQ7DULrQXkAS20XQATPjGAJJxyPfGBXE6Z4euDaPqOt3yfD3wu53S3E53318T6dSCfxPtW5H44s/DOmzWfw9sY/A2jOMTaxeAPqF6COdgP3O+CefTFXPBqdRVJr2lRbN/CvTdfdd+aKhi3Cn7OD9nTfRfE/Xr99l5DtK+FXhDwDcW/iL4wavean4nl/e2vhuxma4uZG7GZ88e/Qe9aPjH4peNtfNvoVhcTeDLV8R2mjaJmS9k7APKOV+i4Fcbp1lfXiTarJeL4O0OUl7nWtSYyXl36lEOW59elbNr450fwva3Nt8LbAWBddt14n1Vd1xL6mNW6e2ePaqqYZzmqlRe0mu/wAK/NL8ZEQxMadN04P2cHv/ADP9X+CINJ+DHhzwlNb+LvjPrF1p0kv7y00KC4ae/vT6Pgkjtnt6kV23jL4u+Lbqyh0fTJj8MvD23ybOw0/97qd0uflBcf6vPHC888mvKtOl1TVri61fTriUPIS134i1ZyzsO/lhuT/Kli8W6Z4fa5/4QO2/tTWGytz4j1LnZ/1yB/pxx3rWeBlWqKdf35Lb+VfLVL53foYU8aqNNwofu4S3f2pfPd/KyKMPws0OwuE8X/FvVtQ0m0c+bBprXDT6hqDZ438kg9OOvNdT4l+KfiOfTLfStDz8N/CkY8q2ht/nv7kdsHqhPtz715zZSX2uX82oae8us6kx/wBI1m/OY4vXyweuPQVrWOvaboNxI3hi3PijxaBiXVrs5htT/wBM+wx7fnXo1MK6klKt78lsui/y9Xd+R5tLFqEXGj7kZbvq/wCuy08xmlfCbSJJR4z+LOrXfh3QSfNjt7mYyX+onr0OSuffnmvSdf8AibrEmhxaP4UeP4Z+BoR5cTsc310AMAqDyp9+teT2smq+IdWlubZpvGPiTOJL25OLazz/AHc8DHoK2DfaJ4Zu2nbb498cqOZHP+iWDfTpx+fFRiKDqzUq3vtbLovk/wA38kXhsR7KDVH3IveXV/P9F82Y1p8LYdblfxf421G48N+Fg3mNc6hOXvNQ5/hU9M+vXniu11Px5cWmhrovgeGLwN4OiG37bOoNzc9tyA/dzzyea87u9a1bxJrQa5ebxh4iBOyNfltrIfToAPzrSmm0Tw5cR3fiCb/hM/FwAMNlGcwWh7ZHTj1PpXVWw8qjj7f3mto9F8v1fyRx0MQoJ+w91PeXV/12X3mDbfD+TxM7eINc1C60fw2vzyX+oSkzXI/2Fbpn1/Susm8X/wBm6X/ZHgOJfDnh6LiTU7hf3k3qyKe/ua47Vdd1LXr+NtZaTWNR62+m2+RDb9MZHT8TWlJb6bpLwX/jCf8AtnViQ1rpVvykZ7bh3+p4rpqUZTt7bW20en/B9Xoc9Koo39hpfeXX/gei1Oet/Btz4wnl1a8vLq30dBun1TUJCWlA67ATz39q69fE8OkaY+h/D6OOw05OJ9VuRzIfVAev16Vy+va7d6rND/brmRRxbaTan5FHbdjqelQywwwRxXviyRVi4NvpsB4J7AgdT+lbzouokquq6Lp/wfyOanWVNv2W73fX/gfmZyeGJ/F11Jcfabie0Uk3GqXbkg467AetdlD4jsfDunyaH4ChREHE+pzj5c98Z6n9K5LV9cmvYok1ItY6aABDp8HWT03Y6037IrWi33iSUaVpC/6uyjPzS+m71+lbVKLml7X4Vsv63/I5qdRQk3S+Lq/62/MypNIufFd5I0Nxc6pL1nv7hsovrtrpLO8svD8MmkeEoY7y9Hy3F7IPkQ45x6n9Kxb/AFyS9tliYDQ9AUAJbxjbJOP9rH8qdb2pubUTai39h6Ag3CMHDzD39P510STcbT27f1v6GEJKMrw1b6/1t6mdLpFx4iu3jhkn1a7z+/u52PlxfTt+ArctJdP8NJJpnhyKPU9XPEtyR8kRx/niql3qzXdqLWwVdC8PINpI+V5h/QVHp+nTajblof8AiTaAvLzN8ryj2/xq53cbT+Ht/X5EQspXhrJ9f6/My7jT59dvDB5s2taoT+8kc/uoB/IfSt+zTTPCitYaRFHqviBh+8kA+SL6n+lQtqCtbPp/h9RpWjKP3l0ww0vrt/xqjY20+oI1tpCfYdNBzLdv96T1we/1qnFyjaWke3+f+RMWoyvHWXf/AC/zKV3Z3Gq3jQSyza1q7dVLfu4fcgcAD0ratLTTvCIMEMaar4kkHRfuxfX0FN+3xWsUml+GlWOIcXF63U+uCep96zLYPOz2ejFy5P8ApF4/PPse5q9ZK20f6/qxFop3Wsv6/q5HqMMl5Oi3zS6xrDD5IFOI4R9Ow9zU8FvYeGEDyIl9rkg+WNBwp/oPemS6la6V5mnaKFn1BuZrlznafUnufasS3lnkllhsM3F4x/e3TnO315/pW8KcnGz0j/X4GEpqMrrWX9fiP1Brm+nX7e8l7fPzHboTtj9sf1NXrOzsPDERvNQZbjVHH7uJOdp/z3qJ7u10JHjtFN5qj/fkbnB/z2rn1W8uZnnZZJrpuTI/Cp9K2jBtW2iYykoyvvL8ixqN7calMG1Bnncn91bJ0H1/xrR0jSTbzoVgS41Nh8qL92EerH2plhbLFIVhZZbtuZJm5CD2q/dapDp9u9vZnarf6yT+KU+/t7U5SbXJAIQSftKjNe41G20ZZPJnF1qjAiS47J7J/jXmeq6y0rH52JPvyapX+pvMx2HNUbOwudRnCjkZ+ZvSu7C4FQXPM4cRjpVXyQ2G2tvdalcCOJCzHqccKK9X0Dw1HAFCqrSnlmYdPxpmk6Xb2MaogVDjLuT/AFrYnv2nh+zWm6G2/jfPzSf/AFq48XipTfJDRHfgMDCn789WXLi9hhSS0sHCRKP30/r7LXIT3c+p+Zb2UhtNMQfvJs8yf/Wqlq1zK7raiOSKwU8hf4vqantIn1EL5oFrpadlGN9Z0qCguZmlXEOcuUraboUOp3BdUMGmRnLSN1k/Gti6vJL/ADp2kkWmmRjbJIvG72BqtdaiL/FhZ4tdKjGJHU43+w9qhiV9VZbKwVrbS0PzuOC/sK1ld+9IyvGK5Ydfx/4BFbaTBqlwttZIIrCM4lm7sfQGtq6ufPxo2isLezjGJZh6egNVri8DgaRpOIbVBtmmX+QNUdzXRGk6V+7tl/10o/ofWpvKXxbE3UFZdf6sj9h/+CGawp+0L8dEtyWiHhWEZJ6n7TDmvv8A0r/lOv8Aso/9hDWP/UTr4D/4IbxRQ/tD/HSKAARr4UgAx/18w19+aV/ynX/ZR/7CGsf+onXv5m/+Eyp/hl+R/mxw5f8A4mQx1/8AoBj/AOl0j+8z4uf8h/Sf+wbF/wChyV5XXqnxc/5D+k/9g2L/ANDkryuv4jqfEz/XfKv93j6BRRRUneFFFFABRRRQAUUUUAFFFFABRRRQAUUUUAFFFFABRRRQAUUUUAFFFFABRRRQAUUUUAFFFFABRRRQAUUUUAFFFFABRRRQAUUUUAFFFFABX89v/BTL9pj45fEf9pnwZ+wb+z54l1DwbLdyafa61dWVy9rNe3t4qyJFLOnzpaxwSRyOF+/vfcGCqK/oSr+Yv9vRte/ZP/4Kj/D79qzxHoWoan8OtWudL1SOaGPIeO3s4rC7gRjwZ0jjEoUkf62PoDmuzAwTm/Q9PK6alUd1d209T3y6/wCCMXjz4b+H7fxb8A/2sfHWh/Gy1UTvcPG9ja6jNxuVJIJfNgzzguZQcAEAEsPvX9rf/goX8K/2RNS8K+AdY0XxJ8UPi9qkEUsHh/RAvmIrnYjzSN93zHDKiKrO2PugEEnjT/gqF+xP4Q8BJ47tfjRoni/zog9ppGkxyS6lcMQMI9syq0B55M2wDB78H8pvibruhfDn/guF4b8f/F26s/DvgO9axvbG/wBTZY7ZIpPD32W3lLsdqKt2u0uSAroxzxmtYRlUf71bXN6UJ1Zfv1sm+1/I/S39mL/gpv8ADP8AaA+KMvwO8YfD3xx8B/i+ysbTSPECjbeOE8wwq5VHSbZlwjou5R8pJwK2/wBrX/gpB8NP2Rvin4Z+Enin4d/Ebxv4n1XR7fWLb+xI7d1Ky3E0CRBXkVjIWt24AP3l7mvy0/a28T+GfjB/wV5/ZY/4UhrWleLr7T7jwzDq15o9wk8Zmt9RnurgmWMlX8u0Kb8HhUZT0IrD8TfHf4NfGr/gr7oXxP8AE3xO8G6H8FfBaRRWOtX1+kNrdtZ2zMgilY7WzfTuVIPzIpYVawsW+a2lti1gYNqVtLXsfpr+zz/wVS+Ff7Q3x08N/AHSvhV8WPBXjDUvtex9Zht40t2gtZLhllVZC6kpCwHy9SKvfGz/AIKb+CvAXxb134E/Br4N/FX9pv4o6QZBrNl4WtWki05oyFkQsiSSO8bMFfbHsRjtLbsqPyn+HXxX+Get/wDBbmH4jaN418N6h4E1LWbmz0/VoblTa3k82hNaxJHIPlYvO6xL6swA614D+yRpvjzw/wDtPfHj4da5+18n7GXj6S8uYb/U9S0qCddZuYrqTfA01xNCsTFn3qN37zPGSBm1hIXu10NHgKad7dE7an9BX7OP/BRf4QftGeCPivrul+HvF3g3xp4K0y41XXvDWpxoLpYIkdmeBwcSKDGUO4IyOQGUBlLfKQ/4Lb/CHU/BWs+JPCnwM+MPiPXLGb/SdOWOMRWdqFB+1XN0m9IoyxKAYYkq2QowT4x8FP2b/hV8I/iX+1f4v0H9tfwr+0t8V9Y+FPi2+1yw0vSY4yFnaGSW5nuIbqeIMZjGfK+VsvnGBXAf8EkP2ifgD8EP2b/2il+NHxE8EeHFOrfbP7Gv7yIXmr232NVZLe0Y+ZcbiCm1Fbk4NSsNTs5JXM/qlKzlFN7H6N+H/wDgqp8DfEH7MHib9pi28LeNmtdD1a10XWvD0Qga+sp52AjdWZ1R4WGSHyCdrDAKkV1l9/wUu+Aa/srN+1joWmeNvEXg+LV4tBvdJhggTUtOvmI/dTK0vljCsj5V2BV1x1OPye/4I3Wnhnwn8Jf20fip8X9OsX+Btvp+mw6kb+2Wa2vGt47uaaMI2RJIiTxAJjJNwgGS1fl7YeGPi9f/ALOnx18feBrq78N/suf8Jdp9peaXeXHmG7viZXtki+Q7pYI5E8xwyZEked3AWo4Km5NdjaOXUnNx7Nfj0P6pvH3/AAUs+Avw0/Zz+FP7RXirTPG0Wn+NElbQfD9vBDJqdx5blZWYGURKkZ2bm38eYgAJOK5jx1/wVG+DngLwp+zd4u1LwF8S7ux+JlrJd6XHDFbb9ORZ44T9ozKBndLn5N3A98V/OlFaeN/h3qv7BnxK/ae834hfsztBDdaFZwRqYbTTItQY3do8QRRJMrFZXU7jKjxpvxwn6Gf8FsNe0PS/G/7HHinwzHpuoeHINOvdSsFs3VILi3E9nInlMoKhGXGCARg5xRLBQUlHuS8upqcYb3vqfqH+1h/wUt+Bn7JHxF0H4XeLtI8Y+L/Fd1ZpfXceipA66VE77Y/PMki4dgrOEAJChScB1zyn7SX/AAVG+G37MnxR8X/DHxf8GvjRrj6ObTzdY0+0t/sE/n28U6+XJJKuceeEOQPmUiv51v2vvhB8SvD/AIb+Bf7R/wAa9WvL74t/Fq61jxJqFtKhQafZobL7JHtOdpMc7ME/gRo0wChr+lH/AIKwKp/4J/8Ax9JAJCaKQcdD/bNlWcsPTi4re5lLB0oOC35tDgvgD/wVd+F37QvxL8F/Djwr8GPjdpba3dtZw6rd2VubG2dY2cmWSOVsD5ccZ6171+zD+3N8OP2p/iH8Xfh14M8K+NvD+qeD5vKvJ9USARXY8+SHMflyOesROCBwa8a/4I9qq/sIfDUhQCdT1knHc/b5uv5Cuu/Y6+K/7Gvj74q/HTRf2bPhq3gvx5p83/FVXn9jpZi/f7TKvDh2LjzBK3Qdc+1Y1YQTkktjkxFOmpTUY7H6H0UUVxHnBRRRQAUUUUAFFFFABRRRQAUUUUAFFFFABRRRQAUUUUAFFFFABRRRQAUUUUAFFFFABRRRQAUUUUAFFFFABRRRQAUUUUAFFFFABRRRQAUUUUAeqfCP/kP6t/2DZf8A0OOv4ifDH/Kaf/gov/2B9A/9NumV/bt8I/8AkP6t/wBg2X/0OOv4ifDH/Kaf/gov/wBgfQP/AE26ZX7T4Kf79U/w/qj+E/p//wDJuc2/69fqj8YP+CwSLJ+19YozlMxHDA4wf7OscV8FW91FqKHSNYIW6H+qmHf0INfev/BYKKOX9ryziclVMLDI7H+zrGvzmkZtwstRYiQcxTD+L8fWv6uyibUX6nzfgFC/AeS/9gtD/wBNxNueJ42Om6ocODmCccZ/H1q7b3qzKdG14bs8Qz/yOfWqVlqMV7EdI1pQXx+6mz19D9ar3UbWmNO1Medbk/uZh1Hpn3r3ObTmifrDjrZlu7ha0P8AZ+qEyWzH9zcfyz71JHcKEGm6xi4tW4jn/wAT6+9V7a+CRnSdYAntX+WKU9/Yn1qrewSaYDFc5vdLf7knUx/Wlf7SBRvoyW8gNiv2W8zc2LH91MOCh9zTYdQEaLp+qf6TZN8qSHqv1/xplpqAsx9ivit3pjjCOecexqvf6e1iGkizd6Y3bqY/f3FTzaXgNLuRX9i9nuAzd6e3IbqUpbS/aMR29w7SRDmOToyUy1vzZqElc3GnNwD1Mdawt4FUzQ7JEblSOhpQ1d4lN6ami93HdKIr4gTdEn7P7N7+9c1qOlYLEABvStG0s7zVHkihaJJEBO1uDWcZ7u1LJMrNGp2nPKj8e1aVZKS95ER02OXIuLSUOrOjg8EHpXdaH4rdWjjuHMc44DetZE8MV0BhNr9Rnv8AQ1zlzay27kYI9j/SuaFWVJ80XoaWUtz3I3VvelZUItb3H3gPll+orBmt2iuHnsCLS7/5aQn7klef6Xr0tsyw3BZ4+mc12zXIvYEmtpA8ijIBODj0r04YuNReZjKi4jUv7jTbkzWsbWkh/wBZEwPlyfSteOW11Am90qVbLUessJPySfX/ABrHS7eV1QSmJTxhumfxrSns5bcxuUgaTGRgbG/BhwaqEn8iJR+8ZDdywXTTWDNp2pj/AFtu5+SX6f41qQzW2qzNLYt/ZGtj/WRN9yX8O/1rHklttRUQ3JInX7rgYdD/AFrKuknt3jW8kYgf6q6Tgj60nUt6B7JHSo8kV27W5/sbWQPmic/u7gf1+tOkW21K4LRBtF19eq/wS/4iqEWrR3Ecdj4gRXj/AOWVynY/Xsadeo8Eax6gTeWgwYrpPvR+mcfzrX2mmmxn7NXsTR3Nza3o3btJ1fGA6j91cfXsa1/OtNTnXzv+JFrw4WRf9XN/j9DzWGdQCwi01hFv7BhhLgclfTP+NE0MlvABKTqulNgrIDl4h9e/1ojVttqiXG+5qSyXmn3ySzSNo+rj7lxGf3c/17H6GtttU0/W5Uj1lP7D8QjiK9i4SY/7Xr9DXNw6oYrYW92o1nR2+XJ5eIU2awZIDLYuNY0c/wDLMn95F9PWtoTa+Hbt/X5kezXXc2rsXul3kU1476XqAJ8i/tz+7mHo3+BrVfWLLVJYYvEcf9kawAFh1O34WX/e/wADx9K5aw1e5tbdoONY0U8Pby8vGPbNWPskckDz6I66hpxJ8yylOWj/AN0nn8K1jWf2Xp2J5FfU29QS806e3uNRZrW4U/uNUtDhW9N+On0PFaz63ban5EPiyEQXgGLfWLQ4I/38f/XH0ri9N1W8sEkisWa+03pLY3H3kHfbmtOGCG6ikuPDkieWcmfT5+x/2c9K0pV3f3fu/r/hyZUu5vaklzYvBd6k7yxrzb6vZHDJ6bwP/wBVaEviGDUoreHxlbrdqvFvrVoMSR+74/8A1VxFhqOoWEskemO0POJtOuOVI77c9Pwq9brbXjSy6E4069OTNYTf6tz7en1FaQra+7939f8ADidFdTqtTtZ4I4by7c6zpq/Nb6rZnE0A7FwP59Kmk1+G+tYIfFUK63po4g1a1GJ7c+rY5/L8q4i01G80e6caa76Tdn/W2UxzDKP9n/EVs21xpuqTO9k3/COa6RmS3fmG4PsOn5Vca19tPIn2WhtX1tMLeG9aU+JdIX5oNRtDturX3bbyfqK2o/FCanYQ23i61TxloiH91qEA23tkfU45OM9ufXNcIn23SLsvZyPoWok/NGTut7n+n9atLe2t7clznwz4hPVk/wBTcH3HQ/oauNWSejt5dCXST3OyvNHknsU1DT7pfG3h5fmjuIDtvrL3OMEke2D7VoW3i5r/AE0ad4ntY/iD4aQ4WYgLf2B+vBJH4GuAju7rSr77SkreG9XJ4uIeba69A46c+9a8urafqlykmtQnwz4h6JqFr/qbk/7XY/j+daQra6aP+v61JdBdTorjw6t9YHUPDd+PHHh9Du8snZf2J9uhJH4GtXS/iBdXGnf2H4nso/iR4XT5TDdfLqOn4x9xzhsjHfn3rz26k1LSLuO+nkfS78EeXqlj9yUdhIvp9a2LjW9P1xoD4rt003VQMQ6zYDAfj/loB0/HI+lbwrtO0dH26EuhffVHeSaHaa7YPceDdQTx3ocfzPpt6fL1Kw/3WONxHbv6E07TvGupmxl8P6pbr8QfDcZ2y6Tqo239jx/yzdvmyPf8684u7bVNImg1KaV51XmDVtNbDqO28DqPzFdE3izT9dhgHjOzTUCg2wa3p/yXEI45cLz/ADHtW0ayvp7r/D+vvRl7BNdzck0LS/EFvN/whmoLr9mnzS6Fqx2Xlpyf9VIeWx2z+Zp+l+Mdd023n8NXSt4o0RRtm0HXF/f249YnbnvwfyNc3qenXIji1JJl8S2CfNDqdgfLu7f3ZR1x7flUg8TJqtpFb+KYU8UaanEWoW42Xlp9QOT74/KqhVcZauz/AA/r70RKjfR6nTiHRdbjmtvC10sqdZdA1k4ki5/5YynnAxxnI9xRXLXWiT3Fmt/YXMfjHSE+ZJozsvbT34wSR+B9qK1k+8fu/pmTp9meQW81/q11Lf2jS3ly2TNq2onOB38tT2/IVPbeINK0aaSXQ7ceIdf6SaneHMcJ/wBnt68D865fUbPxdqzbbnS9SWzHK26xMiH68c1c0/wvdELJrFhq13EuCtpb27Kn4nvX8POjT5byenZf1/kj+tY1Krl7q17v+v8Agl+HUNV8Rag1zbtN4h1McG9ueILbqf3a9Bj0FXG1DSNEuWk3Hxh4pH8b48i1P8lx+Jqnqcfie7hOn22j6jpOlgY8mKFkLj/abGcewxWHb+HNTmKwXVjf29iDzDbxEF/q1KNKDXvOy7f1+SKcpxfupt93/X4styX+o+I9TLTed4p1fPyxKcW1r9e39a3J4NL0ieFvEVyPFGvDmLTbf/U257bu3Hqfyqpet4mtbNNM8OeH73RrLje6x4kf8e31rnbTQdcdWhktb2whY5cxLukk+rGrVNNXulHy3/4HyIm5RezlLu9v+D8/uNLWNbvNYuI7fVpW1GcY8nSrPiGL/fx1/GoZraGBYbjxTcrKRzBplt932BA+9/Kra6fq2nwG30PQby23D5pnTLv7kms1ND8Qq7ullMl0/wB+4k+Z/wAOeK0pKCVotJL+v66mM+du8k2/w/r8BdV1a5vIorfUnaxsPuw6ba/fkHYNj+XSrUenpHaJdeKLhND0QYMdhC2Hm9mI5P0FaVj4e1bTo2l07Q7y41NvvXM4DH8Oayrnwv4lE7317Y3N1eH7rz4bZ/uqCMUozg/di7L+v67lOjU+KUW3+H9eRLqPim4ewSztUXwv4ZA2rBD8s9wPfHTPtzWbaaa89qZ7+RfC/hxeSOk04/pnn3p9voupWcr3k2nTajqWcq8xXEf+6ucCqF5pfiC+uPtWpQNcOOUR5V2R/QZrWnCCVotL+v61Zz1Od6zTb7f1+Rfn8SeVYtp/hmFPDehAfPckfvp/cd/xNZGm6ddXySHT86Vpn3pb2b/WS+4z/M1oW2g3jSLcXenzajMuPLjLKI0P0zzU99o3ifUnRbyyZbNeRCrqqfjzzVx5Iu0X6v8ArczcJyV5Jvy/rYgi1a306KWz8KxpCvPn6jMMlvXaT1P6Vk2Ed3ezSrpCO8jH9/qNxyT/ALvrW1F4Yu7iVDfW7ywL923SRFX8Tnmr+o6TrtxALSHT0sbED/VpMi5HoTn+VVGcNovV9X/X/AG6E5K8loun9f8ADnPx3VrpbTW2gqL/AFQjE17KchD9f6CsiJ7i4u3XTw+q6qx/eXMnKRew/wAK1m0K72rbzLHb2o6xxTIN31OanuIdQS1FlpFva6fBjBYTJuP61tGaW2/9f1Y5ZU5PdaLp/X5mWGs9CmOwHW/Ebjr1EZ9/QVkXE1zc3gec/wBr6yeVQf6u3/pWtb6JeIrQobeLccyMJVLv9TmtiPSLyzgMWl29tCx6yNIpJPryav2sY9bv+vwMvZyktrI51YYNKkW91QjUtWP+rj6hD/sj+tU7mW7u50l1EPdXJP7mzj5C+5Fbceg6jDI0rPaG5f70rzKzfhzxXQ6dpj6ejvaw28t433pZZVJz+dTLExSvuxKhJ6bIwYtHiso01XxRKjyDmC0TkA9sjuap6ndXOoFLjVMW+nj/AFFmn8fpkDr9K3m0W9muTdXc9rLOTgFpQQn0Ga6Gx0Kzsw188sd/qBHyl2G1fYVjLEqL5nqzSNFyfLHRf1ucSmkSTwDUfEDx2Glx8pbAkbv97/CsfU9Un1KMRoW0vQk4CLw83/1q6vU9J1C/mM97PaSKp+RPNG1fwrOg0iJJvtF20N1Iv3V8wbV/Ct6VZfE9WZVYNe7FWX5mBbafcX8Iacf2VoqDhM4aQe57Cq1/q6yxf2fpI+w6YgKvIvBceg/xra1m11DUNqtNaw2wP3FkAB+tc+2nKhU3UkDxr0jRuPxrsoST96Ry1W17sfvKNnYvepthDWmm/wAUh+9L9K20aKFY7DT4S2eAinBPuTVObVUP7tSqRqMADGBWIJpBKXR4WXI+9z+Y710uDmtTn9pGGx0V1am0jkkkubZZAMlIRvK/7z9M1zqz3M++SSSRoQeBn71TvOJCHurgTEdAxwq/RRVW41CCPLRgSP29vpWlKm1puzKpVje60LAuDZW7h3wzckVyV7qLTsVBOM/lUF9fSTucsT9TVjTdMe6cPKdkQOee9ejTpKC5pHnVKzqPkjsJp2nz38i4UrHnk+td9BHbabCsUSB5se/60q/ZbK3KQ7A2OMGskSJtYGQByepNclWo6j12O6lTjSWm50cEF3e20927BbVOQTwPwFQXZighidLmSSd+Qg4A/CsoT3LQG2N8Ftz1Ud6s20dqjAmVWbHLE1z+zad2dCq82iNBQ8sGyZ/kHLE+lY11cyX+ba2b7PpyfeYHG+tC6iFyGjF7bRw913Hn/GoDZwFVjk1C2WAcbUXrVQit2TUbfulS0s5dSdYYcwaahwW6b60bq83j+y9MKw26jEkg9PQVNcyQm3+y2t7bW8QGMg84rJFtEsXkrqVsiHrtByapPm3I+FWQKz3LDTdMHlW4/wBZL6/jVm5uVsY10rSxiYjDv6epPvT4za21s1vbXlvGT1bnNUYoYIWkKajbBjyTjk1ajf0Iu0tNz9kP+CF8Qi/aB+OUasZCPCsWSe5+1Q1+gmlf8p1/2Uf+whrH/qJ1+f3/AAQxVF/aD+OYRxIP+EVh59f9Jhr9AdK/5Tr/ALKP/YQ1j/1E69bM/wDkWVP8MvyP83uG/wDlJDHf9gMf/S6R/eZ8XP8AkP6T/wBg2L/0OSvK6+mfF3gO38UXthfza/DpTJaJCI2iDEgMxzneP72OnauU/wCFQWX/AEOVr/4DD/45X8SzjeTP9aMBmdGFGMZPVep4jRXt3/CoLL/ocrX/AMBh/wDHKP8AhUFl/wBDla/+Aw/+OVPIzt/tjD/zfgzxGivbv+FQWX/Q5Wv/AIDD/wCOUf8ACoLL/ocrX/wGH/xyjkYf2xh/5vwZ4jRXt3/CoLL/AKHK1/8AAYf/AByj/hUFl/0OVr/4DD/45RyMP7Yw/wDN+DPEaK9u/wCFQWX/AEOVr/4DD/45R/wqCy/6HK1/8Bh/8co5GH9sYf8Am/BniNFe3f8ACoLL/ocrX/wGH/xyj/hUFl/0OVr/AOAw/wDjlHIw/tjD/wA34M8Ror27/hUFl/0OVr/4DD/45R/wqCy/6HK1/wDAYf8AxyjkYf2xh/5vwZ4jRXt3/CoLL/ocrX/wGH/xyj/hUFl/0OVr/wCAw/8AjlHIw/tjD/zfgzxGivbv+FQWX/Q5Wv8A4DD/AOOUf8Kgsv8AocrX/wABh/8AHKORh/bGH/m/BniNFe3f8Kgsv+hytf8AwGH/AMco/wCFQWX/AEOVr/4DD/45RyMP7Yw/834M8Ror27/hUFl/0OVr/wCAw/8AjlH/AAqCy/6HK1/8Bh/8co5GH9sYf+b8GeI0V7d/wqCy/wChytf/AAGH/wAco/4VBZf9Dla/+Aw/+OUcjD+2MP8AzfgzxGivbv8AhUFl/wBDla/+Aw/+OUf8Kgsv+hytf/AYf/HKORh/bGH/AJvwZ4jRXt3/AAqCy/6HK1/8Bh/8co/4VBZf9Dla/wDgMP8A45RyMP7Yw/8AN+DPEaK9u/4VBZf9Dla/+Aw/+OUf8Kgsv+hytf8AwGH/AMco5GH9sYf+b8GeI0V7d/wqCy/6HK1/8Bh/8co/4VBZf9Dla/8AgMP/AI5RyMP7Yw/834M8Ror27/hUFl/0OVr/AOAw/wDjlH/CoLL/AKHK1/8AAYf/AByjkYf2xh/5vwZ4jRXt3/CoLL/ocrX/AMBh/wDHKP8AhUFl/wBDla/+Aw/+OUcjD+2MP/N+DPEaK9u/4VBZf9Dla/8AgMP/AI5R/wAKgsv+hytf/AYf/HKORh/bGH/m/BniNFe3f8Kgsv8AocrX/wABh/8AHKP+FQWX/Q5Wv/gMP/jlHIw/tjD/AM34M8Ror27/AIVBZf8AQ5Wv/gMP/jlH/CoLL/ocrX/wGH/xyjkYf2xh/wCb8GeI1wHxL+Ffw6+MnhW68E/FLwZ4f8deFJmEjWWo24lRZBkCRCeUcZOHUhhk4PNfVv8AwqCy/wChytf/AAGH/wAco/4VBZf9Dla/+Aw/+OUKLTuhrOqC1UvwZ+VHg7/gmh+wz4E1+28S6B+z14Yl1WJxJH/ad9falArA5BFvdzSxZB/2eK9e/aB/ZO+AP7UWm6bYfGj4fWHiqexDCwvkmltryyDckR3ELK+wkAlCShPJGa++f+FQWX/Q5Wv/AIDD/wCOUf8ACoLL/ocrX/wGH/xytPaTve+po+IKbfNzu/zPzc/Z7/Yc/Zk/Zg1S88QfCL4cW+leKriE28mrXt3Ne3axHGY45JmbylOBkIF3YGc4Ffn5+yF/wSG8J/DqX4ozftW+HPhX8YZtQu7WTw+1hd3rfYIlM3miQMkIDP5kPA3/AHDz6/0Tf8Kgsv8AocrX/wABh/8AHKP+FQWX/Q5Wv/gMP/jlUq9RJq+5pHiSmrpT39T+fP4t/wDBKTRj+0j+zp8V/wBmzR/hj8LPAfhjVtP1TxDp893eC41B7e+SfdAnlyqWKIUG50GcZ6Zr7p+O/wCwv+yx+0lrn/CU/Fr4UaVrfi7y1hbV7O6uLG7lVQFUSyW7p521QFHmbsAADAAr9I/+FQWX/Q5Wv/gMP/jlH/CoLL/ocrX/AMBh/wDHKJV6jtrsTLiSm7e/t5M/J7TP2GP2e/2fvhT8b1/Z9+FSaR451nwdq2j/AGo3lze3t6JLdtturzyOVVnSL5E2glVJGRX5q/8ABOX/AIJs+CvGHwq+IFn+2V+znrFn4kg8QLJo7apJeaZdG2NsgYK9vLE7x7weGJAOcAEnP9Rf/CoLL/ocrX/wGH/xyj/hUFl/0OVr/wCAw/8AjlUsTOzXc0jxLTjFx5tX11PgfWv2S/2edf8AgrD+ztefDTTbP4MJLFMdC067ubCKWRJBIrySW8kcsjbwrkuxLMAzZIBrJu/2Mf2Zr74G2P7Ns/wtsh8F7e7F9Fo0eo3kZNwJGk81rlJhcO+5ictISRgdAAP0O/4VBZf9Dla/+Aw/+OUf8Kgsv+hytf8AwGH/AMcrPmqdznWfUv53+J+ePin9jH9mbxr8HfB3wC8UfC2y1f4UeH5Vm0bTH1G8V7Bxv5S6WYXHPmyZzIc55zgYw/FH7Bv7J/jbQ/hR4a8W/CaHxHoHgi3a08M2t3rOoyJp8BdXMT5uP38eY0G2beNo2428V+lX/CoLL/ocrX/wGH/xyj/hUFl/0OVr/wCAw/8AjlJTn3D/AFgpfzv8T4K+On7KP7P/AO0tN4Pn+N3w8t/G8mgNM+kltQu7UWvmmMyDFvLGHDeRFw+4fL05OfR/in8K/AXxr8A+Ifhh8TvD8firwLqqRJf2DTywCcRypKn7yFkdSHjjYFWByor6u/4VBZf9Dla/+Aw/+OUf8Kgsv+hytf8AwGH/AMcpXlprsT/btHT39vU+RPhB8HPhv8BfAml/DP4T+G18J+B7J5pLayF3Pc+W0khkc+ZO7yNlmY8scZ4rh/g9+yr8BPgH4p8deNPhL4BTwl4m8Sv5mtXI1O8uftreY8n3J5nSP55HOEC9cdABX3n/AMKgsv8AocrX/wABh/8AHKP+FQWX/Q5Wv/gMP/jlDcu+4f27R19/f1PEaK9u/wCFQWX/AEOVr/4DD/45R/wqCy/6HK1/8Bh/8cqeRi/tjD/zfgzxGivbv+FQWX/Q5Wv/AIDD/wCOUf8ACoLL/ocrX/wGH/xyjkYf2xh/5vwZ4jRXt3/CoLL/AKHK1/8AAYf/AByj/hUFl/0OVr/4DD/45RyMP7Yw/wDN+DPEaK9u/wCFQWX/AEOVr/4DD/45R/wqCy/6HK1/8Bh/8co5GH9sYf8Am/BniNFe3f8ACoLL/ocrX/wGH/xyj/hUFl/0OVr/AOAw/wDjlHIw/tjD/wA34M8Ror27/hUFl/0OVr/4DD/45R/wqCy/6HK1/wDAYf8AxyjkYf2xh/5vwZ4jRXt3/CoLL/ocrX/wGH/xyj/hUFl/0OVr/wCAw/8AjlHIw/tjD/zfgzxGivbv+FQWX/Q5Wv8A4DD/AOOUf8Kgsv8AocrX/wABh/8AHKORh/bGH/m/BniNFe3f8Kgsv+hytf8AwGH/AMco/wCFQWX/AEOVr/4DD/45RyMP7Yw/834M8Ror27/hUFl/0OVr/wCAw/8AjlH/AAqCy/6HK1/8Bh/8co5GH9sYf+b8GeI0V7d/wqCy/wChytf/AAGH/wAco/4VBZf9Dla/+Aw/+OUcjD+2MP8AzfgzxGivbv8AhUFl/wBDla/+Aw/+OUf8Kgsv+hytf/AYf/HKORh/bGH/AJvwZ4jRXt3/AAqCy/6HK1/8Bh/8co/4VBZf9Dla/wDgMP8A45RyMP7Yw/8AN+DPEaK9u/4VBZf9Dla/+Aw/+OUf8Kgsv+hytf8AwGH/AMco5GH9sYf+b8GeI0V7d/wqCy/6HK1/8Bh/8co/4VBZf9Dla/8AgMP/AI5RyMP7Yw/834M8Ror27/hUFl/0OVr/AOAw/wDjlH/CoLL/AKHK1/8AAYf/AByjkYf2xh/5vwZ4jRXt3/CoLL/ocrX/AMBh/wDHKP8AhUFl/wBDla/+Aw/+OUcjD+2MP/N+DPEaK9u/4VBZf9Dla/8AgMP/AI5R/wAKgsv+hytf/AYf/HKORh/bGH/m/BniNFe3f8Kgsv8AocrX/wABh/8AHKP+FQWX/Q5Wv/gMP/jlHIw/tjD/AM34M8Ror27/AIVBZf8AQ5Wv/gMP/jlH/CoLL/ocrX/wGH/xyjkYf2xh/wCb8GeI0V7d/wAKgsv+hytf/AYf/HKP+FQWX/Q5Wv8A4DD/AOOUcjD+2MP/ADfgzF+Ef/If1b/sGy/+hx1/ET4Y/wCU0/8AwUX/AOwPoH/pt0yv7u/CPgO38L3t/fw6/DqrPaPCY1iCkAspznef7uOnev4RPDH/ACmn/wCCi/8A2B9A/wDTbplftPgrG2Oqf4f1R/EH0+cRCr4b5tKD09l+qPxc/wCCw0ckv7Xdmked3lEjHb/iX2Nfn09nPdWnk3MBLjo2R1r7/wD+Cx7Ov7WtqY2YN5R5HX/kH2Nfmar6icZe5P51/UWXYhQUk11PI+j5R5uA8l/7BaH/AKbidONL1BkETwNKq8q4IyK14xfPam01C181QMBiwzXFp9vwMGdR9TU3/EwIwWuSPxr0I49LZH7B9VubQ067dHtyong7AsMj6Vs6cl3FAbS9QT2xGBuYEgfnXGeVen5gLnP0o2X/ABgXX5VMMxSd0mDwvmdJNok0TSR2zxXFo3IQuMr9Ks6fbanZoYpIfNtuylxwPauUEOodQt169Kd5WpNgEXJ/CrhjYp3SYvqz2Zs3OkyCUyWiLGrfejZxg/rSWVtqNmzKsSSWrdVLjA+nNYpt9SJ4S6H4GmG21Pp5d0R+NOOLV72YOgzpZgwPmbXikHQqwyPyNUnu5kimg3JMrdd4waxHtdSOR5V1+RqFrHUevk3BX6VpHFN7JmXsEt2bVqUWJo5SvXIwelSzJDcQYkYbgMDnmud+xah/zwuPyNPFlqRGBBcYq1Uk1sZNK5VurQozGM5FJYapc6fKDltndasHTtU7QzkfSo20jUmOWs5if92sY05p3ihuSZ20F5Z6lGHWTyZT1IPX6irAury2RoY7gNH028Mh+qmvPpbHUdPUSy29xbRsdu/aQCfTPrwafbfbLttkDzSSf3QxzXT9als1qS4Jo6xzNJKsgliVs5xzW4l2hiMcrJIpGCp5Brhv7M1k9I7o/ialXTdbyStvOex61dOpNP4WR7vc61II1V4oZrcwHny5DwPpWjp6z2uUFzaPZn/lmz5wPQVwqaVrZJ2291k9Tk81KNI19uBb3Z/OtFiZL7LK9kn1O4exjV2NndW8cbctG5yv4U+xtbqycmC/sUiPJjMmV/LtXGpoXiFutpd/98mrUfh/xAetndnj3o+tyvdQYPDprc7B7KATNc2t3a2sx5Yb8o/4UtrHPazvNb3unxO3LAP8rfhXLjw5rwOfstzn3FKfDOvMSTZ3AP0rRYud7qDE8OurOxuYYLhxcC4sLa67uknDfUYqNLMxzC4g1PTope7K7DP1GK5UeFteP/LpOfoad/wimv8A/PnP+dV9bm3fkYfV4rdnb3MUNyyyTXWmi6XpLHIQT9eOajhsIzOky6zpcEy9HDsG/HiuRXwl4iAwtrcimnwj4kJ5tJyRzWqxlT/n2xPDw6SPUJ7fTL6NPt+saNJOv3ZAzBh+OKqDRdKldXPivSY5F6OxfcPxArzj/hEPETHJsZs1HJ4O8RBSxsZvqc10Rxs29aX5mToxS+I9du7HTZ7UQ3finQL4L90tuDD8cVzFxplgQEfxHprqvKkliR9DiuEHg/xEVIWzuAp69QDSJ4L8SAhltZlI7itZYipLel+ZlGMFtI9ShvIo7U2l54g0vULcjG2QMxX6HrUMkWj3KCGTxHarH2VkZse2etea/wDCD+JGzmzlPrkUf8IH4j/58ZPyprE1rW9n+YKMP5j1mGWwjtvszeJ9PuID/A8bEYqCJtCQNA3iKySA8GMxMyD8D0rzNfA3ibaENnKVznGDxSjwJ4mJwLOZR6gGmsRWf/Lr8w5Kf8x7lpk3h22haFfGFi9uRjymjcr9AD0qMQeDYGbyPFtrbRtw0awOyn8Oa8T/AOED8VZUmylPPX0qc+AvFTjD2koA6d61WJr7ex/My5aa1cz3mwPhrTldbLx/YQRNyYzA+0/hWZdN4USaSaLxTYRTMcs0MDLu+o6V4wfAHikj5bWT8Qacvw98UkgNB5eeMtkA/jWv1uvJWVH8xKFPfnPZrC68P2VwZ7HxzHZSNywjtmAb6gHFaM83hKe4N5J4rtFvD96SG2ZWf6gEA189XngzxLps8KahYT2qyHEUrDMb/Rhx3rfh+G/iyVYpRaSMpHBUZyKVLFYh+57Lb1FONPdyPcdNuvC9jOt9b+O2tLgnkrZkE/Xnn8aK8bj+HHisci3kI6d6K76eMxUVZUvz/wAznlGk38R4e/jDxQ5LNqt+T7u1IPF/ilfu6vqC/RzX1A/hzwenC6deN/2yqBtC8Hr10u5H/AK/kBZxQ/59/gf0X/Y2IW9X8T5ifxT4nkyX1XUWz/tmnxeKfE0P3dSvlHsxr6XGl+DScDTbkn/cqZdI8HvlRpN2T7R1Tzijb+GJZNX/AOfp8xv4r8TyDB1LUFH+8eagHiHxIPu398Pzr6nOkeEEPzaVPGvqyAVcTw94RkC/6EyM33F2ZZz7KOaSzqiv+XY/7Frv/l7+J8lt4h8SMuw6jf7c5xk1GNb8QA5F7ehvXmvriTwK8zqLPwvPDb55kcKWI9hnA/GrcfgjToVCz6Bds3Uk7f8AGpef0Evg/ITyHEv7b/E+Q18SeJ1G1dT1ID6mmyeIfE0vytd37D1JNfYLeENHTb/xT1yf++P8ajbwvo8YB/4R6ZvYFc0Qz+h/z7/I0/sHE2/ifmfHR1PXScm4vifrURvdbbJ829f8a+xx4c0odPDVyfxX/CpE8N6Ocf8AFOT5+q1ouIaX8hnLh+t/z8/M+N11DXlxtkvR9DSG811xhnvnHuSa+zD4Y0wHjw3KfoVqtJoGkoTnw1NwP9mlHP6T/wCXZL4fqrT2h8cGfWsHBvF/Ok87XSMB77HoM19gDR9PPCeGZjj1Cinf2JaHkeGXUnuCK1XEEP5CP7Cqfznx3nWj1F6fwNNxrHpe/rX2CdGgBx/wjL/mKVdFhfOPDDD6stNZ/H+QFw/P+c+PlGsoSVW8BPfBqUSa8OhvK+xk8OoRkeG1+hdaG0GNASfDiqB/trxUriGD+wiv9Xan858drLr6/d+1/wDfNS/avEv9+6/75/8ArV9ay6dZxDJ0CPP+8KqG1UnMPhy3Yf7wqv7bi9oImWQTW8z5YW98TcANdD/gA/wqQah4qbI827/74H+FfUL2kqqXPhqEL/vCktrZrltqeHrQ84++KHm8N/Zr8Cf7Dadudny283iV/vNdH/gA/wAKhP8AwkJ6i4/75/8ArV9hDw9McH+xdLU9f9epxSPoMihmbSdNz7XC1Kz2C2gi58PS/nZ8bvBrz9UuMf7v/wBaozYa0esc9fYMmmxxKS+lWQA7iUVDHZrKxEGiW8uPR+PzrSOerpAwfD9t5s+Pm0vV2OWguDTTo+scbba4Oa+wpbGVMj/hH7Yn/rpWZcTvZxzTT6HaQW6KXd3cBUUckkngD3rennkm7KJlLIIr4pHyimha7IwVLO5LHtzWFK77mj37yDjIbIP0r03xf8RtR19zpGgI+l6Sco62+Ve8yMENjnYQSNnfOTngDuPh78NtMtfJ1TxS9tJcsAY7ViDs92HrXrTx7pUvaVlZvp1PJjgY1ans6Dulu+h4Zb6HqcoWUWkoTGRletX/AOx9Y/54T/ma+v7i48PW9wYVt7Vo16nIH4YqM6j4bBYiytT9Xrylns5bQPU/sGC+2fIbaNrBPFvMT25NR/2FrQ/5d7j8zX10dY0AZC6bYEe70DVtFbppmnIO3zVf9rT/AJCv7CpfznyQdD10kFra4bHTrxR/Ymvf8+1zX1ZLq2kA4Fnp/wCBqq+rabglLWwUe56VrDNan8pn/Y1P+c+Xf7D108/ZbinHQNbbrby/rX00us6aT00wDHGAatDWdG2j5LIt3ycZqlmdRfZJWUUv5z5W/wCEe1n/AJ92/Wnf8I/rGNv2eTbnOMmvp99W0sn93baYT7sagbV7UcLa6Uv61cczqP7JEsopr7R8yjw5qx62rikPh7VF4+zP+VfSx1S0Y5I06Mdfu1CLy0JyZ9LiX1K/0raGPn2M3lcP5j9HP+CE8Elv8fPjhDKuxl8KxZHp/pUNfoTpX/Kdf9lH/sIax/6idfCn/BE14pP2lvj28bxyIfClvgqMD/j4g6CvuvSv+U6/7KP/AGENY/8AUTr18zlfLKj/ALsvyP8ANzhyny/SQx0V/wBAMf8A0ukf6GGs/wCts/8Ar3T+ZrHrY1n/AFtn/wBe6fzNY9fxFU+Jn+olP4UFFFFSUFFFFABRRRQAUUUUAFFFFABRRRQAUUUUAFFFFABRRRQAUUUUAFFFFABRRRQAUUUUAFFFFABRRRQAUUUUAFFFFABRRRQAUUUUAFFFFABRRRQAUUUUAFFFFADgCxAUEk+1fM/ib9qHwpZan4g8OfDfwN8U/j74s0y5ezvLLwjpkZtoZ45GjngbV76W10tbiFkYSWzXYmQ8GPJApPjV4q8V3nxF+D3wd8H6ndeHYtVe78T+JNUt5ZIbiHRdNktt1pazp/qp7q6vLGIk4JtVv9jJKI5E8R+HP7ScX7b/AO0Pe6D4c+Mul+APB+gTXkmreHrXSLw3/i7S7dEVr+HUlzHaw+ZMoSFGExETOxxIET4jPuLJrFwyXJlGpmE3FqNR8tNRd9ZO6benwrVrVH0GS8N18ZTqYpprD0leUkm2uysk9++19z1iw/a38K6VbwT/ABr+G/xc/Zpgln8mO68Y2VpLpqDHElxq2l3N7p9mpOEX7VcQs7sqqGLAH6tr8hZPj34h+FPwg+Gfxr8J/GbRf2qfgBBqcvg7x/cXGmXNlqC6jLLJMk9vDdxoxRbaW2jMbEq5UYC72kT6o+Ad/pXwr+JEfwB8O3q3Xwk1zw1L4z+HFskjSpotlbTW0Go6bAx/1dhC2paTLax5IjS8mgjEcFrDGvicNcc4/wDtRZFn1GNLFTjzwdOXNTnG12ldtppa7tOz1017M/4TqYKisVCXNScnG7TTTTtZppNPVOzSdmj7Soorwf8AaV+OVt+zx8Ida+JA8Kal4+8RNqGleHvDvh2znSCfxHr2p6hb6bptgkrArEJry9tY2lIYRozyEEIRX6xhcNOtUjSpq8pOyXmz5GpNRi5S2R7xRX5L+Iv2n/2svg5c/tFa746+Kn7CX7Q198GdJg8S/GT4XfD3Stc0zxH4J0V7YXU91YatfXU1vrEttbFpzB9ktGkVQhaGSWNG3NJ/af8A2jPjhN4F8dfCL4u/sNfs7/C7xr4s1jwr8JdM+Jtvqmpa18X2066e1lvLdrW7s00u3mmiZYCY71nSa1cqr3EcDfdS8M829oqfItr3vp6ep5f9t4fl5rn6mUV4B+zR8br748fDSXxN4k8HL8N/iPpGu6v4R8YeGhqAvhoGvabey2d5bJdBI/tEBkgMsM+xPNglhk2rvwPf6+HxeGqUKkqNVWlF2fqj06dRTipR2YUUUVzlhRRRQAUUUUAFFFFABRRRQAUUUUAFFFFABRRRQAUUUUAFFFFABRRRQAUUUUAFFFFABRRRQAUUUUAFFFFABRRRQAUUUUAFFFFABRRRQAUUUUAFFFFAGxo3+tvP+vd/5iv4JfDH/Kaf/gov/wBgfQP/AE26ZX97Wjf628/693/mK/gl8Mf8pp/+Ci//AGB9A/8ATbplftPgp/v1T/D+qP5A+nR/ybLNv+vT/NH43f8ABXBUf9srTFkhMymF8qMc/wDEtsvWvik29unTSpvyWvsT/gsQ7RftdWbqxVhEeR/2D7GvzmTVLxRg3NwBn+8a/rHJcRCMJKSvqed4BQb4EyWz/wCYWh/6bierLHHk7NKkB91X/CpjE6/8wtx/wFf8K8oGq3X/AD+XA/4EaX+179CMXkxHuete6sXR6x/I/WuSXc9VKSdtJY/8BWpUic4xpeD77f8ACvKV1q/OM3cg9MGpDq9+3W6c9utNYqj/AC/kZ8lTueuxQT5/5BaEZ9UrRW3mIONIUnH+zXiLapqBXBuZfzIpy6tfD/l5mx/vVtTxtJfZ/ImUKnc9kc3EYwNJhx7lf8KYpumy39jwnPoy15H/AGvesOLmRT9acmp3ocMLqfOMcMea1WOp/wAv5GcYT6s9gC3PLSaEhHf7tXbS3F4wRdMtQ3+1Iq4rxxNXv1wftUufUtWhDrV2OWmZz0JJxmt6ePproZOMm9z2kaHJjnSdOz/18LTv7IKj5tJsfwnFeK/b7luVuJs56FjTl1G7TOLiYA9fmrrjmlNfZMXh5PqezNZwxLltItuP+mopYbcSoGg0Szf/ALaCvG11S8H/AC8S/nWnZ61exo8ZnlQH+LOMGtYZnTb+EzeGkj028gnurK60268N21xYTLskiLcMPw6EHBBHIIBFfO3iTwPrHhqePU9Lt7+SwT5ixAd4CBkl9oHy8E5wAOh7E96da1XJ/wBOuB/wKlXW9UB/4+5nyMYJzXBjp0a61TTWzOiipw9DT+H/AMRNB1XydK8S2ltaX33UnAwk317A17LIPD8bFY7ayuR6BtrD8Ohr471zw0WknvtNQKSd7W6LjHqU/wDifrjsKg0bxVc2+y1vZpZLfor5OUqsHn86K9lXjfsyauAU/epv5H2ONT8NREqdOtA/cM2CPwpw13w+pG3TdNx/10r53W/luY0dblpozyG3ZzTkdmYKWbr1zXsPPO0Ucjwlt2z6JHiDQ24FlpsZ9d4NSDXNMQZWHTSMf3h/hXzsFlOSspz2FAllVsSFiPWpWb94IFh2up9Df8JRaAkpDp6n3A/wqaPxZYr89wmmBe/A/wAK+fFkfBwxx3xTyGcZzhvQnrVLN2toor2T7s+jV8YaCeFTTR7lR/hTm8WaceUj0Y8dx/8AWr5oIZTkMwHoKeJJgMFyR9a1jnslvBEvC315mfSP/CVQt0j0Qr6gCpI/Elq4bfJpUf8A2xBr5uWVscu4qyss3VXb86uOef3URLCPufR8WuWTuVa90ZF9TEDS3Wr6aqsE1fRCO+bc186RGWRyDKytjjnrTWM+SrGTd9c1os50+BE/Ur7yPfW1yzABTUtCcY7QmqjeJrQEr9s0kH/rh0rwrMqnOMGpVd3GXUt71i85m+hUcEl1PbR4hiPS/wBKz2/cU/8A4SJR01HSv+/VeJZxkhiB6NShnH3iSD19qP7Vn2K+pq1ke4p4ohHEl9po+kINT/8ACVWYGRqOmsfQw4rxCMq4OSMdAc0jKc7g7fQ1Uc4qLVIyeGjc91g8YaajhbuW12HvGoz+RrQfxd4TUZ/tKYnviFTXz2v3WDk5A4NRBWbqRntzXRDPqqVrIyeBg+p75J418Np9y/nYf9cAKVPHPhllIkup8HjHlCvn85BwQahkCH1BPIrP/WCqtkhrAwXU+l7fx/4Ie2m0vVLf+1tLlG2SKWMce4PrWLHq1jo7sfCGqS6zpBO4WNwdtxb89I3bhx7Hn3r59850IDDK561ehlI5RiCOlbLiKpNLmSuuq3H9Tiup79afETRbl2ha+u7W8H34JYAjofQg9fworxZ2hvoki1KCO9RQNrNw6f7rDkUVss9rLs/vMnhII84/t3VlPN3KT7mnL4i1boLkn6iqSGEHLxtM55OeBUpkmdQiKsKeijFfxNKlHsf0x7Wp/MydtX1ViDLePGPTOP0qdNbv41Hl3EhH94msp49oyVBJ7moWYk8Av9KPZR7C9vKPU15NdvTh1PnSjo78qh9QO5qrHqt4krXD3N1LcHkuXOfw9B7VUaJ+GkbBPQd6RUGemapUY22M5V5p3uareINVIz9ruce8hpg13VWPF5OP+Bms1kY4wMfhTwh4z8o9TS+rwWtkS8TUfU011vVUZW+2zt7FjinHXtY73kw/4EayjtwAMk+tQuxBwOKFQi+g3XmvtGu+vaoM/wCmT7vZqi/tzVTn/TZ+f9rpWUGI6Y+tMYkDIq/qsOxMsTUfU1P7b1QNkahdA/7/AEqNtd1RskalcH38yslmYgKoJP0zQkDscsMfWtVQha7RPtp9zVXxBqy8C+uMD1Y09fEmsHAF9cAZ7GqsdsGIOML3OKR40UErxjqTU+zp32KVapvcunxDrB630x/GoH1/Ven26fPru6VmyOccYxVcknqa2hQh/KiJYidtzTOuargA39wR2+Y01td1VsA3U7D3NZwBPQUuCGABG6r9jDsT7edr3LjanqLZ3Xtxyc8OeKmi1TUlCgXlwFHONxqioIzk5p4JByKmVKNthqpLe5rf23fFdpldvq3WqzanfSEbru4A9AxAFVBISTgd6jKEkdRjtilChFa2CVaT0uWDqF7/AA3Nw3/AzUg1HUXYZuZAB6niqwRj0U0vlt3GKuUIdg9pLuXxq9zEpHmPNL6seB+FIfEOsYwL6dQOgBqgIm6KC1U9QvrHR4luNSk2FshIwuWcgZwB/U8cjmlGhBuyV2S680rtmldeK7+yjM91qksUPPLP1Pp7ng8DmvJfEfinV/FVxFbPJM1kjfuoQfvN/eYdz/IZ9STnX9/f+I9QU7CFziOJT8sa/wCPqe/5Cuy0nR4dNRWOHuT95sdPYV6lLDU6C5mvePKq4qpWfKn7v5jNC0NNP2XMxDXnbn7ldYlzch9yTSBz3zVEZAzzj2707zCOgxWFW83dnRStCNo6FyR5XJLSu0hHc9aovK6MVViT6ilLErhSAe5JpqKQScEkdSacIpblOTexJGZB8zO30qQMxyNxHuahLNj+GoiHbhm4pqFw9rbYe87Y2qxPvVZixBO4nPvT3GMYBxUXzH0WtVFLYylJkal14BbNSHzGAJdsZ4zTUzuIAJNWlGBggUyIIhCuQFUMx9SaRzJHxvLnrx0qy8+1diL7VQkZ2PYUQTYp6aJiPJJ1LOT/ACqPdK38TH8aUKe5J9qkwfQ1tojM/X//AIIZ/wDJwnx0/wCxVh/9KYa/QDSv+U6/7KP/AGENY/8AUTr4B/4Ia/8AJw3x1/7FWH/0phr7+0r/AJTr/so/9hDWP/UTr0c1/wCRbU/wy/I/zp4b/wCUj8b/ANgMf/S6R/oYaz/rbP8A690/max62NZ/1tn/ANe6fzNY9fxFU+Jn+olP4UFFFFSUFFFFABRRRQAUUUUAFFFFABRRRQAUUUUAFFFFABRRRQAUUUUAFFFFABRRRQAUUUUAFFFFABRRRQAUUUUAFFFFABRRRQAUUUUAFFFFABRRRQAUUUUAFFFFAHxN401T7H+2Wvh2/ee2j1r4Vu+lTbgB5trqbi5WPJzv239mxA7KM9BXwB/wSl+G+o/Dn9qHxtJ438T/AA28L+IYtO1fwhDoGp63ax6pfX+beVTDYs3mT27KjkSoGRtrYJANfdf7dH7PvxG+Kfhz4f8AxZ+Alza2f7RHw9v59T8PJJIsY1qxnRUvtL8xyI42mWKB1Z8K0lvHG7RxSyuPzr0z9qD9ln453mmeIPjVZePf2dP2ivD/APol3qemxXunanpd2BtaI+Wv2iCQA58q5jDRiQgEglm/mrjV4nhrjClxZLDyxGGko35N4ygrK+j3Wvn8j9+8OMR9ZyPE5PQlZ1VaWnNJbtNRum1rZ2va23ft/wBpu2tbX9h3wj8O/iB4s+BPij4q6n40XU/AGk/CVol028tWP2aaae2tI44JW8xbuJZNhYP8iuT5qj6h+GNoPDf7R37HPwev7q0m8TeGvg14mvL9ouXiWO48O2SoTjiOV2ncc8m0HHGR8l+E/wBpj9gT9lrRtIn8LWvjn9oDxpGW0zwvHcQzXF3pk0rSOsGnpcJGAzyTTEW9tGzzPM2QxIr7V/YX+Dnxi0uf4nftI/tJ2sel/Gzx29pDb6KGVh4U0C2Dta2JAB8udnuJ5JVViP8AUKxd4mkb1eGMRiuJ+IsLxKqTpYahTlG0r87k4uCu2lf4m1bokmcnH0o4PKpZXO6l7RzV0o35mnpC7cYpLW+8m7H6EV8pftq2v7Pdx+z74gm/ac8R+IPB3wytdZ0G9i1fRbq+ttW03WYtWtX0ubTZrAG7W9F8tmIvs4MhchQCGIP1bXzf+1h8FfEXx6+Cup+DvAviXR/BnxP03WtC8ZeDtX1G0a6tNO8Q6NqtrqunyXMKlWktjc2EKSqpDGJ5ADkiv6QymcFiqbqScY8yu1ulfdH4PiE3B8quz+c74D/8Ipffsd/8FuL34P8Aiz9oPxN+03LpHi698Qap8SLmW9OtfCs6ldi5OhyTMLyPXn0KK0V21dPOF0NPOz7MyNXT3n2ceAf+DZA2O0WZldosZ+6fiL4Aweeeh/Wvv3xp8Avj78YtY/a40/w1+w/4A/ZN+Kfx/wBGh8H/ABj+KrfF+bxJp39hmBbO+fw1o4gRheXFoHjR5IbECQxTy+Y0PlvsJ+zp8UvgvP8AA/4fP+xJ4R/bS8MfCLxXq/if4HeLf+FsS+FLjwvDfagL9dL8QWbRMtxBaXEVn5U8a3YdbGyka2WaEtJ/UcOL8sjKNB103a976aNbvuz4H+zq7vPkZ9T/ALHX/I8f8FAx2H7RPivHt/o9hX29Xzb+y18GfFfwb+HWvr8Sde0HxT8YPFninWvHvjS/0mGSLT31nU7t7mW3sklJkFpbI8NpCZPnaG2jZwHZq+kq/mnibGU8RmFWtS1i5Ox9xgKThRjGW6QUUUV4R1hRRRQAUUUUAFFFFABRRRQAUUUUAFFFFABRRRQAUUUUAFFFFABRRRQAUUUUAFFFFABRRRQAUUUUAFFFFABRRRQAUUUUAFFFFABRRRQAUUUUAFFFFAGxo3+tvP8Ar3f+Yr+CXwx/ymn/AOCi/wD2B9A/9NumV/e1o3+tvP8Ar3f+Yr+CXwx/ymn/AOCi/wD2B9A/9NumV+0+Cn+/VP8AD+qP5A+nR/ybLNv+vT/NH4r/APBY7I/a1tSP+eR/9N9jX5l+bKpyrYHpX6Z/8FjgzftbWoUAt5R/9N9jX5qLZzsARGc9xX9QYKLs/U5vo+L/AIwLJr/9AtD/ANNxK/2mZTkhakW6c5I2nsalFjc55iOPag2FyGyIyRXdGMj9e0GiZyNyhQe1SxzycZVT+FOSyuOnltUq2N1kHymxWqciGkTJI3B28+lSPJIOVxj0xVyLTrpk4iY0fYLkkKY2BraPMQZck8wwcIfwpVuZcA7VP4VrHSbpiQEcqe1MGj3oYfuW245qveAz0u5x/CB+FTrezDHCg++auDRb89IjT/7FvOQYCB71SU+hn7pAuoSt/DGD9DUy6hPjJWM/gaY2j3gbmMAdu+Knj0m8IAAIPcmtYc5MlEjF9MSGKIPwNSrqE46qjfgasDR709EDH2qQaHf8YQA/jWkeczcUMXUZyANkefcH/Gpkvro/8soyPYH/ABq1b6BeyEiSLFaaeHL89I3GK6YRmyfdMgahdoQwSEH6H/GsTXtJfW8XFstvaagActsJWXjgNzx25547HjHef8IzqBAPljPoauQeGb4kblApToTmuWWwoTindHzfaeJ9a8PXslld2yJsbEkTg5X3HP45716Pp3iVNQiE9sYW9Rg5X2PNd5r3w5bxBZG2uWjimUExTAZaJv6j1Hf2IBHzvr+h654C1cQTtlHy0M6/6u4T+hGRle2e4IJ8ypLEYXVu8Dqj7Or6nr41Wc4G2E/gf8aeNWmPyske36GuT8N6jbeIV8lJoob8DmInG73HrXYjQ7wZztVR3r0KNec480XozCdLldmhY9TmUHaECnpkHj9amGq3AyNsBx3wf8ahGjXYwcKPx61Omi3LH7yiuj94ZuERf7RmYZIhDfQ/40n22ck4SD681aTRbhmUNJGAT61dHh+QgbJkB9zxWiVRkOEd0jDa/uhxsh/I/wA80qandrjEcIP4/wCNbL+HrgAqZEP0Oah/4R65wP3kefrQqdQZVTWbpScxwhvUZ/xq6urzsvzRwk44OP8A69Ivh65Gd0kR/GpU0C5BGJIlHfnrWn70hqO5UfUbkniOEenB/wAajXUbxMnZB+AP+Nag0G5IJMsAOePnFK2g3C4xLD/31VqFboL3TP8A7Yuf7kH5H/GnDUbluUSAZ+v+NaA8PyEHMsIP1FPXw3L95LmL6ZoUavUPdMwahdLztiQ/j/jVldVuv4o4D+B/xq7/AGBcjA8+3P8AwKlTQJMndPCPoauEanQTUX0Ko1KduixY69DkfrTPt8pPAiB+h/xrTOhLnIuI1I96BoYOS1zFn605QqkKMOxnNezNjCxAjocH/GljvJHGyZItuMA4PH61qx6HF903ar6HjFWR4ehIH+lp+dEYVbjcYnLyz3UUmwiEr9D0/OhbuZfm2xc+x/xrWMfhpQJJfFOhhPV7qMD881YWDwoxC/8ACUaCMjIxdp/jUq7+0vvBw8jOh1G4wo2x/XBorTW18MjOzxXoZGeQbuP/ABoroUpdJL7zLl8jlRYXGf8Aj2cf8BqX7JMo/wCPeTH+7WcfH3jADjRdFJ/64n/45Sf8J7415/4kOin/ALZH/wCOV/Kv1Kt1t95/QP1mj5/cXmtLh+Pszkf7tNFjdN923YDGckVTPxA8bxrxoOh4/wCuP/2yom+IvjPkNouir/2xP/xyrjhK3S33kyxNLz+4vGxvGbDQy5PrSnT7lR/q2/AVlnx94vOT/ZGkk/8AXI//ABdB8ceMnwRoulMD2Ef/ANnVRwtZb2+8z+sU/P7jQNlclSfLYD6ZJqE2V2efJc/hWdN498UWyr9p0/Ro3PRBE7N19A+P1rUt/EvjC6QzjTdHgjPK+ZGwJ/8AHqHhqq1dvvBVKcnZX+4jewugOI3JxzxUQsLo9YZSfpU7+JfFcQLy23h8KP8AYf8Axoi8S+LpFEhsNDVD0/dOCf8Ax6mqVS3T7wtB6a/cRjTbtioW3mJPbFW08P37jc8DIPpSL4u8XW/Is9AH/bN//iqG8d+MWIBttDx/1zf/AOKqHSrX0aLj7Jb3LUehzIdq28jH1Iqf+yLgA4gOfpWHN8QvFEPDRaH9BG+f/QqVvHXix7SWeX+x7GLacPsbcPcAkjP1FN4Ot3Q44igujNF9LvUOPIkb6Cq82lXpzmGTaOR6D8a4mDx/4u1O+MFrrRSFc8+TF85/754FXZ/EnjyJ9smsQuvYCCM4/wDHK6fqdZNJtIwWKoyV0nY3Tpt7nmFgveom026XgwvntWINf8bOMnVo8/8AXOMf+yVH/bni44zqcZyf+ecf/wATWiws+6M3Uh0TNr+zb12AETKDTxpN4P8Allk/WshNd8YAgJfxZP8A0yj/APial/t3xkBgarD7/u0/+Iq/Yz7oI1IdUzV/sq+/54mnpo2oSNhLZie+Kw28ReMIsn+1ICPTy4//AIigeKPHIX5dWhUdf9VH/wDEVPsavdE+0pt6pnUJoF6BlonB9AtWB4evcqfIY9+a5hPFHjYDL62qt/swxn/2Wnf8JV42XH/FQMPYQR//ABNZywlX+ZGkK1K3ws6z+w9RZsLCcepqdfDl+3LQniuJbxb40Xrrxz7wR/4VG/izxfIMSa4WHp5Uf/xNT9SrP7SL+tUVvFmn4o1Wy8JLEt4DNfSKWigRgWI5+Zv7q5GM/XAODjxIJrPi/VJJQr3Mx6lR8kS9gPQf5610WoaV/ad5PqGoSveXcrbndmbJP58DAAA6ADHatPTFv9JhaHTrqK0hPJCxLk/UnmvXw1KFKHuu8jx68p1Z6q0TS03wvJpcO2OHdMfvOepNaJ0y7By0bNnmshtT14nC6nge8S/4Uq6jr566v/5BX/CspU5N3k0bKUVoouxr/wBn3TfL5RB9fSmjS7s9I2/Kued9VeRnbWbwMxJOJGA/IHAqBn1MHA1i+Yn0lf8A+Kq4UddyXV8jr49FvW5aMAfWnyaNdADKtu+lchM+p2kXnTa1fsx+6nnPz+tRW0euyub261rUlQ/cjEzgH8M1TodeYI1ltys6xtKugPlQk0z+y73/AJ4tWBs1UAltZvAc9TI3+NGzVj01q7/77f8A+KpKl/eJ5o9jdbSb1hxE2RzjFJ/ZF4RjyXz6+tYJXUz11m8b/gb/APxVAXUwo/4m95k/7b//ABVaRpLuS2uiN2PSrxBnymz3ND6beYH7phmueb+0FDA6peyHtiRhj9aXdf4H/Eyvc/8AXVv8ar2S6sXNpsbP9m3hOPLOPao20u7AJ2c1klb0KGOq34+krVEovpZAq6lqDfWVqcaa6Mh77GmdOvFP3Mn37U9dPuz95FUVzepXVzbsbS11C8mu3GCfMJ2/SrdpFc2kCrdavfPM3JzMSf1NaumktyE9dj9k/wDgh1G0X7RPx2Rvvf8ACKw5/wDAmGvvrSv+U6/7KP8A2ENY/wDUTr4A/wCCGmR+0J8dMySS/wDFKQ/MxyT/AKTDX3/pX/Kdf9lH/sIax/6iddWa/wDItqf4Zfkf51cN/wDKSGO/7AY/+l0j/Q21W2uJpbRoYJplECAlVJweeKy/sV5/z53n/fs1x/xE8YeI/D+rabZaRqP2S2axjlZfKjfLFnGcspPRRXA/8LM8b/8AQcb/AMBof/iK/iSpbmZ/qrhcqrVIKUWrM9u+xXn/AD53n/fs0fYrz/nzvP8Av2a8R/4WZ43/AOg43/gND/8AEUf8LM8b/wDQcb/wGh/+IrM3/sWv3X4/5Ht32K8/587z/v2aPsV5/wA+d5/37NeI/wDCzPG//Qcb/wABof8A4ij/AIWZ43/6Djf+A0P/AMRQH9i1+6/H/I9u+xXn/Pnef9+zR9ivP+fO8/79mvEf+FmeN/8AoON/4DQ//EUf8LM8b/8AQcb/AMBof/iKA/sWv3X4/wCR7d9ivP8AnzvP+/Zo+xXn/Pnef9+zXiP/AAszxv8A9Bxv/AaH/wCIo/4WZ43/AOg43/gND/8AEUB/Ytfuvx/yPbvsV5/z53n/AH7NH2K8/wCfO8/79mvEf+FmeN/+g43/AIDQ/wDxFH/CzPG//Qcb/wABof8A4igP7Fr91+P+R7d9ivP+fO8/79mj7Fef8+d5/wB+zXiP/CzPG/8A0HG/8Bof/iKP+FmeN/8AoON/4DQ//EUB/Ytfuvx/yPbvsV5/z53n/fs0fYrz/nzvP+/ZrxH/AIWZ43/6Djf+A0P/AMRR/wALM8b/APQcb/wGh/8AiKA/sWv3X4/5Ht32K8/587z/AL9mj7Fef8+d5/37NeI/8LM8b/8AQcb/AMBof/iKP+FmeN/+g43/AIDQ/wDxFAf2LX7r8f8AI9u+xXn/AD53n/fs0fYrz/nzvP8Av2a8R/4WZ43/AOg43/gND/8AEUf8LM8b/wDQcb/wGh/+IoD+xa/dfj/ke3fYrz/nzvP+/Zo+xXn/AD53n/fs14j/AMLM8b/9Bxv/AAGh/wDiKP8AhZnjf/oON/4DQ/8AxFAf2LX7r8f8j277Fef8+d5/37NH2K8/587z/v2a8R/4WZ43/wCg43/gND/8RR/wszxv/wBBxv8AwGh/+IoD+xa/dfj/AJHt32K8/wCfO8/79mj7Fef8+d5/37NeI/8ACzPG/wD0HG/8Bof/AIij/hZnjf8A6Djf+A0P/wARQH9i1+6/H/I9u+xXn/Pnef8Afs0fYrz/AJ87z/v2a8R/4WZ43/6Djf8AgND/APEUf8LM8b/9Bxv/AAGh/wDiKA/sWv3X4/5Ht32K8/587z/v2aPsV5/z53n/AH7NeI/8LM8b/wDQcb/wGh/+Io/4WZ43/wCg43/gND/8RQH9i1+6/H/I9u+xXn/Pnef9+zR9ivP+fO8/79mvEf8AhZnjf/oON/4DQ/8AxFH/AAszxv8A9Bxv/AaH/wCIoD+xa/dfj/ke3fYrz/nzvP8Av2aPsV5/z53n/fs14j/wszxv/wBBxv8AwGh/+Io/4WZ43/6Djf8AgND/APEUB/Ytfuvx/wAj277Fef8APnef9+zR9ivP+fO8/wC/ZrxH/hZnjf8A6Djf+A0P/wARR/wszxv/ANBxv/AaH/4igP7Fr91+P+R7d9ivP+fO8/79mj7Fef8APnef9+zXiP8Awszxv/0HG/8AAaH/AOIo/wCFmeN/+g43/gND/wDEUB/Ytfuvx/yPbvsV5/z53n/fs0fYrz/nzvP+/ZrxH/hZnjf/AKDjf+A0P/xFH/CzPG//AEHG/wDAaH/4igP7Fr91+P8Ake3fYrz/AJ87z/v2aPsV5/z53n/fs14j/wALM8b/APQcb/wGh/8AiKP+FmeN/wDoON/4DQ//ABFAf2LX7r8f8j277Fef8+d5/wB+zR9ivP8AnzvP+/ZrxH/hZnjf/oON/wCA0P8A8RR/wszxv/0HG/8AAaH/AOIoD+xa/dfj/ke3fYrz/nzvP+/Zo+xXn/Pnef8Afs14j/wszxv/ANBxv/AaH/4ij/hZnjf/AKDjf+A0P/xFAf2LX7r8f8j277Fef8+d5/37NH2K8/587z/v2a8R/wCFmeN/+g43/gND/wDEUf8ACzPG/wD0HG/8Bof/AIigP7Fr91+P+R7d9ivP+fO8/wC/ZrxX4n/sw/A341XdvqXxb+Bnw8+Ierww/Z4L/VtBhuLu3iyTsiuGTzYxlmOFYck1H/wszxv/ANBxv/AaH/4ij/hZnjf/AKDjf+A0P/xFVGVtioZRiIvmi0n6srfDP9lD9n74M6ouu/Cz4B/DfwL4kERt/wC1dO0GGO/aI5yjXezzmXk8FiK93+xXn/Pnef8Afs14j/wszxv/ANBxv/AaH/4ij/hZnjf/AKDjf+A0P/xFEpt7hPKMRJ80mm/Vnt32K8/587z/AL9mj7Fef8+d5/37NeI/8LM8b/8AQcb/AMBof/iKP+FmeN/+g43/AIDQ/wDxFST/AGLX7r8f8j277Fef8+d5/wB+zR9ivP8AnzvP+/ZrxH/hZnjf/oON/wCA0P8A8RR/wszxv/0HG/8AAaH/AOIoD+xa/dfj/ke3fYrz/nzvP+/Zo+xXn/Pnef8Afs14j/wszxv/ANBxv/AaH/4ij/hZnjf/AKDjf+A0P/xFAf2LX7r8f8j277Fef8+d5/37NH2K8/587z/v2a8R/wCFmeN/+g43/gND/wDEUf8ACzPG/wD0HG/8Bof/AIigP7Fr91+P+R7d9ivP+fO8/wC/Zo+xXn/Pnef9+zXiP/CzPG//AEHG/wDAaH/4ij/hZnjf/oON/wCA0P8A8RQH9i1+6/H/ACPbvsV5/wA+d5/37NH2K8/587z/AL9mvEf+FmeN/wDoON/4DQ//ABFH/CzPG/8A0HG/8Bof/iKA/sWv3X4/5Ht32K8/587z/v2aPsV5/wA+d5/37NeI/wDCzPG//Qcb/wABof8A4ij/AIWZ43/6Djf+A0P/AMRQH9i1+6/H/I9u+xXn/Pnef9+zR9ivP+fO8/79mvEf+FmeN/8AoON/4DQ//EUf8LM8b/8AQcb/AMBof/iKA/sWv3X4/wCR7d9ivP8AnzvP+/Zo+xXn/Pnef9+zXiP/AAszxv8A9Bxv/AaH/wCIo/4WZ43/AOg43/gND/8AEUB/Ytfuvx/yPbvsV5/z53n/AH7NH2K8/wCfO8/79mvEf+FmeN/+g43/AIDQ/wDxFH/CzPG//Qcb/wABof8A4igP7Fr91+P+R7d9ivP+fO8/79mj7Fef8+d5/wB+zXiP/CzPG/8A0HG/8Bof/iKP+FmeN/8AoON/4DQ//EUB/Ytfuvx/yPbvsV5/z53n/fs0fYrz/nzvP+/ZrxH/AIWZ43/6Djf+A0P/AMRR/wALM8b/APQcb/wGh/8AiKA/sWv3X4/5Ht32K8/587z/AL9mj7Fef8+d5/37NeI/8LM8b/8AQcb/AMBof/iKP+FmeN/+g43/AIDQ/wDxFAf2LX7r8f8AI9u+xXn/AD53n/fs0fYrz/nzvP8Av2a8R/4WZ43/AOg43/gND/8AEUf8LM8b/wDQcb/wGh/+IoD+xa/dfj/ke3fYrz/nzvP+/Zo+xXn/AD53n/fs14j/AMLM8b/9Bxv/AAGh/wDiKP8AhZnjf/oON/4DQ/8AxFAf2LX7r8f8j277Fef8+d5/37NH2K8/587z/v2a8R/4WZ43/wCg43/gND/8RR/wszxv/wBBxv8AwGh/+IoD+xa/dfj/AJHt32K8/wCfO8/79mj7Fef8+d5/37NeI/8ACzPG/wD0HG/8Bof/AIij/hZnjf8A6Djf+A0P/wARQH9i1+6/H/I9u+xXn/Pnef8Afs0fYrz/AJ87z/v2a8R/4WZ43/6Djf8AgND/APEUf8LM8b/9Bxv/AAGh/wDiKA/sWv3X4/5Ht32K8/587z/v2aPsV5/z53n/AH7NeI/8LM8b/wDQcb/wGh/+Io/4WZ43/wCg43/gND/8RQH9i1+6/H/I9u+xXn/Pnef9+zR9ivP+fO8/79mvEf8AhZnjf/oON/4DQ/8AxFH/AAszxv8A9Bxv/AaH/wCIoD+xa/dfj/ke3fYrz/nzvP8Av2aPsV5/z53n/fs14j/wszxv/wBBxv8AwGh/+Io/4WZ43/6Djf8AgND/APEUB/Ytfuvx/wAj277Fef8APnef9+zR9ivP+fO8/wC/ZrxH/hZnjf8A6Djf+A0P/wARR/wszxv/ANBxv/AaH/4igP7Fr91+P+R7d9ivP+fO8/79mj7Fef8APnef9+zXiP8Awszxv/0HG/8AAaH/AOIo/wCFmeN/+g43/gND/wDEUB/Ytfuvx/yPbvsV5/z53n/fs0fYrz/nzvP+/ZrxH/hZnjf/AKDjf+A0P/xFH/CzPG//AEHG/wDAaH/4igP7Fr91+P8Ake3fYrz/AJ87z/v2aPsV5/z53n/fs14j/wALM8b/APQcb/wGh/8AiKP+FmeN/wDoON/4DQ//ABFAf2LX7r8f8j6C0q2uIZbtpoJoVMDgFlIyeOK/gf8ADH/Kaf8A4KL/APYH0D/026ZX9znw78YeI/EGralZavqP2u2WxklVfKjTDBkGcqoPRjX8Mfhj/lNP/wAFF/8AsD6B/wCm3TK/avBW316pb+X9Ufxj9O+hKl4aZtCe/sn+aPxV/wCCx7Sp+1ratbkCXyjjJ/6h9jX5ni/1cFQ92EPoFUj+Vfpj/wAFjsD9ra0LHH7r/wBx9jX5rApIGHB471/T+CpXT16nP9Hl/wDGBZN/2C0P/TcRwv8AVcc3Yx67F/wqM6lqQ4+2DP8AurUBV0PtUZAzuOM12uk11P2Esi/1kEut8SB/sL/hT11bWm+X7cV/7Zr/AIVDGQQAc+vFThFDBiCB16U1RfcTa6k66vri/e1Ap2H7pf8ACpjq2tYydRBP+4vNPjSB1GcE1FJAik7en0qvq8l9oXPHsWI9V13A26psPp5an+lR3Gp+IZUeKTWJEQ4yVQKfwIwajjAH3xU7iN14b8DVKm7bslzXRGcH1k9NcvSP+ur/AONTEavGAza7f495H/8AiqI41DEFipqV242tkjPX1qY0lYSmZF/b6++y8sNev3ZRloxO+1/wzTtO1DUtTDxLrN7aXqjDRGR/zHzVpPGikPEDHJjOV6H8Ky73S2uAL20byb5OeBjdUuk1qvzBST0ZZZ9cjYg65fqc4OZX/wDiqBca6o3HxBfkf9dX/wDiqbZajHqANreAW+oLxg8b/pSyBYpNjPya1jCLV0yXdMsC510g7fEN+eP+er//ABVWYLnWypV/EGrbh0Infp+dZy5yNpwa0reQY2vgt64rWECW7Fj7RrJ5/wCEh1nPtcuM/rT/ADta/wChi1xT/wBfL/40KFHQ9adW6ombn2E+062P+Zi1s/8Aby/+NV7iG9vIZYL7VdQvrZ/9ZFLMzq3OeQfcA/WrYK45BzQNnGc0SoJ7ijNrY45vDq6VJ9ttAZ7bOTgDfF7g9a3ovtlzEJ7PW9VlUfeUznIrXV0Q7sAg9R6/Wsq7sIw5vNIlENx1aIHAb6VzfV1D4dinU5lruR7rv7v9s6urennHikktZ7uJ4LjVtTmibG5XlJDc9wfwqOOdLtD963vV4KHgN+FRG4MZIkWRGHWtEk1uCUhB4fth0uJx+X+FIdCt8cTT5HXgf4VfjutwBDZ9wasiUEH5lIp/V4BzyRnQ6HZ5w9xdr+C4/lVpvDtljLXdwR2zt/wq4pAyw+b29KlFyuMbGLDjmrVCC3Rm5y6GY3hqyxn7VdlQM/w/4U9fC+nuebq9z/wH/CtFLlmYhYwx9AcH8qmjuY2kCHMcnowxVRpU77B7SZlnwjZqMre3ZPb7v+FR/wDCO28RJEksw/2scflXRLOQdrrn+tOaSPpux7Gtfq1MhVZXOc/sWyYYKEj0yas2+iaerFvLfd3O41pExse6+9So5T76lh64qHQgjXnZgy+HRG5ubV/tUR5aFuCPpitbT9J8O6iPK8lre7HWN3br7c1ps7LHvg5cdAayZbm1v5WS6j+wX6/dlHGfrTVOMXexKqNl+bwjYxHMKMpH8LE4P602LQNIkbypYZIJv7rOefoc81PaeIZbRlstXUTRdElA7V0MsFteRB42jmiIyGB5FdlOjSnrEyc5L4jmJfC+nKPlikPflj/jVVfD1izMpgkUj1c/411Aee3ysqtcQdmA+ZfqO9WIzFOqvEVkQ8gitPqlPohKrLqcC2jG0lwsPnW5PIYkg/XFS3HheGaLdpUn2eQ8+S/zIT7Z5H4V27xlMkIGFRG3gnxwIpeoI4INR/Z1MTrtbnmkckGmyra6vodxbPnAkhkYg/gaK9Nmtxdxi21SCO7ixgSAfMtFZPLpL4WvmU8QuphjagznJ+tIZ8AAHH0qmFZjln/WpxCH+Uyoufev55fmftMZfykTytIcDOPWgwBVBYhR6k0mo3FvpkDSmWMyAcAmuUt9TW7kM1wZZkB4B4Un29a1pwlJXWxnOcYu0tzsLeCKTOx1ZRyWJ4FVZLppJvsulIbqfoZD91fpUNraX+qgeYfsmnDsoxkV1VtbwWUXl2iLEuMFj1b8axnLle92dNKDkuyKdjodvZH7VeSC6vj69FNT3N6VYIsZmlJwqL/D9aY7y3eY7V8KesvUD6etWEtIrZTtYFj1J6msm3e8nqbpK1oKyKSQMzLNdlZJRyFHRKmkcnGDinSsq8D71VACTuckn09KpLqyG0tCNog2SzFvrWfdMrEQwkyOeML/AI1tC2ecEBgid27Cuc1LWbSwLWmlRi4vTwZOuK1oJt2Rz1JKKux08tjo8HmXYRrk/djXkj61xmpm81RXluWa3t/4Y19Per0cOZBc3jfaLo84JyBSXkweJ8so46DFelSjyyutWeZWnzqz0RzOhsLe/CLgLn0r1e5iRoI5AMdK8Zt51hvgQ6YzxzXqH24zWqFD5uB0zitMbSk5JmeWVUouLHsQeAcfyxQkkZIUOhf2rLjSSVne63N6KpAFKsextyqqDsoaufkR1Kp3RsMyJwAW/Goi5PTis15psgFlHoAaUPNjlhn3PSrhSRLrlxioAJx7Uuc5JGBVISSjrLGfxobeQSZRn27VbgLnRdBHqDimPIp4aRRWQZXaXY80UUY6knmpH+zMcW7eaB/ET1p+z7mbr9i7hX5ByPWgBAeSB9arFmVcK8KnvhqhKt08yIH61Sg+hHP5Gl+5A7GoXdRnaAq/zqiflGPNTOfWo2lwOHjJ+tUo9iXULoYYJPAqKSdQNoJIHes8yOTzLCPxqKMGacI8kbx56A9a1UEZSqlg3abgvmAsfbNSvMtmm9zulbhVxUN7JaWKiSSaBXHREOTTtORLvN3O6bv4VY9Kb0V+go3bt1LdlZtKft2osNp5RDxWk5VyCMZHTHQVTkiDDebj7RcdsHCrSxJKq8vFn61i31Zs3bRFgheSQKYGUdAajZZSf9ZGPxpAkmRmSPFNK5G4tIRnuRSmMjBMqVGyM3/LWMD61UEtxCPsx8uM9qhzt5LEmnsjL/y1Q1QaG4nkOZ1hh6cdTWsUjOT1JGnUsEaQFjxjNMv71LGERQnfcv2Has+9vNP0vCxzfabs8AA5xS6daSTP9uuwS55VT2960UVa7MuZ3styxp9gYVe6my1y/Iz/AA1oIijLMpL92NDsxJ5I/pTSSepocW9TZWWh+w//AAQz/wCThPjp/wBirD/6Uw1+gGlf8p1/2Uf+whrH/qJ1+f8A/wAEM/8Ak4T46f8AYqw/+lMNfoBpX/Kdf9lH/sIax/6iddea/wDItqf4Zfkf5x8N/wDKSGO/7AY/+l0j+8z4uf8AIf0n/sGxf+hyV5XXqnxc/wCQ/pP/AGDYv/Q5K8rr+IqnxM/14yr/AHePoFFFFSd4UUUUAFFFFABRRRQAUUUUAFFFFABRRRQAUUUUAFFFFABRRRQAUUUUAFFFFABRRRQAUUUUAFFFFABRRRQAUUUUAFFFFABRRRQB5f8AFv40/C34EeGLfxn8XfGel+BvC8t4mnx3l2HKPcOjusYCKxyVic9P4TUnwn+Mvwu+OfhZvGvwk8aaP468LLdSWT3lkW2pOgUtGwYBlYB0OCOjA96/Lr/guN/yZ94V/wCx907/ANIr6vy6/YA/axl/YL1Tx7oPxPg1W8+HvizwVB4y8PxiLaLvUlty0SR8kKspFxbNISMvBHwOld9PBc1PmW56tLLlOjzxfvH9Hvin9sj9l/wV8ST8H/E/xl8J6X8S/tlvYHSSZHlS5m2+XExRCoZvMTgnjcM4r6Zr+FPw1/wnmsftRfAj4lfEaaefxN418U6Z4skkkRkaVZ9YZN+G/hYwuy442MuK/oG/ao/bx/aF1b9q7Tv2K/2NND8In4gRkR6nrmsIJEjuPsxuZEjD/u0iiiGXdg7M2UVQVG+quBaaUS8Tlbi0oPpqftNRX4n/ALOP7dv7Svgv9rWH9jH9tPRvBU/iq/2x6V4g0aMRK1w8HnQhwmI5IZVGxWVEdZCFYHJ2S/AP/gor8erP9sK6/ZY/a5+H/hL4ef2lNNDoN9DbS2kiSHc1sJHeV45oplQorpt/eEA5yQuH1SfQ5Xl9ROy10uftXRX4Pfsr/wDBVfx14q8O/tWeN/2grbwBF4d8C6VDf6VbaTA9ncalcPPLFHbB5JZAWkcQoCF4LZ5HFafwg/b7/bL8c/suftMftPeM/hp4A8MeENJ0mK88DXcenzLa384u3gnRg1wZJlTAG4bRvU89VD+pzvqDy6or3/q5+51Ffjj8N/8Ago5rWv8A/BP3xj8f/FPi/wCDFh+0DZW+omz0UzrCs0kdx5cI+xNP5zEqQcBvm6074cf8FJ/E2mf8E9tW/a1+LmieHNX8eHXbnQNJ0zTIntbe/u94EKNuZyqqolkc55WNgOSMy8JP8bCeAqLp1sfsZRX84t9+2V/wVR8N/AzSf20Na0n4OXHwMuZ4Zm0YaeivFaSziGOZkDeesLyMiK3nM/zqxG05r9w/2Z/j14e/aa+BvgH41+GrKfSrLWbZzPYyuHewuopGhnhLDG4LJHIFbA3LtbA3YqauGlBc3QnEYOVNcz1Xke70V+TX/BTf9t34tfseaz+z7b/DO08E3Nh4kl1T+1v7YtJJiEt3swvlssiBOLmXJOe3pzxP/BRr/gpH4h/Zyk+Cj/s4+Kfg58QotZbVW1xWnXUjbrD9k8kA28w8rf59xy2c7ePumqhhJys11HSwVSaTXU/ZuivhT9sPUv23oL3wXZfsoXHwn8M+GmtrmbxF4g8USxKlhIGQQqoct8pBkJIibnHI6H81vhX/AMFFv2rfhZ+1b8Ov2dv2kNZ+C3xh0LxHqNhpi6v4Tngl+ytdz/Z4pY5rcqnyyffikjD7RkYypYhhZSjdF08BKceaLR+q/wAbP21fhJ+z38aPhh8HPitb+IPCsHiq0kurPxVdCCHQ7MoXVo7i5klUowKRg4UqvnxFiASRJ8DP2z/hV+0X8W/iv8LPhXZ+I/Ell4Sjia88UwCCXRL53YKqW1zHKxkJIlwSoVhE5BIAJ/P7xz+1beeMv+CjXjP9kr46eHfgt4k/Zl0e3l1GZPEWhQXIsxFoa3pmeWfcgxIWOdvQ4FeJ/sXf8FBtc+I/7bvhv4AfB74d/Cv4Wfsv6vqesNp+k6T4eisbhoINOuZop5DFtVZZHto5HG043FMnGa2jhfdvbW1zZYFuF7a2uf0TUV/Ob+0t+3X/AMFQv2TI/Cdz8ZfBf7PmjWuuSXUemyWds10JWg8suCEuiV4mjxkc5PpX0Dr37UH/AAUd+E37L/xm/aA+Nfgz4IaJbWWj6JfeFXsozN5011qVpC63ESXLHb5Fy5AyuHA5PIrJ4OVk01qZf2dOyd1qftjRX4PfEL/gq94w8E/sMfA74rrbeBr39pTxrPfrFYJbu1jYWtpqE0EtzLAJN4DJFEiqXGXkZgSI2FfSfw8/a9+PPjz/AIJq6h+1NpXhvw5rfxvEN4bXT7DS55bad4tUa2GLZZDIxESliA3UE9OKUsJNK79CJ4CpFXfex+p1FfKn7FHxW+K3xq/Zv8CfEj41eG4vCfxGv5b9L2yTTprFUSO8miiIgmLOuY0Q5Jwc5HWvqusJxs7HNUhytxYUUUVJmFFFFABRRRQAUUUUAFFFFABRRRQAUUUUAFFFFABRRRQAUUUUAFFFFABRRRQAUUUUAFFFFABRRRQAUUUUAFFFFABRRRQAUUUUAeqfCP8A5D+rf9g2X/0OOv4ifDH/ACmn/wCCi/8A2B9A/wDTbplf27fCP/kP6t/2DZf/AEOOv4ifDH/Kaf8A4KL/APYH0D/026ZX7T4Kf79U/wAP6o/hP6f/APybnNv+vX6o/FP/AILJf8nZ2v8A1y/9x9jX5kLKckg5r9M/+CyxI/awtiP+eX/uPsa/LlbgryRmv6Zw1Xlun3PM+jzG/AWTf9gtD/03E1Fn3DBJB9xT2+cHnr3FU0ljkwQRmriA4AU59K7o1L6o/YGrDFWWPnOR9K0I33D3qsWOcN+lIJTH0PHpXVF2EW9xTJDDHpTxcse+Oe1UWkDrk5FViXU5V8/jVOtbYnkRteYTyMYqNix6GqsM2Tg8GrXUcH8a1c1JGbVmOQFj83X2qVkO3qCMVW3Ohz1FWEcMARwajkRJEpK8ZOaeruDuB6H8qfww9arMzxtwan4QK+o6al+q3EWIrteQRxmsq21K1aX7HrJe3nU4DngH61ryXkkbKFVSfT1qpqVna6ugSeMwXAHBI6/jWNXvHcpPuWZbTynWSxvY5oSOBnOKuIuVBkkVW71yGn2ENtL5E088Rzwc8V0TWsEe0StOqnow6U6NWTCUbGqqr2uUFSeZHkBrpBWcmm2ci7o5nYfWqU1hbE4Dyq2fWun2srXsZ8vc6E7MZF0jD3pnmRocm4jP41jx2kMYAzIwxTzZWr4IEmfY01Uk+guRGq9xAy7PPUN6g1ArWq48xwxzw6tgiqjaZAsfmoxmUdeSCKdb2trIMNGWoUpPRg421E1B7R0aSOfNwnRscn6is2x12wkYw3jPbzjgNjINdB9jsFzmJk/GmfYrDJIgWRvU1DpT5rpi51sYs9xZLN5kVwCp67R1/Cl/tC2H/LfFbRt7BsqLZEPpjFVvscLE7UVCOzAc/jV8klsyudFJNVtlOTMx/CrQ160jxhS/4VLClorGO5swr5654NbUdrpJwRaJn3zVQjN7NEycX0Mc+IbB+Wt5Q/Ygc1Wk1a2lKuDcEjsy5xXVCKxj+7bRtUyy2oIBsYiPUYq3Qm95fgJNLZGJH4gtUjw8EpbsQuKYfEdoS2beY/hXQNNYY2G2iUnnBFZrQoJt6xiNT0wMj8auUai2kHudih/wkVnjb9mmx9KYfE1svAtLlfbbW2ssURVZrW3kQ/xIMY+orQjW1ZQUtoWA7EU1Co3pL8BWj2OYTxZCp+WyuD/wHpTpvEtndKFudJklGMZ24IrrVFpwDYxfhSl7QcfZY1x6iqlh6j0ctPQV0uh5Ze3UgO+xW9WP/nnIpZavaR4mubNxhJYP70bA7T9K9F86BDhLWE/hVKdow4Y2EMqdxtBrNYWcHzRkX7RPRo29L1ux1RQI2SKfHMZq9NbbXMtsfInJGRjhx9K5K50fT71PtFkGsLrsYzjn3FS2Ou3enutnrMfmJ0SXHX616lPFactX7zncOx1cF9GzeRcxiGf0PRvoasPFG2Rs5rPdre7jDArLCelNW6ubPIZPtVrnt95B/X+f1rtVVdTncbbFtXaJtp3EdKKkW6tbqJJIWR1PQiiq9p2M2rHlp8N3iZL6m6D3akbw3qDIXi1GbaP4s4rpJ4bbSozJfuiydgzZb8qxvPv9YYRRF7Syzye7Cv5ohVm9eh+4So01pbU4iXS55LzyDcS38oPQEkCvRtJ8NR2ypPflWkAyEzwKuWVva6egS2RA/dj1NLPqBY+TaATT9Cx+6n1p1sROS5Y7BRwsIPmlqzSmuIYFUsAq5wqgdT7VAIZrk77k+XD2jHce9Z8SiFvNmdp5jzuPb2A7VMbieVgDmNPc9a5XT7Hd7S+5pM4jG1MBR0AqtIZHyd4ApgaMHIYUSMuwgMu49BUqNnoNuxUMjCTy0zNJjt0FZdzfSW0oN3JCqf3IySW9qbe3zWaNHEDLOegAx+dVbDTp5XN5dqDLn5Q3auyEEleRxTm2+VbjdTv9c1O3+z2KLp9meMscEisSx0O43lZLkKT1bPJrsJLdyxaVgR9ajSGJW3BjmtYVmlaJzzw6lLmkQp4StGXMl9Mzd+ail8J2LLsFyenrWmJABgHAFRPOiZycn61MJ1e5q6NK2xzf/CDWAcSfafm9d1Wj4XghTm/ZEzn73WtlCXIzwvuabNG0r7uHweprZ1aj+Jmaw1JK6ic/JorbA0c05j/vNxUkXhtZUBkvZAPQN1rel3MirJlwOcdhUK7uADhfpVe1m0Cw9NPYyW8LW2c/bJBjr81IfC9qOt7L+ZrYJX+IlvYU1m3HIAA7Uc8+5DpU+xinw1aryLp8+uTUL6NZJhDdyux6AEnNbUrhEbLYOKz4TslL4XJ74ya1jKW9zGdOF9EZX9jWhcBpHj54561pR6BYlSGnlUezc1LJIituji3Sf3mNVVaQvmV2bHOAatSk1uZKEE9iZtE0tTtNxIT2ANRNotk5JSVlHpVgyhiPlCj2p/mKo6fN/KhNrqW4xfQz20K0Az50mPrVV9M0+Mczyr2AFac05I29faqhtzOdzNj+laRcras55U4/ZRn/ANnwMCy79v8AtNU0Ol2TAu0rADsP8avMiqAu/e3eonDD5QPl69KtTbJlBLWxWbSNMkJJG4+pqdbG3jTYspVaNwC4GQaYXjjGXO4+go12uS5LexIYIADic5+lVhAGYBZZGPYCrEcryA/u1SP+dRGTD/K2B6gVfIxXW41rVo2xLcuD6A9KQxIox58vHvUtNBRM8bm7UcjC0So1r8+9riQD+VWUtYXXHnTHHXnrTzhhllx7VXLJGepVT6VSi+pKSuMeO2jba00zMewOTUM1qk6EtNPEnucVpQWsTAzK6hvU/wD16rSNBK5jJ3sKpbaDcLrU5610q0iuTOzs6jpu710DXjjAjjwg7mqMiKsgIG1R0Bp5fftLEn6CtZJvVmEbR0L/AJrSAc8+1WolwAW+tZKz7ccYAqf7WSMYwKXIzSFRbn7K/wDBDUg/tC/HTH/Qqw/+lMNff2mc/wDBdb9lDH/QQ1j/ANRSvz8/4IXtu/aB+OTevhWH/wBKYa/QPSv+U6/7KP8A2ENY/wDUTrbNf+RdV/wy/I/zp4bd/pIY3/sBj/6XSP7zPi5/yH9J/wCwbF/6HJXldeqfFz/kP6T/ANg2L/0OSvK6/iGp8TP9eMq/3ePoFFFFSd4UUUUAFFFFABRRRQAUUUUAFFFFABRRRQAUUUUAFFFFABRRRQAUUUUAFFFFABRRRQAUUUUAFFFFABRRRQAUUUUAFFFFABRRRQB+PX/BbjTtQ1P9kPwxBptjeahOvjvTnKQRF2C/Y74ZIAPGSPzrz3w1/wAE7PAf7Zn7IH7GGqeKfE+v/DnxT4f8JrZyXFnZpJLeW0jBvJlWQjbsdXZT2Mj5Bzx+49FdMMU1FRWjR2wx0owUY6NH8x//AAUX+G8XhD/goB+xl4e8GeF76z8GaT4f8I6ZZi3tmaGCG31i5RU3AY+WNY8+gxWn8d7nWf2C/wDgqbL+0/8AEXwl4k1n4JeJZri4t9UsYBISLmx8maNSSFE0M25jGWDGIBh94V/S7VW+sbHUrWWx1GztdQspBtkhmjDpIM5wykEGtljXomuljeGZWSi1dWsz+aL4daxqv/BQ7/gqH4R+P/ww8IeKNJ+C3g+bT7i41a/txHtSyQyRrIVLIJZp22rEGLeX8xA2sFxPizpJ/wCCqH/BSBfBPhpbnT/gp4NtDpeoa7ZRqs0mm207tNMsrKcSTTzNFCCGAUiTacSZ/p3sdPsNLtYrHTLK006xjyEhgiEaIOvCqAB1NW6FjbO6WysilmfLLmitlZH8SH7Mf7GV5+0z4d/aotvC1xrR+IPgnTYdR0CxjCkatIJpRJbSDGfMeOEhMFf3hXPGRX6OfBr9pWw+Ln/BJj9or4K6pDDYfEHwB4fjsHt0i8v7VpjXKGCcKMZZSskT+6Kx5kr+lOinPHuXxLsOrmrn8S6po/lD+E37FnwH8X/8EvvHv7TmseGtZn+MNhaatNa3sepTrEpguiiE24bYQFGDxz1rsPAHwH8bfHj/AII2Lpnw/wBJ1DX/ABP4f8e3fieHTLWMvPqMUQeGWOFBy7iO5kkCDlvLwoLEA/1GUUnjpPp1uJ5tN/fc/lL8X/8ABQfwP4w/4J0aF+xnpngTx5J8dDY6b4UkgFkrWypbXcTiRCGMjyOkCII9gYSOeoUFv3Q/4JxfBLxZ8Af2Q/hd4D8eWM2k+M5BdatqNlJ96xe5uHlSFx2dY2jDDs4Ydq+zk0HQ49Uk1yPRdJTWmG1rwWyCdhjGDJjdjHHWtasq2JUo8qXmYYnGKceWKsm7s/nc/wCC8Ng2pa9+yDYCKaVZ5dfgIjGS259NGB7nNfK3/BWD9jD4J/sq/wDDPq/A3wxrulP4gfWotSFxqE94Z3g+w+SFEhO0/wCkTcDGc+1f1mUVdPGuKStojShmUoKKS0V/mfzPf8Fg9U8RQftZ/Ayx+NP/AAnkn7KP2SwmktdKcrHc4uX+3+VkhDeeXsHJDBTHgjOa+RvEEPwCvf28/wBkHUP2W/hV42+G3wkuNc8Ly2q6xHc79ZmXVyZb2IzySuYioRM7sfuWOADk/wBhepaVpes2xs9X02w1W03B/KuYVlTcOh2sCM+9XlVUVURVRAMAAYAHoBVQxtlaxpRzTlio8ux/Kn+1L+zB8WP2jP8Agqn8S/AXhXSvFOheHdavdNTU9eS2lS2tNLGlWn2mQy42N8isqoTh3Kp/FXtfw8+Cg+Ff/Ba/wpoPgbwNrejfC3RbGKwsLhbOQ2scSeDPLBafG1mL5DMTlnJzya/pCopfXna1uliJZpK3LbS1j+ez/gvnFK3hv9mOVI3aIX2uqzAcAmOzwD7nB/I19hf8FEY5D/wSv8cR7X3jQPCmVxyMalp2ePzr9UaKyjiLKKtsYxxtlBW+F3P4+Phh+ybqUX/BOv8AaD/ar+ItjcXF+2m2OieBLe4jObKw/tm3a6vEB6CR5JY0PBC+eeRIDX6pfsefGLX/ANnn/gkBp/xk8OaHYa9rmhJqt3b2V4HEM+7W5Yzv2ENtAkLcEdK/bWitauN51Zrrc2rZm6itJdb/APAPlL9iX9oDxB+1B+zf4F+NXinQNH8M63qst/HLZ2DSGCMQXksClS5LciIE5PUmvq2iiuOo03daHm1ZJybSsFFFFSSFFFFABRRRQAUUUUAFFFFABRRRQAUUUUAFFFFABRRRQAUUUUAFFFFABRRRQAUUUUAFFFFABRRRQAUUUUAFFFFABRRRQAUUUUAeqfCP/kP6t/2DZf8A0OOv4ifDH/Kaf/gov/2B9A/9NumV/bt8I/8AkP6t/wBg2X/0OOv4ifDH/Kaf/gov/wBgfQP/AE26ZX7T4Kf79U/w/qj+E/p//wDJuc2/69fqj8Tv+CzAz+1fbjv5X/uPsa/KzccEHmv1U/4LL/8AJ2Fv/wBcv/cfY1+VrKMn5gDX9IwS1uef9HX/AJILJv8AsFof+m4jV3xtuB4rRivCoGc1QUFc56UoCg5DfrWkJNbM/Y2rmmbhXAO4g04SZBJwx+lZhzjg4NTQORwwxXRGs2yHDsXUmTIBBApwdQeMFfaoSgPtTDsTlmx3FdHOiLMmZyOckfSp0unAxuJHaqcbhhwwJqwIx68e1awbvoInF2ScMc05bnB+XJzVUx5bOacqHOTyatzkKyNBLrqWzn2pZLknBHSqavF9wsAfepDFk5Ugr7Ucz6EOHYGkViAyhl/lRKxKqquzJ7jpUTRtkHJ/CgKzdATSv3RmTG3hvIgjEiUdDRaSmBjZXrlYugYnioPNeFgQCDUk00F3H5dzmJz91hxSbW63KSexdkNvAdiyAg9CD1qFUKkvuJB9R1rCt3FpcGC6kLRdia6RngZVCS5XHBPSnCdwcWhUkIGAQR6VKjAknbsbucdaYqKAMAGnhgGwVzXTG9iSViCBgb/pSQsI9uGIOadGyZAIxU6xrIB8uP6VaTYEDyzrjcBMn6ik80YyoIPvUkw8rk52+tQRbZc7GDn0p8zWhny3d0NaTcc5ANTI7qMghx3U96ryRKx+YMrd806FHXGTlaqF73JlGxZP2eUHKsrfWoUllhYqPnX0z1p7Rg8nPNMWNkJYtlab0kXGaZejuS3TAPpU5l3DAO01kNJGSfmwwqRA0nzBgD2q4z7EyhY0ZFWQYcBh/KnwgRZCu4HoTmqsbOoIcg+lWwF7kiqjKxBJIhlweGI5qRJjEArKQKaIpByhyfbvTiQww6g1sBaWZuCDx7VMJj/FyP8AaFY4kiRsCbY1akdxtUeannKe4FaQncCcYY5Xg+lOHcHKn1FJEbWUZUvE36Cri2zsMxSpN/s9CK0jrsBUDzgjaEl9AwqWa+tLiE2+o6aTH2eM5xUjRyqxLwyK3rjNRNInRgfyquVk6HMGWbSZTJplwbq07xuCCtdPpetWd8pCN5U/dT/Sq9zJDGNzwpKPcVnSaRa3afa9OkmsrkHPH3SfeuaDlB+79w5RUlqdFNG0TtcwkxyfxAfdf6iiufttWmtXFpqsbRy9BIB8poreGJi/IylRb3KUOl3F3N9r1aYyyddmeBWrLPHaxBUVVXsBwKhS8kDZKM8xHCjr9f51Yhs3lk8+6bzH6qvZK/nqTv8AFsftCilpEpotxdAtLuggPYdWqypESCOFBHGOBgVdljRepwelU5pY4FLyEqvp61Kd9huDQNIEHzHc3pUIM0rEkBFqKK5MxJjURr2J6mrglt4QZLu5CxjsT8zfQU7NBv1HN5cEZaVwi+prK/tR55DBp8O5ieZGHSoNR1OW+YR2NpIIhwCR1quqz2seC5RzwdvX862hS0uyHV1stjfgslhPmzbZpzz64p8s20HLYrKt5HEfzM6r/tGq896gBjiAkbp7UlRbZUqySuWpZ1OfmbrUHmFmbaeOp96pjcFLyMOewpjXUKrmSQKOgUdTXUqNjjdbuXTM7fKuMVIoCDLnLY6Z61lme4dGZI0hj7Mx5/KpbGG+nbeVeRDwDjFVy23CE7vQ0R5shyTsSrAG0YzStGY9oeSND6dTUiLAQTIXcdsdKzbsbwX3kJKnqQaXa7DCo38qtmeGEYt4F+pGTVSWSV1JLnJ/CmWRNFtyZJAmOcVnyTBTiNHf8KJ3SEAuzO/oO9VpFmK+Y7JCvUKOprWEe5ySn2HqsjkmTp1okdVAEYGfX1qOJJCvzbsd6uIsSckHd2zVmRR2s5+Y8+lSgKgyME+1SySs2VQEdqiKOck8H3pt30DltqQlj2U/lSFmAyQBT3OxSx4HvWcs0lwSkQ2qOrEf0q4QuYTlqXgIySc5780gDEnBOKrRhw+0F5D1zirxZzjMbZ78VoSpXI8BBk8mqUjSMTt/WrxEjD7vFM8pj1XH1oM5NvYqqpx3Y+tMaPaQzBVHvU0sggwscZdzxmqrxPIQ0rs7noq9BWkI9RcjLRUSLw2aFhRcHGcVLbxSKoBQr7YpGODgKxrQrlSQmxfSo5Nq47VBNcSD5IY3L5x0ppiZVEs5d5OyigmUrkjBj3AFRmNZQy+Yv4c02O3mnyZWZF/uis3ULgWI8tGVM+/NNK7siW0ldlO9lnjc29tKf9og1PbSCFRkkuetNsoEuQXzuP8AOtE6ddNwkCovqT1rXRKzOfV6or7zJndQc4OOtXk0y4UYwM+9H2C4zgLk07opQZnBCeWNP8sEnJx9TV3+z7kHLAY9KpTWF8743BF7AGrjG5lNpbn7N/8ABCvH/C//AI5Yxj/hFYv/AEqhr9BtK/5Tr/so/wDYQ1j/ANROvz5/4IVxtH8f/jjGQSR4Vi/9Koa/QbSv+U6/7KP/AGENY/8AUTozhf8ACdV/wy/I/wA8eF3f6R2N/wCwGP8A6XSP9CrXtE8KalPZT67pc17drbIiusrqAmSQMBgOpbt3rD/4RT4df9C9ef8Af+T/AOOV0Ws/62z/AOvdP5msev4gqPU/1KpV6iikpNfMq/8ACKfDr/oXrz/v/J/8co/4RT4df9C9ef8Af+T/AOOVaoqDX6zV/mf3lX/hFPh1/wBC9ef9/wCT/wCOUf8ACKfDr/oXrz/v/J/8cq1TXdI1aSR1RBySxwAPUmmrvRIPrNT+d/eV/wDhFPh1/wBC9ef9/wCT/wCOUf8ACKfDr/oXrz/v/J/8cr8O/wBs/wD4LU+Avhp4nvvgB+xb4Pb9rX9pp3ktni0xmbQ/D8ihgz3V0nE5QhdyRsqAE75oyu0/B3gr/gqd/wAFIv2Q/EUfi/8Abb8G+Gf2i/gjqjG41FvCNrbW2oeBlzlkTyookmjQHkS7w20f6Qv8X7hw39HnizNctnmuDwrdKCvtq15I2oU8ZVg6tGM5Qju1dpH9Wv8Awinw6/6F68/7/wAn/wAco/4RT4df9C9ef9/5P/jlfOX7L/7Xv7Pf7Y3gOP4hfs//ABE0nxnpahVvrPPlX+kyEcR3dq2JIm4OCRtbBKlhzX0vX43jcFXwtV0cRBwmt01ZnNHFVJK6m/vKv/CKfDr/AKF68/7/AMn/AMco/wCEU+HX/QvXn/f+T/45VqiuWzte2hp7er/M/vZV/wCEU+HX/QvXn/f+T/45R/winw6/6F68/wC/8n/xyrVFQL6zV/mf3lX/AIRT4df9C9ef9/5P/jlH/CKfDr/oXrz/AL/yf/HKtUUB9Zq/zP7yr/winw6/6F68/wC/8n/xyj/hFPh1/wBC9ef9/wCT/wCOVaooD6zV/mf3lX/hFPh1/wBC9ef9/wCT/wCOUf8ACKfDr/oXrz/v/J/8cq1RQH1mr/M/vKv/AAinw6/6F68/7/yf/HKP+EU+HX/QvXn/AH/k/wDjlWqKA+s1f5n95V/4RT4df9C9ef8Af+T/AOOUf8Ip8Ov+hevP+/8AJ/8AHKtUUB9Zq/zP7yr/AMIp8Ov+hevP+/8AJ/8AHKP+EU+HX/QvXn/f+T/45VqigPrNX+Z/eVf+EU+HX/QvXn/f+T/45R/winw6/wChevP+/wDJ/wDHKtUUB9Zq/wAz+8q/8Ip8Ov8AoXrz/v8Ayf8Axyj/AIRT4df9C9ef9/5P/jlWqKA+s1f5n95V/wCEU+HX/QvXn/f+T/45R/winw6/6F68/wC/8n/xyrVFAfWav8z+8q/8Ip8Ov+hevP8Av/J/8co/4RT4df8AQvXn/f8Ak/8AjlWqKA+s1f5n95Zvfh/4DsYlmm0KRlLbfluZc5wf9v2rM/4RT4df9C9ef9/5P/jld54i/wCPKL/rqP5GuNq5vUyp4mq1dzf3lX/hFPh1/wBC9ef9/wCT/wCOUf8ACKfDr/oXrz/v/J/8cq1RUGv1mr/M/vKv/CKfDr/oXrz/AL/yf/HKP+EU+HX/AEL15/3/AJP/AI5VqigPrNX+Z/eVf+EU+HX/AEL15/3/AJP/AI5R/wAIp8Ov+hevP+/8n/xyrVRTzw20M9zdTxW9vGhd3dgqooGSST0A55rRXeiQPE1P5395F/winw6/6F68/wC/8n/xyj/hFPh1/wBC9ef9/wCT/wCOV+HP7X3/AAWg8I+D/EV98Df2HvCMH7U3x6y8Nzf2rM3h3w4VZ0Z57hCPtLKyL8qMkXzjMwIKH4J+FH/BWn9v79mTxKmp/tk+E9J/aO+D97JHJqF/4esbew1LwnGWw5jjigijnRc/dkADbQBMCef3Dhz6OnF2aZVUzfCYSTpQ11Tu13SsfG5l4i4DCYhYWtXtJ+ei9T+rz/hFPh1/0L15/wB/5P8A45R/winw6/6F68/7/wAn/wAcrwP9mz9qn4D/ALW/w+s/iT8B/H+k+NdCcKt1bqfKvdJmIyYLy2bEkEozjDDB6qWBBP0NX4tjMHWw9R0a8HGUd01Zn1lDHSqRU4VG0/Mq/wDCKfDr/oXrz/v/ACf/AByj/hFPh1/0L15/3/k/+OVaorns7XtoafWql7c7+8q/8Ip8Ov8AoXrz/v8Ayf8Axyj/AIRT4df9C9ef9/5P/jlWqKgr6zV/mf3lX/hFPh1/0L15/wB/5P8A45R/winw6/6F68/7/wAn/wAcq1RQH1mr/M/vKv8Awinw6/6F68/7/wAn/wAco/4RT4df9C9ef9/5P/jlWqKA+s1f5n95V/4RT4df9C9ef9/5P/jlH/CKfDr/AKF68/7/AMn/AMcq1RQH1mr/ADP7yr/winw6/wChevP+/wDJ/wDHKP8AhFPh1/0L15/3/k/+OVaooD6zV/mf3lX/AIRT4df9C9ef9/5P/jlH/CKfDr/oXrz/AL/yf/HKtUUB9Zq/zP7yr/winw6/6F68/wC/8n/xyj/hFPh1/wBC9ef9/wCT/wCOVaooD6zV/mf3lX/hFPh1/wBC9ef9/wCT/wCOUf8ACKfDr/oXrz/v/J/8cq1RQH1mr/M/vKv/AAinw6/6F68/7/yf/HKP+EU+HX/QvXn/AH/k/wDjlWqKA+s1f5n95V/4RT4df9C9ef8Af+T/AOOUf8Ip8Ov+hevP+/8AJ/8AHKtUUB9Zq/zP7yzZfD/wHfRNNDoUiqG2/Ncy5zgf7fvWZ/winw6/6F68/wC/8n/xyu88O/8AHlL/ANdT/IVxtXLoZxxVVtrmf3lX/hFPh1/0L15/3/k/+OUf8Ip8Ov8AoXrz/v8Ayf8AxyrVFQafWav8z+8q/wDCKfDr/oXrz/v/ACf/AByj/hFPh1/0L15/3/k/+OVaooD6zV/mf3lX/hFPh1/0L15/3/k/+OUf8Ip8Ov8AoXrz/v8Ayf8AxyrVFAfWav8AM/vKv/CKfDr/AKF68/7/AMn/AMco/wCEU+HX/QvXn/f+T/45Xzb+0B+2X+zD+y1e+GtL+Pfxl8IfDjV9Y502yvZWNxcpu2mQRIGYRhsjeQFyCM8Gvx+uf+C++lm91Xx9pP7IXjzWv2VrTWJdOfx1F4lgF7JbxymNrtNJ8jlNwztNwDt64PFfc8N+HGe5vCVTL8NKpGKvdLSy3a7/ACPAzXjDCYKUY4rEcrbsrvqf0J/8Ip8Ov+hevP8Av/J/8co/4RT4df8AQvXn/f8Ak/8AjlfKf7O/7df7J/7Vmta54b+A3xp8KePvEenRie70+B2S4SLj94qOAXTJA3LkA9a+tq+Ux+AxGFqOjiYOEl0asz2MPmLqxU6dRtPsyr/winw6/wChevP+/wDJ/wDHKP8AhFPh1/0L15/3/k/+OVaorkSbV0tDV4motOd/eVf+EU+HX/QvXn/f+T/45R/winw6/wChevP+/wDJ/wDHKtUVBX1mr/M/vKv/AAinw6/6F68/7/yf/HKP+EU+HX/QvXn/AH/k/wDjlWqKA+s1f5n95V/4RT4df9C9ef8Af+T/AOOUf8Ip8Ov+hevP+/8AJ/8AHKtUU07B9Zqfzv7yr/winw6/6F68/wC/8n/xyj/hFPh1/wBC9ef9/wCT/wCOVaopB9Zq/wAz+8q/8Ip8Ov8AoXrz/v8Ayf8Axyj/AIRT4df9C9ef9/5P/jlWqKA+s1f5n95V/wCEU+HX/QvXn/f+T/45R/winw6/6F68/wC/8n/xyrVFAfWav8z+8q/8Ip8Ov+hevP8Av/J/8co/4RT4df8AQvXn/f8Ak/8AjlWqKA+s1f5n95V/4RT4df8AQvXn/f8Ak/8AjlH/AAinw6/6F68/7/yf/HKtUUB9Zq/zP7yr/wAIp8Ov+hevP+/8n/xyj/hFPh1/0L15/wB/5P8A45VqigPrNX+Z/eVf+EU+HX/QvXn/AH/k/wDjlH/CKfDr/oXrz/v/ACf/AByrVFAfWav8z+80tB0Twppk97PoWlz2V4bd0Z2ldgUyCRgsR1C9u1fwV+GP+U0//BRf/sD6B/6bdMr+9rRv9bef9e7/AMxX8Evhj/lNP/wUX/7A+gf+m3TK/avBR/7dU/w/qj+O/p0zb8M82cnf90/zR+J//BZfd/w1hb7cZ8r/ANx9jX5WG1nLhiu5D6dq/U3/AILPtIv7VURiwJPK4J/68LGvyd+2asoz5igV/Rydmyvo6K/AWTf9gtD/ANNxNpraZCQhyp9aBZSsMtmN+xFYEt/q65OUPriqDa5qinBABoc0+h+zvlOuW3uhlWG70IpRHOpOBXIR67qTngj8RV5bvVZQP3qJ6cUoVF0IOrjSc9dp/GnTWssiH7oOK5cS6x/z2U07z9ZUf65QPpW3ttLMDoEsdo4LRSDoR0NX7e2uZBhmXPrmuS8zWG5NwlOSbWoydt0AfpWkK6XQTjc7lbGdv7uanXS5z3H+FcC19rS9bs1JBfa3NgLeYxxzXTDGR6oj2Z2E2iXJPG1xSxaTfRuDGwAJ5U965oSa8SP9O2/hUofXDj/iYEe2K0VaDd7MlQZ2g0e7YFsrn0pf7EvOWB49q4wza2BzqT1Qn1LxDCQBfOy5x3qpYuK6MmNNo71tDnfIZgQetQ/2JeIGQtHLF6MOa5K2uNYuRuGouD3Bq3v1GNgk+oSrn60RrxeqRLg0w1uxNtGwk3KR056Vh6LqwhnEM0qNB0w1dBcabLerte/89cflWQ3hhUJYSBqwqKV+aCKSVrHdG3gdVmsLhHUjlN2RTxDNgZQ5rjLbRZkGUuJYuf71f2l/HH/g1U/Zh/ZWPhSP9pX/AILlfBz4Cy64tw2jr4w8A2elHVBB5fnG3+0eIE80R+fDuK52+YmcZFdCxajbmVrkKl2P47I4JT8pjPXAq5FBcLwYmC19vf8ABR39kH4G/sY/Grwx8Mv2cv25/hr+3h4NvvDUGtXXizwpaQW9ppt49zcRNp7rBe3iGVUgilJ8wHE6jaMZPyH4k+Cfx+8F+GtP8aeMPhb8UfC/gy72i01bU9Cu7WzudwyvlzyRqj5HIwTmuqGJT2W5Eqb2MGW0llQqFIPaqL6fMgxJA6t2dTn86ZaaB4tvdFvPEdvpmvy+H7aQQXF+ttIbaCQ7QEeUDarZdOCc/MvqK0o/B/jiaw0rVYtG8TzaXf3As7K5S0kMV7OSVEUThcO5KsNqknKkY4NX7aL6GSjbYzIoboNskjEiH+LPSrRsLgcoCV7VPqvgjxvoer2mga1oXifRtfuNht7G7spYZ5w7FV2RsoZtzAgYHJGKfqPgTx/pOs2HhnVPD/irTPEd0YxbafcWMsdzcl22oI4mUM25gVGByRgUoV7LYclcq/YLk/3QKR9NuiCMqfxre8e/B74x/Cm4021+KPw/+Ivw1ubyMy2cev6Nc6e10gxloxOilwNw5Geo9awPDvgvx34z1e18O+DNB8SeMPEM+fIsdLs5bu4m/wB2KMFm/AVXt1a9hez1Kn9lXLNtMCSKT13Diov7M1C3lHk5MeeVYjitn4g/Cj4v/CnUrXR/ih4E+IPwy1eZDLDa6/pNzp8sqDjcqTorMORyOK3rL9mz9qfVPDK+OdJ+B3xq1nwKY/OGsW3hi+ksvKxnf9oWIx7cc5zjFcrxUVujaNJvqYcNjcSLltqn3NWV024xjMePc150kGpFQXuZ0Pfk0sdpfseL6Ur6bq6oYv8AumbpLuekraXSYBaM/VqebRzjLoD069K84FleHg3kn4E0fYbsHm9l/wC+jWyxX90XJ5non9lybw4a3dfRj1pJ7Bo8PbzJav3Xd8prgk0y5kO1b+bP+9VpdDuzkm9lYehaqVe60iLkS6noltBvQeZNbrJ6g9au+QhYEXUKn/erzAaNJ0a7mQ+pY4p39hzNjbeyt6fOTW0MXK1nEh013PUyCpAN7CO3Lf0qF0kVj5d3ZSg9mIrzRdAlYE/bJv8Avs08+HJmA/0yUf8AA60WKm/s/iSqa7nojxWki5uRFF7xyZH5U61bSLWTcmpQxqeqsw5rztfDkg/5fZyP9+qtx4e4Jed5CPVqTry35AUE+p6vqE3hqW2b7RPAwIzlSCPworxY6HbqMtPIF7/MaK5qmJm3fkRrCmu52sXiCwhB2wSs5OWYjlqH8X2qcGF/wFN2WQBBhBPrWfLbWUhz5UY/GvxNU4N6o/WJVJrZo2LfxLZSEMLeR37cVR1PV7eQbhaXDseyg1UiKQD91GD9BV1byfHFuCPUin7FJ3S/ESqykrN/gcdda7q0albKwa1X1IyazbLVLqG4Fxewy3Lj+8CcV2tzehHxLbCR+ygdKa8haLe9kkORwCOa7IzSXwnnunLmvzEkPjG3aMI9i6jGOBioX8TWbE7bNkB/On2/2dx81uqnuTT3g05iSI0Y1iqcL7HQ6tRxvzFc+JNOA5sZZD6k0weJdNBYjT3z9aSSGDnZAoHrVJhCPvRKT/Kt4U4djndWonv+BdPifTiMHTzn1zVZvEOnswdtPZiPxqtKtuiFzCq+xHWmW4aYEiCONPerVKK1sZutO9m/wL3/AAlEKkeTpXmMOhc8D8Ktf8JfI4AmtW2f3U4rOjCl8CLKjuRwa2Uih2jMSZ68Ck4QXQ2hVqPVP8Cqvii1Rvl0kliec8k1MfGLLwNKB9ARVoQxY/1SD14o8iH/AJ5p+VRyQ7FxnVWz/Aonxi+D/wASwgfSm/8ACXSOCBpefoKumBRkvboiDnmqysZWK20ESqOpOKahDohOrV2cijJ4gmdxIdLA9CRTh4mePP8AxKwzdyRVwQZcLhJD3xUkkKRq37pQ30otHsZ3qb8xRPiqfHGmoD/u1B/wk8+cf2ehJ7GnygjPyIB9KhjEjnIRcfSto0o72MnWntcl/wCEnugeNNj/ACzTW8VXh+7p8f5UMm3LvjA6CpIFkuCSiJFF3ZhyafJFLYlVaj0uV28QXbgl9OjAPqKpDxS0cnkpYRM3cAVu+QmCpCke1VGtIICXht1aVu5ojybWE+da3Gxa9e5LLp8aA1dXXLth/wAe8W70xms5IZiCXIBP6VZjj8tSFUknv6VXKuxKqS7j31u9B/49YQPpTV1q/bO23iHvio9jO2ScimSyhDtXn1qowT6BGcurBr+9Zv8AUx5+nSp11K/UAC3i/wAarK7YzjGeeaN7eta+72FGTWtyy+q6iFLskSrVF9cveQI42+gqO4LycE4X0FQ7tgKKoUY/GqjTXYmdV9yZdUvZDkxovt6VHLf6hj5BEp9+1QFtv17VFyzZZqvkW9jJ1X3I5Rq9xnfdAJ6LWbLok8p3STmRvc1t7wOhNAcdckVak1sYTUXuUrWy1C12+RIqD3NW5bzVouDdRs3oKcZODhjmqexg5PzE+pqrN6sHNRWgSX+tlSTKqCs1ta1gP5Ym3nPWrN1MxynmE+wqggJOenqa0hROapiHsmXRf6wwy06J+FH2nV2OPtIJpkaNkYzj1NWDuXgdMVtGCRzubZ+1X/BCYyn49/HAzHdL/wAIrFk/9vUNfoVpX/Kdf9lH/sIax/6idfnv/wAEKf8Akvvxx/7FWL/0qhr9CNK/5Tr/ALKP/YQ1j/1E65c5/wCRfV/wy/I/gXheD/4mNxsrafUY/wDpdI/0MNZ/1tn/ANe6fzNY9bGs/wCts/8Ar3T+ZrHr+HqnxM/1Gp/CgoooqSgr8Pf+C+fiLxPp/wCyR8HPBugeL/EPg/RvGPxe0Hwj4hfTZxE99pVxZ6g0lu5JClC8ML7WIUmNc8Zr9wq/AT/g4qu/7P8A2SP2cr/eI/I+Onh2bd/d26fqpz+lfo3hFhoVuJMHSqK8XOP5mOIjzRUXs2vzH6D8BP2Hf2evhfo8H7H3ijTvE2o3tvEPFMGn3kN59ivI4kVmurjb5z723mMMxQfvShCELXzlr013q9w0cMDyuTgqvOPqemPevwag+PPjPwLr0XiTwT4m1LQdajOBLA2Ay91dD8rr6qwIPpX2l8TPjt8QPH3hH4eSwiz0htS0BdX1BNKhaLz3kLrJuOSRFiL7ucctknjH/Q34JxhhsJ9RvzSjd3la1r6LRLbZH9AcC8TxwmE+quN3HZ6Wt5+h6P45/Zx0b9i/9vD/AIJ4+MPhX4rg8H+PvGvxI8KWOtJ4K1OSPTLnR72/jE9ndBduJZI/L8y3wEMcyllJYNX9qNf56fwg1Jr79rf9guSWcys3xz8GEEjBP/EzQE/ma/0LK/yY/aC5HDA8U0I+65yp3k4xUU3d9F5f5n5BxNC2Pm7LVJ6Kyvr0PjT9sCz+O/iaL4QfD74MXHjHw9o+teI4YfFev6FIIrvR9MDxqzLLkGMfvWkyvzHycZwWB8R/Z3+Ivif4SftL/tL/ALPXjf4oeN/iP8OvC+hQeJ7LVPEly19f2MIgt5ZlaULvkXbeD5QCP3IKqpZgfoL9qz49WfwUT4XaP4n8JWOt/DnxhrH/AAjOv6lc6g1pDottNtVpGZVOf3TXDY3IcRHBHUfnb8I/DHw/tP2jf269S+CbabffB/T/AIaz2Frd2F495aiaWztnKrcMzl8yW92QdxHyNjgV43hLkKzDhCthc0oRhhnSbhNRjeU/bwjzOd24zV+WMbaxu/X6bJMN7XAyhWjaFtHZavmSvfutvQ/RbwL+3H+zF8SvFnh7wR4N+ItzqviXVZWgsIG0TUIVuHAJIEkkCoOFPJIFdvq/7T/wO0Lwd488fat43jsfCvhrxBL4W1i4exud1vqkbIr26RiPfKQZFO6NWXG45wrEfkT8Cv8Aj3/4JU/9hDxl/wCl714H8ZbTxd4z0n9s3R4Zbqw+H/gr4kav4ruypBS/1K+1S20+3icEcbIUvXDA/wARGOa+op/RY4bxOarC0q1SlRXxOUot6V50dLQWsnGNtNHLW6O2PB+EnW5IycYre7X8zj262P361D9pX4MaV4i+I3hO+8YPDr3hLRh4g1+D+z7pvsNgYo5RLuEZWT5JojtQs3zYxkEDJ8UftZfs9+C/AXgr4meKfiPZaP4O8RI0mizvZXLTagi43MlskZm2ruXcSgC7lzjcM/Dn7Tv7PPxR8L3X7Q/7RPgDxD4Du/C3iX4dtpniLTtXjuFurWCKyiRms2iBVnK2qEeYQAWYEEYNfPPh4atb+Kf+CbN7beMtK+HEB8GaqlvrepWsdxaWcoiuN+6OR0RmIaNOWGC6HsAfl+HPo+cJ5lhaWNw+KnOGqmk1dShRlOcfgbT542TtLTZM5MJwxgqsFUhNtdflG7W3f1P1+1r9pj4FeH/hdonxo1b4jaPbfDTUpBDYakkc0v2yUs48uOFEMrSAxyBk2bl2NkDacZbftYfs+/8ACp5vjhD8RbO8+GUV4unzajBZXMjQXJIAikt1jMyP86HDIOGVuhBP466Ra+E9D+Gf7BmpeFPEHirVPhtB8YHlbUde0+LTzH/pdqWLIk00YQGO4IYuOj5Awa9U/aQ1r4Ma/wDsjftN6h8GPDfiHRdP/wCFoCPWrq7nE0GqamJ4zLPasJZF8lgyEAbeGHHIrZ/RtyBYjD4ZTrSVau4c/uqMYe1cLSTjdTsr3/8AJUNcKYbnjBOT5pWvpor2103/AKsfqlf/ALRnwd03xN8QvCF14tceIfC2hN4l1+FNPuXXTdPESS+Y0ixlGbZKjCNSXIPC8HFlP2gPhHNq3wk0KPxdC+r+ObD+0/DFuLScvqFr5ImEjDZ+5BRgR5uwkhgMlSB+WHwkSXQfA/8AwU58JePX+0/GoaVqeoX162UXUNMfT7g27QRMWZI18wtjccLPCuflBrx/9nK08YeJfjh+wx8XvFMlzbaffQ3nhLQbNyCkWm6RpMcHmocA4kuJrxiD0IPrWn/EsOR/7XJ4iajh43TvH95L2HtVy+7s2m/8KtuxvhDD3n7ztFfe+W+n9bH6A+Jvjg+m3+rfFIftNaHpH7OsHjiGxu0m8N3TavBfQKgm0a3bbiS2kaNpDJ5RdVeQBjt3V98eJPEWj+EfDuv+LPEF39g0DTLKfUb6fYz+TbxRmSR9qgs2FVjgAk44Br+ZfxnZeJ/Gnw++PHmx3Ft4A8EeNbu/VgxUXesajqsUKgjo4jtrab3UzejDP9DH7SH/ACbp8ev+xK1v/wBIZq+d8aPCfAZdWynCxqXdWo6c7KCailScbuMVebjO7bv08783EGSUqLowT+J2e2i0tst7M87+Hv7bv7M/xT8YaD4C8DfEO41jxTqbSJY27aLfwC4KIztiSWFUGFjc8kdMdann/bY/Zdt9ZHh65+LelW2sDWH0GSKWyu08i9VgpSVjFtjTcSBK5EZ2vhjsbH5nfAv/AJHf/glz/wBgfxL/AOhXNeCePNX0Zf2a/wBqrw/LqOnjxDP8aWktbIyr9olGZPmSP7xGFcZA7Gv0CP0X+Ga2YvD0ZVlTtFfHFtN1qlJyb5FolBStZdVc9RcIYOVTljzW9V/M4328rn7mfEv9q/8AZ6+D/iy18D/Eb4maV4d8UyxxzG0+zXFwbdHICtO8MbpADkH94V4IPQ5rufiZ8ZPhz8H/AArY+NfH3iE6V4bu7qGxtZ4LSa8NzPKrNGiJAjs24IxBAxx15Ffi18dF0uP4+ft3WHj34ir4E8Pz6NoLX0CaZBfahrFuIrQKlms1xCMq5iYkE9umOfpj4weLfCWq6V+wL8DtK8RRy6lZ6n4b8YanNqrx2smn6TY2gPmXyl2SCSUPhULnLrtBbK5+Lx30csopTy6NGdWftVzVrbcvso1G4vksrXtvLp1djzanC1BOkk276y9LJ6af5n2xpX7U/wADNa+Ffiv41af4ynl+G+iXh0/VL99Lu43tbgGIFDA0QlJzcRDhSPm9jjrfEfxu+FvhOP4ZS654ttLaPxje21h4bKQyy/2pNOFMWzYp2ofMj+dsKNy5IyK/Gbw3q2lTf8E9v20dMg1Kwm1JfHlzctbrMplWFrzTgshQHOwkMA2MEg1yDeH/AIqWnxN/Zk0Pxy+pjwv8OPiX4d8DaDLKwYalHdXT3wnxgbWFoulx4HG0IepwPcofRbyOrVxD+sypxo1akeWTXNKEaUJRa91XfPNJ6bO9tDqXB+Hbk+ZpRbVnu0kmvxZ+yWv/ALW37Ovhj4kJ8I9d+KOjWHj03UVk1obe4eKG4k+7FJcrGYI37FWcEHg4Ncx40/bj/Zj+H/jDWPAXiv4h3mn+K7Cdra5tE0LUJikg6gPHAytjnlSRwea/Hnxlb+GJ5f2ydG+IPxIvvCOkS/FuRjo+l6JBfavf3DXNyYZ4RLcwERgCT7oPDE88Y/Rf4y/8pIP2P/8AsX9b/wDSO9rizb6P/C+X1qdOrKtUvQrVHaSiualSjVVm6bVpXcbK9t79DOtw1g6ckpcz92T3tqop9j9IqKKK/hyVr6H52FFFFIDsvEX/AB5Rf9dR/I1xtdl4i/48ov8ArqP5GuNqp7mVH4QoooqTUKKKKACv51f+C9njvxn/AMJH+wr+zzb+O/GXhH4P/ELxBrFv42s9EuUt59YtbeXS1jjaRsKVUXtwwRz5ZfYzA7Bj+iqv5ef+Diq9bTPip/wTb1FHMfkat4rk3ZxjD6Iev0BP4V+s+BmFpVuKsJTrJOLk99tnbc+U44rSp5VWnB2aX6n0b43/AGdv2P8A4AfBvwDJ+x9f2uuaVfEweIBps6XMem6lFFH5zXM20TF3LjaJOgU4JUqq/Cd1barrEn2GGF9TvU3u0iJ/B/ebOdgGSCScdDkZwPzu/wCF3+LPCerprPhfXb3TroEhwj5S4XOdsiH5ZF9mBFfaHxB+J3iHxF4d8M2Gnadpug6fqnh3T9Y1OHTISqzvcW6TOGYlmESmQgLnGMZzX/QV4MZ79Sy3+zpe/OF7SdrWb0TS000S7n8C8a53Fv20lvpZFXWPgE/7FX7bX7CXjP4V+PYfDfijxt8QfCmla7D4P1CQaVqGj3+pRo9rPjaCzRowktygUeYjEBuT/ZhX8J/h66V/2mv2F0mmQ3Unx28EuFZ8s4GpxZPPJ5YZPuPWv7sK/wAhfp75PTwnFNK3K5zheTjFRTd+y2P6n+jvm08Zk86k7pczSTd7Kx+QH/BTvxj8TtN+Lf7CPw2+H3xZ+Ivwo0zxn4uuNA1i58OanJZzSwy3OmQhztOGZBcSldwIBY8cmmfss/GXxz8G/wBqr9rf9m74tfHTX/it8IPBPh+08T2/inxTOj3Wkgw20k8c1yOWXF2QQxIBt8qFLODw/wDwVo8J6H49+On/AATi8C+J7aW98Na145uNJ1GFJWiaa2nvNJikUOhDKSjsNykEZyCDXo/7XX7J3wV/Zs/YE/aj0v4BfDyPwrd6lp1lPqdylxPd3d5HFfQM3mTTO7+WqGU7QQoBY45Jr2+HJZBPgzJcjzCP7zMFKmrU4e7J4m3tXUb5k4xTSSTTT1Z8tm8c0jxDmGZYV+5hWpP3papUfgUNrN2bd9LH3B8Cv2vv2cf2ltQ8QaR8E/ihpnjTV9LiWe9tDZ3VnOkLHaJUiuY42kjztBdAygsoJG5c8n4s/by/ZZ8EfFa5+CniX4kXdh8RodVs9Ems10HUZY4725CmCE3McDQguGH8eBhskbTj80f2JL74c6P+0P8ACjxXrvx2/wCEr8XaV+zzp8mofZdEsrLQ/D+gxrA3l3t+t4zLPbnYHLwqNu0kr0r5a8beOfDHxCtpPjjFrmi2tl4v/at0PUtHtprlEupNBtLe5hhvpIGIkijbcR84GCD2IJ8zC/RlyOeeYnCRdZ4WFOPK72ftJN6NumuZWjKStFXXU7KvjJmccso12qarSk7rdciS1spOzu0t2f0NeI/2mvgj4S+IPjD4XeI/G0eleNtA8LT+NNXtZLG5KWWjRY8y5M4jMTBQQdisX9FrM8J/tXfAfxw3wQTw34zurx/iOuqv4NWTSL2A6utgpa6bEkS+SEAyDLsDjBTdkV+C/wDwUh07xp40/ap/aJuvhVq9tc2Y+B1lq2oPa/vf7R0VNRtJZ/JlRwAuwLKX+YNGjrj59w9R/a7+KH9h6N/wSq8Zfsw6TcLeXvhbxHoPgyzinUzWF1e6Xp+nW6s+MGaCW5XdkcvE2cZp4D6LGT4jDZdyVp+1xcZt3lFRpyjQlUSleOnNJK392Mtb7LF+NeYUq2L5qcfZ0JRS0bclKqoO2vRX+bXQ/Uz4k/tZ/AjxJ8FfjPrnhX473fgi20jV5vA0/inT9Fubw6HrzERxGOIxEXKLJJGdyZjdc4kGdwj+AXxO8UD46fE/4L/Gf45+CfHvxwh0aw1f/hFvDWh3Npp3h3To8I0/nTFy1xcNeQO8Zk+VfK2qASa/DGTwbb/BL9gr9svwC19PrVt4U+PdtpTXJUK92trLaxl8dAW8snHvX1t+wHoPje3/AG/tb+IfxNE0PxD8ffBq48earbM7MLH7brkDW9uoYAoI7WO0TYeVKkdq9fiHwDyXLeHMyq4au5U6fPycyhzycY0Zpp8vMo6vms/5V1d+HKfFDMcZm+Ep1qdpT5eazlypNzi7q9m9Fa/n5W/Wj4/ftX/Ab9mAeEj8bvG0vg8681xHpSppd5em7aHyvMGLaKQrjz4vvYzu4zg447Q/27/2VvEXwh8VfHnTPigz/CnRNUj0bVNVl0XUI/st4/l7Y/IaAStnz4vmVCo3ckYOPkj/AIKD/wDJ4X/BLr/sddU/9G6XX5ueJ/8AlHt/wUR/7LvL/wClllXyXh59Hvh7N8gy7G4iVVV8RKHM1KPLaVeVJpR5G07Rvdt6vY93ivxVzXA5risNSUHSpKVrp3uqcZ3b5tru1rfM/oF+F/7Xn7Nvxo1fxzonw2+LXhzxFf8Ahu1F/rO5JraK1tCCftKyzokcsAABM0bMgDKSwDLnM+DH7aX7MX7Qni7VPA3wg+K+l+L/ABXZ273Uln9hu7VpYUfY0kDXEUazqG6mMsOQenNfjH4z1TTvGH7S37ZN74H1PT/Edsn7Jt3b3E2mzJMhk+x2RMZZCQXKFflznGKs/sOz/D+b41fsIazrnxouPEPjPTvhzqjWekaRoNomm6Hpyw3qyxapf/bDKkiSCV9zQ4LkA7c5X2M8+jDkGHyvFY+nVqqcacZQi2pOMnSc2p2hqm1ZfBZO92edlvjNmlXG0MNKFNxc2pS2TXOo3jeWjSd38V/I/Xf4tft4/stfA/xvrXw7+JfxFv8AQ/FmnJavfwReH9Suo7QXCB4fMnggeIF1IIG79Qa9q1L42/DDR/jB4d+Aup+KIbP4ratpMuuabpT282buzRnV3WbZ5W4GKQ7CwbCE4wM1/Nh+1n498LfFvw5+3d8c/D+vaJP4V8Q+P/BujeHAbtBPqNrpNvNb3F5DETva1d5IysoG0ncM5UgfUn7feueIoP23vhh8dPhDeQeKNW8B/ClPH1pFY3KtDrNjb6zKl5CZlDDymtJrvLLk4BqX9FrJ5xwVB1KlOrVpVOdyceWNaNKlNL4VyxU6jjJNv4dy/wDiNWPjLEVVGE6cJx5VFO7g5zi3vq+WKasuux+wkH7UHwGnvvjdYf8ACx9It3+HPkjxlLPFLFBoplV2RWmdAkrHypF2xlyGXaQGIFee+DP29P2TfiF4M+IPj7wd8W7bWvDnha2iu9cI0m/iubOCQhUkFrJAs8qMWUBo0YZIGa/nzbwZ488Jfs2/8FVtE8dy6nqPxEuE+GfiHxEZlBmW+vrv7fdBwP7klzICewUk9zX6MfsJR+Bb79sPUtZtvjDqHxR+JC/BrSoL0aV4ftrXQrSxLae0MYuoryZnuo1EabGjXK7mzxg6cS/Rm4ZyvLsVjZYipVdFw5eRqzXs6E5XfI7KTqtRba5bLSWpnk/jFnONxdDDqlCHtOa/MtU+epFfaV2uRNpXvrsfoN8B/wBtr9mn9pnxPqXg/wCCvxAuvGGv2lhJqVxE2iahaJHbpJHGzebcQRoSGniG0Et82cYBI+rK/Jb/AII+/wDJF/2iv+yx69/6SWFfrTX8u+M/C+XZLxDXyzK1JUqdl78lJttJt3UYrr2P2rw9zrF5jlVPG41xdSd37qaW9tm3+YUUUV+Vn2oUUUUAdl4d/wCPKX/rqf5CuNrsvDv/AB5S/wDXU/yFcbVy2RjD4mFFFFQbBRRRQAVl69rel+GtE1jxHrl5Dp2i6fay315cSHCwQRoXd29gqsa1K4P4p+D0+Ifwx+I/gCW4W0j13QdQ0dpSm8RC4t3iLbe+N+cd8VthowdWKqaRbV/Qiq2otx3P5CPDvjL4dftcft8/HT4/fFHRb2P4FeJb2wtdC8ReK4N1pb+HYI0guIIEAYqshRyuxSSSxILb69X/AGhNA/4J7fDHxzqH7JXwc+IGl+MPhpc2keo22mzPDLZ3f2nEwhikjYSK67whZgCJN2Qu0ivgfwS/xY+EmueNP2UfiF4P8OR+Jfhxdro15qtgd8tyW/eQfcYq0bJICCVDDOGORgeU63+yd4q8J+MtL1vxBe6xp/hjxLqdp41tLO90yJLq9K+fta01AgOtnme4+RTtJILbmQEf7dcDZasNlWXyydqdJQUbOyTTs3La7a19T/OHiiq8XmONhmrdOfNzJxu2mrpLeyvofWOrfEPwX+y98f8A9lf49+GPhlrujaJ4I1h5vEmp+H7dItnh0p5Js5EG0TffdiGyR14yDX9qHgfxn4d+Ivg3wt4+8I36ap4X1rT7fU9PuVUqJ7eWMOjYPIyrDg8iv4ifGXjvx940+Hx/ZC8DfAnwL4m+I3xV8QR6Pp3iu9uGg1GyuioQ2yNK4higMYdi4XcdxyW+UD+zf9nL4Uy/Az4CfB34OXGpRaxc+GPDlhost1GpVLiSGFUZ1B5CkgkZ5xX8S/TcwOAjm1GtTXLXas1p8K2ennfc/pX6OVTExyyVKo+amndPW93utTzT9u3xR4k8EfshfHvxX4P17V/DPiax0J7iyv7C4aC4tZBImGjkQhlPJGQa/IXwT8RPj98Dh/wTp+LUf7Tnxd+KEXxX1ax0vxH4U8T6gNQgMU8kEbvaBvmTabjIP3gxjBYgkN+rX/BRT/kyP9pD/sXZP/RkdfNv/BO79iv9mjSvg7+z3+0bD8M7W7+L9x4ftb86pd391crb3LIQ0sVvJI0Mb9SGCZU8rtrj8H8+yXKeAauNzanz8+InT5VThNz5qNopyk04JSaleN3dbD49yvMMdxRDD4KfLy0oyvzSjy2qatJaSbWlnZan1tf/ALcn7KOmfGNfgFe/Gbw/F8VTqCaQdPFtcvEl8x2i2a8WI2yzbvkMZkDB/kIDcV1Xx4/ao+Bv7ND+E4/jL4vu/C8uuC8fS0g0m8v3uVtljadttrFIVCLNGxLADBJ7HH83unad4duvDvxi8P8AxP8Ai9rnhPyv2lJTB4X0Xw5a6jrdzrAEqxXLtNdwSJbj99EdoJD+uSB+g/7bnxI8GfEv9qyx8NaV4q8OLYfC34XeObvW7uS+ijij1TVNKls4tOVmI33WEjfy1ycEjqrAexj/AKMmRU86wmFpTqzoSp1JVWnbWMIuPLJ07JSnJRtadu+unn4XxjzOWX1684wjUU4Rh6OTUrrmu2opvp6H6Uap+2D+zvovwm+HXxx1L4gPbfDDxXqcOj6DqX9k3rG9u5DMEj8kQmWPJtp/mdFUbOvIy3Vf2xP2ddFuPjhb3/xAdT8OFtz4zeLSb2aPRjM2yNDJHCyyuWDLsjLsCr5A2tj8LPifqVrqv/BKD9g600HWNKk1S1+J+m2spVlnFlc41Zgs0asDkB0YoSpIYcjINavgXZo3/BPv/gpr4F8aE3H7QeleMrp/G93IwaTUZZLuERXAIAxE7w3hUcgnewOHwN4fRcyJYV4iVWpzfWnQ5bxTUfbRpqb93ZRdm/5pR6Gb8aszddUlCFvYqrezs5ezcnFa91p5Jn73RftD/B2f4m+C/g5D4yhl+JHiHQv+El0nTFs7jdc6bhiJ2fy9keRG5Cuysdp4r4W0H9om6bVfhP8AGDVf2vPDV5+yx4u8eXkXhSFPCN5Fr+uXMr3EEejTEriOwt5w378whiIolZ13hj8Mfsa2HjLxB+3H+zd8dfHb3cOo+OvCWu3ukWci7P7P0GztlsdPQpkgO0ds0xZTh/ODdSSfhL4PWXjf4g/Cv9k7xrqkt9p/w4+HvxP0bwVo1vkNFqGpajql1qd7cdMqyRLp0RHOflOeor7DIfozZNgZ4iisTzRjTp+0clCXvT9vGSp3i9VOnFJrpzS7W+ezPxizDExpVHRs3KXKlzLSPsmnKz2cZSbT62R/Xj8R/iN4O+EngbxL8SPiBq50LwbpFsbvULwW8s5giBA3eXErO3JAwqk8184/Bz9vf9lT4+eOrD4a/Cn4l3XiPxpdWst7b2cmg6laebDGu5nEk9uiYABP3uccZrP/AOCi/wDyZF+0f/2Lz/8Ao2Ovzc/Z7Cr+2/8A8E6QFAH/AAy1oh49fIvK/AfC7wayTOOGsVmmNdRV4Oqo8soqK9nBTV04tu7dtGj9T4y8QMxwGb0MFh1H2clByum378nF2aaStbsz9IfCn/BRP9jLxt4m8I+D/DPxv0rUfEOu6j/ZOlwNpWoRC4vNyqImkkgVI2YyIF3lQxYBc11Hjz9uP9lH4Y/FKD4MeO/jN4e8PfEV5oLeSylt7l4rSSUAotxdJEbe3JDKf3si4BBOAc1/N58N9a0e9/Yu/Z28Iabqul3Pjo/tL288WnRTo14IjaIocRA7wpdoxnGMlfavQPitZ+GV8Y/8FSdO+LXxcvvh14NuPH+kNeaPZaBa6jrGuL9vupLWSzFxdWxCRhgzbSw8uQnjjP7vifojcMQxc4SrVowipK105NqrCCkrU2+W0725dWviS1X5lS8ds5lQjKNOm5Sad7NJLklJp3lv7tr367M/pC+OP7Rfwg/Zy0fw7rnxf8T3Xhqw1a/Gl6f5GmXd9JdXJRnEaxW0Uj5wp5IxnA6kVxsf7Zv7N0nwLt/2k/8AhYoi+C8t6NPXWX0m9XE/n+RtMBh84DzARuKY75xzXxH+0t8RPCHiv9rT9ir4Mjxbo8Vz4JF14y8Y3Wo3MVsujf6Aq2UVwXfalzMxY+TkuokjfBVw1fAGgT6J4i/4Iw6B4SGrWcl7/wAJzbQX1vBOhntI5tacIzJyU3BXKlhg7TjODX5twx9G7KcTlWBxGNdWFWtWpRm7pRVOrOrFNJxunanGSbbVpLTVH1+ceL2No47E0cOoOFOnNx0d+eEYNq99VeTW3Tc/om8V/G74X+CfHvww+GXiTxVBY+N/GTXS+HLFLeaY6j5EYklO+NGSNQrAhpCobkAkg48ls/25f2UNQ+Mf/CgbP4zeHpvir9vbSRp32a5ETXqkqbZbwx/ZjNuGzyxJuL/IAW4r8O/g1pvx2vP21v2N9Z+Nk3ky+Edd1L4P6ZGUcG9XR7BzLe7m/wBZ5pvU/ec79v3jtFeWfAfS9Bm8D+E9E+I/xd1vQNSi/aXQ6Z4S0jw5bX2rya4I4FS5nklu4JUtWP7ltqPh1XG48D66P0TeHsPSm8RjJVHGkpXpu655TqpNJQk3GKguZaatvmWx4P8AxHLNa04qjQjBObVpb8qjB9ZLVuTs9dFsz96rv/gox+x/YfEmf4R3fxR1CH4gRau2hPY/8I1qpAvBOYCnmi28sr5gK+YG2d92Oa+3a/KXVv8AlMj4X/7Is/8A6Xz1+rVfyx4tcKZTlX1FZXGadajGpLnkpayurK0Y2St1vuftfAueY7HfWXjXF+zqOEeWLWitvdu+/kFFFFfj598FFFFAGxo3+tvP+vd/5iv4JfDH/Kaf/gov/wBgfQP/AE26ZX97Wjf628/693/mK/gl8Mf8pp/+Ci//AGB9A/8ATbplftPgp/v1T/D+qP5B+nNFvwzzVL/n0/zR+Jv/AAWa/wCTroP+uX/thY1+Vpj3KRkV+qf/AAWYGf2r4Af+eX/thY1+WCrtzzmv6QgrtlfR2TXAWTLr9Wof+m4lNFC5VxuB4qrLbxSFhtGexxWs0eckEZqB4iO2Kbiz9l9Tlrm2e2feoymeK2bOVJo1Kgbh1Aq00IlVkccHisF0k0+bcufLJrNrlG12NxxkgqzKR2qygLqNxwcVXhminQOuCT1B7VZAyQBxVpXJHBFQcNhfalK553ZFTiPIGTSCMKPvYX37VduXUCm6NGc43D3pgiGQ0ZMTetXWQnhWBqIo2fu4/GoTsA6O4mgG2cM6Do1WRI2QyksvqKrrnBRhlaiEbRtujZselae0AvENIODg4qtJG2CGynoalR92OcEdc1MSSME5FdEZpgZaGSNsruwD271twypOm0MpPcN1FVGQemc9cGohlGDglTSjJxZEoXNiGIxZO+Pb1xmpwwO4Z/8Ar1hs0sh3A/PQZZocNINy+1bqsjNxsb4Yj3Ff6gv/AAcO/tQf8E/f2efE37GGj/t0fsD3X7bC+IP+Eij8OSWmqm1ufDaRvpi3SxRAr57zeda7VLLzDjI3Zr/LrhudwyeRX9YUn/B4Z/wUmvG06a/+An7A+oX9qP8AR7m48Ja40sL4GXU/2zhWO0E7QBkDjioxEXOziELJWP6DtB/4IV/8E8/gH/wV/wD2I/in8LPhrH4T+HOveB/F/jCL4ba9cT31pbeItJfSRbXMMN48suVXW5ZmgdikM1nCyAZ2jkf+Ccv/AAUP/aX/AOChf/BW/wD4Ko/8E6v2u7Lwh8Uv2OtIsfGWn6Z4Ov8AwxZxxaLbad4httLitpp0iWa486C5kaQzvI3mxho/LAKj+Nb4l/8ABbn/AIKI/Ff9tX4X/t5eJPjJbWXxl8F74PC2n2FgkOhaLYyhluLGOwyQ0E6SOkrSM0silcyZjjKfo/8AEL/g6S/ac1nwl8UZfgh+yb+x5+zH+0B45s/sni34n+E9BkTXdQbYVE6SO+4zrn5HuGuPLzkDcAwz+rTej1f5DlJH7B/sFfs/fs1X/wDwQV/4Kk/s3/Gv9oKT4Gfszaf+0N4h0C6+IP8AZzam2m2VnqOhC1nNvHzMZZLe2j+X/ntntXIf8FRdF+F37NX/AAbg/sHWv7IP7QV18cfh94U+MOmal4O+IUelvp8moXEdzr1yLhbWXJjaK53oA2cmLPQ1/LP8N/8AgqV8cvhl/wAE1vjx/wAEw9K8E/DDVfhD8QPEg8Tar4gvIrxtbtrjz9OmKwyLOIdpbSYfvRMcSPz0IT4mf8FUPjf8U/8Agmn8Dv8Agl5rXgT4WaX8HPAfiD/hIdO161guxrN5N52oS7J3acwbM6rMPliBwie+dVh5c1/Mk/vttf2UPh3/AMFfvj5/wRf/AOCw3h6y8Pjwz4e8O3Oq+NLLcrP9utQ0+nWcRLZJsda/tAN9/wC6fu8sflb9hP8AaZ8G/tLfGX/gvB/wV98FeFvD/wAY/i98N9LvvDnwbtbyE3I0/QNI0W9mthZqmXjGqS26ySFDvOXVCA7hvzW/ZF/4KC/CX9gD/g2r+JXgTSf2sfhb4w/a78e3WuweGfAemeJrW51vwNDqs62JL2sMhmtvKt4rrUgzqNstyqnlq/nV/wCCb3/BUP8Aai/4JcfFHxL8S/2bdY8LXlhr9rBZeJfDfiC0e60rX4YXZoTMkbxyJLEZZdksbqy+bIMlXZTFPDykpW6aIJTta56Z+1t/wWj/AOChP7e/7OWt/AD9qzx14a+LfgFfF2n+KbXUh4WstOutDuYYbqKO2iksYoYzE63MpxMryHy+HwCK5T/glB+2X8Zf2QP2jjH8If2ifB37JVv48toPB/iP4laz4Wh8QJ4Q01rmO4a5SymzE5326AhlbjOMda9a/b6/4LK+MP23/gdD+zxoX7I/7If7Knw3n8T2/jLWx8PPDZsLzX9WhhniSS5lDBGXF3OxBQuWIy+AQfEP+Cd3/BSvxJ/wT8/4XPoa/s6fs1/tQ/C7x/DpkPifwv8AErQTqdpN9ha5aB4FLhEcfbZw2+OQEEcAjNehGH7trl+RjfW9z+vf/gtjfeOP2of+CHX7NkPgrxf4W/4Kh+KNV+IWm6ddfHPRdG0zQYdOvpNRmtIWi02J8200009vpZCBU5LyFC6Kfuj4GfEv9rH9k39rn9k34Af8FBP+CxHw1l+L/jaxs10X9njwf8EoJtMubVlltoo18RJCbqGPzbeVUnnMW54HHzqCB/HJ+2d/wcD/ALR/7UfwN8B/sv8Awe+DnwA/Ym/Z90DWbDX7Xw98OdLNsHu7S6F3bLziGKCO6SO5EcUKZlRWZmxivqXxj/wdI/tMeNNa+C/xS1H9jr9hPU/2jfCKw2//AAsLVPCT3+rTWikma2s5XlEunxzl5C4hk/5aPs2ZrijgqjjZLuU6qTuz42/4ORvh54K+G3/BY79rPQ/AXhrR/CWi3R8P6zNZ2FusMJvLrRLKe5mCKAA0s0ksrn+J5HY9TX4WTwW8i58vyZh/EvevtH9vv9s/4if8FEP2qfiF+1j8VdA8E+DPHfiKDToLrT/DyTx2EK2llDZx+Ws8ssmWS2Rjlz8xOMDivjryJIiVmCsPXNenRg1BRkZuSb0MqJGIAk2vjuO9SNErdODVx4AMtEMr6DtUSoWyMGt4w0J5lewyGNUPzEg9Qa24ZIwArHPv6VlJCWOAy/TNSGGaPqpK1tFtdCZK+qNsIn30IYdwRkGqM8ADrLbBoznJGeDUdvKUYAk49KvsEY5Ryp9DWt1IzJoVEiCRlIfufWpti+9UcyoCVxj2qWOVmyCSDWsZJATFSPcVBJCsgI5FPJfJOMilBBGRVqSYk+hiSxNAxI2lT2PSitG4tzJyuN1FZOLGUGifk5AHuabHDGTgncatypvP3+KdHCq84/Ovwy+mp+t8mokcKDnFWAMcCmMxBAAyaZ83r+tRZvUu6WhAbVDIZHcA+gFPcwqCRGHPuaRyuCDn+VQMycAAsa1hT1uYzklsVpwrDcz7B2AFZbnHEe81emQscEgH09KhEABBODXVCyOOd2ykXkHViKQSueqqPwrQaMfwqtRFEyQ2Cc9K0i10MpJlN4kmxwzn07UwW0iyAu5CelXUibJKgL9amZGUDGWYetPmtoLlvqTJCpQADB+lWowBnggdM1mxTyq/zjHpxWihaUDHNZST6m8Zpk2R6inhosKcgkeoqsVKjkYHSmMTwB1qSotk1xNGyFMnJqimACqEkVJ5W7ljzUZfyyQpwRWsYWM5Se7LAlMKehPoKqtKxOSRSs5kOAKcsIblvXpT5ETJt7FZmB5wX/Che/y7atOoHCoCaj27skkZ/lVXTRnKNyF1DjBp6RkLuY4UdqJAkKGWRsAdB61lDV0kkKmP90PU01FvYy5kty9Leop2RI0j9BjtVZ7ucHBwp9AKnTUbJASkSqfWo2vbHBygJpxj5Dc2+pEt1yM5Y09ruSQbQqqO3vUJ1KyU8RIB/OlOrWmMBVArZU79DFTXclM4RME7mPXHaqxmBOcjP0pp1C0bsuact7a9kBrSMbbocpp9STePeqr3g3FIlLtU0uoWLIVIXOOlU4722jY7Qo/DmqSfYltdGSPM+QCCG7AUzd/st+VI1/aAlsc+uKY2p2+OFzx6VdmYuourHM4IIwfxqrI5GQATTm1OH+GKm/2hG5x5a49xVxizKVRLqMDkdA35U159oy24U9r+EAnYoqCS6icFivA65FaGTnbqRi4mY/KGA9alM0gQ5Jyaof2mruYoIlY9+OlWAHIDSEl/atYx7nM5XEQbuSDip0jXOccUAZOM4qerEFFFFAH7rf8ABCz9mqz+Pur/ALXusn4mfET4Zar4b0fRZLabw7dC3ku1m+2s0cr4zszaRHAI569Bj9HNK+Adl8Hf+CpX/BNXxAfHHjLx1reuan4yS8utanE0v7jQGVP3mNzfLJt5JwFAHSvnn/g2p/1v/BQP/sBeG/8A0HVa/Qj4q/8AKTP/AIJQ/wDYW8e/+mEV5md/7nV/wy/I83C5PhFjljVTiqzsnKy5mrrS+9vI/ts1n/W2f/Xun8zWPXV3ulXF79lmheFVEKqQxOc8+3vVP/hHL7/nraf99H/Cv4mnF8x+uwmkjAorf/4Ry+/562n/AH0f8KP+Ecvv+etp/wB9H/Cp5GX7SPcwK+Uf2yP2M/gp+3R8IF+DHx0sNfufDcGpR61p1xpl+9pc6dqCQTQx3EbLlXKpdTjZIrod2SuQCPs3/hHL7/nraf8AfR/wo/4Ry+/562n/AH0f8K6sBjK2GrRr4eTjOLumt0yJyhJWZ/n+ftqf8EZf2yv2M7XVvF/gQXH7T/wItmeU6hpMD/2rpVuBu33ll8zqoAYb4mljAXLbMgV5V+z5+0J+1N8XrbTfgF+w98NvF3jHxprXgmPwf4st7rTIJ7CO189naSVpt8UKAsmLlzE0Z+6wLc/6LH/COX3/AD1tP++j/hXJeFfhB4S8CnxC/gnwf4J8HNq2oS6vqp0rT4rQ6nfSY8y6uPKRfNnfau6R8scDJOK/rzhP6ZnEOW5bUwVWEatSSSUnbo01dW3TXSxrQx9elF04T0ffVo/nQ/YB/wCCDth8J/G/gj9o79sj4hy/FL44aNqdrr+jaFos8kOk+Hb63nSaB/OGx7hkeKNvLVUi3AgiVeT/AEe1v/8ACOX3/PW0/wC+j/hR/wAI5ff89bT/AL6P+FfzNxpxvmnEGMljs1qupUffp6GMZK7k3dvds4DxN4U8L+NdHufD3jHw5oXivQZiDLZalaR3MEhByCY5AVJB5BxwaxdB+F/w38K+HNV8IeFvAnhLwx4XvkeK8sNN0+K1huVdNjeYkaqGJXgk8kd69Z/4Ry+/562n/fR/wo/4Ry+/562n/fR/wrxqGdY2nR+r06slTvflTdr97bXOhYySjyqWh4VpfwN+EOiL4DXSPh54ZsF8LvcyeHvKtwP7Jad98xh/u72yT70+5+CHwjvNB8a+GLr4e+GJtB8SagdV121NsNmq3ZkWXzpv7zb0VvqPevcv+Ecvv+etp/30f8KP+Ecvv+etp/30f8K7pcWZq5czxE73v8T35ubv/M+b11Nf7Sqt3c39/wA/zOI1vw9ofiPQdS8L67pdlqvh28tXsrqzmjDRTwOpVo2X+6QSK4DVfgX8HNd8H6D4B1z4Z+DdZ8G6WMabp91YpNFYf9cQwJTqR8pGRx04r3b/AIRy+/562n/fR/wo/wCEcvv+etp/30f8K5MFn+Pw1vq9aULPm0k171rX0620uRTxs4fBJrqePan8JfhfrPgu1+HOqfD3wZfeArfaLfR306E2duRkgxw7dqEbmIKgHk+tZtx8Dvg9c+A/+FXv8NfBsfw881Zzo8VjHHamUMGEhjUAF8gEt1J6k17n/wAI5ff89bT/AL6P+FH/AAjl9/z1tP8Avo/4V0U+Kc0ilGOImlzc/wAT+L+bffz3LjmFRbTe99+p4pqHwa+Fmqa/4j8T6h4D8O3PiHWNIfQdVu2gHmahp7KqtbSkffjKogweyr6CrNt8JvhrZyfD+W08FeH7Z/CscsPh0x24X+x0kQI4gx93cqqD64r2L/hHL7/nraf99H/Cj/hHL7/nraf99H/CiXFGaSSi8ROyVl7z2ty23/lbXpoH9pVP539/yPCJfgV8H5vDHiDwXL8O/C58KarqR1nUrAW+Ib29LKxnkUdXzGhz/sj0r0bWtG0vxFo+reHtcsbbU9Ev7aWyvLaVcpcQSIUdGHdWViCPQ12P/COX3/PW0/76P+FH/COX3/PW0/76P+Fc2Jz3HVpRlWqyk4u6u27PTVeei18l2M5Y2UndybseG6R8EfhJoVz4HvNH8BeHbC68NJcRaBIkPzaSkxYyrCSflDb3yPevmf4Afsb6N4D1T4ia78WvDvw28eaze+M7zxR4fuham5k0pJSpC7po1KuCiEhcjKqc5ANfoV/wjl9/z1tP++j/AIUf8I5ff89bT/vo/wCFfUYDxMzzD4avhqeIlaskpNt81k3Kyd7q7bb73Z2U87rRhKCm/e+/ueIeMfgl8H/iFrmn+JvHPwx8C+LvEFoqpBeajpkM8yIpJVC7KSygkkKcgEkgcmvL9Y/ZV+Hni744+LfjF8QtI8KfEC01HRrLSrbSNW0WK5TT3hZiZlkkLAlgwGAi4A6mvr//AIRy+/562n/fR/wo/wCEcvv+etp/30f8K4ct4/zvBxcMPiZpcrgtXpFtNqN/h1S2sRRzetBWjNrS3yPivw7+x38KtA8b/FzV00Dwo3w78WadpljP4Tt9IS2s7drVi/mZRgr732tjYuCvU5r6I8Q+A/B3ixPDMfiTw5pWsx6NqFvq2lLPEGFheQ58qaP+665ODXpn/COX3/PW0/76P+FH/COX3/PW0/76P+FZ5xxznGPrRr4rESlOKSTvbaKj068sUm93bUVfNatRqU5ttf5WPENT+CPwf1rxrbfEfV/hj4F1Lx5DJHLHq8+lwvdCRAAkhkK5LrtXax+ZdowRgVval8O/BGr+M/D3xD1PwzpV9430mGW303U5I8z2UcisrrG3YMsjg/7xr1H/AIRy+/562n/fR/wo/wCEcvv+etp/30f8K8+pxLmU7c1eb5YuK956Ras4rXZrRraxjLHze83tbfp2MCit/wD4Ry+/562n/fR/wo/4Ry+/562n/fR/wrw+RmHtI9zAorf/AOEcvv8Anraf99H/AAo/4Ry+/wCetp/30f8ACjkYe0j3NPxF/wAeUX/XUfyNcbXfarZS31ukMDRqwcMxYnGMH/GsD/hHL7/nraf99H/CnKLuZUppLUwKK3/+Ecvv+etp/wB9H/Cj/hHL7/nraf8AfR/wpcjNfaR7mBRW/wD8I5ff89bT/vo/4Uf8I5ff89bT/vo/4UcjD2ke5gV8Xfts/sG/Ab9vP4fab4H+M+naxa6rpTzz+H9f0q58i/0KeUKJGiYgo6P5UW+J1ZW2KeGVWH3h/wAI5ff89bT/AL6P+FH/AAjl9/z1tP8Avo/4V2ZdjsRhK8cThpOM4u6a3RhiKdKrB06ivF7o/gr/AGw/+CWf7ZP7E0eseJ7Kzf8AaP8A2f7aRmi8Q6NC7ajplvn5W1CyAZ4sAkF0MkQwCWTOBU+CP7TP7Tfxr0q5+AX7Efw38beOvE+v+EdN8K+KY302F9Pt7aFI0SSZpWaCAK8akXUjRspB2lQ7Kf73/wDhHL7/AJ62n/fR/wAK43wb8GvBnw6t9Ztfh74K8CeBbTUdQm1XUYtG02KyS+vZTmW5mWJFEkzkAtI2WbuTX9Z8O/TEz/BZZPBVYRqVHa035NNNrumk011Px/NvBfK8Vi4103GKvdL7j8D/ANh//gh7ofwo8deE/wBoT9rz4h3Hxn+Omkala61oun6XczQ6P4evLeYTQyK2EkuGV0jcArHGCCNjjk/0B1v/APCOX3/PW0/76P8AhR/wjl9/z1tP++j/AIV/NPF3GeaZ7jHjc0qupUfV9PQ/UcnynCYCisPhIqMV2PGPG/wh+GXxI13wL4m8d+CdB8U6/wCGb3+0dAu7yHfJpNzvjfzYT/C26CE59UWu91HTbDWNPvtJ1axs9U0m6he2uba5iWSK4idSrxyI2QysCQVIwQSDXVf8I5ff89bT/vo/4Uf8I5ff89bT/vo/4V4s81xcoU4SqScafwq793W/u9tddOp1xwuHUpyUVefxab6W176HyFq37JHwWsfhV8aPht8KPh/4A+D15408O6loF5qmkaHCkkYubaSEO6psaRIzKXEW9VznG3JNeN3P/BOD9nCf9nk/BxPht8KYPHf/AAiK+H18bL4Ttft4vxaCH+0z/GZTIPOI83cSSN/8VfpD/wAI5ff89bT/AL6P+FH/AAjl9/z1tP8Avo/4V9tl/ixxJho2o4ua95TvdtuSVldvVpLSz08j57E8E5PWd6lCL91x20Sbu7Lp6rU+XPAn7M3wr8JaN4XGreE/DPinxpZ+CLTwHqGuzWASbVtMigjieGRSzYifywTGS2M4ycVs6F+zf8CvDUfw2i0P4WeD9Ni8HTXs/hZEtQV0GS6bdcNbA5CGRvmJH8XPXmvor/hHL7/nraf99H/Cj/hHL7/nraf99H/CvFxXHGc1pynPEzvL+80tU1snZaNr0bWx6FDh7LqcVGNKNl5Lunv6pP1R86ap+zf8Cda0Dxv4V1f4V+D9S8O+JNZbxDrtnNahotU1JmDG5mB+9ISoOfau2h+G/gO28fzfFW38K6RF8RZNJGhPq4ixctp4kEott3/PPeqtj1Feq/8ACOX3/PW0/wC+j/hR/wAI5ff89bT/AL6P+FcNXibMqkHTnXm4u+jk7a2T69Ulf0XY6aWVYKMueNOKat0XS9vzf3nj3jD4TfDjx/4h8DeLPGfg/RvEXiTwzdNe6Be3EZMukzs0ZaSFs/KSYYs+u0V8j/tW/sV6V8U/2afil8E/gPo/gL4a654n1221++nuFkhtrq7W4iklmmMSSOZGWEDO3rjpX6M/8I5ff89bT/vo/wCFH/COX3/PW0/76P8AhXrcM8f5vlOIoV8JWkvYyUoxbbinGXMvd2tza+pwZvwzl+OpVKVemv3iabsr2as9d9tD55+E/wACPhf8JbK8uvCfw78B+GPFOqW0Ca/faZp0cT6tMqYZpXChnBYu3PUuxIyxrG0f9mD4GeC9P8ex/C74WfDr4Ya74g0u50u71HSNFgglEUqkFfkCnyw21/LBVSVHTAI+n/8AhHL7/nraf99H/Cj/AIRy+/562n/fR/wrGrx1nM688Q8RPmqNOXvOztsmr6pdEy4cO5dGlGkqUbRvbRaX3t2v1Pze8Ef8E4f2cvDHwF074S618N/hP4t8axaFNpMvjK48I2gvprl43UXmG3OJFLhh+8J+UfMOte6/An9mnwR8F/C/wqtprXSfFXxD8L+E4PB0Xic2PkXE9ijbzGqb38tGfLbdx57mvqz/AIRy+/562n/fR/wo/wCEcvv+etp/30f8K9TOfFTiLMKVShi8VOUaknNpvq007dk09lp5aHJl/BmUYWcalCjGLiuVadFt6vTfc8ci+Enwxh1f4j66PAfheXVPGEMFt4okls0kGvxQxNDHHdKwKyosbum1hghiDnNUfhj8D/g98GIdWg+E3wx8EfDuO+dXvTpGmxWzXZXO3zGQAsF3NtBOF3HGMmvcf+Ecvv8Anraf99H/AAo/4Ry+/wCetp/30f8ACvmp8S5lKlKhKvPkla65nZ8qSjdX6JJLtZHrrKsEpqqqceZXs7K6vq7et9TyH4efCr4d/CbTdY0f4beD9E8GaXqGoy6vewWMWxbm8kVFed/V2EcYJ/2RXf1v/wDCOX3/AD1tP++j/hR/wjl9/wA9bT/vo/4V5uNx1fE1XWxEnOb3bd2/Vs7MPSo0YKnSSjFdErGBRW//AMI5ff8APW0/76P+FH/COX3/AD1tP++j/hXLyM39pHuYFFb/APwjl9/z1tP++j/hR/wjl9/z1tP++j/hRyMXtI9zT8O/8eUv/XU/yFcbXfaVZS2Nu8M7RsxcspUnGMD/AArA/wCEcvv+etp/30f8KbV0jOE1dmBRW/8A8I5ff89bT/vo/wCFH/COX3/PW0/76P8AhS5Ga+0j3MCit/8A4Ry+/wCetp/30f8ACj/hHL7/AJ62n/fR/wAKORh7SPcwKK3/APhHL7/nraf99H/Cj/hHL7/nraf99H/CjkYudH8+H7fn/BG3xd+0L8d9W/aJ/Zk+NWnfBTxt4jiit/GNnqAuDb35SNY1uoJIPmWTZGgaIgK7Lu3KSc/z+6x+x5/wUd0vVX/ZQuv2ePiD4r8UxXUmjWXi9o7qTT47d7guJI7w/wCjpD8zHcW4BNf6CP8Awjl9/wA9bT/vo/4Uf8I5ff8APW0/76P+FfvfBX0iuIskwv1OlPngo8sU/sryPzjP/DDKMwr/AFipC0202119T+dv9hv/AIIt+MvgJ8fPCXxv/aJ+Oej/ABgl8GOx8E2Gm2k8SxyNGyfaLppmOGUOdsK7gGw2/gCv6Ba3/wDhHL7/AJ62n/fR/wAKP+Ecvv8Anraf99H/AAr8s4u4xzLPcV9czKpz1LWv5H2WTZRhcBR9hhY8sdzzrxj4O8L/ABB8Maz4M8a6HYeJfCuoxeRfWN0m6K5jyDtcdxkCn+EPCHhrwF4Z0XwZ4N0ay8PeFtOgFtY2Nsu2K1iHREHZRngdq9C/4Ry+/wCetp/30f8ACj/hHL7/AJ62n/fR/wAK8RZhiPq/1Xnfsr83Ld2va17bXtpc7fq9D2vt+Vc9rXtrbtfsfPl3+zv8Br34iw/F27+Dnw1uPifHKtwmvNo0BvRMv3ZjLt3GVcACQ/OAAAeBXgfg39gv4HWHjf43+PPih4L+G3xn1jxf4quPEVvJrfhi3lk0WGREX7IkkpkLqGVm3DYCW+6Op+//APhHL7/nraf99H/Cj/hHL7/nraf99H/Cvq8u8Sc/wlOVKhippSio/E7qKaaSe6V0tFY8TF8KZVXnGdWjFtNvbS7Vm2urt3PgH4U/sIfB3wB4d+JngrxLoXhbx14H1n4i3XxC0bSG0kWtt4ZleFIYYIEV2B8lVcK6hBh8BRjn3TWf2cvgZ4g1H4iatrHww8KX2oeLoIbXxNI0BH9uRRFDGLgAgPtMaEEjPB9Tn6K/4Ry+/wCetp/30f8ACj/hHL7/AJ62n/fR/wAKnM/EbPsXXeJr4qfO+0muz2VlvFP1Se48HwrldCkqNOjHlXdJ9+/q16Ox4rafBv4Xaf4i8E+LbDwRoVn4i8N6X/Ymg3Uce1tKsNmz7PCAcLHt4xjoB6Cucsv2bPgNpvgzwz8PNP8AhT4NsfBOjawniDS9MitQkNnqSMzLdKB/y1BkbDHJ59hj6N/4Ry+/562n/fR/wo/4Ry+/562n/fR/wryVxZmuyxE+n2n0vbr05n977nY8mwP/AD6j9y8v8l9yPPPGHg/wv8QPDOteDPGmiaf4l8K6jEYL2wu03xXMeQdrjuMgflXF6V8Cvg/oPifwb400b4eeGtN8V+HtCi8M6JfxQYl03So1ZUtIj2iUO4C/7Rr3f/hHL7/nraf99H/Cj/hHL7/nraf99H/CufAcQY/DQ9lQqyjBttpNpO+juttVozXE5XhK0uerBOXdpX0218uh+WX7Dn/BPzw7+zt4JsV+MXhP4Q+Pvi3pviK81XR/EVnZfaJrC3kSLy0SaeFJFZHSVgBkKXLKQWNfZPij9nb4C+NfHFl8SvF/wb+Gnif4gW5jaLV7/Rbee6DRgCNjIyksybV2k5KYG3GBX0J/wjl9/wA9bT/vo/4Uf8I5ff8APW0/76P+FfU8SeKOfZpmNTM8RiJKrO6fK2kk90knonvbY8fKODcrwWEjg6VKLhHuk9e77vzPgmD9hn4Paz8e/j58cfir4Y8BfF+bxm+jGx07XPDsFyPDq2dkLZxFLKZN/nFUckKmNig7sA1D8O/2Efg34E8VfH+ebw54Q1f4Y+NtS0TVLTwlHokdrZ+H5rCFlBj2PtfdKzTAhI9pOPm+9X35/wAI5ff89bT/AL6P+FH/AAjl9/z1tP8Avo/4VtV8XOJZ0pUJYufJKEIWvZKNPl5LLo1yrVWb1u9WZU+B8njNVFQjzKUpX63nfmv3Tu9HoeV+I/hz4G8XeI/Bfi7xN4Y0vWvEvh2aa40O8nQmTTJZVCSPEc8FlUAn0FcfB+zr8Bbf4iy/FyH4N/DSL4nNKbhtdGjW4vfPPWbzduRKcnMn3zk88mvoT/hHL7/nraf99H/Cj/hHL7/nraf99H/CvlcPxNmdKPJSrzjGzjZSa91u7W+zbbt3Pbq5Rgpy5p04t3vst1pf1seSSfDD4fS/EaD4uSeEdEf4mRaZ/Y0etmEfaksd5fyA/wDc3MTj3rvK3/8AhHL7/nraf99H/Cj/AIRy+/562n/fR/wrzMVjMRX5fbTcuVWV3ey7LsvI7aNGjSv7NJXd3bq+5gUVv/8ACOX3/PW0/wC+j/hR/wAI5ff89bT/AL6P+FcvIzf2ke5gUVv/APCOX3/PW0/76P8AhR/wjl9/z1tP++j/AIUcjD2ke5Bo3+tvP+vd/wCYr+B/UPgd/wALa/4Kh/8ABTXWLb4jePvh1qem3ngy2SfQLv7PJcRTaHGzI7jkrmCM46ZAPYV/fnZaVcWX2qaZ4WUwsoCk5zx7e1fxDfCz/lJj/wAFW/8AsKeAv/TC1fsvgymsZV/w/qj43jDA0MVh/YYiCnCW6aun6pn4of8ABcj9lzSP2ddd/ZQ8SW3xB8d/EPWvFmm61c6hda9Os0yNBHp4QCQAMwxMV+YnAVQOlfhwX9BX9Nv/AAcr9f8Agn7/ANgTxJ/6BpVfzGk4BNf0fSPlcLhadGnGjRioxikkloklskuiLAYZBJAPXmhpVPUgVXDBulQSK5Pyjj2rVy0N3JkxYDIzzUE8K3MZUqM9qi2N6U9AykHIxUAnYw1aSym2HOzPFb0FwHVWBGKju7YXMXGPMxxWLBM9vJ5UoOM4rPZiOsW4C8HBHtUhnjII3YrIVdwBBGKXy2PTBrZSewGg6FuUbHelVplILYYDiqqGZMc7lqfLNjIAGM0nboBMZFbHGDQWA6moKUAnpSAkymc55pxkZeDnHrUew+oo+Zeo49KadgJw54OcinFwCMEYNVgMjK/kajcMe5Bq1UaAvYVjlTg1qaNpGp+IdX0vw7otjqOs67f3MVnZWVpA0095PIwWOKKNAWd2ZgqqoJJIAHNc4jSKeOR9a+7/APgl8I5/+Cl3/BOwsfnX46+Am/8ALgsq3jVuiZ32PN0/Y3/ap27h+zV+0Ic/9SXqX/xmue0P9mz48+JPFPiTwP4f+C/xg1vxto0Uc+r6PaeGb2a90qN1DI9zbrGZIVYMpBcAEEEda/0bf2x/+Clv7anwl/4OOf2L/wBgrwJ8X4tF/ZP8W6Po9zr/AIXPh3S5jfzTrqPmN9uktmu48/ZYcCOZQNp45NevfsSqP+Ilz/gtGwwW/wCFe/DoH/wSaTWUcU10FyI/zUPEv7K37R3gn4a6b8ZfGXwG+OPhH4P3sogtPFep+FL+10e6kJ2hI76SIQuxPGAxOeKX4P8A7Kn7R37Qqay3wA+BHxv+N66fj7c3hDwpf6wLLI3DzvssUnl8An5scc1/dR/wRc/bd/af/wCCpf8AwT0/4K9+Gv8Agot4k0n4mfBXR/CzWmkarN4esdMt9OhuNK1OW9tYfssMUYFmtrp1xGxBkhMqMHGEx5j/AMFDP2ofjp/wSf8A+CJH/BHy0/4J3eJ4PgbYeM9G0jXPE/iXSdJtLmTVr6fQ7fUJDK1xFIhN1PdTzsSu5lt1QERhkO8cX0tqRKB/B94u8GeNvAviHVvCfi7Rdf8ACviewna2vtN1O1ktbqzlXrHLDIA6MP7rAEV7NrH7Gn7ZWifDQfGfXv2W/wBpDR/g4YPtI8WXfgnU4tHMOM+Z9uaEQ7MEHduxjmv9JH9oz9mb9n79pD/gqb/wQr+P3x6+HXg22+NPi3wD4q17xLolzZoF13UdL0SwvrFLiJhlzZXF9dSqGyf3KKcrGVr+c3/gpv8A8Ftv+Cr3g/8A4KS/tvfs0+DfFt1L8JbbVvEPw7sPhnJ4Vt7y0vdA8iWBLkBIheGaWBvtwnWUMPMAz5I8uqjWc2lEJRsfyq3vwV+MeheENM+IfiD4afEfRPh5e+WbPXrvRbqHTrrzASnlXTIIn3AErhjnBxW5p3wO+LeqeCrr4kab8OviTqPw5tw5uNft9GuZNOgCNtcvdKhiXaTg5bg8Gv8ATQ+Dfg/4AfH7/ghX/wAE6v2G/wBoS+tNC0r45fDjTvA/hjVZnUDS/EkWmSahp8qBusqy2IZFB+ZkVMEORVP9ojw38Bfg/wD8EBv+Cg/7In7O09pq3gz4F+H774V6pqsJUDW/EFvZ6dfapdyIoASZrzVLkSpyBKkmDjACp4pbNdRNWP8AN++Ef7Hv7TXx/wBJ1fX/AIFfs/fHz40aHp8hhv73wp4R1DV4LFwoYrNJbROsbbSGwxHBBrkfDn7PvxX8ZeItf8I+Efh18S/FPi3SndNU0vTtEurm701kfy3FxBGheIq42EMBhuOvFf3p/wDBan9sD9of/gkX+zr/AMElPgp/wTY163+FPwru9HvJpP7N0W2vk8UPZxaWYIZjJE5k89r65ml2kPcPPuLFhmvNv+Djz9qL4x/8Exv27fgp+0r+w54/0j4E/Hf4ofDyfTPiG9voGlagdatbG9jNpNcR3lvMvmne8JmUB2S1Rd2EArop4hOytvsZypW1ufxSX/7Gf7TWmWd3qep/s+/HzT9Ot4mnnuJ/CGopHBGoLM7uYgFUAEkngAVraD+xH+1Z4n1Lwpofhv8AZv8A2jNe1jXozNodpY+DNSnm1iMIHL2qJCWmXaytlARgg9DX95H/AAc//wDBRf8AbE/Y/wDB37IPgH9nj4vj4eeFvib4V8UWnja3GgaXfHWYRFp8WwPd20rQfJfXIzCYz8+c5VcYv/BYb/goL+2f+wd+yH/wRbuP2M/GaeE/FHizwhFbanBH4cs9Vm10W+maEYLECeGSRY5HuXDJCUeQhOcquCNdtJqO/n2JcNd9j/Pw1r4C/GHw/wDEyf4R6n8OfiVafFSG4NrN4Ym0e6j1eGYJvMbWRTzg4TLbSuQOenNZXiPwR4m8Iapf+HPFmla/4Y8RWjCO807U7WS2urViAdskMgDIcEHBA4I9a/0Cf+C/XjfxL+zB/wAFa/8Agll+1b+zb8Cm+Of7XI8Pa9FL4J0u0uLq98RRwxtDaq0VojTysov9SwyqSVt8fdTj+L3/AIKL/HD4w/tCfty/tEfGP9oL4N6t+z58X9f1eK513wde2dzaz6DOtrDEIpIbpUmQlI0f51B+fPQiujC1OdrTRkVItHwrBb3dnKHScvH3Dc1uRPFMN6ALJ3FRTROmdhZlPaqHlSq4eE8jnFdcU4ehGjLrPE0mJEKPnqDWjGgZchsisYSpckJKDFMB1NaVszwYVypXs2a2p1LsU49SZ7PfgjKmoTazIckH/GtZJV9OvpTnlK/MBuWt+RGZRhZwuCMj3pJGVTwD+HaryTQPlSoU55oe2ik6MfqacXoBTR93HWpVIByajaBoWyPmWm+aM7cc0J9xWRcKkj7paipYGVlUbh9KK2jK4WRkBVX/AOvSNIo6fMfSocZOXJYdaf5se4KFya/CFSufrPNYQtI+QoIHuKbtP8RJ9qlLntxTQCegrSFOwm77EDRkk84WmvsjXaBl/WrGCcgZzUTxA5JzmtjAoKhkI42g+tTCJF6nP1oZdpxhh9aaWyeTk0CcrDZCmMKADUAjUksxB/nVnaM54BqSOHecgYHritUrIhxbIAqjkZx71YRV2jCj8qUoEOWJ61PGMlScKmOtZDjfqVp7bcpKrniiyhbB3DCj9as3F3EiFdwY44Aqqly4jJHygnr3qknYLK464IDtknAqsCS3AwO9OG6QkkgAdqsoFUcAMarkaFy31IgCcAjA9cUwwKSzEip5JgoO4/hVPzGkPG6nGD3CTRYWONem3PrTmKjgAZqIkKCSQB7moWuEHC4Y/WmoE87ILmZl+VDgnpUaO0SGSchQeRnqasPLDGu+XBbtntWWd95KXckRdhWqgznluV55nu3Klfl96RobYABQWPfjippFiztQkJ9etMYhOAQDWyiznk31GbYgMKmKhZIh1QE1L8r5yw9Tz1pAAOgrWFNmUpKxX8mFix8sAUwwxc4RatFGPckfSq0hYDCDJ9a05GS5pDfKiXnYKaYkkBZ8KnpSEOR3z64ppUhvmBb6mq9kyJVEyJ0hGQqAimMsXA2ItOPGfaq9bcjMZTHER9AoC+uKaQueFAFFR+Z7UcjMudEiqn8QGKZMwGVRF6fnSeZ7U5SHODwKOVi9oRxxKAS4JPpWffXIH7mNQD7VcvbtYUKR/ePFZ9nCrP5suWbrVQj1FKV9EWbK0EKeYw+Y81eGT8xP09qj3ljjbtWrCtjkYNaECLnjsasVApwRUu9fWgB1FMLgdOaTzB34oA/pw/4Nqf8AW/8ABQP/ALAXhv8A9B1Wv0I+Kv8Aykz/AOCUP/YW8e/+mEV+e3/BtR/rP+CgfGP+JF4b/wDQdVr9Cfir/wApM/8AglD/ANhbx7/6YRXmZz/udX/DL8mGH/ix9Uf22az/AK2z/wCvdP5msetjWf8AW2f/AF7p/M1j1/ElT4mfptP4UFFFFSWFFFFABRRRQAUUUUAFFFFABRRX52/8FNf2zPHf7EnwA8N+O/hb8NdP+KfxP8T+LbLwP4e0+8ujBbQ391bXU0c0wGGlQfYyvlhkLFx8wwc9OEwsq1RU47s5sbjKeHpSr1XaMVds+uPjZ8dfhB+zl4A1T4ofG74geHPhz4Hs8LJe6lOEEshztihT70srYOI0BY4OBwa+AP2Wv+Cy/wCxN+1b8Qbn4XeGfEni74YeMpZBHo9t43sodMXxJltoFjIs0iO5JXETlJG3DahwcfAcX/BM/wCNnxN8QeGP2mf+CnHjzVPjf4/mhjvNF8OQXKx+GdESVS3kR2oRd7LlMooQAq2/zhhz1n7Q/wCyV8AP2gNFs/Cvjvwbp0ctjYi00e60+OO2u9HiXp9ldV+VRkDYQY+B8tebxDxTlmUVVhMVCUpPeW1u3KnuvN2ufxN4hfTJwmS5vHBLDydJfE3o7d0nuj+ikEEZBJHaiv5cf2cv2j/25f2BvjT+z9+z18VfE1t+1J+yv448Y6T4K0PXtWnki1rwxLeTC2hiEzli8aEq/lN5q7ImVXiLBR/UdXdKNGdKOIw01OnPZ/o10aP6t4C4+y7iPARzHLZc0H8rMKK+TP2nP2prf9m3W/gho8/gmbxf/wAJp4iTw+ki6iLb+zmZ4lEpBjfzB++ztyv3evPCJ+1Pbn9sCT9k3/hB5hdL4e/t/wDt3+0BtK7QfK+z+XnOTjdv/DtXj1M3w8KjpSl7yaXXd7HXieNsso4l4SpUtUUowas/imrxW1tUfWlFFFeldH1HtV3Civjb4v8A7XMngr4h6n8GvhL8F/iL+0B8WbK0t7zUbHR/LtrDR1mBMK3t9KSsDOoDKNrArzkdK+u9MuL2603T7nUbE6XqMkEck9sZFkNtIVBaPevyttORkcHHFctDHUqspQg7uO//AA+x5GX8QYXFVqlGhLmdN2ejtfa17WbXVJ6F6iiiuq6PXckt2FFFFF0HtV3Ciivmj4v/ALTeg/BrxLP4T1z4ffFTX9WudMivNA/sbQ5r2LxFdtK8ZsIJYgyR3CFYmYSlBtlVsnBrDEYqnSjzVHZHn5lmuHwdP2uJlyx2ufS9FNRiyIzI0ZIBKtjK+xxxTq250eh7SNk77hRRRTug9qu4UUUUXQcy2uFFFFMParuFFFFJSQKabsgoooplBRRRQAUUUUAFFFFABRRRQAV2Vn/yLzf9cpf5tXG12Vn/AMi83/XKX+bVcNzOocbRRRUGgUUUUAFFFFABRRRQAUUUUAFFFFABRRX4Q/8ABT79o746X/7Rfwf/AGM/gh8ZLn4AaVqOgXfi/wAWeJtL8l9XuLWIsiWFkHzslYgOcAMQQeQpB0jGChOrVlywgrye9kvJas8LiTiLD5Vg547FfBBXdtWfrx8Qf2jf2e/hLrumeF/ip8d/g38NPE16oay07xB4nstPursEgAxQzyq7gkgcA8kV67Z3tpqNpbX+n3VtfWE0ayQ3ELh45UIyGVhwQR0Ir+X/AEf/AIJx+LPCA+J3j79tC00n9pXxR40W3j8OeNNbt1lvxpgsdkK7A26OZVERdkAwwJyS1fN2geIf2pf+CbXwm8CfF7Rf2o/EHxH0/wAMalYaRqngPUWzoV7pM04hWC1VyJFlUSK27grg8YUZ8ZcVZTLMP7LcpQq3io80WlNyWlla6XTU/Bss+ktllTNpZZiqUqbcoqLafvc3W3Q/saorI0DWbXxFoOja/ZkGzvbWK7iw4b5XUMBkZB69uK169apHkbUt0f0p7RcvP03CivzX8Hf8FFdN8X/sgfFH9rOP4T31jZ+GdaTR20M6yrveFns08wXHkgJ/x/A42H/V9eePuv4U+Oo/if8AC/4cfEuHTW0aLxDoOn64lm0olNqLm3SYRl8DcV8zbuwM4zgdK8zB5vh68lGlK7av8tj5jJeM8tzCcaeEqczlFTWjXuttJ6run5ne0UV5j8Y/i74M+BXw58R/FDx7cX0PhzTUj3paQGa4upZJFjihhjH3pHd0UcgDOWKqCw7a1aMIuc3ZI9/GY6jh6Uq1aSjGKu2+iXU9Oor54+Avxg+I/wAYD4s1Txf8AvGvwQ8L2/2X+xX8Q3MIvtX3+aZTJZp89t5YWDhydxkOD8pr6HqcNiY1YKpDZ/L8zDLM1o4yisRQvyva6af3Ozt27hRRRWvOjv8AaruFFFFUNSTCiuG+JnjK7+HvgLxT43svCfiHxzPpdo15/ZWkxh7y8RSCywoSNzhdzBepxgZJArjPg98ctA+N0/jC78HeHvGEHhDTZ7e2tNa1LTJrCHWpHj3yi3iuESbER2ozMgBY4BODXO8XTVRUm/eZ5tTOcNDExwkpfvJapd9/8v6ue2UUUVtzo9Fzje1woooqgjJPqFFFFK6Eqi7hRRRRdD50FFFFMcZJ6oKKKKBhRRRQAUUUUAFFFFABRRRQBsaN/rbz/r3f+Yr+Jn4Wf8pMf+Crf/YU8Bf+mFq/tm0b/W3n/Xu/8xX8TPws/wCUmP8AwVb/AOwp4C/9MLV+z+DP+91f8P6o+W4j+FH57f8AByv1/wCCfv8A2BPEn/oGlV/MSzAjAzX9Ov8AwcsjI/4J+gdf7E8Sf+g6VX8w9f0dTZ8nDckwCMg7TQrEnHWo6K1jKxSaehNuXOMjPSo5MAbgBt9qQY75pKbd+ovZjY5DuCnkGoL+0EyGRBiQD86sAbSSOKFmycMODWcldWCmY9ldFCYZT0Na6s6nK/MvWsu/tcHz4gc9TTrO7LAIThxUxdnZj5VsbMcykgMMGpd2c8LVFmyQWXBHp3qZWwfauiGwuTsTVIhGMd6jpy7SfmH40OKGo6D3IAx3NRhiOhxTzH6GlCDHPWpcdClGxGCQcinF8gjFO2D1NKY+MjIFOEeoNLqQ16d8C/jD4p/Z7+OHwd+P3ge10W98aeB/FWk+L9Ih1KF5bSa9sLyK6hS4jR0d4i8CBlV1JUkBgeR5my49xTCAeoqZQfQXIj9e/jN/wWz/AGsPjf8A8FGPg5/wU78WeBfgFY/HnwPbWNro+k6fpOoR6BLHbCcIJ7d717li32uXcVuF7Y24r+g3/ggH/wAFdfAfxk/4KZf8FFf23v8AgoD8Zv2Yf2Y/FXjzwN4eg23etx+H9IuZbBYLRIbCPULqSSSQW9nEzIJJHLFiAAQB/D5b2V7dNssba6u5f7scZc/kKj1PQdVshjUtI1Ow75lgdP5im8PNx5knY55VIKXK2r9j9+v2rv8Ag5B/4KJfte/s0a3+yrrx+BPwg+GOtQvaeJZfAPhmTS77xPbO26WC6kkuJkjjlOPMFukPmDcjZR3Rqv7FH/Bwn+2b+xv+z3oP7LGo/D79nL9qX4IaJdi88MaX8UPD02qSeGHVzJGlpLFcQ/ukd3dFkDtHu2xtGgCj+fGGeWxkAJLxZrpIJ0nVXRsH+dOnKLXK0W12P1F/aa/4K+/t2ftV/theBP23vGvxabwd8bfCMsLeCh4ZtvseneDo43LiGytpGl3RuzyeZ57TNMrlJC6YQfo/8Tv+DoT9un4s/Djxp4V8Q/Av9iWx+JHiDwvdeENT+Itn4IuV8SPp08DQyrHO940SOyu/HlmMbjiMcY/mlqZJMEA12QUdNDFxZ+rfx7/4K4/tOftC/sbfsofsR+JtF+FnhH4b/By7sL/wlrvh20v7TX2uLS2lt4JLm6e7kj3qszMGhiiIdVIIxg2fgj/wV0/ac+BX7Cf7S3/BP3w7oPwn8T/CX4ra1qGveJtc12yv7nxDHd3dvZwTtb3S3aQjcunQtmWGVtzyEk7hj8p0kGMdR/Kpkcc+neuqKguhB/Q7+yn/AMHJP7cH7M/wM+GnwA134c/szftM+EvA4tx4HvfiN4cuL/UfCy26hbZLe4guYcrAoCRsR5qKFUSBVVR+V/7bv7cn7Q//AAUI+PWt/tF/tL+K7XxN48ubSHTbSCzthbWOi6fEztFZWUAJ8uBGllbBLMzySOzM7sx+OgR15z7GnHzF5BrWFKKd0tQP1M/4KQ/8Fbv2k/8AgqOnwHX9ofwp8GfDDfDzTr7TdGbwjpl7Zm8S6+zebJd/abu43P8A6FDjy/LUZb5eRj+r/wDb+/4L0xfsYfsvf8Et1/YZ+Jf7Gf7R/jBfAgs/GujahPB4jk8L3VvpelR2xlWxu4rixuA73yYZ1LFGDKdvH+fyjBjhuKl+ZPcUPDRduyB+R+sWqf8ABYD9srxJ/wAFDPAf/BTDx7rXgf4j/H/wyxj0PT9W06QaDptl5FxCljFZ280UiWyLeXDALKHaR2kd3dnZvjb9sj9p34iftr/tI/FX9qj4paX4Q0X4h+L79NR1O00G2mg0+B0gjhVYI5pZZFXZCnDSMc55r5zjn4GDTt59BXWowWyt0OWUZIZE7SJhgVccUMWUg7STUkDxSMVJMbe9TOpQkMCR7Vs4XRMZ9zPmRLgDOUkHQioUuXibyJ1JH8J9a02thIuQBg+lVXtg6sjnn1xzWMoPoaEYmljO5HJWrMepEMqTKBn+IdKzA0lkwDYkiPc9qdPEko86BjtPYdqXM1sDSe5tyKHywxn1FSQzyIAu4kAd6yLW4ZF2Nkj3q2s5JGDn05reMupk4s1lLOQBx9KjlhY/MVYfSq0dwoIPINaaXCsMAqR3FbJp7ktWKUWVbgn60VM2NxIxRTSsIzNhc4Ukn0qYW5UAKBV1IkjGTjNDHPQAfhX4q2z9YVNLcoLCVbLHJFTqueAMCnlVH3iSaDMgH/16JRbYthCgAJzzVSZwoyMs3p6UklwzEKgP1oWEnluM1cI23IlK+iKDK7k9qckDVo7EXkqCfpRjJBICitHPsZqHvalJYiGG7GKuIcLhQBjvUcky52oN7etNLlFJbn2FHLfVjTtsDRhiWcljVGbk4ZmAHQCpWkZj1wvoKqyNu4Xqf1rZRZlOXQqEb3wpGBVpEJIUZJqWKJY1Lkbm6/SnxE5LMRzWwlHuSrCQoJ/Ko5GCYwcnHalaeNc5PIqm8pZiQBSt3HJpKyHE7uTzT2cJGWBHSqjSYG4nAqtJMCAq8+lUo3MudIieZ5pfmLlc9BU0hSBBI52nsB3qLdHbK0jjL9hWYzvcOXkbjNUoMwdS3qWDI9wxdydgPentOSPKTCp7VXJztVcbe2KkAA6Cr5Ec0qvQWo2haRs5wtTKpOOw9alAwAK3hAylK4xYlUAZJpdi9xmmvIAcA0KwGc5reMO5jKfYcx4ICk1WdgO2T9KtEr3I9Kgcp6VaViG7lfPBLce1QSMDk8DipHYYIHTr9Kqs2Tx0pmbmRscA+/FQ1K/QfWkyAoB5NBm3cjqs7c/KtTP0qIDPAoEIu5vvAc0s86W8eSyk+gNStthQsxwcVz8jSXc2MHaD0oAWNHupPMY8e/ateIJH8qAEgVDGnlAKAFqygAIAHFAEgUk5apKKkRe5/CgBAhPXimkEdanqJg2ST0oAZRRRQB/Tl/wbTff/AOCgWef+JF4b/wDQdVr9Cvir/wApM/8AglD/ANhbx7/6YRX56/8ABtN9/wD4KBf9gLw3/wCg6rX6GfFQE/8ABTL/AIJRHBwdV8e44/6gIrzM5/3Or/hl+TFQ/iR9Uf21az/rbP8A690/max62NZ/1tn/ANe6fzNY9fxJU+Jn6fT+FBRRRUlBRRRQAUUUUAFFFFABRRRQAV+F/wDwXyvm0v8AZz/ZY1BPL3wfHnw7MN6hlO3TdWPIPBHHQ1+6FfznftV/sqar+0dqv7QB/am/a6+Plh8Lfgj8S7z4q+PfDtlJpixz/Dy40LVr3w/d+HYhZ+dFex3UVzoOxnkNw1rdykPJ5RP2HBmRTx+InSpyUWovfzVv1Pl+M6Tq5dVw8d5ppPtc+fvgx/wUZ/ah+MXxD034HR/DX4o/tkapYQPd/wBi+ENIil1Pwzp7qc3E06iO2t4GMKqgupEV2AjjYswWvoRv2kvhzqng7wV8XvBGpXPjbS/E/h621rw/a3FgbYW1rOBIJblid5ZhtBiXGDFz1yfz5/4IH/Eb9o74Zf8ABTv4f/s1/EK9+MXwibWbPxBrXjXwFq4+zRXN7b6O62slwvlRy3HlR+Sql8xnYsqqHZmK/sPQ3fxK/Zp+EPhTQfgp8bfjRq3h34N+HAl34W1bw5p9rpGpXNvJJbQ3cer6jZPcRmNS5eBjs+UEMSVHz3iL4R1MVhKFfBqVTFTk4yb2tFdPLRJM/wA7vEnwQhjKeHxVGEqmLcnGV9rRXbtokrntXxS+J37R37bH7QP7M/if4b/s9fFD4123wd+JHhLWPF0/gnw+8lvo+nWk6XjwSTyyLDNftFKs4t42MxWZCUCvHn+nj4N/GX4f/HrwJYfEX4a6rf6joEtzdafPDfWE+n32l31tM8F1ZX1lcpHPaXcE0UkUtvMiSRujKygiv4if2IPj/wDFP9q74n/svfsy2/xz0f8AZO/YwtfjdZfGjTPGM2iXsXiDxD4iN1bJb6TfXkN8IRHcDUDDBI8QjRoLdWaUoQf67v2N9S1LxL4k/bg8aa/o1x4H8Tax8dvEMl/4SuJFe48J/ZrPT7CCG4aMtCZbq2sbXVW8l5I/+Jp8sknLH7jMuCKWX8P0a0pylWuubm7tK620tayP7K8FcjeWZfHDybcppSlzb81kmvRbHyh/wVj/ALe/tf8AY0/4RX+yf+Eo/wCE8X+zft+/7L9q3W/leds+fy9+3dt5xnHNeUfDnU/jbo3/AAU613WfjzD8L5fiNafDa7umTwn9qGnPCkIaMD7T+83nB3dumK/RP9rL9l3Wf2jtd+AGsaT4r0vw0ngzxNH4gnS5t3lN8ivE3lIVI2k+UeTnqOKqXP7KOpX37aGo/tP33ibSbjwxceFW8NSaIbd/OcNGFLmXO0A88Yz71/OeZ5JiamNlXgnbmg12slq/kfI8VeH+aYjPquPw8Zcrq0ZLVWajBpya8mfl3+yX8Uf2qvHXjr9nT4wWPij9pz4kW3iHxNqVp4/hvbeeXwnZWLzrFC1miqIYTH+8dinCFQPlAYHjfiD+0F8foNA+Mv7V1l8b/ihYa74d+Mw8Jaf4Yh1Ip4fOkpHIwhksANjsQqKZDkkAk5Y7q+/PhH/wTh8QfDnxv8H/AO3fjpN4t+D3w/1rUNe8LaIuhpbXgnuWV9t1dLIQ6o8aNkL8xBwEDALm+KP+CZeoeIvEXi/w3D8ahY/s86/46Xx9qfhv+w1a+W7+cPbRXvm8RMshUMUJUBeGKlm8z+xcz9io2le/83Wy132vf8z4+PAvFawMaajU5+Z3/eL4uSKU/i+Hmv1b62Pmv49eLvi/4N/aX/4KO+Lvhb8WNb+Gk3hzQ/CviCSCxsLWf+17lbGyijSd543IiRJbj5FwGaRS2QgU+kePv2qfFuiftS/sJeP/ABHr3xDt/AXiD4XjxF4g8PeH1u7u3uri4sLp/MOnwk+d5btG24qSqx7s4WvoH9ob9gXxT8Wfid8WPHHw/wDjXF8OtG+IOjWGi+MtPutDW/aaO1MQSW1k81PLJS3iQqR3c7juATW+Jf7F/j+T4xfs/fFX4F/ETwl4If4e+Ef+ET0uDXdMlv8AfF5M9uJGEbxhmEU/HbcASMcHpllWYwlNwTtzJ77+9fRX7b7Hq1ODuJ8PVrzoRly+1jNe8mpfvnNtLmWnK1daXPMvi3+0bZ/Ev9o//gnh4h+CXxR1+8+FviXU9divodPvLi0t9T8oW6+Vd2x2FmRt42SrkZJAwcn84viF+0x8V/AnwR+I/wAKPFHxg+M3hv4/23xpa5hiutR1KO7TQPszRhI7onb9nMq5EQfByGCkEGv0/wDAX/BOeX4ca1+yfqej/E2HWB8P9X1nWtYlu9PMT65cXxhJMKK5WFVEIG0lvXPJr6C/bY/Zm1j9qv4VeH/h3ofinTPCN1Z+I7TXGubuB5kdIoZ0MYVSDkmYc+xrbE5RmNeFStL3Z9ujvGKdtdNTuzTgrifH4fE42o3TxF01BO6lzU4KSXve7aSdtX13Pzn/AGk/2lfFnwp/ay/bM8N3vjP4rjQZvhJNa+HbLSprue20XV5bG3aO8WONttoVbexuAF2ls55rmNZ+P3xK8K/Dj/glL4v1T4hfFjUrfU77UZ/EyWV9eXd34iiiurQCOeJGL3h2s6qjBvvEAc19/eNP2Mtf8WfG/wDah+K8fjbRrSw8f/DS68B2tm1q7SadNLbQQi4kbOGUGFjtHPI5rzXX/wBgn4lf8IP+xjo/g34n+CtO8W/CSW9uku9Q0qea11OeWaCSM+UkisFUwHI3ZOeorlq5VmSlUkr6vT/wNPv2ueZjeD+KVVxNWCk023BX/wCn0Jfza+6n200ON/as/ap0b4k6B+yr4s/Z++J/iqx0m4+Lmn+H9cjspbvTJwwwZbO8gby3Iw65RwVOe4r57/ab/aj+Jfw7+JH/AAUB+GfhDxn4uufG2qXOgW3hq1j1OXPh/TodIuLzVLu0QtiELDDhjHtO6VG6qK+qJP8Agm/4gl07wre33xd03WvHLfFgfFLxLqDaQ1vBezFgz21tbrI3ljO8hixzu6AYA7/xF+wPB4j+Mn7W/wAY73xZpk+tfEDwjceF9AjezYjQDcaetrNPJ83zsTGmCuDsaQfxVrisuzSveTVpNrr05Wn1/pnRnXDXF+P5qri4VJyjezVlH2c4uyu7PVdXaXofVP7L+qanrn7NH7PWta1qV/rGs3ngfQrq7u7qZpZrqZ7CFnkkkYlndmJJYkkkkmv57fCPjH4xy/DjwH8aZ/2iP2hrrxBc/HuHwRPp8njC8bTm0wRJcFTAWyWLMVOW27eNvev6Pfg54Gufhh8IvhZ8M7zUIdWuvD3hzTdDluo0KJcvbW0cJkVSSQGMZIBORmvza0P/AIJt+LNK+EHhX4azfE/w9Je6f8XU+Jb3K6fLsltxbpEbUKWyHymd/TB6V6WdZZiqsKKgm3GOuvXT/gn1fH/Ceb4vD4GGGjJypwfNaVve9y19ddmeB/tGeJ/i5r37QH/BQzS9L+PXxs8C6H4J8H6X4h0PT9C8QS2ltFcCxtHZdo5RGLyFhGU3FyTnjHOfEj48/Gz4teJP2SfhzN8RfjxoVprHwcg8WXp+HfnR6rq2tyJcxLLMbdS5g3WsbsuNo3PjBIrsvGXwT+IXx3/bo/b0+G/gj4jW/wAMYdY8OaFaajcXOji+j1CxaysRLEmWQxv0+dSeNykZYOn1V8RP+CfutTT/AAY1/wCCHxjPw58ZeE/Ah+Hc13qGjJfxarphhkjMpjLqIp8z3D8bgS6/dC/N4EcDjqzqSpJ8vM7672m9teiPzSlw7xBjpYqrhIzdP2kk/ftzWrPSKcltHvb5nGeOfin8d/Cn/BKrWfHfxXv/ABl4G+OsOk/2dc3UplsNTilOrC0glYrtkWV4TE5cYLbi3c1yf7NWr/ETwlr3/BSDwPqvxO+KXidPCfh7SDpMuua/dX1xpk76XfSyvDJK5MbGRQcrg/In90VH8T/2PfibZQfsZ/skeAPF+u3Hwn0SLVdd1vXdQ8OvfabNqsMn2mBryJZEAVpbify7d5tuCARJs52fDH7Of7RPw7/aW+Jmi6t48/4WF4c+LnhLUG8Ua/aeEWsrHT7+2tJLa0R3Ekqxk/anfaGQvjABxXZUhi/b05OErQSi9eri/PXVrXyPocRQzl5jh6kqNTloxhSk+ZP3nTkm3qr+9ON3a2jZ+fHin9vL4uD9hPw18LE8beOLX48wawr6rrkWpSnUl8PYgure6ku0fehke/s7cMWDMsbq3JavpL9qT4o/Hfx9+1Z8cvhb4E8b/tGaVJ4R8GWN54V0r4fm4CXWqS29pceZqawAl4WNw8ZL8fcAIGc/UfiH/gml4d1b9nu/+H9j4j06x+MV34M0fwXceIWtibRraz1SK+MggHz738lIyxY8RxjA2nO98fP2B/FnxK+Jnj74h/DH42W/w0fxp4Zt/Cvi+3utBXUPtVtGIl823YyoY3MdvChX2Yhxu+Xmnkua+ztNuXw7PWy5tN99mzya3AfGH1dxrylU0paRkk+WKqLlu2tU3Ft/PWx82/tV2nxfu9E/YZ8ea/8AF39oP4Y+PvHGqeG/CvjDRtK8QT6VbWsksafapI7SMKIbgyPJknIGANvFfs54Q8OJ4P8ACvhzwpHrXiHxGmm2UNiNQ1a6Nze3gjQL5txMQDJK2Ms+OSSa+Pvip+x0/jHwl+yP4J8L+MI9J0f4X69o2p+bfQGabVLeyRE25UqFlcR5LdMnpX3JX2mS5dUpVqk6ieqjbW/TX8T924D4YxODx+Jr4mL95U7Nu93y+9/5N5BRRRX0h+qBRRRQAUUUUAFFFFABRRRQAV2Vn/yLzf8AXKX+bVxtdlZ/8i83/XKX+bVcNzOocbRRRUGgUUUUAFFFFABRRRQAUUUUAFFFFABX8O0njjwP4V/ae/a3+L/7S3iiw0T9orSfiTqEem3mveejWtgh8q2W1VvkAwioilSX+ULnNf1Oft1TeMdI0j4C+J4Pi/8AFD4QfBWH4gabpHxIvfB89pbalDpGoh7C2vEubi3n8uK21G60yWYKuPs32lm/1YI/mM/4KQ/syftFfCL9pDwN8UvEnjT4qftMfH34b2mmap8YPih4S0rT7W00HXDqy6h4YWwsrexza3NnYaXZXFw8qyo/9o22SofYftMFwTLMcoquVVwpyaUuX49Gvdt1vfa/Y/FfGnJJ5pl31OEpRs03y7uPVI8z/bU/ak/bz1L4gfDWL4oL+018PdLPhyXWvhqt/oxt73xRC00QMt1bS+XLDaCRwQblBJtKgDggfRVte/CX42+AbbQ/2otTjXxI2lWjaZ4YtdMvNZvvGHih9kcem6ZZWYMs91O0kiIEIw+0n5ASG/t3fGjxx438Df8ABGjx3408Rax49+M/jn9mjw2rz3d2v9oeK9Z1G80+IQmSV44jLPcXcRaSVkReWZlAJr54XxP+2b+zF+1H+y/ro+Afg34F/tF6TrV14n0G58banpmt+FUsXsbzSZ7m9GnaliDy01Msu64iYyrCVVzweXiLwxhVzvD0KdB/V6LXNV+224r4paN2022P5qznw8dfPMPRp0JOjS5VKprzO6W7vfTy2P6D/wDgkz4z+KnwQ+CXw5/ZK/a+8A/Gz4K/GibUNZk8EWPjbS5RFrejRn7QttZ6kjS20lxBE0jGzaVbhIo2YR+XGzL+zlfznfsVLr2o/s6f8E6L/wAVfE3UPidrPxF/aHf4oeM/EFxBLbR/DHxb/wAIBK0nhBra7ma9jvrwpc3bzyRxwSfbboBma7tvtH9GNel4kZJSweM5aLbU43177b9T+28ijL6l7HflXKu7sup/JX8Mj+0N/wAO1/j6vhtPhAf2ej4oi/txrz7Z/wAJALzzdMx9l2H7P5W77Jnf82PN/wBmvs/x98TPiHd/8O8v2f8AQvGvxz8HeBtQ+Dum63fr8OWlTWr66/st1hAMQLtEjWqFlAI2tISM4ZfrDwN/wTv8U+Ef2I/i7+yfP8SvD97rXiXXk1eHWFsZFgtUWSxfY0RbcT/oLDIOPnHoa7Dxl+wr4zurX9mXxV8NfjBp3gP4v/DzwXF4KbUrjRRfWeqWwsvszMIWdTGw8y4Zc7vvjONua/mWhw3jqcFyp/DFPXtK7S+R/JmB8LuIMNh4+yhO/s6akuZX0qtyhHVfZ1te3mfInib4s/tT33wf/YG+DfxO8VfFP4T+OvGfjO50DxVqcJfTddnsILyGKEibAdHaG5UmTBLsgZt2WB8e+Ifxj+KFr+yN+0Z4Z8R+OPEHxB1D4a/Gqz03QdX16X7VezW0F2zRJdSkAzkPAXy3PzkZ2hQv6HX/APwTrj0z4L/s6+BvAnxXuNK+Jfw112XxFpPiO+0oTw391LP58qzWgkG2MukIUB2KrGAdxJNEH/BOXTtS/Z0+NPwg8ZfE+fWviB458SN4u1PxNDpQhjtdR81ZFEVp5hBiBEgILgsJXI2/KF66uR5jJtWesbb/AN1K3rc9jGcA8UVZzhyys6Vruaf/AC7S5Hrq+e7va3W55BL8Wfjb4QvP+CknwM8S/F/xZ4/k8G+Ao9d0DxDPHDZahZXM+k+fIY3tVj2ASTIUxynljB5Jrrf2cP2w/B3iX9l7Q/hhrvj/AMcQftCt8PNR1G3l1q2vobnWHitZ5GuLS+mUC4ZAhbcrk4jYrkISPVPDf7FPjRtF/aw134k/FjSPGvxi+KPh1fD1xqltov2Kz0yKOxa1iKwLIxckeWznI/1YwOpPnPgP/gnx8R7M/DP/AIWT8ZfC+uWHgXwlrHhnwnp+k6FJbJvvrWS3e4vJ5JXaTAlzsVVBKqRjDB+mGDzOnKLhFtNNau9k5eu6W2562FybizC1ac6FOUoyjONpST5YyqXV3zbqGz97sfHPhz41/GHw/wDAb/gmX8Z/FPxI+Lc3w/j8T+IU8f6yNRvrpLm3GsBYF1EozNOgihuFVXDfKjADtVA/H/4ma/8Asbft+/ELQPi/8SLma0+JNqvhzU11m8juNP0+XUYNsds7MJIIzG+PLXbwSCO1fs/+yV8D9R/Zv/Z98AfBbVdfsvE9/o327ffW8LRRz+fez3IwjEkYE4XryVJr4/1P/gnp4mvvgp+1h8KE+JWhR3fxF8Zp4ps7w2EmzTYxex3HkypuyzYjK7gcZNKpkWOjTjKLbbhqu0uVLe/cxxnh3xDTw1KpRnKUp0WpRvrGaoqC15tbtdt9bnmHwO/aH8R/Fb9s3xNaaP4t+KkHgq2+CzS/2Vq5vbOIanFNbo92trNgFyS2JwuTk85yK3v+Ccv7YnhK7+EXwr+Gfxl+IXju++LOu6nqMOl3/iK3vp4tZf7S+yCHUZlaOR1G1du/glU+8QtfUXh79k/WtI/aRv8A46XPjDS306f4aReA/wCz47VzIsytCTcbyQCn7pvlxnkc185/Bv8A4J0fEPwhB8A/CvxE+M/hjWvhp8PPEz+L9L03SNCkhu9R1HzfNQ3F1JKwWNXx8qp8y5U8kOtYfB5pRnGcVd3lftZuPn2ub5dkfFmCxFKtTg5yvUTu1a0nTs7c2mik1vbtqfJHgH4z/Fu5/YkTxdqPxW+I1x4jX4/2mlNqc2u3TXIsMW5NsZi+7yOWPl528nivp39iz9oP4gfHv9tP47+J9U1zxInwr1Dwz9v8I6PcXUotoNOjv1tYblbVjtilmEEkrHGT5p5IIq/J/wAE1fFNx+yd4j/ZtuPihoEd9qHj8+MDqi2EhjjgMKRmDyy2S+UJznHIr60+F37LMHwq/aE1n4qeHdT0218CnwNpvgrTdGSJvOtI7Qx7XaToQVjx65570svynMFXpSqXUY2vr6/kZ8M8HcSwzDB1cSpKlT5OZc17u079dldX73XY+b/27ZfGHiD9pT9if4UaJ8Uvip8NPDPie71u11Z/C2uzabPcKiWrISyHaxUlsFlbAZsda+A4fjN8atD/AOCdHxv8S23xn+LFx4x0v4yvolnrlx4hun1GOyW3tMQ/ad+8ISzMUBC5Zjjmv2Y+N37OGrfFb49fsyfGOw8TadpFl4CvNQubqxmt2Z9RW4WFQI3BwpXym6g5yK/L39rD9mXXP2af2A/ix4N1DxFZ+Mr3XPilF4nieztXj8mOdIkERUklmX7OxJHHzD0qM+wGJjWrYlJ8tn16csbfjc5vEbhzN6ONx2ZwUlS5Z2al09nBKyv/ADKXzOpvvjN8Y/2evjR+3d4B0r4t/EP4g6Xovwzj8XaLP4ovl1CbS9SaK1HmQgqIkQPfSP5SIsfyICpC1sfsH+Iv2i5PjF8LdTv9b/ad+IPwc8UeAEv/ABBqPjZLm406z11t027TppF2pblVjRMHDeY3LfLt+lvCf7B+oaz4n/aO8e/Gv4r/APCwfEXxC8Lr4RSbT9HXTxpVgIo0EuwSOrz5gtm4AUNExIYSYXj/AAD+xd8VPgdNqXxf1n4xt8U/GXgr4a33hLwDY6b4cFq0CRxStbvJH5kvnzZdkCbTu3DJbGKnD5bj4VYVpKXIm3a+yvfXXqiMr4X4io4uhjKkJ+xhKUlHnV4x5+bXV3vHSyv20Pi39rj4jfFA/Gz9pLxp4S+M3xf8P6F4f+IPgnwvpdjpXiW7ttOjE2nTG+jNvG4Qt5trGTjHLPnO6vqn9pf9pfxN8BP+Cifwh/tbxRr9p8DpvANuPE9n9pkOn2K3Go3lumoSQ58tWSb7Eplxu2ZXODXgsH7B37RfiL9ku51nVfi2Ytfv5ZPipqPhq58EO2taj4j+zvMILm5a481pmZvK2+UPmP3N2c/Y1p+ydqX7TN14S+L/AO0FPNaDxJ8EdO8GeI9C+wNZ39nqrXseovcqHBWF45RgRsmVdeRgYrHD4bHTc+ROMpNSV9t2+/mkcGXZRxHXnW9hTnTq1ZQqx5muX4pyadm9Peimt7LY/PfSv2wPj/P+zh+3X8XV8X+LND8R3viHQZPDsVxemf8A4RrTNRLSRpZqxZIc20kYBQAgkPw4BH1R+y94R+OXjTxZ8bfg74t8bftj2nwG1bw9pWoaF4t8S3VzZ63aahG1u1wlnfSplEkZpRsA5jXgZ3MfafEP/BPrS/F3h39rHwXqPi2y8PeGviDfaPeaJ/Z9kXbw39gQLErIzKJV+RAUBX5SwDA4Yeifs0/soeL/AIR/Ev4gfGj4rfFWD4pfEnXNLsdDElnpK6fa2lnbRxoP3Ydt8jiCElvlA2nru46cHkuYKvD213FXu7+cr39br+kevkXAvEax9D69zzppSTfOkviq3ur395ONkl21Vj5x/wCCUVl4w8X/AA48XfGDx18YvjR4/wBeOs33hxbDXfEc19p8MEX2eRZkhlyVnyWXeGxtYjFfrZXyN+xd+zZq37LHwn1f4c6z4o07xbd3PiC71kXNrbtCipMkShCrEnI8o8+4r65r7Lh/CTo4SFOorS6n7r4a5PXwGS0MPik1US967u7+uoUUUV7R92FFFFABRRRQAUUUUAFFFFAGxo3+tvP+vd/5iv4mfhZ/ykx/4Kt/9hTwF/6YWr+2bRv9bef9e7/zFfxMfC4f8bMv+CrWQf8AkKeAv/TC1fs/gz/vdX/D+qPluI/hR+e//Byv1/4J+/8AYE8Sf+gaVX8xJjPYiv6dv+Dlfr/wT9/7AniT/wBA0qv5jq/o6Gx8pBPoQEEdRSVYpfK46CrKV+pWpu7nB4/rU5jA4OaNg9TQKS6kVQEEHmpyMcGonByT2oBq6JYyHUo3NYd7ZtbSedFkJ1+laqnaQR2q4FS5jKMBUyjcUWmjMtLlZ0CsfnFWMspxWPc28ljNuUHZWhDKJkDA5J606cujKvfQ0Y3DDFS1QBI6GrMchOCSK1hLoUi8ByB+FWBECMgCq8ZBIPB7GriHqKtW6AReWP7ppdu3jGBUxKgjOM1JlSACB9RQlYCkUHbitrwz4P8AEvjbXtO8MeENC1TxH4hu5BFa2VlA0ss7k4Cqi5JNZwjVjxxmv0I/4Jbvp9p+3L8ArjVGkFmmtQs5VdxGMnIHrXZl+CniK8aFPVydl6s8rOs1p4HCVcZWdoU4uT9Ers/Sn9hT9lb40fs4+GfFMvxi/ZRv9e8R6g0UlhFdWCyXdsi/M5wEkaHggkOisccHGc/Qv7RvwV+JX7Qfwx8ReGPB/wCyPe6X4kMPl21zdwJbyB2IACNJHDk8HjJ69uK/r/8AjX43+HHxM8GeF9Q1iDQtG+wpGwuBD5b3ZkRV3THH3uM59SfWvlI3Xwc0Rxetr+kvMARuUBzj6Yr+suE559h8meU08DCV048zeuu/Tz07H+dHG/jBwTDiGGc4jF1VVVpKKhK2m3XbTU/zNvjd+zx8Yf2f/ELeGPjD8PPEvgPVWJ8qPULVohKM9UY8MPcE14VDJLZSdzGTX9Rn/BxbrXhzxHrnwJ1Lw7qmpahbraXcBWdMCPDp9w9cV/MA6LIpVgCP5V/LXFfD9bLcZLCV1acd12vqf3l4fccYPiLKaWb4C/sqi0urPR2enqjrvDelax4v1jRvDvhjStS8QeI9RuorGwsLKBpri+uJHCRwxRICzyMzKqqoJJIA619D/tF/scftW/siy+EIf2n/ANnr4tfAWbX0uZNEXxRos1h/aqweWJ/I8wDf5fnw7gPu+YmfvCv6Gf8Ag21/bU/4JR/s/wDjD4KfA79on9j3xZ8Rv27/ABd8XrHSvA3xHTw7p2qWOgG/ksrTTwZbq8SWzeK5Mj+bBbu6+ZvDEjA/R3/g90IA/wCCZI6c/EX/AN1yvAjVd7H2i10P4U/DGgeI/GXiDRfCfhHQNb8VeKtRuY7PTtM020kubq/uHbakUMMYLyOxIAVQSSeK/TzW/wDgij/wVh8M+Bbn4ja1+wP+0ZbeGIYDdTCPRDNeQxAZLPYxlrlcDkgx5GDnGDX9Af8AwZj/ALLHgTx38bv2r/2ufFmiWuq+LfAenaT4a8IzTRBxp8+preG9uI8/cmEFpDAHHPl3U65AY5/SX9ln/gvn+038YP8Ag4K+Jv8AwT98Xaf4DT9lOTxj4s+HOg2cGnKt7p13o8V55eofaw2+VrmTTXDRtlFW4XaqlMnf6007IiUdT/ObmhntZpra4hlt543KPG6lWjYHBBB5BByMV+inwD/4JO/8FJf2nPAlh8Tvgh+xp8cfG/w7u4/OsNa/sk2dnqcX/PS0muTGtynUb4iy5BGcgiv6cf8Agq7/AMEyPhJ8RP8Ag5a/Yw+HNr4XsbP4Z/G+LT/HPjXTYYzHDqd1YzX0mqptXAX7TbaVE0jKQxkuZXPzNub9IP8Ag4q/4LN/tIf8EsvH/wCyV8D/ANkDTvhv4ak1DSbjxJrn9qaMl3bzabBOlta6dBCCoghPlXW8ph9oiEbR7W3brFy0UOpHLbU/zsvjL8DfjN+zp4+1X4W/Hn4W+Pfg98RrEK1zoviTS5rC7SNs7ZBHKqlonwSsi5RxypI5r0r9mn9jf9q39sPXtV8N/svfAD4ofG7VbBFfUDoOlyTwacrZ2m5uMCKDdg7fMZd2DjOK/vb/AODoD4SfDb9rT/gkf8Ff2+dF8LWuleNfD0/hrxJp2oPGrXaaBrcccclhJKo+ZPOvLGXngNCduN7Z998GeI4v+CKX/Bth4a+N3wF8LeHI/i9H4A8OeLbp9Qt/MS98VeIZ7CKa6uQCDP8AZzqCqgY8xWUScKMVUcc+VWWrFy62P89f9qD/AIJ8/ttfsXW2k6j+1D+zL8Wfg3od9L9ns9U1PTSdOuZsE+Sl5EXgMuFJ8vfuwM4xzXx8s24YLV/qK/8ABIf9pnXf+C8P/BJ349eAf239H8KeJ/EE+t6t8N/EN5Zaalul/EbO1u7TUkt1wkVzC14hVo9uJLRHUKea/wAvPXtFvvDeua14e1OMw6lYXc1lcJz8ksblGHODwVPUCunD4hzbjLdEyiQjaSCc+oINXVkYoBvB+tZKENjJ+tWULKeuRXVGo0YSj3NeF8AhuvtTpAhJBAHqazo5GXJGAP5VZeZWHzcN2reNRNEclncoXCg5UgMnpWYwe1bzYGLxenpW4+1h6ms+SIJude/UdjWM77oY2KSO4GUISQdRUoYqQG4PrWS6puEkMhjk/umr0F0s67ZcLIBwTShUfUC2HIHBBFPWWRTkMc1VYFCRnj2709W3ZBxW0XYDRjumY4Y/rRVGit1Jk8iNRrkfeYkL2qB7p24UHFVsh2Gc04sB1r8k5EfpUqjQjSyEAE4704yADLNx35qBmY9WAFRGVCcfeNUo9EZuoXUnBI2KMd81ZNwoGSDmsoOPTFIXJ6cCm6VxKqXDdEsSoGaa7yMPnbj0qmrY6YNRy3cUfVxn0oVMTqW3NFZEReAc461Tmutx2gis571pBhAQPeolDOwycd60jDuRKt2L3mE8g8U6M/NnkmqpdUbavJ9afvAAJq1HoiIz7lySfcMccdhVYTOSSDharmcA44qNpl9c1ah3FKtqTFmbqc1A0hx1woqJ5fcVWaQk8cmtTCVXUnklYg4+YjpTDKsCtJISXx69KjkkWBC7nLfoKyJJjPIC2XUHgVUY3Mp1GXwz3LeZJwvWhm7IOB096qidz8pAUDsDUwY44PFVCPUzdQtR4AyxGakBB6GqaE55P/16sB8DAFXCnqYOppoWgwAGTk1A8rHgHioixPU0ldCVjGVQXJznPNGT6mmN0649OaRSAMk9eaZnzsmLkj0qszZ+lDuPXAquzZ+lAc7Bmzx0FNoooGo9WFROOc5/+tUhIAyTgVTknGTtHNBArBiQvHrT1CxAyNnAHWoF3cM2AOtZ17dlh5UZ9qSdwI7u6e5k8qM8ZxxVqGFIUByGf+VQWsPljewBc1b5Y+ppiTvqOXJbJ5HqatqAo9PWoFGAB3q0gJPP6UDHKueT0qWnKhPoBRsb0oAbTtjelSBQPc06gCqUUjGKTYPU1IQASBUbtjgdaAP6IP8Ag3C8fWWkfHD9qn4TSyxpq3ifwXbX9kjOAZ2s5JUZVHc/6cDgdgT2r9aP2p7yD4YfG39iL9qnU0YeGfh544ubPX5CpK2Gm6vatYSXT+iRM0TMewJPav45f2Wvj74u/ZY/aO+FPx78FQ3N9rGhakry2UTYOpWsgMU1uf8Afjd16dSD2Ff3p+GfFHws/a9+COl/Gz4ZHSvHPwu8T2bLqemSRrI9i7LiW3uoMttYZwyHoTkZBBrmxeHValKk9pJr7yFLllzI/qC07xFYeLND8OeI9LmSewu7CKeMq6tlWBI5BI7irFfzL/s8/tGfte/sX6EPh98KR4K+PPwhhUx6To/iy/ntL/Qo9xYRpeoHE0S52qHTeBwWOBj6T/4ewftxjOf2TvgUfp43uP8A5Gr+Zcf4XZnGtJUoqUb6O6PtKWfUeRX3P3Vor8LB/wAFYf238c/sm/A7P/Y8T/8AyNSj/grF+26Ov7JPwTP/AHPU3/yLXD/xDPN/+ff4r/M1/t2h3P3Sor8MP+Hsf7bAzn9kb4LH6ePJv/kSnD/grH+2r3/ZF+DZ/wC59l/+RKP+IZ5v/wA+/wAV/mH9u0O5+5tFfhn/AMPZP20+/wCyH8Hsf9j9J/8AIlL/AMPZf20f+jQvhB/4X8n/AMh0f8Qzzf8A59/iv8w/t2h3P3Lor8Nf+Hs37aA/5s++ELf91Ak/+Q6X/h7R+2f3/Y8+EP8A4cGT/wCQ6P8AiGeb/wDPv8V/mH9u0O5+5NFfhuP+CtH7Z3f9jv4RH/uoUn/yHR/w9p/bN/6M4+Ef/hw5P/kOl/xDLNv+ff4r/MP7dodz9yK/Fe9T9sWy8aftF+EfFv7CPjz4y/BD4leLvF9n8Y2i1/wql14u8ENp/wDYnhvTvCRuNWiZfLtV/tK7F+LEpPPdJF5rS7qwf+Htf7Zf/Rm3wj/8OHJ/8h0f8Pa/2ywAf+GNfhK3t/wsR/8A5Dr6PhvhnPcrqyq0KKcmravpdeaOLG5hha8VGTPW/COn/tR+BV/4JuftJ/FD9ln4l/G745+AtP8AEGheOLDQdQ8ML4leK40ySzgu55rvVILEtO0NtcTwwXkqxySkIZQgavh3/gn1/wAG7v7N3wk8DfCfx7+2VoFh+0L8arbw9pYuvDmt2VtLofhq6FrE09n5atKL/wAqfz18138mRcYhHJb6I/4e2ftldP8AhjL4TEf9lFf/AOQqB/wVt/bJ7/sY/Cb/AMOM/wD8hV21Mq4jeHWGp01BJt3Vr69E7uy9Djn/AGfOqq1T3mtrk/xO/Yx0Pwn4iHgvXv2Nvjh8YPhro/xetvi78O/EPwP1bwjo+p2MRtGiuPCmvQa9dWeNK82W8KGzdv3E8KKbV7fdJ+kX7MXw/wDiJ4bsvjL8T/i9peh+G/it8TPHN7491vRNNvDdweH1e1tLCysPtOFE80NhpmnxyyoqxvMspQFSrH82P+Ht37Y4/wCbLvhQf+6jv/8AIVH/AA9v/bGHJ/Yt+FGP+yjv/wDIVTmuUcR43BwwVakuWNtdLu219Tow+KwdOq6sXqz9w6K/D3/h7f8Ati/9GWfCn/w5D/8AyFR/w9v/AGxf+jLPhT/4ch//AJCr5H/iGmb/APPv8V/mej/btDufuFRX4f8A/D3D9sT/AKMq+FP/AIch/wD5Cpn/AA9w/bF/6Mp+Fh/7qS3/AMhUf8Q0zf8A59/iv8wWe0H1P3Dor8PP+HuH7Yv/AEZR8LP/AA5bf/INO/4e5fth/wDRk/wq/wDDlP8A/INH/ENM3/59/iv8yv7cw/c/cGivw+/4e5fth/8ARk/wq/8ADlP/APINO/4e5ftg/wDRk3ws/wDDlt/8g0f8Q0zf/n3+K/zD+3MP3P2/or8Qf+HuX7YPf9iX4Wf+HLb/AOQaP+HuX7YH/Rkvwt/8OY3/AMg1X/EM83/59fiv8w/tzD9z9vqK/EH/AIe5/tgA8/sR/C4/91Mb/wCQaP8Ah7n+1/8A9GR/C/8A8OY3/wAg0v8AiGub/wDPr8V/mH9uYfuft9RX4g/8Pc/2v/8AoyP4X/8AhzG/+QaP+Huf7X//AEZH8L//AA5jf/INH/ENc3/59fiv8w/tzD9z9vqK/EH/AIe5/tf/APRkfwv/APDmN/8AINH/AA9z/a//AOjI/hf/AOHMb/5BpR8Ms3/59fiv8yVnmHWzP2+or8Qf+Huf7X//AEZH8L//AA5jf/INH/D3P9r/AP6Mj+F//hzG/wDkGn/xDXN/+fX4r/Mr+3MP3P2+or8Qf+Huf7X/AP0ZH8L/APw5jf8AyDR/w9z/AGv/APoyP4X/APhzG/8AkGj/AIhrm/8Az6/Ff5h/bmH7n7fUV+IP/D3P9r//AKMj+F//AIcxv/kGj/h7n+1//wBGR/C//wAOY3/yDR/xDXN/+fX4r/MP7cw/c/b6ivxB/wCHuf7X/wD0ZH8L/wDw5jf/ACDR/wAPc/2v/wDoyP4X/wDhzG/+QaP+Ia5v/wA+vxX+Yf25h+5+31FfiD/w9z/a/wD+jI/hf/4cxv8A5Bo/4e5/tf8A/Rkfwv8A/DmN/wDINH/ENc3/AOfX4r/MP7cw/c/b6ivxB/4e5/tf/wDRkfwv/wDDmN/8g0f8Pc/2v/8AoyP4X/8AhzG/+QaP+Ia5v/z6/Ff5h/bmH7n7fUV+IP8Aw9z/AGv/APoyP4X/APhzG/8AkGj/AIe5/tf/APRkfwv/APDmN/8AINH/ABDXN/8An1+K/wAw/tzD9z9vqK/EH/h7n+1//wBGR/C//wAOY3/yDR/w9z/a/wD+jI/hf/4cxv8A5Bo/4hrm/wDz6/Ff5gs8odz9vq7Kz/5F5v8ArlL/ADavwP8A+Huf7X//AEZH8L//AA5jf/INH/D3P9r/AP6Mj+F//hzG/wDkGlHw1zdP+F+K/wAyJ53QfU/b6ivxB/4e5/tf/wDRkfwv/wDDmN/8g0f8Pc/2v/8AoyP4X/8AhzG/+Qaf/ENc3/59fiv8yv7codz9vqK/EH/h7n+1/wD9GR/C/wD8OY3/AMg0f8Pc/wBr/wD6Mj+F/wD4cxv/AJBo/wCIa5v/AM+vxX+Y/wC3MP3P2+or8Qf+Huf7X/8A0ZH8L/8Aw5jf/INH/D3P9r//AKMj+F//AIcxv/kGj/iGub/8+vxX+Yf25h+5+31FfiD/AMPc/wBr/wD6Mj+F/wD4cxv/AJBo/wCHuf7X/wD0ZH8L/wDw5jf/ACDR/wAQ1zf/AJ9fiv8AMP7cw/c/b6ivxB/4e5/tf/8ARkfwv/8ADmN/8g0f8Pc/2v8A/oyP4X/+HMb/AOQaP+Ia5v8A8+vxX+Yf25h+5+31FfiD/wAPc/2v/wDoyP4X/wDhzG/+QaP+Huf7X/8A0ZH8L/8Aw5jf/INH/ENc3/59fiv8w/tzD9z7W/bWsPitqN7+zU3gz4AePP2jPhpo/j618XeMvDnhrVtGsb7UTpkMl3pEBbVr2zgFsNXj0q5lcPI4SzKiJxIWTxn9l2b9tHV/2ldE8fftD/s+a74A8Wan8M18MfF/xXBqGgnw1408R6TfBdF1rRbe0v5r5JbiyvdSW6jntbdU8u0jVnW3TPiH/D3L9r//AKMk+F3/AIcxv/kGj/h7l+1//wBGSfC7/wAOY3/yDX1OCyLPqOAeXRw8eR630ve6d/i6HnVcZhZVVWcnf+vI8v8Ag/8A8E7rf9qWy/Y18BftzfsceOfDPg74K/ATTPhnIfEniHSJbLxF4ggmthLPYJo+p3MktkY7Zzm8SAnen7vOQv3N8Wf2Efg/8PtJ+B3jL9lr9kz9nRta+H/jmz8X3PguHQ9P0i08d2S6Tqejz2dzP5Jja4jtddvbi2acFBcxRBnjV3cfNX/D3L9r7/oyX4X/APhzG/8AkGj/AIe5ftff9GS/C/8A8OY3/wAg1tics4mq4uOL5LNW0T93TTa/UypVsDGDguvXr+R1P7OX7LupaHq/w7+GXw1/Zw/aQ/Z8/Z90r4vXfxv8VX/xd8S+GL3WdX1iLQV0XTNG0e18O3V3CmnW8Udk5nuJElxpyL/pDXEky/snX4iD/grj+1+en7Enwv8A/DmN/wDINL/w9w/a/wD+jJPhf/4cxv8A5BrzuI+F8/zOsq9ekk0rJJqy/FnTgswwtCPLB/19x+3VFfiL/wAPcP2v/wDoyT4X/wDhzG/+QaX/AIe4ftff9GR/DD/w5jf/ACDXg/8AENc3/wCfX4r/ADO3+3MP3P25or8Rv+HuH7X3/Rkfww/8OY3/AMg0f8PcP2vv+jI/hh/4cxv/AJBo/wCIa5v/AM+vxX+Yf25h+5+3NFfiN/w9w/a+/wCjI/hh/wCHMb/5Bo/4e4ftff8ARkfww/8ADmN/8g0f8Q1zf/n1+K/zD+3MP3P25or8Rv8Ah7h+19/0ZH8MP/DmN/8AINH/AA9w/a+/6Mj+GH/hzG/+QaP+Ia5v/wA+vxX+Yf25h+5+3NFfiN/w9w/a+/6Mj+GH/hzG/wDkGj/h7h+19/0ZH8MP/DmN/wDINH/ENc3/AOfX4r/MP7cw/c/bmivxG/4e4ftff9GR/DD/AMOY3/yDR/w9w/a+/wCjI/hh/wCHMb/5Bo/4hrm//Pr8V/mH9uYfuftzRX4jf8PcP2vv+jI/hh/4cxv/AJBo/wCHuH7X3/Rkfww/8OY3/wAg1K8NM3f/AC6/Ff5ied4dqzZ+3NFfiN/w9w/a+/6Mj+GH/hzG/wDkGj/h7h+19/0ZH8MP/DmN/wDINOPhpm//AD6/Ff5j/tzD9z9uaK/Eb/h7h+19/wBGR/DD/wAOY3/yDR/w9w/a+/6Mj+GH/hzG/wDkGiPhpm//AD6/Ff5h/bmH7n7c0V+I3/D3D9r7/oyP4Yf+HMb/AOQaP+HuH7X3/Rkfww/8OY3/AMg0/wDiGub/APPr8V/mH9uYfuftzRX4jf8AD3D9r7/oyP4Yf+HMb/5Bo/4e4ftff9GR/DD/AMOY3/yDR/xDXN/+fX4r/MP7cw/c/bmivxG/4e4ftff9GR/DD/w5jf8AyDR/w9w/a+/6Mj+GH/hzG/8AkGj/AIhrm/8Az6/Ff5h/bmH7n7c0V+I3/D3D9r7/AKMj+GH/AIcxv/kGj/h7h+19/wBGR/DD/wAOY3/yDR/xDXN/+fX4r/MP7cw/c/bmivxG/wCHuH7X3/Rkfww/8OY3/wAg0n/D3D9r/wD6Mk+F/wD4cxv/AJBoXhpm/wDz6/Ff5h/bmH7n7dUV+I3/AA9v/a//AOjJfhcP+6mN/wDINJ/w9u/bA/6Mm+Fv/hy2/wDkGheGmb/8+vxX+Yf25h+5+3VFfiL/AMPbv2wP+jJvhb/4ctv/AJBpv/D239sL/oyj4W/+HKb/AOQaF4aZv/z6/Ff5h/bmH7n7j29/Bplvqt/cttgitJJHPoByf5V/FT+zVLF8Rf2o/wBv/wDaP0eC7j8JeMfGum6JpDyqB9rTRrEWMkyYJBRpfMCsCQQvbpX3t+0Z+1N+2V+2J4Yf4YeMrbwR+zf8Ib0sniC08NajNqGr61bEf8ey3zLGsEZ/iKpvPZhXJaVpvwb/AGSfgZc/Erx7d6T8Nfgr4P04NaRTnYLjYP3caj7zu7Y4HzOx981+teG/BmIy3nr4nSUla3kfO5zmUa1ow2R/Pv8A8HKPjGzl+K/7HvwrM0Da94f8JajqN7Chy0K3b20abvTJsJcfSv5wlAJAPFfQv7ZH7TniX9sn9p34o/tB+JIJbGPVr0xaVYs5b+z9Ni+S3hz/AHggBbHBZmI6187KxPBr9chseJBk/lknC81Jz360RMO5A7VPgHqAas1K5APUVGyEdORVwxArlcZ/lUJBBwetAFNlzyOtQkAjBq8yg5POarsueR1oAqFSPcUIxRgwqRl3D3qBty9qDOSs7ovyxJdRbSBn+Vc0yy2E+CGKZrZhnKMO1WLu3S7iJ43DmpkrlS11RVVxKgkX8aUEjoax4JZLOZo5Cdue9azHegePkdcURlcFJFuKbHGOKvRydCprFDlSAw2mrkb4285B5zW0ZPYo2lYSDkUbCDlTVONzzxU/mD+8atSQFmvoP9lv4ma18KPjt8O/Gfh7TIdZ1q11CM21vIxVZHJ2jJH1r51Dkg4Oa+iv2UNN0LVfj58NoPE2pWWl6MupwyTyzuURVDg8sOQOK9rhzn+v0fZu0uZWfzPn+LKVGeWYiFePNBwkmu6tqf2uax8V/iyfAVnH49ttb0/Q7mK3kcMglSFsKyosg9DgcjnFdX+zZ4l/Z38QeM9RtPj5451/wZ4IjszJHfWscjTG43AKixqrMwILEnHG33ryX9oD46fDi8+EBtfCWrHxGguLaJFjYBmRWBDgHnbgdcDrXwRa/FayuCytpOqQDjJQK4x71/qXlOCWMy+VObdJvS8bJrbVXvr8j/GbOeDqOCzSOIpU/bRjryz1j6PZ2+Z+cH/BbT4vweLv2gE+G3h+xgk+H+gtIdB1HzjJJqFo5BEknAwxx07V+IbofTB/nX6w/wDBTlvD2seJPBHiXS9Tt7jUJLUwTwCUF4Qp4DIPunk9a/KcgHqK/wA4PGLDzpcRYmnOfPZ6Pd2srXP9XPAyjRhwrhPYU1TTjflV7Jtu9r+dz7p/4JUW0tx/wVD/AOCb6xQyzMvx58APhVJIC+ILJiT7AAknsBX9cX/B8FFqEdp/wTJ1OCzu5NPim+IcM06xsY4pHHh4orN0DMI5CAeuxsdDX49f8Ejv+DiLVf8AglD+zTr37PGkfsceC/jdPfeLbvxU3iC58UtpVwPOt7aJbdkWzn3BDalg+8f6zG0Yyf1B1b/g9g8batYXWn3n/BN/4f3sMkbJsufiLNNESVI+dDpo3DkgjIyCRnmvy+adz9XUWetf8GSnxJ0O60D/AIKA/CyW8t4fEcd34U8Q29uzgSXVsyahBK6LnJWN0gDHoDOnrXxH+wj+zL8XbD/g7c+Juh6j4J8T2dl4d+L3xE8d6lcyWjqlpodxDqc9jeyHGBFcfbtPVG6E3KDvmv5xP2Hf+Cif7RH/AATq/avj/a1/Zv1DRNH8VTNd2uq6JfQtNpeu6XcTLLLp13ErI7QF44WBRldHijdWBUGv6xtW/wCD2n4j6j4ImtvCX/BPXwFonxNa1RBq+ofEW4vNOE4By5sE0+GUx7iSI/tQIBI3nrSi3ewm7n6P/wDBSn9ozwh4F/4Of/8Agjt4d1TU9OhXSfC9zpdw+4Ew3viH+1tLtoH9HZ2tiFPOJkP8Qr81/wDg81+DHj6//aX/AGIvino3hnXdZ8Pa14UvfBlnJaWrzCTVIdQM62wCA/vpFv1KJ959j7QdrY/kS/aM/a2+Pf7U/wC0n40/a0+MHj7VNU+OWt6tFrEusWLtaNpssIRbZLLyyDbx26QwxxBTlFiTkkbj/V3+zf8A8Hm37QPw++F+geEP2k/2P/BX7RnxCsIY7dvFWl+MG8MvqQRcCa6s/sF3GZ2wCzxGJCc7Y0BwNFdWaEfs/wD8F553/Zm/4NvvCPwB8cNBp3jC80L4afDkQSuC7ajYvY3ksakfeYJotwTjsrGtn/gopFqP7UP/AAawaT4k+Fen3fi69l+D3w68Rta2Cec8cdjc6TNqCsFzg20dveNJjO37O47V/EF/wVk/4LPftM/8FavGngy6+KukeGvhh8IvC5nfw34K0KSV7W1nmCiW7u55DuuroqioJCqJGgISNC8rSfXH/BJT/g4//aW/4JhfC+P9nvXPhh4c/aY/Z2tbm4vdF0LUNYk0nUPDkszvLLHZagsU6rbvLI8zQyQP87uVZN7ZuMWku97j5ep/Ud/waI+Bdb+F3/BMX40fFT4gafe+EPC3iD4m6prenXuoIYYbrSbXS7CF71GbgwiaG8jLdM27+lf5yPxO8WDx78SfiD46WAWq61rd/qwj/wCefn3Dy7fw34r+lr/goz/wdWftL/trfAjxl+zh8G/gR4U/ZO+HfibT30jxLeW/iGXXNXv9OkTZNZw3P2e1it4JkLRyAQs7IxUOoLZ/lhWYE9wa68M2pOT6mU49S6CQcg1MJj0JxVMSg4xj/Gl8w56DFejGojMuCYoflORV6K4SZeflb+dY4cHrxSbghDIcEelCkiJRubvlA8ocUx0baQwxx1qpFck4Dc+9WvMz1zW3MmZtWM24tU5ypPfIrLdJYGDRnNdPlW461HJbQyDGAD6VnKnfY0SsjOtrtZCFmXawqxKpjG8Eun8qiksxgqDz2IqFZnt/3dyC0XTdTc2tzNqxYSZW+6wz6UUwWSXIElo4kHXAPIoqlUl0EXN4U5zgiqkt1g4DZH1qpJMxz1x7dKrFieoNfnHIj7qVXoXNzSHk8VIHCDAIFUDK+MAEZqMmQ84q7dCG7GkJAOh/SlM+PSspnaMZcEj09aiU3M+So8uMdz2quRkuotkaE12cYDbeKprGGyzZb61A8YViAWdu5p480DAU4rRRSM5TbZaDAccHAp+/aozge5NVArkMSMAck1+r/wDwTT/4Jka7+2VqF58bPjNqN/8ADD9jPw3dY1vXWzFceJpU5bT9MyMM54V5eRGG43MQtXTp3dkTUxCgrs87/Ym/4Jg/tN/t3+H/ABV45+Fw8D+CfhtpUotH8S+LLq4tNOvbvIzbW8kMMzSSqG3NhdqjG5gXQN9yxf8ABuv+17Iyxv8AtDfsRxJ3b/hLr9sf+SFfrd8a/jh4XuPC/h34bfDTw5ZfCv8AZ08K2y2Ph3w7ZRiOOOFMgSyKPvSNktyScsSSzFmP523X7ZnwD028nsrr4n+FLW8hZo5opNXtY3icHBVlaQEMCCCDyK6fYo46WOkpNyPPbP8A4Nuv2uL3fn9pX9iOEjGA3inUufpjTzXa6f8A8Gxv7VN5awXE/wC1v+wrZyNnMbeJ9RyvOO9iPTNXR+3H+z0inHxT8Gs/8P8AxO7Xk+/7yvgv4+/8FE/iZ4u8Up4G/Z08Qf2JZWZBvNcgaKeLBB+VGKuj8kfNg88DPNOGElJ8sdzuhm1CK5qkF97/AMz9Gz/wa2ftGvjH7Zn7FRHb/id3/wD8i09P+DWv9oxOR+2V+xaW9f7av/8A5Fr8eV/ay/buH/NfoT9bG1/+Raf/AMNZ/t2/9F8tv/AG2/8AkWuxZHiv5Wc39qYPfmP14m/4NYv2jZzlv20P2Lgvp/bN/wD/ACLTk/4NZP2jEXZH+2X+xaP+4zf/APyLX5C/8NZ/t2/9F8tv/AG2/wDkWj/hrP8Abt/6L5bf+ANt/wDItP8AsTE/yi/tLB78x+vK/wDBq9+0aDkftl/sXk/9hm//APkWpR/wawftIHn/AIbK/YwI/wCwzf8A/wAi1+Qa/ta/t3L/AM18tD9bC1/+Raf/AMNcft2/9F6sf/Bdbf8AyLR/YmL/AJCP7QwX8x+vX/ELB+0h/wBHl/sY/wDg3v8A/wCRaG/4NYv2kQOP2zP2MR9dYv8A/wCRa/IX/hrj9u3/AKL1Y/8Agutv/kWkP7XH7duDj482Of8AsH23/wAi1ayfFr7LH/aGC7n65S/8GtX7R0alm/bU/Yojx1L6vqeP/HbM1y2q/wDBsP8AtQWUix2H7X37D+oL3d/EGpxKeB93NiSep6gfjX5ZSftZ/t2MpB+PtovHawtR/wC2tezfAn/goh8S/C/i5PBv7R3iKDXLe5G+x1qfy4IPdXYBEQf7RUdMHqKxrZbiILmndIdPMsC3yJXfqfXd3/wbS/tXW0zxt+1R+w8wGOR4m1Ij/wBIK5mX/g3H/awVmSL9pD9i6WXcVXd4nvlUj1ybLp+GfavXD+3D+z46Lv8Ail4OjfuP7ctDg/hLUtn+2d8AdRvbays/ij4VnvJnWKJItXtnd3JwFVRISSSQAB1zXPCLW7uZ4irSfwKx+VP7cX/BLL9qH9grRvCvjH4op4J8ffDXV8xReK/B13Nf6TaXW4gWlzNJFE0MxADqGUK4J2MxSQJ+b1f3BfBX46eG4fC3ib4Y/FHQNL+Ln7OHi60ew17w7eoJoWjfH72IEgrIpAIKspBAYEMikfz5f8FL/wDglr4g/Y1TT/jt8GNWvPix+x34gudul62il7nwrO5ythqePukZ2pNgB8chG+WtPQ5W7H5FVEzZ4HSmbt3Oc01gTgDp3pDTsJISy/eOPrUEcTMfSpUXccZP0pt1cJbRkA/N7VLWlkIp3s6wrtU5Y9qpWkG8+ZKcfhUEYe5kMjbjz+VbEcWFw2AfaqSJjK44YYgAfKKnWMdcAUxQAMDoKsDGBg5FBQqr2Uc1bRCx9qYm3jOQKnVh/CaAJ1UD604pkZI4pisDgc5qQtuA6YoArtgEgUlSOvf86rM2eB0oAaxBJPaq7HJJpzt2H41EzBfrQAJcTW88NzbTSW9zC4kjkQ4ZGByCD2IIr61/ZA/b7/aQ/Yf+IV341+D3iOGfRL6US6z4bvEzperjPSSBcBG5IDptYZODXyAxLsQDx3qxFFG2ARuJoJauj+tn4af8HBn7IPiTRrWb45fAH4g+APFCRhZh4dkW6tZ2wCWRWZGUZJHJY8da9NX/AILyf8Ezf4vBf7QH/gtT/wCSK/jXvvJgiOVycVg2tsLiQuw3LnNBDgf2kf8AD+T/AIJl/wDQmftBf+C1P/kil/4fx/8ABMk9fB37QQ/7hqf/ACRX8Z6wQjIZaga1jL5CkLQDgf2b/wDD+L/gmR/0J/7Qf/gtT/5Ipf8Ah/B/wTHP/Mo/tCD/ALhif/JFfxppaQkdB+VWPs8I6pn8BTUWP2Z/ZJ/w/g/4Jj/9Cn+0J/4LE/8Akigf8F3/APgmNnnwn+0IP+4Wn/yRX8cAtITgFMH6CpksrcdVwfoKQezP7G/+H7//AATF/wChV/aE/wDBWn/yRS/8P3v+CYn/AEKv7Qv/AIKk/wDkiv433tockKo49hSm3hIwEA+oFOzD2Z/ZCv8AwXe/4JhE4Phb9oZB6/2Uh/8AbinD/gu7/wAEv88+Gf2h8f8AYIT/AOSa/jWa2hHAQZ+gqM20RX7vP0FK3UPZn9l3/D9z/gl9/wBC1+0R/wCChP8A5JpR/wAF3P8Agl6evhv9ogf9whP/AJJr+Mt4Ij0Xn6Cont4gPunn2FNqwezP7O/+H7f/AAS7/wChd/aJ/wDBOn/yTR/w/b/4Jd/9C7+0T/4J0/8Akmv4wRb2+3AUZ7jArHuo0VtuAWz6CkTKNj+1j/h+1/wS5/6F/wDaJ/8ABMn/AMk0v/D9r/glz/0Af2iv/BLH/wDJNfxh6dp0YjDSLg454FWjbw7uEGPoKCvZn9mX/D9r/glz/wBAH9or/wAEsf8A8k0v/D9r/glt/wBAH9ov/wAEqf8AyVX8aBs4SSdmB7Af4VOtrBtH7v8AQUB7M/so/wCH7X/BLb/oA/tF/wDglT/5Kpf+H7H/AAS3/wCgD+0V/wCCVP8A5Kr+NwWMGBlTn6Cj7FbE4A/QVXIw9mf2Sf8AD9j/AIJaf9AP9ov/AMEif/JVH/D9j/glp/0A/wBov/wSJ/8AJVfxsNp0GSQP0H+FNWzgHBUfkKJRsLkZ/ZV/w/Y/4JZ/9AT9oz/wSJ/8lUf8P2P+CWf/AEBP2jP/AARp/wDJVfxrNaQHquPoBTfsFt6H8hT5GDgf2V/8P2P+CWf/AEBP2jP/AARp/wDJVO/4fr/8Esf+gN+0Z/4I0/8Akqv4z2s7cfw5P0FNWzgJA2Y/AUcjDkZ/Zl/w/X/4JY/9Ab9oz/wRp/8AJVH/AA/X/wCCWP8A0Bv2jP8AwRp/8lV/Gr9kt8fc5+gpPssH9w/kKXIw5Gf2V/8AD9f/AIJY/wDQG/aM/wDBGn/yVR/w/X/4JY/9Ab9oz/wRp/8AJVfxr/ZYf+ecf5CmNawHrGF+gFSP2Z/ZX/w/X/4JY/8AQG/aM/8ABGn/AMlUf8P1/wDglj/0Bv2jP/BGn/yVX8aUlpb+SxwufoK5b7THb3RBXKZ6YFApQsf2rf8AD9f/AIJY/wDQG/aM/wDBGn/yVR/w/X/4JY/9Ab9oz/wRp/8AJVfxoQf2fdR5+UEjoQOKZ/Z9gHJZlHp0qoxuDp9j+zL/AIfr/wDBLH/oDftGf+CNP/kqj/h+v/wSx/6A37Rn/gjT/wCSq/jN+yWHqv5CoLiGwjHBQfgKLdg5Gf2c/wDD9f8A4JY/9Ab9oz/wRp/8lUf8P1/+CWP/AEBv2jP/AARp/wDJVfxhwxWD8kqPy4q39n03/Y/SnyMfsz+zH/h+v/wSx/6A37Rn/gjT/wCSqP8Ah+v/AMEsf+gN+0Z/4I0/+Sq/jMMGnDP3PyFV3hsBlgyZ+g5qUuwuRn9nf/D9f/glj/0Bv2jP/BGn/wAlUf8AD9f/AIJY/wDQG/aM/wDBGn/yVX8YG2ylO0lNv4VZWDTkwMoPy/wp8jDkZ/Zt/wAP1/8Aglj/ANAb9oz/AMEaf/JVH/D9f/glj/0Bv2jP/BGn/wAlV/GS0WnZJ3R4+gprR6aP41H4D/CjkYcjP7OP+H6//BLH/oDftGf+CNP/AJKo/wCH6/8AwSx/6A37Rn/gjT/5Kr+Mjy9NGSWT8h/hTwul92X9KfIxcjP7NP8Ah+v/AMEsf+gN+0Z/4I0/+SqP+H6//BLH/oDftGf+CNP/AJKr+MzbpX98fpQqaZkFShP4c0uRhyM/s0H/AAXW/wCCWR4GjftGf+CNP/kqk/4fr/8ABLH/AKA37Rn/AII0/wDkqv4ztmn/ANxP0pPJsGOQq/kKORj5Gf2Zf8P1/wDglj/0Bv2jP/BGn/yVR/w/X/4JY/8AQG/aM/8ABGn/AMlV/GPPdWNvGRFGGbp0H+FchdTNPIzMhVfTpSasS1Y/tn/4fr/8Esf+gN+0Z/4I0/8Akqj/AIfr/wDBLH/oDftGf+CNP/kqv4k7eby3VSvy554rsbVrWWPayKMf7I5pDjG5/Z3/AMP1/wDglj/0Bv2jP/BGn/yVR/w/X/4JY/8AQG/aM/8ABGn/AMlV/GWYrJeSo/IUmLLGNvH0FBXsz+zX/h+v/wAEsf8AoDftGf8AgjT/AOSqP+H6/wDwSx/6A37Rn/gjT/5Kr+MnZY/3f0FIy2K/wjP4UC5Gf2b/APD9f/glj/0Bv2jP/BGn/wAlUf8AD9f/AIJY/wDQG/aM/wDBGn/yVX8ZPl2f9xfzFNZbMA7UyfoKrkYcjP7OP+H6/wDwSx/6A37Rn/gjT/5Ko/4fr/8ABLH/AKA37Rn/AII0/wDkqv4x1+ycb04+gob7ATwoH4CjkYOB/Zx/w/X/AOCWP/QG/aM/8Eaf/JVH/D9f/glj/wBAb9oz/wAEaf8AyVX8Yv8AoX+QP8KQmz7KPyH+FHIxcjP7PP8Ah+x/wSy/6A37Rf8A4Ik/+SqP+H7H/BLL/oDftF/+CJP/AJKr+MHFp6D/AL5FPVrMceWW/L/CmoC5dbH9nf8Aw/Z/4JZDpo37RY/7gSf/ACVQf+C7X/BLXto/7Rf/AIIk/wDkqv4wyLUsW8vH4D/CoxdWUXDxbh0HA/wo5GUqfc/s/wD+H7X/AAS2/wCgP+0V/wCCJP8A5Ko/4ftf8Etv+gP+0V/4Ik/+Sq/i/Oo6cOPKyfoP8KYdR0/tGPyH+FHKu4Wif2h/8P2v+CW3/QH/AGiv/BEn/wAlUf8AD9v/AIJbD/mC/tFH/uBJ/wDJVfxcnULDn93kfQUxtRsuNsbD/gIo5V3FyM/tJ/4fuf8ABLf/AKAv7RX/AIIk/wDkqj/h+5/wS3/6Av7RX/giT/5Kr+LgalZd4z/3yP8ACnHUbEgDyP8Ax2jlXck/tF/4fuf8Et/+gL+0V/4Ik/8Akqj/AIfuf8Et/wDoC/tFf+CJP/kqv4sJb60ydkJH4Uiahaj70OOeOBRyruPQ/tQ/4fuf8Et/+gL+0V/4Ik/+SqP+H7n/AAS3/wCgL+0V/wCCJP8A5Kr+LUalZ/8APFif90U4anbKRi2yPpT5UPQ/tI/4fuf8Et/+gL+0V/4Ik/8Akqj/AIfuf8Et/wDoC/tFf+CJP/kqv4sZ763c5S3UH6UyLUERGVoA3PGQKjQk/tR/4fuf8Et/+gL+0V/4Ik/+SqP+H7n/AAS3/wCgL+0V/wCCJP8A5Kr+Lb+07b/n2P8A3yKb/aVucD7Oc9BhRSKUbn9pf/D9z/glv/0Bf2iv/BEn/wAlUf8AD9z/AIJb/wDQF/aK/wDBEn/yVX8V1xfB1CRQNk+oFY+2RZAzptGfSgTVj+2n/h+5/wAEt/8AoC/tFf8AgiT/AOSqP+H7n/BLf/oC/tFf+CJP/kqv4w7aGCWFSFGcegp/2SL0H6VcYXKUL6n9nP8Aw/c/4Jb/APQF/aK/8ESf/JVH/D9z/glv/wBAX9or/wAESf8AyVX8Y/2eMY+RT+AoFtFkDaD+Ap+zH7M/s4/4fuf8Et/+gL+0V/4Ik/8Akqj/AIfuf8Et/wDoC/tFf+CJP/kqv4zPssH9w/kKa9pDggIPyFHsw9mf2a/8P3P+CW//AEBf2iv/AARJ/wDJVH/D9z/glv8A9AX9or/wRJ/8lV/GL9mi6bDj6CnLbwngqN30FHsxcjP7OR/wXb/4Jbk4/sX9or/wRJ/8lUn/AA/c/wCCW/8A0Bf2iv8AwRJ/8lV/GZ9lg/uH8hUJtohuBT9BR7MORn9nP/D9z/glv/0Bf2iv/BEn/wAlUf8AD9z/AIJb/wDQF/aK/wDBEn/yVX8Y32SL0H6Uz7LCPupj8BR7Mha7H9nn/D9z/glv/wBAX9or/wAESf8AyVR/w/c/4Jb/APQF/aK/8ESf/JVfxim0tz1XP4CojZRZ4BP4Cj2YH9n/APw/c/4Jb/8AQF/aK/8ABEn/AMlUf8P3P+CW/wD0Bf2iv/BEn/yVX8XptYgcFefwpyW0QOCoweOgo9mXyM/rq+In/Bwl+xx4Mtrm6+CHwM+JXxC14p/or68yWVvDIOQzqGkLAHHAI6da/np/bK/4KLftL/t1eJLTUPixr1jpngixleTSPC+nxBNO0/LZBMZz5jgEDe+WwK+HtQ05NnnRg59KqWM4YGJyMjjFJR11FazNcuzySTuwaV2LuwAGSTk8DipVkAOehqsq45ByKfWiVkEWluX0k56CphJg+lZisV9xVlJeM80zVbaGis3dRTtynrVEN3BqUOD14oGWCgPI4qq6lSeOKk8wr2yvagurk5yOKAKbLjkdKhfGOevarjAZI6iqzr1WghtoqBMHINW0mC44we9V6KCIysLf2a3MZkjAD1kWlw0TGGQ4Ge9b0MhXIPK1Q1Ky3jzohk+w61ElrdFb6otEhlAYAjHFMXKHg5FUrK53AwS/eHerpXYT6VSdxSfUtRyDnkipxITyDkVnV+hX/BO7/gnb8Wv+CgXxNn0nQLiTwB8DdDdZ/G3ju8jxY6FbD5miidsJLduv3Is4UfO5VBmq5rai52YP7EH7BH7QP7fXjzxD4O+CemaJpujaLYSX+veKNenkttG0MeW5hjuLhEdvNlZCqxorNgO5ASN2X9OLL/g3S/bHjnWX/hoj9ifT3X5lkPi7UeG9tun5zX6++LfE3wc+C/wn039lb9lDQLP4ffs76GWkurhHzd+LLxdpkv76cgPMzNGjbn7IgAVURF/PbXv2uPgb4X1W50XWfiX4Y07UocCSG51SGGRM8jKO4I4IP0rL2073TsbQlF6TV0U/Dn/BDP8A4KK6DZtbaR+29+yLploG/wBUnjHU2X64OnV6Mf8Aggz/AMFE/EMVpHq37f8A+yJHbThBIB4o1H5FbGchbAZx6V5gv7cH7PcYwPin4MfOT/yHbX/45Xx5+0l/wUU1lrrT/Af7OfiKyuvEVy6O+sWs0d1Fp8OR8xYbkL8E4GQoIzk/KfUXE2Zwp+zjiJKPbmdjOGT5Kpe1qYWDl3srn3vff8Guv7UGvSC71P8Abp/Yovpj/FNr2pk/rZ1T/wCIVf8AaMP/ADe5+w4P+45qP/yHX49L+11+3mBg/tAt/wCAdr/8i0v/AA13+3n/ANHBn/wCtf8A5Fr5ypjKk5c06l2z26eNy6MVGNNJeTf+Z+wP/EKj+0gSf+M3v2Gh/wBxvUf/AJEoH/Bqd+0gBkftvfsNgf8AYb1E/wDtnX4/f8Nd/t5/9HBn/wAArX/5Fo/4a7/bz/6ODP8A4BWv/wAi1nGrL+c0/tLAf8+197/zP16l/wCDUn9omUYb9uD9hxf+4zqR/wDbOoIP+DUj9oq3kWRP26v2GwO6/wBrap/8h1+Rv/DXv7eQA3ftCxD62Vp/8i1kXn7b/wC21p2ftv7Smn2/rusbT/5Fq1Wl/OZPGYFvSH5n7PH/AINWv2iCoB/bi/Yb+v8Aa+qf/IVM/wCIVj9ojv8AtyfsNt9dX1T/AOQq/D65/wCCgn7ZERIg/aMk1JvS2020Y/8ApKKqWf8AwUG/bUu72O0n+OevaV5h2pJdaXaRo59ARbmtE6lr8wLE4Pfk/M/dFf8Ag1d/aJX/AJvj/YaI/wCwvqn/AMhVyesf8Gwf7T+mXYt7T9r/APYfv4tm7zG8QaimTkjgfYjxxnnB56V+UA/a2/bwI3D9oPd/26Wv/wAjV6J8J/8AgoR8dPAHje00z9oPxivjPwrqKiOHUzEka6fLyAHMcafJ0JOMjryAds068m7KYoY3A3+C/wA2fbN5/wAG3P7WNtLdRp+07+w9KI2ZQf8AhKNSG7B/7B9Yc/8Awbm/tfxoDB+0V+xDdvnlV8WakCB686eK9b/4bl/Z+dPn+J/g1XI5H9vWhwfr5nNIv7a37Ps8kcSfFXwYWZsD/id2p/IeZXWqk11OavUoP4IW+Z+e37Yf/BID9rT9i74R2fxw8ZXvwu+K3w2S/ax1nUvAupXGox+G8iMQyXolghZIpGkKCRQyowQOVMsYb8slkVgDxg9/Wv7SP2fP2h18Fy6hf2UOleO/hprlu+m+IvD+oRrNZ61ZMrJJDNE4KnKSuPmBBDsCCGIr8hf+CoP/AASw0j4P6LdftifsWWd/4x/ZH1F/tGu6FbM91efDS5blo5gcyGxycCRsmLgMSpR26aOJd7SPMkkfhoWAHGD+NOWcgYJqisySKrxkMp5Bo3t612+2I5EagkA5yRViK6BwGYk/WsATHPI4qUSH0wfrWkcQQ6R0QmAHBOKmWcH+Ij8a51ZmPc4qZZCeQxzWqxCFyM3nkz6GojIuPLkUSKeDntWclww4bp7VMrqwyCMVoqiZJm3llPExudLneKTrtB60VpYIOV/Kio5V6EJshOsacesqmmHWNNBxuDfSuYXQkHV2P404aFEOhNfHezifVSrVOx039r6b/fX86X+2dLUEhwcc9K5w6AgGWYqKyrjT40YpEWcYojTiyZV6i3R0d1rOnsxKtk/SoY9Xs+jyHFc6mkSOMkFR71dj0MYyzEVooRRg6tR62Nwaxp6dCuaeNcsCTkjjrWL/AGLH/fo/sWP+/Ryx6FKtUPuj/gnj8HvhZ+1F+2b8IPgv8X59fh+FF0mp6rrkeluI7i9gsdPnvfs4fqqym2EbEYYKxwQea/qc+N3xzg8W6Xo3g7whomnfDX4F+GrRbPw/4Z06MRWmnWsS4U7F4LbRnp379a/mc/4JD2i2n/BQX4VqhJz4e8W8/wDcv33+Nfuf4xAPhPxKCAf9An/9ANdFNJI8+teUm2fip+15+2HrfxP8Q3/wn+DV88GlxFoNS1aNjthXkMkZHBY925x0U5yR8Q2Xwq8JrFDHc6bNfz4G+Z55AZD64VgBTvhfbWlv4O02aCGOO4mLvKw6uQ7AZ/AAV6jCIiOJZAPavqcty+LjeWt7HzWOxsk/d0sefL8JfBj42+H3PH/PzN/8XXf6B4Yt9CtBY6RpSWdrnLBQSWb3J5J+tbVv9jBG+9uEGPSulshpI2l9Uv1GecLxX1uCy6krNJJnyGOzqsl1f3mMNLvc4FtPn6Uv9mX/APz7XP5V3itoWBv1q+Bx2XpTLi58OW1vcXMut6j5UaM7YXJwBk17jwsYq7eh85DPa0pKMYtt+TPPby3m0+2lu7xJYLdBlmbt/wDXq7qnh/xNoVloWp+IfC/iPQdL1NN9hc3kHlx3S/7Jz+hxX6B/skfstW3xHOl/GP4jJLdeEBJ52h6VI24XW04E0w6Fcjha/TH4lfC3wb8VvBuoeCPFulQXWkSpti2qA9o4HyvEf4WHHT0r+YOMfH2hgczWEwkeenF2m/8AL0P9bfAf9m3m/EvCM88zet9XxFWPNQhb5pz7J9PvP5x/7Jvv+fWf8qoJBfTrqUtnpGs6hb2QBu5re2aRLYE9XYdK+s9T/Y6+O1j8TY/hXp/m3nhyVjNB4kL/ALqOyzg7x/z1HTHev17+FHwT8D/CTwPH4I0HTILi1kjIv5p0DPqDkYZpCeueeO1ehxp49YDB0KUsu/eTnZvyX+Z814A/s5+KOIcwxdHiW+Eo0G4qVtZSW3L3j5n87NtZT3cKXFtFJPA3KsvINT/2Tff8+s/5V9s/tS/st3HwX1S8+JXgKK9m+FtzN5mp2MJ50d2P+sT/AKZknp2r5m3eHf8AoN6j/wB81+u8C8V4PPcEsVh3r1XZn8TfSE8I8+8O8/nkmbQ7uEkm1KPRo89bS74DP2Wb8RXM6/4XtdftfsWsaaLu2zuUMCCD7Ecj8K9jkOgFW261fFu2VrnLwaUc7NSvnA9V5NfVYvAwcbSPxfA59Vctmvkz5/m+FHguMc+Hip9Dczf/ABdULz4VeEZIZYrfS5LGdlISZZ5GMZ7HDMQfxr2u9WyYnbdTsfQisaZIAQFkcgdcivl8Vl1FLSKPssDmdWS1bPoj9kX9sbX/AIZ6/Z/CX4z37z6S+2LTdVkYkTDOFWRz1boA3U9Gy3J/pC+CPxxtvCOk6z4O8X+H9I+KHwL8TWwtte8M6vCtxZ3trIBuIjYEbsHP1GeOtfxyfFC0tZvB+qzSRpJND5bxMRzGxkUEg+4Jr+ofwYF/4RPwyMLj7DAMenyCvjMbh/Zzstj7HBYj2kLs/nj/AOCj3wI+GP7M/wC2l8X/AIO/BibX2+FtqumarosWpyCS4tIL2wgvPIL4BZYzcGNScttUZJPJ+JGySFHev0p/4LAMx/4KBfFE9WPh3wic+/8AYFlX5uKBGpdzjHOTXG5anXDYY7pbxlm4OK5x2e9nHJ2ZqS8u3upfKQ/ID1q5DEtvGo25amPclSPy0CoMfSnqAAdxXcetRiUtnAAoALHAGTQK/YnqZMbR2FQovReTVgAdOgoKLAPfg05Dg5zio0xg4J/Gjco4zQBYLAdakSQdOtUjJk9CafnHfFAE8jn/AAqs7YHuaYZD2AqKQkgknj0oAikkwDjpVck9CTU9QnLMR3/lVpK1yG0xVDHgdDWlGFhj8wkDioYotuCc4qlqN4QvlofmPFQNKy1M+7ke7nCKTtzWpFEIIwoGGP6VnWCNkyMM1rvggHgimlcFbcgVTncSDTiGJAHHrUiL0IxipMD0FFupQsYPH51aUZI9uarBiucYqdWPBxzT1TAsVKXA6c1UMhAJ4qIysRiklcCdyDx3qOkGcDPWmF8HjGKq6tYB5O3rUTMT7CkZ+Mk4FQMxPsKXOwHlwOnJpuS5wcY70ygE+4oUbuwBIFiQsKxoUNzdeoHNWL6cgbASat6Pbn/WMMZ5+lSZPV6G6AIoQoxmoVxuGadIxZiecCoyQOTTSuakxcDpzQspHXNVDJzgECvUPgr8JfGPx++MXwm+Bnw9t7C68f8AjXxLpfhLQorqcQQyahfXUdrbrJKeEQyTJljwBk9q103A4FHzgHmpQcEHvX9KK/8ABpj/AMFhFGP+EF+BZ/7nm2/+Jr5i/bJ/4N9/+Cjf7B37PfjH9pz9oLwn8LdN+Fegz2NvqM+l+KoL24Rrq6jtotsKgFh5k8YOOgJPapUlsTzo/E/ePQ1GxySaSmkEkYOBQ59igLgHBBphcnpwKcUB6cUzY2M4o9oBGzY9zSq2eRkU8IT7U9UA5PJo9oAjFsdMCkRjnHUVLUTAAjHFS5a3AczY4HWoySTk9aSozy4HpRDcBbh9kBLc4FcrBafbpWPU9RitrVJdluy9yKr6OCFLcZJ7VJnLV2K76ZPDjE23P1ppsLo9ZWreupV28ct6VWgdickVoodx8iMr+zbo8ea350h0q5PV2P410BdvYU0ykHBzn6UezHyI5/8AsudT98g0p064PWV8Vv7t3Oc1+sv/AAT+/wCCK37dn/BS/wCGvjP4t/sseEvAOueCtB10+Hb+fWPEUGnOL4W8VwURJOWAjuIju6ZbHY1Tgg5Efjw2nTr/AMtGP41We1mUgFjj61/Q7+0P/wAG1f8AwVM/Zj+CPxS/aF+KXgP4T2vw38H6Nca/rctj4wtrm4is4V3SNHCoy5ABOBzxX4AzFXX5Bk9+KlQXQSimYcNlNIeHI+hq7/ZUuOZG/E1pWo2qWxhqmMrHAHNVyIFFGK2lP2c/nSf2VJ/fb8621LE8jApxzg460uRD5EYX9lOD99j+NH9lyHgM2a2t5AIPBp0TfNyaORE8qZgyaY6DJkbNWLHTw7AuxIq9eMSSq8981JZEhWI60KKvYFFXsTPZwoue1QLDA2RUjzmTKkfjTYo9mT3NWU32BbS1BJ2gmszUreFUOxQM1rFgDg5rLvgPL6HNTJKwnqjMs7RHOXwQK6WC1SOHce/pWHYsCpHetm3kLxAGskrhBKxY2QtxnNMWCH/a/E1IoVfn6k0wsuTyAfSteRFi+VD6U0xQkY2mnUU7IBPLh9CKPLh/umlpuV3FTgEUyZOw4rDgAqBjpULLF6flUjAEH2qGgIyuKEiXjafxqZVi4OwH3qNFByTTgQSVxjtQKT6D/wBwTgoM/SlxEOQgFQMNp4qQEMOaBaX0FiaJmwQv4ipLizimjYbBk81/SF8O/wDg2/8Ai9+1N8B/2Lf2g/2Afj74M/ax8I/EFbeL4losNhok3wXu2W3M0N7FPqLSXpgaS9V1jVJG+yoURxPGa/KL/go3+yv8I/2Kf2s/H/7NPwa/aa0T9rTQPDcVtb6l4t03SE062GptHuuLKNEubpJDASsbuspAkDoQGRhSUkOMuh+fosoBKVJ5q7/Z0LLnYMYpLhCs/XOeatpLhdrDtQlYUI9SoLC3AxtBNL9gt/7oqcKC5IJ9amplRjYqHToByVWnLY22MFVA96s0gAHSgorTabblPlVc47VlCyTeFI5zW/VeSA53L9/3pOKM9GV0sYUALqMHirQsbcgEKKazueCo496mjY7SD07imNWvYhFnbHqgFSCzgA4C4qSigdkhn2OH0H5Ux7WJRkKD+FfoX/wT4/4Jk/tUf8FOPG/xA+H37K2i+DNa8ReGdKi1nVV1nWotORLaSURKUZwd7bj0HSvkb41fCbxh8AvjJ8WvgR8RINPtPiB4L8Tap4S12K1uBPDHqFjdSWtwsco4dBJC4DDgjB70DTueVRRws4BUZp+oWkTQsVUAgZ4qHYQ25etXI289SjA5xQMxtKuGSRoHPQ45rbcc5HeuZuo2tLoSDgZrpI5BNEGHJxmoi+hEX0CiiirLHq5GAefepOD6GoKMkdDigCUqoBOKjXGRnpRubGMmkoAsVE/Xpj+tNBI6UlAtb3CkJwM4zS0hIHU0GTet0IcMODUfzL7UBtpOORSl8gjFBST+Q0knqaacgHAyaWkJA6mgJS6IlRhJHtPI71zd9A1rOJUyFznjtW4G2tuHIp1xCtzCwx2pSVypK6KEEwmjGGG6n5YHqQayIne1nMZJA7VsEBlDjn3pRlcxAOcjJ4qZX7g5FVqUEjoaopK+xfVuhFSB/UVTVu6mlDEHPWgOdlwuB05pu85z29KjBBGR0paB87JwQRkVExOcE5ptFBco3G4XOMLmgqCOAAaGUEE45qPe2MZoM5RsIRt61ajbepU8j3qsWyOeT60gYocg4oEnYz7+0aNhNEABmnWt5vG1zkjgg1qsyyKVIBrnriF7eTemQKT7ob30Pdv2evhto/xo/aL/AGe/gx4g1XU9B8O+MfHOg+FtQvbIKbiztb2/ht5JYd4K71WVmXIIyBnNf2l/ETxv4H8CeA9C/ZZ/Zw8I2fwu/Z08KM9lY6ZaA+dqkiMQ91eS5LTzSMGkZ25LOc7iNzfx1/sKutx+3J+xIpJyfi74OU4P/UYtq/ql8SsR4m8Q9Ob24P8A4+1ZSdxxjc/G79s/9tW4sb6++D/wdl+3+LncwXdyqhk0/nkuDkF+uFPC4DN2U/mBY/DTSJg9z4iS48Qa1MzTXN1LcS75pWOWYkNyck8nJJ5Nd1qljap8V/jtqHlj7Y3jXWIC/fYLljj8ya14UiLZLuB7V52JrtOyODFVmnY4SP4U+DXGRoJY+1zLx/4/XYaD4N07w8kg0XR1sw5G9gWZnx/tMScV0luLRQc3M6knrXQ239mBUD6jfIevA6fQ142Ixc9meZWxUjHOn36RtI0EyxgbmbsB7mvN5vH1jNqp0DQ7LWNf8QFtkdraWzTNIc9FCAkn2r2LxO2it4R8SJba5qxvjp9wIwUIBfymx29cV/bF/wAGp37KP7GPxf8A2I4PF/xK+APw78cftA6X4l1WWfW9U0+Ke6itTcYg2ufmGAD+dbZZBVbufQ3wL9rfm6H8V3gT9n39rr4p6nDo/gr9mj40XEkhwJ5fDN+kKk+snlYFfpB8P/8Ag3v/AOCvXxlj0q48IfDXwholndHJGra3HZPGuMnIlQYPtX77/wDBeX/gvb8Wf+Ce/wAe7b9lf9jDwj4C8Mra2cg8QXdxZ75Fu1kKgRFGUqNhXgjrX3L/AMEG/wBsP9sz9pn9kP8AaM/bI/aJ8T3WsfDu70y9tfC1u3mebb6haCUXBBYkbS2zaByB1r244Wmuh6caMV0P5/vBf/Brb4osZPI/bJ/bg+FH7PN3GQLuKPxBpszwHuCHmTkV+rnw8/4Nmf8Agl18DfhTf/G741fGmb4+/DHTrdrm61aGdUgnVQSQjwTFWJx0B71/JN8e/hp/wUo/4KMftB/EvxdoPhD4v+PvCuu6xJNAbi6T7PbRNgfdkkGFr+3H9ub4YeC/h9/wSC8EfsReCfjL8P8A4F+Nb/RdIk1N9fkeX7FN5cL3JYW4JwT5nTNaRilsjRRS2Py8+CP7ZH/BvD4X+PPw3+BX7Gn7K+v+OfGmu63Fo0B1jT71Y/NbOCrSFww4r7i/4Okf2RPhdYf8E0/Dfxl8BfDLwp4Lu/DN1p7D+z7COCSP7TLECrMigtjkc1/ON+wd8DP+Ccf/AATg/aX+H/7R3xo/4KBfAL9ovX/CepxanZaF4SS+hmhuYzkK/wBohCk9eh71+if/AAV2/wCDlv8AZS/bt/Zj8f8A7I/w6+AnxZmfVJYHh1eS9tGs90T7lO0HdjgdqpyS3BtdT+U3wlHf6n4b0XUEiuJFlgD7tp5qfVvDy6nbyWWoacLq1cDcjrkHv+H1rV+GNhZ6X4L0my1nWdRtrxEAMSDiMYHH55rpbk6SWJTVdRdccbl7V8XLH/vGo9D5qWKfO0jwST4TeDoyQfDxH/bxN/8AF1QuPhb4QEZVNG8lzwGFzLkcdR8xr2e5+xkvtu53GcjjNYlwsIHyyysPcV61DFTa3Z2U8XJ9T0v9l39qjxJ+zrr1l4A+Il9can8N5mEWn38nIsl6COQ9fLHAB/5Z/wC7jb/TD+zt+0NrHw5utP8AGvg25ttY8I6pahL7T7qITWmq2jjBWSLIVwQfUZ9e9fyO+NbG0vvC+uLcIJFjtZZkJH3XVCQRX9Cf7KJ2/sy/AVT0PhXTf/SdK9mjUclc9ehLmWp+XX/BXn4D/Af4A/tZeGX/AGcNGvfCPwz8e+B7Lx//AMI87q9v4bvri+vbaezsyACLYNZb1U/d8wqAqqqj8xiARg1+tf8AwWjAX4/fstNyc/BPT8/+FBrQ/pX5KAg9DXfRV0aqLuBUHqKAABgdKeCuOQc0HZ2BFaciCz2FVc8npVpAAMg7s/pVYMo4GamjYA5zxVg1roWFbHB6VIdpA5A9Kj8xTwcH8abWqmiGrj1kZehoqI4YEA8+xoqlWFyIjLk+1AYqMADFRb196DIo718zZn0HOhLieUgqrH3NUoxDF87L5kuasSOGHzHaPSqxKq2f1qo02zGU1e5OGZm8yQhV9BSvMTwpKAetUmc9ScVGZM+prZUzCdUtebg9SaXz2/vNVIuT04pN7etVyMz9tI/Sb/gkW5k/4KDfCtjk48PeLv8A1H76v3M8ZOo8K+JckKDYzgZP+wa/C/8A4JD5P/BQP4VE8H/hHfFx/wDLfvq+uf8Agod8d/G/w/g8M/C/wG0lrrWv288rXnG22hQhX/4Edwx2HNa0o7IwlNK7Z+TfwwDf8IXoe1ARtk5/7atXptsZ2GFt4nOMdK5XwxpEOhaLp+kRSSTLCmCxH3iSSSPxJrqYcBhnziM9jX3+WU2oxv5HwOaSu7rqdVYR6gdpj0u1l79BXcabFrrYMXhrT5Seh2j1rhLE2/dtSA7bSa7TT208lRIPEJbjOwnivssBC7sfneczdmrfg/8AM7mOLxWyqR4K0hhjjIFLNY+K7iCa3l8C6LJDIrI4Kj5gRgj+dVY5dCCLu/4TEnHOCanEuhEcf8Jlj6mvfdJWs9v68j4NV6qleMdV5P8A+SPSP2eP2k/F37OfiNvBnj7Sr5/hFdzAxHcZG0Z2PLx/9MiTyv4iv2v0fWdL8QaXY61ot9balpVzEs0E8LhklQjIIIr8DPCvwovP2h/FVr4E8FQ69HYwyCTV9XuyTDYRDqo/vSHoFr9wfhZ8OfD3wn8EaN4F8Lw3Eej2KbEaaQu8rH7zsT3J5wOBX+dn0g8pyfDZnfAS/ev4ktv+HP8Ap4/Ze8Z8eZpws6XElP8A2GmrUZyupvySd7x876HolVr68tNOtLi+vriG0s4UMkssjBVjUDJJJ6CrNcv418IaL498L614R8QQyzaRfQtBMEcq2D3BHcV/P1FRc0puy6n+oWYyrQw85YWKdRJ8qeibtpdn5CftQftLeIvjlr0nwu+F9rcy/DOGXZqF4h2/2q6n7gP/ADyyPxryE2ni/Bz4H0ge+BUnxF+Ceo/s0eMJtA8Vx63qPgi+mJ0XWbUkDrxDL6OM/jVFrjQv4R4y6dyf8a/058F8ryqhk8HlcuZS+J9b+Z/yD/Th4u43zPjjELjKk4VabahGz5VC+nK7q68ySS28WhXz4K0lRjk7RXHajFruX8zw1psGeoCiumll0VlYD/hL846c1yd+2nZkKHxADjjcTkV+oYul7p/KOUznzaxX3P8A+SOM1CPUCziTS7eNu4wOK5u689iQ1tEnvjFdHerbkkIdS6YO41zU2C45lPrzXyOPgrH6blc3daf1955f8TiW8Fa6SMfLH36/vVr+njwQwPhLw04yAbKA/wDjgr+ajxNo6a/o2oaO0jQiZMBiudpBBBx9QK/UH/gnp8ffHHj238UfCzx6Dc6x4dtYWS8GCLiFiVQnuGwv0PB45r4HN6bU01sfo2UTSi4o+TP+CvYH/DwP4onsPDnhH/1H7KvzA1K9L5hhJz0OK/S//gsVOYP2/wD4obfvnw74Sx/4T9jX5kWtuWJmkyOc814x6ibtZE1nbCNd7gAnvUzuXO0dKWRt/Cg4FRqSDjAJ+lA5O2hKBgAVIgOc9qjyfQ1MCqgd896DQlVtueM09STkk8VAGBOBmnGTYOWwKALFFQCRmGelSqwK84z9aAH9DwaCSeppMgdTioJJcZUD8aAHORkDIpNxC7arZOc55pPO+baCSfYU00tWDfUsnAHByaWFF3bm/GoijgbiSKQTCNSWP596QvUtXFwsMZYEZrm1D3c+TkkmnXV4Z2Cgda0bKLyk38ZNBm3dllIxEgHA45pQQTgHJpXRyu48DvmoVlGQAPyoNS4MIMEjikV8nBFVg/fJYmnxFs5JGKcdtSVJbFxAO+PTFS1WyD0INLuwQN2CfekUTMMqRUNRSylF6kn3pscwb7xA96ALJYkYOKYWC9agFwnQCgS54OPxoAcxyfam0wsc5LLjsBTRudto6+mabdwHhskAA0kjBVJPSkMTKwP6VUvpdqFQeTTu0TJ6FBi1xOFGOTXX20YhgAHUjFc1pkIMgdvWt+4MgUHOF71IobEtRydqZC5cZ5xU9XDcshSLBy2Sa+//APglcAP+Cnf/AATiAGP+L8+AP/Uhsq+Bq+1f+CbvjHwr8P8A/goj+wV488d+ItE8HeCdE+NHgjV9Y1fU7lLaz0qxg1y0lnubiZyEiijjR3Z2IVVUkkAU3HsB/Xn/AMHeH7VH7TvwD/ac/ZJ0D4FftHfHb4KaHfeA7+9vrPwl4v1DR4bycagyCWWO1ljEjhVChmBIAxX1X/wUE8Z+MfiH/wAGiPw38bfEDxX4k8c+M9T8GfD661LWNYvpby91Cc65YZlnuJWaSRzjlmJJ9a/GX/g7X/ag/Zv/AGnv2m/2UPEn7OHx5+EPx60HTPAt9Y6jeeD/ABFaavDYXDX7OIpntncI5UhgCQSK+3P2uf2z/wBkbxJ/waq/Cn9mrw7+098Atf8A2iLfwb4FtbjwNY+LbGfXYJoNYs5Z4309JTOrxxo7upUFQpzjBrMytsa/i/8AYV/4JN/8EMP+Cev7M3xy/bs/ZMvv23v2pfiO1nBqFjdaiwt9PupbM3dzFaxO628VraqyQ+aY3mmkdGO1GxF88f8ABXf/AIIo/stfEn4D/sJ/t5/8EsfCN/8ADHwV8bfEfhXwpJ4JvrmV7S1uPEAUadeKJJJWtHSdha3ECPJHvkjMYUI5f7y+PPiv9iX/AIOQf+CcH7JHhxf26Pgn+yb+1l8PntbnxFofjK9ghkhuzZLa6hGttNPC81vI0cVxDdRGRQoEbhXZxH4R/wAFdP8AgqR+yp+wz+y3/wAE3/8Agnn+xJ8YPB/7V3jf4L+L/BHjDXte0i+iudLaPw46zQ209zbtJCLu7vEjlaKJ5Ps6QurgF0ot0Gm7nT/tsfBL/ghD/wAEDfDnwH+AXxi/Yh139vH9oTxTox1fW9Y1rUNswsUk8h71kllMFr5syTrDb28f3YJPMlyqvJ4d/wAEm/2MP+CM3/BSv/gp9+1bF8Jv2ata1n9j6D4WaL4l8P8AhDxFqurWdx4W1yWe3jvoWaK83ttcyqAJpoQG/dttwB9d/wDBSX4Jf8ExP+Dhiy/Z8/a2+Cn/AAU8+Af7MnxS0Pw4PD+v6D45vLSC9g04zPcrDc2E91bTwT281zeL5q+ZBOH+R9qB28b/AOCGc/8AwTu/4Jw/8FVv2zfhd4H/AG9/gv49+Cdp8KNFsbf4ieIvFOl6XpniPWzc20t5Fp87SrBJGjlgqxyzYCnMj4JoBvTzOR+Jf/BtV8PLf/gtV4E0Twx4WGj/APBKfUvDn/C2dTvW1WVrDS9Ns1RLzQjqMkvmMJbprZ94kDR2V9vVy0DNXdf8Fcv+CCX7HEn7fH/BJj9kb9jr4b2v7NemfFy/8ap40v7LU77UGOm6RbaffSSxC9mmCzrbtfrGBhWkeMMDivzn+Jv/AAcOfFjT/wBk/wDaF/4Jt6XaQasuo/FXWdK0j4oWutxiG18BTay072CIiES70M0AuPM2fZLgqBlFY/uH/wAFkv8AgrB+yd8B/wDgpB/wRb/ap+HPxs+E37QvgDwNf/EK08bx+BfEtlrsukaZqtlpentNIlpK+2RY5bieONipka2KjvQHvHlXxJ8Cf8G737Mv/BQr4W/8EafEP/BORvG3ivWptD8Mat4/vdXuZLix1vVYInsYpLk3K3TPMLu0LywvEsTXKhEwmB+XP7TX7Kn/AASg/wCCI3/BQb9oL4I/tzfsrfFf9s74FeMfDOg+M/hAtjrklve+FbGS41CC8trx4ry0EzCa28tHbcxjgRiAXJb9lfjL+xH/AME4v2qv+CrXwr/4LV6J/wAFVv2VNJ+CFhqXhjx1rmg3PiOwiuG1XRLe2jtF8+W6T7LG39n2JlimjEqMkq7cv8n8s/8AwcYf8FD/AIU/8FGf+Ch+ofEX4E30uu/Bjwd4WsvAWg6yYnhXxCsFzdXU96kb4ZY2nv5o0JALRwxuQu7FNK5UNj+pD/gpp+yP/wAG73/BL34IfA/44/Ff/gmd4t+Ieh+Pb8WOk2Ph7xRqouLYfZPtJe4M+rIowpVcKW5J5wMn5S/Zr/YG/wCCK7f8EIbz/gpz+0b+x5461/SF1nxHrDt4f8SX0WvjTl8c3Wn6bpyE3iW4AhFlayyH5vL81wxfa1cV/wAHT37UX7NPx1/YZ/4J7+Evgn+0P8Dvi94q0nWTNqul+GPFlhql3piDR44y1zBbyu8ID/JlwPm468V96fsB/BP4U/tE/wDBpN4E+Cfxz+P+gfst/DHXoNbt9T8fataLc2Xhxk+Id1LBLcRvLCpjaaKCJi0qBRIWLACklYnpqfG/7R37AP8AwSY/4Kef8EQvjV+39/wT3/Zfb9k/4pfDLStY1YRmaSO4T+xolutR0/UEW4lhu1lsgZYpz+9DtCSVzLE3lf7RX/BDf4D/ABM/4I2/8EoPHf7Fv7NVjYftq/FjUvh7Y+IPEiavqU32uLUdAu7i+urqGWeSCG3WWOO4keOJfLSJtoC5B9u/aY/ao/4Jxf8ABHH/AIIcfF7/AIJz/smftnfCz9uP9oL4n6frWj3V/wCE9Ss76GU6xELXUNRuhZTXMNhDFYgRxQPM8sj+URuUySJ9f6v/AMFn/wBmH9hf/g3+/ZD1X4W/Gr4HfEv9smx+EXhXwp4R8K6brdhquq+F/EcmiC3kvb2yjkeW0W0jN2XMiqC+2BsGfBa30IV76HyP/wAFrP8Agi9/wTM/4Jt/8E0/gv8AFfwR8B7nxb8QvDvj7whofi7xUfEGpDUPGNkDKNTDwm7NtBJc+TJ8saoIiwCFNor6O/4JZfsif8G73/BVn4YfGz4ofCD/AIJl+KfhtpvgS/gsdTtvEfinVvOujLbvOrwfZ9VkUjEbghipzj14+Dv+Clv7X3wG+Ln/AAbEfsbfDS2/aZ+D3xF/aMWbwfca94bg8YWN74hiuEjujcvdWSytcI6s3zl0G0nnFa//AAaZftR/szfAP9l79vnQPjp+0T8C/gvruqa3p02mWXizxbp+kXGoxjTrhC0EdzKjSqGIXKggEgdapRdrlJaXPA/2Sf2Mv+CSv/Bcf9uH4RfDv9in9lL4v/sW/s+fDrw7rHiv4wC+1yS5u/Gyvc2EOmadaSPeXf2YlzeNJKNpMXmBcPsYfsX8Ev8Agmz/AME9f2rPjp8bf2MPH/8AwQJ+L/7JnwG0q01CHwT8brq+1S2uPET28qxJMZXVZrWSRc3EIuJrhZAm2VAWMZ/lx/4Nt/8Agpp8IP8Agm1+2/4p1X9oi/u/D3wL+IHho+FtU1yGB5x4dvVuop7W8njjDO1uNk8L7FLL56v0jYH+jX44/sy33xR+Nvjb4+fCj/g7KufhN+ybrmr3Gu2+jp8XzPN4ZtJJDIdNtZV1uOJ0jBMaM6I6LtDxyMpLkn0BtrQ/hR/ba/ZuvP2O/wBr39pD9l271hvEX/CDeMNS8O2+oumxtRtYZ2EFwyDhWki8pyo4BYjJxmv7Pv8Ag19+On7PXw9/4JUftt/DT4w/tefBb9krxL4o8fazpmka54n8V2Ok3GmSXPh2wt4r63S5ubdpDFIS67XXLR4DKeR/GL+3FqHhjU/2wv2lbvwV8cPGn7S3g/8A4TPVItL+IHiK+a81LxhaJcMkeoXFwyqZHlVVfdtAIIxxiv2x/wCCaP8AwRe/Yk/4KPfsf6D4+l/4KUfD/wDZk/a3g17UbHWfBviKbTbxJLFJALaaOxe5tLqLehJ87dKjFSAoIOKcdCm9NT9C/wDgpV/wRh/4KI/DX9hv4i/tRfAb/gsb8b/+CiP7Ntpodxq/irQ5/FWprbal4fjB+1XVuy6pe2eowQqkkkqMYwI4pSN7Jsb+JgKB7mv9Fj44/FH9hj/gg/8A8ETfj9/wT/8ACX7YPg/9rb9ov4gaR4m0mz07SLu2e5F9rVn9ilu3sIJ7j+zrC3h/eATSHzpY3CktIVX/ADrggHXmiGwoS6H98/xc/Yn/AOCHX7DP/BIP/gm3+3z+1L+w740+K/i3xX4d8ASahB4W8SX0EvinX9R8NPqEx1BZbxIktCbe6mZYguXWJMFGcVwX/BVn/gkb+wp+1t/wTs/ZT/4KMf8ABLb4Lad8Atb8X694W0Z9DLSWlrqNprWoR6VDFeWqyTRQXltqF1bRNLASrKZsmXbEw/Tj9q/9kD9nv9tn/g30/wCCSfwg/aR/bO+H/wCwn4Qt/Cvws1rTfGfii1t5tPudRj8GTQrYSfaLu0jQyQ3N1IrtMvMAGDuxX54f8FUf+Cp37F//AAT6/YL/AGLv+CbX/BPj44eDP2rfFXgXxH4P8RavreiapDqGmx2mh6nDq6m4v7Uvbm7u9RtYHMELOYUWXfsPlh5i2KG51f7YfwD/AOCCP/BBjT/2X/2df2i/2JvEX7ZvxO8Z2DX/AIp8YahcGa9tbGOWOCbURbyTrFFvkM3lWluE+WBg8u7Dyfj5/wAHKH/BIH4Hf8E4/iR8Dfjf+yYmoaV+zj8T4b5IfD013JeR+GdTtVgkK29zMzSva3EN0skaO0jo0M+X2tGq/ux/wUV/Z+/4Jxf8HEUv7J37W/wr/wCCmHwM/Z5Hh/RDo3jLQPE95ZxazY6bJMLlopLSe6he1vIHe7Tc6vBLvVkkKoDJ51/wU8/aA/4Jw/8ABYT9vz9jT/gnRYftdfD/AMB/sk/CrTdZ8TeMviFDrVnHpGvXixWkUGi6ZqlxNHAzCCCbddo0qHz8IHMTYUZWEpM6/wDaw/Yx/wCCBH/BNr4Uf8E+oP2kf+Cc3iv4p+Ofi9Y2WkpeaB4p1YtDqEdtp/2m4uhNqkICtJqCNiMH+LgcV8/f8FTP+CQ3/BO34Bf8FWv+CN3wD+EH7N+leDfg58T/ABJe2PjrQote1aaLXoIruyVFaWW6eWL5Z5FJidMgjNfK/wDwce/8FJf2bf2uv29f2D/g7+zn8RfBnxC+Enwe1NJdT8U6NeRy6LLqF/fWBmitrpD5M8FvBptsTPGxjDSyKD8jV+o//BYX9rn9lHxt/wAFiv8AghV8Q/Bf7Tn7Pni/4f8AhnxXqU3iTXdL8Z6bd6f4fja808q99cxzNHbKQrkGRlBCn0NVHoSeS3//AAbpfst/FP8A4Ll+KPAXhf4J/wDCuP8AgnP8PPA/h/X/ABVo0WrX/keItevVnS20uK9mmacGV0WeUJJlY4tgKG4javmL9rf/AIJVfsD/AA0/4OQ/2E/2JPBP7P8Apmh/ss+MfBNtrHiLwiut6m8OoXZTXcv9pe4NygJ0+0OFlA+TphiD+jf/AAVQ/wCC2vwM1H/gox/wTk/Y/wD2afj38KZfgkfi94P8efGrx/ofiCzOi3qR39sttYXOpxv5DxwxW8dxcOzlVCWaFh5MiD5n/bZ/a5/ZY8Tf8HT/APwTp+OHhv8AaV+AmvfBHRvh/a2OseMrPxfp82haZcbPEf7q41FZTbxv/pNuNrODmVB1YUJvdlqbNub/AINuP2dfiH/wWl+Mul6h+z94p+Df/BLjwJ4K0jXJ401HUrXTfFOsS2cZewg1W4lMpjVhPPcNDMDEI0QmMzKa+df2E/8AglN/wSf/AOCr3/BU79pDxd+y94S8Q6R/wTa+Eug+H4Lnw1Bfala/8Jr4humu0BS4uJnvE09hYXEjFZI5GIiA8sOa/ZaH/gvH8BrD/gsV8dP2JfjR+0B8BPGv7BPjLwPpSeDvGEet6bNoGia19g3XtldarG/ktbXavPGxlkby54YY1C+c+Py//wCCUf7S/wCwt/wRT/4Ko/tpfsj3v7THwa8Ufsa/F230XxD8N/iPpXiu01jStA+zS332fTNWvreR47eQLfXUDzSkDNrBI2xLjcEpMXOzrP2QfhB/wb9/8FwPF37Tv7GvwB/YY1f9lfx54S0S41fwf4+0i9aC91HT47pbT+01iSYq5WS4tSba6Eyuk4+ZXAK+C/8ABvl/wRq/Y1+N95/wUv8Ahr+3l+z1pXx7+JHwf+Iy+CYni1jU7byZbQ30N1HbpaXMKyb5bXI3ZJ+UZFfZ3/BOn9lT/gm3/wAEB/iZ+1N+3T8R/wDgpv8As/8Axo8Jav4YuvDngfQvDuo2dzrE+kSXkN6YUt4bqV728c2VlGvlKIxtd2ZVY7OJ/wCDbL/goX+z5q2u/wDBWj43ftA/tCfAL9mTxn8UvisfG+nWPi7xfp+ltG982oXDfZ1u5YzNHE9wqkqCOAD1ov7ordjW8Nf8Et/+CPP7UX/BOn9rX9pPx/8A8EvPj9/wSi1bwXY6wNO1jx7rWt2N/E9vZCaHULWC9uWjuoWldYPKkhYPIGjjLOQV/wA9O22BX24xk9q/0+P2PP2p/gd+w7+zt+1S/wDwVS/4Lhfsj/8ABSnwdrscD6b4bsNb0zXbuCzSKdLq0hsIppri+N151upgEZjj8nOQJHI/zD9Wn0+61rWrzQtPl0jQ5byaSztXlMjW0BclIy55YqpA3HrjNQaQ2P7a/wBpr/gh18Cfih/wR1/4JS+Pf2Lf2bLGx/bW+LGqfD6x1/xLHq+pTC6i1HQLy4vrq6hlnkght1ljiuJHjiXy0ibaAMqfQf8AgvX/AMEUP+CfX/BO/wD4JLeDfiD8B/hKH+P2j+J/DnhvUvH1xrOoSXmvu0U6Xc81q1y9rG00kRcxpGFjPyrtCivunXP+C0H7MP7DX/BAL9kXVfhZ8avgd8TP2yLL4SeFvCvhHwrpuuWGq6r4Y8RyaKtvLe3tlHI8totpGbsuZFUF9sDEGfB/OP8A4KWftdfAf4t/8GxP7G3wzt/2mfg/8RP2jEm8H3OveHIPGFje+IYrhI7o3D3VksrXCOrN85dBtJ5xmrXMQpPqfxpfAj4SeJP2g/jf8G/gL4Lmsrfxj438V6T4R0l7pisKXl/eRWsJkYDIQPMhJHbNf3TftifBv/ggB/wQv1b9mf8AZN/aB/Yb139rX4i+LdHi1bxb421S6a4vbLTjcG1bUjC8wRGeSG5KWtqsQVYDly53P/Db+zT8ZNR/Zw/aM/Z//aG0nS4Nd1XwF420PxpbWMrbEvJdPv4btImbnAYwBScHANf3zf8ABRn9lz/gm3/wcDeOv2WP22Phl/wU4+AvwR8P6L4bg8PeNtB8RX9nb6zbaSt3JeCJ7ae6ieyvI2u7yM+arRNvR1dlQeZc9ipS7H5+/wDBUP8A4Jtf8Ewv+CMX7e3wh+OHxn/Zw+IX7Q37AHxN8L69b6f8OdP124Fz4U8TWklkS0N413BNLaGG6VkSaZ2DNLkuFXb+k3xd/ZD/AODd34P/APBL7wN/wVQ1v/gmZ4t1P4R+ILDR76z8O2vinVf7Yi+33KwIkm7VhANhYsSJDwOOvH4s/wDB1V/wU8/Z5/be+M/7Pv7P/wCy7420X4o/Dj4XW2rzar4p0icT6Zq2q3xtU8iyuFytxFbxWK/v4yY3a4cKWCZr7O/bL/ah/Zn8Qf8ABqR+zr8BNB/aG+But/HK10XwbDdeC7PxbYTa7bPFqKvKsmnJKbhCiAswKDaBk4FS76CtI0/+Cbn/AATw/wCCVH/BSH9j7/gqt+1F8KP2Gtc06HTNf12x+Eeh3+v6tNqvh1YfCdlNBbpHbXrLPI1/JcTKrGViZVTJACjy34Xf8ElP+CbP/BN3/gkTH+1v/wAFhvhT4xv/ANq34gw3tp4V8MXN5qdrf+Gr6e2nbT7GPTraaAC5EcK3Vw90CIGbyjtK7ZPS/wDg2t/bO+CH7LX/AASR/wCChkHiT9pL4I/B747R+IfEWu+ENJ8QeKNOstSvrpPDNqLSW1srmQPcZuIdihUYM6lcE5FeqfFT9rP9kz/g4A/4IjWeg/tH/tH/ALOfwI/4KL/D2SS8sIPFnizTfDv9q+I7SEqJ4IZ5Ig9lqdq5VtiiKG5YgDFsMjvcg8k+AX7A3/BHj4S/8G/f7P3/AAUj/bB/ZA8YfFnxZCkV74huPC3iO9tNT8SXEniOexgt5N13HDFbNugSQxBHEaEod3XQ/b//AOCfH/BLv9uf/giHe/8ABUj/AIJ2/s6j9l/xn4TtG1N9LhU273ltaagLLUrDUYVllhd41EtzFcp+8fy4wxUSuq/dn7P/AOz18G/2pf8Ag1N/Zx+B3x5/ac8G/sffDnWbS1E/xA8QW0U+naNcReL5pYFnWW4towkskaQ72mQKZAcnGD8Tf8FDv2v/ANgD/gmR/wAEPof+CTf7HP7V/gL9sf4x+K7WbT73xD4W1O0v7e1t7rVPt2o3989nLNBbF0LWkNr5rShXjc7xG7ue0K2ZtfHz9ib/AII9/wDBv1+yJ+y/fftu/sez/t2ftXfENpYNXmutSJgimt4YJNQ+yRySC3htbZryCKMrGZpjIrO4H3Pi7/gtp/wSA/Yv+FvgL9gX/gol+w34X1rwN+y58Zde8M6Xq/gu4u55IbaPV7T+0LO7tmklkmtxLbx3CSxeYyRv5XllAcV+nP7abfsOf8HMf7Iv7G/j3wx+3p8Bf2SP2jfAX2ubxJ4Y8YXkEc+mSX8FompW/wBlluIJXjWbT4Hguk3RyIpUlGZtnx7/AMF2f+Chv7Gvhv4C/wDBNr/glX+y18bfC3x18OfCbxD4OvPFfjLSb6K706ws9EsP7Ntbd7uFmglndZpp5hGzCIwIpbLMoFe5J9Xft6/8G9n7M3xB/wCCmn7F/wAFf2Zvg9Yfs5/sqReDtV8Z/G7U9K1O6jhbR7W9iVYGnuJn2T3GTbrgjYplm2sIGr5v/wCC5/7IH/BJD/glx+2D/wAE1fGWu/sQRa1+zHrdj49bx/4O8M6texXPiR4bSyi09xLLdoymC4vVlwsqAgNnd90/QH/BxN/wXn+AetfBTwJ+yv8AsHfHnwL8SdX8fXlu3xG8YeF71biLSfDdvPkaaLpOktxKzlgGykCSqRi5Br89v+Dt39s79k/9sPXf2Dbv9lv9oP4WfHeDw/ZeL01pvDOqx3o0tp30kwifYfk3iCbbnr5belOF+pab0P1csP2RP+DdfV/+CT8//BXaL/gmj4o/4UlFp9xfHw63ijVxrWYtcfRmjx/avkZ+0Rls+ZjZz14r4X/4Jlf8EuP+CYX/AAUx+IX7XH/BSHwP+yd8X9C/YX8Cxw6D4L+BttqtzPqfifxHZaRDe6h5skd3JNJu8+0EFsk4EslyQxCoUeDwh+1L+zTB/wAGeOrfs63H7Q3wRtv2gF0zU4D4Gl8VWKeIHd/iJLdKF01pRcNm3dZhhDmM7unNeV/8GwH/AAVV/Zb/AGfvgP8AtLf8E8/2qPjNJ+y/Z+N9Zu/EXhH4gnUDp0VneXumwafdRnUiPL064iWytbiC4lxFu83LKyosis9Ra7n6WaB/wSA/ZN/4Kffsf/tIWV5/wSE+Iv8AwSI/ai8KxOfAt9cXFyY9afyJJLV2Z44YrqJ3gMNxC0LSRLIjJLudWH+dHkDcuenBr++/Xv2XNZ+DC+Mvif8AH/8A4O1/HHiz4G2Vld3unaP4c+K7jWvEyiNmitkX+1rpSzcArDBcFhuwq9R/ApHGZJo4oymWYKC7BRyepJwB9TxTgxxb2P719f8A+CY3/BHb/gl//wAEof2ZP2zv2q/2P/in+3z498cW/httT1DSPEWoW6W91qunSX4aOO2uoLeDT4hEYUlZXkd3hDH958vhf/Bfb/gmp/wTq/Z7/YM/YR/aY/ZK/ZbX4Ba/8RPHXh+HUYX1zU7q4/sq/wBHubw2c6XNzKqyKyRAsmCCpwcGvtrwF/wUo+G3/BDr/gh18Pvhjov7ZfwX/bQ/bmvY5bfw14c0LxrZeJrPwLd3ahxbP9lnlKabp0Y6EhJrg7I9scgMfjH/AAcS/t0fAT9qf/gmD/wTa1fQ/wBo74CfEz4yy+OfCfinxjo3hnxPp97eaRM/h+6a7knsreV5LdEnm2EMo2MwU88VK5hRep5X/wAFsv8AglL+wD+y5/wUO/4IsfCL4C/s86T8Pfhn8UviRFoHjzR4NZ1KeLX7H+3NDtzGzz3DyRZi1C6QtE6HD5BBANZP/BQj/gld+wJ8H/8Ag4E/4Jm/se/Df9nnR/C37N/jrw3p+oeK/C8WtanJDrE7ahq8bO08ly08eUs7dSI5FBEfTls/sT/wUL8e/wDBIn/goB+07/wTv/abuv8Agr9+yx8LLn4C+MU8XQ6Omq2F+vilRqGm3v2ZpWu4TaHOlKm/ZLgSk7Mrg0/2pPFv/BIr9pf/AIKgfsdf8FKp/wDgsJ+yp4M1D4S6TDpQ8Hpqun3UeviO5vZ1f7d9sQ25zqLgjypMhB0yaaehJ+K/xb/4Je/sJaB/wdBfs9/sG6R+z/pFl+yXrfhdtR1PwausakYLm4HhnVLsObk3H2lf39rBJhZQMpjGCQfsb4Qf8G3v7OHxH/4LZ/tgnxJ8DJvCH/BND4cWfh+HQvDH9q3623inXr/w/YyNZpemf7UYoJri4upNswYSNax8pIy19V/8FAPht8K/2Z/+Dkr/AIJY/t5fEn48eCPCPw6+IPh/xhpt/ca9cW+maX4cTSvDE9vDO+pzTiJ1uX1iJVDBAGVQC5kGOR/a8/4Lb/AX4g/8FsP2Bf2Yvg98fPhHpn7Jng/xPceKviZ4/t9fsotB1/X5dDuoLWJ9VEn2eWC1heGMyb9pnl8o/NbLRzN7AfmJqv8AwS4/YMtf+Dojwz+wTB+z7pSfskXHhJtUm8G/23qZga5/4RWa83/aTc/aR/pCLJtEuMjGMcV9S+Av+Dcv9l+f/gq9+3z8RPj58FvEnwj/AOCU3ws0fTdW8Oafd6lqFnp3iW4k0W1urxk1EyfapbCzZNQkmaOUMJGhTeQroeb1r9q79l2X/g7s8K/H6P8AaQ+AsvwIi8FPaSeNh4w046DHP/wh08PlnUvO+zh/NZY9u/O8hepxX6Z+BP8AguB+y98Zf+CmX/BQ/wD4Jx/tU/Gv4AeJ/wBiLxD4esrf4feMJ/EFhb+Hbu1l0C1TWdHuNVWVYpRO11ctHJ5gKvDPGGLPGoG5FvmPz6/4N1/Hf7Gvin/gtx/wUTk/4J9eD9Y8B/shX/wr0248I6Vfi6WaAW0ukQ3blbmWWYK95LeSL5jlgsi8KPlX+Nv/AIKa6p/bn/BSL/goHrYURrefG7xzdYHIG/XbxsD/AL6r96P+CeX7M3w+/Yy/4Kfftj+CPhb/AMFrvgP+xd4G0Lw6LbwX8U7TU/DPiCy+IGhX15DNHZM13cC0FzELaAzIoLpLCSoCEM384/7X+m6fpX7V/wC03pelfF2w/aA0y3+IPiGG28d2ghEPjSMajOF1WMQM0Wy5GJx5bMmJPlJGDTS94dup84VLE+xs0wqR7im1Zd+pV1VDMm4Dkc1Dpdz8rRseRxWl5IljYc5/nXOOGs7nuvrxWctHczk7O50ZlUEDjHSpN64yDms0K0ihxyKmQsDtJBFaD94ublxnIxSgg9DUIUnkCja2cYNASfQnyB1OKaxYcjGKZtY8mlUNwc8UE8jAPnrgU0sTxnIp+wepqJkYMCMsKDTnQUuSepJqQqGUeuKi579aCgoopQM9wKDHkZEWKtzyKTIfu2fepimRglc/XpUYQDrzQVBdSNgUGTikimZTzytTMu4Yzio40KPg9KA1vqU9QthIPMQYaoLCYspjY/MK3mRWXAx0/OucvIzby+ahABqXo7hJW1LbIWfkkd8ipSGXg859e9V7e+ikwjkK3qa0mQSqNp6dMVRCVyqGORknFPLjsf8A69SC2fAz1+tL9lJ60AlchD+opWYbSQc/0qT7IfQUotSMDoPrQX7xFFLu6Haan8wDqCKRbQKQQ2DTjbFjktzQaBvUg4NVXA5IIPtVoWoHUg0v2Zf8mnZmPIyjTTLsZQwyv8q0DAB2zUbW6N1DA0g5GKqBl3R81WuTlCGySB3q5CnlcbiRUN8VCE5ANAmrH0P+wZx+3h+xMB0/4W74O/8ATza1/Vh4m48R+ICeALy4yfT52r+U39gxh/w3f+xQRyB8XfB//p5ta/dv/goj8c/EvwM8JXEvhGyW88Sa3rlzpNpuwUif523tyMjCnjucdK5y4uyPxN1Mt/wsz45bQpH/AAnWtdf+vg1s23nZBFvGw9PWuJ8M2Go2dte3etXz6lrl/dy6hfTk5Mk8hy5z3Oe/c5rtbZkDL/x8Nx1BrxMW7ttHjYmV22dLYpfA/utOtpeccjge1djp8WvEKIfD1hMQQfujFcXaNaAZZtQHOMLn/PrXXafJp20Fm8QEA/w8V8zjXpseJifJHYS2Pim6s5rY+C9IaOSNkLELkggj+tfs1/wbk/8ABUTT/wBhzU/2m/h741+Enxj+JEd0scmnR+DfDV3rT28vnyMRNHbKfKXoAT1wa/GGCXRViQBfGTHrlSwH86/ou/4M3Ch/al/bUMfnBPsGn48z73/HxP1967+F3LmkmjqyCb5pI+Yf2zvjl4F+Of7Q3xI/aCvv+CNnx7/aG8Za/fvepf67o+v6WbNiFG5Y0iKn7ucEd68xsf8AgqN/wWh+Fnwzh+DX7Kn7HHxp/Zy+GEM001tpFl4KvL6KJpDl8+dbfNnvmv8AU0rmfGXiaz8F+EPFPjDUUkk0/SdNudTnVTgtHDE0jAE98Ia+yPpj/HP+M/j/AP4LP/Hl9Sk8f/CP9pYNdkmb+y/AN3p2c9cfZ4Ex+FfMyfs5/wDBQq9j2eJv2a/2ufFjDjde6PrT8enK9O1f62n7Cf8AwVq/Y4/4KA6QW+DvxJ0K28bRR+Ze+Hbq5BvLHBwQ52hCRkdCetfpwrK6qysGUjIIPWplFNWZMo3Vj/Eo0/8AZk/au05/OT/gnz8bri5PLyS+FtVcsfU5jNdv/wAK7/bF8OWFzfXH7AnxQ03TbaJpp7ibwZqCrBGoJZ2YxcKACST2Ff7UdeFftQf8m0ftFf8AYi69/wCm+auGpldCfxq/zZyTy+lL4l+LP8dX4d+N9T+Inhxdf0jwboDQLKYJQqABJAqsV59nX860tRh8RAtJL4a0+IdPlQDArw79mJ9NHw/1gXi+IzJ/bE2DaE7MeTD1xxnr+le03zaYobyz4lC9t2T+PNfC4qgqeIlTitEz5StTVOvKMVocjex6iFYS6XaIR3UDj3rl7kXIyrWsSfQda6S7azDbV/tXnpu/z0rnLpo8ABbkY/vV7WFkelQfkcR4uLjw34jJVFX7Dccf9s2r+gX9lBlb9mf4CiMhiPC2mg45wfs6V+BerWsV/aXthKZBDPC8LHuAwIP86+6/+CdXxx8dR+K/+GdfFm7UrC002S70i8zwLWIoojYZzwGAHsMds19JhJrlse9gnpYq/wDBagkfHz9lfH/RE7D/ANSHW6/IoSEc45r9c/8AgtY/lfHz9lgMRx8FNPBP/cwa2a/IH7REejA16lF2R2N+8W/M9qXzTjbjiqf2hPUfnSfaUB7H8a1TWwRn3LolI6CpVnH0NZv2hPT9aDcKOoNPnQ4voanne/61IJ26EcVkfbB70fbV9CB/Kpc+xErdDaEoOMA5orG+2r6UUe0ErdTQMuMZwDULSgc/eqIjPcioipHUiuHkR2uqSmb0zTDJnkfrUdFURzsXOT8xpzBQMDrTKKCW7hQTjk0ZHYg1IsaEbpGAHXFAj6a/Yo/aP8M/so/tP+Avjd4z8P694j8M6fY6xYXNrpnl/aSt5p09oHQSMqsVNwH2llyFIyM5r0D9oj9qPw1+098ZvB2r+EvD2taH4e0rTri2hbUhGtzcvJtZi6Rs6qAVAADHPJ74Hm37GP7PHhn9rH9qDwL8E/FOv614b8OXtlq2oXl1pqobny7PT57sxxmQMqs/2bZuKsF3Z2nGD6J+0X+y74e/Ze+Nfg/Q/CniDWNd8P6rpct1ENRZGuIHU7GVnjRFYEkEEKO45xk74T+JH1OTEv3Wc1DjdjcFHYCtSBlUqfNCn1wDWZCrHAAQ44rTtyxAAEYJ7mvvcH0R8XjUludDa3BBXF95Y+ldXY6nKhUDXnhxyAFrk7SCVyVVbYY7k9a6OON7KE3F1PodnbLy0s8oRVHuxwBX12Xy5feZ8Nmcabdt/u/yOzXXJQqj/hLHAx/cFV9R1a4vdOv7OPxe8cksLxK2MbSVIzx9azdKmtdajZ9H1LwjqqL95ra7SXaffaTitj+xtQ/55aH/AN9ivdco1INJ3TPlIxo0Kqk9JJ31S/yPvz9gX4w/D9fDH/ClnSy0Tx7ZyPLIxYD+2sknzQx6tjtX6OahqFjpNjeanqd3b2GnQRtLNNKwVI0AySSegr+a/XfBniGz1Gx8W+G7yy0nxBZyCaCe2n2yIw5BU/0r0/4k/tL/AB2+O/hPRfhzrTaTounxKq6jLZzlX1cjjMv90dyBwa/h3jz6PuNqZuqmDd6VV3bfT/M/3l+jd+04yLK+CJYDPYWxeEgo01FWVSysk7bNdX1R9haz/wAFJPD1p8X4NJ03SFvfhHG5s7nUgD5zy5x5yD+4PTuK/TPQNe0fxRo+n6/oGoW+q6RdRiWCeJtyupHrX840Pw2aLSjp5g0JpCvL+aOD9K6PwH8ZPj18EtC17wB4T1/T00O9UrCJpN7WTN1aAnp/jXbxz9G+UMPSnlfxqykn18zxPo//ALV3/hSxcOM9aE3KVNxWse0bdj75/bj/AGh/Bs2k3nwI0OHTvEPie8K/bblsNHo4BB3A/wDPX0x0r4UOuXH/AEOEo/4AK4nw74G1mGaXWtZm03UNZnYyySTz7nLHkkn15rtDo2odTHof/fYr+h/CXw+jw9l/sL3nPWXqf5tfS7+kvPxN4lea14qFKneNNJK6jfq7asR9anKNnxXI4x02CuYv9SkcOP7ceQH/AGOtdC+k34ViItE/77Fc7eWN2pYFNKIH91q/R8XJ8p/MWXxoc142/D/I5G5uJMk/bmmXJ7YrAuG6/vcfhXRXccqBgyWvHoRXPTEkkAIff0r5DGpu5+h5dyq1jJkA3O27J9cV1P7O/wC0/wCGf2Y/jP4x1rxdoOua74f1bTYbaY6aI2uYHT5kYJI6KwOSDlgRxjpg8vISCwKriuq/Zx/Zc8M/tPfG/wAX6D4w8Qa1onh7S9Lhu5RprItxO7naqh5EdVAwSTtOeBxnI+Kzd+6fbZX8R5x+3P8AtG+FP2tv2pfGnxt8GeHte8M+GL7T9G0+2tNT8sXJFnp1vaF5FjZkUubcvtDNgMBk4zXzAYcgLnC+1fSn7b37OXh/9kz9qDxx8FfCOv6z4m8OWFnpWoWd1qKoLkR3mnwXYjkMYVWZPtGzcFUNtztXOB82R3KADdt6dK+bPepkTgn93Gpx61GIJB0B/Krv2qH0FH2qH0FBVkykYZfekMUx7Grv26H1pft0PXaNv40BZdymscy5OMt6mkEDk5fNTnU7YHBJo/tO2xnLY+lAaBtlYhVXC+tHkze9NOqQds4pv9qwe/5UDuiQxTd+KaYXPUA1GdWi6BQR9KiOpxjopNVG3UXOiaSKXGFwCfeprW28s+Y55ql/aiYzsOfSqdzqU8oIiVwtSK8TSvb2NMqpBNc/NcvKeuBVcxzuctkU7y3/ALpoI52WLVMuGIzXVW4QqD1NcipmUYUEVowXskIAKs2KAi7M37hHddiDAqslo4ySRmqn9rnH+rOaUas3eJqDS62Lv2V/UU9bWTPJIHtVIaqeoRhSrrAXgo1ArRL4tnByGal+zuGDEs3tVEayD0jNN/txAcFBn60D50XJLWRyTg4qP7C/pQNSLDITj3pBqm48ITz2qlbqF0xfsL+lH2N19BUgvZTyIjQLqYk4jP8AhRoGgz7K/qKmhh8s7mxTGnnwflNVn+0yDoVpKViia7uooVLMQeK5l5zczcHj0q9LplxKeQxpItHukO4IWpylcyab3Nuwt0jRHYgLjNWp5Y5QACMVkmK6QKu0g1GEuAMbTk+tSK7RsoqoOoz9afkeorC23P8Aeb86ULcZGWbH1q+dle0NolCcEjP1pd6qPvADpWRib1NGJvU1V4j5lujWDp2Io8xP7wrMWOY/eYgU4pKRgA0+dFmlvT+8v50olQHl6yTBMQGbPJxSGGXsSalyexk5M2BNGABvp3nxf3qxPJm96PJm96zDnZvJcJzhhUn2iIdWArBSGUA8mpPJm961ikUpo1nuIiv3l/Oq7SRnPIArPaGU8ZxTRbSHuT+NL2guZl7z44nBAy3Y1+51n/wXC8Y6f/wRiuf+CPMX7Pnhl/DEqTRv47fxBL9qCyeJTrhxYCHZkO3kZ837vzYzxX4Vx2ZHU5NNvFMcWAeOlKV+opX6mD9oXz8A8ZwDXQJMrRBQQTXISBg5YA9akhupA2NxyOxpRlYUZWOvUcDp+dLWLHcT7cgHpQbm5IIIOKvnRaqdzbBI6Gnl+OMg1g+dcZByc5zSm5uSCORT50DkjZorFFxdDuWpfMuvm96OdApo2aVec4YD8ax/Nuvf86b++J5LUc/kJz7H7w/tw/8ABbLxd+2r/wAE2P2Pv+Ccep/AHw38PvDnwkXwuIfFMGvy3dzrraPoNxpEZe2aBFhEq3TysA77SoUEjJP4cEpjhwTWMFmPQk04JN33GlF9kKMrGsGH94D8aUOF43AisnZN705Vl65OafOglK5rGVexGajDqvOQce9UvLm9WpoilzgkCi/kK7Q+6u48cECpbIrIC4II9KzJbCWTvipbaCa34zg0lzCi9TTuJdny44otmznPFRPEznJ5NIY3jUsCQfSrG5M0Mj1FZ9+48s4YH2rKe9nZ9i5psnnuBuz04qHPsEpXIbaQJJjoCa6mzu7fyRG4BbGCa5uOxlOCASactvN5jAbgazRUGdHuj3FgwpfMT+8Kw/sd16n8qa1rcr1JrTmfYPaG95iH+IU7fF/z0H5VzbRXCnGSaRUnBBJNHM77CUzpsp/epN8X/PQflWAqzMQMkGpJracJu5/OqUrhzs3A0ZJAcU4xqerCuSjkm83bk5FbAlkRADu3Y/Op9oHOz93vGv8AwWz8X+Mf+CO/hH/gkQ3wC8NWHhnS/soPjca/K91cLDrTaoB9h8kIpLMsefNPAJxzgfhvtH98VmLJI/Jz+VPEjDvVK3QuLuXmRCPmYUBUHRsfhVEyMe9GX9/yplF9ljIILHFVcLEww+RUYWQj5mwfanNC4yR8/wBKCdC0VhcfOQarJ5cbkA/maiKMBkggVFGjOe9Jy1Jm+hoGSPn5hijzE/vCofIP94Unkf7350xQ3J/MT+8KPMT+8Kg8lqaYsHknNBTloWPNTnmjzIyMkgD3qAQtwQTSG2JJOTQC5j7g/bB/4KP/ALZP7fNl8ItN/a1+NNx8XbPwJZXOn+FVk0PTNOOlwTiATKTZW8JmLCztsvKXb93weTn4mM8YON1QG3KAnBqIQk4wDQCbLRniPU5pfPi/vVB9lPqaabT2oG79CwbiIdWo+0xep/Kq32P2/WkNmcccH60E+8WvtMXqfypDNF221B9jGMUq2pHfB9qUb9RaotRXEa8ErisrVBFIFdGG4e9R3kDr90nNVYIJZDh92KTfQTl0HWd64BQgsBWgZnHzBW59azoY/s13slHB6V1qQQvEDx0oimEY30MXz2IBAANN8+X+6K1/Ii/u0eRF/dqh7dTJE8h6Kfyp6yTEAgVrrHEMZUflVlUh7qKBqLfUwTPKOqNTTcP3Q10hihOMKq/SoXhiJwFB96B8iOfeWbPyrx9KFmlyNycd62WijBwFFJ5af3RStrcXszHMsmThTimGaUdVI/GtoJGeQopjJHjAANMORoyPtEv92nCaU/w4FaPlp/dFOAUdVBFArW6meHmPQfpSEzHqoxWqCnHy4qdSgH3aBuHYxlM/QKcGq1xZyzgkjmunBiYYK4PtTlWMbgQMigpwucJ/Y83OADz0q1Da3tvwMlRXZkoOxNIwQjIXNKUEhciOdElyAAVDH8aDJcjsB+NbWVUjjPsaVvLOTtGfpVJXHZ9zDEtwP4SfzphurlR9wsK28D0FMeNWzwM/zot1JcWzGFzO2flINVJtRuYT80fHrW95ag/dANRTwJNGUKrntxUtPoK0jEj1K4l+6v5VG+p3aHDLg/SolV7KfBX5fpW8qW9ygJAJNSm2SlcyVvryVchcj2pDLqLYIjOKvSW0ts2YVLL6VdhnjkwHARu4NPl7jUdbGIG1An7u36imSC+lGGXj2FdWIkIyBxTCqDGADRyItU+51H7PvxEtvgX+0F8BvjVrGlXmt6X4R8Z6J4nubK3cJLeRWd9FctEjNwrMISoJ4BIzX3T+2j+3D4D/AGr/ABF8OtF+HXhbxdomjWmvS6tcTa1FDFM8j5VI0SGWVdoVmJJbJJAA4yfi74NfC6D44fHT4FfBafVT4eh8XeNNF8LSX6oHNkt7eR2xmCn720S7sd8V9q/tm/sN+BP2U/EHw7174eeJvGWsaHd65Ppc8OttDNKsiEsjrJDFEoUqrAgrnIGDzgYzj0M5Kx4PGfm2k8CtSByrECUpx6VmoBnOV69a1YEcMCBFnsTXg1tjxazNu1ncAYvmTv0rqLG/dVRW1tkBPXbyK5y0inwPlsmz/ePWtSS8tNIgin1S/wDDmlxM2Fe6uEiBPp8xFeHiYqWh5tdJ6HeQ6zIkag+LJV+sdf0c/wDBm1IZf2o/21JDL55Nhpx3f3v9In5r+bbTbN9WtIb7Trvwzf2r8CSGdZEJ+oOK/pb/AODMfSnvP2j/ANujUTPbW5s9P00NGesmbmcfLXbw5StOZtkkUpysf6HFeCftPu6fs+fG9UYgHwfrRP8A4BS173Xk3xw8K6n41+EPxR8LaKgl1XUfDep2FtHjmSWW1kRAPqzAV9afSn+IL8I/HHjD4f3moePfA/xL1bwD4v0zUTPataXDRtJt5GQCAwz2Oa/vG/4IEf8ABbb/AIKDftJeINH+Cnxp+DniD4t+DYlW1j8cSWs6JbRoNqqTHF5ZwFAyWzWP/wAEqv8Ag1N0vw7oes+Nf2+msdVvdQdprTQLSJobnT84+WZnDI2MHoe9f2R/s7/sxfBP9lfwJY/Dn4I+BtD8FeG4EClLSBY2mP8AecqBkk859ayhBptt7mcYtN6n0COg4xXhf7UH/JtH7RX/AGIuvf8Apvmr3WvA/wBqa4ig/Zp/aFWR1Ut4G14DJAz/AMS+atTQ/wAXL9mrUGtPAOrxrrj6bnV5m8sRhs/uYef8+lezX2oyNuxr7ycdTHivF/2atPnuvAerSxf2cEGryjMzgE/uYentzXtN5Y36s2+LSSADyrcYr4LMUlipNs+QxdvrEjkbm6Z92NRaQ57pXP3UrMSxuSwB44rpLiCdQwKWIPI9zXP3SScAiLdk9D0rtwzT2OyhboYdx94DdnitX4P/AB90X9nH4/8Ahv4i+ItE1PXdFOk3GnXUVkyeekcjffjVyqswKKcFlBGRkZyM6Uc4O0960vhL8AtM/aR+P/hX4d61q2p6Noa6XcX99JYqpnaKMn5I2ZWVXLMgyykAbjgkYPvYXezPWw0tbGj+3/8AtZ+Cf2xfiz8KvFvgDw34r8O6F4a8A2XhJxrCwpPdzx397dPKEieRVTN/sA3Eny8nGcD4n+xn2r7f/bw/ZJ8G/shfF/4X+EPAXiPxR4k0DxJ4BsvFpOrmJp7SaS9u7WSESRIium6xLg7FI8zac7dx+NniKnjkV7VKN1qd8Y3MsWh7lvzpfsuO7VeAJwO9DKeOx7VryIr2ZTFtjk5NONuG78/XpVzY3pTcHOMHNNQQcnYpi1GeSSKU2q4znB7GrmD6Ggq3oQfpRyIIw7lE2gPVqKuFTkEnBx2oqfdBRj1Zk75/c039+TyWq9vXOM07I9RXGaGfib1NKBNjNXtykjHJoYqoyxAHvQBQAmJJGR2pryGEFnbkfpVl5wx2RruNMNmJGDStkegp3tqBQW+lc4Rc+lMlubmQ+UuS56gdqtTPEhFvbJukNamn6ekK+bIMueaRKTeh+i//AAR5s3g/4KAfC1ZSQX8PeLc/+E/ff41/Rp8Qf2OPgr+358F2+HNtZ2Hwt/as8LW93qng/wAXEM1rqq7d8lhfxqSzROI87lUsm3eudpjk/nf/AOCRr7v+Cg3wqx8oHh7xd/6j99X9UH7Fjv8A8L40iMuxjOmalkZ4J+yyD+RI/E04yad0TKCaaZ/GloGtW2vaXZ6tbQz20Uy58uQ5KsDgjI6jIODxxjgdK6S3e3OA3mkZ4rzf4aOf+EN0UZXH73kj/pq9en27OoXa9urA9xX3WXzvGLfkfEZmt0jasxo7HdMt7x/dPWv1h/4JBaZ/wTMsfir+15+0R/wUb1T4S+K9G+EngODV/hv8LfG+tW9pa/EbXJobyeQQ2s52X8yLZQ2ywOssYe+RmjZgmPyu06W5GCl3p8ZPHzgc16z8Lf2fv2gf2kPEPii/+BP7NR/aWtvhsml+MPGVvCLMWtrpUdw85huzOwY28qWlwr7Q4AJyOcHvztKWEd5W/XyPDyOrJY1JR5vnttrsft9+0fov7GX/AAUN/wCCFHxY/wCCsXw4/YV+CX7An7SHwa+KFl4Se0+GNjFpmk+M7Ge90iCWGe1gihjkQxa/Ed7I8yTWDhZFjleOvyY8C/sp/tKfFP4VTfHr4V/sR/tm/Ev4GpDNdL4s0bwVcz6feW8ZIe4tWwGuYVKOGkjDKuxskbTj9t/2zvjL4A/4Kdf8Gxvi39pL4MfCjw9+wZ4V+BvxYtdL174V+AI4LXwn4oubm40uH7QbaKCJiw/4SO2uk3HiVbjf5rMjp+of/BK/4kft36z+09/wStP7cXxy+EX7JOm6h8INS0j4V/swfDqy1hZfFHhe30lmg1rxPay3stppzRRW9qYA5eUtH5QhhZLjyvkMtz7EYSLjS2fc+wzbhzD4yUZ1W1bs7H8Vng7wdrvxM+GPxP8Ajj8LvgZ8c/iV8EPBKxv4v8W6Tpqyab4cV4xIPtUpYeX8pzhgPTmuhuPgN8U/D+kfAnxXffsjftP2OhfFi5trb4a3Q0MNJ49mnRHhXS4d++4DrJEwMYIxInTeuf6k/wDgmF8Gfgr8Qv2X/wDg5W+A3xT+JNr+zx8CdS+PWseHNT8RwaebmPw1pp1CeIOkCkAKo2ICflQHc3yqa4n/AIKj+MvGFr/wcp/8EkP2Yh4Xk+HH7Pvwk1b4daZ8MdCjfFpf2N7dZutRtE5KIr6fbacQT/zDF9c16b4xxkpXVvuPGXAmCirOU/8AwJn89Pi/9kb9qD4e+CPH/wATviB+wf8AtueBvhv4Tbb4o1zVvA9zb2ugjarl7hm6Rosis7jKxgjcRmvHbv4f+IIfg94I/aU1T9n745WP7NniDXW8N6F8QJtNxouoakJJ4/IjnDH599pcrjrmJuO1f3D/AAw+JHxE+Iv/AAWQ/wCDjP4A+PPHnjLxj8FLf4L6PHaeFdT1Sa50uwWTw7brItvayMY4Q4vLncEChjKxOSa/LL4PfCP4M/Gb/g1U/wCCf3hP42/tYeBP2NfD8Pxv1DUNM8W+JfD95q+nS6nHrfiEQWc6WvMCPvkc3EhESLE24jcKqnxniuZKdrX7GdXgDCKLcJSvbT3mfzufD/4XeMPjFqPjfTPgX8B/jf8AGu48L6L/AMJF4mPh2wFyNB03LZubklhsjHluSx4GOtes/Cv9iP8AbK+Ovw98L/Fv4LfsB/tifEz4Xa5bm70bXtK8O+daalCGKF4nVyGXcjrkdwa/o6/4JN/sT/tD/sF/tl/8Fgv2d/2m5vAOveK4v2aotT03WfDbSNpniLSJ2vBFdRJMiSId0c8MkbqNssMgUum12+OP+Dez45fHWz/4Jc/8HAGmD45fF66sfAP7PljqXgKJvE166eBrl/Dviy4aTR1MmLB/NhgkzBsO+KM5yikb4vi/EupKVFrkvpoYYDgbDRpxVdy57a+8/wDgH4et8CPjV/Znx81kfsmftMx6T8KZ5Lb4m3LaQix+BZUQyOmoNv8A3TBUdsNg8eteMTz+FJ40mshqzwuodCR1B5H6V/Sp/wAEMrPSPjX/AMEnf+C8cP7Rv7Qmt+DdK8T6Zps3iv4keIYL3xHc6f8AaNEmeW/u40Zrq7Kl8sFLOecZxX5DftrfsNfFj9hax/Zd8T3fxq+CX7S37N3xf8P3Ws/DX4heD4J7eHUorSK3eWC8tZxutphHdQsF3Nn5lOHjkVO/KuJp1Kjo4p6vRadTjzbhWNKnGvhLtLV3k9tPU/Py8Gk5YxLeBe2fSsGVrXOI/PbnPI6V1uoz3QJzd6cQf7oFcpcSSliDJAT6jvXoY2VjPLbu3+f/AADjvE+uw+HdLutWaF544lHyjqxJAAyenJH/ANev6vfAP7HPwU/YC+Dj/Da4t4Pin+1f4qtrLVfGPiwiWOy0mMpvisdOiYj90gb/AFjKHfJZsZEafyS/E4hvBWtltpO2PHr/AK1K/tX/AG0p5JPjtqgeRyF0zTlUEngC1jGB7V8Bm9R+05eh+iZZTXJdbn8rv/BXmBLj/goJ8UfMOAPDnhE/+UCyr822s4h0r9Jf+CupI/4KC/FLBx/xTvhH/wBR+yr84wCegryD1YbFM2cR6ioZLOLoAK0HO3OCCagoHZFAWEecmqd8kNvHtH3jW1KUijLucY5rl28y+uCBkrn8qCZabEdnZNcPuOdtaVxp8aRHaMCr8Ea2yKG49qlkJnBUJx0oKUbHPW1lG8u05atldLt/vbAT9KZHD5DY+97VsoCUBx+tAlBIzf7Oh/uCk+wW/TZzWiVOOC2frSqoU5PNBXLcoDT7ZOWCinfZbdl2og/AVNcZwcdMURPsU4X5j1oBJFIWsW7BRetWktISBlF/KpBE2dxIzU4Xbxz+NAFc2dvzhBTDZQnqqn8KuUUFcjKgsoB0Rfyo+xw/3R+VW6axwPegTVik9vAoI2Amqx0+N/nxgVaYndz26VIzyMuFGBigRmXEdvbwnaATWPZQLNNvYE/WrV85km8lDk9/atWxsvIQOwJPegzau7EzW0YizjHb6U21t4yQNgIqdjJI23GBV+2i2jlcUF2W5J5MSgZWgLGucIKsU3aoB4GKBkXyf3BTNq+lPAJOByasxQ55oASNUXG4D8qsNLHtwqAmonAAxgZpuwlc9aAKcx3nhR+VU3C56Cr7DBIqs0RJzWsGBVG09B+lLgegqzsxxtoERHbJo50BUXnOVA/CnYHoKnKqe2KTYvvVgQ4HoKCB1IFT7F9KjkUYAHFTd9gIt49DSKdxOQPyoVPX8qlEZJHGKnmZKv1IyeCAuOfTrQD0yuK6nTvCuoalbJd2zW7RHPBJyOSOcD2q2fBGsHOPsw/Fv8K3hQqSV1H8DkqY+hCXLKaT9TivM56cU3e3rXaDwNrA6m1P4t/8TR/wg2s8f8en5t/8TWn1ar/K/uM/7Uw3/PxfejjFMhyT0zUnpx/9auy/4QjWMdbbP1b/AOJo/wCEI1j/AKdv++m/+JqVhaq+y/uL/tTDf8/F95ykYJBwKydUJA2DgkV6PF4M1ZAQTb5+rf4Vl3ngDXrh9yPZAe7P/wDE0vqdT+V/cQ80w3Sa+9HBQ2SywnIBJ55qAaaIS0jZIr0tPAutxxhQ1nkd8t/8TUE3gHxBKf8AWWWP95//AImj6pU/lf3E/wBo4b+dfecZCIymFGRUvlp/dFdhH4A1yMYLWbfQv/8AE1I3gTXCMBrP82/+Jqlhqv8AK/uGs0w1vjX3o4oLGSAAM0FIx1UV2X/CA65/es/zf/4mj/hAdb/vWfvy3/xNP6tV/lf3F/2rhv8An4vvONCRnoop+B6Cuv8A+EB1z+9Z/m//AMTS/wDCB67/AH7T/vp//ian6pU/lf3C/tTDdKkfvOPCq2QNtVpPLhZRgk+9dwPAeugja1pn6v8A/E1G3w+15mDM9kT/ALz/APxNH1Sp/K/uJea4Z7VF96OWRkKg7cVIPLPQY+prrV8B60owGtPzb/4mnf8ACDa362f5t/8AE1X1ar/K/uD+0cN/z8X3nGtsIwBmm4AAAGP612q+BdZHU2p/Fv8A4mlbwNrJGAbVT9W/+Jo+rVf5X9wLNcL/AM/F96OIyB1IFGR2ORnFdgfAWtkg77TH1b/4mnjwJrQGA1oPxb/4mn9Xqfyv7hf2ph/+fi+9HIBl/u00kFs4GPSuz/4QbW/Wz/Nv/iaa3gXXB0azP4v/APE0vq1X+V/cEc0w/wDOvvRyG4f3BVS4mO8JjGeK7pfAuuDq1mfxb/4moZPh/rTnIazH4t/8TSeGq9Iv7geaYa2k196ORitLc4bcC1PlgXBytdbF4C11GyXtMezP/wDE1dPgrWCME22fq3/xNL6pU/lf3DWaYZ/bX3o4y0RACG205YE+1uwxtOCMf59q6/8A4QfVhjabf35b/wCJp0PgrWI5C7tbEfVv/iar6tV/lf3D/tTDf8/F96OdZFU4x2qGRFIBIHpXZN4Q1U9PI/Nv8KjPg7VicH7P+bf4UfVqv8r+4v8AtTDf8/F95wzQgk4HFN8j0GDXc/8ACF6sG625H/Av8KX/AIQ3V/8Ap1/8e/wo+rVf5X9xP9qYb+dfeefmLY6sOg65q05V4sYBxXaP4K1ZhgfZse5b/Col8EauoIJtsnpy3/xNH1ar/K/uBZlhulRfejyt/kuCR+Fa0XzspcYHeuon+HWvyS+ZHJYKPdnH/stXR4B1tUClrTcPQt/8TU/U6n8r+4zjmmGv8a+9HJTCNR8gBHpiqldsPAWu5+Z7QjPq/wD8TTz4D1ojG60/Nv8A4mq+rVf5X9xX9q4bpUX3o4arCKMhea7FPAetrn57Q/i3/wATUq+BtaXHzWpP1b/4mj6tV/lf3B/amH/5+L70cbsGRycVKpK9ea7D/hCNY/6dv++m/wDiaVvBOslsg2v5t/8AE0fVqv8AK/uNFmmG/wCfi+84i4ywBA4FFsyKCpwD1rtv+EI1j/p2/wC+m/8Aiart4C1knKtaj8W/+Jo+rVf5X9xH9qYa9/aL70ckWJOFp4zgZ611sfgXWUOSbU/i3/xNSN4I1kk4a1A+rf8AxNH1ar/K/uH/AGjhv+fi+84+mMueR1rtP+EI1j/p2/76b/4mj/hCNY/6dv8Avpv/AImj6tV/lf3Ff2phv+fi+84sblAyMinZHqM12X/CEax/07f99N/8TULeBdbJJD2v5t/8TR9Wq/yv7jNZph/+fi+84yfcBlaZBL1Vs5rqdR8LalplpJdXMlp5a4yqltxyQOMr71y7QkkEKAaylFx0aOqnWjNc0HdD/NO7GDn0oaQj1A9u1MVSuQetOxntmpNlfoIXfggEin729ajDAkinUGbkxDJg4y1P3nbgnn1phAPUUAYAFAc7KdwX3A4wo/WrVu8ZUcANQ4BUgjNRrDhgQQooJItRiOFmXORWrplwJolQnPbmopE3xlD6VlWMjW10YnPBPGaCo7nQzKynOW/OoVLbhgmr7gSRhhgmquAOgAoNgIz3IpRkY55oppYA4NBnTJ1cHg9afVepwQehoNCFhgkU1uh+lPf7xptBEl1K+SOhIop7LjkdKZQKUtAooooMwqVCMAZ5qKpEPYn6UG3NpcdjByDj1qdXycHFRUoJHSqjG5RPSg469O9MVsj3p4UnpRyMBJI88jpUB3Dg5+lXgMACqsgA69c4qQIqVSvIIH+FAxkZ6VIwBBYY3etAFZ15yOaYDgg1PUbr3H40AU720W5jJUAnFZNnL5UphkyCDXQq2OCeKydTszn7RFkMOtBnKNtUXpVcgFTlT6U2OJXxuADDuKg0+8WZVicjd05q+U2kkDigcV1GBJIiWB3L6VYSSN+PutSIxPU5xTmiSQlh8jmgs+kf2KU2/tyfsSnGP+LveDv/AE8W9f1yan8B/wBnb9r/AMO+Ov2W/jdplx4b8T6rrkuoeCvG9jEHu/DesAusYZeDJA52q8WQHDNyrBJE/ka/YkWQftz/ALEcTElT8XvBwB/7jFtX9evwjmZf2lfAk3yg/wDCWwk8Z/5eaxnuTKNz+Tnx74N1f4Y/FH4ufB/xLcWF74m8FeLNW8HapcWhY29zd2N09vJLCWCsY2aMsNwBweQKyoDbFhvExHX617J+1xk/ty/t+HKjHxz8bnn/ALC89eO2ruCSZLdfqM14eKVm0jxcTDV2Nq2/svDGX7Xj2Nf0efsd/Cv9kT9hj/ghfqn/AAV++MP7GXwN/bf/AGgfiF8QJ/DXhPS/idpyano2gaZHqs+mxxizmSSIFTp19M0iIJWaSNd4VcV/Onp890D8l1YKOmGH61/Sj8WbuKH/AIM1P2KpSkdybb4v3JljIyoI8Y+IG2t7EEfnUZXH3pN7k4COsn2PIf8Ags5+zX+y7ZfCT/gkr+3/APso/s3aB8AtS/aJ8LRW/i74aeAoY4dObWriwsbmyXT7JBHFFIJru5tyUWMSIIm2K2/d+Qvww+I/7e//AATp/aV8Z+Av2bP+Fyfs3ftT6hqej+Gr/wACaroarrV5f3yxyWFutsVfc863cTxg4LBwR1GfYNI/4Jw/G/8AZV1T/gkn+1t8RtE+Adj8NPjl8QvB+r+Dk8O6rf3GrWVu95Y3eL2CeFIYj5dxGpETsN2QOOa/uH/ak/Yy/Zq+JX/BX74T/wDBVzxB4k0nTfhd8EYLrwf8UbC5jjH2j4gWv2CPwugiB3zXMqeK4pI5BhVNjZIxXzMV6Cw95+1Xus7FQvL2i0Z/H4v/AAVz/wCDkV/jpf8A7LNv8S/jpfftSW12LWb4cWfg37V4hjb7OlyWNnDbOVjWGRZWZiAqZY4AJra+Kf8AwVP/AODmr4HfE34dfBT4x+K/2iPhl8YPGN/baZ4P8Oa14JFtd+LLqaaOBItOLW/l3LebPDGQjkhpFB5OK/o4/ZwtY/Df/Bd//g5G+KmihdM+IXh/4QaUNG1WJQtzp4l0KzuH8p+q5lsrRzjqYkPYV+RP7X3xJ+J/xO/4NVv+CS37Q3jj4n/EHxH+0Dpfx/nGm+PL7WrmXxBYGLVPFcMLR6mzm4QxpZ2QRlcFfssGMeWuOtaK507HjPxC/bR/4O2vhN4E8X/E74meGf2sfAvw90DTbjV9b1nUvBMMNrpdlCheWeaQxYVFVWYn0Fcn4E/4KFf8HWnxPg+G978PND/a/wDF+leMNEfxJ4XvrL4ctJaa5pSpC5vYLj7P5Zt9t3a4kLBSZ4gCS6g/YP8AwWP+P37Q2qf8ESf+CIJb9oX422l34++H2tDx3cr4tv0k8axroVtIYtXcS5vkbdIpWcuCJGH8Rr7i+LPxu+Mvwp+G/wDwZm+Gfhn8VviL8P8Awz4oPg7TfEum6PrVxZ2niC1bT/DFsYb2CN1S4Tyb68iCyBgFuJQMb2yKSb5RcyvY/n78Df8ABZf/AIOIfif8Tm+BPwz+NHxo+IH7QMV9eabe+ANI8EyT+IdLurRyl1Hd2ItN9uYGBWXzNojwd2NrY6D4sf8ABRb/AIOI7H4i6V+yT+0pp/7QcHxi8a20mmeHPBuseEXstR8RQ3Ebxu2njyFjuo+HQsjnDAr1DAf1B/BLwt4F8Ef8Fdv+DpD4iWuv3fwX1XRfhb4Pnh8ZaPYG41HwpHe+EZL2+1C1iR43klE9rDd+WroZJIU+YHDD+eP/AIKrftn+DPiL/wAE5f8Aglzp/wAEvjl+2n8W/jt8KtY1w6T+0B4r8E614QuNftZ7O4kZtP1eaeYvMDZ2kJVLp3ZbUHPBAT0V2wei1Py8vv8Agnj+2z+yn8FfEvxE+Pv7B/7W/wAO/h3oq/b9d8RX/h3yLHTo3McQeR3cBVLlFye7CuJ+Jfwm+Jnwdh+Gl98Z/gN8avgxo/jbSX13wbd+JNPFtF4ksFWFzcWxDHemy5gbcBjDjmv3+/4ODPjV8cNW/wCCWv8AwQD0qX44fFuCw8efs8ajq3jyIeJb1U8cXUPhzwpcpJq6iTF/J50s0gM+875XbOXJP6Cf8FL/ANhbwX+3Z8N/+CGXwv0n9tD4O/s2/tM3XwS/s/wF4U8aeHtQuLTx1I+k6RJLGmo24MVq6eSqiNwXkMqiNXYba8fFZTTm5ON+b1PNq5dTbclfm9T+KK5GkHf5aXqZ5+bFYNwbP5SizYx3716p8TvA3xL+D3xR+LnwM+LenaJ4d+KfgbxNqHhPxFaWsnmwfbbWUxu8EmAXhfAdHwNysDXl15I3QzWxPfHWvOw9OUHyy6Hn0otPle5zmp3kGn2d7qEiuYIInmcAckKCTj8q/pY/Y0/ZL+Cf7KP7L/gj4++O7S1+KH7Unxh8F2GuaOxQ/YvAnh6+ijuIkh3AF7t0cGSUAfMNi4UO038yniwsfDXiNiUx9hn6f9c2r+t3W5S/7M3/AATqXghf2evAuBj/AKhUP/1q+gwcVa57mEhofg7/AMFocD9oT9lwEAj/AIUlpw/8r+s1+TDRDqM1+tX/AAWeIP7QX7LLE4z8EtP/APUh1of0r8nSMdwa9ai/dPQM8wjtTDEewI/CrkmQeen0pgIPQ1sBV8vHXNIU9DVzAPUZqJxgk9qAKlFSlAckcGoqnRk6Mayg+xop1FOyJ90x6KKK5Laamg5SBk4yarzb3OApNTjGeeRUihcZxx71mBBBGynJGPf1qG5uXLeRB80h4JouLlmJggG5z3Har+n2Cwr5khyx5JNA0ruyHWFgsK+bKcueTVySTdwOFpzyg8AZFQkgngYoKkktEfo3/wAEijt/4KCfCs4z/wAU94t/9R++r+qP9iyOab4++HLeAK80tpfRIC4XczW0gA5I5JwPxr+G/wCGXxV8W/A74l+GPip4MmaLWtMaYYDshkhliaKVdynI3Ru6/jyCMiv6Z/2Wv2s/DXxU0Xw5428E65Lovi6CUOwEgWS1nXB2kZyGGTxyrDkHBwAylKx+AFh4J8XfDC41b4afEHw9qfhDx9oF7Ppus6TfxGO40+4WViUkQ+xBDDIYEEEgg1uW8vy5MKkYxX9YP7Sv7KPw4/4Kp+DP+Eh8OXOifDX9vTw7p/l2eqOEgsPHFsuStnfY6n+5KPmiJyMqSh/nHuv2Jf23NF1DUNH1b9i/9reDUbSeS1uBa/DrWL23LoxUmK6t7Z4ZoyVO2SNirDBBIINfR5VjY6RlofPY/BN3aVzx7TyknlgWcWO+T1r9GP8Agmr/AMFAPip/wTP/AGk9e+OXgD4R+Gvjx8OvFPhiXwd498CalfixTXrAyCWKaC5ZJEjuInBX95HIjxSTRlcuJE+WNO/ZP/a5s5Ve+/ZE/argQEELN8Ntci8wdxzaj/Jr+nH/AIJi/s8f8EsP2vNDu/hP8YP2RL74N/tf+Hbdf+Eh8Lat4l8S6fNqMYUEXttbT3qyKCrKzxEApuDAFGU1+t5XlmDxuHdLEap/ytXR+Ece8a1uGo/2gqUpxWjsrpX73a0Pyx/bc/4KReFf2g/2Hm/4Ju/sLfsG6L/wT2/ZT1LxIPF/i/zfFA1i98UXyOs0dv5YTMcQuILSVpXkkZltoEQRJFsf7I03/g4K1BfjD+x/+1V41/4JS+DPH37Znw18Jv4E1zx6nxPexi1nRGtLiJ4dLsvIeG0aW5uvtXmTJM8KCa3ViLhnX9/P+HK3/BM//o2sf+Fjr/8A8nUv/Dlb/gmb/wBG1/8Al46//wDJ1dH+oGQ8ij+8uut1r+B+Pf8AE4y53L2Ds+nLt/5Ofx/eBv8AgpR4y8Jfs5f8FivgLP8Ask68k/7U/jLV/F2mXsHjKzlj8Di8uJpha3AMKm78vzVXzV8rdgnYvSvqzwt/wUN1r/goD+3T/wAG/Ufxf/Z+17wJ+0r8K/HnhjwR4k+ID+Iba/h+IUBntQJpYUjWWGTzbWW4ClmUNeXI/u1/Sn/w5V/4Jn/9G2/+Xhr/AP8AJ1Ymv/8ABDn/AIJma5bWiRfAPXfDup2tzHeWWpaX468QW93YTp92SGT7adrYLDOOjHvgjzsy8PcqdCX1SU/adOZq3zsj0cu+mThnWisVQl7PraOvyvM/Kn/gpv8A8FSfDn7IX7c3/BYL4Gfs3/sIeH7b9rX4g6Po/gjxB8bJPiDeeWLG48N2vkXL6JOksaXFul0yqLZoo5WiheRCY2En5Y/A/wD4KG/AnQf+CXvwC/4Jhftaf8E7vib+094G8A+NL7xot1pHxRg8O2viC7kv9RuIYpikD3CQCPVHRwjqxK5BXpX9Uuj/APBDz/gmtprajeap8D/FPjLxDeSrNfavrfj3xBd316yosaebMb0FgqIiKOyqBW5/w5W/4Jm/9G1/+Xjr/wD8nUZX4fZV9WisY5+168rVvldBmX0x8KsRL6rQk6fTmir/ADtM/nC0b/gvl8e7/wDa8/bP/aq+Kn7HVprFl8TvhFb/AAk8KeFfD/jGCJPA+nQSXUkX2m7mgH2xzLe3EjOkcYJkwAoAUfnV/wAE+f2z/F37Bf7L3/BTf9nK6/Z41b4q3n7RPwssvAVpq1j4jtrKLwncR6RrNi088UiMbgbtaV9qlOIWG47sj+1H/hyr/wAEz/8Ao2wf+Fhr/wD8nUn/AA5V/wCCZ/8A0bb/AOXhr/8A8nV6a4DyJRcU6mtusenyPN/4nEi5KToPT+7/APbn8gX/AATi/b08PfsQ/syfttfshfHD9j7xn+0d8KfjRY6VYanceHPHNvoU1pbw6c1pcRAyQSMGYsGWQe/Hr5x+3R+3Rqf7Y/h/9kf4L+Bv2YtD/ZG/ZP8AgXoF/o3gTwcPFEniLUrue6WKOa7v9RZIw5KW0e1Am5XeYtJJvG3+0X/hyx/wTOQ8/s2E+3/CY+IP/k6vw9/4K1fAn/gmv+yzb6R+zn+zn+ytqPjv9sHxTbGXTrTS/EHiHVJvDtsAXNy1ml5K005SOUpCYyoXMrkKqrLMuC8phVeJpc7a11ase/wv9JepnVeGVYfDycp6XUend+9+h/LPqZVCx+xQqe3NcrO+X4gjUdiDX03qf7Jn7W14FOkfsk/tYaoj9JIPhrrkiN68ra9aq6f+xD+2/rmq6dpOj/sWftcz6pdzpbW63Pw41mygMjsFXzbq4tkhhjyQWkkZUUZJIAJr4bPcbSjNpSX3n9LZPl1TkTktT5S1PwV4q+JR0/4c+A9D1LxZ48128t9N0fSbKJpbnUbhpAQkaAdgpYscKoBJIFf2W/tqW81t8fPEFvcbVnhs7KKRc/cYW0YIPuOn1rzD9lz9lb4df8EqPAM/ibX7nQvib/wUB8R2TRahqiDzbLwJZuAfsliG6nOC0jAGVlBIUKEHwn+1H+1v4f8AhXo/iPxl408Q3GueLZ3JUM++a8uGydoJ6n26KMHgCvzvFV/aSufdYSj7ONmfk/8A8FdSG/4KCfFMhgceHfCI/wDLfsq/OMMQCB0Ndb8Tviv4u+OPxM8S/FbxvKZtc1PyE5csY4YYVhiTJ5O2ONFzx06DpXHscD3rmOuGwxzk49KcoCjceD/KmKuT7Vn6leeShjQjeeKCm7alHUbpp5RbxHgdTWnY2i28QYgb8VQ0yzZj58gJJ55rcY5+VfyFBMY9WV2j3tuY5NWY0AAwADQq45PWpU+8KCipOu1qs24OzJyfenTJuXPWmQkqMFcCgrl1sOIwSKSpSMtk8g0xgAcCguL6EThSOcH0qSONQM46UBAxBI4qYkKKl36ESeotNKg5JH40K27PGKdS5ESFRMpGT2qWmv8AdNWWlbUiycAdqQqAoZsewxRQeQc8/WgG7q5DsDtwOM0y7kS2hc8VbRQi7jnjmuZ1GU3E6Qpg80ES0Vx2lwG4nadxxnNdRLsUBFFV7K3W3hXgdOvrTyckmgUVYci85AwKsh9q8jv69aiVew5qVVIOTQMkprHAPvxTqKAEiA4ziryY21UCk+wqyrYBFAEbICck/lTWYYIzzTmOATVQMS2O1AElN2L6U6kJwCaAImUDp0NMJ4JHNOJySahZs8DpVq+wDKKCccmo/M56cVqBJUbZY4AIFAckgYGKkqXqwGqoH1qdAMZIBqKpEB69qJSsB6N4JuwBNaE4w2QPY/8A1x+tejV4l4euvsupw5ICP8n49v1Ar2tGDorjoRmvt+FsRzU3TfQ/GfEbAuFeNeO0lZ/IdRRRX1Z+bXYUUUUBdhRRRQF2FFFFAXYUUUUBdhRRRQF2FFFFAXYUUUUBdhRRRQF2FFFFAXYUUUUBdhWt4f8AD3iLxh4i8NeDfB+jXHiPxhrWpWmjaPp0LKr39/czJBBArMQoLyyxoCSAN3NZNfVH7CPP7eH7CWef+L3/AA//APUjsK5cZUdOjKcd0md+VUFVxVOlPaUkn82fs78bP+Dde4+G/gj9pPw18MP+ChfwV+PH7b/wf8FW/jz4hfBiw8JXNi9npz2q3bpZao907TS+Qd0e62XzDNbiQW3nIT+MP7EX7MsH7ZP7RPhL4M33xGj+D/gWTRde8VeKPGLaV/aUfhfQtL0m51G5u2tvNiEgIto4RmRQHnQk4r+0XwGM/wDByN/wXtU8j/hmyDj/ALlrwlX8pX7Dko+Cv/BOv/gpr+1PJcXWkeJPEXhbw1+zT4NnZcw6hN4iuRfa/Cp3ZEiaRoxOQM7bgjoWr4nB5rXdOUHK7drfM/WMz4dwirU6iglFX5vNJHa/8E2f+CZnwg/bM/Zg/aX/AGt/2m/24tI/Yn+Enw01rQtD1K+uPBTa1DLNqCRiN3cXcTqTNcQQhFR/vZJxnHx/+2d8Fv2bfgH8aNP8B/sqftiaN+2/8MpfDNnq1z4vsfDMmhx2OpyXV5FLpxgkllLlIra1m8wMM/aQMfLk/ef7AH/BSH9iz9lb/gn/APtsfsvftS/sueNP2tNZ8ceNvD3iTRvCY1N9G8PXzWQszF/aeq28wuIPLliM4hSGQTeWkbYWUkJ/wWo/ZT/Zr+AXxA/Yx+OH7Ivw9vvgz8Dfjt8FdG+KFv4Km1SfUV8NahOFkmjgnnZnELRXdn+7ztWRJiu1GWNOvA4qqsb7OpJ2u15Hn5tltCWV+2owSlZN91sfjDRRRX2p+UXYUUUUBdhRRRQF2FFFFAXYUUUUBdhRRRQF2FFFFAXYUUUUBdhRRRQF2FFFFAXYUUUUBdhQMZBIzRTXYIjOTwBmplJRXM+hpShKclFbs808e3vFvZIep3H6D/65/SvNK3vEl4bvWLkhi6p+7Bx6df1JrBr8pxVf2lWU31P6ZynBKhhoUuyIyh5OcmoWJAzirVMZc8jrXOejboVlGTu96koxjjGKKAXcaVHXAz2pof1FSUxlzyOtBk7J2YK+SARTgAOgqJR82PSpqCR6sQQO1Zd/GUdJ4+x5rRomQSwsvfHpSauilqrF2wuRLEuTmpXGD7Guf0uYwzNC/HOK6WXaRuHWiLurlxd0VC7AkYFMJB5FK5BORz+FQEuCRzn6UxxjYnDkADipFfn0NVw2TgjBp1BF+5cBDckcj9aYQQSD1qJZCDzUm7IHORQajQ3OG6/zprqOo4p+BnOOaYy/LgdO9Bk1ZkB+U57HrT6QjIIpRxjFBSXvCEgdacmCRyMUSJ2H4VEmQSCCBQWXKKQHIBpaqMrAFPRtp9KZSgZIFK7uJO5dDjjnBqKRMkYOBSVIh6jtSGVth9RTk6EZ/D0qwy5xjAqu6tnI+9VaAI69SKYFJBIo3Me5pd3y4xxUgQOMEntSqAylWGRQ56CmjK4btQBz13bvZTiaMYQnnFbtpOlzEOQDj1qWWGOeJkIyccVzsLSWFyEYnb29qDP4X5HRD5XweD71LTcieMOuC/8AOmK2DtP/AOqg0Ppn9iU5/bn/AGIRnJ/4XB4O/wDTxbV/XL8LZFi/aJ8FyOyoo8VRHJOOlxn+lfxG6V4g1zwb4m8KeNPDUz2uv6Lqlrq9lIpw0c8EgkRl9wyqfwr+ij9lD9tLw18dtCtDdXT6L48tiGvod+JIJS3DJ3ZD0DjrjBAY4rGe5DlZn5//ALengXxl8NP2/wD9t3w9498Oav4T1jU/ip4l8UadDexFPt+k32oTT2l5CekkUkbqwZScHIOCCK+breUq4AjjfPGCRX9fPxO+GHwe/wCCnnwu0z4L/tAanZ+C/wBofRbVl+HXxKhiX7Ray4GLW7xgXFvJtAeNz82SylXII/m58d/8E9f27/hl428SeAPEP7JH7Q3iTVdKuntpNT8K+CtV1rSNSUYK3FnfWtu8csTqysOQy5KuFdWUediqDaujzsRSb1R8+acEkwos4pBkdW4FfsF+xH/wUo0r4Afsj/Fb/gnZ+13+xPof7ef7D/iXxCPFGk6LD4sfw/q/ha9eWOeSGGdPmeAzxJLGYXhlRpLjc8iS+Wn55af+yJ+2FbYe7/Y9/a6tUBwTL8MddQfra1+on7CnhH9luy8YaR8Cv27P2b/FPw/8e6qEufDmteI213QprgtIY1guLVpIVVC6OEuFQJlGVznBr8c8R+PsRwxgKmaxw868YK8owScrdWk5RvbrZ3PiOJM+q5VQljI05VEt1HV272utjgv26/8AgoZ8V/20fiz+wp4r8H/sreHv2df2Xv2b7nSP+Fc/Cqw8SpfXk9vbXdg0pn1AxpGCbbSrSCKMq3lAOdzl2LYf7RP/AAUK/a2+On7TP7Rfxp8K+FtY+F37OfxE+L3gL4ra/wDCybVre8vNQn8Ow2sccSX6hYkEptklYFRue2tc/wCq+b+ktP8AgmV+w2gAT4HqBj/oY9X/APkqn/8ADs39h7/oiC/+FFq3/wAlV/DUv2nWSJtfVa2//PuP3fxP+Cfhj+lBhb6Upf8AgK+74j8KvA//AAVr+O3w+/4Knftf/wDBRnQP2TtN8Q/B7406LbeEvGXwg1vxZFHdXemR6ZZ2omg1WKMxxzrLZuw3RlWinljKhmWVPH/21P2zpP2rf2W/2aP2BP2ev2ONM/Ym/Yg+Fes3firSvDuoeN5PE+q67rcq3jJNLdugaGFJdV1GRkZpC7TZBUKqL/Rr/wAOzf2Hv+iIL/4UWrf/ACVR/wAOzf2Hv+iIL/4UWrf/ACVWWI/acZJOEofVayv/ANO46f8AlQif0n8LKLj7KWvkv/kj+XL9sf8AbL8cftO/sK/8E9P2S9R/Zu1L4b237Pfg/WtM1PxLd+JrW9h8SPJpMdsjwWsaB4uYC+GZsZAr+iT9pf8Aa3+Cv7HH7E3/AAbJ/Ff4o/sTaZ+2V4v034UWut+BwvjW68O3nhLW7Lw/4emju4nTfbXMZBJeG4ibDwwOjrsZJfYbv/gmF+wtqFpc2F78Cori0mjaKWNvEer4dGGCD/pXQgmuD0P/AIJDfsK6Rf8Ah6+vvh9498WQ6NaSWWh2ms+ONZu7fQ4HVEZLONrrEK7Io0wvG1QMcDHv5Z+034U9lVqYnC11UsuVKnGz33vV7noYX6T+Wcs5VaU+bpZK3z94/FP4F/8ABU/9pn4Wftxfts/to/Fn9nbwd8fvh5+0Xpt14c+JPwkTxOdN+zaN5QtrCG11XymDy2tpvtmYoolSSTAjZlePx3/goB+13f8A7bXwU/Zq/ZT+CH7IWlfsWfsgfB3SdZj8JeELjxm/iS/1fVL2FkW6ur10DRpF5kxVC0jl5pWd3DKsX9KX/Ds39h7/AKIgv/hRat/8lUf8Ozf2Hv8AoiC/+FFq3/yVXz8/2m+SuDg8NW16+zjf0/inmT+k9hZRcXSlr5L/AOSP5ff28/2uvHn7d37MH/BM/wDZwX9nLU/hNc/s7/CbUfh/davqHiS1vYvFdzNo2j6ek8EUSq1uN+itJtYvxKBu+X5v0e1T/gtn8IdXf/gn38RPiR/wSk8dfEn9ov8AZy8JW+g+BtRuvjJBYaOl8tla28l9NbQ2jtNh7JJY0bOD15wR+sH/AA7L/Yb/AOiH/wDlx6v/APJVfnx+338BP2BP2YvBFho/hv8AZ3bxt8dvErpp3hHQLbxBq80s1zIxRbiSFbvzGjRiAEVSZJGjjGAzOn23An7QrLs+zWnleAwNaVWq0kuSKS82/a6Jbt9j28i+kVRx2LjhqFCblOy2X/yR/ND8Zvib8Rfjt8Zfjf8AtD/Fu28Pt8TPH/izUvGGtxaarR2VjPdSl/s1qsjM/kRLtjTczNtUZZjlj4ldygy7fJijGOoIr6z1b9lH9rK/MraZ+yX+1ZfpyQbf4ba1IGHPIK2xBzXD3P7G37aeBLF+xV+2NcFjgKvwu10ZP1a1AH4mv74yuVWqvaTWr1P6CwsJz96S1Z8q+I4bi80260qwtrrUNVvkNhZWttE0s13cy5jjiijUFndmYKFAJOa/sA+JvhDxP8OPg5+xN8O/HWkXPhvxt4e+CHg/RdZ064I83T72302GKaGTBI3I6spwcZFeUfsTfsG+A/8Agnd4U0f9p39qDS9I8aftuajaibwd4TZluLL4dRuMebJzte/Kud8+GCEBIgcPI3ln7UX7VFl4aTxJ8U/i94kbUdZui80xdgCAQQqxoBwuQEVAPYAhTj6qlCyse7Ri4I/Kn/gs6Vf4/wD7KjIysp+CVgQQev8AxUOt1+UFd/8AHP48+Kv2j/icPiB4hja2sbSwXR9Khd2Z4bJJ5JUU5ZgDumkOFwoyAM4yfPUcMB6130djojK+o4gEYPSqroUPy5q3TSMtyMjFaRViiqH9RzQXU8EHFTPGOuOKhMfoaoBpXAyDkVAy45HSpypH0ptJrqJrqV6KcwwfaimKUbmLRRT1XPJ6V55Qirnk9Kq3E7SP5EHLdz6Uk9wWbyIeW6E+lXrOCK3AZ8M/U5oAlsbBYkEj5Ldc1akkzkA4WonuGc4xhaiZt3bFBV7bCs5PTgUgYgYGKbgjqMUUEj9vmKdwGPWup+GvxI8X/Bbxda+MPBtyRgj7XYuT5N7FnlWUfjgjlTyK5oY7YpGUMMHpQJq5/Sz+y1+2FoHjbw9Y+M9D1zUND1Cywz3ayn7VpcwG4rMwORjB2v0IA9CB9+D/AIKC/EzbtT9oPXG/66T5/mtfxXaLrPi3wjfXN/4L8W+JPCF3OnlzSaZeS27SrnOGMbKSMjODxXU/8Lc+O/8A0XH4t/8Ag/vP/jtOLs7mfK9j+xq9/b2+JN2qF/jdNeOucbwrYz9Frh/ib4w+Cv7RA8I/Ea++N2rfs3ftO+HnA0vx9oEEpnki3Eski27xytw7bW3oyMSQdrOr/wAjw+LfxyP+t+NnxYl9N2u3hx/5FqVPi38YxgSfF34nSP1JbWrok/8AkSvsMj4klhWmnqj5jPOHoYyLhUjdPdH9TX/CQfGv/pNX+0H/AOXF/wDLSj/hIPjX/wBJq/2g/wDy4v8A5aV/Lh/wt34v9/ip8Qv/AAbXP/xym/8AC3fi/nb/AMLT+IWPX+1rn/45X3S8Sl2/BHwv/EKMB/z4j9yP6kf+Eg+Nf/Sav9oP/wAuL/5aUf8ACQfGv/pNX+0H/wCXF/8ALSv5cF+LnxgJA/4Wp8Qf/Btc/wDxynH4tfF8cn4q/EH/AMGtz/8AHKP+Ikr+kg/4hRgP+fEfuR/Ub/wkHxr/AOk1f7Qf/lxf/LSj/hIPjX/0mr/aD/8ALi/+Wlfy4j4t/F8nA+KvxBP/AHFbn/45Tv8AhbXxg/6Kr8Qf/Brc/wDxyj/iJK/pIP8AiFGA/wCfEfuR/UZ/wkHxr/6TV/tB/wDlxf8Ay0pR4g+NWRn/AILV/tCY/wC5i/8AlpX8uY+LPxfPH/C1fiFn/sK3P/xyn/8AC1vjB2+K3xBz/wBhW5/+OUf8RJXl9yD/AIhRgP8AnxH7kf1JJ4g+MRTE3/Ba39o0ZB5U+IvT/sJmuw+E/i34J/s5WfjH4hWPxu1T9pD9qTxLI8WqePvEENwLpLYsp8tVuGdlUhIix3u0jrljhY0T+Tk/Ff4wtgH4r/EcDvjVrn/45Veb4o/GNgPL+L/xPhx126zdDP8A5ErgzHxAlWpOmrJPyPUyXw4wuDq+1oUlF90lc/sTs/2+PiJY26wWvxsbTFUnCQhF285/u1al/b/+KFyHgb9oTW542GCglGT+S1/G4fir8c4/lj+N/wAWY07Kuu3gA/8AItM/4Wz8eATj44/Frj/qP3n/AMdr8txeJdSbkfo9ChyJJH9E37UH7ZPhfwPo2qeKNf8AEt1quu3SuyO8x+1anLgApEG5JGV3P0QEdyK/nZ+I3xF8V/GfxZf+MfGdxI5kcm1svMZobOPgBI1YnHABJ4LHJPJNc1rmseMPF99a6h458Y+JvGV3AnlwSarey3LQrnOFaRmIGSTgcZqvlVG1OB/OuU6Er6skJVFCqowO1MALHmjI24A5p6sqKWI4Hr3oLI7idLeFnIGe1c5bQyX1wZX3Fc067me+ufKTJTNdJa2q2sKkEZ/nQZ7sdhYEEacGmoOpphOWJPrzUgccAA0Gg+lAyQKAMkCpsBQcCk32Ks9xSM8GkWHODzRHk4Jyea0lQlRwBQ3Y1SsZzA8g00Ko7Z+tXnRADlQT0qswUeuaF3FPYZSEA9RTWYqcEU4EHoaZiLRQTjk0wuB05oAfSHGDnpSFgACTjNRlyfYUm7FSd2NYgZPQUiZc9MCkKAknmp1CpHuLAe1CdxpNlO/nEML/ADYOKx9Kt2nmedxnPTNMv5mup1hU5Gea6GzjW2gGBzimQ027lmUhVCCoAcEGk8zzDk9aUj0IOfSgC0jDpkYp5YA45qqh4IqSgCYMCcDNTIOpqvGMnNWwMACgaVx2DgHtSUuTgDtTeBk0CI3BPXBFVSCpqyzbscUhUgZPFAEA3HoTTy20Y6mmsxyQDxUZIAyapRe7ARzgcVGFYjOKUMSwJNSMQASelPVAVX6D61FUknao60SsA5PvCpqr1MpJGTU394B1PD4AGKZRUzeoDknaKWOVWw6kMPY5r3vSblbqyikT7hUMPoRn+tfP74x712Wh+K4tMsktrhblnUkAooIK9ecn3NexkmOVCrzy2PluLMlljcN7On8XQ9horzj/AITu0/u3v/fC/wCNKfHNsBkpe/8AfC/419b/AKyYbzPy/wD4h/j+y+89GorzUePbQkjy7/P+4v8AjTpPHtpEu5o70j2Rf/iqP9ZMN5hHgDH9l956RRXlL/E3TUbaYdSJ9o1/+Kq3H8QLORA4hvlBGeUXj/x6hcS4bzJ/1Bx/Zfeel0V5ofiFZL1hvj/wBf8A4qmD4jWBOBb3/wD3wv8A8VT/ANY8N5h/qDj+y+89OorzX/hYNljPkXv/AHwv/wAVQPiFYk4EN7n/AHF/+Kp/6xYbuw/1Bx/ZfeelUV5t/wALAsv+eF7/AN8L/wDFU/8A4T20/wCeN5/3wv8A8VR/rFhu7D/iH+Ydl956NRXnP/Ce2n/PG8/74X/4qj/hPbT/AJ43n/fC/wDxVH+sWG7sf/EPsw7L7z0aivOf+E9tP+eN5/3wv/xVH/Ce2n/PG8/74X/4qj/WLDd2H/EPsw7L7z0aivOf+E9tP+eN5/3wv/xVH/Ce2n/PG8/74X/4qj/WLDd2H/EPsw7L7z0aivOh47tSM+TeD6oP/iqf/wAJ1af88Lr/AL5H/wAVR/rFhu7D/iH2Ydl956FRXnZ8d2q8+Tef98D/AOKpB48tcFvIvCP9wf8AxVH+sWG7sP8AiH2Ydl956LXS+CfGvin4aeOPAvxN8DX1vpvjjwzrmneJNFuJY98cGoWV1Hc27uoI3KJYYyRkZANeKHx7aAE+Tef98L/8VUf/AAsKxzjyb3/vhf8A4qs6vEGFnFxlezNsPwPmVKpGpBK6d1qf16/Gj/gvz+xpremftZftNfs+/sOfGX4Z/wDBTb43fDiD4d+MPE2seIba58MaFALOOza6sWS4MtxIkdvabVa0g8w2Vvu2fvN/4F+L/wBpDwxffsD/ALMn7FvgXw14y8PXPh3x/wCLfiV8Qb6+eA2HiHWbuG007SXstkrSYt9MtZIpDKkfzzEKCBuP5/8A/CwLL/nhe/8AfC//ABVNPxCsh1t77/vhf/iq8bD1MBTkpJu6dz6vGYXOq8HCUYpNW089+vU/cj/gnz/wUJ/Z0+CP7K37YH/BP/8Abi+DHxo+LP7JHxa1PR/EzXnw31KztPEXhzWrGW2cPGt48cMsch0/TXDeYvlm2dSkyzny/K/+Cov7evhX9vT40fCfUvhH8KNZ+Bv7Nnwx+Hul/DH4c+GNTvku7+20q0Ln7ReOjOqzuGhi2LJIAltFlmYsx/I1fiBZtj9xeg+6L/8AFVIfHloF3GG8/wC+F/8Aiq2p4vAxr+3Td9/I462U5xUwiwbUeWyV+tkei0V5wPH1ocZgvQP9xf8A4qlXx9aMwUQ3mf8AcH/xVev/AKxYbuz5z/UDMOy+89Gorhl8XwuMrHc/io/xpp8YQD/lldN/wEf40f6y4bz+4n/iH2Ydl953dFcH/wAJpb/88bj/AL5H/wAVR/wmlv8A88bj/vkf/FUv9Y8N5h/xD7MOy+87yivPpPG9tENzRXRHsg/+KqovxDsnbatvfk/7i/8AxVP/AFiw3dh/qDmC6L7z0yivNJviFZQDLwXx+iL/APFVBB8S9OuGKpb6gCP70a//ABVL/WTDd2H+oOPvay+89Sorzo+PLUdYLz/vlf8A4qk/4T20/wCeN5/3wv8A8VT/ANYsN3Yf8Q+zDsvvPRqK86Hjq1Iz5V3/AN8D/wCKp/8AwnVp/wA8Lr/vkf8AxVH+sWG7sP8AiH2Ydl956FRXnv8AwnNtx+5u+f8AYH/xVO/4Ta1/543X/fI/+Ko/1iw3dh/xD7MOy+89Aorz0+OLYZzBdn6IP/iqP+E6tP8Anhdf98j/AOKo/wBYsN3Yf8Q+zDsvvPQqK89/4Tq0/wCeF1/3yP8A4qgeNrUjIiuv++R/8VR/rFhu7D/iH2Ydl956FRXnp8cWgODBd/8AfI/+Kph8eWgOPJvP++F/+Ko/1iw3dh/xD7MOy+89FrM1e6W0sZpW5UKWP0AzXG/8J1ankRXf/fA/+KrH1zxRHqdm1tDHMpbhi6gADrxgnnpXHj8/ozoyhT3Z6uScD4qliYVK6XKn3OGd2kd5Xy0jEsx9TTaUgg4PWpFUjk18SfsiVkRUVMyg+xpmw+ooGMxntmmlVPbH0qwq7c85oIUZYgfWgCqU9DTCCDg9atMmORyKhZc8jrQJq5FTWJAyKRmIPTilDBsjmgzaQ0P6ip0PUdiKqsMHGc1MhIAPeglOxl3iGCdZVzjNakF35qjJ2mm3sQlhOBk1lWRO/aeo7VOzBOxv7WUE8kUA5ANKJD5eGOajTHzelUNK5JRRSHOODg0FTQtPCZUHPNRK2eOhp4YjgGgFtbqOVscHpQzAHKkHihVDZyTmmnqec0FaNgTkk0lFITgE0Ck9iUDcuD1FRkY4NKrYIIoY5JPanvqWSK2eD1p7dPl64qAEggjrUqsD9aQCKxJwRzUwTIBzTdpPIGT0qUfKozxQAwOQcHtUtRFgeq0gYj3FVGVgJ8n1NJTVYN7GnU5LqgIXXB9jTanIBGD0qBgRkDrUARue2Kjp+/jBGaZQA0OQ2OnNQ31sLiJnxiQd6WQFGDDlatpNHIuDgNQS1damFp9+1s/ky8jOBXQkwzAOrKCevNc3f2pDGVBnHJx2pbSVioG48VKdtDOMrG+8TFcZytS+HPEXiX4feJtP8ZeDdRk0vX7VtwZfuTqfvJIvRlboQev1waqxvKoBBLL3qRnikOGUA/Sm1c13R+//AOyP+2no/wAU9Cji1WX+zPEdiA1/amRjNZsDxLGerwk9/vKeD2J/VW1/4KAfFC2t4beH4/8AiOKFFCrumLHHoSVJP41/FXp8+veH9Vh17wnr2teGNaRWVLywuXgmCsMEB0KsMgkHnkV1y/E/45df+F2/Fdv+45ef/Hay5GZOLR/Zgf8AgoH8TXh2S/HK6vRnJWZVP/sgrC+IfxK/Z7/a++Gd14A/aR8YWnhvx3YzG78LeNrHTVmutMmOMRsiKC8LHG+MkK4CkkMquv8AHf8A8LR+OYU/8Xs+K4Hcf27ef/Ha0Yvi/wDG9FiU/Gr4qMABkHXbwj8R5tfPZxkccVHlkjhxeCVRWaP6o4NH1/TYIdP03/gr18T7TToEWGCGLQ9cVIY1GFVQNTAAAAAA4FTfZPF3/SX34tN9NE13/wCWdfyzL8X/AI0tz/wuP4l4/wCwvdf/ABynD4ufGs8j4x/Er/wb3X/xyvyiXgjlLd3h4f8AgK/yPjP+Id5e3d0I/cj+pj7H4v8A+kvHxeP00XXP/lnQbPxgAD/w90+MX/gm1v8A+WdfyzN8XPjWoz/wuL4lH/uL3X/xyoT8YvjVnafjF8Ssf9hi6/8AjlC8D8p/6Bof+Ar/ACF/xDnLv+fEfuR/U21t4wU4P/BXb4vj66Nrf/y0qMxeLh1/4K9fFsf9wbW//lpX8sx+MHxlPJ+LnxGb66vdf/HKa3xf+MJyW+K/xBYe+rXX/wAdo/4gVlP/AEDQ/wDAV/kEfDzLulCP3I/qcEXis9f+Cv3xZH/cG1v/AOWlHk+Kz/zmB+K4/wC4Nrn/AMs6/lfb4w/GEYx8WfiGPpqt1/8AHaP+FxfGPPHxd+I6/wDcVuv/AI5S/wCIIZT/ANA0P/AV/kP/AIh/l3/PiP8A4Cv8j+qQW/io/wDOYL4qgev9ja7x/wCVOvRPhdqn7PXwN13xN8bPFP7Qmr/tb/tI3Nslho2t65Z3UK6Ha7CjKguJJn3MCVaTzd/lkomxWk8z+RY/GT4zryvxg+JGf+wtcj/2pTG+MfxrlcSr8YPicrgHG3XLtdvqBiT6V62S+EmXYOuq1CjGMu6SX6HZgOC8FhqntKNKMX3SSP7E7L9vb4kafAIY/jN9k2psLRRIh4GM4VAv4AY9qsL/AMFBvilG6Ofj7rcqBgTGWwrDPQgIOPpg46V/GXdfGH44xmV0+MvxWbJJI/t+8H/tSs+D4y/G64OxvjP8VomB/wCg9dn/ANq1+sYbCqCsfYUafKrWP6fv2hv2uNJ0zRde+JfjTxtc67ehQlxqN2TJLK4GFRAcb3YYCoowOScAV/Nb8Y/jL4u+PniaXWPEEz2nhyKeWTT9OUkKisxIkl5O+UqQGfgZztCg4rgvEPiDxz4vSzi8aePPF/jC2gYvBHqd/NcLExHJUSO2OB261Sths+VcgV2xh3N4x11LsMaIihFC4GMDsKsK2PpVYEjpTw/qK7DQ0EfgAnPvUlZ6SDOB+VW1kGBnp60AS1ARgkVNkeoqNlHJBGfSgBlRsn92gswOCBS7x6GhrowIWBII6GirGR6iiiNgOcVccn/9VZ13d5Jgh3E9CR2p9xcPITBb5J7kVNb2KxoruCWxnmvPJbfQis7Z1wzDn1rVYIox95qjUHOF4XFSBPWgaVhoUnpTsBeTyaeSB1NQkknJ60DAnJJp6p3P5VHU65wM9aAFooooAKQkDqaCcAmoeWPqaAJSw6Dk06mqoH1p1ABRRT0BzntQA9Rge9MOWPGcVMASCewpKAERAOSRTjjJx0ppYDgmloKbXQkQdTUlMQYBPrT6AjG4U1m2j3pSQOpqu7jJ9aCpT7CM2OvJoLYGQee1Qk55NFBmFR78ttXk0SEhTiooWKNkg0AXFh2qzyHBrE1G+yDDDz2JFXL67ZUOThugHrWVbQNKdzKST3NBEm9kP09BGd7DJ610sc2/AIAGMVSSCOJMkqWpUZlPy9aCoqxclXGT0I5FJEmTk9KmSMsBkHNTrEAaDTkYwL6CipiQo4qGk3YpcpMicj1q+h4x6VUh6VZTAJJIHas5osJFBGMdaoSDHJ+laDsMdRVCRs5GOtVDYJ2WhAy7sc4pQMACloqznGP0H1qKlY5JNNyBj9KAFyT1OaRmCjJOKCQASelQ5UtlyBUP4hp2E3s5GAdtR39yIYTzzipZJVXlFAHrXN3DyXdx5YBABpq/UJNk+nIZpi5y3OK6qRQkQJqhbW/2aIELk09mlmO1j8tUCdiJDl8nirdNWMJ25p1AiZRge9PAJIA61CrYwMVMpwQTTu7AWY1A6dBU1RKwAIOadvHoaRUbdRxIGM1EzE/Sh2yOM1V5z3zQSWM456U9myAO9QK/XcaeDkA0ANKAknJqu/QfWrrMCAFHPbNVGGRjOKuG4FQsQx9PSngkjkYp2zk8DIpwRj6D61Skt7iSdyMjIIoAA6CnEYJFJTTTY7dSNwOvenJ90UpAIwelIFx0JqG7Mnlsx1ITgE0pOOTUTNngdKSV2UNJJOTSUhOBnrTVYk4OKqT6CbsSoMsKkYZBpidSe1IzZ+lEk72GQt8rBhQwaRCWz+WalADEA9Kmm2xwlgOcU3BAclOo88KvJzXQRgLEB7VgxjzLsbhxmuicBVAHPFKEeplDcqyKW6HFRpEQctViircdSCFjyQDwOKVBzmmnljjnmrMaj8qZp7Meq45PWn0UoGSBQaCqu4+1LsPqKkAA6CloC/Qi2H1FGw+oqWik1cCMR+ppoGWyBxmpqKYBRRRU82tgCiiimncCJ1zknGKoyLgj1NaTdCSce9VJO1MCFRgCnU5RkipScAk8CgSlchXqPrVuT7g43f1qqsgLAYXOfSrLZEYxyaBk0SgryCKjfCSKQoBzipIM4PpTZyMqcAkEUAbMTYUHsaCRyegqGJh5fHXrSEk9aAFYgnIptFNZtuOM0k7gQXCllx2rIVTDJgj9OlaruTxnIxVdxkZxmmJq5UvU86IstYNm3l3GDkc4rq2UNb4x2/KuUPyXYzxzzUT2M5o6YsGC02kOFRWPHFAIPQ1ZqSo3Y/hVlNuBnb+NUwCTgVMBgAZzQBZopqfdFOoATJ3EHp1prLnkdafSEgdTQBDg5xg5p6Hgingg9DUbDByD1oAa3U/WmMu7HOKdRQA1V2j1p1LkAEYB96SgBpXJBzinUUUAFFFMLENjHFAD6QjIIpaKAIwrDoRSleM4yfQd6fRQBSkTIJFV1UhhkVebqfrUDLg+1BEo9huAeozRRSE4BNBM0TKAUxjjpWJKptroN2Na0T5ODxVfUIt8e8dRzQJpWuacKrLGCP8A9dM27eKpaZcFk2E81pyjuvSguKW5EAT0FBBHUVImMcde9D9B9aAcm3YqsdrEjinAsTnAxSsufrUQJU0AtUT0UgIPQ0tA436hRRUoVSoGARQErdSKnAjaQefSkIwSKSgVktwpQSDkdaSmlsEDFBZbViB2pS2RyBn1qJGyAD1pGZgfSgCSkJI6DNMV+x/OpKAFU4I5xU9V6eHI680AO3j0NRsdxPpQ2MnHSmM23tmgCJhgkUlFFADlUNkGo2t1yWHFOqYMCOSAaAK6QqWIOWzWJc272c29QNhNdBna2QeKdPAlzEVYZJFJq5DV0UbaYugMZyemMUEncVYEGsqCWSwuTE/3DXTCOK4RZI8FjyaE7ji7kcDFRg8jrWirhsYqgq4+tToeMelMovlARxg/1qsy46Amp4nyCDgCpGUH2NAFNWKnIq1HNUDxkdBUfIPcUDTaNUMrdDmq0sPoKiRiB1BqwJNwwetHW4N33KLKR9KbVtxzmqzLg+1bRegiF17j8ajqxUTLjkdKJRuAyomQ9UODUtFY2ElYpkMzfNk+9Z93p7p/pFtww7CtksucEZqzEyspRuQaBmRYXiXCGKUAN06VotB5bblxtrJ1CweB/tNuD+Herun6gk6COQ/N70RbQk3sy4FVgMcHvTSCDg06RWiJYDK/ypm/eAe1bRegwp4dgc0ylwcZxxVAWRKM4JBp3mc9OKp04ErmgC6QD1FRMuPpSJJwBSsQTkUANooooA//2Q==
Body:			<none>

HTTP/1.1 403 Permission Denied
Connection: close
Content-Length: 117
Access-Control-Allow-Headers: Authorization, Content-Type, Accept, X-Mashape-Authorization, IMGURPLATFORM, IMGURUIDJAFO, SESSIONCOUNT, IMGURMWBETA, IMGURMWBETAOPTIN
Access-Control-Allow-Methods: GET, PUT, POST, DELETE, OPTIONS
Access-Control-Allow-Origin: *
Access-Control-Expose-Headers: X-RateLimit-ClientLimit, X-RateLimit-ClientRemaining, X-RateLimit-UserLimit, X-RateLimit-UserRemaining, X-RateLimit-UserReset, Geo-City, Geo-Region, Geo-Metro-Code, Geo-Country-Code
Cache-Control: no-store, no-cache, must-revalidate, post-check=0, pre-check=0
Content-Encoding: gzip
Content-Type: application/json
Date: Thu, 09 Dec 2021 13:57:42 GMT
ETag: W/"92568deb19743a1a30078a1c4fb8785080db97f7"
Server: nginx
Vary: Accept-Encoding
X-Post-Rate-Limit-Limit: 1250
X-Post-Rate-Limit-Remaining: 1236
X-Post-Rate-Limit-Reset: 3136

{
    "data": {
        "error": "Malformed auth header",
        "request": "/3/image",
        "method": "POST"
    },
    "success": false,
    "status": 403
}
]]></system-out>
  </testcase>
  <testcase name="uploadFileTest3" classname="HomeWork.ImageTests" time="0.775">
    <failure type="java.lang.AssertionError"><![CDATA[java.lang.AssertionError: 
2 expectations failed.
JSON path success doesn't match.
Expected: is <true>
  Actual: <false>

JSON path data.id doesn't match.
Expected: is not null
  Actual: null

	at HomeWork.ImageTests.uploadFileTest3(ImageTests.java:73)
]]></failure>
    <system-out><![CDATA[Request method:	POST
Request URI:	https://api.imgur.com/3/image
Proxy:			<none>
Request params:	<none>
Query params:	<none>
Form params:	<none>
Path params:	<none>
Headers:		Authorization=Bearer d668cb7e09e2dc8312f4ddaaef48c673c0b43359
				Accept=*/*
				Content-Type=multipart/form-data
Cookies:		<none>
Multiparts:		------------
				Content-Disposition: form-data; name = image; filename = file
				Content-Type: text/plain

				2
Body:			<none>

HTTP/1.1 400 Bad Request
Connection: close
Content-Length: 104
Access-Control-Allow-Headers: Authorization, Content-Type, Accept, X-Mashape-Authorization, IMGURPLATFORM, IMGURUIDJAFO, SESSIONCOUNT, IMGURMWBETA, IMGURMWBETAOPTIN
Access-Control-Allow-Methods: GET, PUT, POST, DELETE, OPTIONS
Access-Control-Allow-Origin: *
Access-Control-Expose-Headers: X-RateLimit-ClientLimit, X-RateLimit-ClientRemaining, X-RateLimit-UserLimit, X-RateLimit-UserRemaining, X-RateLimit-UserReset, Geo-City, Geo-Region, Geo-Metro-Code, Geo-Country-Code
Cache-Control: no-store, no-cache, must-revalidate, post-check=0, pre-check=0
Content-Type: application/json
Date: Thu, 09 Dec 2021 13:57:43 GMT
ETag: "4e83195763887bf29d8de596f771ea2839dc3e3b"
Server: nginx
X-Post-Rate-Limit-Limit: 1250
X-Post-Rate-Limit-Remaining: 1235
X-Post-Rate-Limit-Reset: 3135

{
    "data": {
        "error": "Invalid URL (2)",
        "request": "/3/image",
        "method": "POST"
    },
    "success": false,
    "status": 400
}
]]></system-out>
  </testcase>
  <testcase name="uploadFileTest4" classname="HomeWork.ImageTests" time="1.566">
    <failure type="java.lang.AssertionError"><![CDATA[java.lang.AssertionError: 
1 expectation failed.
JSON path success doesn't match.
Expected: is <false>
  Actual: <true>

	at HomeWork.ImageTests.uploadFileTest4(ImageTests.java:90)
]]></failure>
    <system-out><![CDATA[Request method:	POST
Request URI:	https://api.imgur.com/3/image
Proxy:			<none>
Request params:	<none>
Query params:	<none>
Form params:	<none>
Path params:	<none>
Headers:		Authorization=Bearer d668cb7e09e2dc8312f4ddaaef48c673c0b43359
				Accept=*/*
				Content-Type=multipart/form-data
Cookies:		<none>
Multiparts:		------------
				Content-Disposition: form-data; name = image; filename = file
				Content-Type: text/plain

				/9j/4AAQSkZJRgABAQAAAQABAAD/2wBDAAEBAQEBAQEBAQEBAQECAgMCAgICAgQDAwIDBQQFBQUEBAQFBgcGBQUHBgQEBgkGBwgICAgIBQYJCgkICgcICAj/2wBDAQEBAQICAgQCAgQIBQQFCAgICAgICAgICAgICAgICAgICAgICAgICAgICAgICAgICAgICAgICAgICAgICAgICAj/wAARCALQBhgDASIAAhEBAxEB/8QAHwAAAQUBAQEBAQEAAAAAAAAAAAECAwQFBgcICQoL/8QAtRAAAgEDAwIEAwUFBAQAAAF9AQIDAAQRBRIhMUEGE1FhByJxFDKBkaEII0KxwRVS0fAkM2JyggkKFhcYGRolJicoKSo0NTY3ODk6Q0RFRkdISUpTVFVWV1hZWmNkZWZnaGlqc3R1dnd4eXqDhIWGh4iJipKTlJWWl5iZmqKjpKWmp6ipqrKztLW2t7i5usLDxMXGx8jJytLT1NXW19jZ2uHi4+Tl5ufo6erx8vP09fb3+Pn6/8QAHwEAAwEBAQEBAQEBAQAAAAAAAAECAwQFBgcICQoL/8QAtREAAgECBAQDBAcFBAQAAQJ3AAECAxEEBSExBhJBUQdhcRMiMoEIFEKRobHBCSMzUvAVYnLRChYkNOEl8RcYGRomJygpKjU2Nzg5OkNERUZHSElKU1RVVldYWVpjZGVmZ2hpanN0dXZ3eHl6goOEhYaHiImKkpOUlZaXmJmaoqOkpaanqKmqsrO0tba3uLm6wsPExcbHyMnK0tPU1dbX2Nna4uPk5ebn6Onq8vP09fb3+Pn6/9oADAMBAAIRAxEAPwD+I69+FepWUqK+owGI/wAW4Vpx/B++kRXj1W0OefvivNV8VaoThrqZweoL9fzpF8R3aDiS5jb1WUgflivAVHEtWc0n6H2ixeXJ/wANtep6b/wpzVcgR6lasfUOOKup8DfELoHF5Aw9nFeWx+K9RUZM9yfpMR/SrkPjrWID+7vL0L6ef/8AWrKrhsX9movuH9cy1/8ALqS+Z2upfBrxTp8YlHlyqe+8GoYfg94uuIkmg+zyKRkYxn+dYC/EjxCF2G8vSnTBnJH8qanxG16B99tdXdu3X5JiAfqMYqHRx1tZxv6Mz9vl3Nfllb1Ogf4N+NkGfsat9P8A9dQH4TeNU66dJ+C//XqKD4teJgGE+oXgx0Kvn+eKvD4wa+p41PUD9UH+NQqWY94/iaKplnaX4GZP8MfGkMbS/wBlXLKBknaRgVWt/h94xuF3Q6RNIB1wDx+ldPF8bfEUQwL26YdCDGpB/WnQ/GvW7WRpbSaa1lPLbUBDH1xmof8AaCW0WVTjljteUkcs/wAPfGaddFuz/wAAP+FVG8FeLU4bRrwH/cP+FepQftA+JGAFxJa46ZMX645q4v7QGqj7z2L/AFhb/Cs1PMusI/edX1fKXtUl9x4xL4W8Tw4L6Pe/gh4qgumawztGNPumcdQFOa99X9oO7UHdBp7/APbJv8KzJfjTavcLdxWVlDP3HlMVb8MVUK2O+1SX3mNTCZb9is/uPHBo+vbsLpd8T/uGrMfh7xNIcLo2otn0jr6Fs/2hI4kQTaFoRyB86hf1HUVfP7QxIHlWWixcdiornniMyvZUV951U8vyu13Xf3Hzq/hTxUkTTSaPqCIO5U1etvA3jK6iSW30W7lU9PlP+Fez3v7Q886S2s0OmGI8ELGSD+IFZEHx+1exUx2N3bC37RtCePocUlUzJx/hxT9Q+q5TGX8WTXocFH8MfH8wGzQboZ9j/hV+2+DfxHuXIXRJ1ABPQk12b/tC+IXHF/HGcdPLb/CqUn7QPimFlaDVJZGP/POP7v54rNxzW3wwXzNY08lX25v7jC0/4LeP9Smmt4bFo5U4YMMY/X2ro4v2bviY4G6CCEY/i7frWLN8cvE09wbgX1/bXHeSJQpP1GeaV/jp4xkI8zWdSYeoABP61FSlmz1jKCHSqZLH4lN/M6iD9mT4hsy+bcWSL3+YZ/nVe+/Z38WadeWdrc3tpEkxxuMigA1yU/xn8TlCU1bVpZOwZgoP45P8qzJvi14nuUaG4ur2eE9VackfyrNYTNr+9Uj9xc8Xklvdpyv6ns8f7L2vtgy69p8QPTMimtWD9lecqDc+MdPiPfDivnI/EXxAu0R3uopF02G5JGPbjikPxB1l1JFxe+Z0BNwSM/TFYTyrNH/zEJf9umsM1yVb4dv/ALePpW9/ZisrWzeZPF+nTTqMld+Sw+g70aN+z14OvrZZLzxvaW04ADoX5B/OvmBvG3iGQ/Nebm68s3H/AI9VKbxRqkzkySI0hH3ssD+eahZPmPLaWI19DR59lKlzRw2nZtn2P/wz18L4j/pHjuA464f/AOvVmH4I/Bm2IEvjKORV65IJr4yj8T6mFCNJG49SW/xqM69qjMWW7KgnoAMD6ZrP/V/HP4sVL7kbLifLUvdwkfvZ9hT/AAt+DGnapbyv4ke60xh+8CBTtP0HOOtdQngX9myKPzG1Vrhe+CP5V8L/ANt6iMH7UxH+4v8AhVn+2dQc+YJxkjnCL/hXRHhuvNJTxM9OxxT4qwsJc0MLH5n2+ND/AGbLPcI/tBz1KnGaparbfs8tZGOwhuBdKcqWPDfWviWTUL13Lm6mVjxgHAH0AphvLscm8ugP+uh/xpLhNppvETfzH/rpFq0cPBL0PtjTvEnwEsbeKO/8NStddCzHIc+1bC+O/gbBxB4MWQe69a+Dje3LgB7u5ZfQuf8AGoixLM8jFsnJJ6/WirwfRk7upP8A8CZdPjqso2hSgv8At1H3uPij8IoQ4i8B2zKQQcpzXPWfxV8FaHPK1j4ItL2wc7tjRANGe/1618WmQcdTT0dcnrRDhHDJNNyfzZE+PcW2moxTXkj7m/4aH8IIWFt4O0aIf7YQYr2D4B/tL6WnxX8I6KuhWVlaavcpo8rWgjZyZ2CR9SMKJfJZiOdqnAPQ/l9vHoau6dqV9pV9Zarpd7d6bqVtKk9vcW8jRywSqQyujqQVYEAggggisY8HYJXsnf1ZvQ8QsepJyatfsj+mn4h+H08UeANe0h1DyLGxUEe1fgj4w0ybQ/El/bSIUZJT27g1++vwz8Zaf8S/A/hfxnYraR2et6ZFdtBBcidbWVkHmQGQABmjffG3AIZCCAQQPyE/a48Hy+GfG95PHEVieQsD0HWvwzw7m8BnOJyuWzd0fsniXTWLy2hmVPXTU8ctJEmhjfIdSOo5rZtWt41LFlzXH6Ld+dbxZGRgc1t8dPXiv1yvSd2mfkuHrJxUkdM0u6PIxg8ClQ8Kaz7ZgU2hsgirsZ2kKTgelc3LbQ2nO6uPnOUBUc1g3se5CTwa6NgrqcVj3EZ2OpBruwUrHJiI3Vzhb5MbjjB3fnXLX8O5W7122pRggkdetcncIQTx6jpX1uCk9D53GwumjmfD05stWiByBur610Vkl8iRwGjdcED06Gvj+UG31KOQYA3V9ReFrxZ9MtnzllwOtfRTjz09D5ig+WpY43xvYm21Fn2bWJIbHYivPJYcDpk969z8e6cZoEu4wcsA+Aeuep/PNeNspRgCvzfWvbw1pU0zgxEXGo4mOISSy43VvaV4Z/tiF5TdRQKHKYY4zwDn9areUA7ccVIiyJzHIyHuQa3nTOZzSep0kXgNhtC3sBX2I4rtPDvhOTTJxL/aFuMnJwRXlcN/eIxQyMcH1P8AjWpHe3ZJPmSDj1p4aM4zUobnJiZUqlNwktGffXw412a0eKP+0oztI43V96/D3U57oW5a6Emcd81+J3g3Vrm3vQTM3LgZya/Tz4HX1zcGyzI5Jx0Jr+m/CniHE1KsaUmfxl48cIYKlRlWhHU/SXRomlVR5gP413umaHLO6FWA5ry/w6ZBChIyfU17DoN6VwCQDX9lZfDnS5j/ADdz2r7NvkR6Dpfg1diySzKW64zXYWegLE6iMqfWqOiz+ag5GcdPau90+DcRldua+to4FNXifjmaZzJTakMsdFLEDIrr7TQhgbQv1NPtLUAqAQa62zttygAZHevQjgVFXkfF47N2ncq2WhRkHcBz14qKfwpAJS3yDPNdraWzD2NS6haERB1GMelc85RcuU82jnklUVmcraeGIY13AKDjqa1rbR4ycfKT70RSy8gsV9arNPLCWYO2OuKbp2vY9OjiKlSTTZLqukKsRaOVM9OtciuhvcF2aRAR0x1NTXA1K6uGw0mw/wB010mkeH7qQjzC4H1r53GSnUlZbI+zwNelhqV6j1PB/iF4DudRtjJBGrKwKsQelfI/iH4PSos8rNGZc7gxPSv1C1e1NtbT2oj83KkZ618Q/EPw/wCInv7nynmjiJJGCeBX5Lxzk11zxV2f0N4P8bxU1RnLlivM+FPE3hK/sJMQmNpQfXrXffDKHW7OWIkRgZ55rjfiZo3irSXknWe6aPOQ248V5Z4Z8deJdMuQkt5dLhsMC/8A9av5xeOxOEx15Rsj+/6eXZVmmUXpu7Z+x3w01nUYLmz807VGM819j6LrMs7p824HrX4reC/i9q8JhaTUJxjHRs5r7T+GfxYv9RubaOS8ndGIr+i+EuMVWgqNRbn8DeLXhJThKWIhskfozbsxVNwIB75r0Xw+0SQMrEq2enpXg2i65JPZwPuLqR3r07R7uVrdXRiDX1mbYN8h/DPEeWqKcex6pGUYABx9a3LfBQKCpI/WvMotSu1Kj5T/AFrXtNfkjYB8Z9wK+PxGX1Oh+f4nK5NWR6AqkHORUmCegJrAi16N9u4KM+1akF/DOwWNgGIzivHqYecdWjy5YSUFqjQUnHIOadUW8+gqQTKo5IA96535FUpK5XubUToRtyfXHWufSzkgkcLE2M8cdq6MajEH2LycVBPqyI64VCMYJ9K3pSqLRI+iwEWlZs8Q+IK3TrKqRyMduOnTivh3x3peqz3Eix2k7g5IAWvtj4j+MxYzSqBFjB5INfPfhj4r6Bp/jazufEgtG0mPJcOhIz2yMHNfqOVyq08A5OPT7z+y/BbKI8sJN22PjaHw3qg1CUTWNyvbkVuv4I1iWLdHp9w4I4+U19QfGX4reEfEPim3m8HQ6RHZPGDM8NttXd+X+Feap4y1KDPleW0fT/VgZ/rXq5HQeIw6nONm+j6H9RYzGwpVFG+h4LceBNe3MP7MnHuaqf8ACB6/2098e9eyar411MSM3IzyP3YrnJPHOqcZkfr/AM81rHFZOos9bDZtBx3POZfh9r7BsacwJrhNZ+Huvw7y9kxXrkdq9zl8banjInkVh0+ReD+dclrHjXWZFZZL67ZfTA5/WvAzHKrxPfy3NYJngF18N9cuI/MSNMckA8Vxtx8MteDnMManOPvV67feKdZSWfybidBnI+fH8q891Hxdrayvuu7knP8Az0r8tzvKEndH6VlGZwasc23wz1ojlYfqTVc/DDWnygNtu9Aea0JvF2ryLk3N0R7y/wD1qyZ/FWpPuzPc5PfzD/hXytXL7H0VLMIX2Gz/AAu1uKNnJjPGenWqtp8Ob65BBuIFkB+6e1Qt4lvwWDS3HP8A01P+FZkmtXzSM6yyJnnhjmuWeBS1Z6Cx8OiN2T4V3hzuvIQM88VSf4WOMiTUIx+FZEuuageDMSPq3+NZ8ut3gGC5J+pP9a4qmG6I6qeNi+hu/wDCrk3FW1OFfqcYqtP8L4ACV1a23e7r/jXL3Gs3bAguAO2Cf8azX1a5xklSf+Bf41wVsMj0aWJj2N5fAll5jQz6lGpHQ7l5/Wpv+Fd6MGGdYiIB6b1/xrhLi+uXZy8hGT2FQx3t0TgTPjPoOa4p4ZXsd0MXCKvY9PHgTQvLG/VoiB33L/jUA8DeFVOJ9WQDnJLg4+oGa4s3V0qj962Meg/wqjPd3Jz85z/ujit/qVkcyzGLex28/g/wMgOdUiY/U1ymo+GfCcDq8Wo+ag6jP/1qwJbi5bjzMeuFFc/fXEylo1ml9vm6Vx16CsdVLGq9rHdx6Z4BZA0ruX789KpXOl+AicxmQkDvmvNHlmUEiZwB0+Y81QmnnCnE0uT7nmvNlhE9T04Y7yPRPsXgLJDROw9s/lUElv4DUnEEjD029f1rzcTTjpPKSP8AaNRtNOzACaVu/DHms/qSRs8xZ6JNH4LKh4NOk3juRxUP27waFMbaYDIOM7Sc1wmwImBjd3NZU4D7iGHX0rqpYSKV2iaeYtO7PSG1DwoCdmk59BsqCTWPDSNtGiqx+mK8sY4B9aqsMKSWNKGDjKWx1/2nO1rnqEviLw/HnZ4eQt2BUdK5rUfFPh+eL5dHtIn7YIrgbgHkjJHWufu5Ad2TWlTDRitjWjjpvZnbJ41sYMo2l2jKDxyPyqvc/ESzUBY9JsEU9QSteW3W05YEe4rAnLMTkmvHlWcZWhoenSrub957Hq83xEQn93pumjt1WoG+IksKM/2HTFx7g5ryeOM8nIOOuR1qpdS7RtHFKeImo7m/t23ZHdan8TJZomi+yWYX/cORXAn4g31u7mOK3Eec4IauUvpiCcfMCa5y5kJJxnNeJiMZJ9T0aMmejN8U9ZiP7hrWMdx5ZP8AMVmT/FbxC7Z+1woB6If8K8zklbcx5GOKzp5SFZgSorm+s1L3uehzJ6M9Jn+KfiPDt/aKj2CnmsS4+KXiKVXV7uTBGCdo/wAa8+mlYADt3rPldgGOBiuetjp7XOmEI3Nm48ea7FO80VxKGJ5OAM/rVW4+JWutv3XtyoHog5/WuWu2JB9c/lXIX0zhnC8Y615dfFzprc9KlaR3Nx8TdZ2ssd/eo59FA/rXK6j8RNfuVZG1O9xjgZx/WuPncnvznmsy4duSDz0rwsRmFWV1c9SnSildmhceJ9WkJ825uHzxy9Ylxq955gcSzf8AfdV5SSMDOe2az5SWOCe1ea6snudRbfW71/8AlpOD/v1XfVbvGGnnOf8AbrLbjoxI+tQOSMYJFQVWmzQm1W88t8SSk+7ZqrDeXU28NK5UcdTzVGRsA5yTVuxX9yGI25yfWqhG7sYxk29SwkZOc9+9aEMIU9qgQYIAB4q6A25cc1u12NC9bIHdVGMk4Fe9+ErQQxQHBAQeYTjOMc8/oPxrx3Q9O8+dCzcEjivetMtxa6bczrvXCiME9Dnkj68D864sdO1Nrvoejgo3mm+hg69diKxv7ljknODXy1es1xeuScgtXvnj68NnpJiGNzdcHrXgWn7pZXlPPPFdmX0tkcuJq3uzrbBAgQYAGK6uzES7WI3Oelc5aqdo+XngfWujs4+UXrX3GDhsjwsRLS50cBIbbwSa6O0QqFGOPpWDbICwzgc11tquEwBzX2OBpHhYmdixuYtgcDoar3pG09VPc1aMRDE45rN1CXaJADk/yr23pE86luc/K4dxyNtcv4hl8q2kIIJPFdJJGxCkDJ+tcNrrvd3ltYx/MzOARn3rxsTU9192enRV5H2D+xp4GOqeIk1SaLdHGdwOK+rf2q/ivY/DHwhHIUtLy+v7ldPgtjcrG7RBS0sgQ8ugCpG3QDzlyeQDd/ZY8Jx+GPAb6rNHsldMA4wa/PP9vHxq+u/FLSPC9vqX2qz0fTVaa38nb9mvJ28x/nKgtuiW0PBKjtg7q/SM9xH9lZDSow0nOzPByej9azCpXl8MFZerOXHxu0K+vIb7VfDmjv5eCkKbMficV0ifHXwbcvhvBGkSMTwqKp/lXxHuPPPWmCVhj5TjOK/K4cW4mGlz6qeV030Puv8A4W38OHDPe+BLRRjkiMVj6l48+FusLCkfg6Cxg3ZeQJgsPQDNfGIc556UFyWySSPSh8W1pK0or7gWXQj3PudPFnwHa3ihk8JkFRjdtOT79aX+2f2fJ/8AWaFND9M18MxzzROWjlkiYjGVODipDe3p+9dXLf8AbQ1X+tkutOP3Gay9fzM+1r3/AIZ9lilS1s7pp2BChWPB9z2puk+Ef2evsarqF3L9pbqQc7fbOK+LFvbtRtF1dBSckCQ806LUb6JxIt1cFvQtuB/A8VMOJYSd5Uov5GiwPaTPt8fDr9nS4J8rWpIj2Bxx+lI3wk+A02fL8WGEf8BGPzr4o/tnU/8An6P/AHwv+FRNqmos29rok4xyikflinLiHDtfwUN4Oafxs+tf+FM/C/UNV8uw8XeTpq/emZsDPoOf5VvSfs7fDeUj7N49iUdt0nX9a+MhrWqgBRfSqPYKMfpV0eJ9TjQDdGxAxuOcn3ODiphnGDtrRQ5YWpfSR9aSfsz+F3Ja28e2Dr2DP/8AXrkdb/Z0traW1ttN8XWN1cyNjYj5O09z1r5zfxVrTAKlwyL/ALJYZ/8AHqtW/i7W4FIhmWInjILZP/j2azqZngZaKlY0p4eqt5H0e37K9+FBi8Yae7EdC68VE/7K/iZT+68Q6fN9JBXgUHj/AF2Ph7m6ds8bJiv881bb4meJYxiG91CM+9wT/Sp+t5e18D+9i9nWvuep6v8As4eM9KtZbltRsWUcgCQEkfSqEH7N3xJu7NLyJ7Pa3Rdwyf1rzn/haHiXckkl5fTSryC85IU+wxxWrF8a/GabUbVNQWMDGRNnH0GBXJKtgXK7uv69TaMKh0Mv7PPxOhJH2WOT02nP9az5fgf8SLZS8umSFBz0/wDr1Anxu8XIcrq2pk+5H+NPb45+MZVEc+r6oYuhjXAB+pzmobwX2WzSKlfUx7X4WfEO8SSSDQppVU7TtJ6/lTZvhf8AEOLh/Dt8PoprqrT9oDxRp8Yhtp7mKLrhUXn681ux/tH+J4x/yFI3+sbc/pRGOEe83cS573SPKz8PPHgO06BfhvQof8KifwH43jmSBtDvvNboAp/wr1eb9pnxcY2WCe2zjAJhyx+meK51fj54oW4e9aVpLpuPMaNcj6AECsqqwy+GbZpC73RjJ8H/AImygFPDtyoIzzkf0q7H8DfibNj/AIlE6tgZBHT8c1pv+0X47dcf2rdJ9FA/TNU3/aA8cvjOuaiPoB/jWHPh+rZSSROn7PnxOlx/xLyp9x/9eqdz8CPiDaTx20scSzvwF/yaz7n45/ECfKLr1+qHrhsE/wA6zF+Lfi2OQyrf3fn4x5hly354qpSwe2pHv9j0hf2ZviOqq80toqEdAwyP1py/s2eNj9+7tEHvKOP0rzSb4seLp8ibV9Sb/tuf8Kzn+I/iV1OdSvy3YmY8Gr+sYNdGx0+Z7nsI/Zs8UAZl1iwjHX/WDism8+A+p288Nqmv2U9yx5VXBwPfFeRy+OfE04KS6rdFT1AdgD+tV18W62iFVvHRe+Cwz9eazeMwr0UPxFKlJdT6Hj/ZzMccZvfFOnJIVyQZMEVKP2fdJQHzfGWmL/21H+NfOB8UauwBa7kLe7N/jUMmv6lKoH2uSM+xPP55qnmGGWkaf4iVOXc+lP8AhRPhdThvG+nn1xIKw9R+D2gJMlvp3i2yunP3irAhPqelfPj6peuwLXcsmD0PT8qmXWb9AFF5KFHYYArF46k9FBf18ylTfc+ll+CPhRY0MvjKzEmOQGzRXzQ2sX5y32uXPYCito5hRS1p/iS6UnszlRHnPU0/ycds/jVoLkcEZ9KUJwOc8V+PuTZ9dbuVDB1Ip3ley1dwB0AFLSLjFNalURHuDml8k+9WakCA9Tn6VMpWK5EUxAT60vkY6irwAHQUtRzsORGcYTxgYpRDxz1q/gegp4TPIxRzsaViiIWzwAPwpBBk4IGfatER+ppwRR71DqeYcqRSFtj+Gl+ygnAUZ9KvgZ7gVIEHBBNZ+1ZajczhaHP3T9BSfZC2Dg1q0uDjOOKSqMr2SvcyTakfwkCnfZunylfrWr5Zx985Ip6oM44Jo9q7AqZkCDnsBT/IGAdxwa1iowfuirek6NrHiHUbbSNDtGvL6U8DOFVe7MewHrWcq6SvJ2SLjSbdkrs58QDuT0p4t+wU5+legXHgPXLXSda8Q3EttF4esX8lrtiQk8v92P8AvfWuFsL2G+hWaJmUEkEHGQR61nSxMaicoO6RdXDSptKas2RG1JP3Tj6dacLPPRWzWqEA681IEAHBUU3VYlRMc2uOCozSG24OEGfpWxTtpxnK/nS52X7JWsYottwOUX3py2+DwAPetZVLMq43McAADkn0qz9jux961uR/wA0udhGgnqjFNtu5wCfak+zHgYbjpk8CttbW7yf9GuGA9ENWE0u/kAkWzk2HsTj+dKVa25osM5bI5/yJMAYz+FWIYG5UkDPIx3roV0fU8ALZOfxH+NSw6Jq5kGbUwqBnLHg+3GaFiUtbjlgJvTlZhfY324+Y/WovJbBzuz713K+G9VcDbHGSef4v8Kd/wiGuM3y26HIz1P8AhTq42C3kjOlldaW0WcOLb0GM077MQcFc/WvRE8Das3KJPk9MQk4/WrEfw719+VS5PPTyT/jXG81oLeaPQhkGKe1Nnmxt2I5A/wAKVLVsjj8a9et/hdrzx5e2vZGJ4KptwPoc1pRfCLXpP+XLUh9AP8K53neGX20dMeFsZJaU2eLC3bJG3n6UqW5PAyK94g+C/iN3DCw1B1HZu/5AVtQ/ArxJJgnTZR653dKwln+Fjq5o2hwjjZL+Gz9E/wDgnR46m1v4X6/4Fu5Lya48OakJLcmKNY4rO63usasvzMwmju3JYcCRQCRwuz+3L4FW/wBHg8QRQhhs+YgdDXiX7G/hrxL8MfirJBeQXMOga1ZSWE6vdNHDHMp8yGRozlZHyjRKDgjz2weSG/R340+F4/GPw11W2MYeWOJiPbiv5z48xVPCZ/QzSg7xnoz+iOFcvrYrh6pgMQvfgna/lsfz++HXjiLW4Y5Un8a61wXzg4rj9QsZNC8VX9hIGjKysOfrXXocqp9q/bsRaVqi2aPwrC3jem+jLVtvj3KeMDAwetailnVSpOaowEcKR2rSjUqisgyOuDXHUkdUHpqWogQp3His+5ljXcG57g1alnIQAE9Ky3iNyQcnB9a0wr1uwrOy0MG6XeXYA7feuTuEG4gjgHrXd6hGkWVjIKY556Vxd3hmI4UEV9Zgp3SZ4WMhbQ4jV4SrrIoB57V7T8PrwT2ZhByQOK8pv4i8JzyR7V1Xw4vWivPILAdsV9bgndJHx2JjyzPfdcg+1aMJlDM4UqT2GOR/M14PNGokbKgEHPSvoZAJdOvIGVjgbgB+XP4E14Lqcfk308eMDJr1cHK0XDszlx0feUl1RQKDd90e9K0a4DIMZpyNwc5zjFDggY9Oa9FeZ5FRFNoiJFwAAcda0IVzxwDioW6qferUADEY4OK1ovU86szc0eVoLqAKTkuBX6q/s5lJBYb3XtxmvymsPkuYXIwFcGvt74Q/EODRGtleYIQBxnrX7B4YZpDC4xTqPQ/CPGzI6uNy5woK7P2a0Z0W3jy6n1wa6+xvTHIMHBr4l8LfFmC7jhRbjJ/3q9z0PxcLwRsJQOnU1/aeX8UYetFOmz/M3iHgXF4eT9rE+x/DWqHMZ3YBxXr2nX+XQ56nA5618qeFNZD+WC/617rpF3LJ5bK+RgdOtfouWZlzwTR/PHFOS+zqNtWPetNl3lRkba7/AE9oVX5yM9a8Ytr5oEjJIBrpbfXAqqDIOlfSSqRnCzdj8qzHK5zfunraXajheBTJ7lXUgnORXAW2trKBl+Ac5zWkNRE+NjFsHHSuKVCMfevoebRymaeqNJYneYFcbCP8/wBa1RojzhNueR3FGkRSTSosqgHHAPavWNN0cfZhPIAsY/WvOzHMFTVjTE5m6DVtzhLfQ47aNGdMt3rq7GwUICFC8fnWnMYSQEVQAa1dPtRICQB1rwMRjnyamWIzKco88jmb/R4p4ifLBY8jivF/FPhOKV3LRAr9K+mrm0KAggDiuE8QacskLuF3AAlvYV58+WvBxkfRcLZ9Uo1VZnwX8RfhrZarp86fZ1JIIPHQ1+a/j/4dXfh69m227iMMcHHav2n122CsV8vzMnBGOteJeOvhdaa9ZS7rTJccZXn6V+U8V8HwxMXKmveR/bPhP4rVcvnGnXlenI/IzSdXazlWByyEHHJr7E+EHidbea0cvgAjk1438T/ghqWi6x9osEuISBllIO1xUngiW70qSOO6jdJFOMev0r8syJ4jA4vlqK1j+puLaOBzfLfa4Z35kfsJ4N8cxPY26NKMY6E19D+G/FMckSKHUg+/FflV4T+IENqsEMsm08YycGvrLwT46t5UiZZeeO/Sv6ZynNqWNpqnN6n+dXiB4YzpOUlDS59xwatHJgqQfUg1opJE4DMWU+pFeIeHvEKXrqYS8pz2r2DTZvNjxIrZxzkVnj8B7LY/n/GcMTg+VKxqfaYB8qysT9as2Gr/AGO4EjSsAOetc3K8CXkcO0iQ8AgVi6xq9rBDMskmxs8H0rlp4FVPc7nP/qxP4JJ2Z7zB4js5kBBANYupa55jt5TEIPSvCrLxJEigLdjj1Nao8QRPFua4jPH97rXMuGvZzukedDg72M+ax6Z/bYiAZnY1WufEaYLNJkV4/q3iqG2jYhgQPfrXmuo/E2wi8xXZsgHoa9Shw3e0pKx9nk/BFWu04QuX/idq6zy3Mvmdcjivj7ULhbi7uADkZ656V2nir4naTqjT2sMzeauRgkV5Xp1x9pvJGGSGJ565r6N1IWhRpu6R/YHh/wAOVMFhv3sbadTqtJtNzqwUEZr0SCyDQJwQxFYOi2pBAAOM8ivRrS0JTBAzjkV9ll2FjTp8zR6eb460jz3VdLBj3hcnvXFT2SqclCMGvdrvTlaFsjnrj1rgL2wAdgUUZ9q0xWBjVXNE6MszVWszzuW1AUkgCuZ1W0VhkDIPevS5rUc4UfgK5nUrXMbcAkdq+exmWXjsfWYLH2kmeJ6hZjMh24P8q831e1XceAea9x1Czy0jAfLjn0NeZ6za7dx29Djmvy3iDLNLn6bkWYX0PN3txhlI7elYs0Cqx4Oc+ldjNHkkYP5Vz9zEyyEAH6V+eYvB26H22GxNzn5IBkkHrzVdo+eBn+lbEkZP3YnYdyOcVVaJ8MNsox7GvJlQPWpVbowp4yT/APWrPmj64FdDLATk7H6ehrMlhcZwrYHsa8+tRR6NGrY5+SPkkiqskSgHIyPpW49vIwBVCF9hVV7aU87Grzp0utj0YYnsc5NHkEYNTWNoZJAxUkDn61ovZSyEAIcelb+naTOIi/lYB457Vnh8JzTuwxOMcIamJNAB2xWZNAOcDBrtpdOlHYD61lS6bMWY7FxXXWwvZHDRxfVnHSwBEY46DrXJ3MRkkYAEHOfwr0LU7KZYtgXk9a5c6ZM+4lcD25rza2Gd7Hs4Ko2uZnGSOhIVY5CPaq8kIkUfKQO3tXpNpocTaPb3rx7ZUm8uQde+P6Go9c8Pm21KSK3U+WUVxgetc/1PW7R0rFu/unE6T4b1fXrxNO0bT7jUb5wSscS5Y4Gf6VDd6Fd6Tdz2WowPb3kZw8TcFD6H3r1DwdqWt+DtYi1nS0U3CqUIdOGBql4mk1XxLq95reqRqLychn8tNq+gwOawp4OrKtZpch1LFR5P7x5fLbYUk8gjgVkSWuM85JrvZ9GuAP8AVyEfSqD6HckcRS5b9K2rYa2iLp1Ha5wsloGORnHesy4t2VtvGB3r01PDF5IMrDJ6ciqtx4RuyMm1PvyeKunhOWN2XTxEm7Hkt0oUEfLiuYvFGCcZ9eetew3Xg+8YFlt2z7k1z0/gi7kYhbdj26mvLxcGtj3cLF2uePXAHIHJ7e9ZxtAxAx83f3r2Vfh9ciQgW5BHXOSKlfwHcxKc2yA/7teXDBt6s9O7S0PEZo1hAXGAOvFcpqLgAn5QTwRX0Bc+AbmQHMKDP+z0rkr34e3DsU8uNieMba5sXgptXSOvCX3kfPtxIMnnIrFmVVLAkleua+hn+G2oBSFhkCjphTWe/wANb4kh4Ziv+6a8J5bVZ7lKaPnadYiCuDg8ViTvGCFGW549zX0Zd/D28QMvlTA9vkPFZA+HFzKWUxyA9eVxn86iWWVDshNN3PnuQNk/u5PTkHmqUyOFx5btntivo4/C2Zx8wPuCwGKrS/CubGAo9c7hXH/Y9Vu51xrRvY+ZJ4mG7EUh444NcnfafcyyO0cEgz1zx/OvrmT4XTjPyr/30P8AGqz/AAoYx75GjX2J/ngU6vD86iszWli1F3PjG5064jwDGV98isS4hkAbgfnX2he/CWE/eeMoeh54/SuH1n4V2ttE8odAo54Br57F8NVYXaWh7lDFxkj5UkicAEg9fas6dGDAkEZFey3/AIZ0+CR0Zp8j+6o5/Wsf/hHrORlBjmx67h/hXzFTDtOx68abtc8laNhgEdageHjIUqevSvY5PC+nIoZhITjpkD+lVv7B0xOfJc/V+v6VLo8rsypU3c8ZeIkN8uTVyyPOzaRgYAr1KXSdOAIjtcEHqzZz+lYOp2lpbwEx24VyQFI7f55ojGz0MlSa3MRFJO6rcaj+LvUEOcHPSrKqWOB1ronsD8juvCts0l1G2Dt717fKEh0uwt1V1eRjK+e3OBj2wB+deX+DrdpFREBaV2CqM4ySfX8a9L1B0iklCkmKJNiknnAGP6V5GM96pGPzO+lLlpyl8j5++J2oK9wLbcoA4OK4HS4ESNGA5q14vuzf61KqkkF6ns4dqRqBtr6LLKN3c8qtsa9shYKPxrprKMgLxhj+lY9nHyOODgCuttIQNrYOfQ19rgqR5GJmatjbM7Bj2rp4ykEeWA3elY0D/Z4twHJ9R0q3DG90RvPlp1znrX1eHairLc8Wtq7suG8DZRFJcjHNZlydilWO5j39Kv3Lw26hLfDYHzNjk1zk1y7sRzmu2rPTU5acVzaDLiRVgY/JxnmsbwFokvijx7YWqx+aglXPGR1p2rTm3tXZmIJ/IV9Ifse+CW13xZ/as0RMaNvJIpZRgni8fSoeepeLxKo0J1PI/SS3hsPCHgWwtLq6ttMsYoPNuJpnWOOCNVyzux4VQASSeABX89vj/wAQX3jzxr4o8Y3guYptSvpbpYpZzObeNmOyESEDKxptjHAACgAAACv3L/aRn1O48CeIfD+hmZb29hGmqyIrKsb/AOtDbugaISJkDILAjHUflZJ+z3rYAYWbuvUfO3+Ne94hwq4vF+ypRvCCsPhqnHD4OLm/en7z/Q+VzZuM4OaT7IwxnJ59K+nZPgHrcZIGmyN6fM3+NZ9z8CfEJwY7C6jIPITv+ea/O5cP11q4M9xYmLW588CyJUnGcelKbNgB8hJ9q90k+CniKPG6z1LPXoP8KqS/CTxBGrAWmoo3QZUHB+mOayWT1FvBj9ulszxT7KxxiMr+FIbRucqcew6V6y/wy8SJ/rIrofWE/wCNVH+H2vJ96O4+nknn9al5XPrFjVW/U8xFixOPmx+VBsj1AZR716HL4I8QxnCQEpjkspU/1qpJ4S11c7reMfn/AIVP1F9UyudnDfY2ADHOKX7JgKNrHiu0fw5q8KndbBiOyk/1AFUX0bVVOHs5F+pH+NZ/VLdCueWxzAtc9FIPvR9jYnhWxXTDSNSA/wCPNvxIqs1pdpJsa2uFIOCAhxTeEQlJowzZMcYDD+tAszjnk/Wt8W1wOPs84+qmiS38oBpUZF/2hgGhYSO4OqzB+x+360G077fyNbBNvg8r+BqhdXNtbxzSPIoRVLN3wPwqalGnFXYKUr6FJrYDKgHNNFt/vA89q7T4U+ENQ+Lq6vpnh68t4PFlvG9zb2Dn/j7jUZKr0y2P/wBXIrT1/wCHOvaHo1r4pjjnutDeQ21zuQq+n3A6xyjt7GuGlKM4qcV7r6m0lJOzeqPMmtWY8Jx2o+yNn/VDP0rW/dno/NOwgAyQfet/qsXsTGs9jHFkSSSAO3Wl+wgZOFrYwnt+dL8n+zWn1SI3NmObIDoo60hs1BzhAcc1rfuhgFuT05qFjECeQaylhokqpdWMs2g64AH1qI2gyRgr/WtMlcnDAikJU9SprCWHiOE2ZhtfQtx1pDahuua1Pk/2aPk/2al0I7MvnZk/Zm9efpTvsueTV8mPIwwAp2YvUVEaCDnZnfZBSfZD6CtEtD/fA/Gk3Q5++v50PDroDm2ZxtiDxgfhQLQtjdjPrWjvgz98UjPH/C6/nSdCI1UZQFqRwMgZ5oNu3IwfrVzzI843rn60pkjzw4IqfZLoPnRR+zsc8HiirvmJ/eFFP2UQU0d8nwo1OXb5dqzj2Y1OfhFqw62jY/3jX0Udbto1Xyp5I1I/hbA/SmnxFCrYN1c7u37w1/O8c9r9j+kqHA+EqLmUkfO3/Co9X/583/M08fCLWv8AnwmP/AjX0OviWMEj7ZNj/fNTr4nKZ/02Yj/fNWs7xD6G64AwvWaPnM/CTVx/y4zH/gRpB8J9W3AfYJT+Jr6bh8WRnAe5d+/JzWnF4sssje0ZHqQK7qWYVpK+xz1eCMNF6SPlyL4Q6qwDNp8h/E/41Ofg5qvGNPb3+c8frX13aeJ9NkQDzYie+ABVseIdOdivmRk9sYOa+WrcT4mMnFpnbDgfCWXvI+N/+FPavz/oEgHszUD4P6uOunSn/gbV9krr+n5ILquOo44pW8QWA3FZVJBwfasP9asR/Kyv9R8Jb4kfGx+D2sNz9gk/76b/ABqaP4Ma4/TTpCP9419hnxBYYJNwFGM5zWtY+J7BQEM4GemT1rOvxZilG8I6muG4FwTfvSPi4fBXWwf+QbMPxalX4La4SR/Zsv5t/jX3H/wkFl/z2X86VfEVkx2i4+b2NeauMcd/KekvD7Lv5j4hX4I+IDnGmyZ9mb/Gpf8AhSGvqONPlJ7/ADNX22viazwCt02PY0v/AAktr2u3H41m+L8ff4S48A5c9Ez4lX4JeIWK406T8CasD4H65/Hp0hP+81fblr4rsYpVaSZJUJwQ/NdnF4s0N41Pl2Q4/wCea1EuOMZT+KFyn4e4B7SPzvf4I6wiktprjjs7f416z8OvClp4a+F+o6zpywQ63fal/ZWs3Gd8mjRhirIPU5yNwOK+um8UaCwKvDYsP+ua15Vd6hoGmeP5IZmij8J+LIP7Ov492FgvUXEUoG7jcigfKoA8rJ5apfFNbHU3QlFxe687a2/X5GK4QwmCqKtCSa2flfr/AF3PmL9tK/1Tw3/whPw10S0bTPANtZi5t5I2GNSkbGZGAGcjg9cfN6rXFeCP2dvE39iWl3qVjPFd3KrP5TB0aEMBhGU4ww78DnjtX1L8XfCd942+ENzDG08PxL8CXm+CeElZ5LbOVZGGWHQMNuDuC88V6j4J+Muj+K/Cuia/CFthcQAyRFifJlB2umSBnawZd2BnGRwRXdR4mrYXKqccLTu1JqXrun/29uebV4RwuJzac8XO0XFOK8tmv+3XofM2m/s1a9LEjSWdsq4GNyg/0roov2X9RYDzYbFT6+WK+q7b4h6XIceZv4zwc0N8Q9OTduJ9uDXx2I4xzaTfKrH2VLgjJ0k27nzZafswXEWSslrBn72wYz/nNbcX7My4BkvVBHXGOa9qk+JenKD+9iB9CRxVR/ifZKVw8ajGSQy8/rXM+I85l1Z0R4XyWHRHmUf7NmnJgyXhJ9hWlb/s3+H2x512cfSuruPinaEcSKT9etY8nxWiUlUl56+uKVPMc6nq5M0jlGSQduVGva/s2+Cl2mW5nl9Sq10Nv+z18OoRl1u5D6bRz+tcPF8X9h5l+XqMmnv8YWkBKSt6Vy1pZ1J/Gz1aNLIoLSCPQV+CHw3gUkWEsjDoGwP8avRfCf4dwYA0eIj13j/CvFLj4uTOeJHHtWXJ8Wbg4IlcD1ziqWDzeW9Rk/XsmhtTX3H0rB8P/h/GjKmiW4K92YH+lXF8GeDIRhdN03g8ZxXyunxanWUMXJB+UgsMGnH4rSbHUyA+5I4/GuzD5HmM1yyk2yf9Ysspv3YpfI+q08PeErcg/YNOQEccVIbHwxHgR2+np9EBr5Bf4qzlChuoh2A8z6d+1V5PixcsF23KHHT5ia1XC2Mvc0XGOXpaH2cq6ChGIbRfX5FGKU3WhqGREtg2OTtAxXxO/wAUbh2JWdgSecDOaqP8S7s7mNzIBxn5eo9M4raPCWJe9jF8cYNaJH262paKgGHiU5wOlQtrekqMi5UtnAAPWvhy5+Jkh27LuT6Af/qrPb4jXLNkz3GzI45/xp0+Bq8neUjGfiJhY6KKPvK28W2FhdW19bS+XewyrLExAO1lIIODkHBA619+6NcWviTQ1khR/sWoWa3EKyAAhHTcAQCRnBFfgUfiDcMMNLdNxgZP/wBf2r9X/wBjv4kL42+F9taXN0smsaJePp8qyXXmzPA37yGRlPKJh2iUcj9wcHghfA444KqQyqpNO7jaS+R3cL8b0cVjo0rWvdep+Xf7T3g9/CXxEvpliMUZmJ6e9eZWU4khTaTgjNfor+3n4DVxD4gt4vldcsw5Nfmj4fnL26oScqcH6191wRmn17J6VZ7pWZ+NcZ5X9SzarSWibujtY5VVFyOSK2YoZ/LViB5ZGfeuejfGxSo4PSuojuiY0jGNoGK9mumkrHi02nuPeNWQqQOnpUMtuqQ5QYXPOKsnqOc8ce9Shd0Eg5JBzXPCdmmazWljjL0Y3YJPPeuRu4/3gXp1rudQiBJPT0zXKXkfzA8CvsMDNWR4uLRzF1ESrKfSqvhuc2OsA52gsK07gcnP1P0rnpibW/ilXjkc4619bl09T5HM4Wdz660mRJTEGPySJtJHvwf515N4vsWs9TYbSmScgjp7V3Phe98/T7WUMCy4zVD4hWwby7sK4J+bn1PX8M17NF2rWfVHJiI81K/Y8mjYhuvHU08kkMp7cCoQTnjAPSnswAHrjmvS2Z4k9jf0/QLq6ghuNvyvyNw6Cugt/DFyxOEUcenWtDwxqUb6bbLJJmRAU6Yxg8D8sV2ltfw5OSCPXNKnN3EsLFx5jmrfwjdldyoOvpmup0zw9rsMkX2ZlUZHUV0thqcIBXJx2NakN/AkoYtwT6162HxUoytseZicthKHc9b8CLrkDwiYkgY6V9j+BdQlAiSWQg+9fB+neIIoGjAcHjua9J8MeOY7PUIZPOdE9c4r9HyDxAq4Rpb2Pxbi/wAI8NmV9LN9j9ZvBDNMsJWaMZ6Zr608F2omMSM0bZPX14r8zfhx8UtN/cRm6Jk4zz0r7Y8BfEWye4tf3+4EjIzX9JcA+LNPEVI05n8LeM30eMRhKE61O7sj63udElMKiNQWHepbbQJCqmVic84zV3T/ABDZ39nDKsiEbR0PfFbVnOk3zBgQDX9SUcTSnaUXe5/nnjMLiKN4SVrFSHRGAUDdt9u9dZpOmlY4MLtyfmpbcgFM8/hW1ZCWVJBD/C2T9P8AJrSs1Y8GrWnZo7TR9OjNyrsAwA4HrXoq71gKBcgjgAcVyeiQyF4HIO1lxn3r1S1tUaNQQGcjmvhM3xVprm1PhMfUXP7zvY87lt3WbftYgc1r2LSJgKjYzXUXGnFicJz05FTWmmncBt+b2rz6mYxcNT1KWJhKlZoypBJImXXA+lUks4LkyRt5ZyOQRnNdw1jG0WxgTkdMVkT6WltIsyZG7rXFRxi2OnL5Rb5Voeb3/gazuLpZ0CAf3QOla8Pg2xvQttJZIQONwXvXaxRPJMqKvHfivTdA0GNYw7x4JGa58dnHsY3e59hLPZ0Ka5nsfBvxS+AdzqLS3ItIZ4WHACDI9q+IfFPwLvdHme6W0SNEySdvA/Sv3b1TTYEgmLoGJGADXy78UfDNvc6Xc2UMaR3MwIzjOK+VxOAp46Lmlaf5n9B+E/jBUhOGFrv3XZfI/Ee7guzrLIIIYYoztGBwTXunhDUL2EQxqQGOAMVoeP8A4b3vhu4aVrdzEW5YDg1R+H+g6rqurWj26u1mkuGJr83wGOzDC4r2Ti73P7wzbIcizHK/rdOa5Uj73+C1rcK3nzkHPOK+v9BgSeXM8ERUnsK+c/h1pM2mQp5kckbFRtGOtfWvg3S57kokShjjOa/Yszxco4ZTq6Ox/nJx9gcNHFTdHYz9Z8M2EtvJfW8RikHbg4/CvBPiP4Xv7y1tIdLkjhuNxZieM19Ta6GtGNpJ/rB1APWvP9Rsxdz525IGK5MlzKcbSb0PnMhlCnJTnrY+F9R0Dx/pRkZbczxY6q2a4m58ZeJtNLxXULKB1yMV+gs+gNMNqqcHpxXzP8WPhVqM8U99bI6kAtlTjNe/PNarjehLXsfsfC1XJ8ZXVHFqKv1PAZPG2o3+YpFHPBye9Zj2tzfiVjs5B6mvMdT1aTR797OeeTzVz3rd0zxYABiZwdvrXk4biytP3Kq1R/QFLwowlKKnhnoznE8HajNqV0/kgqW4ruNE8Gaok6YtVC8EHbXV6PrVuxVvMUk8nPevXNH1e1Bjy4X3B619Jks22pI7M1wcIR5H2KWkeCL9kjPkcHpxXoWn+CL5gAbcAGvRvDF5aXaQ/OpI4r27RoLXaoLknjv0r1M34qrUPc5T8ZzXDRUmrnzBJ4AvmRl+zg5HHArgtS+Hl+JWBtsdulfotBa2RWNg4PWqOoaVYtvO4HHYYr53CeI1eErOJzZXRSla+5+a0nw21BiR5IA6dKyLr4WXzqwaJMY5BFfow9nYpNgrweM1C8emI5yNqYxz3NevLj2pPemfoeBwMXb3j8xrr4M6zco0ltYTXC5IykZOD74rzHWvgt4mUvjSNTI65EDf4V+uN++lKjAGLp03CvOdYuNI2uD9nB7Zcdfzrzq+OeLTvCx+hZLRhFrU/KNvgv4kcsDpeop/vW7cfpWXd/A/XiQTZ3a/9sj/AIV+lN3faXEW3C3PPUOv+NcvfappIBJeDHsRxXxmOwUrNNH6Lg4Q3ufnv/woHX2jV/s+1TyMuoP5E5FIf2e9eY7zbg8dRIn+NfcU2taUCAGiXnv/AEqlN4k0sLgSWi89Qf8A61fO/U5N6n0NGFPqz4du/wBn/XIkOLUuevEif41jn4B60zhZbZLdD1Z5FwvHsSfyFfbd94p0wZIeLH+8K5W68VacSxDxYHOa4q2Ca3PRpU6R8lv8Ab8EKZ7Nm9mb/wCJqpL8DbhDh5bTj/aP+FfTc3iyyBLI6ce/+Nc3d+KrWRtxkXn3rzJ4OR0KVJdTwRPgqIiC7WzL3GT/AIV0sfwssLaBUdgCPQHrXp48Q2rkHzEJ6+5rJ1DxJAclZIwMZHNd+EyxpXPKxmKg5WR5pc/DzSot3ylj7is1/A2kLzswfU9q6TUPEiMWw6kZ61yN94iKh23jPYV1yy/S5zRrRukcvqvgzSnlKqUxnGAuf61S/wCEI0dYi3l5K8kjGDVO88RMZTucdeOai/4SICMgyL789TXjTwV5XPo6WOpxgoott4dex8E2do0GwXOtSlec5TzSV6exH51J4k0y0uvF+r290it5UNuqgn7p+bP8hXoEsE154a+EiSBBPdmK6ZVGAWbBOK858aah9l8Z66B1EiqSOpAH/wCuvNwmD55pLzPQxNVU4a7afkSr4e0WMKRFED3FU7zSNKjUgQW4GcH2rBm1t93LsQBzwaybnW2YnDscDnI6V7NTARhGyPLp4+LZrtpmmbiTHEy+gFQPp2mKrSJBGPTIrlm1mXOAzDnuO9UrvWmCFemefrXDSwPvXZ6H9oJKyN51tFZhhFA7ACsq7kskVuIiD1OBXFXetSLuI31y13r0xYqFlJPoaWIpxSsjuwtdLU7q4ubM8gRLn1xVMzWCoSEhZj/sivOm1SY7lXzzxycnmqMupSkklpABxjdXg1cMpSPaw+PXyPRXubMDO5VUc4FZM+p2u9syZFeZXurzRg7Q+3pnNcxc61cAlCnf+9WtSvCnDlO6FSVSVz1a71i0GSW3e4rmbzWLUknKH05ryu81q6PmBY8DoTnrXPSaneFiVwvPHJ4rwMTjIvRI9WjJo9em1qzQkHGR1+asm71+xhRiskee3NeO3OpXagnfj1681yN/q96TgOoQdAK86pj4wW2p7OGTa0PXbzxLaknDpjkmsiXxLbBhh0II5rwm417YzRveWqMMg5cce3Wst9bQ7idStOPWRa8ernSbPQhRsj3xvE9kHbBB78VmXHiy0DNlyo7fLXhM2txhd51K0H/bRawLzxBCgLtqMDD/AGWBP5Dms/7ZVzWnR0PfJfGFuQVDZPQcVWm8a2wQqxJ4zjivm2TxTaISDqDgf7jf4Vh3Piq2O/bfSH6q3+Fc8+IktTeOHuz6QuvG9puIwdvb2rzLxT4zheF4wWBJ5z/jXjV54jR1YpfS5znjcP6Vx2o6wJQA1xczH0yf614eN4mdSHKlqezhcNytHR3+tLKzHOcnPWsd9Z2uCMDjPWuQm1SDk/v89e3+NZkmowFhkTfkP8a+JlX9659DB6Haza4z55AUe5rPm1kDA4yeetcc9/b4bAlx9B/jWfPqCq+1Ytw9ScVyyq3dy51LI7GbVyQSXwfasO4vGu3QkghQQCP8+1Zhl81AQu3IBp9vkDnjilT3OdVG9DSjAOMjtV+1QvMqgcmqMIwDW/osTS3SMQOcV0bsZ674biSzjim25K/MM8Y9P1xVvX7s2mkXU5KhmBptptRI4gMZ61yfxG1BbfTo7ZWwSM1xTgvaXNZydrdDwkE3Wozyn5sNXUW6Fdp44Fc/pMDMHkI3EnNdTEhOF2kZr6jLaVkjzcRPc39NgkuCuwBVA5NdfZWxUgMd2OlYenFkVVQ7R/Outs03nAye5NfcYCgtDw8VMvxQB9quvAHOasuVjTrgY6+lORBGjHJqncygfLnivooU0o3Z5cndmfct8pC8gjFZIjxl2LZHHIrRuDgHBIrLkk2ozE9OtY1JJblU/I5fxBKZZYLSIgu7YwK/WP8AZI8IL4c8Fy6zLGEdo87unavyr8JaXceJvG+nWiIXQSjI/Gv3A0y3svA3w2soLiW1sYEgEk8sjhEiQLlmZjgAAAkk9AK+z8PqKg62YT2gtDxs/Tqyp4OO8mjwz4l+MNOj8QHTprgNPEu+TAIKO+GwSeCNuw8ep/Dg4vFmkBRmUZzj5j0r4j8UfEvVfEniTW/EE8c8Zu7mSdI3uPMMCFjtj3EchVwo4HCjgcCsiPxpfopAWQE89c1y4fjGkt1c+jxOUuUtHp0+R+ga+JdFJ2HyNwHX0/Ctq017QSCrS25YjpxX52r421UYCic8epqaPx7rka8yXAHPfpXbHjGhJfCcKyecXe5+jY1TwxMAzNDnH9wUrS+GXCuHswD/AHh/SvzpHxD1YLtaSYj3GQKtf8LK1XcrGaRsc/MvTn1px4pwrWqFLLqlz9DDaeF5iBmwyfVaa2g+FpS4kh01+3AHWvgCP4raor7jPJuAx36VaHxa1PJY3Dg9epFVHiHBPdIUcuqo+6pvDXhJUKiy0xz9BUaeCfB8w3PpmnknsAK+K4vivqGQGuh6/erZtvi5fAhVueg7NXK88wcrtpWOynl9RLc+srj4Z+CJgSNJt1z9B/SsW5+Dvga4BP8AZsQb0Br50b4x36KAZmbjs1S2/wAYL4ctKx4z96sZZvgZfZRp9SqrZnt5+BHglzuFmVJ9DmsrU/2e/BzpvjEkBPc9K4O2+MlzGFLSNj6/59Kvv8YmuvlM20cd60pVsBPRRRM6VaOtwn/Z58NyOdk5A6A54rLl/Zw0ls+XdhB7kc1rp8VULAmQMPbpV+P4owFs7kOR0IP+FNYPBPsJ1am9jhZv2a4CGMd8rD04rFvf2Y2uoJ7Z5xJBIjRuORuUjB5Ht6V6+nxOtDGcyRMfX0/CrLfE/SYIpru5urW2towXlklcIsaAZLEk4AAGc1lVynAtO9rCjiKieiPzW0j4VfEz4V/tFeEPCfhuRbfxHJeR3Wk3KlZRJaszr5jLleQqShl+U5VtvBVj+lXiDTNDn8cfFW41BLQeCLbR8+Kdq4gu77bgeSpGEfOeea8j+BviH+2NW+KP7U3iZJhhTpPhW1lz+6TO2NVUyMFYkb2A4D72HD12nie+Tw7a+DfhtJfFdWluF8U+KbhGwzTbg0NuWwwzuC5U4JVXwcivhMDlVHD0JSh8Mm2r9tl9+/ojXE46pVxCpx3Ss/Xr935nhun/ALN99PawzGwtoC6hhFIFd4geiMwyGYdCw6kE1or+zNfKP+Pe1B9oxzX0XF8QdKhjWOOVVA/2qlHxF0w5PnLn/er1aOUYaMFzM6pVareiPnIfsz32APJtf+/dQzfsxXpX5YrYH0EdfSn/AAsXTf8Ansv/AH3UUvxK01QcXMY/4EK1eW4R7Dj7VvY+YD+zPqK9YLcY/wBihf2bL9H3qttE/XgYIr6Mm+JFg4O2dd3b5qzpviFYq/zXEXsdwqI5PQtd2LqOa2ueFr+znqxPDD6c1Mv7OGrt/EgX1Oa9wi+JFgnJuY/qCKst8TbIRkLNGSPVhzWby7D7IE5Wu7nhf/DNuqkH/SIQMf3sVTf9nfUUOGuYgfrXtdz8TbQAkTovHAzWM3xLtGbJljfg8g8ZpSyuh1aJhWl2Z5WP2eb9c7rmM/Rv/r0H9nu+UH/SIj9SP8a9S/4WVZBgGlhA75NN/wCFl2mc5Qr9R/jS/szD90Uqz6pnk7/AG9QnNzEQfU09PgFeNj/SEz2r01/iPaOxJaMnH94f41LH8R7OM8yJj68VnLLaPVor21+jPMj+z/On+suVGfXmhfgFKCf9LU16a/xM04nBlT1HNNb4maaoyZRiuuGXYS3vHJKVe+i0PN/+FCSf8/gpG+ArHGbyMEewr0qP4kWEoJjdXb6jj9alPxAs9qgPHk8Hvirjl2DeqMfa19jzQfAUZwbpSMdKK9MHxBsskFkK44NFaf2dg+w/a1j4LHia4AAIl59TTf8AhIrnfkb814Z/aGqf8/13/wB/W/xo/tDVP+f67/7+t/jX8orK4H7LS4krR2Z7ouv3TDG58GpRr1wAAXf8Ca8IXUNSHJ1C9z/11b/GpP7S1L/oI3//AH+b/Gqhl6RrHier3Z73H4kZQAxuDVhfEq5yTMRXz5/aWpf9BG//AO/zf40f2lqX/QRv/wDv83+NbfVvQzXEtRdWfSdv4xEAwDcfUH/69XV8b7tpDXhx19/1r5hGpam3P9oXx/7bN/jR/aGqf8/13/39b/GuaeWwk7tL7jWPE1buz6i/4TbBBAvf8f1pD42OSf8AS+vTH/16+Yl1LVO+o33/AH+b/GpP7T1T/oJX/wD3/b/GsnlkFrZfcN8RVWt2fTI8bDglbvOMHjr+tPXxyy5wLwfh/wDXr5qGuatjH224P1YmkfWNUlG03lwmPRyDQ8vj1SF/rFUvuz6iTx8CAAt2Djuf/r1MPHEpJwLtc9/X9a+U/wC0dWU/8hG9/CZv8as2+taxbyLKmp3ZIzgO+9emOQ2QaynlMHskbR4mrLds+om8bysP+XpT/n3p3/CayHvc/mf8a+af+Et8RA8X6f8AfiP/AOJqQeMPEeOb9Qe+YY//AImub+xk+iN6fFc09Wz6R/4TKfIObgfif8atR+OLtQVMl2FI4wTxXzN/wmHiI8fb1P8A2wj/APiacPGHiMZxfKPXEEf/AMTWE+HoPTlR0Li6fd/18z6eHji4wwMl0T256frVLV/EtzqWmy2pa88w4eNlPKSKQytjcM4YA49q+bW8Y+Im636f9+I//iaF8Y+Ixjbfjd/1xj/+JrOPDqi1JJXRE+KpSXK27H6B6H8VLadfDnjS88sSyW/9i+JrXcu5UIwsrD0/2jx0r5c1zVj8IfGmv6Qhmm8JX8/2ywlgAMeG4JGAAVxt6ZwFHHJrx8+LvE3mx3CalLBdJ9yWJESROR0dQCAcDPPNX38e6/JaPaXSWF3A5BeN4U8qU/3miwYy3+0FDe9Tg+G1RnJpJxluvyt6F4zir29OKbanHZ/g/v8A+CfQGl+OhqMP2zTriK8gOOVcZU4zgjqDyODW3H4q1BxhUyfQt0/GvjOSdkumvdLj/sa5PUW0rBG5zjGcgdOMkcdK011nXQdw1jVFI6YuH/xrWrwxSveP5HPQ4urR0mfWEviTWhnbCAO3zVGmuaxL95VT3IP+NfKlxrOs3kLWt3rGp3Fq2N0ck7MrY5GQTjqBWeN2wRjJXOQPepjw3Tt0+40nxdO+ib+Z9bve62yjy3VfoOtYb+KEjleG513TIZ0YqytcICpHBBBPXivmMFgcgYIPBpwVjggVvSyCmt/yMZcVVHsvxPqFvEdkwQnxRpcTY6G4j/xqrc+I9Ns4RcTeLLOSMsExBMZWB5PKpk4464x+dfNGxvSk5U9wa0/sKn3/ACI/1oqvp+LPoqPxj4ZcgP4mcHoP3E3/AMRQ3ivwe/8ArPE7tjjm2m4/8cr52G89Nxo+bOcHNXHJqV9G/wAP8jF8Q1uqX4/5nt6+PfDKsA0WusCOoijwP/H60YPH3hNgC1p4gOOP9XH/APF14EpY5zmp4WcDABAPXFdEctgna5zTz6tboez3vxA0pJlGn6TfXFvgFmmmWJgc9Ao3AjGOc+vFVh8R7VCD/wAI6ZAD3vP/ALCvLAXY8qaYN4PTNaPLaSVmjCGeYnv+CPXJfic/kEWPh+3guD915ZzIq8/3Qq54z3H41UT4na8AwbTtEJ7fI/8A8XXmY3YGN2KVQ5PAbIrJYCitEiZZ3invI9Gf4j61Iw3afoeO/wC7cf8As9Z48YeIXlkdbyKJCxIRYUIUZ6DIJ/OuOwd2efpUyK/IA7966KeEprRJHPPMq8lrJnZ/8Jl4iGMX6D/thHz/AOO193/8E+vixrNh8Z7vwLql5dXWmeItNljhiht4dovLdTOkkj4DKoiW7XC5y0i5BxuX849jnPBNdl4A8Uy+BvHfgrxr9gOqjR9Xs9U+y+Z5f2nyJkl8vfhtu7Zjdg4znB6Vy5jldKvh50XFe8mj0chzyrhsXTr8z91rr95/R3+0Z4Vj8Y/C+9cRCSeFCcDrX4MwwvpWuX2nyAxlZCAM+9f0f276Z4q8N3K6fd2eqaTe2ouLae3kWSK5iddyujqSGUgggjIIINfgh8evDMvhH4kX8RiMMRmPb3r+b/CWu8PicTlFXeLdj+hPFzCqdOhmVPqkmYuUMAOPnwKuWshIAB4zzn1rLhYNboy+narlt8rLluPSv1mrQPyONbZs6CPDFT0I9asox54x9Ky4mIOAxKketWMkdyK8udJpndGemhm36ZOccfyrlrqLBZMY9DXXXoLDI4rlrxTweScYr6LL5NwTPLxkexy88RZhtzke3auf1eID5+pBrqCp3MTWVqMXmxyY69hX1+AnZo+Txy5ken/Dy/8APsDCWBYdvSvQfElsL3QllVXZlBGew7j+Zrwv4dXpgvWt3O0HoDX0RAn2nTr21fc3GQAM8/8A6ia9uU7SjPs/zOSjHmg4+R83uNsjKO1GSwPfvVnULZoL27jOMhiKrxIdvJJ7V7ejPAaNHTLr7MzRszLGSCCFzzXW212CRiSX0+7/APXrgwCADyOlXUeckFJZR7BjxWtKKucMqjS1PT7S9PVWkC+u0f41rRXW1lO+TI/2R/jXmdtJeAf6+f1/1h/xrUSS/wAgm4mx/wBdDXqwpXeqPKli3fc9KivSrKVkk9fu/wD160Y9ScOri4lUg55Uf415kkl6rAi4uP8Avs/41YSS9JP76Y/8DNKrhuboEsU7o+h/C3ju50q8hdbh2TIHavuz4U/E+4ubm02XG7gEjNfkeZr9SCs0wPX75/xr3j4beLNQ06WCT7VcKwGD85/xr6ThGq8NiItuyufC+I2CljcE42u7H9EPw9+JLNapb3M2CB696990Lx9CWQLIAT6mvw18LfFrVLdoX+3T4IGf3hr6U8GfFm9uLuDdezkZAI31/YnDviFGMI07n+ZPHngvOUp1VDfU/Z3TPEcdzHFIowCME571634aMc7sMFkZfXrX5/8Aw88bx3trEklxIWIBAL19Z+B/EBleGMys3TAznFft2X5vHFUtHqz+LOL+F6uEcoqLVj6u0e2Tyo8Yyvoea761hMULSMPujNeb+Hblm8t24yOT616jExns5VU4crgV8nm/Mp2Z+BY3mjVs+4+CVJ+y4z2q2qBcGNRkHGa5y1Z7QKszY/SttdRhKKoU5znI7149ai0/d2PSoUXze7qi2bpIwzOBuArNlke5GCpHNa1raC8wWBIJzXb6doNq0Y86INjpiuCtjKdHVrU9ueKp0Ip9TJ8N+HAwE1wuF6njqa9Ehhjt02JwtMgjWFFjjU7RVmvksZjJ1ZXlseHiMbOtK7Zj6jYfavmGcY7V5D4p8OyTSM8kbbsYHy9RXux745rI1bTVvIC4A3D9a68szKVGaPWybN6mHqJo+F/F/gBdaZLeWCNrct86svUd8VTsPhV4X8L2gXTbV7UO/mEE55r6mk0FJLj51yQelUr7wVcazd21pZJJI7cKB3r7SOPwzmqlRK/Vn73lXiJi1SjhY1Go9k9zy7RC81zCiKCiAKBX0XoF3caRDHcQBN2MEGuaj+FureHiLm6tHiTqWDcV0cely+WGE7cDGCa8rOMxw+JSVNpxPFz7Mb1EnoRaldT39z58+DIec1Ja6csrckEmqcyNbZMrkY681btLnGCkmR7GvMaaglDY8Cpi5KN4mzHpYiXdivOfijqFvYeF9R3xRMRGccc5r06K4kmXZvfd9eteGfGTSb/UtCu7W1eZZCpxtzVZPFzxMVNndw5i+bG0/auyuj8NPiNrdw/jHU5MAReYVUE/59ar6drMzIgAJPsaofGDwX4l0TxBdT3MtwsIZiPmIPXmvO9Hvb1lUfargf8AbQ/41g6M6eJlGatdn+oOXY+nVwFOVJ3VkfTOia5MzBSccjoa9h0rXLl0iIBHvmvkXS7u7jkUi5uBn/poef1r2DQb2+YKournsf8AWH/Gv0fhy7aR8LxBVa95H2p4R8S3UUaYyB165xXtmleLNQCoFUn/AIFXxz4TubzCH7TcEkd5DxXt2k3N6ypie4/7+GvvMzyiE4Kckj+feIsfKM2fRkfivU2iB2nac/xVSu/FOqMu5UOcYPzV55ZS3cihWubgn03mluFvRuBuLliP9s/418dHKKSlsj42hnk4y3G6t4t1ZXkUAjHP3q5G68Z60iERsykdMtwKoeIbW6chnkkZD2LZwa83vbaXY4CAEV9xleUUJQTsj9AyziGcknf8Ts7zx1r6qWMqMPof8a861jx/q+WyxZsZG0Hj9awLyzkdWChSteZ6vp00kqwJGWkY7QB9a2znKIwp/u1Y/RMjzqXMrnYQ+L9d1nU0022nt0lfn94xAA9eTV3UfiF4O8MWOLvWLbXdZR2WWKCUBVIPQhvTmuK8WxW/w+0a00yxVJtbu4jJcsOkRzjAP0Ir5h1KOWaWaVwzs2WYnqT3r8czTDzV0fruXZnJpM+mp/2iNNztTRdHKjplY8/ic1Uh+LHhLxJN9kmK6NcMOJPMjEY/Ac18f3MJyRs+nNZzxyRkMhKHqK+LqU5pn09LHTex9F+M9S1DRS1zaawmp6aOTNFGdqj0zjmvKpPiAxDFtRlJJ7Kwx+lWvBfiVp3j8LawPN0+4YrvPJX8Pwrz3xbotzo2uXtg6BVRsqQeCO39K469OR6VHFT6nVTeOkIIN/KT/wAD/wAKpr4zjkYt9rnnI7ANk/ngV509vJjlMnH5VoafYtgEq24nFY08JKUkjSpmPJC56bD4yBQs3205GOg/xqtN4rhbhlu+nPA/xrmzauihAuDjt3pBaNjlM+te7DBtI+fnmjvdG2/iGyf70N50/uj/ABrE1PXLYIqwWs0vXdvYL/LNNNi2MgbR0rKvrZgGXaSOmfWtJ4VqNkhUcybkjFfWI2fJsCOeMS//AFqZLqLXn+iRQi1aQhPM352A9SOnOM96iNucsyr37VA9sXP3Rj615SwcuqPfjjWtbn0lp3izSbzX/D8VzqMMWiaJabsoqICwHCKBgY+leGeIfEl3quu6tqUNpbCOWZmTIJOM4Hf0FY0Fg5JO3OfeppLBlBCDCjkjIrop4NRhpGxVXNpydnJmXNrF4pKm3tevdW/xrJm1q+ILC3tCoPXaev51qTWUhU5BI+vWsi5t2AAHXr9K5q2Ck9zSGPaejM2TXbwIwEdrGSOCFOR+tcvdazqZBb7SGHX7i/4VtXUDEEBRj1rAubYjKrg8ZPNcMsK1c9LD4uUmc/c6vqbZAuMkdPkX/CsObUdQUk/aPqdi/wCFdJPZsckAfnXP3dq2SEXn6142IoS3Pahim/dTMafUtQlTYbmQc5O35fzxXP3l9cxqQL26PuZD/jWzdwyjcdig9OtclfLLkgj9a8fEwdOOu57uFbb0MW71C+YsRe3Y9B5hrmru/vQGJvLoe5kNbdxHIckj5R71yWoeYWKqpK+2K+VxU2tWfTYbRGHfzS3LlpZHkPQFmyQPxrIl2qC3GK05YpWz8jE/UVi3YlTOEYj6ivnqib1PXopydjDvpvvAdK5Of94znI9OTW9eJPtYeWfzFYUsU4z+7P6V4eI5n0PoKEbRsjNkjJDMwAXOKy5lwQR0/lW08MpXAU8e/SsyeJx8uxmY/SvLrU5djug76HP3q+XheADzjNYkgLkAED3JrduYJmdhsb8+n61z81tcfMwjOT6muOVOV9jtgkklcxLlsyNznsKypBw7EgY5571tXFndDkRHj3FYs8UqqwIxz0zXk13KLu0d9CzehlTEhayZwGPPBrZljdvl2msaYEliRjArzeazuejCWtjBuVO3cv41mPjIwc8VqXRYEIAduM81mOjbjxXLUmr3R6kNinVRvnkCjIyaturAHj2qFI8Sgk49K5yqpeqxAOpqoCQGJJPNaFuvy5PStqbMqa1LUZO0gH613fhWASzIxHGMmuIWMAHjmvU/CtusNqZyCDt4rdzVrnQ4s7C0QyXLEZ2L0FeM/Em/M9+LcEkA469K9utsW9lNcNgHBPNfMuv3DajrkmTuXcTXLho80yazL2lx+VEhwSO/HWugiUvIh25XHpWbbptjRcdq2rQDdzk19vgKeyPKqvS50mnLgKDyfSuxtQETCYDe9cnp65dT0INdRASo9q+0wNPTQ8bEsvu45G4Y7e9Z8pA2Ekde9Pdm4Ge1Zl1JsyOoNe3KNo6nnPfQZPIpc4JwODWBqc6wWzsHGcVfMhGe5PWuU8RTE7LdCdzEDFeXiJ6NnTQhrY+lv2SPBzeIPGsWoyxl4kYNkivrb9uD4iTeCvg5rdrptxd2t/qEkWiW8sSI4j80M0u7cflBhinUMoLBmXGPvCp+yF4PXQfCcutzRCN2TIYivjn9vzxvd654t8L+BLCaSW0sYH1K9EN3uRriU7Y0lhHCukcZZWJJ23JwADlvss9rvLeHI0Y/HVPMyWl9ZzOdd/DTVl6nwGdZ1kMW/tfUiMd53P8AWrlp4r1+xUpDqsrZbcfNCyHP1YE446ViNY3e4/uH/Km/Yrv/AJ4SflX4BCdXpf8AE+8aXc7D/hYfi8cJq8SADoLWH/4mnRfEjxdFJG8mo2tyFYMVe2ixIP7p2qDg9OCD7iuO+w3faCQ/hS/2fe/8+8lawq11rr+IRa7npn/C29bPXSfDfToIZOP/AB+oj8U9dJz/AGX4e5PP7qT/AOLrzgWF5n/j3kH4Uo0+9Jx9nkreOMxC7h7vkep2vxV8uGQX/hyzu7jdlWhnaIBcDgqQ5JznnP4eqH4r2rY2+F8HuPtn/wBhXlv9nXn/ADwekGn3gO77NJT+v4rZX+4PdPXIfidZO6/aNAaGLjcVuN7AZ7DaMnr3FaDfEjw5wEstWGe7KgA/8erxU2V43AgcUgsLwdbaQ1azHE/y/gPlh3PW5viDokzFVg1WNR3WJP8A4utG08WeF3j8yTV7uykzjbLExJHr8gYfrXiwsbzH/HvIPypfsN5/zwl/SpjmWITvy/gRZdz3dPGPhhQWbXbiRQQB+6kGf/Hc0+Lxv4YlmSKLWH8xyFUsjqM+5IwBz1JxXgT2F8RxbyEd+lQnTrw9YpAfpXTHOMSlbk/BmfJHufScviWzVsR+I9HBHrdxn+tNXxVAGPmeJdLBxji4T/Gvm3+zbv8A54vTjpt6eGjc/jSWbV/5X+Jfs49/yPoy8+IGm6XA8z+ILBox2WUOxOQOFXJPUdK4G88Z+M/iHZXuk6Dpr2Hh6TEV1f3M3koq5UlTIWCLkZBXLFlPA7V5QdFuvO8/7N5jgYXcVIX8Dx375rZW68URmNxeXokQYRw43Rj0Q9U/4DiuSvmeKqe601HsupXJFR91q5996b4o0Dw/p/w88LwB7XwXoEAumikiIl1S/P3WMKrvCFufMZQpwTmvGrrxR4q1LWtd8Raj5UmqahctPKTyUXokeR2UdvUt618syWV/K7PKk0srHczMclj6kk1H/Z19/wA8H/IV21s4rTavF2Wy/D8jmwuCp0tVu+p9THxHrvKlIduc45/xpreItdKhSIl5z3A/nXy7/Zt5/wA+8v6f40n9m33TyG+mRxWbzaq1azOlRifUP/CV63u+eaADv1/xpG8U6qcEywt/31/jXy+dNvR1gc/Qimtp14cZt2H5Vl/atZfZZpBJao+m/wDhKNXXIQwgdRw3+NVbnxfqNqqyXdzZWkZOAzkoCeeMk/Wvm/7Bd/8APu/5im/2dd/8+5/So/teu9ov8TS6fU+gz49yMf2xo6n2mH+NTx+MZZFDJqOksvbEo/x+lfO/2C7/AOfd/wAxQLO/A2rFIB6bqUM1rro/xJ08j6En8UtIp87U9KQHkkzqB/OqQ8SWoz/xOdHBx/z8r/8AFV4GbC/bJMMhX0yKT+zbz/n2f/voUnmlZ7Rf4hFI98HiW2AwNb0bGP8An5UY/WlHiO1Yc63o4HUD7UnH614B/Z15/wA8D+Yo/s68/wCeB/MVEc0r9vzHKMWe+t4mtU663pbH2uVP9aqt4piIIGr6Xg9/tC/414b/AGbff8+7fmKadN1A4xbkfiKuOZ13o0/xBKK10Pbf+EigOCdZ0sfW4X/GmN4itWGDrdmR7TL/AFNeKnTdRJ/498D6ij+zr7/nh/48Kn+061tn+Ipa7M9wh8VW1vGyR6vZAevnrzU3/CYr0Gt2A/7ap/jXhP8AZ17nHknHrkf40p068HBgY/iKFm1daJOxLpRPdG8Yqcg63Y4/66pzRXhR0+8C58hyfqKK1/tfEdvzM/Yw6mmNMPXaWH0FPGlE9Iz+Qruo9GuZMMYXVfpV9NFlUfLbye5Ir8mnirbH2qwl9zz5dEzyVAHfjpUg0VVH3B+XWvQ00a7kbatvMx9gatJoF62P9FlUeu01jPFTNY4RHmv9ijJyqj6jrTjoqD+En8K9Tj8MXpAzaTHPfaeavweDL+XB+xygepHBrJ4x9TWOAvseOf2MD0QL9RViPw+XwSgA6/WvcIvBV5Hgizf0+6f8K0o/BuoHkWUo+iHFc08yl0RtDK7ngq+HYxjdGrfnUw8ORnGIf0r6Cj8E6iyA/YJvrtxn9Ksr4IvxkmylJ+lY/wBpVOzOiOVxtufO/wDwjSEjMOOcd6P+EbAGTAQK+j4vAeqynbHYyEHjO2ta3+GmqMA0tu4GM49KieZ1Uvhf3FwyqL2aPl+PwqXGRBge9Tr4Ti7oD+NfUzfD29UbfJbd9OKonwTcAgAW7D13iuSpnNWNuaLR0QyWD2dz5rHhSM9IV/Snp4RB/wCWR/nX0sPA85H3bfGP7wqdfBF18pPkjB6BhzWH9tzNIZJE+Zx4PHdMfhT08GFzhYQ3vg19TQeBix3Sy2yr6eYK0l8FRAYE1qpxj74rCWfVVsmb08hh1sfJw8Dg43QkfRTUv/CEL08pgO2QRX1iPBQwMSWv/fdA8DqTkzQMe+JKzeeV30ZqsipHyb/whK52+Wc/Q07/AIQYY/1RIr61TwDnkTW+P94Vbi+HStuMl1Cqj0OT+VKed1kr2Y48P027HyB/wgrE4SEE9uakTwBKdpaFVB9utfZEXgOyiI/0pS3qVarX/CE2i5P2kdfQ8VwPiyeyZ1x4Vj1R8ZL4DPGIBuPtUw8BSHB8jB9hX2H/AMIZZFiTOD9QeaePCNoNoE6Hnjg/4Uf601On5jhwzBdD46Hw/lyR9nIx7U4fD+UfdhH5V9mL4Lt2AxLGufar8HgWxwHkmBPUYWsv9aqi6r70aw4Xg3ax8UD4d3LAfudox1A/+tTv+FdTjB8hmP0r7fbwfYAhct7ECg+EbDO0B8j1FQuK6z0uvvX+Zf8AqtS+G34M+IP+Fe3Gf+PUk98Cnf8ACu7nkm2bPrtr7kXwXZEZIYtjsBUg8F6d3hY/gOK56nGFSLs2vvX+ZtT4Qg9T4UHw+uDytuQB7Uf8IJcEhjbkc4zyK+5z4P0wEYhbj1xzUZ8KaYCQsOD3JAOKI8ZVH/w6JfCMLHxUngK5YBvs8gzyMKeKD4Bujk/ZcDjqK+3YfCumoQpgDHr0FWT4VsXXKoqDrjv/ACrrXGFRrp95yrhGCdj4a/4QK5zjyMjpnFC+A7gHJhx+FfbU3hewiOPJT2z3rHbw9pgkkBtwp7cCqhxPVb0a+9E1OGKa3PkE+B5B96LHrxSDwaysAIiT0/zzX1tNoOnZLCAcc8Gqh0SwycQDr6mto8RVUrtr7zmXD8Nkj5bXwgxAJibP4U//AIQ2TGfKTH1r6gOj2CKCLdd3pmoP7NsCSBbITn1Nb0uJJPqYvh2MWfo9+yJ46vNZ+DPhO11GS6mvtGZ9BnkkjRFaOIKYQm3qqwSQJuIBJRs5+8flL9ujwYIdWTxDaxEq+HyB0rv/ANlHVNP0vxD4q8NeTb28+oWsdxDI0wUu8Bb92qnliVmduDwIzweo9l/ah8Lr4q+HD3qRCSSNDuOK/Ic0msDxFRx8NI1dH6n7JhovH8PTwstZU1p8j8fNDuxNZpuOT0NbgY/KV57YrjdH3Wd7d2EvDK5GK7eFAwGOvp61+4YlJSutmfhlJtxs90XoWbarAZFTszMMBuRTYFBG0/pT2hH8BINcE6absdMakkrorzEvG+SC386wLlRhifWuhc8EMhPY1j3ERbIUZHvXVhKbjoVVqKS1OTnUxuRuHWqNwodGBBORitq+iYNuAyfasyVCScHAIxX0tF2SPmsRDV3MTQLg2Gtxk8AtzX1ZokkcrQ5JCSLtYjrzxXyTcr9nu4pxkZNfSXhW9M+nWkwbkYB5r3GnKnp1PKw0+SZw/jDTjY61IrRsu7kgjGK5dQQCCMV7F8RLJZY7fUVVuRksfU9cfjmvInO1mIwQea97C1eeCkeZi6fJUcSmDl2TA5OQK14LUnDEc9OvSlstLnDrLJGwcngHsK6a3sJCABGfYV3UnY8esilaWuOCBg8da1UteCMfMK27LRrmQFtnvjFdroXgrUtWl2RRiNc8s3Ar2YVYRjzT0PGlRlKXLFann0VqOW28j3q8lg0mNiFv1r3+y+E5Uj7TcRSD0U4rt9P+HtpYIAsUOCOrEGvJxfEGHpr3Xc9bD5DXqK7Vj5ltPDN3dqGWJ1X6V2/h7wvNbXCiRmVeoAr36PwpFGCoMCj2IqePwyqMGWSIc+teTHil3vFWPQfDClDllqZekWfkqgzjBr13wtftaXEJWRvz6VxsOneVgechYVs6ek8EgJkUYORzivo8BxxKnJO58LnHhrDEQlG2595/DfxhcQfZwZiRkA8195/DvxtaxGFpLhWY44z1r8gvCviWaBUK3CKw469K918L/ES6069hD3W5MjHzV/RvBni5GnGKk9D+GPFb6OFTEyn7OOp++3gbxPb6lbQhJVY9QK+gNDuPM2AuAM1+Rvwg+OOnRT2ltLeRvLgKw3dK/QPwx8SNPvGtFjuVBbBzu6/lX9HYXPsLmdBVKU1zH+X3iV4L5lluIlGVJpeh7jr8cm8sgwQe1ZFj5rsqnOf8/wCFXor2PUmYKwLnpXXadoO2IMcCRufTH+eaJ11Rp8k9z8toP6rD2VVWZraGhCjdnI/WvR7YfuVwDXNabp4tkQvz611MRBQFa+GzGtzzuj57HV1OWmxYAKnr8tNeVUXeSAg6mleWNFJZlA96zLoSzbUjQmPOTgda8uELvUmFJtpLY0Y7iOQEqw46g9qq32oW9pERuJkxwKjitJQMlSooudCe92EymNhWkFTUveeh34ShFzSlscmdQhaV3KEE98V2vgi/sbbVxc3JCKV2gnoKbB4WgjZScSDHPvW5ZeH7KJt4Tb2AFVj8XQnTcFfU/Q8qqwpSVSG62PQfEup2L6ZLEkiSs64Arxi8hFrAoJGSMkCu8Nii/KcuvbJ6VyWvabc3TOsCMUxjivHyiEKXuJ6Hfm+Y1MbXU6iseZa1cJMUWNiSTg1Lp1o74ZQ3Nb9p4Ovbh2llDKp5Aaux07QEs0AcZIr6utmdKEOSDuzDE4mNOnyx1KumacBGGcHjirOpaDFc2rvNaGaLBzx2rfjgC7eCEz2FdLqGvaRYaJcTSSRjbGRsxyT9K+XrZjVVROmrtsyyHKHi6snKfK1sfiT+2T4UT7HdXGk2sRkUHOeua/LvS4DFN5TqQQ2Pxr9aP2jhquuNqBtrK5aF2ZlCqa/O8/DzxFDOZBo9+wzk4jNfpua4aTqU5buyuf6A+EdSrTylUarvYzNOgyyYAJyPWvWNAgKtHkDms3TPAXihsAaHqODzjymr1rQfh/4pIXOhaiMEH/VGvr8gou6ckenxBX91o9C8LW4McWUwBjt3r27Rrcsqjb/47XK+E/AviZVjB0a/B68Rn/Cvc9E8BeJyVJ0XUc9P9Uef0r7LOc4oQioua27o/nPieq1J3RHptoeF6n0xW1Lp2VOBk4P8Ndxpnw+8UAJnQ79R1z5Rrqk8AeIzGo/si6H1Q1+a4riLDqd+dfej8txOKkp6I+atc0tnif8Ad8dRx3ryy901wWATj6V9k6r8NfFEiyeXod8wxkYjJryLU/hh4wMrBfD+psc9PKP8q+myTivDWs6i+9H12QZk2rM+Vr61MErK6/ITj6e9ZukaIl74n0qKRQyM5JyPRSc/pXvOv/CvxiqPI/h3UwncmJq4nwv4Y1aHxfpNvcWFxDIjnIKsMDBHP4kfpX3/APbOHr4aUoTTaXdH6lkuYNSVz5Q+Jsc1z4p1WSTcQHwox0AH/wBavFdQtMMcKPyr7M+Knwo8YWvifVWi0LUpYS+5XERIIIFeE6n8NfGLb8aFqGP+uRr85zXCKpHnp6p9j9myjMFomfPd1bkMwAwfQ1jTQA8EBce55r2m7+GXjQnI0HUcf9cjWFL8MvG2448P6i49ozX5/iMG+Zo++w2LVrnlUINrcwzxttlDAgjtXovxOt4ph4Wvox+9ntXMh9SGAzVuL4UePLq5gtrfwzqkkzHAVYTk16H8Sfhj4uhh8LWCaDfGeC2dZUERzGSQeeK4J4Obex3xxN1ufLYtC5UAkD+ddJZWCoF46DuTXaW/wy8ab1J8P3wA/wCmR9fpXQw/DTxkke4aDqGf+uR/wrsweXzbvY8/G4lJWuedm3QnG0fWopI0HCgAV6Z/wrjxkVOdB1Dn/pkf8Krt8N/GLAsdDvx9Yjx+lerDBS3scEKyPMTCnQcjHGax7+ILGxIXnpXsB+HPi5EO7Rb3/v2awr74e+LJJQg0a+Yjk/uzx+lY4qm4xtY6sGueV0ePiyUjAGB0qRLEBwoBwOvFeqx/DfxYOTot4PYIavWvw28VO5Y6Ld7f9w/yripYZvSx6VTEKK3PMFsVhjHBLEdarvabxggbM+n9K9jk+G/iZjxo9507xn/Cq8vw88TRKd+kXagf9MyBXpfUG7XRwfXUeL3NgpXbtKnscVy97Y4JJUYB5Ne63PgfXlJDadcDH+ya4/U/C+oRkxtbzKcZ27DxXLi8G4q9jvweI5na+h4nc2mS+ExzxxWM9iQ/3MHvkV6rceHrtWIFtN1yfkP86oyeGrpQAYJ19TsPNfO1cPLqj6mhWSVjye5tAqHjIxXNzWan5ypDdhivWrzQrsEjy3AHXKmuduNHmAGUOD/smvGxVOzue5hI3szyjULPjCrt/rXHT2BYszL8v0r2a70aQBiUlx67TXO3mhuE3FXx6bf/AK1eBjJXd2fT4P3VY8ZvrIKCvAOD+dcvcaQJCeH/ACr1m+0aR3ZmV+v9081kvpLRryGz7Ka+TxaTdrH0NFuyaPI7nSRHkqhBPtXP3enkknaMDjgHmvW73TXwwKv04yp5rnJdPYttKSFfZTXjV4pe6j38HFrc8lm0sswwhYfSqj6LkkmMkYz0r11tIUkHa/p9000aNHwrBsf7h4rhlRTPTVZ7njMmhjb8ynH+6azbjQFzkocAdMV7k+kQ4Yndj02HmsufRkY8eZj02Gs54WLLhiJXseETeHsrwrEn0rKn8PbTwj59K95m0OMtkmQAf7JrNm0RC2AJsE/3DWbwcbbG/wBble54PJ4eByvlsc8dKzLnwtHINoi3HH905r35tBQvx5q/8ANQvoGMndcD3CGuaeW02rNHVSxkk9D5ZvvCU0QdljkA6YxXC6lol5AWUwOw9hX2Vc6GWZVUy47/ALs81jTeGrWQOZoZGHvGeK+dxnC9KfwOx7WGzWS1mrnxRLprb2LRuPes6SxO77vHQV9lXnw90S7jbY8kMnUZj615vrHwxaJne3eRx2wtfNY3hrEUtY6n0GHzenPR6HzZJZ8j5QT61A1kTjCj8q9Tv/CN7aEh4psA/wB01gS6XJHkOrp9VNfPVaU6ekkehKcZK8ThJoXgQkjK559qvWnzpzg/WtuWx3hh8rDpjFZn2Y2reWM7Wzt5/wA+tc8JpOwQiaFrCZJYlUZJI7V7HY2y29ghIIJAArzXw/b+fexjaCBivVrhD5tnbqoAC5z65P8A9atpPozrt1ItbmFn4dnkYhXZTjNfNtmDcX085BPzV7X8S782unR2SsQSOcHrXj2jxbUZz3OR716WEormSOHEzOjhyw4B9q2bWMgdsdqpW0YAHat63hX5RjoK+xwNG9meRVnoa1hwVPfHJ9K6OIBVLEjjk1h20e0biMH0rTSSRvlABGMcCvsMJGyPKrJsmZlBY96yLk7325yB6VpsG+8cg9hWQ+S5JYAYrvrS0sc1tblUnbk5zgVhaPp8niLxfp9jGCymUA4+tbF4yw20jk5wOp7161+y94QbxN47ivHh3wo4JJHSubAYOWIxVPDrq9R4iuqVKVXsj9Q/COmJ4V+H2k6ZEgSaRFBx16V+Q/xEt7nx3458S+LZleUXl2zQebGqOkC4WJWC8ZWNY16nOOSTyf1L+OHiCHQ/Ct/aq0S74hYRo6sQ7SAhhx0OzzCCeMqOvQ/D8C2zggwQt/wGvuuLcO8RiVSj8NNWPGyaXscMpP4pvmf6HzEfAzMQfKU/hUa+BCxBMajPGStfVa21mWGbeMnvwKuJZ2GAXtYSD7da+fp5E+x2yzPXc+Sx8PpnbCRox+lWI/h3M33FQ9ulfWkNhpzMGjtYQpP5V0NpotjJhjaxsvcYrrp8PX3RhPNHHqfGJ+G02cmNScd1NOT4bzcfuQfYAivttdC0kZYW0anp04FW00zSCu37LEwHpXWuG1/Kcv8AbUu58QL8M5Sf9QD/AMBqwvwzOdphQ++3/wCtX2wthpJfYbWIKOfUirkVhpWSBaxED1ArePDMN7GMs6l3PhqX4Ysr7CgVhj+H/wCtTW+Gch5MYKjr8vWvuiXRtJkYsbOLnHaqsmhaR1FsgOa5KnDuukPy/wAzojmul+f8/wDI+IP+FbDkFE9RjFKPhvgY8tR7nn+lfbLaFpITLwKoPtQnh/R2XL2w29u1R/q+19j8v8x/2r/f/P8AyPif/hXI7xR/lSH4cIQP3aZ6kbelfaFxoGhRj5bdsgdM8VmvpemKRiwLjr97/wCtUSyOz1h+RUcyb2l+Z8byfDjZyUXOM4xUI+H4AOY149hX2emk6RJkNaheP72f6Uh0LSXUqunl8ej9P0qZZF2j+Rccze3N+Z8ar4CjUfOqGnjwJB3Vf0r6/PhzTBkfYDk9QJP64p48OaUF5sWdvd//AK1Z/wBh/wB0r+0/7x8cN4EgIAMaOPpjFRv4AgxmNRu7ZPSvsI+HNKUkfYj17tn+lQLoGkrkPaSqAc4Bz+tZVMlSV3AunmLe0j45fwOAceUv+P6Un/CEoCQYQxzjFfYj+HNDcKWt5x6Hjr+dZM3h7R4ydsMpB9QK5ZZUl9n8DaOLk/tL7z5SPguPp5ABqJvBUe5v3SHjivqo6BpGAPLlB9BjNNbw3pPBxOD+FZyy1fy/gNYuXSS+8+SX8Egn5IjnPTFVG8IBSQYsN7jpX1w/h7SAN2Ljr6Dn9aqN4c0Q5DrcFfTA/wAawnlF9olxxstr/ifKf/CJKQdsS5+lKPCAbkRpn0r6o/4RXSGbKJKy+hUcU1/CGlEZUzA59BWayt7cpX1x9z5ZPhDbgGJM1A/hJx92NSRX1I3hXTEyoefH0FQP4a0rGAblR64FJZYno4lLGyvufK58MOPvQYFQN4aIx+5OK+p5PCulOPmkkXPcoP8AGs268KaWiZjuST7qeKynliX2TSOLk93+J80/8I+y5/dHHXhRULaCAT+6yPYV9GHwzp5PyysfbaKjl8K2hH+sIH+6Kz/s1Lo/uKWKls2vvR84nRFAztP5U1tGUY4H5V7xc+FrQFiJuPUA5FZj+GYVBP2n5e2RXNLLLvRfgaxr9n+J4sdHiJ+7upDo8PZQB716vNoUKE4n6HByKqvo6nkyce4Fc/8AZrX2SlWfc8xOioTwi47UV6UdIjzxIoz6gUUll76R/AarvozhRq14Dj7RcH33mphql2VDC6ueOwc1ze8DBBP4U9JdpyGxnrX83yqT7s/X1LW510GtXgJ/0m46/wB8/wCNbUWtXhAIu5h/wM1wayBjxwO1XoJTnax4rCpOo9pM6IOK6HdRao0rM0kjO56ksSavDUeMZyBXDpKQcg5q+lwcBmb8jXl1aN3dnoQrW0R1K32OSTnPHNaFtqbZwSSv1rjhcHA55qeC4IPB4rknhzpp4izuehR6mApG/qMkkdKuQajuG1mxg5rhBcqeN3NXIrkg8dvWuGph1Y74Ym56BHf7TkOR7VdTUN3BbqfSvPUvSCuCQavxaiQMN+OO9cE8K+h1QxPc7dr/AI5bA+lU2v2UjL/hXOre5A5PPTmoZ7nHcEnrjtWSw+upq8TodampkD7xAx0xUy6oxcfOcdMVwQuycAMfzqVb05yc5olgrohYw7035ZgQWBJ5561IL/a24PzXDpqB6k5NPN9zwR681zPBs3+spHoEOpPkktxj1rRi1BCBuJ5rzVb4jkH9a0ItR4AZsfSuapg3Y3p4y2x6Ql8B90/rVhNROMA4IrzpdR3YBkGegq7HfDIO9T7ZringmdccarnoKaiGBzlmPvTW1LZlSc5HUmuMjvsBSG57802e9BIZTx3z61y/UtbWOj67pc6xr0ORtOM9elPS6yMqeM+tcKL9wxzV6LUkXhmIzVSwdthRxSb1Z3EeohCFYkkdOela1vqRKkHC++a4AXkbKG3BgKsrfHjqo9q86tgk+h2U8XbbY76S+3gLhR9Dio4tTVsofvD1rjlvCw4OR9Kry3ZWQFWIHeuZYFPQ3eM1PRU1HAHzoKe2o7ckspOMZrgo9RYADIJ9xU39oZyGIyeKxeA12Nfryta51kt/8xII56VRk1ExsGVlJPXOa5lr0uMO2SOhz0qhLqDYHLHsMV0wwPkY1MYdmuqksGYjPtmtM6sCijzFx2OK8vOpFyMlqsrqJdQrMwPArphl+tjmWN6s9Bn1MSKPmTp6VgXd2rcKcr1JrnnvW2kktjHr1qjLenklj7AGumlhOU56uLTOjN6wzhgD3qpJdAYIbnvx1rCN47Kwzg+tVjcSEYJJrtp4bU4JYjQ6F7ncoUMDVB5sH+IH+dZq3JYAgk96hmlL4ZeCPeuulRsznVe56P4D8Yt4K8Y+GvE6vOIbS6VrgRIru9ux2yoobjLRs6jJGCc5HWv1f1zS4dZ8N67osyqwaNtvtxX4qrI2CpY7TzX6wfAjxPbeIvhr4MuYPIia3s10u4iSYSGJ4R5XzYxtZlVJNp5AcdRgn5Dj/AOeA9tH4qbUj73gHGL6y6Etpqx+NPxH0R/C3j7UbQqUUSsOeM81atpMqr43ZGa96/bG8HNoni6TVY4iscjbwcda+b9JvVntYmBJIA5r9NyTHrGZfSxCd7rU/Kc8wEsJjqtB9GdJFKVbA6Z5rUj+ZD2zWCkg3qeq1sxPhcryDXXVjqcEJKzTHEDJzjOcc1VlgGSGBIx1q2rA84JOaOW7gY7+ldeHlaSuVViuXQ5PULXJJGCM1gywHuRjoOK7W8QbiBk/SsSeAZyepr6GlG60PnK82nc891eFipYc4wa9a+HV21xYtb8FgMiuB1K13I+BgkHpWx8Obs29+YGIAJ2172EWljx6rtM978Q2ovvC5ZVdpEB7cDuBn8T+VfPLg7j/AA4PWvpaEiXT7+0bzCcbgF/L+RNfPuoWwgup4GGcN3+texlkdHHszmzJ+8p90benzCS3iJOSRyenNdBAVbufXpXF6dJs3x7jgHIB9DXT2spOEJH5V2Ri0zxqkjt9EuPIvIOm3OM19W+FblY7aCVX5I5r5AtGBaNlIyD6V9FeEdQJsUBOW6/SuTNpTUE4s7MpcHJpo9padWYcg9zzUqNHtySTz61yaXuVHY4xzVgXo2n52HbHrXzPJVe59AqyjojrFuwnykg49Ka94hUHOGFcj9uB5JGR0qKW83qNrgfh1o+rsXt1e6OqN0V5DZHWnR3rOQQzEiuOF64BBJIq1BeKSvJ9M1vRpSv5mdaumtT0PTb6aJwwYk9cZrqoPEU2ABKTzxzXnFpcKRlTuyfzrVjmXIJUZ7ivdoTnBJRZ4eJwtKo7yV2e9+C/GF9Y6pbXKXEikY3c9a+//AfxgvYWsnFyx2kZG7/PvX5V6RqKxXEZDMFA6V7n4a8UeR5QW4ZSecCv0/g7imvhGrSdj+e/FLw6wmYp89NN27H75fCn4wQ6zLbwyzsxOOp6V91aFrsF1bxZf5iBg1/P78F/HLWs9tI85zwevWv1D8D/ABYhlhtYmnXcFAyTX9i8N5vDNMInUfvo/wAdvH3wYeExreEhofdxumMLNFtfjkAjNXbG9kljIAYN2z3rxbQ/Gi3CRSCRVr0/SddhkZXO1c0Y3K6lJWaP5MxmTVaHuTidLBbS3lwGnBEa8/WurgjUqAy81iW+q2RQMHG89s1p2t9DcMUUhSOma+ZxUZvdWsbYbBzSU3HQvmFBjgZ/nU6RjtRgZJ71BJqNtbKSXDMeMCvOtJ6I9fDYZN6IvgYwB0q5EoA96yrKf7XIzYwAOK2fujjtXLVTWjPZoUbNtkbElttTRwMx5ArOikLXTJk4A71vxYZFHArGtJx0R6WEw6nL3iIWyYAIJ9KQ2wzwtXwQo4UH0qPczHAwK5Y1JM9eeDppFU2o4KrivJviLpbwWMssBbc4P4V61O1yiEwIjuegY4FUNR0xtXtlguVQDuPT8a9LLca6NWNR7I7Ms9nSrRqW2PyW+Jsd0lxKDIyNu+6c+teMLLHJKEcFSTjmv0l+KXwOa7ja9h23UTEg7R901+e/xF8Iaj4O1ONZoyluxOxq/X6eZU8QlWpO6/I/tLw84jwWKoRoU371jsdFS32Quhz+PSvZvD8VvlOBgjivnTw5eGWNAHwcY+le3+HbmRRGTwMda+zwb56DsdWf0eW59MeE7WFjEdwGe/FfROhWUBSIhkA78V80+EppGWIkkAEE4r6a8NnzI15IO3Psa/G+L1KLbufzrxfVtK53UUCKAoAxVhYgOuKpRuSQMc/zq1X5pO58JRnFrYm2L6VQuNMtLglyihs8/WrqdCabs3Kwxk+lRGTi7p2PUw1blkmkcF4m060bTZwYlVgCSSK+GJxDa+OJ5kj3bEZgMD+8tfdXilXW1mVSxLKVAPavhaaJpPHN1G4cfunySvB+de9fsHh/J+yqcz0sfomXVrqNj3PxNpVj418NxXcCxprUSfOoUDcccfyFfGmsWYtpZ7aVCkqEgg8V9G3up3ujKs1nLIrAglezfWuAvtU8L+I7qZ9bt49MvD96UABD+HXNfa8Oe1w0ZRs5U3t3X/AP1zKqimk+p558JfGXw01e98YaBeeDtN8S6zo+opp93NNJcKY5XtYLlU27gh/d3MTZUY+bk5DV4xbvq82oeI31vT4dLuv7c1VLa2i2lYrIX0wtVG0n/l3EHX5v73zZry74wfH/AODn7LfxZ1rSYj/amta/p9v4iuGiuZQs02DZhsEMARHZQqQAo+UHksxr6W8G+KPh1rfgvwh48jlh1mTXNNtdYCp1g86JZQDnv89fyJ4N4fGx8QM5+s1JSgnLlTbcUpS5tntZaH95eKuKwUuBsp+rU4xlJR5mklJuMbbre71NTwr4ahsIT4p1hvs9vCN0QJwxP0/E1574q1Ya9q91fx5EZ4XK4IHT+lbfijxRdeJLqKygcWWnKMKhPA+uPyrlPKKoFIBJ74r+vqaTlqfy/wA7SK1nbDdg7SSfSto26KoViB9Kls7ZAQcENip54GC5C7lH4V6+Fpq3keLja15WRjTIoO1GAU8YxVXy4mLAkBevB6Vce3nYnIz+FRJbOqsz7VPXp1NdUYaHPGr0MO+UKGYYGO3pXJyAFi24nmun1GOQxuwUsvQECsaC0LuAVyCe9eViMO5zsfRYKShC5s6R4Yv9ShMltbTNCvJI+lBs/skj2siOrg/MD1Br13wjrmm2WkGC7IhlTJAAxurhtbuIdQ1S5uYUVI2J5weTTweFlzuLjY5sbiE17rObMCYycY9BWNfxIysvzcfpXTzIAMIFAxzxWHcRMVPGD9K91YK2ljyPrCPNtYhjgilYYBOcEjoa8d1W3VzI+ATn0r1/xEWIZcjA/lXl97hFIwCffvXz+aQWx9FlVV2ujy++hWEO5UFs8VxeqXhjVsNtPt2r0DVlLBwMjHP0/wA815FrchDsODXyGNioJtn2WBXMznby9dtwBYjNYVzMArEjGOvakvZnRi2TsFcrqOoMEILEGvhcVXSuz7TCQvaw291ABnJICiuPvtTByDj169Kr31+XLAZHPNcxPOTuIO7nn3r5THYlPRH1eFp2V2WLq8yMkkfjXJ3mpAbtzHA7g0uo3uEwp2tXCahfkbiSePWvm8TVUeh9DgaDk7s0bvU3JPzHPbntWK98dxJb8c1hPelieMioXusjHU/zrx5Vbs9+FJrRHQLenO4tj0BNMe+3/LkY/nXMtdsCQGG4jFRfbGxgNj39aynVVzdxsb8l9kYJIUGs+S/bLEMOf0rDmu+uSfxrOkuSWOCQPT0rJTu9EXTp2VzoReMdxyGGeT0qJr1cMSABXPG72AAOCTVaS9yu3BPvmulzVthezd7G6b1QDk9enNVJdRVzhSce9c1JfA7m3HjjFVftZKsSxrhqVl2PQo0epuve8sd4JA4HrUMtym3DbQPc1z63rRSBwRlfm+bkE/Sq19qr3UzyH5SxydoxWCrXVkjoVLXQ2RcRr1P51k3s0Tq53nA5rHe5bJGTisnU77yreZyzE4wPWoqVo8rdtjpjTbkrs8r8Vao8l80UbHZknOa4a6kLghyTV3UrjzruaQ8c9ax5XJHPNfkuOqynVbZ9jRppRSRXbYN2ME1z96++4CL91B0x3/ziteVwd2ATWECZWdz9488npXnRpq9zphc9C8E2vmSySsAcDNeg2q+fqLMVACn+XH9K5Xwsq21gZRjcRnPqa6uyItrO7uX+UKuOavkXMkdUnaKPEviXqAutWFup+VTjFYenxBI41xz1rP1e5bUNenk5YBif1rctVI6DP417eAhd3PKxMuhtQKCOeT0rorWPpuAx9axrRB3PzeldBbDbgD+dfZ4GOzPJrS7G3BGMZxxjgmtBI1DAnGPpVaI5QelWjIqLtA3PX11GCS1PLm7srXTYBA4GcVjhFLEnJzWhccZUkev0rOdwiE5/WorVNSYQ6HN+ILkCEwpjngAGv0a/Y88IjSNAuNeuYwrFCQSOtfm/BDJrfifTtOjAcGQZGM96/ZPwLp6eFPh1plkqiOaVASAOor6fgWmlXqY2e0F+J5We3lCGHjvNnz3+0F4o+3a5pmgwTKwhRry4CTZBdzhVdOzKqlgTziXsDz4SkipghsqO2ai8T+In8SeJda192lZLidjEHRVZIR8sasF4yEVB36dT1rFa54IBBPpVLFNyc3u3ceJjZ2Wy0+46eG+Gc8k9OtXhcltuSfSuRicgKMgcVoiUBQNxArqhimcUoxOvt7pEyuQ46YJ710FtqpRdqyHGOmeledwTbtvU56Vo+fgdQMeldtDEyWpz1aKZ2/8AawIPIx9ahOoO/KyHHTiuM+0M3I2qPpT0u2yFU8V0Rxkm9TF4dHaw356Fju9zV+31LBLFiwzgHPWuHWbJQttz3xVz7TtI5AGM9a7KNeW7MZ0EdvLqR3Y+Y8etVm1Rc5JIOfWuSuLpiUIY46cVTluiF5J6cVNTFO9yYUVY7L+1GkfJYhRU41PCrliT79q4WG7xHwcU43o4GTx0JNYSxLubfV0dVPqJOSCXz61V+3MeXIAzXPLel0+Ugr061Um1LblEwzdz6VLrNagqN+h1TagqkkncMcUn9rbCArFCeODXEvfs2Mnr6VAb4BiCcj69KylimjWFA9ETUuGk34Y9aY+qNkncT3rjf7Q3KigjAHrVeTUE752/Wj27tYFRudidUJJJds9eRVeXUjwAe3U964uTUVBOGY9utVm1HGQGx/OsJ4po1jQR1k2qsQwMmfoKyZtTJPLuTnjmuXnv8E7mPJ9apG9ycgkfjXHPFM3jQSR2I1Egbtyg9qgk1Iswy5J7VyZvHJJDe/FRm9cDk8/yrCeJZoqSOrfUn5+ZW9zUYvjIwGfbpXJG9ZuAd1W4bnYCTk+ntXO8RJsr2Wmp1/29lycqBn35pj6iTyzL6cGuWa8UA8k+1U3upGBAJB/KpliGio0VudW+ojnB7VnzX7MRhuB79awlklY43HBqeQEANgACp9tJ6jcEncvNqEhBAxgevasqe8d35dhUZkYk561TbAYvn6VLqyZolFO5qLdEYORnoPaopL51znBT61nNKccH86oTSkghRk+3alOs0CgiS4v/ADGPXb25rFur4nIBKjHXNOlYdD+JrGnPL88Vx1Kz6HTSghHuXbJYkjPc9aha7diCAMfWq0r4GBjmoMkjAz7471yOuzqNAXLAc/KfeiqIcKBk0VSqAeVDOBnrUqEdO9QhwcdjUh24xghq/kpyuj9oJwSDkdatJJjnJH9Koq+cAjBqVW2n2rNroy4tm3DKSuM5PvVtWOAQSKwFlwBggVdScsM7gDXPOmdUJdzYV8gHOD6VbV8Ec9ayEl3Dmrkcm4DkEiueUejN4z7mmJG4YE1oW9wWJQnHHGRWIJB6kVOJMEEDiuadM2p1Lao6ELg53celSBiOuTWZFPuUc5I96seZ/tGuOcOp2wmaiSEDqcVIXDAnIHFZaTAkAsSe1T+egHJ5rncDVT7kjNj60iSgYwOKpGbJBzmnectVyIly1uaYcHHWlZ2U5B61QWVeiutSLIp4J5rGcCnPsXUl5HzGrySOSAMEVjh1Pepo5ioxncKwnBFRq2NkM/B4/PrVhJnUj5vzrBNyV6DA+tSi6DAMOxrJ0jeNezOthucKQTuHanvIWGVbJrnIboEhgcVoCdSMngVx1KKTOyFa6uWWnJ+8NrClFyRgnBHeqTSoxJ3CqxmKnnOB+tKNK4pVWjpbW8IYKSAPTNXluzuxuI/rXIxz5O5QOK0EuwVHGWrmrYdM2p4lnVpc4xk5okmLkENjvWFFdA47j61Y87dwWAXPFcLoancq+hsLccYPP0qVpS2CDn+lYaTFSSNzV0nhZ9Mm1/SodaJj0x5VWU+2e/t2rKrS5YuVtjSFdNqJWMxVDn73vWfLLuJJPFfRXxy0z4caXa6QPBM9rHdZxNCjliVx945Pr7V8xtMxDYOcGsMurqvTVRJr1KxT9nLlvcsNJ/wE/WpopA23LVleaPb86kWTaBh69RR7HCqhsu5U7TkiqcpDHpSicSIATk9M1TuJgCR1/pWyp32MZSsifzNvBJ6UGTB5bmoCcjJYGq8sozySRinTh2IjLTUub0zgDbSsQAcnbWUZhng4p5nYjLHK10xiYtpLQuiQ88jHrX2t+x/4pmNx4u8EyvcSIUXV7UBE2RkFYpiW+9lt1vgcjCN0PX4aEoXn+EmvT/hD4mTwp8UPA+tNPp9vbLfpb3Et022KGCbMMjs2QF2pI7BicAgE5AIrHH4JVqMqMtpJo9DKMc6GJhVXRn2T+2D4Qi1zwVDrKR5njXBIGT+NfkxpVybB2tZG5BIGR1r96viXoC+JfA2t6Wyb3EbEDHIOK/CHxTp8+ieIr+zdTHMsjDH86+W8J8bKNCrgJvWnJnveK2BtiKeNgtJo34rxSQA2WPGK3LW6BXGcd64a3c4UjjPatq2uOgyc1+puz3Py7mZ1wkx+NSklVJbFY8M24DJzWnGNwyTVRilY1lO6Kbhcs2OTWfMBySuefSteZMKe3es6Zco4JXGOtfRYSV0rHg4zYxLpFdWAx0rJ0Q/Y9bj5ABbpW1Iq/wAQOawJWEN5DKBjDCvqcDBPQ+cxcmmmfU+mRiVoSWIjlj2nB55GD/OvGfFlg1pqswdHTd1BGDmvXPDFwt1pNnMG+ZcA+tYXxE07E0d4iuC/zZPfPJx7ZyPwr18FDlqtd0Z42alST7P8zxqDAnUYIzxXS2hwwOSwxWM8GCCnJzmtq1GAMHnqa9B09Twpz0sdLYNlwPXkA17X4PuTGioSD2rw20YrIhPPNer+GptrpzxXJmVC9M0y2slOx7XHOu0HBNWIm3vksCAM4rDhlJTHIBGau2sxUtkBs8ZP+fpXzVBan0NWVi3K4VixyM+lVxIc/I+4+1PkIfII3ccVVyQQASB711qhznJCvbYtqznG48HtWlbDKkgAegrLhfB+bacdcVr20ZdhjBXtW2HwtmctfEWZ0NhuCbl559K2BLtYYJJPHtWTbqIlwdx9RVwSF8BQRivco0EzgeIctjZtGJcFWCtnsa6azuLq1dH87GDnFcfalt4CBeOldXbhpBhlx6Yr1MNhG2rHlYutFq0z6F8AePZLGSHIYsO+a+1vAPxefzrdXLLjA5OK/MOynksCHjLFupGOtehaF44uLKVSHdMHqc1+tcK8RVcHaLeh/OHiP4aUMyUpqB+8fgb4tw+XbCaZSDxgtX1x4T8c2WoJFh1bdxiv58/BPxVvJL/TLbz5CNwJ9h/nFfqT8FfGEeq3On2/2kh+GJPpX9F8OcXU8wXsZ6n+evij4HRwMXWkvM/QyS/CBSsjxjGRnvWnYa5cIR84I9T3rz6PVmuERWmikjB4I/zzW5D5W0EMD7A179fAxStJH83zymnCPK0erW+vXEwC+Y+MYAzV62b7ZMjPng1xGnOqqqFgTnAr0rRrMNsZgwr5LH0oUk2tDwcVRhTT0sdlbqEjUKMDAq63QZOT2qmmFwO3SnSXEcK7pHCqO5r4+Sbeh4VOSSsYd/fJbX8MSb/MYbjjpXYWrb41ODkiuDtTDe6y1xLjbjCg9MV6Bb4GBiqxyUUo9T28KtYp7lhQ3HJApssEjrtSRoz6gVbi2sR1zWlHb7gGArx5V+U+lw2Ac9jCjt5lOMs2O571ZFuxAyMVsmDaOgzTfLP90Vk8Rc7llHK9TFmtIp4nikAZWGCK+Af2mfAi626pZ/uHgYsgI4b1zX6EzBlzgEetfnv+1p4+m0FPs1hZMZmXHnN0/L1r7Pgqo/rLT+G2p9l4dfWI5tThhvi/A+GtGd9O1CSyuF2Socfr/wDqr3zQp1LRMpJQ18dWniK91DVTe3spaV25xwPpX0z4M1Hz7RFY5dcfjX7Zw/WjJuEXof1ZxRgpxgpS36n154MuEcRL0OBxjrX1B4VuVZVRpNzEYAr458D3zeaqbucYFfUHhi7KNCwwSME8V+e8Z4J3aP5h4zwurR7Cu3K8kGrS4xgHNUomV8N1B6e9WN2CSOK/JpR6H5tQnZFpW28HJFPQ5bJOfaq4LYBwDUkTAtkda5pLQ9GjUu1c5zxWkRtQ38WfT2r4UYt/wsG+AYlBC+B7b1r7/wBfgE1kTtJYH9MV8IKy3PxF1C1WTcy27tjHT50Gf1r9P4Bq/uqvkv1Ps8qxbvGD6M1PEsAFqxyQcZ6V8+ayiB2YAnmvp7xTasLMMUwMcV8165G2ZVJwR05r9V4Ur80Nz9nyKV7H43f8FKpIY9c+BwZeWtdfAYn7vOn/AONfpcI1ab51LDqTmvzA/wCCnkzQav8ABCRgRiz8Q9AOudPr9PWDqC4DbT1Ir8V4PjbjTPP+4H/pDP614sv/AKo5Pb/p9/6WhVjQzsyIdgOOTmrbIC6oAcZ4zU1nbuYhIQxPXpzSorPKp28fyr9npUktz8nqTstehs2lmCu/G0Y4NLLFgAAD6g1qQxbYVGTuAzTzAdrEjHHFfSYfDNRSPlqtZuTbOaMR4GCGPWq1zbHaEJypGea6NbQOxJGSOpFQXUJztUHHriumOFuEKnU7/wAMW/gQeEr5dT+zSXwibfuIDAkds9OleBmxt1nla2DmDcduR2roLi0BYkk7cY70qWZ2rkHiufAZLyVJTbvc9WvmN6aW1jKNv+7B2H6Ypsduu05U7ffvXQ+SgUDBOOlTx2ykHYmWJxjFe7Twqi7yPCq5gkjk5LUyKVCcmsrVoUtbfgDcRXdXEKIAAVz1PvXEeJJVCMO4FdEqUeRtHLhq8qs12PFdfOSw5PJwMV5pfry5PAI5PrXpGrZmZ2ONo7VwN9GMsWUdeK+Cx0FqfoWXe7DlPLtXbYspyG3dOK8g1kAFyRkd/evZdZQMz9lHWvJPEKbd7DcB6V8Dm87s+0yqHU8l1S4wxjJOa891O5LORnCg8D1rr9bkMZduQOma4C4PmHn7tfmmYVbaRPvcvp7XMadi29wDnOK5q+nMIZtwHHeunuwIo32qcY6Z7V57q9xuYqPmB96+Zxb5Itvc+nwMfaSVtjAv75mLjcMDtXFX8xkLAsAM5+taWoyhCQTj39a5mV884564r4/F1ne59thKSS0IWcjgHvwKY0oXk8H3qu7lJehJ7+1QSSYyc/NXJGpdXO+MbFsyABT1b1qo0ozgYwOuO9VWnzkZqq0u4kKfl7n1puXMVTp8z1HzT7vmOWANVHkXqSMfXrUc8o+6DkeorOkdVHV1GMgVpCKW5q1bQtPMgDMWOe1Zs0xIOM4xgZqnPKSx5+XFVmcuMFsAdOampNWujaMb6lmSUfKCSMgVE0pUDjI+tU2fnOcDrXbaD8PvFXifQtV8QaTaRTaZZrumcyKCB7Ann8PavLxGIhBXm7I9KlRb0ijh5Jt/y8gdTWe8jFsg5A6ConlbkE8kdqqPIUBHPSolO7sbQgWPMGCTxXLeIbvZbSkFgTnmtN5G6A4rivEk527C2R0xmufHVFGi2jbDR5qiPOrmT5ycEknNZk8hyPT0qeeVfNOcY+tZ8jgvk9zX5nWnqfVU0Vbx8QSbcZPy81Tto90kadSTUlw2WRc+54rR0a38++hAG5Qc/lWNNaGlE9PsIFt7SGPI3HAq14luBp3h51yFZxUluvmXFvCuNqgDA/r+lcj8T77ykt7NecDOKqnC7bOiu7RPHLYZnkl2lmySTnpXRW7scKvFYFog+diDz2roLbgqAucdcV9Fl9O1jx677nQ2QO8Z6V01uPmXB7dR2rAslyqk10dsu0KTgHjJr7bLqTPJrM1UYIAB8zGrkfyqXbk/yqrAgYgsMjNW5ANuSdoFfSQp2V2edJpGTcv8xJ6ntWRfT+XA7twoBPFaVxIockgH0Fch4huisJiU4LHAArzK80rs2pRvoj1X9nPwlL4r8ewTuheJZB2zxmv0b+POqxeH/AGrwQyWaSfZ1s40lOPMMhCMFGQSwQyMAOm3JBANeL/sa+ChZabceILlADtyCRjmqP7UHiaS51PRPDiSSiLDahMGRdr5Jjjw33sjbNkcD5h17feYan9UyiMftVHf5HhxqKtjpT6U1+LPmBJCcAZA9zV2FxkE4rIUYG4n5fSrUTjAIOf614lKaub1Kd1obqTYIxhsVajcueQFHrWNCQzcenStOPA5xk12wbbOKcLGuvATBAx+tWEO7lmCr/OslJWABb5hU/nOcAAA16EZpRsZl6adV2qtCyhTnIH+FZpZCTljmot0hI+cdPWr57O5MYq5uR3JDjHQ9s9KsSzNwAQMdvWsFHKsDk0+a5Yuuw49zXXSm3HUxlHobRuG8tcNk9AarNMSTkknvVI3GYwCzL+FQmZRls7j6UTfQIQZrLMFUDJHGahefBLHJPbms1roqCMEE9zVUzElsnGKx50aRh3NY3JRWJOKzjOxYtuGCe9VJpy4IyQBWY87E4zwKxq10tioQZtNcKOckjHenREt85PB7VkRktnOfxq7FIyLg/KnXNc8Kl3qW1Y0zNtB7Cqk0wZuGHsKpTXG3gcVnPOxYkueK0dW2iHGLexpPKrd/wClQP8AdJzzjPFZ5dnJY4x70PNhcFs+lZSmmaRjYjlk3vtHalUk8549c1VJySelIZQBt3Lj09a5pSsUXWkCcjk1Skd3PHSqzznOwdf5VCZyD97k+lctSsnobRgaEblSATz3q55uVwOnasISsxz/AA1ct5TnBxgc1lGp0G1c1U+bBcke1W44844wtVITvYccVtwx9AAQOnNdVOmmc1SpYrrGqZyPzqGUNJwCAtazoCCFHXgnNVygQEck/TpWzodDnda+pjtEBwACartF8pfZ9PetYpknPA9apyquT3Hbms5QsaKbMuQZABGVqjIFyCAAK0pQASNw4rJuc5wpwK5qp002Ztw3PJ+bHasqVS3J49605gWyScD+VU3UhT/e9K4J7nVBmfIpAAHzZ9KrshGBnH0q4VC7iemKqOW9BmuQ6Yu5VYKpORyfTvRSNkkMT9TRU86KPKacrEcdRVZWIHGCKk3j0Nfym4NH7PF3Vy2D0INO3t61WViMEHipQynvj61JrCXQsggjI6+lPV2XpVYEqcg04Oc89KycWaF6KdgcHGK04pipBByKwgQRkVYjmIwM4/rWM4XKjKx0KybvmBqdJQMHNY0U2D1GKtCVeOgOK5ZQN1LW6NtZmGGUj61YEpZcglT3FYC3PbjIqyLjPAxmuadJnVCqa4kYcjFP80sRknNZAmJ6gCniVhyCMVk6LLVU1N4JznmgyMuCDnP61QEnfd+dJ57AYIGPrUcjKL5lYgEHDCrCXAIyevpWUJs8kAZ7elAJyCCc/Ws3AvnZsfaCDnkD0ParUcytwCM9awRKc5PWpFmIIIbBqJUU0NVDf38bcgj0pCcHtistbgnAPWrKSF8A56Vi6TRoaUUrIQAeK1o5NwxnmueUMMYPH1rSgkbA25yK5a1M6KTZoM2GUZ69qa425ODt74pYYpWYs2OPU1YaFzknBFcy0Z0pXVyojMDuHyn+VWIWbPUA+xqIwnJwMjORShZAQR1FVOFy4po0In2HOcVdjlVuHJB7EVnxkk4JAb2FSkZABJxXNKkawuXvNx1JH41C8jA5+bOagUnJBZx9aCfU8UlSLqFkXMjEtK7OT1JPNM8zaMnK1VyM53tTT91vmz3IqvZIm/cuBg3SlD5PJINZxk2ng57UiS47tj61DoIambkUoXIOckYqBjk+1VROOMZB9c1KpBweMmnSjYcnfRFwtwF4H9az52+cfMdwPNWRlsjII96hdNxJ4NVGLTMVGy3KztngdKVHB+XPNIVUdSc1AQFPGdwrojFPYxTtuWA5Awcn8aVJiCwIJ9KYm11B6euakKchscVoEpdUfsd8LPHDeN/h94W1y9eee7vLERXTyoqGW4TMUrhV+UKzo5GMcEcDoPyu/aa8LroXji9lWMRxSOXVscV9R/sl+JG/srxd4ZeSziMFxDqMMe7E0odfLkOM8ovlQjgcF+T8wqr+1/4TGp6Rba9FGC23lgK/PcPT+ocQ860jWX4n6pmkVmPDaqLWdI/Om2lLIFyCRx9avK5Q5Oc9elYelZ2FGOGXjFdAIx8h6DuDX67WjyyPwunPmijWtpjtAP8A+utiK5UbRkgjv6VzquFAwpC+taEWGKFckfyqac+50unpob0kyNHyQTjrVGVtyOQRnFRSybVAxk/WqwlODkmvcy+toePjKZUdwR15zWLqCBkEgxuB59q2GxnqDms+4G9GVfTNfXYGpqj5rF0vdPZ/hvfm409rY7iQM4ruvFdst7oscmCXCkYx0wc/+zfpXifwz1DyL9rZmwDxzX0VNELjS7uDcAoYNjH3u2Pb72fwr3oPlqxfn+ZwNKdJry/I+bzGDuH9Ks2iEqoAOQemau3No9vdzxMFChiKggDRSupXg8j3r6WdBW0PlnWtI07cYcAkjP6V6d4ccMEfPp0rzRNvBGCa73wxIN6oWw2cD2rhxtG9OxphayVVXPZbSX92nzDGBmtYAbVK8nt7VkWCpJGiE555reIjAwSPSvm6OGtdn0Neq9LCIvy5YjPt2qKRuD0BPShn5Pt79KgkDPnYcN3OK6qWHa1RzqsloSJLtO35QQetbFpdGMrgZXHNc8qsch+T6itO0lIUqOBnrXbQw1zjr1VY6+GcSNhm9xW7BEu3jBJ71yVu6M0bEkHPr1rpbaU8nIznFezh8P0Z5FSry6o37eLaM4ANbMDHCgkED9awoboFwD0rZidXHJYenvXv0cPZ6HiV67+0btvcZUFgCp4HNaUUkA+bIV8fnWLEu3aO3erLsCo4AGa9+lh9EeJiKt3bod54f8Qrpl2kwlCEDg81+hX7NfxP0z7Zeyalq3kMqBIiCPvH/Jr8uA+MDcSOmPSt3RtbvNGuY7uynlikH91iK+s4ezWeDrKpa6R+a8ccD0M4wkqLdpPqf0i+GvHUc0MSW+pQ3KjBzu5r2DQ/GsQKCY4I75zX8/3gD9pC80iaGLVZLxYwQNy84r9RvhX8R7Txjp+nR28TS71z52ec+9f0Tw3xTQxy9m3qf5/+JXg1icqTqTjeHc/RTQ/EttqFzAsZX5SCR3NfQ2i6jZyRjbIgOMc1+ePhvWX069dRMwckYJPSvcdN8ZS2wTdKSe+P88V3Z5wy6qXsz+Wc/wAilzJR2PrSXULeHA372J4xWRqBnutojBKEivHbHx7blAJ5ULDsas618X9O8PWCXE0ltIDwM/SvjFw7iKc7Rjdny9LJK8qijTjdnosV2llcBpSBj1r03wvc2Ou3cMEdwmDycHp/nNfmj4s/ah8PBroGRoJRkblIIzXnnw7/AGtjbeLrS0jv2ikebERzkHPqPStcdw17Sm06ijUa0Xmfq2TeGmYySxNSk3GOrXdH7V6zo8OlNEYZPNRuMk1BDJgD0rgfCPiyPxfpNtqKXRuQQMntn2rtowSBgGvzGvhKlL91W+JCq4mlLEylQhyR7di+0iYGMZpnmLtO39KrbG9KayTqdyn5PTHP51goLZMuWJk9bD5fLkGNuD618RftS/D2bXNDnuYLVp2XLjaucjvX22quf4TmqWp6TDqlrJaXUCyRsCvIBxmvayTNPqldVN119DtyTM5YTFwxUVqj+a/VNJu9Dvm8+J0i8z5cjpzXu3gDVVYRAsACBk19EftQ/CCx0Czu57VI1uQ29Qo7dRXx74PvpIZo4CSrrx9P84r9wyDEwjUjUpu8Zao/sPDZtSzXLlXhufb3hC78u+hy+0dM19X+Gp12xsvHSvh7wxf5a1djgZGa+x/B9xHLBCxLZIHPpWvHGGVlPoz+euOMDsz6MsJBNbwOOhHGK2I0J7DNZGjxBbSE59+lddY6TeXsM1xboDHH97Jr+e8ZWjGTu9D8gy/LatWq6dKPM9djPCge5pYlw4B6etL3PFSRlVYEtXPJ6HVCmrq42+jRrZ43xtIIPvXwfZ2kY+LOsHAC/ZJADj/ppHX3dqDo0DIjYYjjnHNfHOm6c7fFnVlOWP2SQk5zz5kdfccFV+SnXb6x/U66OJUcXGCZv+L7RBp5cbTgAjj2r5e16BGaQkKSfUV9oeNNOdbHbgHgYHrxXyp4g04rJIChUZ6g5r9H4Kxqcdz974fqXtY/Bf8A4KrAWmofArzAq7rfX1Hvzp9frNFaxTJ5ZTDeoFfkv/wV8he21L9nXYAA515eTjIzp9fsVDZPGN5AJx0OOK+D4Ni5caZ27f8APj/0g/sHihf8YjlCf/T7/wBLRkrEsC+W6jGOCD1pLSwjlnjKsu3IrdltGkIzGCo57Vp6dYRoGkKtkjjiv2+jSvPmZ+LYmUYxbZCLJztVASMcmiS1OPmAH17VvR25Rd6g88n6VSuZkbaoADZ5Jr1oVm3ZHy9WvG9jKitdqs+0qg/Ks6aElm4Oa3ZSViGCSves2WdI422kEnpkdK7KM5XMPrDexzzwBpCApweuBxUwtVOAcnHbPWgFnYswwexqdFfjJO4DrivRlJoxr17bsri3KOON2eKfIREhEeDV0SKDtwQao3Mg2tIwycY+lTCTb1PKlWi2Yd5cDktyQPWvLvEFz5rvHuwOc/8A6vyru9QuVRJWJ49K8m1a5Bd3AHOcc4zXbiFywsj6HKoW1OP1BVjR3djg8815zqV0gLKMn0wa6nWrt5dyhhtx0x1rzO/lbJwSPXFfnmZ1Emz9Ay2npdnO6vLH853bv6V474juk+fHX69a9K1iRVjdVOQR3FeN62s08hVck+9fmmdV38Mdz7/Ko63Z5VrTiR2BXjPeuNuk8o7jkn07V6PqenYJeQkDOfrXnWrMYy5OAvWvjauEcY88j67D1VKajE4/VLs7WUYH0NebanOULFQWzXWapcElirFh9K4HUHLswJyD6d6+HzWtdn3eWUlayOenIdmJBI5NYtwgJ+7hRW3L8hwSQPYVkXEyDIPXOOlfK1ZKT1PrKKsjDunIc7VxWRNOCDkcjvWheMwIAIHtXOzyZQg43Z4x0rinHojspx5tge4wCFOKj+1gKMZx0BNZNxIyEhycnriqjXWwYYgnrz2qIVlBHZGK6GxPcg5JYZ/nWXNMH6kgelUWuFfIO4n69apTXBQkKc0SxiexoqTZeklDEnI9qiMoGMnnPSss3ZXI5z701pAvznI7/WuZ4q/uo2p0bF2eYISxfryBW7pHj/xToOl6houjavPY2Nyf3qKB83GMcjgVx0k6gHd8x9aoG5UEjBrlrQU1aWp20bx1ReaYFmeRyXJycCqE8xbOOAKhluVGSSMn9Kz/ADuckk9hmhPsaKN0WmlIyTjpn61534huAWYkrjviuturkxxMScHtXmGu3f8ArACcmvJzitanY7sDSfNc56Rw7MSRtzVSSToBUTTgDPPPbNVHmzu3EE46V8FNq12fQDZG3l2YnOcc12nhGAPctMQcLXERlWAQk4I6+teo+GLfybB5eRuPBqYysbUYa3O+0WETXMtwwG0HOfavCviFqS3OuyxBsqDgYr3e3lFho17dH5cKcH8K+WdQle/1m4mJLfMa76UbJd2ZV23uXLVP3YPUcVrW6sTwpOaqQIdoB4FbdohwAoAr6PBUjya80jbsI2KgV0kILYBUYFZlhGxUDjn9K2mxGFVDxivt8vp2R4tepcuQyBVCjiq99d7UVV5Y9RUIfbyTk9qoTzK7ckZBzXrVKvLTOVQuyFnOct6VzBhk1fxBY2EY35kGR+Nb1zMIoHfHQc5rq/gL4Yl8U/EG0Zoy8Syg8j3rzaNJ1q0KK+0zqqTUKcp9j9TPhrpCeD/hjYRLH5c80Y4Pfj1r85fHniNPFXjPxDrcTwSW01wVgZEZQ8SAJGxDcglUUnOOSeB0H6DfHLxJH4O+H97DayiG5W1Frb7ZvKcSyfIGjPXcoLSYHOEPI6j8w4jjPBBIr7LPsResqS2grHk4OmoUE+stWXzMBhc8VOrhVXqccj3qnHng478mritnaMA/jXjRT3CUk0aNs5BOcDI4zWkkmFIJGT1rNVsYCgk+tPZj3Bx7mvRpVLI5p07l8SqCAG79KuJKuPmbp2PWshCMD7vTj1qyJSo/hXjvXVSl1M3FIvyTJjPBHtUAlQ9SBVGaYjGDg/Wo/NwPmwa1VTXUSiramg1yqncSM/Wq7zhmLDBB7elZsk5c5UFRTPPwV+YEkdK6adW3UmVM1DdbVI6kU5btFwS4LemayxLhWJI6ZpkTI5L4GOwrOtW1smEYaGqZtzE5GTUD3AVSARiqsk8aA/MM44qg8hcnBFc1SskOFN9S21z1INOhfeelUUB53DcPpU8TBQSeBWSne1zQ1icKCuMUhuRtG3GapeeCCMj61SY4zhs9/pTdWwnC5ceQckkH8aqGZM4J47ms57nGdx6fpVN7sE4XbmsZV0axpNm00392oHnAAwQT7mshpj3IzUJmVvc1hLE9jSNHuaElwCTk89qha4YdMk+tV1bccHrj0qcRggZyRjpisJVXJlpJIjjctkjKk9SasogDAk4/maNgGAAcY7VJHHz0A/pWdnuKUrj1K5OBxmrMLDuAPbNQLGTgDAqwiBcn7xPr2rWEbO5nJ2NWBgMYxW3E4KgDAH1rm4SB2FXRPtAOf/r110qttzjqwudAHAUE9e1Qsx6jvWYkzdTmpjLu/i6V0Krcx9mOkYAEAj3IqjK6kBQTjpSyMAfvYPvVV5RzzzWE6tjSMeiK7qT90CqMqE8cGrskg7ZFVmYENnjNcsp30N4qxmSQjPzA1SljIyAeK03cA/LjFVnIK5AyeuBXHOx0J3Mxk3HhcD3qjJCqgntWrIhOSSF9qzplAJJ5P86wnsdVOV2ZUq5BAwF/nRS3LEHiiuCT12NzxRXOAR+VWFbuKoK2ORyDUokxwMg+9fzHKB+xxlY0FOR701mIOAB9arLN6cH60vme1Y8mpTmuhbWXA7/SnZPqaphxnngVIGI6GpcWioTLQc9+akWXBHJ/Gqgf1FPBB6Gocb6GsZ9zTjmOODmrKzBhnqax1bHB6VMHHQEN3rBwV9TSNVI1BIM9xVhJmUYzuWscSY6gg1PHcdiKylTNFUNkSk45/WrCykdqxFnyeAQal85hzjIrGVM2UzZ8/wBqcsuR0Gax/PY8gNUiT5IBBzn0rKdJFKoahkI7gUgmA6nNVBJuGOetNO7PGMj0qeRFe0aL3nheBn86tI4YckVkDfkZOBV+BWYgDJ9qznTLhNXNNGbGRwKvRKTg96Zb2MjkEZH0rdh0+T5SAw/CuGpJLQ76dN2uQRblIBwa3bOEkZYD86ZDpsisCRzWxb2Ei44J/rXFVlF7Ho0qTuOhjBG3g496tCHnJGa0IrUkAFGDAU4xMp+774rzm77HpKkjLNvknAqJrTHcYre8kFehxjvVdoGTqpJ9hSUr6Mt010MJoGDY6UqggkEEfrW2bcsPmUGqz2zZOFP4Vaa6mfsiiUyQQOO9MZCf7wGetXjEVwSpWo9pyeMD86AcO5QaNlIOQfak2qwHYmruADjbkdzTTCCR90L6AdabViSgYuectUflA5xnJrSe324PQ/ypohJJJXBHfHWkT7K2hR2bQNxJ+pqxCNzbCcVb+zuegU8Ui2zhgxIXHtVQdmJ0nbQk8vkAfMPanNEQMgVZWE4GCOenFTGBvXb61TXvCjDTUxXhJJI4P1qs8RPRhn1roBbnnITp0FVpLMg9MH3NXTndmToNK7MeJGAB3dKshRjI59sVYW3Zcjy8n3NL5bjjb+vNU3czjTPX/gH4jbw18UPDrM84s9Rf+yrhI41YyCYhUB3dAJRCxIIOFPXofvf4qeHF8R+ANXsmjLzxKxGe1flX5YXGVIOK/YLwjqyeM/BeiazK9hLJqemxTTi3OY0nKDzEXk42vvXBJIIIPIr4Xj2hKNGni4b05J/I/S/D+upqrgam00fhleWT6Xr97ZyArhzwfrWwkbGPjB9q9L+PfhZvDXjy8ZIysbSEjj3/APr1wNuheJGUcdTzX6NhMcq+Hp1l9pH5Pi8A6FedF6WY2BOM4wtXYiExxgH1pyLhiCcKeKc0fIKgYzit+ZPcylSSGzKDkhgy+tZ7Bt2ODitNkJRsemaosu5ck4/Cu7Bys9Dz8RC6uVGA3HOVIqs5UgrVqVSBkjAz1qrIQPlPWvq8Bieh89icPpsO8O3RstZhYNjLV9daPMJxGC+xZo9pOM4yMZ/Wvil5jb3sEoOPmGOa+qPCOpfaNNtHDbSCK+oVZSjoePRo8snE4/xRB9n1F2GQrDdXLNksrjg+1ei+Po8z/ac7yTnOMdRnH64ry+OblgckZzxX22DrKpTUj4/G4f2dRw7G/buvGe9dhodyYbhG4AP6VwkdwAQBtbsK6ezl2OjZwc9q3VJWs+p5lSTjJSR9C6NOsgVlKYAz/n9a6MsuzIwD3FeX6FePHEhyVB45PWuwW/3qASobFeZLBpHpfW5M094BPU1KBxuyMk/nWQLhWJAJz25qWO5KEg/Sp9glohuu2rm0qBuoGacuFbYBjPNZqXhIAB56nIq7FMh+8PfOehranhuphKu9kaUMrKm3g10VnMrKvzZPTrXKq+RgAY/nVmG5aI5Xp6etejhYtaM87Ezvqjv4ZFBABByK6G0fO0kkDFedW+pgkKR/9aujttSTAJc49+le3hWr6Hi4ht+p3cMmCNzYz6mrxdJFI4NcUl4cgqxI6CtVL3CAknPpX0dCzSb3PArqSdkbhQoxYMCB29ajeXAJJCisVr92Oc546VTnvWc/McHGBiuvmW6OdXbOmhvAHBDYx3r6m/Z7+OOpfDrxKBc3V3d2Msfkqhk+WI/3ua+M4JpCcliQOpratbiRXUjrnINerlePqYarGrSdmjwuJclw+YYaeFxMbxkj99/Cn7SPhfUoYFvLmBbjGCzDGa9ss/ivod5aF7W+jc4BAVs4r+dex8Y6paIixzuAOmGr0jRvi9renBAt7cADsGIr9rynxJnZRrI/kjiX6OFCT58NK3kftXrnxvtdJ3l7pkGOo6V8q/F/9pWXULb7Pp2sQFo1O6MPzmvkGL4xjUrcRahPKTjk9a+dtZ1F9S1a+vA5Idzt9xUZ3xpVnC1J7m/BXgphcPW58THWP3M9yn+NGt3skzTSu6sx5DZ4rq/BnxRks9TS8O6e4OMZOCv0r5hiby8dDk4GTXVWExhZZIyFkBBweK+Mw+PqylzuWp+51+HsH7J04wSR/Un+xl8etF8S+DrKxnJgnChSHPPFfozp1/b3sYeCRZE747V/Kp+yp8ap/C/iLTNHmZpLWWVVIzgr7iv6aPhRc2uoaRaXNtI8sTwq4JPXpXo59haVWgsXF+9s/U/gfxT4FeV5lKpTVozeh66i57ECrSRqQMjGecU14REilCc1Bvb1r4DWWqPg1FU9JLUcxVcjbkiqss6ICx6dac6vyTnFcj4ruZYLErESrNnpXXhMP7SaiupxTnKUuVKx8lftV6/4YttBupNTuYhOybURMsxOPavyStNcsLjWvP0+GaCIsBl+Oa++v2mrcXvhqeSUjzYZNwBPUHrX5qWkvlXMhQAFXyDmv2zL4PDUqdOLvZH9X+FOVU45a1dts+y/CF55ixoXZlOMYr7Q+HmogwwKxBOMda/PrwHqBkFsFYE9D7V9q/D+5crEoyenJOBX22dWr4FSfQ+F4+yjSSPuHQ5VeyjZchRj8K6+2vLmCGWKGaSON/vAHrXn3hSXfZgbhuwCMV3Ef3RnNfzZmVJKo4tH85UpTo13ySaZP5YYZJ2t1zUe5c8sQaurt254rOVDvJAyMnmvPgrm+Ihy2t1IrrmPrivnPQ7Qf8Lg1XIODZSH6/vIq+lLuPEfBIBryzQ9IjT4jz35hc7rFxu7E74/8K9/KMYqdKr5x/VHi16jpY6lfrobPjTTybQlwQAo7e1fIXiRAkk67VJBPGMmv0F1/T4b3TZ0dNzBMgjvXyN4n8NpuneOFxyTkmvpeBc4ivdkf0Rw3i6cZKEtz+an/gspiO//AGaXJCLv1/JPb/kH1+yNxPBEdpYrg44B5Nflh/wWI+EvxL8e3f7O0fw78FeIfGa2suuLd/2fayTfZfMFjsL7FO0Hy35OPun0r9R7uIyXGPLkDZ44o4DblxbnM1s/Yf8ApDP7L4kqxlwnlDT0/ff+lo0ra7hZdpVWzyK2YprdI9oG0D2rHgtRjmPaOM+1XkULhcHk8cc/jX73CklGx+GY2rG+pfachGTgMeKzVt2mkL/M4B5NaCpxnHzN0960IrdUjcleeKn2ijsfOYvEKOyOauYWJ+6Nv161lTWxdgqr/wDWrqJ4kDlsEevFVEgJYsdxYnjjgiuuliLK5588S0rnPCxbB+XB9qn+zJEMMQW7+1dKIlUc8E8DFYdxwXYjbnnJraGJcnY8yriebcx541IPr6gc1zt/KI0YDGB371u3cnlqzE4HP51yF/JvViRhe/PWvawVO7uzLDVU3ocbqs7OH2gkA9e1eW6xMhLgMSR6V6Brl2kcJw2Fzge1eQ6tqCEP6/SuvOKnJDTc+5ymMpW7HHandctnJ7c1xeoXFuqsSRkdsVuX8hldtuSR1NcZqinBK4UY4PvX5lj4uWp+i4FWsmcfqsrXBZA2OcYzXLXFnGkbSSqOP0roZnWBmLnLdua4/V9T3I6BsAZ/ya+JxWHgm5TPq8PVlbkgcDr8sah1RQo6V4lr0u4MoC4BxXp2tXO1XwS2e1eO6zOXLhtqkHr718dmNVWZ9jldJ3R5xqk53OgOP61x85cbm5/wrtNQgEuWA2471yF+Y4A2eSOw7V+Z5rC7bP0bLalkkcvfXBQE9TWBNJ5jZ5xWndyiRycDPWsiRiWOGwD39a+SSbnofVUouyuRSxhs8Lu9TWZLbIiMQFJ9cVpu4AO04AFULiQbSSwBI710+yjy6nVCb2RxOouVPBAPr6Vz0sjkHPOOfrXUahEjfMcBTniuXusAE9fwrxMVTsz1MO1YpNcYBBJHbiq0s5HGefSmzSBeSPm7Cs+WTkkElj0rglUsrHdTp31JzMwye1Sfa1IIcgCseScrnJA+tZz3XzHv9azjU6mnsr7G3LcqwYAsPSqH2sAlcjFZT3oztPXsKoy3JBJIIHYDvW/MrI2jSVtdzekniVCQcn0qibnB3AjNY5u5O5AJPHtUL3BbJzk1fOjRQtuP1S+CxkEkHrXl2p3QklOSDzXS6xdkZGa8+upgZGYkk9M18fnuKu+U9jA00tQll5wOfWqckmRjd9arySkk4HHvUCljkk5Br5Rzu7npezNmxHmFeQzZGBXt+l25S0t4RgnaCa8g0CDzbyBCCwyOle6aXCZLmOLHyggfWuiK0RrF2VyHxtcjS/DZi+6zr1r5x09d7PMecmvXPi1qBLxWETZwAOK8ysISkajGD1xXq04+8l2OCtsaEUZORyMnrW/aRbSD271lxLkqprobWM44Wvqsvp3seRiZ6G1anYoYZqyZs4B+Y9arQqQg4OKeEIBYqefavrsNc8qXckDYVgWLE+tMZI2zg4OOtKMdyRTkTgkpitqk76Ga7nO6zJ5ds6g/MfevuX9jjwX5Pna/cQ/dUtk18OzW76nrNlYRgsGcKePev16+EegR+EfhtbnYkdzNGBzwea9/hHDKVeWIltBHHmdRuMaK3kz5v/aj8Sy3up6P4djklEYDX8qlF2tkmOMhvvZG2bI4HzDr2+T/ACgO2B6V3fjvXR4o8Y+INbiaKS2luCsDorKHiQBEbDcglUUnPcngdK5QIDgYP51NX35ub6irT1t0RDHEMDINWo4cfMAQfpU8aDjHapm5Bzk01TOdzQ1QEUYHzfSoi4yc4HNKyjB4f8qru/3gqn64raNKxEpXLSSgk9MfSpDLxjJNUBnjuaUA+hNbQTRGlyzJIz552j6VHgYDEA96aFY4+X5On41Y2fKuBj3roXmJy6FGQu/AGFz6dajCbRkg7varzqyg7wCP51UG3dnBz15oJ9oRAYB5bGMHiod7AYxz71Z2EkAbs57E80woBgEKTnB9656qaNYSRGFBGSxI9+1SCNDySBTdgwcYH496hcuo4Jz+dcskupsncsng8H8qR2wctgVRaU/3ipxzzVKeeVgQC2OvtWcqtilG5ovcIMgYIqlJdbQc/Lxxis9pWC4zk/WqjtvPLEc1zzxD6FQgrCz3JZydxWhWwATxkd6rEndjgims2OB1rnc+7NR8swHQgg/pSwuCAefSqjLkbduR9atRIVUfMc/Ss1Jt6ltWRqQDIHNakUO4gHkdqyoQQRyAOgxWxBnIxu/OuqizjqS7F2O2GckDAFOMQ5OAB9aa0rKMKw9OlRtIxI+bHt61u2tjAcVA74A6UKvzE4yB61CXBPLAk05SP7xx7UpX6AW0yO4yfepR97PGfeqJlAOQyge9IZvUg03OwGr5uMYbPHSozMeMNj8azxIT34zTt6+9HtjP2ZNJIzggnApuDjOOKjD5OMU+o9oVGNgI45BxVaTGGx0qzUDg5I+6aiTQ4+ZSdC3I/nTlQANjn1p7LjINRuPlIyPxrCUrmmrKU4A6YArIuOCR+VX5lxuJJ54rLlxtPXFc1ZnZTdlczZiMkE5J9KKUxmSQIvBJorjjzPY6opHgofZnn6inCUHoKjucKSynKntVUPyM8V/NR+u82ti+ZB2Bp6O2eOPxqn5n3cc+tOEmMYyKTWlii/5ntUgbHI4zWeJ/VamVyw74rKUbAtdi95ntSiQDpmqJk28ZNPEwOelRKN9yoysXxJk8HNWkXcThguKz0ycAKN1aMQY4B5Pc1hKLsdVN6WJhHjOCx/CplgJNW4FLADGa0YrYHHykmuaUrbnXCizLEDHBGanEDDaDkGt+Kw3AHJJ9hV5dNJA+UjNc06yOmGEfY5lbdiOMkfzqRbZmJ4YCuoTSWHTJFWItIkJzjNYyrI2jg2/UwIbBm2cbvWteDSt2PkB+ldPaaQxIyCT3wK6u00YcZQ+/FefXxiR6GHy++5wUOgl8AxMR6Vt2nh0hgCn6V6Pa6MMr8i/rxXU2uiKCPkAxXk1syZ6uHyi72POrTQgB9wj6itiHRwMZUmvTINEU4xHzjtWlHoSseIxXk1Mxuz2aWU2toeZR6SFGcHGeKuQ6dggbcn6V6jF4dTAPljI7Vbi8PYYERH16VyTzBbHfDKpbWPNk0ppOPLpzaMFB/d5OfSvWYtAxx5Zz9KnbQ/l5jOa55Zidayp7tHjDaUTnCHjiqz6awJ+Uj0r2J9AOMhcEVUfQm4BUj8K1jmC6mf8AZr7Hkp0444XNRNprHJ2kCvV20Bj0TP4VA+gt3jbOPSrjjY9yXl0trHlMmmnHXIxzWdJYkE/KR7mvV59EZBu2ED1A5rIl0jqQpxXTTxKexyVMud9jzZrHByM04WfGdoJ6V2kmmEH5V59MVX+w7Scg5+nSutVWc31Fp6nLCzboyn6U77DzkACum+ykZwDtHepEtBnAVlPfil7QtYJ9TnPsJGMqcnpml+xkAYVSDXUNbHOR8x/Oq0kI+9jnvUKrcbw1lcxFtiQRjkdBnFI1sy5yoOO1aJj2HnOD1JpkmRnJJrqpSbRyulZmaYioGU6e9RyRhySQQf51ojBGA3B9arOpHIIxTiujMHHSzM1osE5zTfJDAgHAq4VLjCjB+tNCuMZyQO2K0M/ZK+hU8k4AIJ7dK/QD9lrxNJqHgrUvDk7TySaRdh4iUUIkE25ggI5J8xJ2OR/Goyeg+DQ2CDgD6V7Z+z34ki8PfE7SYrhoIbPU430uV3RmIZyDGF29CZUiXJBADHOOo8/NcH9Yw06MvtJnqZHivq2LhVXc7n9r3werm31+CIEMMsQM18O6c3nQhAfmXg1+vPxo8Nx+I/Ad9GIw80SnHGTX5IW9s1hqV5ZuCNrkY9Oa8HgDHueBeHn8VN2PR4/y2MMaq8fhmrkrLtPJ9eD6UAAFSMqf51pTwbl37guBnmqO0HDKVbHcV91Sa3R8RKHQeqqQeg46EfyrPj2mQoU+X6ZFbSRq65HB/nUPkeWzYXk1vSq8sjjr4doxbi3Xadrg+1Y8mB8p610csOGJG0Gsi6RQWBABxX0WDxB4WKw5yWpR5QMp5HPHevcfhpqP2nT2hLZYDue4rxu7jDxspGBj1rrvhnqBtNQNuzAAnHXrX1GHr+6meC6Vqnqe4eLk+16QjbizBSAMcjBz1/4FXh6uA+Qc9jXvuqoZtMuY1baAQcY4Pb/2avna8DR3EykbWDEGvqslxn7vl7HgZ/grzUu5r2tyA5UnvxXS295gjHSuAW4aNkfcG+tbttdgnG7B719NRrK9z5KvQfU9s0bUY2jij3YIxnFdfFdAIrBsN/ntXiOj35R1XPQ16ZZ3QkjB3A1WJnG+gqcbKx1yXKuQcgH2qVrs7sdcetc8kq9n461YVw3VufSs4x6i9odNDcA4wVB+ta8MoI6k8/nXHxPtIB5FbtrIQQS2Sea6qcNdTllK+x0kTncvJx6elaD7XUBlyPUdqy4ZA6BR8riri+YuMscV6dOlbY82pNp2Y6MupGPu+taCTSR/xEkjtUEYDEZ+96VqraqUwcDj8a2pYd3uc1WtFMu2eokFFDYHvXQQ3QkwoJH171yK2jqxxuKj8cVsWzkfuyMfQ16dKo09Tirxi9ToCSFD5yoGBz1qBn43c/KcAGpYDvx85PqDWgtpHMFGSuOc5zXpUacpa3PGqzUdinbShM5IPfFbMMwKls55wARVI6ZMuHT7p6Y70qRSxOwIP+FenRi1ozgrVIyNiOUYBLY9zVhL3ByQWx61lOwKEA8455qvGGXhm59TXq06ltjy6tNtHWxXuVJVip6HFIl6pk2lwT69KztJeN2kDgFx0GaNQeNZkkjEa9zjj8K7IYxOXIcksImrpnX2r55PIPQ11FkyY2HGa4HTrnKxjOD/ACrutHiS8ureBm2B2AOPSvdw9NPSJ4WKfKrs+wv2UvhrrHjfx9YahCGg0y0kXzpGQkZbgc/Wv6kfgfIbGxTRiyutvEI1IHXGOa/Mn9jnwzZ6b8NNLis7eOCORgduwdycnPU5r9WPhv4dbToRPEz7mGSzDgV9VneFpYfLvZyfvS1P4h8XeI5Y/FuD0UHZHtDSq+0ZCihUiADbxUBsI5QpkBYZzyev4Vbgso423dT6ntX5NJxWzPyWlSlN+8hjReapVVIyMZrhPE0cFhalr+VEQDO48DFemfIqALj0ryD4w6Vfan4S1JLWJpZhE3l7Tg7setejks1LERhJ2TZ6NLLoSqxjJ7/gflL+2D42063K2WjX0c7M3zqD+n86+AtJuBfXDMMBj+nNdL8VfD3i228RalceIpp5hHKyryQEGemD0rgtIme3uI2A+Tv61+w3kqqXRaH9l8K5HQwmXRp0pc2m59L+BJ5LadYyoOMdugr7q+Hl4sscGz2z/hX57+GbgoY5dxUZGeevvX1P4c8fWvhOz0+Tyf7T1a7uIrDTbBZAkl/eSsEjhQnuzFR3PoGOAfqsxzXDYPK6uJxc1CnBXbZ8XxBwvis0rxweBg51ZuyS7n6deB9rWpyQTt6V6NEF/i4HrXwtZftb/Db4bNqOjeIfDHj7xXrVs7RyyW4tNNgiZeHUo8txKTkHqq+4ra8H/tzfDa7+GHh/4g+K/B3imO41vUtS/suzsrmNPs9hBMscbTs6tukbLElQFyvAFfxPi/HDIsRXbpSk03/Kzhx30GeOYVXVlCnbf40fasrhQAGLCo4CGYY55rq/2YrHRP2h/g3a/G/U9O8Q+A/Cup3d1JoaXVzCXu9MjbZHduQpwJGSVlyFJTY2BkE+grovwCidiPipbntxewY/9Br18LxzhK0W6UZS9InxmcfRb4gwFSP9oVqFK+ylVjG/pc8cuYw0ZUjpXF6QAfEpBXpGwz36ivpOSD9nvJR/ipDkdvtUP/xNY1tov7OlpftqCfFYNKV27Tcw4AyD/d9q9PD8VQUJRdKpqv5GfG5v4AYqpiaNWOYYRKEru+Ih/mcvdIBEOeTXkXirw0l7DM8ESgdSFHNfU73X7PsqBG+KEAAGP+PiL/4mvPvGHg34I+KX0ttL/ag8b/D1IPNEq6K+jyC+3bceb9tsrkjZtOPL2ffbdu+Xbjl/Fjw8ueNKp/4Cz7ap4QVpV4ypZlhI+teH+Z/OX/wUb8RJoPjLwH4PsL/xNpGr22mXOpTyQpiCeKd9kakq2WYNZS5BAAEi4JycfWHhrVbHxp4Y8LeLtKtLiDS9X0621O2S4QLMkU0ayKJFBIDYYAgEjOeTX6V+K/8AgnN8Kvjbo2qeLtI/aN+NvjnxLBp9xb6XMx8NCOO42MUVtmkgcOwJDcc8ivzD+EOm/DDXNe0f4eaZ8V/2ytN8VaSkunNoWrf8IoIEv7NCp066VNEjuFXfF5LhJEkAJw6thhz8MeMuGyfOMXj8bGXLW5VZLVOOivt0P7Mfg7mWZcNYDA4OtTnOkpPmUrwlzO75WlrqdbLYwIDgOHxkj0qBLcNN0wAckkdB/kVznwz/AGgvg/4t0R73xz4Y+I+galN5dvBFY3dtKbW5Q7JzOroMoXztUMCoU7iSa7Iaz4WufF2qaFouotdWMkEeq6LLMVWbUtLkAC3BjUkLtlE0JwTkxbuN21f3Hhf6Q3Dua42OX0KjVWW3MrJvsn37H5Pxd4E8T5RlsszxNJSpR35Xdpd7dl1GskeF+UEDjB4/z3pPMjVWAU5zjPpVmeEK5zg85x6UgtTsJcHkce9ftimran8+VcYrIw5j5suCMKPzz7VOo2oxKtj1xWlb2JcYwCSM81auLICNYx8rdenSrniY3UTx8bmN7JHMTOQSybl7H2rLuINwyPm7nPSuoayxj7rDuxFY+oKIVcLhT2/+tXXh613aJ5ksS5OyOB1SVUJGOO2e1efarcMXZVO0d8V32or5jO2AUxnJry7WZRHvPzEHPAzX3WUwTsfQ5bFaI4HX7gtvywYgE8YryS/AkcgMSucHNd/qkkty7qpYDnkVw91bNHJtyvPfFYZxRdSeux+j5fiI0oruc3eLHHE2B8/SvNtbuVQMHJH1r0TV5RGjZYbsda8Z1yXPmPkN7Zr4PO6kacWlufW5UpVZXZw2s6rgyYO4CvP7/UGbKlyM85PatXWHYM2CO/U153qVwwDfNk+oNfkWaY5K5+mZfgY2VjN1a9XDLyWPvXmOpOGcgYz3rp7+R5mOM/n2rzvxBqMNnHIpI8zuc9K+Gx2MuuZs+twVF83KlqYOpX623mKGBPII9K831O7y5YMCemPWpdQ1ZpXYKeO5xXOXLmUHklj0Ffn+YY91Xyo/QcswHJZyKclyN7DduJ6GqjSHcRu3Dp9KrXCsrbh16VTedsHbnPevJpSs22e/UV7WLs8mw5Lj6Vl3ErsOdpXHHtTJZW53NyeBWbNISpIcZ7iipWu7I3hG1kVruRnBUk5/nXM3efmTndjP0rammTaSSR3Fc3eTkuWY5B4A9K8zETvoz0cPFmXKMli+XI6Csu4mIBVQEB54FX55ecEZPciufvJApYBj17V5dSPY9FN3silcTsM9qy5LvAZQCffFTzTAIVTGfUisSVyePmyaynLQ9GjC5Za5xkkZJ6VVec8lsn0xVdmAJGT+FVTIxbOc49qiNbsdEaSTLbTjA5qIzsA+Vx61BkZBwSP5VHcyqkDsOP6VTqWVzOWrOV1S5Z3fLE+1cnPIUPvitW+m8x3wc1hyKzkjJJr4TGtznfoevRjZWKzSM2eGNWoombaAM+vtTYoNzqD83PetmG359BXJTots6IyS3Or8JWpa480gbU5xXuOiWxjd5WwdqknmvPvBukM0aybeC4JyOCOuK9bmRbDRLy5b5SVwDXq4bBtyVkRVrpKx8w+NLqS/1+YdVDEfSoba2IVcjPvVn7KbvUZ52yRuNdDHYTsMQ2805xztUnFethMJJu55+JxCMiCBwSwHf866S1hcKDtIB5PFRW9qWkZGjKODyCOldVZ2u2NQy8D2619bl2FZ42JrIoAMcRxg5J7mrqxKoVJBuBHI9avpbbi7AFceop62wUhmGG7V9DTpuMbnDz9DHkhC8KmKhdiqM2CMflW3c2l7EgnlsLqOA9JChCn8awNUkC2zlM5PHNYVbw3HCV9Dq/gx4afxR4+swUMkayjn8a/Tz4sa5/whPgW8No0sM9rabYSiqxSZsJGxDcYDspOc8A8HpXy5+yN4TRLibXbtCFT5skdK1f2ofFov73SNAgeNt0jXkq7WyijKRkH7uDmbI5Pyjp3+zwFP6vlnZ1DzefnxTmvso+Uiqr8ozmkT7wJPPSqxdiSF7+hp/P8AtY715aeli5R11NEMoHPB9ak+QgDk/jVOPdwASDVhmYjAGM1vSkYTgLIqdDuYVCUUn0qZULABgWHbNTrD8w+UetdcFfQykrkMcIK9D9PWp0tN7DI2jPWrsMXReorQihPGOa7adHTU55Oy0M4WeMknNSi3QjsPbNaRjwOrfiOlMCkAkkgnritVTM+dmRLCg+UAYFVTbKckAGtlly5AH5VC8WTgcfhWc6VyrtmYloozxg1A9t83X8q2RDIRjANRm2ds7lI/GsKtItS8zEeFQcHNVXhGMgMce9bklnIBnacfjVQwtjhWx6d65HSdzaNQw5IlUHgHFUJYDyRn8B0rflhPULWZMjLnAIb2rlq0ras2hK+hhyRDkA4b3qjIcZBO361qTROeQoB9CKy5o2IPFefVVmdkHcpux5OQB7Coi5UE+YAaHjdQSADn0qIq5I3Lnv7iuJtm8UtyZWOecnNW4ycjGeOoqCGMgAMvH5Vb8plAABNVFPoZzsi5BJjBwcVpRSEck9OtYyqQRkHH06VO0jEDDbTiuiM2tGc0o32NfzwSxzgetJ55Y9c9utY6yHGCeKeJiTwWGaPau+hHIjW83GMgg/SgzFhzk1QWQKOTk00yseOMVUqiQvZtsthyT/F+NKWY9zVRZOOSRQZc+prOdRjlG5cDgZye/rQZscZGKzjIQDyP8KaHJJGT+dT7Ww40zWWVTjBwanEx6ZyfrWKHI96eJT3yPxoVSzsglR7Gv5hxjBx9aGlHQEH61mGXAwCB9KQy46sKp1VsTyIuGQDOajeT5SflqqzBv4ufao2DDrkis+e+xUaaZFO+AehPasxtxJY8881ecE5BPNEdurgyNkRqM8d656ib0OlOxRdBBHuYkOw457UUy5fe7MRuHaiuWT7GsNj5wglLL5UikEdCe9QMpU4PWsWB5EkWQTSMB2Y10G0zIGGQetfztWpJPQ/WKU+ZEFSpnGSaRIZCOc5+lWEtZCQMnHtWEmjemrsYFLdBmrUaOvGe9WI7FyP4q0LbS5GYMc/lWDqRtc2hSbZTFqzgY+b6inx6ezOAc4rrbXSXbCgHdW7a6Axcbhz3rhni4o9ClgHI5W00h2YAKSfX0rqbPw+8hHyHI5x6V2On6AcjhiPTFeg6ZoBBXMYP5V4+KzRR2PfweUttHndl4XJABQZ69K6W38JPwfLJGOleuafoQyuYl/KuxttC+QYiVueDivncRnTufTYfIl2PC7fwrt48sNx3rRHhnGMxkcdxXuS6F0zCq446VIdCkIwsYx3GK8+ecN7HowyRJbHhX/COEZ2xgfhVmDw+27Hl17aNBkOB5aZ/3akXw/IDzGB+HSs3m7Nlk3Y8gh0JlwQnT2rZt9NcYHlHngYr1BND/wCmZHtVhNDPZDXJLM+bc6qeUtHC2unvuBK5Hpiurs9PcgApx9K3rbR2BA2AjOa6O00zgDbgg9686vjUz0qGXswLXTjtAK1vW2l7iMgY+ldDa6WxYEKD3FdFa6dhgGXk9jXlVsYuh7VDL9kczb6QCcbMjpWzDogI3FBx3xXXQaepxhT+FbkViijBX868upjmevQy1M4YaGMHdGD+FK+iKAcJx/u9K9GSzUjgcfSlNovdD9a5frzOxZdE8sm0IEYxn8KovoOMna2f5V609gh3EA/hVVtPQ5GCT6GtYY52Mp5dG+h5M2iP94KfpVGXSQP+We38K9efTs7iVrNmskJ+4M+1b08a2YSy5WPHbnSDgjYCDz0rAudJwSSmcdsV7Jc2I5+WuduLAEYYY9a9KhjGedVwKPIbjSwBgLjmsiXSzk4UgfSvWbixXIypx9KyprEfMSgx29q9enizzqmAXU8wfTHBwI8j+dJ9hKdUIOcdK7+WyVXxgcnr61Tls+wG4dBXRHEo5nguxxbWTZJAIFZk9s6H7p3Hp7130tqFUcdelYV1bjcSRj9a3pV+hyVMPpY4qaIgkgErj0qjKrFM49sV0txb5yD0rLePaxXHB4r0aE9Ty69HQwyGVdvTuKic54xj3rSliGGBBFUZVK4BHeu5b+Z5k4soNuBHPI/WnAsPwoaMnsOfSl2MBnkGrlG5lbuBdTjGM9/arenard6RqWn6vps/2XULSZLm3k2htkiMGVsHIOCBwRiqTAgjPP1qJgF5CjmlGK2YcttT9eNPvbXxf4Yju7eOZLPUbJLuFJAAwSRAwDAEjOG5AJ+tfk78TfDkug+NL9NpRPNbt15r7w/Za8SrqngifQS0ButJumTYqMD5EpMis5PyklzOOMYCjI7nyD9qjwY9pqyazDFhJBuJAr87yuSwec1KD0jU1P0PP6H13JqeJjq4aM+b/COn6bqmoxw6qQLRRnB6n2rvvFXg7wVdWH2rwxcyWt7GTujc8NXl2kMm1S3mIR8uR1rov7MYv5keovsbnbnk/Wvr8XSl7ZTjNq3Q/P6Di6VnBM4VCRkSKY5AMEdcGnyjad67SPatfULZPtBWPcy9yKqPZysQqAkeo7V6tOr1PMlSe25kSqHBYrgHjiug8P6RoU1rPeaz+8XoFrPns5IlK7SrdDVRlcxND5jxZ/Ku+M+Ze67HG6Si7tXMnxZo2mWbi60m48yyfgKeo9q4rQ7v7DrsLFtqk11t3YkI7z3G/APGeBXn92TDexSqCCGBHtX0+XV3y8rdz5bMKKU+e1j7DspxcW6HzAqyxlN2M4yMZ/WvnzxAFj1CT5ThjmvV/C9+bvR4GDEOowa858dxbNQml4JZvMz05Izj9a9vJcU1VlFvc4c5wnNSjI5FmBXIXODmrdvMQVOcD6VipMMY7dDmprabGY2PQ4r7XD4yzufDYnB2V0dxYXKh1JYjPrXpGl3o8sIJC2B37V4tBcMjZB49MV1+j6iwkCE8Z616VSrzRucEKVnZnrkNz5mBnJ61oQSHKjGM1xMV6qnO7ge/St2C+V1DBwD1xW2Gr9zmxGGa2OrjmwdpHI9a27OfBUAjHbnpXGQXWf4hk9jWlBdhWB4z2x3r2KEk2eNVi0epW0HmIjq2cgdK1YoWUAEkemQea5zTdRAjXIOBxknpXU2t4kmCFHrnHSvoacI2Vjwq2JlfUlhhfI+Ur6D+tb8EOVXzO341FbZYhiu5c5zmtbCqvJH516MKatqjyqtdt6kWwAYUE/jVVo8FsA7h0q55iKSAzEfXpTPmGBgt9KxqYe+w41tLE9rI4IZhuz2Nb0N1GgDBVDHGBnmsCNyAQTtA4HtTbksMMu4HrkHrXZh1JI46s02dva6krPswAew/wrfjgilQNJGAT0Yf5968osbqUThGLDHfFejW2oBo1UnHpgYzXt4PEJqzPnMypNO8GXLzRQ6mRSMketc3JZSo7KSxOOO2a7C3u2PJAP41bkSG5C7ghY969aEKbXunjQzGpTfLLY8ym+22kpMWV9SD1qIXE8r5kYlx616WdIR2JZQfTPeqcuhxSEFYwD61osvknzRHHNoSVjE0y6kB79K9Q8IzebrOnrjI3gHnrzXHQeHZkIKqcZ59q73w3a/2Zf2tzJC8iRsrEAcnmvdy+nJSSaPJx+IjKEuVn9Jn7IWs6UngvQNOmZHdY1LqTX68+G5LaXS7NoQoj2gDb0r+Xj9mr9oGy03XpoJvtVrZxQrgSYwRu7c1+/XwG+NnhTxlptrp1nqZmucABW65/OvqeLsvlicJCvR15d1+p/CniHkGIoYyVWUXZu/3n1puA4HDfWm7zkbUIqWGIPt+X8a1YbVeMhTX45UqRR8vhcFUq/DoihBaFyC55NR30cUsMsEiIyMDnPTFakoKcAhh2rLucAF+ScVFKbckzrxVBUoOMdz8OP25PAly3ij7fptq9rpRG4Kg4kfuTjv7dq/PeGB7dbiYwXjQW8LTzTLA7RW0asq5kkA2pkuoUMQWJwM4r+gL9oXwVJ4i0DVrl9OS4h8snG3OCO49DX862g/F6/OgePNa8J6zBZw6/qMUdrNaM8VzFplsrGFA7pG6CV5XmdGTILBNzBFNe74p+KSyDJaWKw6U8RNqKi9Vpa7dmnt+LP7c+i3wnLieTwtduNGivekt7vZa9X+SN/Wf2g/hv8OtYh8Ga/ryxePLjS21Wy0uS3nXzo/JaVTJMsbJCCqE/Od2CMK25QeL/Zi+J3jT4p/tZ/C7xPqv2vWrDQ72bXYoCvl21pDZwS3bAqNwTf8AZ1jAyW5Uln2Mx/M39oDxBrmtftZ3uo6rez3tyPDsVw0kkm8yk28ce5j3OGAr9Ev+Cf8AHPHcfHnxm6kwab4GuLaGXP8Aqrq6ubeBMe5jN0PoGr+NfErxmzniHCQo4tqFOK+GN0m31d222f374e+EmVZDi5VcKnObfxSs2l2VkrH0V8RfGzwaL4p8USzm3vbjzZgSdx8yQk4/NutfV3gn4Q3Xxl+Ov7P37FOgXpSfTvDEEPiS6RRIdOtUh+0ahcSAHqJbkRLkgM7ouRmvhOGfSNX+JPw+8MeJJVPheG6Ou60V52WFopnkyPcIB/wIV/RJ+xf8Nrr9mn9njxV+1T400O3P7QPxhuzq0ci7ZTo2kThprK1LfwjyyJpFX+N0Q58sGvguB8oq5hj6WDo6zk/+Aej4vca4HhvJMTnmZy5aFCDlJ+UVeyXd7I+tPj7480Xwt4X8Pfs/fCq0bT/CWj2FtpbiGdnis7WBVjjtjK5LHakahizZxjJOTXnazfC/T9FutK1/xD8M/DHiWAJuS62v5e4DaJGO3BJPHPcV+LX7WX7cFx8LfEXjz4UaXZahNq+l6PZ+JtXv8KzSyTXUDRQrlslSpcycZO9QCADu+RvGf7Yv7KXxEv774k+KPi38VPBlpemG71nwTpHhwz6jdXKKoc2V1K5t40kZScu+QM/KM4r/AEBwuR4HL8JHA052dPVtWu3pq7/kf4aZXLiTjjNKvGmb0HKli48tKm05KlST91Lls05Xu5XSbvdao/fvUfjd8JPAniHUPCfjzw6bbWLQbZFhso2WQkZVlbJOGBBHpnB6V6HZeNfhxOUnh+EPxEiiGCZf7AkZVGM5OAeMEduhr+aL4c/tkeIf2i/2qPiF8cNM8ItfT+HbD+3fDfhjzS0dxdxtb2WnpcP5i7wJpbaWQZCsVdeFbj9WfiX+0343k8TeKNH07R9L1zUvCV9FZajqXiG/1K21HUr+3knEsgjsN0NnC5s5CIz9njUlf3jEnHVjcbgZShGkpJte8+bS/ktNPme5gvBPF06SjUjByVtHTjJq/TmfbQ+tfF37UXwL8Oaji80PT9O063CxzrqFqLczySbmQhsZTCxyAKy/NyQflOfo/wAHv4N+IXhXSfFXhPwb4bk0y8j86KV4JijxGPeroXiXzAcgZXIIOQTjFfhJ+2p4r1P4+/s7eHPi6NN1qLUdD0XUfFum29zeSahfaZpSajaWN/p0s+xWuFEl7pd3FLJloo/tUbsSoz7N+xv+z94R/aq+AnwX+KPxd8dfEey1XS/Dl1/Zq6ZeWulhNGt3niijeaIGaQKykiQg7RGytwy7s8fVyyWEhOm5U5p+97zl+Hu/13R9Ng/CWvRnKrWcZwk7a0oJp+Vk2tu/nufpD8Kfj3L4O+Ieqaxo9k+m6CLs2eraLFuAhKfJ5ixuquuSjMCyqT8ykAg4+df+Clnw40P4T/EL4XftqfDGHTdL8L+IL6K0182vyKdYRXuYLxlB2gzRQzxyPgbnjizlnyfwb+G/7eusfDTxb8QtY0nS9V8XaBo0hV4jL5z6vYi5VMJJgbpRHtPmY+8GO07ip/qB+C8/hD9qL4O+LP2bPH6X978OPGWiCXT5MGO4siwWeKVQekkbiKZQwwGjwwIJFfGeLHCOEzHASx+XP36cVzecdrvu1+R9H9Hnj3NPD/jCHCGfz58vzGpJ4eX/AD7qu0nC3SM76JaKW27PwU+J8Gl6F8Y/jR4btGd/D+pyQeItMljOQINQSK4ypHAx5sw46FMdq4L9qrxbeeFPCH7Lfxh8E6rLpXinTIL/AMMq8aD93FZOjxBv7weO/IZDwfmBzk1o/tEeD/GHwW8V+APA3xDFufiJ4Murz4c65cRM3lX1kn+l6XeKCM+XLbSjbkZGMHGDjg/jUJPEv7JHitIYVnuPDvi/TNWMuOYbS5guLaTB9DL9jB9wtfwxDFyoYunVoyalF7rRp/8ADn+y08thicFOhWinCS1T2af/AAD6P8Df8FAf2etU0jwGvxD8WQ+AvHOsyyWaaY1jd3CPcxmMNsliiZVQ+dEV3kffxztJr7T8MeL/AAv40sZ77wxe3d/bQzPbTM1lNCYJFx8sgkRShbdldwG8K5XOxsfxyfEm8uR4o+CMFvLiT+3pkPOBtZ7TIOOcHaK/bPw78ZPGtleeK7O21+8ur5dQi1rR/tE8hht7u2lyEYIyt5MsfmQyKpG6OR1/iNf1Zkv0qM5w1TD0cdCE6SspOzUrbN72v12P414p+hjkeLo4jEZdVqU61m4RunC+6VrXt03P2OgtmwfkbHoe4zUtzbFkJ52Z4yetO8BeJ9C+IXgjw/448OSO2kalbLOiMyNJbv0eCXy2ZVljcPG6hjtdGXqK17qAnIK/h6V/d+CzaniYRr0neMkmn5M/yezepUwuJnhqy5ZwbTT6NaNHGzxxIjM27gdM9K4PUJJJ5X2rhOOCc/8A1q9I1K1Z0kO11H8q4q+tVgikYgrnJJr6zLay36mGHxXbqeZa24tkK54x+teN67OzMVUfL0zXq+uyF3kDABPz/wA//WrzPUbfzZtygBevAzj8a/Usjikk2fd5ZNJc0tzzu7iKgsBtUda891icRyO2cnHevUtZkS2ikYqSSMDA6f55rwrxBfKC4yeh7Vz5/iI0k7H3mS/vXqcVrupkqyk5P8hXj2uajtZieSOOtdTr165LksMHrXjmt3bO0gyc9sV+EcRZk7s/Xsjwei0MTWb9dp+bntzXmep3wlbGcg1s6g8sm75iTzXDalc+QGUkE4J681+TZhiOfU/TMvwiSt1MDVtW8hJQow2OpNeK6/qJmLl3yx5rofEWtZaTHGeMdzXkOq3zzlkJOM1+d5rmlnyJn6BlOWpK9tSCW5JchX56EEVEZc8HIb09KzvPIyB83cjNM+1Hdj+H61808TbU+sp0NCa4YdsH1rHkl+bbgE1NdXCrwDuGOeaw5J2y5IAXsSf61lOsup1QpFqaUjKt6VlyS4yQdo71I1yuCSdxz2rPuH4JyDxxiplJuOh0UaLKdxIzHr0681zd1c4IVGyc4NaFzIybgGHrgelcneTEk4OcHFeZOd5eh61NaWRLNcAAYwTnisS44G7aCDUysSx5H0zUU5YqVC81E5M6KcNbGLMw3E9MfrWZPJ34PHGO9aM7KMqOtYszknjsea5Z26nfTYxy2GbPHuKr5J5JAHU1NvzgH5lxyKzWlwxUDJBx9awqKMdUbXdi40igAfKPpWNqt0iwlAfmIqRjJnp0rndTaSSQDkgVx4zEWptIKcEpamNIwJPXmqiqzD5d3ua01tJHbG3J781bjsWA5G018/HDSeyOxYlIo2Ns5bcQc109nZ73QbeSadZWaxIrEFiea6bToVaeMbeMivQw2CtuRLEN7HrnhjTVjs4QAAdozxnOa0fHs0dlo0VquAWHPFbvhqyaSC1A+ZCc8Dt0/pXCfEqdpL5LYE4XjFfS4Shy0nI86vUblY8vsLNWbKKwUnrXs/h7xHpOhxxW8Nnbsm0b3YAljXnmmQPEUcxfJ3GOtdTHDYt+9FqrSAcZFerlkHDWO552MnzLUy9dNvd6rNeWsPkwtztHGTSwKR8pUj61prYTXEjMY+SeFHSugtPDkxVZLgFQeij+tfQYbCylJtLc4KlVJamHBalkLbeCK6Lw5a6fDe/bdXjWW2jwVjJ++f8AOK2ItFl2BEjIU+1WH0+HYYriJ2XGQBwa97D4WUWm+hxyxCasb/iLx7p2t+HrvSX0u0jI4hWIYwMdc/hXzPc2UlzeWlki5Z3AIr2i7toY7d1sbUR5HzOepFVvhp4Un8R+MrUCJmVJB0+tZY+lUxVaEJbvQrD1YUYOSPtT4XaEvhPwBG5Ty5pIx39q+IviJrTeIvGGtXyTebapL9ng/feYnlp8uUPTaxDPgcZc9ep+/vinfN4N8CztbiSKWC22xlEVikrYVDg8EBmUn2B4PSvzfMJxkAivc4hajONCO0FY5Msd6bqPeTMxYwDkgU8RkHgHHWr/ANn5z8hPuKQRPkfWvnOV7I7ZO+4xEKjOefpVhEBwcDFSIh/iBb3qZUGBjg+1dMInNN2GpHjtx/OrsUWBnBOfSo1QkjB5I79auxAqM4JPuetddN2MpPsSxwjjIOe9XEjUDAIHtUKJIRkY9cZq0sUh/wBknrXdTq9DGSYhQ5OcD6Unkh9o5z6Vfit5SN2ARWlBYlsZUE+orshG7OeVRIwBYbs4OeKU6cSeQMZ5rtoNMb+4enGaurpYxyoNdscJdaHLLFWOHj09em0j6VOdPA+7z+HSu4XTgoIKjNMbTxz8uB9KbwdjJYo4CbTsZwPm7DFZklkCCChBr0mTTwc8YAHr1rInsB8/Bz9a5qmDsa08UedTWeSyhTkfrWRcWWfmwePbrXostjj7y89eKxp7A5JHNeZXw9zso4hPY88ntAATjPrx0rFntAxJzg16Dc6eRyVw3pWDPpzjoSAK8mtQ8j0aNZbHGtbYYjB5qJoFb5dmTkdK6V7RwNpXvzVN7GQZxk4rzJ09TqVTTQzY4QPm6j09Kk8tVDDGCBx71pxWzDBC9+1Ry2zqGYKWH8qTg0rE+0uzLIUbiQCOnNQEKrHglTVp45BgMMkdDVYlxnjFZOVhiAcHK5FNJywCqAetJhgcH8qeFZ+QAPpWSdjTlb3BWx1zipc8dsU4RAZJYkn8KkKL6Ed6v2hmQHp1xURyOpyPrVkofYnsPWoXAAPABrOdTuPToQFiOSP1qHzcH+IfWnSjjqapSEhRjJ+lYyq2NI3ejL/mjBNKsvTk4+tZCynp0qbzeOOhrN1Gmacr2NHzupBJ9eacsucHJ9ayw5yMnipVf0ORSdVspwZrK4OOxp3WqSTjp296sCTPPBFaxq9GZqNmSCMs21Qcn0PSi4fCiNBwKMiOLLEBzVN5C2exPvTqyshciKsyk5aih2ODkDIorkdmdENj5XSI5Hy55rXsl2tt7Grdvp7HsfetiHT8FSAfrX891pqx+rUKTTuQpZbjwCF+natS304nBwc59K1LK1LAIy8+1dBbWRACkdTj614WIxNtD3qGGurmTb6UzhRtznjpXTWWhksCFxmt2xsVJBZB1GK7ay07cB8o/GvHxONaVke7hsAn0Oe03QwQoZB7cda7my8OptB8vB9629L0/wC5mNQa9FstJVol+UY65x1r5vG5hZn1WAytSOCs9CAZRs6Gu007SAu0BT9a6O30QhlOwlT+ldTZ6R5ZAKdu4rwMVmF+p9Jhss12Mix0oErlDjHpXX2mkfKuFH5VrWOnYxlK62z08nbhevtXz2Jxr2Po8JgLdDl4dF3YOxWzV4eH1Iz5Z/Ku8t9PYkYQk1rxae+37n4Yryp489mllqZ5Z/wj6rn92R26UHQgOApNetLpxPJjH0xVpNHD4+TH1rCWZNm0crVjx/8AsQjHyZPepV0Xodqj6969aOisMEJk/QVEdHJPMYB+lH9od2EcrPL10hcj5Bn6Vfh0wA4KnbXog0bBHy8DgcVKul7RjbWcswTNIZckzjYbJUA281qwQAAAg9K3/wCz9vPSkFpjnaMeo71g69zsp4WxThjKY4JzWih3ADGMdM96BDheQfqalWM8Eg4+lYzqJ6HQo21HKSMYwrY7VI3PO4Godo7E/wCFLjqSxFS4pGl/eAk8FcEVCVfPIHX86lCDpkk1IBnqST/Ok5W2FqyuVJ6r+lZ80AYkAD8a2wrHgg8+9RvDnjaRRCdgdFHJXFtwQFrCuLLdk7Svpmu9mtSccZFUJLUEZxiu6niLLU5KmGPOZrAHgKM+1Y9xZYyQCp+nWvTJrAkH5BWDdWRA5XcvavQoYtbHn1cJZHnMtqVOdo568Vny22GJC49q76ayBywCt/WsO5tdvoR1HtXqU8QnozhqYXTQ42eA7duBz04rn7mHcCSSD0rt7iEqrYX/AOvXO3ceC3yH1r0aFRXPJxFJpanETxYY+lZU0RyST83rXWTxAk5TisaeLGQOR2zXp06iueNVp3OdeInJYYzzx2qnJbkgKOR0x61uGM5ccAdhULwkDO3k9MV6sJ3R5VWlqc49qeoUAd8VA8O3AJbFdA6YJBAJrNnXHGflPtW0KlzGVNGUwAOOv4VC8ecleGqeRSrHGGqqxPc8+9aGEtD7F/YvttZu/FXjQRoD4bWxi+1H5OLoy/uBz833RddPl9edtfSP7T2maLD4Mjl1BB9qIwv5Vl/sYeCYdK8AXPimaO3N5rN48gkSRyTbwkxIjKflVg/2huOocZJxgeXftheLxc6lHoltL+7jGCFPevyDOqrxXEFOjS+wtT9nyyhHB8MTq1VrU2R8V6PbQs05AUJk4rVa3h4AbBrJ07ekI25yeeK1YBJLKFOWOc/Sv0qqvebPx6itNjXh8MyT25uMxKvox5P4VEmnm1Zk8lCxGK0YxKFCyStgDjB/pTAkkjZZzg9Oa4nOW9zpnSjulZmHc6fGy4aJd2ecVzV7YQqu0hceldlcAgspbt1rj9VZ9pGQTXq4Gcn1PLxMY7tHD39tCGYZb8+tcFr0cCBdijdniu3vN7hsyZGfXpXE3UEl3qFvbjDfMATX1+CTXXY+QzCipaI9z+HMEjaSPMGFwMZH+fauY+J5jS6to42UlYwGAIyOScf59a9k8MaSNP8AD9szBc7ec9a+d/Ht59r1e7cFSNxAKnggcA/iAK6ctrc2IvHZGGbUPZ4ZRl1OBMu088djinJPiQnOQeRUTMQeGB/pVeWRdoYfLX2tHEM+Hq0dNDo4robeu8VrWl60UqMDgeuetcTHcgdyDVxLk5B3Y9MV69DG6WPIq4e+x7DbXolVTuIati3vnXAPQe9eXadqJO1GY57e9dlaSTzSJFEjSu3QDk1dLGODsXPC8yO7hvw2wdTW/bTu5UdBnHXpXnUcjwzFJAVcHkV0+n3YLR5YEZzzX0GAxd9TwsdhGtj1CzvGQYbBH1rr9Ouydpyir7d68ws50kZRv5967TTbgfIvIGOTX1OGxak9XqfF43DcuqPTbO+lIAVsgfpWmbl3HzdCMAY6VzmnsJFUZ59jXQqyrjOGYcE4r6GlJuJ87Nq9iwowQclh2xWjBMrAKowP51moQAM5Izx7GtC3dAeAB356GuqFO6sc003q9i6FCKSSuB+tRLdxkkSIGjzkZ4omLJGckHvisppFZXHBNRKThsZOmpnR2kdrNIpV9vJIroYLd1UuhXJ9K8zjleJmYM3pWlaeIJbchWb5e/8A+qunDY+G01Y4cXl9TeDud5500LLtOCOKtrqeWAY7GPHFczb61BdZBAHHUVqIoZAyuP8AGvVjLVOLPFxFFbzVmdbbag5wWJIHAz2rqbKWKZ4gwUjOa83iZQwUnAGPYmul0+5MbI2QcEV72AxjT97Y+WxmHV7RPVrO1hkcHIIPrXQx6cAQ2wlT3FcNpd+DIhzt47np716dpc+9AcZUjj/P519xl06c0fJY6rUpvU19ItXtZI5I2kibuUOD+lfaP7Nvxn8QfD3xx4fjtXvNSN3dpawW8atLNLI3ZEGScBWY4HCqzHABI+Y9HgtZgscigN/Ov2B/4Jl/sqXPxN8fR+MtQmltfDiHYJFj5a3R/wB6Q24qNzqkYyu4bHwcPz4/if4gUeGMmnjtJVJaQi+rfddktz0+AeAY8V5l/Z9eLVFK85LpFdn3eyP31+C/gDxT4/8ABui+ItWkh0E3ECSBWUuzAjOcAj9CR3BINe0t8DryPy0XxAHDHBZbQYTjqcyA/lmvb/DenaXpWlW1hpIUWcShEAfcABwBn8MVe1TUrbSrG91C7k228MTzPjGdqjJx79vxFfxLhuP80xFF4utVUebWySsvJXV/vP6Fw/0Z+DKDVGlhHK2l3Od35u0kr+iSPgbWrO50rWNS0meaKWS3kAyqupKOokjLK6qyOUdCyEfKxK5OMnGlY5JPNcFoGn6t8cPjhrviWOyuNbsNNu2t4po428kHL5G4kqF/1u1jjKy4GcZr7iufDGleF/D+teL/AIieIdF8HeFtLs5tQ1K9u7tIbfT7SKMySz3FxIQkUaKrMzsdqqpJIAr5LAfSRzapiPqeFyx1uXTn5+SL9bxaXpc+S4/+gBl1Cv7ahmnslUSl7P2fO4X1Ub86b07pNbO+5/OB/wAFWPjteWPgqy/Zr8IapaQ6/wCKHim8QxxXUYuIPD6OWmQxrOkyLdGJrYS+XJEy+fG20stfiVdalbyQRrCnlWqZjiUjAU9/l7EdOMDitn4iftS+Of2vfij8Sf2nPHFvJ4as/EE4tPDnheLU7q7tvC+lQKIooYDOx+aQR+ZLJEIo5pS8oiiMhUed3d3G8a7WYZOSMfeIGPw4x+lePxxxdiM6xKr14clklyp3SfWzsr69bI/pLwM8JKHB+TLLqU+eUm5SlazlfbS76dLnxP8AHVvI/aau9u5Q/g61kHToTCO3XkGv1B/ZBjfw5+yv8ZPE5Uq2ueJtL0OE+otoJZ5B9P8ASIvyr8pPjVcQy/tHX0nmSSOngu2XLEcZuITj8jiv0s8EavdeAP2SvBaX15cXWjahe6lr6WIh+zyLJ8tqs0bsQ00btbtHuAG0x8D+I/M42l+4gu9j9cy+ratJ9rnfeFNMk1rw5+0V8Sbm4S3jh0mPwZpLsPvXV3l53TuwSOFVIHTzPcV/Q7/wTU/a60f9sH4QX37MfxdvIdP+J2lQBNKCj78MKAhUPcqEZ1HdAw6JX8/l3BN4U+E3wo8A38YivntJ/E2owkYzd3zBwH9WWKOFeeRyPWvLdM8dePPgL8QfDnx6+D017pnjHScrcwWreU2oWvVl4Iy64yMcnkd6xyTMK2DxUcZh3y1IO6Z4/G3CuBzvLKuVZlTVShWi4zi1o1Ja/mf0EftTfsnaH4pbxV4V8QeHdIj+IYtEs7HV2hCyXdqs6y+SXPVSUIGT8rZHTNfzrfFz9lG5/t27s4NOdJY3MUiSIyMpH8JXjbg5BBHUGv7HfAHxS+HH/BQD9m3wh8bvhxPaTeJ4rZF1mwgH+k6TekAsrxD5grfMwGCWUqeSpxzXw/8Ag5qfxG8L6d400n4L/Ab4g6ZetIItVvNLt5JZzHI0ThnK7iyvG6ndyCCO1f3dwt4p5TnOXqpjuWOIjZTTko3/ALyvun17PQ/xZo+F3F3hnxBWyDC0a2JymV5YepTpyquCvrSny3a5b+6+qs/T+Q74H/CjXfg74yTxC2jJq2lXNrNpWuWCF4n1TTpk2yRiUZ8uQEI6MB8roh5wQf2i+JHgb4EeNY9M+I/jn4r+DfiD4t1uwinlv7bULjQ7uZ1iRGOrabHpl/suXMaGVY5oVlKBggPzH9btU/ZAvdcQ/bv2ePghZuRg/ZLb7Pj8Yitc+n7CMyI8f/CnfhjLGwwVlmmcEe5JJr2qua8LVlF1K3I1ulODv87/AOR9PieLOLYzbo5ViJuXX2FRW+TUdfv/ACPw2+LPx98VWngb4h/DL4Q6Zpbz+JvDx8G3uuR6fNDZaBojHfPaaNbzSSSq1w+Xnubne8jHIWMqpX7s/YG+CXhT4d/sVeBLTxb8RItGiumvIpPM8SanZqloL+VJ43WO+iiBkjjKqQiANJyG3EH7WT9ghU3EfBX4TbSMH55mGPTB4pW/YHhmjhhk+C/wwWKIERpGPlUEkkAMDjkk8Y5JrStmnC9SCp0K6i73bcou+na/oefPifjCVL2FbKcVy76UXv8A0z8bf2f/ANlb4W6R47+IOs2HhyG78E2WvXaaXbFma3uHF2ZQqb8ymFMIBl8ngEtzn9ydA8R6H+zF8GfiX+0z8RhYx31vYu2m/an4luiGKxLyDtBALkEkKr9PLauJ+DPwW03xB8UvEvw+WHTY7HwnPb2erR6arJaaU3lRyiAShBGZfLZfkU7lLbmxjn8Kv+CsP7aVj+078eYv2fvg7qGoQfBDwQx0fUJ7CcrbanMSBJGgjbBhO1VbsyJtIwzLX5N41+LOFdFZPkclyte/KOq/wpr8fOy7n3n0U/o+Z7xBxTPj7jehKjGhJxwtComnG3uurNPaUvs/NrZM+dvH3xb8Z/tV3H7QPxA12DVNe8Va2LXX9IWRow0aacru0pO0bVaFpwIxgAbAOBio/AF9afEX4LfH7w/HcM1lqXgW51SDCn55rGSO9XA/7dmH41wfhfXrHwfqOm35s7mbSoMRXFpbFka7tiNrwZXkB1JQn0Y16V+z5o6+Cv2gh8ONdtUt9Bvbp7O1tTc+bF/Y2oxOsESsDgr5U+3I9CO1fyFGKvf5n+udR2iorRPQ/C34ps0Hiv4QXUBIlTXWQDqNzG3IPPH/ACzP6+9fqkPNg1u8ghV2u47mRVAB7Eg/1r8ufjHp1xonivwXa6pG9vdab4rt7a5jPBSRXcMCPXMdfpjcz+ZfarFIGfzJ5EkPQshY7gD2J6Z7ZNfQZhBSUWfO4DEcvNc/Tv8AYK+L0cXijUfgvrmpwppetxy6z4X8+4X5buNf9Ls4vNuNxLxBLqOC3gwPJ1GWRsstfqJeaIEypGVxnpX83XgTx/4t+HPjDwr8SvhlejR/id4Y1S01vQZpXnW2a4hk3vb3CW8kUj2lwpa2niSRPNtpJYiwEhNf3QfDr4reHPj38MfCHxL8JzWaeG9asVuVghvrK9NjLys1pNPZTT2zzwSpJBJ5MsiLJE4V2Ayf1zL/AKVMuEskp0MVh3WcXyxtK2m6Tdnax/C3i39DDC8TcR1c1wuN+rKtrKPJze9tJr3o76N6b+p+Zfwr+Dkvxa8XDwpFrNloCCFriS4kTe+0cARx5Xex5OMjCq5524P0Fe/8E4bnUg//ABdv7HyRhtBBzz1GLnp+tdr4l0HVPhP8YtA+IegpO+k6syRaz5NuxCCJXZZpNoJ2KrSZckBEeYmv0F0jU7XWdNs9TspBNbTIHQ98Hsfccgj1Br2uG/pVZ5nzeLwM/q8ekEoyt6uUdX8kj67LPoWcKZHg6VLGJ4upJXdRuUPkoxlZJWtrdvV3PwS/aE/YQ8Y/CXw7J4r0vxVZ+NdKiz9qAszbSQrkAMF3uGGTg5K4465OPzUmmsprVbqzuFmgkLAEAgqQSrKQeVYEFSp5BBBAIr+wHxb4c0jxRo93pGtxTTWEqMkiJM8e5SMEEqRkEHBB4PNfzLftj/AXV/gT8Qb+f7Zc3nga9MYtJZQiJAzMQp34BZnZghBPDKuAdxNf0L4FfSgzJ8QQyPiWqp0qrtCdkmpPZStZWe22/kfAeMH0Ycsp5PLM+HIOFWjrOF21KC3avd3W7126HwR4qvAhZdwwOfSvnXxFenzHG/rnknpXsXi+WTdKAzHJ4NfOviF3UsXcnPT3r+3eL8bd6M/mLhfCRSTscHrV2WDI0mVJxxXleqy7WdeR+ldrfmVnLZYjOcetcFrLjbIpOD9RX4Tm+Ku3zbH7XlOHSSSOC1S5ESuyc++etePeI9WZEfDgNznnqK7fxJqkcCEBuV9TXhmtaikkjszg7h09K/I89za11Hqfp2SZbdqTRw+sXrPKxL5b0NcTc3H7xskZPqa29WlUsxRyq1wt3cZfAJx71+bVcRzSvc/RMNQVkki484dgFPHfjrVaZnVwp4qnHO3XccdcVbEqNgbgSOnHSuZ4i70O1UmndlJ5Scjqe+TmqjsWB3MC2c069lVC2PlB71SjuI87U+Y+vpWqqJ7sunG+pE8jgnbhfWs6e4EZO5izGrV00uQRyDzxWPPhQc4ziiVVr3UdEGlsZV5Mz52jCnsOaw5ULE8k81szMoViORn1rP8A3ZLHAHPrXI3d3Z2RnpoVUiCryMt9arzyLgqADVx0cjEY3E8E1A1i3zFsnvSUG9kUpdzmLkMAUAzWW9vIF4ByePrXaGyBJZh+J71ny22HZgoJ6Yo+ou92ddPFI51LMqOepqs9iS78GusECgAkcYxTpUiQqAFI7+1EcKmtTmeYWldHHvYYHIxjrWLLYIHZiqkZ54rrL6VeVU8fWsUjOWP16flXn4mEG+VEfWZvUyvsyKCAOahMQLgYyTwK1yM8etRxopkBBGRz0rnlBXsjooze46OFgo+Q4962rE+XLGT14zWezNg5J9algOJFIJx1q4xs7HWpX0Pq7wU8d7YWEwEbNt2Nt7Ecc++AD+NeXfFDS3sdYNwFJRju55ru/hNNuhntXfoRIilefRj0/wBzj/69dF8XdD+06ZFfxx5IGCcV9BRw7lTbRxVqlpJM+fbSdWhTCr0rp9KaF5lWdQUPcVx+mpkMjnBBrstPt8shQgj9a3wTd0ctaWljuIrXTtwa2Min/aHNb9lDEWDMxZvWsnT4Y1+8SvfB6V0+nRRBjnJ7fSvvcBfQ+fryNCG3j/jwR1FVr2GEIMxrn1rYMKJgqpwf0qreW6sik42gV78qTUbnEpanKXcULwOm3bkdq1Pg1qq6B40ihdYxG8gyWAzVOeMAMjDIrmVlbTNbs78ErtcE4+vevKhXdOvCr2Z1TjzQce591/tDeFote8AXWpRRozwRi9jYsQqFBljx1JTeACMZI6dR+bjDOchj9a/XDwhqMHi/wDCpIkmWIYyR6V+YnjXwvJ4U8U614e3mVbaXEbE5JjYBk3HA+bay5wMZzivX4mwyVZVY7SVzkynEP2XI94uxxapnknAqZLYNkgHPpV2K0dj1x746VpQWDk8bm/Cvno0UzvlWsZC2Ibt9Knj04nJwwrqoNMY43Kc+9bEOmjA4x/Suungzlq4tI4VNNOQcEmrcemtn/Vmu3XT4wQu4ZqxHp6/dGT9K6oYE55Y5I5GHTuQfmJxWnDp2eSBmukWxU4GCvrVtLVQOFIH0rup4RdTnnjGYkOm8AEA8dhWlDYFcHBatqKALnCn8quxxADJUfU16NHDRRw1MSzPWJhtAGPQVMImYcAcetXygBwAD+FSAAABlz64rvhDQ451LmZ5UnTHt0pDFLnIBFau1T2FAiB6EAelX7NX1J52YLxNyAoz7VmzWzE/L/OutkhQcMB/jVOW3UnO0CsalFdS4VXc4ue1BLHac1kz2WBkAdOld+1sgBIGc8ZrOmtFYnKA+lefWwqO2nXZ5zcWbAdGGfWsO4szyDGfyr0+WxkAPyZGMVlT2HX5AK8utg7nbSxR5nJp+RnGfwrKms9mcL/8AXr0+XT+uUzWPLph352HHuK8urgrHdTxRwq2pYjC4b271RuIZM4CkHpyK9DXTOOEB49Kq3OlFhvCHI6n2rlng3Y1jik2eYT2zbslTt9u1UntX3EkEntgV6HLpwLEheccGqT6YwyRGceuK8+phGkdccQjgBaMWJIJ/DrTzEc7dh4HpXYSacVY5UD8KhewyQNo965pYZ3NXXTRy3kyAjAOKn8vAy2Sxre+x4OCNw/lUTWYJ6A1DoO2oKpF6nOyJ7Yx0xVZxxyDmuiktwGGVNUpbXdypH0xXPOn3No1E0c9NuxkAmqDbiehxXQzQEDop7etZLqQW+Un0rjqRtoaw2MqQPnKgNUYeRTjB4rUKDjK4PSomjUjgc1i2+hunpqVFmOcEN/hU6uO2CaeIlHOBnFK8eAfp0rEsA/3cj61bgYfMxJCjnHrVJVLFRg81O7BQEGfwreEjKb6EzTGRucbaaylgOxqqvVQG4x0qQMDnFTKTuHIxHJAP60UjYPU4op86NTzODT/4mBFa0NkDgAcV0cengYwmSP0q9HpxwNqEH6V/L08ZfqfvEMC0YcFptOQOa37WIMFyvPoe9aMWmk7S64z7VpW+nMjKwU4J54rzMVWT1PWw1BrQuafb/dGAT3rvdPtRtCheaw7KxYFFVSwzXoOm2TYT5TjivmsbiND6vBUO6NrSbANsGz8a9Q0zTwY0OzisHRLBjjCHr6V6xpunnYPkP0xXxuYYrpc+0y3CXRQttLUgZQDtwK3rfSwuPkH1robTTtwGUBI9a2odPJIwv6V87Vxh9TQwS6mFZaeB2PX0rqbSzJxlcD6VftdOBx8u4n2retrDBAAJHWvJrYo9fD4Qq21oq7QQMVuRWSsAdoPar1tZqMAgVtQ2YAFeRVxOtz1aWG0MKPTQ3Krn2x0q6lgAo+UH+ldDHbgduatC2+UEAA1wzxTOtULKxy5sgQTt3DpzTU05T8wQDngeldQbRz1AHuKk+yEYJRRk9qPrWljb6vfocp/ZpJJVRjp0qGSw25ypz9K7YW/HGAagezB3EinDEsp4ddUcDLabeo6VSlg5HGK7O4tc4wAT7isee3AyCpFdlOv1OSdHoc35ZDMGGKjcY4Py461sPAMEECqUsOeAATXTGpqc0oWWpmsV7AioWK4+8atSREEjaAfWqbjZuzkH6VupX3Mpb6Dd+3oaUOw2kbqhbbgY60w5xxzTSiSpa3LwmPG44qQSFujcVmK+SBzmnbmzwckH1quRGincvO5OBwD/ACqrIpbjGRTQ5IzuIP0pwfjnJNUCiivJGwDAE59KwLtC27g59K6hjlMFSPfNYl3GTyAc9sVrR3Ma0NDlZ0OfQ4rGu4zyD/OumlQjAKk+9Y95HwSMmvVpSR5lWCOQu4mXPynBrl7tWG7gdM5rt7hDg55Pua5q7hyTweuOa9ehJbni4vscfMmSflrKmiYbsqSK6yS3GB8oJ9xWfLa9xmvShVXU8WdN9DkZITk7Rjn86rvAwzjOPauomtSByuc9DVB48IQD04r0sPXT0PMr0OpzkkTgcggfWsueIfMMbfY11EkZwccVkTjKn5cEGu2G55taDscrcRDljnFM07Sb/XNT07RNKi+1apeXEdrbx7gvmSuwVV3MQBksBkkAVoTjZnIyK9m/Zs8KxeKfi3oc1wlvLZ6Uj6tKju6lmjKrEU29WWWSJsEgEKc56HerXVOm6kuhhhaDq1o0l1aP1M0C0s/A/g60021kuZNP0zT4rOF5WDOyRxhFLEAAthRnAHOeBX5AfGLxSPEnjnUC0pceYcnrjmv04+Nviz/hHPAd8FlCTTKV68nNfkOjJqOq3V4xLsznOfrX5ZwJhvbYmvmNTq7I/VfErMVToUMup7RSuakAVIV2MeB6dq0re6kUYUKCe4FVGiX7qqgx2AqeJWTbuAz24r9Dmkz8vVS2hrLOz4DfoKvRKVXcSM9qp26NKByFHtVqWeKJNu5SQPWua19OpvFpq7M67RSWy2DjNcLqjncy5yPpXaXE5cMqjAI6kVyV9CuSWGSe9etgk47nmYyzOIuogQ5Py4HbvWd4W0ttS8RQooLgNW9qACQvwBxya7z4MaIL3WftBTcu7Oa9qeM9lRlNni0ML7SvGmes+ILX+ydDt48YYqOK+NPFRV76VgABnFfafxSuI4H8hSAI028etfFniHJuXYsC2c8V3cMSc6fO+pjxbTip8i6HI/LJxnkHp6VVniJBBPGDg+tTvgMWH6UZ65AOa+0otH51Wpcr0MrLIecmrUchIHOc/rSF0JKnr/KmE7DwwIrqpza6nHVVjRt7kxunzEHPNegaXrUtq0U0MgWUDGSK8teUFW6Z9qu2uoNG6qTxmtpvmSZnTdlaR6wNSknmeWR2Z3OTXRWF1kqQxBHPWvMLe+J2kPkeldLY3h3FiQOORXp4DF6pHDjqCtc9Usr1gyknI/nXo2k3RwjKwC5HWvFLK8jyvzHOPWvQdKvlVVUvz3r6zB4vU+Nx+G0PbtMuygUbgPXJrpIpi4yHBX064ryqx1BSAN+VI5HrXY2d4mBgluPzr7fA4q6PhsbhnGTud1bhZAQrYYHGfStFY2AJZgccVzNndKjZLY7Yz0rftryJuNyFep55r3YWkeDXlKG+xaZXlXaSQOlU5bYooC/Mp9624gpGVfIPalljU8MyknitHhVJeRjTrW1OZWLYilwS/XFUZ7Nz+8ByM/iK697KOU4A2gYGKVtLJA4GB0x2qZ5W5bISzNRZx9qtzC24Z2eldTZav5ZjjlJVv/r1bg0tGdQdrL0Oe9ayaJayH94ijPGRXRh8sqw+FnJicxpSXLJEkN6GYOXBB6+9b1tK+4PG45Oee9ZC6HsVTbzMQD0J7V0um2gARZFAIPX1r6HAYebdpI+Ox+JpK7TOt0WYNIGkUHtj1r1vRFM5QRZD7sKMHmuE8J6He6/rekeH9Is3vNVvrmO1tok6ySOwVQPxIr+kT4Gfs6/s6eGvi18Gf2cPFms/B/wanhqA+JviLr+qahb2l3ruoFIg+nQXE0izG3T9wjRRt5Yd3kCA5rwuNvEqhw4oU5QdSrPaK/Nvp9x7fA3hvX4ilUqqfs6MN29b+SXVnyj8Gf8AgmB+2h4/tPB3i+X4PXWj+BNTiivo7q/1bT7eZ7VvusbSW5jnUMORuVTt5GeM/wBDX7Kd18GfgT4ui/Zm8Ra54hg+PE6Qu2g21lqF8bC1EatH5t3bRNbxLtYSMzSYUSDcxzk/TfxM/bb/AGTfg38P/EPjrxN8e/g1Z6Npdm00dtH4msRJdMq/JBBGJMs7EBVAHUjtX5vf8E5vjH8EfEt18YP2wviV8d/gvfePvFepT2llCPFFkZbKyWXMoWNpd8as6qioefKt4SMhhn+S/EXjbF8S1qVbGWUad7RWyW7evV/of1T4fcGYTIcHWo4S952vJ/E30Xay9Op+5qy2djas8tzFFaxIWd5JOEUDJLMTwB6mvzx8bftTeHv2lNG1f4ffsuX2teLNStzbz+INRvdFu9KtdIsZJCkdwkuoR28dyd6vIEhclltnG4ZAbzT/AIKBf8FAP2a/hX8CNT03S/2hPhAvijxOTolsIfFlmTbWzKWuJWQTA/6tWiUjkPKnYGuK/YF8a/su/Dj9nS38W6x8bfgZHrPim4/t66gj8S2O6CDaot4HjEpJdY1VygXIeRhgmvjMwzGfslRpw923Q+xy/Bwivb1H719F+p+gPjv9oH9nH9mTwf4YvfFuv6R4M8L380ltp6aJo9zfRSTKAZAkdjDIQBuGWKgZI5ya/Nf/AILG/toeC9E/YN8U/D34WeLdZufiP8WIoPCWlW9npSNdw6Pc75NUmubW8CNBG2mW2pRKxTzBJLEUAP7xPkn9rz9rb9m74+fth/DT4I6R8ffhRc+BNBu4NPvHs/FVoYpJHkEt4wVJsHKKYD1HOMZ4r8uv+ClP7QWkftDftUeI/EnhPU7eDwV4Wt20PwxdWaJcWWpWzRx+dKoR2intsR20RQBHjkFwDkFTUrO8RCPsYQUY27f1+R3RyilK1WUm29d/66Hwjc31s6W8Fhby6bpEUSRWti0UkK2UKDakQRwuAqqBwMehNU5rg7BtPy+lZdxfpcSLLDZrZtIMyQxkskT8ZEZ6lM5xnnGM802RpWQMIpVQDng8fjXz7T6nvwm7XR8e/HSQJ+0Lp00LhJj4Js0kOAAG+0KQeePuoOtfsB8NvgV8T/2o/H/7LX7J3w7FvaeJl8L213LJrEbRWthYJG9/LJdSQh5AkjS4U7d26REODzX41/EW3n8TftO2GhWUmb6XSdIsIgD/AByOAOfqRX9iX/BL34Q+LfE3xm+M3xYTUtR8I6N4invvBen6pZRpFe22l6X5X2mCzZsmKV5fJ+fHCg9SoavUq0nKMKaV3/wyPKjiXDnne39XPzp/a3+B3xY+C3xcv/D3xh8Ojwt4x1K5d9KNvK0uj+IoFVdp0m8ZVDlV+9by7Jlx91hzXyJcm5vLhtMSC4N27+X5Trg7s/dxX9l/7Z37KHwn1H9lzx7ouu2+sap4c020W/WK+1m4mJdGXLpLcPIbe4IztlhMbFzg7g20/wAznxh/Yy+MU/7all+wL8FvEuifEzxHqunQajN46kDJqHgjRJf9aNXjjRolvFQOFkyCwdSFDFa86vg6lCt7Ca19bm+Dzb6xSdTtv0/zMD/gnL8Dv2+fij4p+N+h/wDBO34t2fwP+HNlcW0XibxVrUjDR7rVFw/2TT0jjkmeQbn3kDYADnbvUN+53wa/Zb/4LK/CD4eWHgeL9rH9mLWJYLu7umuZ7S+ne5e4neeR3ee1dgxeWT5VwoGMAHNe9/B34YeBv+CbXxP+Af7OfgZZNG/Zv8c6Q2gWlzdys5Hja2DSiaWV22rJfweau0D5pbeNVA6H9Smilj+URM4PqRXFmeOr0VyQp3t1PFr4huSkrWe2h+M2q/Dv/gubboU0r47/ALH2o4HDbJ42b67tNIFYSeCv+C9aoVb4rfseOxGNzTyZH5aYK/a4205yfIUZ7ZpDbznrCrY968SOb1+sJf18hxxStZxj93/BPxWtvAf/AAXkmnjju/jH+x7awk8yebKQvvgaYSa7zS/hj/wWgMcv9s/tI/slW0pwFCWNzLx9fsKV+tjWs+7P2dfzFKILlQFFvkfUcUv7XxN7qD/r5CeJ7KK+S/4J/MX8Vf2Fv+C2fw+8N/H/AOIPhb9rf4bfE/RdXe91zU/AuhG/t7vVxJH++ismaNUWYqDtQFQ+AueQtfgP8PdK0iLwZY+JfDL6hPpNzK4uXu1Iuba7UnzIJ+uJVIPc5GD9P7q/21Pin418EfDfRPhj8Hr2Sw/aI+IuoDwt4ReIgyaaz4+1amwwSIrSAtKzgfKSnciv54P+Csf7Afif9jHVov2nv2dPBCfEH4B6zFDZeOvDM93JGmlaz5Yjj1njO2KQgmU5UbiVyA6ivqsKqlegpOHK1+XQ6sFjXB3qPfY/NDw9pU+uvpwlj1CJLu5Szsba2tpLm81e5blbezt4wzzStg9BtHcjFfXH7TP7In7UH7OXg/8AZ2/an+LPhXw/4L0Oa4tvDl3pdtqhu9U0M5eWz/tJgoi8xlR1HlMyxnajEEgV+s37Bf8AwT+0HwF8VIPGHjX4l23xN8XWXhDTNUs9c0T9xp8sWpPJ9nXRGRiUsY0iYPPE++VmUh1GUP2J+3D+zzYX37OHj74N+GJtS1LT/G7Q6BJpF1fTSwvqc7tNZXcElxJJJHOtzbw7vn2MhOVBAYa4XAVJUZYi14rTfXp0His6i68cNF6vXy8l+D6H8Gv/AAUD0C28N/tH+O7V5Yrmxn8fWGuwuh4+zXqPdqPwW7QH3Br6o1aYL4g1uRJBJD9unCsMjcA5wR+VfKv/AAUVjvmm8C+MrnT59N1N/DekTamj84vLK5fTnXcOpAgiJ/3h7V9FySyX3/Ex/dWunGKOV7h0PCsA+2FM5ZmZmy7cHgKDivWqQfsoN9jihf2k0aa3axM8sZ2knHoTX9KX/BHr9r7wP4g8Na3+z58SvGN7o3jG0ZdW0h9V1O9u11K2EcVvLb27TvJFaiEx2xWGMxJJ9qJSJnS4lb+Yi8mnti0n2ee2hPKRS/fA/vNjgZ/u9R3r0P4G/FXW/hT8UPBPxR0m2+2an4c1SPVrCGC0Se6muhHJFstlOD5zRzTIvzKoLgudoIPlZnk9DF0vZYiKnG6dn3XobexjKUZ3aa6rz6H95Hw+/aS/Zq+OepeMPhZ4K8VWviTULG0nbVtPvdCvLeFYAwjk3NdwJFKMuAQC2QSSCM14/wCDfjcP2ZvDV9ZftA3stn8N5dY/s3wn4h0pZteGpAq7LHMtnE0ySlYyWJgSPzFlw/zxg/jP8Xv21P2bfgj+1h8LP2o/DPxl+FMXhrxdYWup6tY2nimxuIh5iCG9iURzMnzja4OMlldsEmv2A+KPxR/Yz/aC+Dnirwh/w0X+z/Bpms6ck9lqB8V6YTbybRLb3GGl4KNsbHsQfSvQp4mpDk9jSUeXRJKyt2sRLCUoJxnK8ZW9V/XofdPhjxX4S+Jvg7RfFvhTWV1nwtqlulzaXUDyQmRD2IO143BBVkYBlYMrAEEV+fX7dX/CkPETeEPgt4q12+0r4paydvhyzmsrwQ6x5siwtb/bjGbZWd5IkxLIMM6D5S6mviT/AIJs/wDBQv8AZ50bXfGf7MHj34+fCHT9S0a5ubvS2bxdZrawSpJ5d1bRy+eI5I2f9/HtyG3TN3Wvqv8Abv8AGf7Lvx++Beupp/7RnwA0zx74akOueHbtvG+mxlpY0zJDvE+VWRNy89GEbdV47MfJ4hRqcvLNaqyfQwwtL6vX5G7xf3NP+tT8lPGv/BM/9tOO51Aab8JP7XsI2cwzR+INLLzRgnadnnq28qASoXrwM9/yQ8Vube91LTLyGW01G0k8m6t5kMctrLtDbJEYBkbDKdrAHBHHNf14/sS/8FNP2av2gvgtoV74i/aD+Dlt8TtKRNO123uvEllayXMqgbLpVkkQESpsZgowshdP4Rn4J/bks/2StM+MieNLf4k/Anxl8NviYkuieJtNttY0u/vvD+rNG3l6vYxCTzFkA3O7RkMcS5YBlFf1Pk30qc1pQp0MzpKrTikuZXU+13d2b72SP5uzP6NuXVa9SeAqOlOTbSesO9l1S7as/mK8Qa5FbsyqQMccHpXjuv8AiYBJFjfDnnOelemftNfDrxZ8BPij4q+GPjExrqmnSgwzpny761cbobiMnBKSIVYHHIPpXxbrPiP53ImBB4JJ6V+n5lxlTxVGOIw8rwkro+ByvhCphq0sPXVpRdmXvEGsNIXMrnbXkupX8rGX5iB247VsXuqRXQZlYYxk+9cVf3qODwMDvivzfF42VZ3TP0TBYaFNWsYF9eO8jBS2DXL3EkhL/MducjNdFP5YcgkLk561RaOFhhUDfU1wOjLqenHEwT0MWN2C7hllFTLOzqVyynGf/wBVWHVFzgAZ/SqDSx5YrgD6/wA6hYeSeoTxatsUbhWDjeSR/OrEKwgblwrdcGql9dxYwSGIJOayWu3IO1mzjg5rtp04p3TIjVlPV6I2LyVT1JHGcVy13dEkgNke3epjJI7EuSajECsxI/GqlTk9EdlGUYrUzSjyE4+UVYitArBiMn3rTjt0Uk8Eepp52DdjA9M1tDDJbhLFv7JFFajaDtwRxTZbeNc5K+4qU3PlllLLiqM1wuWySQR2rsjCKRz88pMzboAEj7vHGD0rImfGVXGelXLqUcnOKwpZlDkbiCePpXHVbb0OtXUSWRtuBn61QubhVVido/pTbm6VeSefrWBdTs+45OCK8qvibRsgpQI5phIzYOaaOSR/COOe9VUZQM5qdJF6ZxnkV5NKfNK7OklAA6VFEuN55BJxUjOAqnAA6daRpI0/iBx71urc92dFBNskYYwO2Oant9u8bsYHSsmW7APygt9e9JHcMpBbnms3iEjupwdrn0Z8MdTjttVt4mdgHIjO09SeAD+OK+lfEFgmseGrmEoHZVOBivibwlMou4t4JJ4PPWvuPQbiO/sQcIY5YtxAYHB7jPscj8K+5yW1SPLbQ8LM21K58QRxyW2p3Vsyg4Yj6811lplSrYx04pfGuntpHiW4TYFVnJyR/Kn2pJGT6VFHD8k3F9CKlROKaOq0+XlQe/XmuzsZNpGQAOvWuJsUUEetdbYssTK0xAUnIB7V9dl8WrHjVnrodxCwZV4BGOM1JNEkkDAhScdaxG1GKIAJg8ce1WYJbq4B5VIvr1r6ZVo7I4XCV7mNdwkMcBtvY4rldatS9uWVBuHcV3t0FIMa8YrFniEiMh57fWvIxNHmOinUsfUH7L3iUXVsdFnb5sYArA/aq8EGz1nQvE8EcxhkVrGU7l2oQS8eF65O6bJ5Hyjp38l+EWuyeGvGFuu8pEZAR78197fGTw9H42+G17LbRCa7WAXNviHzH8xPmAQddzAFMjnDnr0P19CksXltn8UDxZ1XRxdukz8wrawxggY9a24LFcDqDT4QAuMAH6Vpw7QASBivn6dFI6a1ZkSWa4IzVxbVQBggg04OoBwMH6VMkgG4dTXbTSRxym2iNbYE9s5qXyDyRheewqQSqCG4H4VOHXAwVAx6VurdDnc2VhCD0zjtU6x46Zz7VIozjbgnPrUiAjORW8pJbjT01FTcuOgFO3lhyR+FIWA4JqChVbEFnJHQkUokOeOfqKqtIdqgj9aaJcdCRWsapDgaKtnnAp4b1ANZ4kJPUGpwxznOf61rGt3M2rFlm3DHIqMjdgYBalzxkjFPBXuo3euK09oRqMMAbnADfSm/ZM8FB+VXkBAOT9O+KvRRZx3/AK1cKNyHUtuc4+n5zhQD34qm+mEg5DE+ldylrk/Muc+1TCxDY+VRnjJpPApspYqx5u2kAg8c4zzVE6JkZ8sOSeBivVv7NUk/KCT+lOGlpjaEAqZZVcpZg0eS/wBhng+WQRVWbQ2HO2vYG0pc42qD34qtJpYAIIA9jXNUyhWNKWYHh0uiHJ/d1mT6KVLDaMmvbbnSUB4A+mK56701Rk44ry8RlSWx30cfc8dn0raThQMdqzJdM25I6eleqXGmgkHHH0rFuLDksFA7GvIq4Dqd9LF3PPGsAOR0+lU5LEAucHPsK7qSy2lsBj746VlzWwB5xmvPqYVI6YYg4qSyHH3hWfJadQMV2c1uOT8wI9utZVxb5BYYJFcNXDnZCqcbNaEqR39qx5LYqeRxXaywkdjzWXPFgcg49K8uthzrhWRyjQA9R0qs1tg8ZFdK8QPrmqcsLc/KGH61xSoHTGqzBMe3PXHuc1C4GckL1rVlhPcZ9KhWEffc8dAK5nReyNo1b7lHCwoWPDH9KqM7ABiSc9R6VbuE3sSN2D2I6VQeJlyRyKxk7bG0VEer8MAFI9KPMycfdz7VByPUUxmAOMGsHNhKC6FzcANw5aiqQkxgDIFFaxm7ByI9QTQiuMw5HUnFa9toiEqSgwR2FdvHZrjiNiPoavwWYUj5D+VfxXPMJW3P62p4BdjmYPDsTjhQo78VvWfhiFiBsB9sZzXW2dqjZypJ9xXWadYq5TEbn/gJrysRmUkr3PXw+WRbOYsPCyqVTYpHbivQNK8KxDbiMY69K6vTdIaVVxGseTkE9fyr0DTtFwqjzMH/AHf/AK9fJY7NZdz67AZQr7HK6b4bii2gxj8q76w0VAiLtwfYVuWejocASrkei/1zXWWOkOxUKpIHcqP8a+UxWYt7s+tweXNbI5630pFA+XmtWDTY14CjOfyrrYtGmwNm1j9RVxNHnXGfvHsMGvJqY3Xc9yngnZaHLxaeo7YHf0rTgssH7uRW/HpUwJycH3xz+tX00qUfKGAPc4/+vXLUxKe7OyGEl2MaK2CYOMn6VfSEggkCtdNMk+b9509qsrpsn3vNXHoB/wDXrhniE+p10sO10M1YcgMRk1OkR5GK010+QjJcEd+Ksx2LHA3AnHTFYe2R0OhLsZQjJwAAKkEXB4NbA0xz8zMqn6f5xU6adIVAZlX8M/1rJ1l1No0ZdjFMA4BA5/WmPCgHI/Ouh/s9ipO89cH5f/r0xtOJ+87f989vzqo1Y9zR4eTONntBuPyjaeayZ7MZORmu9m0pmyRKRnsFzj9azp9IkXo5Zj0yvB+vNdUcSr7nPLCu2qODkshkkdKz5rFeCVKkV6C+hybdzSqCfQZx+NVZdCk4JnCjvla1jjY3tc5JYKb6HmVza7FIABPX61hzwMBwD1/GvU7rQJDnFyD9E/8Ar1iy+Hd3W6yex2f/AF69SljIW1Zw1cHPsebPHIOq/jVZg+cFcEV6JJ4ZbnNzt9tn/wBeqUnhV26Xagevl/8A1664YuHc5Xgql9jgSJGJO0+hqNmlQjKEjqa7WTwuytj7aMn/AKZ//XqB/Dcn/P6pUdyn/wBeto4im9mR9WqLdHJ+Y2MkUvmEDIP4V0a+GJmJ/wBLX8Y+v601/DjAMH1BVJ7eV/8AXpvEU77lRoVN7HP+aQCORVGSb1PH1ropNACnH9pKF/65f03VkTaKdxxqOOepi6/rW1OtB9TCrTn2MOZ1JODxWTOUYgg7R9K3ptDfJUaiCcdBH/8AZVmTaDJznU1z7x//AF676VWHc4J0Km1jm50TOG4OKxbiGPnnH0rqJtDkZiRf7iOeIuv0+asmfQrl03W92Zn77otqj2LZPPsM16VGrC255eIw9TscnNDGM54qg0SkmuuHh52hPnzhZ89VY7fy21TPh3A5eQ/STA/9BrthiIdzzZYSb6HIXEKKCCDg+lc/cKqHdnrweK9JufDqbCTLJn3lwPwO2udufDcfzB5nX6y5/wDZa7cPioXvc5K+Dqdjh5VHIwQeh9qxLgcnHTHpXob+F0dGxNKX/wCun/2Nc9L4YL7lMsjyZPIYBV+oI/rXuUcVTezPDq4SptY8/uMMcEjJr77/AGSfCr6X4M1bxNcpPFLrF4EizIpja3g3KHUDkHzHnU7uyqQAOT8Yz+Dn5b7UM9PvHP8A6DX6leCPDNv4A8EaLoEawp/Z1kqzGORmR7ggtK6lucNIzt0GAeABgV4XF+ZxhgJKm9ZaHt8FZVKePVSotI6nyh+1x4s+WDRYJBtUfMBXxTo8Xl26sFG73r0r4468/iHxldqJCyLIepzxmuIs42jiyELDH5V18OZd9Vy+FPq9TxOJcf8AWsxnU6LQtAFjnKcdcGrA3pgLE5OOCRTbYxhi+Nx9PSr8kochnOMjAAFd07p2PNjBtXK6rKi8v8zdamiiCgNJtkPoTSknKbRgjk89Kqy3ADFRz604XZbSWpDeTMwwoHHQDtXN3OXY8ZH5YrZuJAwOMZ6Vj3LNgAdO9enQjZWPNxGupyOtcRhBkselfTvwI0Nbewmv5FAG3PPevmG5U3eo21svLM2MYr7k8J2Y0HwP5gUK7R/ris8/k40I0lvJmvDtNPEOrLaKPEfibfCa4vJCSylior5W1lGadmGTzivfPHE5MkivuBLE59a8TvbNpJHYKCOtfZ5DhnTpJLY+P4hxSnVbOEmjZHJOCM5qmxZSSPmGcV1VxYloHbHI4FYMlnMfljQsx4PHT3NfTQhK10fI1pxOYu5/KuOBlSKabnK5AJrp49HaNWbeS5PJ2cn9alTTZgMeZ+a//XrWEZM8yrNHGm54yATn0NVjdspYqCMHNd79hmJI8wHtwmP61Zg8PXU7NtXnOchOn611042+LQ4va3dkjkLTV2TaWDYHFdVp+thMlm2j3rr7DwlBBCnnzCRzycJ3/OuttdKjgRFjWEoO5jOT+tOnjYRehtHCTlG0tEcXZa4m9cMc5yea7vTdeVigD/8Aj3Wte2tSoBEUBb1MfH6Guhs1VMExxkjnPl//AGVe5gszV9UeRjMobWkiey1nhfmAzxXaadq+QoL4+uKy7eedBGLa4sluGHykjc2PYBsZ/A13OkXcNvBHEIlIByzMPmJ9TX22XZpCyaR8Zj8nk7pyNSyvkcA7uo9RXQ2t428KWUA98jmtDSNStwRuCewNd3ZX9upXZgKOTx1r7fBZhCdk0fF4/KJxu3I562naMghye3WtGOdJJFLtjHOSa9IsdQRtvkouewC4ro7ZI5vmZU3EckrzX09BprY+Tr0XDTmPKbbMjlVIP41tANtYBVBxnFex6Xp8bESmASAnnKcCu1h09EVSsatxwAgx/jX0WCoKWyPmcdUlfSR8329qQHYDDE46VeS3ZtmVO7vzxX1Dp+lxyuonhVh0OFrp7bw1p86nKiMY7qB+tfRYbJotnz2JzCUdGz5AdZYwuECjrxVmynIO112sOelfYa+ErcRNtAmX1C0+28DW0mWMOTkjAU5FdUcllG9jwq+YJ7nzV4I/abm+APiPWfEvhS4sLf4i6fZRvpN8II7q40u4d874I5MxpMEXh3ViqyFlCttYfJfw08JfHX44/Gu61b4SH4l+OPGmuS3E+r3L6o8l0xZlZ55rqRxncxGWdsliuOTiue/at8NadeePtZg0h2i8Wx3eBICVM4QFFAUEDcoRUGOTtycnNf1zf8EZf2M5/h54P+HcOraJpknja6sbbVfEdzEqSFXJMmxpUmkR1VpPLVonCSKiOFDM2f8APLxR4mlWx9bEz3u4q/RLRH+gfhhwxGhltHDRdo8qlJ+b1Z89fDT/AINp/wBpj40fCPS9Z+Lf7WX/AAhWt6zZ+bLoctjcal/ZYLkoJJzcIHbZtJCrhWYgMQoZvTvDf/BrB8WPC3hi28P6P+29aWtxHMzmRPDdykcityeBe5znP/1q/sn0K1uk0+2W7SKGYLjahyAO2OBXQbVUHjivlMowOKr0lUqTcU/Q9vEY1Qm4witD/PS/4KK/8G+/x/8A2ePg1Y+PfC/x6tf2jteg1CKFvDsdtLp1+yODultY5ppUnC/uwQGUnfgAsAp/O7wF/wAE2f8Agqz438PeHbj4cfBLx4+iiExQW3/CSWFlI6oxU5tZLlJAOMAlcEYIyCDX+iJ8ffg1B+0d8W/B3g7Utf1Wx8KaRbNqV0LWBiROlxHtVbjOIWkdi21t24WJAU4JX618AfCj4ffC/Tl03wR4X0rQ4tgSSSOMGWcD/npKcu/U/eJxXJQhmNas6eGcVSW8pJt+iSa/M+jjUyulg3LEqcsQ9lFpRStu203r0S87n+YtJ/wRd/4K7P8AEa08Uf8ADH3xSguiRuvDrGnHDkHLGQXOB16k183+Lv2nPjP+zXdP8B9Z8OeDrLxR4V1LUNL1qxvoIbuXT9SgupYpkaVGZTIHWQF0YgnJBIOa/wBb8hQOQAK/my/bX/4N0f8AgnR+0z8efij+0j4y8X/tMeCfHnim8/tS/wBC8Earo9lprXpijWWaOKfTZWWSeRGuJXklJeaaV8/Ngdud1KGCgqmNqxUPPTXy11PDwNWVSfJRi+Z7dT+HlP8AgpP8YbeNkbTPCEwbH+tsVYD6AAcVTb/gov8AGC6YvHJo2ioesemaba2yyH/aby2Y/nX9Nup/8GuX7J5vZpNN+Kn7TNnYk/ukudd0qaRF7biumoCfpiqkH/BrN+zVez+VZfFz9pO6mxwkV7pjH64FlmvzKHiZkTqKnG8m+yufpcOCsc4c8q8I+stvwP5Jj+0R491T47X3xKuNVgt9buhYq0yRgGJFKgGM/wALj1Ar6e+F/wDwU1/aU+EWn33h/RviX4us2tfEN14j0q6t5/3treTlBMST2cRKT7jpX9ROkf8ABob8DdUtdXvLz9pT43+DNZawki015Bp+oLFdbGEUlxCsEW+FHETtEkoaRQyiSIkOPHNS/wCDODWJJ7i4s/8AgoLZTSO7Od/wxZASfpqrV+pYOEa8FUcJRXS61PzzN4uhUdKNWNTu4vT72lc/G74n/wDBdX9tz46aRY+HfiP8YNZ1Pw7ZmOWSxtdOhgS8KZKm4MYG/B5y2a/Zb/gi54+8c/tEfB74+af8I/iD4n0X9rO/X/hLvE2pXOreXda7pzXcsRitCLOSUtAIrVnJm+f7XGFXKsK5i4/4M8PifZQTy6R+3R4LvboRlY47jwPPCr/VhePj8jXDeDP+CbX7Z/8AwR8+Nnwn+LPgbxGvxM1zRFmvDc6dp8ktlfqxMT2FxZxvJceVMkoXzIdzAGQskIjEzTmmEwyglVlyt7N/lqcmT08XUqezw0OZ72jr6uy7Ldn62+Ov2df22fin4H1PwP46+KGr694RuZLa6sb1tY82bSry3dWhu4GMKsskbJ/AYy2MEkE57Dw58Pf20dL+Mfi/9nzUf2p/iN4k1vw38NdL8d3urvrDQC8eedopLbyxAQhQRs24E7gBwCTjVj/4KZftkzKstz+wP4Nup3+dpFTWRuzyPl+wnB555POa+W/Cv7dX7ZNt+3F8avjzbfs4aBqv9o+CdM8MDw41trJjEUM5kEkUy2py4Lyb1YDhlwO9fK0cNS96FWrHytY+lxEcTo6dGWm+j/y9T7IT4Pft6ywtJb/Gv4iyQbVZXHitScH1X7MCK8z+J3hv9tX4c6t+y5oOoftK+OYdT+JPjmXwiqyaxLjR1WJXSV2EX70tib5Aq4wnzHJx6pY/8FC/+Chms2Sahov/AATu0/U9PbISWLS/EEyPgkHDJYkHBBB56ivk79pL9on/AIKJfGT4ifsja5ffsO654NufA/jj/hK7K1s/D2vmPU5ooWHlSBrMEIQcHGDk9eRXZgMhafNUacX2R5mNzyC9yMGpLzPqC7+B3/BQNLm8hsvjr44mSKVo97eJwCwBxnb5PqK4z4s+Dv24fhF8BvjR8a9e/aC8ZFvCFhb3g08eIWb+0WklEewSLbsIyNynOCOecda9Jn/b1/4KPvcyOv8AwTctyXctubQPEhPPdiNP6184ftb/ALaH7dfxB/Zt+MXw08ffsUWPwo8N69pX2S41RtC8RIU/eIf3e+yVDJhTjeQoxknjBdHh505c9drlXlY1lnMai5KEHzvbW/4WO9vP2F/214fjlH8e9O/aPu/iD4rfwhb6boN7qV66f2Fa3KiWcQgx5yzHbvG0kLyBnA1fHHgn9rD4N/Bj43/Ff9p74xap4i+BGi6Q0viPRbzVTMviBXIjhtLZZLKUeY8jRICdoDSR5bGSOV8Ff8FOf22fD3gXwHoL/sj+C/Ftvp+i2Wnrqk9lrxe/8qFU80lbPbltu4gcZJxXxr+2f8YP26/+CjOn+E/gXqfwdsvg78O9KmfW5rbS7HU4LfWLsAqn2i4uIMAIZNqJGjtmWSQqVQtFThhoSdSpWgoL0vb7zaGHxtRqnRw8nN+Ttf7tD+cXQf8AgqH+0R8BvGIf4N/En4geAtP0l2TQYllZxp1nI5drNg+Q0QYsQhGBk4A7db8S/wDguF+3B8WfEGh+J/G/xl8S65rGkAy6NBDFHaW9nd7Nqz+VEqqXGSd3XNfoT4W/4Nnv2gfi5q11NL8aB4Yvrkh3tp/Cxf7NGTwzSG7VTjnp+FfS+l/8GdHjO6tA+v8A7eWgabe5P7u1+HslwmO3zNqCHPtivdyrFYDGQbwzco+jt+Wp5Wd5LmOX1FHFKKm+0otr7m7H8rnxD/aH+Jvjr4cWui+LvGGo+II/KeVhcuHCM14snyk8j5jITj19q9xs/wBvP4x6YvhiOPXZJJdKhjS2SURzW25YwqsYXUqSACOc9TX9afwk/wCDQH9nPS7XV7X9oD9sD41/E2FhbDTV8I6HZeGxZqpczecbltR88ufIKlfK2bJMiTzBs96P/BpN/wAE4G3M/wAZ/wBtdjjqfEuiDH/lIr3FgYNWcdF3PB+s1Vqnqfxnyf8ABSv46wq0cZ8IQOWLNLb6VFbliec4jAH6Vn23/BQ3403eu6VfahN4SMquInuTpkTTiM8EByOOD29K/rt8b/8ABq1/wTv0qEWPhb4vfti6pq24+a1x4l0VkgX0wmkjLZ7dsHPUV5jY/wDBrF+x79oje6+L37TflqwIxrGmZyDkH/kH8/pX5hnPiHkODrSoTleUeyuj67KsixuIpKq5qK83qfzQX3/BPD9vL47aZ4O+I/gf4I6n4u8J6qv9sabcrr2mwLPbTkTJJHFLcqyo6urAbRwa9Il/4Jr/APBUe3u7a5j+BvjaGwQLtgTxDYNhR2KrckV/fz8BP2T/AAX8A/hz8PfhXoM2p67oPhzRLLQbG41OZXupoLaBIY3mZFRWkKxgsVVQSThRwB9feGvgtoGorHc6/pMBsAcpCCyFyO5IIIHt3+nX4Ph3xNzfNMf9WwNKMoX3s9F3bufoGZ5LwthKalUdWTsr2lHV9bLlP88v/gn3/wAEUvj7+0z8SfGV38XfGE37MthbWl1NFdXWnzanqepzK6fLa6fbyRmZGzcfOJM7reRdp61+zy/8Gr3jlhqUF7+3OL+ylgaKPd4LmVskYyy/2iQMdcZNf0j/ABP+AXh3wn8QvA/xg+HWn6b4Pv7W7Fvqn2OxbFxbsd25hEAeGAy7MsccMl2TkyYP2XpM9pcafZvYRpBZ+WBHGgAEQHGzA4GMYwOmK/ccJhatWo6deXLNdtn99z8wzLEUItTwafI/5tWvW1tT+LnR/wDg0/8AG3gfw9qNn4Y/bjtxqckjTh18HT2ySMFIVGK37FQTjLYbGOlfzwftpfsN/tO/sveKYfCXx10bWrnwnYTSRtqtrqDXNpc3I/gVzh0BXLAui7gDjocf6uU0XmIwBIJFfi//AMFPP2YNP+Lnw+1qTxDpNnq2j3dubTUd0TPsOf3U52FCCp28qQRgfNzkefmMq+Drxc3zQZOXQjibw2ktj+BrxL+05qnxC+DHhP4feK9S1XX9Z0GS2sfDk+oSC5vrWxwyfZY7knzXtuV2xPuEfloIyg3K/wA1ahPr9ynmxWOpSxkkZEDEZ9M4rote/Z21r4C/HzXfh58YNHur29+3vb6X9qtHt4tXsRcNFHdxLuIMTiM4wzBSpXJKmvbT4bj0XS47hGvmjutryRzQs5t5GAPzd05yMHpX7ZwLjXUoyw6+Far5n5VxpgGq0a8nZvR/I+XYp9bRGSSw1RT6fZ2/wqsy61cRtIlhOiA4O8BCfwODX03J4bmlmLrGjDAK7OcmqVx4SlmZ0WxkLDjla+9hh5p2SPjnKmldyPl6W11dgCtsVPTBZTj9arsmq8qIiD7MP8a+lpPh3dsg82JUYngHArnrzwPd2ZcNAzH2FepTyerJXsefVzSlH3UzwF7PVXBPkZPuwzWVJY6sDtNqQp77l5/WvcbnR5odxaFkx03DArHn0phlniO088VrLJZrcVLMYdTxG407Uy202zk9vmH+NJDo2uMFP2GTA6cjn9a9eksIgVYKz4PIP+FTpCCpWMrt74NOjk9n77OxZkre6jyYaFrCjLWUgz7g/wBaYNL1RSVWxcuD03LXscMR+Zgq8cEBuKhuo5WO9YwCeh7160crhy6MiONbZ5CNN1tjhbBwe+WUf1qtPputKGH2Bh771/xr0uWYFwnAf03DOahkWY/ejyPQHrXLUyu/VnTHErc8imsNZDj/AEM57fMv+NVZrHV3GDYttHP3l/xr1aRI0YklIx33MKy73OVKhV9wBzXnzwbWlzuoVVueQXdrqyyxwNZMjuMrlgAw9jnn6VjT2erkkCzYsOeGWvW7uBZoTBc4ljY/Ke6n1UjnNZDvBbslrdzyzSjhHeUncPQlmyDXn1sLLrKx2qpdHkU9nqrZ3wMD3ywqu9nebVJjwf8AeH+Neu3djDcuwVWTgZIkbP8AOuT1HQLjHmwyGRfQuc14uIwEo63ubUXzK2x5+9vPGvMXT/aFUpbmaI4W3Ge3zCtq9tJ4AfNjkX2LECsGSJpDhgW545zivDqTcT16GCT31Ks95ekhihVepxjpSRXckmWDEg96ne3X+MMG9STUCwKrkxMocnJz0NZQnK+p6dOhFL3S2jM5Bc5PWryDDc9Ac/hVeEKwIK7SOCMdKtrGGlAHJ7e9dlKN2jGqkldHceHJfLmjIKgjnNfavw7vBPpdshK5jbGB/dPIz+O6vhvS5DaSqjDgnrX1f8KNVJYWeSRIpwMdGAJyfbAb8TX6Jw6lFpM+XzSm3G6K3xt0URXMWoKoAYZJrybSrlJIo/mAr6n+KGk/2p4XNwqbnjGeBXx5o8hhnlt2OCGwOa9jM6KhXUujODBWlSt2PR7S4O4Kgwe3NdFHDIAjNIHHp6Vx8EgjdHVt34V1FnMHZT3r0MLJW1Mq0Lao6SHy3CBgCBxjFbkTqqgDIA9K5yFm7/UVrRuNinBzivYozW5501oXXXfhiCM96qLCN5zznoPSp1kYqPSmqOeTkfyrZq+phJ2MOXdYalbXsRKFHGeMV+l3ww16LxD4JhiZw8ioAM844r847+ASxswHI5zivpv9nbxKUZ9Kmk+U/KF9K+h4WrqNd0ZbTR4mcxbpqa3ieIfEfQv+Eb8ba7p0cQgtHm+0QAQ+Wgjf5gqDptUkpkcfKenQcgsoVfvDPSvrv44eGLeSXTtaMFqZlY20jt95lOWQDIIwP3me/P5eCrZxruRLS2K9mES/pxXLisDKFSUezNaeJjKKkupwglz3T86VJTkHcD9K7tLe2fDLbWjLnBPlAc+nSrDabaSDabW3B6ghRkVMMLK17kc6OIRkA5kUH61N5ic4Zcdq7mHTIYxvW0h39NwjUH+WavQ2ysCUjgABwcoBzXRDCy7nPOujz5JEAHIz796cZVGcHkV6XFYFiM26D1wM5q1/ZqL87wxqh5yU/nxXVDLpPUweJjc8lM7An+Kmmf1Oc+9ev/2QsgcLFGUxyvlj/Cqq6OlmPLhtxD1I2YQE++Bg1Ty6XXYPrUTy6NZbjPlRPM3ovNTfZbrGBazhvTYa9HWyvIztWGaUZ5IyzD8OP0qzAHYsqp5jjgqOSPqB0q4YTo2S8R1R5iLW6Xk2tyD7xmrUdve8H7Ld/XyzXp4tLs9LWUA9coacbC7BTFtcc8giFv8ACt44C/UlYpdTzdLa6cZ+zXJ9TsNTpaXW4g204Pb5DXpcdjfEAi2mI/65MDUwtr9MF7S4IzziMk10wwHmYyxCex57FZ3O4AW8+P8AdP8AhWpDaXI+7bT/APfBrvEjkyoNu6v3+Uj+lXUimXO5JBj/AGDxXfSwK7nNOucRDZ3Rx/otww9fLP8AhWgllOwObWbI/wBg129sbhQD5EuCe6HNagSSQgmOQNjJ+Q8fjXZSwMbbnLOuzgFsJhgNBMAR02mp/sEoAxBKD1+4ea75bWRsEIS3oVOad9nuBuLxyooPdev0rdYOxk6+p5y1hNlSLec+vyGq0thMRkwTH/gBr1NbScldsT4HTCmkmsZchTbyn32Hj8aiWX6AsRqeK3dmyhUeJkJPA2nn6CucvNOnJI+z3APpsNe83ekSTRlTbuUbsVPP1Fcvc6HNErKls4A5O1f6da8vE4B7ndQxSZ4hc6dNg5trnP8A1zP+Fc9c6bOMk2t0O3+rNez6gkdvtW/ha3U8qduQfrWW9lBMoEflSjbkbDuAH4cV4NfBXZ61DE7XPDp7KYZBtrjH+4R/SsG4h2MI2jcMegIOTXvUumAuAqMpAxgJWLc6fOroqxSnPU46fWvFxGXSPRpYs8LnhOP9XKD/ALhrLlgPIKOfwNe2TWErMGMZkwSOR/Q1Qktp03YVwvUgZOfwry6uAZ308Srnhs0TDI8qTP0NZU9uzdYnH4HNe6uZCCGSZRnGcHn8qpz2/mBS5YgHOSc15s8uvszrjiEeDSW5XHyMcHuDVV4mIJMTkfTpXvrRMuWExz7moG3bd8zlVHA+YEn9a5Z5W3u/wN4YpHz99mM8iwxwO8rNgDHOaln0DVlwh0+TA6cqP1zXurwxMfmuY0HUEycj8qo3CW6KYo54Q5zhw3T8MgZ+tc0sskt2bxxZ4NN4f1YIzNYFVHJHmJz+GeaxJbC7jcxS25hk67HZQw/AnIr6BkSEYSa8so2J5DSoMj6Fj/SsadNLnlWNr7SzOowoMqZX6EHGfpXm4jL10epvDEnhElldMxX7LID1LZAH/fXSqr6fenkRoFHfzF/xr3SWztYXBhvIYxjBJlUj89wJ/Os+6u7aGLznkLoDg7GJK+5zj9M159TA23Z20qvkeLNYXgbasak4yf3if40V63Jc2Z2kajYKMZBaZM/lniiuf6r5nT9Y8j1KESZAyoH866KzsJpSQo4655rcsdIhTBEaj6dT+NdhaaYhG0RDHXOen0Ff5/YnHpbH9w4bLG9WYWnadbIR57Tyn0C4ArvLCGGJQYY0II5wQKfY6UgwQgI+grr7HTwq/wCrByfTivnsXjro+kweAstEN090YqPJkVfXI6/QGuzst0ajJZiPVcVDa2JC7QgRfTFdDZ6cnG4knNfOYjEJn0eFw0kaVnOF2KAUX0ArrLOYkAjPXtWdZaYG2krxXYWdhDGuQYwe49a8HE1on0WEoSLdsX2jakjMOvGP61pqTg/I4/Kp4YQFAUDOOQKvx242fMFz6da8apUPcpUCiCuBtiLe/wDk1Ih5BZX/AE/xrTSFASC6qB2Bwad5cQOBtP41hKt2N/ZlVHQcmKQDp2/xq1yBkQy+3A5owBjYFA9xmpQHJUYXnpjP+NQ5WLjHTUbGyscMshX/AHR/jV1dgI3RSAevHH60xI5VHCqOfRv8anQOGyI0zn0PP61lJ9TWMEG0HBjWQ/XH+NTosY6+Zk8gbR/PNO3SMQSkYwfQ/wCNSK4BGUjyfY/40jeEUNDLypVsZ6bRz+tRsjENtVi3UdBj+dW2mRCpkEAB9Qcn6DNREySsAkSxoT3zz9Bn+tTzo0UUV0hBG6XzY3PZOQfryKjk+yrhT9qY+yrx/wCPVpeQx+VuncZpvlwgnAUHpS9r1KdK5jukLDIE+7ryg/8AiqqvDCoJK3AT02L/APFVvNGuc8H09qh2j5sqKcarM5UdTmHtbdgSkN1+S4/nWY9ohOfJuBj0C8/XmuxdHBYbF8vHJPQVlzbnYi2iFyw6kcKPqf8ACuunWZz1KC3OTnWJQxFvMMdfu5/nWIbuCRnSG0vpF6ZCrwfqWxXay6XJP89wyygc7AML+Xf8akFk0YCiGAr6AV2QrpI45UJPY4Fo98ZQQXYcd8L/AI4qu+V277SXGOvFd1PZvwV+ReygDH8qybm1JByi575raOKMpYZnE3NwqqzJbTbAeWyCR9Kzj5bgu8VySeQG2g4+grqrqFFwNqkDkA1zlzclmeOCNpphwUQcr9T0Fd9KpzKxyVY21Zg3FxaoW3RSKw6/N0/SstpFkfcltdFOfmO0L/LNbr2Nw372dUDnoquTj6nHNUHsQAXkRQ3+yTXdSqRWhwzhJsxHMcgZnhK4PGX5/lXPX32rJFpbwbCOC8x4P0C5NdbPafKQpIPqccfnVJtNmAKveyhfQRp0/Fa7adaK1OWpRctDjY7W8ZD9tZZh0VY2IX8RtyfzxUyQyD5BaBV7ngZ/IV0jWcaFWZ52A6MwUfoBTZI4ipVDdNnthcfyrqhiU2cc8LZHMuCrHFuCeg5OP5VnvHcsQrQqq9Tg4z7DiummtwqktP5IHBB2tn8Sv6YqsI3YlWmZVP8ACUUlvoMcVtTrLc5pUb6HLXKyybz9lkBC92wD+Yrk7hLhSP8AQfKJ/wBsMf0Br1+TTYmiUOdq4ztVcc+9Z8mj22x90ZQnoSATXTRxyic9XLpSPHNt2juXtjLk/dDY/wDZahmhu8M/9mqq/wC1MR+m2vT5tLjjfCAt3Gf8KrT6YCokYHJ9R/jXp08yS2R49TLplP4R6PPrvxF8OQS6bcRWltIb2WaCQsI/KUuhYlMbS4jU8j72M5Ir66+KGtjQPBmqXbPsldWAya5D4DeFY4YPEHiQpG0juunwkO25FAEkgK/dwcw4PJ+U9O/D/tT621jpEelxOygjnFeFmuI+tY2jhVte7PYwFOWEwNbES32R+dV7ctqut3t3IS2XPX61txsyxFN3HoD1qhpOnOEeVlLFskfWr8tvIhwOMe9frEprSK2R+LQpz1nLqWreNSoLDJHb0q8SsmCUIwfyrDSR0ULubmrayyLjB7Z+lYuCbuyo1WloXplAU7OG/nWTONqnGCQOuallncKcscn9aoPJuQliQPQ1rRw63M54iWxnO7YY4J9qpTSna24ZGPyq4292ZQcD0rN1FWSAkYIr1aWGTaszhq12lcb4OsDqnim2QAsocds5r7d8WMuleHbOzRMtsHAPJ4r5w+BHhuXUdbN2Yi6K27OK96+IXnLfNgZhiQ8Htx/jXkZm/a4+FLpE9vKl7PBSq/zHzN4w8u+kkKrjBAGfavNLlFjVkAUkc59q7LV7pRJOoxyTn6Vw91umYlOEPXH9K/TctpNR5WfnGa1487a3MG4QyrsiAY55OelVo7bbgJAVOMkmTk/pW/HaPKqiGFtucYxXV6b4LvrxRLNHJBF19K9SpXjTV5Ox87HDSqP3Fc80ET5KpBkk9nz/AEq1b6HfXTKEtCRnqW6fpXutj4S0nSYmuJ4xPL+ZFWpYba2YGKIM7D5Iyg59yfSuWec6Wpo6oZA171R/I8ig8Jy2pWaWOF1zyWn24+nykGulgt0UAC0iiAXJHmLgfpXUfYrgzNNHcSNJkEkMQq/QZ4qFtMuJAfndPTBIz+tec61Sb95m/wBWp01aKOYmdNrBI0Q9MhgcfTjFTWUnkklo3Kn1bIFbEuh3khEiPKT6bzTW0PUmjZXeYx9wc4/WuzD7WbPPrTRWW4Mit5WxEJwcOMmrsEs6yJ5ZRFHHzKzAfTDA0yOxvomA3ybhxkOc1YRLuJg0ktwpPpI39DXu4WMjxMTVRsafBL9pa7nuYLgsOA0J4+nz5x+NdVa6gsYcQJp5Qc5+Y/hjzOK5Hz57aN7u7up1tlHCFz859Ouan0ldQumkubqWYhzmOHcSqD6etfUYLnfvPofPYuUPvPSdK127b5Rp9mueAQJOff7/ABXpOi6tOjJvSwZj2ZJWH/o2vMNOtpI9gYuBjoRzXaWIaGRPkkA7Y5/WvqsBipp2Pl8dh4tansllq+oRNEEg0k5GeEkH/tQ16Noz6hcmOQJpwbjICSH/ANqV5Do10oCgF9+Mc/0r1rw/duDkO3Ucgg4/Cv0nJ8XJtJn55m+ChY9b02LUzErMmmx8/KPs8n/xziuif+1bO3e5WLSJUXGd0coyfT/Wc1jaDcyXDpCLmftkdMj8B/PFddBJH4g1aLTbZ3Om2pBuHXkO3pX6jlvK0kfluZJq+hr6BY+Ib+GKZ7LRoI5BlR5c5I/8i8V6LbeF/Es0SypBpiqBgA283P1/e1u+HdPmYpFC8ywqcq0ZHP5gV7z4f0CW6i8p2muCSM71Bx+FfaYPDKSt1PjcVUktTwIeG/E0Eax+VozAdVW3myf/ACNXdeGtL1u0kjefS/DYgkIV2ME5ZT7oJwAPpX0ppfgXeiqkU7E8YChR+VeV+IdY0FvFHiH4dx3Vxo8mlvbR6vcXgMEZee3eZI4W/wBZL5Y+zSSBEKETxRlxuk2eRxrnmH4ey6eZYl3S0S6yb2S/rY9Tg/h2tn+YQy7DqzerfRJbv+up+bfwr+AV54//AOCg/wAQbLxFZzNoXhDV01KWcRy2yz3NwEvIYoSlwJUMJuAN6uzKUhLoBIVH9yv7DvhxNB0xZrhYGu7kLLO3GUx91PfH6cV/OB8GtGE/j7xVq/h511vU9QvRPNqM0Yj+2KiLEk8oVyCzKi4bO5l2BslST/QP+zjrHjLQNNskvNW8NWtgoVTGls7ysfZy6qP++TX+UnFGLljsVLEyVk23btd3P9OeHsvjhMGsIpXsrX9FY/X+CT5AFxtxXP8Ai7xHB4b0LVNVaWLzYIwyITne7HagI64Ldx6H0NeZaT47lvhBp2n21zqbMMP5M0SNGO5yzL+lfl3+2P8AtKz/ANr6f8NU13xfpH2qRryUO0UM0LGIlFhmQSxAfZVLiORCRLISwJ+Vev8At/2ODk5aKK38keflvC1fE4ynhqavKbSS73en3n6f/APS9Tfwze+ONcktri/16f7bauI08xdOChbZWmDMZAw33IyV2m7dSoYMT6XrPjnQtHZ4Gu0ubteDFGckfU9B9Otfm74P+OPjnWPCuiWN1eaboOlLbRR2+m6ZbJa21lEqhVhjVQCI1XChemAMAcV3Wk65eajcQ21oj3dwSAqJyzE8YA9cmvwnPvHqdKmsHklLX+aW9/Jf5/cfo2I8HsXQqyqZlNK3RPT5t2PpTV/G2r6yHijlWws2yDGnJYH1br+WKwIYby7dI1t7m8cnCkIWz9K2PCPw38RX8cV14hmbR7YjIhXDTMPc9F/U+wr3jTdG07SohFY26R8AEnkn6k814uS+FfEPEVZY3N6jhB9Zb28o9PwPl8wzrBYD9zhEpNdtvv6nmGl/Dua7VJNXMNvH18sKGY/j0B/OvS9L0LSdFRk02xt7UnG5lUZb6nqeprayBgVmanq+naRbtdajeQ2kI43OwGT6D1PtX9IcOcAZLkFL20IpNbzm9fvei+Vj4jGZtisXLlk279F/kalZt7qVpp8bSXM2zgkKBkn6AcmvINW+K8c0v2fRITHCCQbiTGSP9lfy5P5Vyz+JJrhy8lx5kh6ljk1+Zcc/SEwuEvQyiPtan8z0ivTq/wAPU9jBcHYmaUqy5V+J6bf+L5bpmS0kayt8YLGJi5/wrjZLXw7LNLcXK2jXLtudmtzuc+p9T7ms2zmn1GdYLO3e5mPZBnHufQV6PpXgVBIl5qziV+CIU+6Pqep/z1r8cyupxLxXiOeN5L+Z3UY/p8lqevUjh8Arczi+y3Zxll4L0jU8nRrKwTDYeT7PgAemfy4Fek6N4H0PS/Jneztrq9XkSGMDafYdq66GCG2jSKGJIo1GAFGABU1f1Dwb4V4TLYqrin7Wt3ey9F+p8tjuIMRVXIpNR9fzEAAGAMCgkAZJwKydT1qw0mIy3U6If4Vzy30FeVar46nvZGjtnNtbDsMZb610cceKuV5HBwqS56vSEd/n2OfLslr4l3gtO56Jqniawsd8CTh7rGPulgp98fyrzDXYNJ8RzJc6xDaanImQnmWrHYD2GelYj6vHIxZ23Ma0dLjv9ZlMWmwM+PvMeFX6n+lfyJxB4nZzxBiVRpq0W/dhFP8A4ds+ywuTxwkfaXs+5Ui0HwzbEtDpWnRHvttGFdlpHgOyuGjup7K2t4DyB5W1yPx5Wuv0Xw7Fp8cc11tuL3qT/Ch9B/j/APqrqhxwBgV+6eH/AIN19MVncrvpBP8A9Kf6L7zw8w4jqN8tGT9b/kUbHTbDS7dLXT7SG0tl6IigAVfpCcDJrlPEHi7S9ARo5JUnvcfLCrDP4+gr94zPNcDlOF9riJKnTj8vkl+iPnaNGriKnLBOUmdHc3MFnE09xIscagkk15xqnjCO8Lw2kkkEA6tsOX/wFea6t4xudVmaW4nCxZ+WMH5UH9T71z41yCQB45kZTxkHNfx34i+OuKzBvC5b+7o9X9qX+S8j9AyvgycFz1leX5HohurNiFMiZ/65moo4ku5VtrbMk7cAbD1rntBsdT8QXQhsIyIQ2HmP3I/x7n26175omgWmiW6xxmSac/flfG5/8PoK+d8O/DXMM/qKq/cw/WT6+Ue/rshZxjaeD9xO8+3b1MnQPCUFgEub/ZdXfBAx8sZ9h6+9dqAAMAYFLRX9w8N8LYLKcMsNg4csVu+r82z4DF4upWnz1HdmNrWl2mt6Vf6TfW9vdWs8ZjeOaISRuCOjI3DL6qeCOD1r5z+C3xAjHiHxV8M9U1pNR1bSrt4E3yiSZSEWQRysAoaYxPG7bFC+Ys2CVwT2nxQ+LFj4Tsb3TNJnjuvExQrhSCLXI+82cjd3C89s8V+GXxl+Knif4V/Gi2+KkGt6vKmqXsLyP5jNGt4HUwyPEGCuEYbApG0LIc4C8fn2e+IWAjnFLBYefNUvaTWy8vU/SuF/DvG47LcRi2rQhHmSe7ta7Xklr6Jn9G8jgdG4xXgHx2s4NV8H6pZSRpMHhdHToSpHIrzX4W/Ga48beEIfE2l2d5JYzF7qCTUdVi85oC/7xPKiyi+TKXiC4BEXkFjlzXLfFDxpd6zZFdI8QjTJSGDBkSWOUkcbwRux9GX616mdYp4nToeDkuWyo1VVk9j+OP8A4LAfs5PZabqHxw8I2EN9448HwyXSpbWsQOq2YdGbz5i6FRbxiaUDDscFAo3ZHjVz8GLrxHZKIYze6YryRMkcAjVXVyrrhFGGVlZSOoYEHkV+2X7VPhLxJfrrL6s2j+ILGZJFniFsU8xMEMBGxYMME8EnIz1r83/CWp2V5408HeDdQhhvZdU1IaXcXF3cQwDT4Vs2EFznGH864jtrMJhGaacHG7mb9l8D84oUccsBjF7tWyT7Pp8tT8x8aMmrVcE8dg/ip3bXddfmj5gs/gUmjqoFreBVGFW4YzhP90S7sfhisnVfh/d2cm9IJkj7LHYxE59SSvSv091f4Gi1Lh7YAZx8sYrxnxN8JbiKRZFsUu1XO1gmNv1Ff3XHgSMF7sT+GXxxOTs5aH5van4W1aK+MKX1pdjGQGtoA8a+mFX6+1c9f+Dr1osyTRh842rGgH6LX2T8QPhXc2SxeMtIsHju7cbLyMZxJH6ke1cDJo9rc2kF0iIIJBkEAhV9uv8AOuGrw5KD2O7DcTqT0kfEmu+Cbhg584r3OVXB/SvJdV8IXUJkcuwIPBBGTX3xrnhyOTKogYDvg14p4h8NTK8ghg3pyDXlV8tiviR9Jhc2k9Uz42uvD0yPKWkmBI4IPSueudLvlKqt1cxDHVWHX6Yr6M1Pw7KN5MDqe5PeuCuNCQbsxBZB0JWvNnk9N/Cj6HD520tWeMRC+gupLXUb27Yn7jb8Bh6VfbTZnGVvLkd/llIx+tdvqOiR30JtnUCUD924ONp+lchDZyM8tpexCO7i4+bjePauH6o6b5ZLQ76eaxlqmY82mbA+bq9Vz/01bn9aoNZ6gmGXUb0Ljn982P0OR+tdURbpkKNh7jPFUngkYERxgg9M9648Rhux6+Fx/McfdQ3DDMl1djBx81w5/LmuZ1CO/AwmoXijPaZ+fwzXaXWnzsxfyieecZ4rmtQtSiucKy9Pavn8UrJs9/C1b9TnWuLkxKFn1TzcfMizuQ35sKw7vRYb9/tNzZX5nHILNISD+dP1SJJIpIXiaSNj93sPeubtZ/IljsdSKGAnEU7DGPZq+axGJd+WS0PcoK+tzZexvFO8/wBoKuOd7ytj8SeKy5IyC+dSaPByQJycfhmuqjtzFja6lO2PSryWvnD5YY2xzjuKz+pynsdEcTY4j+y4tRjCyG5lHbJc5+nWsS68COVLQ/bk7gBJOa9ohgKLuEQAIwcEjiry20OVO9h6jbwa6nk0Zq00axzOUdj5jvfC2oWqvKy3scQHJYOB+tc+dOeMjeZ1+rECvrW806G5SSIbSjcHAFZVz4Msr0f6mNSoxuC9q8zEcKy3ps7aOdfzHzALSVW3FpC/QEknAqdRLC8bshXHPTrXsGseAp7I+ZB5csf90dR9P8K5R9KlAKyRExHqcV5Ty2tRn7yOr69CZWsnSdYywAfucV7h8P8AUfsGo2hDMQrB8A4yAemfcHH414xBZfZ3XAYx4zz1FemeFtqXdrIx7gZ9K+7yJuTT6nh4yWjXQ+4LuwS90i/sJFxlSQD9K+A9bsm0jxFcwMuAHP8AOv0V8KRQ3ujabKGiJ8rymVT0xwM++AD+NfKPxp8Hvp+t/b0UiJm3Z7CvuM7yuU6EanVHzGW4xKo4PqedQOGVNp4/nW9ZSquFLH9eKp6bpxlgR9gIx0I6VvQ6TKfuxENXmYTDzdnY7a1ZM2LKWPI3HPPFbIKOQoIJrOsNNuCqgwtn6da6a10i4O0mGQA8fdr3qGGnbY8mtWinuVIEVuoIOOpq/HAoJUj8BWtFo04IYwtjB5xWmNGmO1hGwxxivTp4KVr2PPnio9zCS1SRGUjP4da2/AN8+geJoHUlI2cZq7BpsqgZQqOc5BGarTaVLbXUFyPkYNyRxiuihhpU5xqRWqOOrVTi4t7n2d4u09PFHheeGMKWngwjFmULIBlCSvOAwU/h36V8cx2EyiMzRzkd2Dtg/rX218P4DrPhaFGbcyjIrxvxd4ai0vxDfxSqwWY/aELHkhuvTtu3Dn0r63M8t55xqpfEjx8Hi+WLg3seLxaejMGZZ8A9dxOf1q9HpCMS480J23kj/Cu4/s2PdtRHUdwQK0YNPhjBIfc/UAg/zxXLSypdi6mLv1OFXQ16uJYmx3bg/nVqLQ05Cq7E8ZzXfi0icBCX+Y/MRVuCyEBLR5dDyRjmvShlcVujkqYyxxtv4faM+Z5LnIx95sflmry6SsYz98DlgeSPwANdrELdwMq4YHtx+FWXjVlAGSM9QMEV2Ry2G6OOeKfU4MafAygxqpHTO1v/AImhtPhAAKq2ev7tuPxxXZtYlm3soJxwQo/XsaR7Hy1+ZEZfYcf/AFqtYDTVEfWDhm0u1IwoDc52sjf/ABNVhpFmN37qEDv+5PB/75r0aK0t3JDFM/hn9KsrpFu5BCKx9c0o5WpbJB9da3PMTpNm4KFIMHgjyW/+JqB9DsWQosEDH/rmw/M7c169/YUAAIXA7jHSqz6Gg+6Vb8KqWTNdAhmC7njraPZRB2SGKTBwV8ncR/47Vy307S5gGEFqwHBIjXg+/HFejSaKBwEIcdxWdcaCSd7Lh+0i/Kw/EVyrLpR1sb/W00c2miaaTkQW+/8A3RipV0qxThra3J7HYKvNa3loWX5bhOvHDD8Ohp0d1E/DD5hwQeq/UdRVwhFboPat7MhXS7AgAwwqvqEFObQdNILhIlPYqMYP4VoIEf7kmCffg1eigkA+UgV0RpQfQylUfRmTFZCHaqxwXaD2CsP6H9K1Im092EckCRSj+F0w35VcEEwBGwMDUU0aNGVeNZRn7rjP5elbwpcuxk3fck+yae4ACx7vZcY/OhLC3XBAQJnpgHP481RRJIz+6uGUn+CUkj8G6j8c1Ze/aEKtyrQr/CWOV/B+hrTmj9pWI5WthklnCy7Wjj2juF6VhT6TApLQ4UdcEDFdKL23bCklCfXoaf8AZ4LgFvMVR1HNZVKEZbGtOUkzhJ4OoaOI+3+TWBPBbB2QrBE/YHA3fTivTp9NQrgPlsdD1/Wuav8AQ9yOCokVuo6g/WvLxOEfRHfRxHQ8/l062kBU7STxg4/rWZcaYkY/dwO46AhVx/6FXRXGm3tuQIJnVB0VvmUfQHkfgapfbBEGF5DLbsP40G5fxHUfkfrXh1aCTtJWPUp1WtU7nKNYLM5Q2koGOuF5P51Tl0IkE/Y2P124/nXdrLbzKsiTxTL6qwqQxIUOJfxrnlgIyWmp0RxLW55K/hmCRy8thuwcgAIQD243VRl0SIu0MtoY5OqqAoyPqG/SvXvseHJVUf8A3TVSexWRCJLfj19K455PG2x0Rxj2bPHzoUOMPF5Tf7eAf04p6aJGAVRI5GHUFa9PNghUrkEg8e39apT6PGVZkJU9wvSuKWWW6G0cW3ozzebRCGUtBtPTjBFVZdHijBDQKB67TXZXNrdQlclynQYOQfwP/wBaqYlzlV8s4/hB5H4VxzwkdmjZVpdDgrnQoJQ2IkJPTFc5N4emhcuBKB9cD8sV6tPJEQS8EYf1BrJuDGOQDkD7vavOrYKD1Z3UMQzzH+zZkc7YpIuvI/njpn3NQPpJfP7zcc8bzzXoMs8TgiWEgdmXn9KzZFsix3FQvoThj9BXm1sDDod0MSzg5dKlj/1izxRYBJVvl5PHPT9aK7giNMmIleOhHWiuOWXLoa/WWelWPzEAhmwerHrXbWAQAAhA2MYrz+z8+Rs+b5ajkDYjZ+p2/wBK6+zNwAC9427GMiKP/wCJr/LPFR0P9GsLO26O3tZY1UAkDmuks51AHIBPTiuEtPPJwbmXjnPlxjP/AI7W/bm5fAW6ZAPWNDn8cV4leHQ96hUfY76C6iG0kjd7nNbltexkjahIHQ9jXCWqvGuPtE5B65RP5ba34HlwB9plA9kQfrtrx61JHs4et1PQ7G8ZmAG3GOMdvrXU2twRHlQN3rXl+n6gIyEW5eQg4CqqNn6nbgfnXa2t7I6hnn8oei7Sf++gBXjYmlZntYXEdDso7qUAiMkqOTjtU8V5Mxwm9j7VjQ3ibRkl8dCSWP5nmtKK/iXGflx7V5k426Hrwq36mkjSnjDDPXHf61oxDgb1APt2rHOoRdztP0p66hGAcN19qwnFvSxtzxRuB1Bzmp0uEXgjJ9a537eh53E/SnJeKxJX8TisnRZpCsjqBdAjoB3zTDepngliOMCuaN8hyI2M7f7PT8/8M1EZ3fId9injapwPxPU040C/rCWx0z6ogYx5O7uo5YfX0oS7lfBT92vscn865+ExoQFZIx3wK1IpkHIYEHvQ6KS0NKdVs2IFcndj5vUnk/U1rxIQgOe/HpXOx3ajBBUH61YXUZMhA5PpXLOEnsdkJxR0bBWUlmB46VQlMYBOcD69Kz31AIMTSrF/vHFQi7Ejb7aNpB13uCF/LqaiFKS1Zbrx6F0NLy3GwfxMQAKhedCNsWbgj+NuE/xNV94kJad/OftkfKPovSpg0bEgkD6mteVLUjnuMW2M7BpCZuOBjCj/AIDWhFZAHLEA/wCegpizxxjGR7D1pJb0cjeoOOg/xqJOV7I1iorcnlt7dD8w3KPeonNkFLFQCB3rMe5dztUFj7c1l3F2qMFcsJOyDlj+FXGhJvczqYlJaIvXNxAoIRNo55I61xV/fBnMcIeWUn7ijLH8P8a3mt7qf/j5DWkRx8qcu31PQfrULwx2yFLWKKIE5J7t7k9TXXSUYvuclacpeSOOOn3dySbstEmf9Urcn6t/QVN/ZccUZSGNIAM8AdfqfWttkbJdpxu9hUEkiJwbknPrzXYqzehyeyilqYD2kSh9/llh+NYV3HEqnIUE+3WumumjYsGuEJ7YFc5c2qOrMZj+FddGTvqc9WlZaHLzBVfgMTnjAyaaUZlZnZlPp3NSXL29vkIzu/YjrXNXmtQWrNHI7h/4VHLOfQCvVp05S+E8ucow+Jl65VYssLfc/secetY8dxeXKzNDbiK1U4aQcgH8BWa8l5f7vtTtaW3/AD7ox3OP9t+30H51WtrG2tJH+yRzWcLcmOCeRB+OG5r0adGys9zzauJbfurQvbkdmZDLOw43kfy7CpEMaEhVPm98VVk2NnfLqBB4IN5N/wDF1TMCxoVt5LyPJ5AvZgPy3V0KOljlc3e5oT3bQjhXDZ6kGsa5v73zBEqyKT22kcflUM1lubdJd6lLH/cN1Jg/X5s1We3jWMIr3ap02rdS4/8AQq6KdKKOSpVm1a9hftsqfdikD9yVJz+lZ8t7c5YrC8u7qMcGqN2ttGoZ57kA54NzJk/T5uawZ449+ZJ76MscJCs8ufq+W/QV208Otzz6teSP0Q+Dmo6Rc/D3w75TrFLF50U0bTB2jk81iQSAMZ3BgCMhWXk9T8d/tYo51BLhJEa13YIHauPtPiB4g8JadcWlhqUFlp5fzWD5wrYALZJySQq9T2HvXlninxV4n+IhZr4ynSEO1rgRsNx9sk469+fas8DkUo5isape7bW5rm2ewqZd9RUfe79znrB9LaAbZQgx1yKsvbaW27dIPUZNYf8AwiNpaqyQX+sS55IDIv6YziqzeG4E+9f6xuPA+def0r72MacndSPzOpSrRVnE2Ta6VlgXjJGOh61ZitdIw372IHPTcK4ufw9ErEi91YH03rz+lA0qFVVVN36FmkJz78cV0qhFq/McEvaLRxOyls9IPymeNfoRWJd2umIcJPGw9cisr+x7YtkvdH/to1Um0Wzd2ikNzLMeQqyNkD8TiurDUIr7Ry1XO3wosyJYRMczKVPOc9K5zXbi2ERjilGCfUc1q/2Bp7xtCkd1LL0LuzqIvrzyaB4V0uREWWCaR88nzG5/DNezh5UoyUpNnm16VWS5UkfQnwD8ReHbKwMTyRxXWMEswqx8T9ftli1YLMsjuBtI9Oc/0rwvTdDstLLNYR3UD+0rcfma1Lm3N6m26knnBGCHY81x0cuoxxn1pN2Z2TzGt9TWGaV0eQyG51G5eOCOSVj/AAhe1dVZeCdTuHjMlrdInXHlMMCuhtPDWj2zhhY28h5JLR5/+tWqdN00ZI0ywx7wrzX2k84WipaI+L/sh/FVd2GmeH4YInWKzkeVCATsOQfpW8LW5RVX7JdMc4GEbiubOm6e3ypo+n7zwALdST9BisTUVs7cf2TZ6bps2pN/rJWt0IgX6YwT+Vc8E6ju9SpzVKOmh2UksBaSFJILi7X7sKOHIPq+0nH41Ri0+6kcySPGzscsTyT7D2/LpWZpMEFhai1tImjj6u7BVMp/DtWyjYAAZR2BLCuynSd+VI4a2ITV3IuQ2LIT9wjOB2zU72iHKKqh/rTVdwm5vLIxn7wqSC4TO8GEHrgsMj6jtXq4XLnLdHh4rMuTYjWxmVye3TtzSPbyMQJT8uOQDWwt7G4Ch4WyOcsBio2LyDaixH/a3jj9a+gw2QxerV2fLY3PZPRsyTaWuclWd/wpFskkJlKQw26DczMOlasOnzSMceTxyWLgD+dZ15CuqXUOjQXEMVqDmU7sGU+gNfS4HIZXskfL4/PYqN3Iw4LWXW7tLhosadEf3KEcOfXHevQdM0TDgll3N0BHT6Crth4XuVZRHBGIgAFUSDgdvY12+neGrpSD9lBYdB5q8frX1FDKZtJKJ8rVzuKd5SL+keHYXXbKVD9eRzXoNp4OgAV12zDufSqmmaHe4VSI41A5Y3CA/QDNd3p2kSJn9/AxHJzdRcf+PV6mHySfVHBX4npLdmJHoEdu52NxngntW/p1pMkiR25LKSPukAVs2+js7bnmsXBOApu4+PxJrpI00LRJ4pJ7mx1KfbnyrU+ZsPoSvH619hlmTVIWaR8lmXEtCSa5rHSeYnhzQIkhJfW7z93CAOQD1IxXd+EtEfS7O3tmYy3LkGdlxncfUV5/4TSz8ReIzq+s39tpjoNlpFJIEWP3J7V9MeG9MsI7p1l1Pw3OBgiT7fCob8C2a/Q8oy+tdKR8DmeeUGm4vQ9o+HmlI4t94W4TcBwCf0r7G8N6XaxWyNDafZ8cswA5/wA8V84+D7jTLNFaTWdAR+MbdTtgq/gZBzXstprMF35UdlrOizXG4ZRdZtlLD14civ1nKMulpdH5hmnEcE3Z2PoPR7yxjijD21vdIOWBGCn5d+tfiM3xKuPHPjrxN8ULKJLlfFWui5tpLgrbS2mnyW+bUMqKV89LWGygfDYJiLb5CuX/AEx+MWp39v8ABP4vXek64miXlt4U1aZbyz1aFbi0kW0lIljaN94dCNylSCCBjBr8S7H7Ra+A9Et7LULjR7zTxExSGbY7xQ2/kSdDkrhhn3K+1fy79LTMZUoYTL18LvJ+b0S+7X7z+mPoqU6deeKzB6tWivTd/fp9x+4PwL0vxC9wF8G+Gr7xJjY1wLcF3STHdgAABkYGM96+9NM8X/Gnw0toifDvxw0DHAHlrJz6ABciv5lNE/bK+IHgCw0vRPh1rWpaNpVsd3lwS7PNY8sWIxuyTnmvR7z/AIKi/tOw21ta2fjLUdPiRhggqSTiv4dqYCc5WWiP7LeZxSdj+kCf9te38Cax4f8ACfxA0H/hG4tW1CDTL030zCQ2rn98nlnj5owy5xxuzkYyPhPWPjzD8ZPjZrVtDJFqGuXGqw3xe4nzJLBJJcSFVRSN4xZw5xnAXGcE5/DD4j/tS+Ovjrqnh2f4ja0+oahb3DPFcbVV0Ijdg2Vxlgecn09K4X4P/tAeLW+I+gXt5rE00UOo295ZKhA8udjMsxyOSGWGEbSSBjgDJz43FGTTeWVacN2j73wlz2lS4hw1avrGLv8Ah/TP7f8A4K6XYfE7xdpnhHTtehsDBbxSamGdY5LdSvOxW5xnOM1+q3gjwz8Pvh+YtF0Z7Uaq0Q33Uzh5rkDuz8Y+gwPQV/PJ8Efjr4K0Dw94Y8S+I7++/wCE1KCeaSOAjAP3Uyo5XGD9Sa+i5f2ofA3iy4S8vtYu4HiG1GBkQn24r4ngHhmllsViJUVKq9btbeS7ep7Pi5xJLM8dOhSqNYeOiS6vu+5+6I8QaSdTGkfbIlvNgkVc8OCSMA9M8dOtWm1fS0vI9Nk1GyTUGQyLCZQHZR1YLnOPevw81D9pvwHZ3SeILPXLkajBAEQF5PmIBGOeM818n6f+0qnwZ0bxh8Sde8S6k2tzRy21jDNK5LBwQAueBxmv0/E8XYihSlVlBWX9WPyjLuFY4vFU8LRk+adlt+J/Qx8Svi3B4Sh+waNpmqa9qsikFrNQwtuOGLEFc+3PvXxx4s+Lm27S48W6J4vSeR0ijknnVBvYgBcbMDJIwq4GT05r+Vnxv+2n4ntNNuorLxx4zW/mYeWft9wCOecndVe4/ao+IniLw9pdnqHxH8VS+TJHPGtxevIIpAQysNxJzkAg1/NfFmd43Ope3xfNCm9FDSy+XX1P7Z4X+jnl+Dr/AFWjiYVqiV5P3ovXomm/usf1i6N4rSYvHe+F/EwUKGVrcDJ+vyV694C03TvGmpS2J0zxZpMKJveW4ZUBGcYB2Dn6V/JBof7bHxksb2GPTvij40vNTkVYJB9tdsAHIOzOAeeuK/bH4G/tEeJfD/gbRrXxj4p13xTqV6BNJPJcMDGjYG3IIKkYPPBrweGODcNicYnKEpQg03dJJrt8z5Lxc8OP7DwqrPEQ56miUXNtd3Z6H7q6Poul6DZrZ6bbJbwDk5YszH1LMSSfqa2A6sMhgRX5JWv7RdksqtANbkbtu1G4Yfq+K22/axsdHjmn1AtawIMs0tycKPcluK/qvL+KKWHpqhhcPywWyVkvwP5LrZBzSc51bt+R+qZZQMkjFeNeLPi5oukak/h3STPrGuIcTx27KDANpOct8pPTj39sV+UHxl/4KeeA/Cfw/wBZj0LWrSfWZQYQsUgYplSM57Gvwi1r9ru8vLnUb9PEGsSSTStJI4mfdy2eo+or4PxF8ScdCmsHgqbjKe7T1S8tN/M/d/BrwAw+fxqYrH4uNKnHSN1e77vVaI/r1utcfVneabRNYMzdWe8t0P41xfiDVG8M3Nnc61ZNZ6JO6wK51SEssrHAyQMYOQPzr+Q24/bGvLaZIW1vxQ7N3W4lOPwzXe6x+1teatp8OkTeINZklmVBEHmYkNxgjvnNfztW4cqzlzV6EnKWt20//bT9yl9H7KsLGUoZrTlGF7rlkn8nz2X3H9hfhzwDDrtybi+TVbazXB+TUEdJfb5FBH5g171p+nWel2sNnZQLb20YwoHP5k8k+9fiT+xl+2B4L+GXwg0HQvEN54g1nX7h3nnlljkkCsQvyb8dR6e9fRyf8FIvBV7fiwtfDeqLE+4pPKhVXQfxAEe4r+ovDbIcuynCKsqSVaW7sr+S2R/E3FuFryxc6MZ89OLst7Pzs2/zP01SSORQ6MrKeQR0NSV+Seh/t86L4Mk1RNUjl1Cxub1nhDEjyVYknHtWF8a/+Co3w88IeA9YvdFulbXZIylogP3nPpmvucVxnChQdSrHVLU8/KeDsTjsXDC4bVyaSfr3P0m+IfxH1Lw3LBY6D4du/EczqTK8MqosI9MnOW9sV85SeJb5nd5vhj4kkkcks7aoZGJ7k7s1/LHrP7ZXxB1DVdSvk8WeJIknnebYs7ALuYtgeg5rynWP26fHWh6wkOteKvFFzp0gIXbcyAxkem085z39K/kjiTPK/EeLlOrGem0bxsl5Jo/unD/Raw2T4WE8RjafvWTlyz697TS8j+u19b85T5ngHxRZD+99sjwv1yuK2PAWh2/jTWrrTks9Q020iCs7G4jLKOM/dUg96/km0b9uPxPY+JPDd3JqviqfR7kq0Ur3MxVmPRWBOPzr9p/2VP24PBXwu8Iyr421GSLxDct5u2VufLJyOv4UcLcJ06mMhTr0n7Nayb5fu0XU+G8TeB8JkOXznh8bGpVlZRiuZPXrrJ6W6n7/AOnaZY6RaQ2On20dtbIMKqjgVeZ0X7zAV+VWj/8ABQXQPFF5PDpF7cKOWUyW+xSvbBPB+tct42/b7svDGqaBp0yXeoyXsuzfChZYhnGWIziv60ocQ06NKNHCUrJaJbJI/j1ZXKcr1J6n66/bLRpTb/abcz4zs3jdj1xXzv8AF34xwaJfN4I0GWV9fmjPmSI2zy1I6I54D+/avxH/AGo/2rLvw14g8NfFjwL40k03xDbiSN7Vpv3dypAG0rntzX5jeN/2z/HvjHW9Y8U6rq2sHWZ28xZElKiLA7Acdq/NvEjj3FRwqwdD3ak92t1H9Gz9+8HPBSnnE5Y7EztRhtdby089Uj+iPU7fXt888vhyYliWd31qDknqfrX59/taFbL4e+Lr+5FhG1qnnxRrfKzoTgAZUgkEnB9s1+SVh+2p481CAre6vdrkfMhY8+1fMHxw/aK17XpNSs5b68WC4ESeX5hwfu5r+fcnyZ/XIxhF3utb+a12R/XeU8MYfLsvrY7EV48qg7Lleum2s2lf0P12+D37f2n/AAt+EetSatcwT67Fq1gLWBr1vs0jTSfZrpT91mjIKyYwMtFG+FK4r6htfil8bviJp41/wV8Ltb1jSXbC3NhI8luSenLMcD3xX8dmofES6OreO9G1G/ae0s777fb27vhVlF2MH3IDDAr3+w/bo+P2h20Gk6B8QtZ03SoMRwQRyhVRBwBiv7HWWOcIy62P83sRmKVWSh8N3Y/pP8feCf2hdY066muPhXqcMoUtKxu1maP1OwnP4V+LH7Sei30MUcWn3OqaD4hsr+KeSW2MkNxpl0nKXKBdrxyRsyzIwZCrIpDAc18xeIf25vj74niiTWPG2oXDBsswuhk/ka4PxD8VNS+J90NRvryY+I7a1eWeZ7gxm4REOFduykADnNbYCjOhNVF0McVi6daEqc1dNWP6fPhf4t0j40/Cb4efF3RbTS4Yte0qC/ltre9S9XTrhkAntGmQANJBKJYH4Uh42BVSCopeI/D0XlZlto0kxztA59u2a8u/4Jq69pnij9kfRdE8NW2o6rdeHfEPiHSNSEVmyJBctqU92qqzAB91ve2sm5SV/ebc7lYD6V12w1DdNG+n63EzcjNsMA/nX+s3h7xL9dy+hWqtNyjFv1srn+MvGU3gM6xWChdRpzkl6J6fgfEHiXwiiXNw5882su5ZELggqevHb9a+H/F/gS+8DeJn0Sch/Dt8TLYSsTtjY9V471+sWseCNWv94Gm6g55wPKABPqctXiHjz4Na34m8L3Wj6l4e1We7VzLaPHHGPJcHja5cfka+2x2XUamsZIMvzxrRH5uapoMFqzlxIrAYKn+g7Vx91pWl3m5ZIvMl7ZOK+tL74SfEFILeDxJ4E1qxaFTH9rgntHWbHQlfNyv0wa8u1z4Za3Yh5Da3CMR/zzH6YavicfkUEz7vLOI5tI+Z9a8IaXKhYRugzyW5A/KvFvEPg6yjEkkLxsvYr6/jX1DrfhvVreOW1kW5TPK/6Kf/AIqvD9WWJNTfRpDef2mFyYzaFSw9RyAfzNfN18ujHZan1GHzlyWrsfLXiGxFnITCrEg46V5jrqf2pCJIVaLUoQSrlcb/AGNfUuueH0uZWhWG/iuccQvbiNiPUBmBNeO614duLGWWVrLUAO22NFI/8er5nMsBJp3PpcvzaF9Hdnz4L57sSEqILtDtdD1B+lQf2pcRP8/mAdOmRV/XdI8Q/wBqfabfR2Rh2Z0LSD3ANZU1rqMquW0q8ik65WSNl/LcK+LrUpban3OCxqauNbUmlbhkAPOB3NYt/cFztaQOOmDg06Wz1BCxSy1AeoEcfP8A4/WbcR3wRVlstR3HgYiQkewxJXk1qXdH02Exa01MXUIAzEkBVPO0HrXJ3tlbTK8ZVSmMFW5rppwYrlba5N7bzN93zI0GfbIfFINDubmRoxHcb+uCiD8eXrx6uFUnZI97D47lVmzktMuH0+eKw1SZjaniKcH7vs1duk4hISRF4Gd2eo9agl8KXb27wvZzzAjGGeMD/wBCNN0Tw14pUNZ3dks1kmfLYXEe9R6ZbtUUMNVg7JaHesdT3bN2DVLVhtMmZAO45rSSZZeN0br+VYh0XULSRvN01ww/iEiHj6g1ajN9HgiybA6fMv8AjXqUlUStJC+tU90X22YIQkeuKltbhojslJlTsdvNQLPqBUL9jHPclad9o1CMHFin4stdMItO4lXVtWaEotbtPLlgk29sZrBn0iwG/YoJPUPyD/hWrHe3pVd2nq+T/wA9ADUc3nyEsbIxt/10BrplQU91+BEK6T3PNJ9Fie6ktBa31rdkblUNGyOP9lmKk/lTLG01LT7yNRa3YAYfK+wFR643Zr0STTH1CDyp7cqA25XLgGMjuOMj8MVTuX1XTGj+22Iv4ThY7iNlBPs2cAn8a54ZWoS9oro0eYcy5Xqe8+EviBpuj6TZWkk0YnxvkwTyx+vfGB+FeU/FHx1e+JZhb2ttdy2inBZYmI/PFY0OoI+Gk02/t3JwFlKruPsS3P4VO1y4JAsrlfQM6f8AxVfTOrUqUuS9kedGEFPmMTS9VuLZEjNndAgY2mJsgflXVW3iGRSP9Duif+uZ/wAKpJcMpOLJh7BkH/s1WEupV5a0cDPeRcD9aKCnC2oqjjLodFbeJApINpdBicY8tv8ACupsfFS/6r7HPvHJGw5/GuJhluCFY2ZYHpiRf8a6C3eTajNalCOn7xQQfWvYoYqqnueZWpQ7HfWviVWwDZz8/wCwf8K1V8S2wdEkhdXPQMvJ/SuM0+6vjIxmiRh/CySDn6qQB+VdKskcts4u7WOZcZ2pg5+mehr3aOJnJb/gePWhFO5rpqfmNvSyumB6YjbmoJZLq8uIohaXKx55zG3FUtNfVIZF+ypLcWROSjSKXUenGfzrsbRr132x2To55AE6nI+v/wCquuinPR7nJVnbY908G+M9N0DSltcrE+3GGGD0rhfEusnW9YlvJjO8QxGmVHCj6dslj+NcpI1/GR5thM5P/TVTmp45LhtoawlTB6lwB+fT869+piHNKL6Hmxio3t1NmHa2GCybT2NXUjz/ABsVPbjA+pArIt79EkEckM1vJ2ViDu+hzg1tC5jU4ON3tg/yNb0kjCc5Ch1tyU8idk6Bw6bc/XPH41bV5Rj/AEe4Of8ApomPwqBbhnceWW3DsehHuKnjEyBiqs6Z6cfpXXCFjBtlhYypUx28qDH3d64oE00bgPYzEnjcJVI/lxTo5HbacICe27JFWlMnTyVY4/vV0xit0ZO6HRyyMAI7Znx1HnKc/TA4/WrOJXC4tnibOceeP/iaYjsnPlR475b/AOtUi3WeGhjQD1fGfpxWkbdWYuT3RDdQzuqi3toYZyfndpeGH0A/nViKRIdkdxH9mf7oJfKOf9l+n4HBqXziQCI4iO37w/4U8yM6MhjjVGGCPM4P1G2q5EndMjnfUvoSARtIPfmpCmQdrL9K5+cT27RpaBoIj2aXMY+hOCP1rQtXmkPlyyQ28p+4Hbhz/ssBgn261vCs9jLl6ostEh+8AD61BJbcNsYMPfvV0Wt0CVYwKffP+FPNhI4+aa3Vh67h/SrdNS6DVR7HOz2SMTuQD0HpWRc6VbMMSRK2OhHDL9GFdjLp9yuCxgZfUE8/pWZNZyjcoaAHrg5rkrYXujenVfRnGtp09u26F/tKdkbCuPx6N+lWLe8ZHKEFJVH3GBVh+FbLW0u4hvKH/AiaUaYJU8uZoZU7bgTt+hzxXDHDuL906OfW7Io9TAPzRoR6kf0qU39nIDlFB+v+NV/+Efn8zfHqEDL0CyQlsfjkH86cdClCgiZHI67QR+nWtYqo90K8b2uRSG2dvlLe2f8AGs6YyQMfLclT1U8qR7irb6TIpYB1J92as65tbuMfJHGSBwGcgH8QKwqqXY1il0M+VVyfLY2p5PyfMh+qH+mKpSXVzaqHcHaOskR3D8R1FJM86OFuLaK1djjMjsFb6MMg/pVaOO4BY+XHA2cYZGbP05Nee5a3R2wj3Lqa3I0e6OVZI89Q3T2pkusRlR5p4/lXN3vh69mujPBqUdnKRkiNCT+I3VSbTNWRAs93bzDPB+zHcffKsK5JYqqnZo6qdGLejOhuLxJcbTuUDoaw7xopF6H8RUQ0y8GGWW1yRz8jg/8AodRSadekYc2Tpnuj5/8AQ65KtWUt0dMYJPc528tot/mRb4Zs8yKxDEen/wCuo01G7s9qsiXcZ9MRv/gf0q3cafqAMmYbRiPugebhvbhjishhKrf6ZZJaL/FI4dox/wACDcf8CAryaiad1odsVfRmzBr1tK3lCVo5j0jlGxj7DsfwJqy+pshw8LjB7E/yqlHpEN3B5bvbJC44325KuPUNuwabb+Ebq1lWSDWHeL/nnJAHVfpk5H4GtIzrbWuS4wuaBu4rhT9456cCqjJklogQOmRxzV//AIRy5ZGMGqJJIOSjW+Mf+Pk1mz6JrUWSJkcZ/hiP/wAVVzVRrWIRnG+jI2N2uQ0fmr+tUZbJJeXtI9x9V5FEmnavnDTYX/rmf8aqS2+qgAG6baO23/69cFS73RvB67mbfaYWQBQ8YB7ANn25BwPpiuMure/hndngsZ7c9PKRw31IaTGPofwruJE1ZQ2Lpyv/AFzz/Ws6azv7kHfLG+fSIf415mIw/NsrHfRqtbnAyfaJmCQmzM3VkEUgdR7oWBx74qlLa3RT5hpjHPPySj9N9dnc6JcSoYZkRos5OYxkfjmsm50G5wRZ6hcW/ba6CRCfx+Yfnj2ry62DlbY7Y1kcXPb6jy0T6aCo4UrJj/0OitC50/xNak749Oni6mSOJyMe4BLfmAPeivJnRs9mdsZ6aHsUFkQwUMwUY5O3+WK3YLZlUZkYn6L/AIUyONixEcYwOuDkj8BV6JC7eXGTK46oi7iPr2H44r/JipXP9KaVNLYtQRsCP3spHTHy/wCFbcQljUMHYjI5Yqo/lVe1065cKQYYOM/3m/wH610FparbEMGLSf3zy30B7D2rzqtddNT1aEGyxbWuoTEMknlwn+KRAuf6n8h9a3UsMqonuZZzkdMIp/4CBz+JqrEZXOWDBfU1qR5XbkDFeZVru569Gmi/a2aKRtdguOgOMV0VuIY9uZJnYf7Z4rn4ZNxC5XHv2rdtofNwSQRnv/hXn1ZX3Z6lGKexrwTRgDBmB/3zVqOYvgr5u8/7RqO2toAvzbTjtjiriIgIAC49CcVwSlE9GlBksXmMRud1AP8Ae6Vq2yK5ALSFfXcay42hj4Y7ifapxOVz5YxnjJrnk29jqgla7NsR2oPzs/HbeaJIrOf5ZEkK+8rc/hmsJ5HKtI0iqAOrNgfiaji+2zJmGIsvaR8hD9AeT+HHvU+ze9zX2q2sdUgs4o9kXmAZ5Ac4/OkWUSkfZi856blb5B/wLv8AhmsS10+7kkWS4H2nnhHG1F/AdfxrpxDHFtZ5Qp6BR2rCrKK0vc6aMXLVqyHW9rcM4Mly5B6qrEAfQ8k1p2mnytLIks88h7YcioLe5AdVI2r610MV5bhMcF/pXFUry2SO+jh47sr/ANmrwWe4Ye0jf401dMVwVdpR9JW/XmrrXSDazPj2Heovt4J+Xv0zWMZzsdHs4dit/YdmOkJY9zvYf1py2MEYIVZVGeglb/GnT6gyOsWN85HEa/M5HuB0/GqxluZCBNLHb56pEcsfq/b8KtTm1qyeSCeiFcRxsYla5eQjISOVy35Z4/Gnx2t47K7XM8S90SVifxbOPypVZYdqQhY4u6qPve5J6/WrMU4ByQV96Tm+gowXU0ra1DENJJcMPTe3+NXvskDMFAk9yZG4/WqUV5EgyCC31FLNqJz8xUDtg1xy5m7HfHlSH3Gn2BYpLmYE9GdsfzrLfS9OiLG3tLe2z3QkZ+vNPnv4SpfflvTNZT3Tn52mO30xWtKM7bmNRw7Cz2tpGGJYjnoGP+NYc9rakMMsffJ/xqzPOjkhnJrEnnWME5yB7130VLZnBVlHtoV7izhbAABHuTWLdWdohIlZBk9ATS3d9K5IX5fXJ61iyMeTkk+mOK9SlTn1Z5tSULaIqXNtYnIJXjvz/jWRdWdjFFJPPLHDAo+Z5DhRVa/1JWeSKy23U/QkHEcR927n2Fclcxt5gNxcSXs45DscpH/ujJA+vWvZw9Btas8mtiEnZK5PeTWkg22US20OeJ5F+Z+OqKeg9zXFXekWE94LqQzhx1PnsS/5YxW0beaaUsJXOTyWORVuHTgcl2Yt3Jr1adRU1o9Tyq1N1N0YJhjJIiWVUxjmZ/8AGmR2oZiCs5XviWTB/wDHq6sWkMYHy7ifSnCC3UZYjnsecUligWF7nLta7skCQcYBMrn+tPXSo2UF0cnqzGRv8a6VYYvvEnr0qOUwoPlJ+ua0+uy2EsFHqcdcWdsAwijZsHBZnYD+dYtzHAh2tErn2Jwf1rq9RKFD5QCsM5b2rlplE0PmCVWjzgsWGR+A5H4ivSw9a6TZ5legr2RhmyslnNwllClx90OAc/40xdAW6817+TyY85JR2j2fVgQfwraihjUKF80lgdoB+dz7eg960bPS7aAtLNBHO+ciMklR9c/eOea3qYvl2ZyQwPM9UcN/wg+nXkjG4ha9tSCA8u8n/gILcfU1TvPBeiWytHFYIvYku5I+vNd/qutLDhZAof8Aug15t4k1cRWqzXd0dPtycKi8yXB/up3/ABGK6cFWrVGrs48ZRoQi9DnL7wvpEaPIYpVVRuZjMQiD1JzgV51cW1tqQNvpEbjTlOJLx92ZD6Rgnp71tyR3WsyyNqRuobJTlLFpDgj1kOck+3NbdtaKQFgWOGPpsAwPyFfTUqrpq8ndnyVSgqr91WRxcOl/Z0MMCSMcjDF3z+Jzz+Oaux6PdtjdNJu9Nx/nXa7Y4ugCjuBUEzhuBnHr2FS8fOWwRy2PU5h9IlhUM0bynP8Af4/Ks9tHzKWKw7P7gB4/HIrrWaQudr+YvqW4rLmH3jO5U56KRitIYyoupFXA0+xmjTrdc5SIL0+6DUUttbKwAjjb8ODV/wCWQ4w6jtT44VV8AAADkk9a76OMl1PMxGCh0Ml7NZEKJHbxt1yIwf0oW2Q4xbwntkoP/r10CJGG4VVPqetOkK4KrnJ75717eErSk7Hz+LoJXZgrYplQLaBvqgwKuR6Wjoyi1tg3qYxxVuM+XIIXlLu3T+6P604Xsiz/ANm6aFe/bl5D9yFfUk9/avp8PTi0mz5LGVp62KA8OpLcLZQQxXWpEZZ2G1IF9WUHbmu4stD0PSLZba2ggmlPMk3lhmkPfnsKoWtpaWI/cGWSQnMkrHJkPern2goAkSMAe5/nXp0eWVlF6HgV5Tgm3uacVpYllxbw7OoOwc/hiumtrW0SLK29sSR/zzUY/CuVtbhl+d5FQ+net6K6yocuBX0GGwkZM+axWMlFk8umRyAMLeEZ7eWP8KauhZUZt4VB/wCmYyT+VWra7XzNzct1APauosJUkIkm3ewHSvsMDlkNND4zMM3mutjGsfCUZHmPDEO+NmD/ACrrrDwxCdhjty7AjICfe/Sui0/ZMULRxlu3c4ru9NhiLoWydvoMV9pluUKT0R8VmWeuK3MLT/Cay7JDCA3f5B/OuotfCUck0atAiJ05ANd5poB2qI4yD0JrtdM0cTkyEK2Bkkf5xX3OXcPRfQ+AzXiiysmcHaeBrQnBhic49ASPwq/d+D7PSLFLkWUdzqU58q1hC5LOe+PQZr3LT/DuneQ+o3UstrY2675XJUqfwIIJrpfBnw//AOEoaTxdqnnWsZfbp0D9Qv8AeIBGPXjFfdZbw3TS5pI/Os04rqS92L1Z5Z4R+Clnp1pDHdQo+sTDzLlmRW25/hAIIr2Lw58FtNsiH0y0jiJOXWVd0bevup+lfRXhLwLBJKq315JdJn7jAtj6Hkj8TXvUPhjR7WCKG32pIRgKy5J+lfT4Th5TduU+brZ84xvzbHzXovwbE8fnx6ShTAyNoIB/DNdXa/B+COVvtMMnlthlR9pI+hxkD6GvrLwrbJp6oNpaPOWULz/ga7mbRrHUGWS3tsIVycKAPxFfRYbhZc1rHgY3ie0Lxlr2Pl/S/hhDHHGBbiNDwQSDj3zXoth8PLezRFiihcEcHAGD/Wva4/D7eSkcNuGVe2K6Kw0JiypJbTCVyApXqufTrzX0eD4dp09WfHY/jKa0Z5db/D+yMFxql+jDT7WJmkaRFYKOuF3KQPwqf4LfCm01d9W+JmtW13Hc3chh0uJ5DlIRwCQR83c9K9Z8W+ERqV94b+G+l3t7NqmpOsmo4wBHbg5O44JyenJ9a+hbTwzoOnNa+GLS2L6RYqqxoH2guByd3UjPbNd2NzKnh6UVS3lr/wBurT8Xt5H5xmnFUpSd+n5nw5+3X4fuPBX7D/x4vPC+sLoWuanb6doU9wY0kIttQ1O1sbhNrqVG+G7mTcMMu7cpDAEfzW+K9X1NvAdvPaJcuZrlnmeFCVhjaOQ5cj7q7ii5PGWUdSK/qE/4KgQWlr+wb8Y5YpkVkvvDD85ONviHTj1/Cv5ZLPVNUvvh1rOm6ejXMjWMLSJvCgxpcQu7nJAyqK59eoGScV/n39IrMKmIziEptu0Fv6s/0P8AoX45VuHMRVa972rV/JRj/mfLc2uXkmmJEJ2j/fNyOCPbI7cVmNe36gNHf3CtnrnP9ay7hpRNqVqY1xHM2ctjGD24pyyu9v8AOgBA6ZzX4G5y6H9bysaP9p6kTbQvezszzxoJABmLcdpI/wC+jXV/BSC/bXtOuTM5isr+GKTBAYsd4XjHI5fPTtXm11cm3t5LgIWaPEgA74Of6V6b8J1urHx5qOy5mSGG+gnkiz8jgXCDLL0JAcgHtuPrWOLvOm4y2O3K8V7Csqkd9V96sf1Wfs8eE7CfwVHqXi+C6vLzCpbKspG9RjGPwFep+L/B8cs1pdeFIFs41ZBcxSyDLEntntgV5z+zp4wtb3T4rERQWVvZmNcOxbzjtGcbs4OcjivsuXw7pWuox1LS4725jj3wvIuwYJ+6SuPSvnKVOM6dj0cRiuWpzHkEHwn0i8iGq3/iSPStLgiL3mQGWPjgg/XFflp+3fp2j2Ung/WPCHxK/wCE08PzSTQNHE5CW0igccHnpX7EeJNatvDPhPW7G2i8MW9kbVxEk0TTrI4IyrR5ywweg9q/Jn9tLRtNPwQ8Ga1p2heEtHmj1aTzH0qwktVcsHOWV2OTXg8UUo/VJQS1Wv5H7B4NVpUs0pVqm3NZaLqj8zJtH1TUVikktNWuFH3SEciugsrDW1hWL7FqpfoAY3z7V/QX8C18Oan8G/hzcab4etIbg6ZC9zPDpNncC4crnJaWNjnkDHtXscXhrwdpVzPrmuf8I/PK+nebAkmlWSSW7BnH3FjAJ4HUGvAjwB7ajF+13s/T8T9ixv0gY4PE1IrB6ptXvq7fL9T8Mv2afButTeMR4o1LSr06TaYLvKhAL56cjnjNfqPJ8UdbecQaBGGtEXhVjyQB7CvUbv4ofDSTQ7/R7nTppRJGVVotOt4D5mOG/doue/HvXnXwCuILbxncGaO2kQ2c7gSqGUsFJ6HivWy3hyGEtRpzvzbs/DvEDxBxGd4n61Wp8nKrKN76GNcfEvxmyYa5vrVPXZgD8a5i48Y+IL2SVJtTmu0ZSzo2W3j6V9oweJtJ8TWPhCym0vw3PFqMd0lyphjQoyb9rAqAR90V8z6f4p+Cfhb4oeFfD0fiCBPE93ckfZp1UwiIOQwO7jtxXv1cAoWbmrPufGZVCeIk406bbSvor6I/Gb4//Fa68XeM7i30xLqx0i0BijJiMYnbPJxgen614MdXvpVMb3UxU9cHGa/RH/gobY+H43+EOqaEmiRxz2V3532NEQmUNHuLhQOen61+aDO6AsGYEV+I8R4apTxk4VJXff5H+gvhvXw1XKKE6FPkja1vR2d/U0vMfz/tBkm39BljX1f+zP8ADaTxT4pXx3qyTPpOmsEtxIxxLcDnoeMLlTnvmvl/wfoGq+M9f0/QNMV3mmkCsQPuL3P5V+wfg7w3Z+DvDeleHtPTZb28QUnAyzdSSe5zmvT4ZwFStV9rN6R2PgfHDizD5dg1gaFvaVd/Jd/meg2+t3lii20Fy8EIO4bTjBP/AOqpl8SakX2reSEKODnpXNOQSC3J6U5CikkV+hapWR/HDcZO5vXfiq5tbea6v7wpZxqXkZuiqBk1+Ufx1+K978RPF9w8FzcR6NasYbVAxAwOrfic173+1F8WJNK0w+B9Eu/Lu59punQjdGuQdv4jj8a/Po3LkknJJ5JJ618BxNmqnL2EHotz+sfAvgSNGm82xEfelpFeXf5m22q36nat1cBR0+c1Ru7y4uVCTSvIuc4JzzWf54JOQuT6N1rp/B/hnU/GWv2Gh6bC0k8zhWI52LnkmvlaFOXOuRan9E5njaMKEpYh+4ld320Pef2cPhjceN9e/t3VRIPDunsGG7OJpuMBe3Hr7V+m19rzaXo97OqxZgtnMZ2g8hTj9cVxHgbwnpvgbwrpfhzTo1SOBPmbHLuTliT9Sam8YSwxeGNckmW7khW2kLLbjMhG0/dGDzX65k2CVCkoPd7n+f3iDxYs2zCVaKtTjpH0R+Univ8AbF1vwl438CeEtQ8Z/Fu+1HW4pLqafTJVFtbK08ioFBYMAAq8Y7V9G+Dfj1r8HhGTQtf+I0sfji61rUYdM1DW4y6S21v5akDkgEsx2gnnmvlfw7pOgSeApvHeo/Ezx94cvtLgaODTJ9Js5LuGEZI5Mfyg5/iOea8G8T/Gy81LwZpXgDwPqHiBb5bm4Sd9Ut7d5biWUifesigkD50X5cd/Svr8fGnTp80I6n53w5klTEYtQb0f5Gx8T/il8Rde8deKrWPxd4g1GW2UXoW+c4mgAOFhOdqqC3IGc49q8Nuvij4xh083l74gv08uwWeSOMktIzzbMA9sBW5ryz/hObiGGXRI9M1i2143ri8mnkJhDsuwqGOW24BbGepNdXr83hrw1bWl+viHWp9Tjgjt7qO0iV1xuOGww6Aufzr5WphIc6lWgm3tp/w5/ReX5o6WHdHB1HCMFrrZK+2jtdrqep/DPXtd1bW/C1/a614jkjukut9tPcF9wVABx9ZBX2F4q8GS+H/B+m6hdwzwa1eSCJ0kUhkU8c+lYP7F3ws8IeP/ABsvjWXxdqutx6bBsGmXkCJgttJwq4wOAc89MYr3P9sLVZdGgt5tOWD7TBvuY0cEqxjXdggEHHHOCK3ynARli/a8ttNPvPleNuOZUsveW05Xbd5P5JW/U/HC1hLvqk4uJPLt2gt4lB+VsMCAfp5YxWg095I5Zr66yzZI3DH8qyLNdlk43NiS+Mij1CIQc/8AfwVpRtuYDGK/TPaSR/NcmnsWEnmt5oJEuJNwYEAtnNem+B9SFz4qCX5FzZzXNtaSo4BSUSyom1geCvOMHg15M5drpRiL5eRuz/jXr/wSuLuDxDFqMcaNGJZhKS4BVPJcZAJBJ3MowMnknoCRVO7kkY1Z8sW0f1G/8EX/ABnpGu/Db9ob4WPY6pbeIND8TWfiBrkqgtpbO+sI7aMK24sZBNo96XBUAB4iGYlgv6s32gpdi5JcNIpOAOc1+M3/AAQxmtW1L9rXUGjS5mkj8LQuM42BTqrD6/61jX7m67Jbxs01iEhPUgdfx/Kv7l8JsfVWVUorzX3M/wAjvHyMaPGGLjHa8X83GLf5njqaTGxmjuNqyjoox836VwGs6bOsk62NmkIUnJZdv44OK9I1XVSJjMPJZ1/hK4B/GvN9b8R3U8pEjSmIH7isCB9Biv6CymVZyUj86wmYpOx5rqOkxzQyROkAkYFXPPJ9dpr5x8X+CDYiW5KNdISTgKAV+gr6RvNSiYyMgSOQE4yQCT9K8h8VX91cRvE1wyE8ELk5/AmvqcRhOZbH1eBzSyumfFfjDQraVJm8mVpB0BAyv418vfEDwiuuWck+mbU8Saf+9glCnDKOqMcYwcd6+7tf0tXLMY5ZSTnAB5rxfxFo0UmfNtInYfdDwgnr/e9K+ZxeXT2SPq8Jmit7zPhD7Zpuu2Qu1S2tdR5jvLZwEIcdSMjBFeZeINGEjtHHDJCvIBB+Uj26r+VfXPj/AMENol3B8QdJ0sz6bgR6taBMjb08xcdCK5m78H6Z9ni1bRIt+nTpvR15P+6x9a+cxOTTlo0fT4HNqSPhvU/CAmYrNGAp+6XT5f61yt74IuYEJiiWVB2UZ/lX2frGjQTxssliAwGATn+YryDUbM2U0sSwMoHAJOM14tfh1bs+gw2fdIs+ZZvDu0lZLcqe4x1+lc/e6FCC2YWVMY5XOK+h9QQyE+ZbxkHqQvIrjL6wilVtvzY/MV5VfKINW6n0GGzqd07nzpqXhu1ubd4J4gkbHMbqMNG3qMc1hWivFMNM1Tyo9QUYgmCgC4Xtk+te73ekht4HllPRhx+Vclf+Hba9ie1mijjcHdDOow0TD0NfN4nKlB3ij63BZw3ZNnGAokjRSq4lH3lI/wA8VbtgkbgIxRT36/pVy1E0k0ml6gqQa1GvysVwtyvqPeqstv5RZJY3RxwRjGK5FGPQ92njG9Lmu9usibcKc+g6VRFnCznAhJz9Kzldg3DOo649KsrdFyAwB/Ctoxi9TphWaHy2JUlkjfaPQZrOliQkhSrtjkFSCPbmtg3KDGx1UY6bsE1VkuTIuCUGPzq3RjY3p12Ziq0YUKuKlkkDKAUXd3bFS+co+8Qy/rVW4lhJOWQcZGTyKailsdKqXdim00kTtuEbDvkU83IkglhlihurZ+GQjg1TedckMIz2yG5quhGcI7e2OaqCWx0RstTIuIDaPtWCa60wDIYrue39s9Sv1qRsBElQebG3KunINbyvOCAFlXsfl61j3VhdxSvPpltMEY5ltiuEkPqvoadWk4rTYpVujIkYFtrliCe46VtWtpvAIKiMjjdzmubivrGScrHcQRy7ijWzNh1YHkFSSc9eldHZzOvQ4XPQ1FHlZpNWRvwWrcAgGPHHPFdDarsUK6KykdKwYbtMqd6BsDvWnHeJuL5UkDs1etQ5VscFRtm3DbqG3RMQD2POK1IopAThsL9K52O7V8EP5bE9Ca2be7Uja0iE+ma9OjOPQ4KtK5tQ3TW5BO7zOxPGa6uw1aRlCSpu9Ax4yPfsa49JDImMK49KuwZI28gex6V6dCtKLujz61JM9Hsr9zt+0xmROdzdSB/X+f1roBbQSKskMitGfRq8qW+nBjAYbV6FRg1u2eqXKFWjcK3f/b/3h/WvawuKWzPOrUWdrLp8c0Lq8aXEX9z+o9KxGW8syGijuLqDoVf/AFqD/wBmFX7LVhODugeNh/eBAP0NXmnhkBJLxH2GRXoPllrFnMrp2ZVtLiGVRJDIrrnkDt7EVtwzx5A+Vu3pWFeWsUwMiu0FwRjzY85b2Ze4qpFcTQOlrcKyP2eMZR/y5X8aqFZxdmTyXR2yMuchT17Gnh1LAqDz3PNYFvdSltpjYr64rTVkI5bb9a641k9jnlBrQ0WIXsMe1OXL8jbj6VR81AMYVvrUsUvzDIXHqBWsZGbgXhGXBG3I9BUqQsBjJA9KqlwSCFk9eKkSQ8MwYn6VtGa6kODLItZOQC2OtDiVVKOpZDwQwyDUwnc4wjH8D/hUqzK2Q6yKfdTz+lbqzWhk7rcitrm5gUJEwaPGPKlOVH+63Vf1qZLwzSeW6PbXB+6jEYf/AHT3/CmeSG3BFkYHtsNRvZzvD5P2aR4s/dMf/wBbNXr0ISW7LpaZeAzJ6giqzzqxxIuxvXFQiDVYVAhhnmjA4jlBJH+6/X8DVgw3cqqXs50c9jjI+vaobkONrFR0RuVOPpUTKAcfMp9QODVtrSdAD5Ekf65qB47okYjkPoAtYTRsmu5GZBjDcjHUUkc23LCXKkZzmqs8U+PmglQ/7hFZM8d2MmOOTH0rGVTXQ1hFG4bmBzmRCreoqpcGMgmN149e9YKrfj5kibB+lVZpL8MVaLB6YDDj9a55V+jR0U4ali8MQV1KoQRyMAhx7jpXLvB5bEWbvaoOiEb4/wDvjqv/AAHFX7iS5wf3Tn64/wAazJJJ0B/d4z6kV5taomd8Y2KkurSW6sL20mt4wcF0+eP6noVH1/Op49Qjfyic7CP3ZAOCPbHFVWe5UhwgRgeu7H9ayjCVlaSGQabOx5aB12v/AL0R+VvyB968+pNp6HbTijrY4UkBcxCU46RtyPwqKSC3ZgEnETdxIuAK522vdRinSGaO3mJ4E9tIAB/vRscj/gJatWS5ujlZJUmX3NEZKS2NOWw6S1mAyEinT1Bzisa4t25YJhh6f/Xq9I0pKmKeJO2C4/TmoZJnyQ08DjvmVev51hOEXuXCdtjlpLNIzIbYS2c5OT5RChvdkIKn8Rn3qRNQv4HRWtWu48/ft0Of+/bH+TfhW1JPalf3slr74kXIqg7WTAkTRBRzxIM/zrglRt8LsdKmmtSSDVTcuyRKsrL98AYeP/fU8r+VasN/sUCVC0fsf8iubuIrecJvkgnC/dLSANH7q4IYfgaZLHcpkQ3tpfJ/cuZlV/wlXr/wJT9aca0476keyi9UdZu02Yk7xEx9cjH9Koz6fayhirmZcfeGD/8AXrKiEssYkVoYHHHlyzR5/AqxBH5UOLqFfMc2rAnGUlVj/wCOnI+tXKqmtURy+ZDLpCEnbIuOuDkVjT6bOrFUPA7Bg2K1hdSEkq4Ld8H+dQS3QY4dG4/u81zzjBrQ6KbZhtDModTjp0x0rJuLMEsxDA9eK255W+eRVlKg42n735VSaUuhaMhhjqD0+tefUpq1jrhN2ONu7aWIsVaRvUZ5FFa12NwcBSDjqAeaK8iph1c76c3Y7u20+Z0QXC3DRD+Egqo/Dk/ma6S3hMcSLHAfLA4CrgfkKow2NtOczxxrD1VMnLfUg8VsrHZxp81rbbB0ygr/ABfryvof6l4eFtyeKQJgSIcngYXJNbEYkGMwyKO+Rx+YrkLzWbK0IgSO0NyRxGqbmzjpgdCc8ZpYLfW9UHNtb6bbn+ORR5vXsvAH0Nc7otK8tEdMa8b2jqzrpdQiskZ5ZFjXsWzz9P8ACiy1b7a+I4ZvKzjzHAVfqMnJ/AVhW3h+K1cP5BuZ8cvIdxJ9uwrVVZVPzgr+FYzcemptCtO+uh1kU0YwTc2x/E/4VuWlxGuMTxEH3P8AhXBxylcAIW9Dit2yeVwoIAHXGcVxVaatqepRru+h3sFwpQZuYEHbg/4VKbhF5F3EfoD/AIVi26SbAqrEcj+8Kna3nYY4A/3hXBaN9T0o4iRpG6UEh7yEe2Dx+lW1uYWZFiubbB+87hjj6KAM/iaxIrGZmyi7/cMK0o9OuAMmFse5HH61nNxRrSqza0NqMaWrJLJdtczjo0qk7f8AdXGBV77XajLm5EmepORn9K5/7HKnVMADOWIwP1qBXMrEiWFk/vFgB+Hr+FZvleyN4VZx0udWt/bE4+1QqvoM/wCFTC6s2OfPUn6Mf6VySBtwBCuPUHirq5OCeG781nKEeiNoV6nc6Rb+3U/61T74NXk1SLqJ1PH908fpXLIrY4Iz9akCSHALAduDWbhHsdEMTPY6xNRQjc8qkA9uM0972J3G26NvB3EYO4/8DPT8AK5lLeUjKuiAddzgZ/OopIrjoJbcc/8APUVmqUbm31mS3OrN/ZxI0dvIIYyckKhyx9z1J+tQjVbYYAlk/BelcqbW7P8Ay1h/GQf40i28wPzSpgHna4/xqlRgR9YmdUdWgJOHkx6Ypq6xbryZHH1HSuRaOfP3kAz03iq8gcMf3keccfOK1jhoMn67UTO4/teFufPbj/ZNRtq8H3jO57H5TzXDeYy5zNCo9d1NdwxObq33Y6b6awsbi+vTtude+tWuDieT/vjpVGbXrbhXuZ1H/XMf41yOy4kP7uaEj3kA/nVKe3lz81zbgn/psDXRHDQW5lPG1Oh1javYs5H2qYnPIMfT9ajfUrJcFryQHrzF/wDXrj1CxEt9otmH+/8AyrMupwrMftVsntu5/Wt4YaLdkc7xcup1lzf2JbjUZSO5EHP865+9l024JE+rXi2v/PNYMbv9478n6cVytzeEBmN1Fn0D9axpb1cFfPi9/nr0aOFsziq417M6yWTRsBFvrrYpwALYAD8N1Zs8ukhWY3c7duYP/r1ykt8pP/H1Ao6/eFUJL3OSLy3XH+2M16EMK7anDLGdLHUfbtO3OplkPoRF/wDXpkt7YgfLeSr2wIsfrmuQa8gZhvvbRSerNIPzNQtPaZB/tbTsD/bP+FaRwhjLGPY7UalpyLtF3cbf+uOc/iWpg1TTlO4yXLj2iAP/AKFXENNYZDLq2nAD/poef0pwl00nc+uab9N5rSOHS1sR9eZ2b6ppz/dN4B/1zH/xVUZdRsMZY3qDPB8sc/8Aj1cybvTl+7rWnEdj5gH9apS3umjJbWLBz/syVsqLvovwMp4xrr+Jt3d7pWGLPfOR2KKP61zt9qum4ORfIvbCqQv0qnNf6aykDVLUt7Mv+NYk8mnOSG1ayQd8yLyfzr0cPS7r8P8AgHl18U3/AMOasfiDS7ZGCf2gGP3m8sEt9earP4sskbeHvvoYh/8AFVismjBTnWdP3+8qn+tY122jgNnWLAHviVP/AIqu+nRg+n4HnVMTUS3/ABNu78UadK5klF66+nlrg/rXDyXvh97+XULr+3b68J+V5Ch8seiYGAKq3k2jhXB1m2yf7rKR+jVzVxc6eAxj1KCQf7wH9a9bDYe3wr8DxMVipv4n+J0kuvaUjER2moN7Oyk0w+KLdFIit7gL744/WuRV7L7z39p+Mo4qOSfTeh1K0GemDmu50VorHn/Wanex0k3iWJvv29wPoB/jVceILFmy9neSe5YDP0rmWuNHU/vtTdu42oaa13oxwUvHfnncAvFaxo26fgYSxcr/ABfidS/iDSSQrwakox0Ei8fpWZqXjHwjpUCy3w1vJOERChdz3wDjgev+IrjfEniLQNJVHjjury6fBSBJFXj1JwcDr25P4kc5oOj2Wq3J1zxTqVojH/V25cHaOwK9h7fnXoYfARcfaTTS/M8zEZrNT5IO8vyOw0HxPquqSS3N9Z29jpDEmJEVmldc8ZYsB074GfQV10OtWAwEtLtl9wtZIHh9sFNctPpwAB9KnU6UpATVrGRcf38V2UsPGctI2XoebXxs4q0pXN6LVIXYH7FcEdzvA/pVr7ZYsMNbXob0Ei//ABNc+L7TkXb/AGhZ8c8SD+lKuoaUQA2p2yA/3eTXs0cMorY8CriZSduY12uLEK6xw38chGA3mqSv04xUNo2nWUJhgt7vaTl23qWc+pOKzzeaG3P9rqPYjg0gvNDUEjWIwfYYr0KCltZ/ceRiJpbNfedJHq1mAQ9rfYHQCVef/Haux6jp7ncbbUWPvMv/AMTXIx3mgMxB1m2Bz1YGtaK+0DAH9u2OPXY5zXvYam7rR/cfNY6q7fEvwOjjvrXaHWC8Rd2B86k/+g1pQ6hZuqo1vqBP/XRR/wCy1y66hoO1f+J7a4B4GwgfrViy1jRGvCgv2a1Cks6xn5m9Bn+dfX5fBvVr8D4jMsRv7y1PRbB7JgGFvfKOnMy//EV2unzWqKqm2uGGc5Moz/6DXl1nr2ihkxfNGB2aM5rp7LxFoqsM6moJ77Gr9AyySjuj82zTmlsz2rS3tABm1ux7eco/9lrv9N+ykqwWfOem8HI/KvD9O8UaAQEfVlUdvkY/0rvdJ8TeGUZX/tuNm6fMjf4V9zlteK6H51mlOo1ue9aU9hhN1tcMP+uy/wDxNekaZLZrsK2jqO+64H8tteFaN4u8GrlbrX1iXGNyQs7H8DjFdxY+M/ASEL/wkt6e+PsvX6/NX3uW42nGyaPzzM8FXlsz6Aims9XsoNMvrQXFkGDeWJdikju20DP0Ne16LrswhtrcWsKxIoRFBQKo9Bha+WNH8ZeAVMefFFxH24t//r16zo/j74dRJt/4SichhyTanI+nNfaYHNKTsuU+Ax+WYjV82p9T6L4iaApi2OexEij/ANlr0TS/EDbjKLVlY9W85cn6/JXyvpPxA+HqKm7xdPj0+xMcfrXf2HxG+HKYEfiq6kPoLNh/WvuMuzGkmkkfD47AYlauenqfUdp4oeJADZoR/wBdVyPx2V1th4punUJFa7FPBDz7gf8Ax0V8x2HxG+H7gBvEF269gLdv8K7vTPib8O12g6tqwx3WD+lfa5fjKTauj47HYLE7qT+8+l7PxNdRbEa3QrjnbKQRXoegeNIbWUSLpmZOm/zwSfzU18xaT8R/htK6rceJNTtoyRg/Yy/H0r0Gy+JPwliZSPFuqOM8/wCgMor0cbDDVY25W/S58fiMvxV7859VeHdX0bStel8VW3hndrtzGqSztdlmKdgFZSqj6CvRbfxJpDYmuPCNu7Hu93IOfcLivk+y+M3wuEQhTxPfAAfLugOB9OK6i1+MHw0aIJb6/cORjdkqOPowFfA4/h6VSXMoSvtvLb7zwMVl9fbmPI/+CpvifSdQ/YM+Mum2/h600+eW98NRiVJ5GZM+IdOzgMcdMiv5WfBkt3qNimmaZNHDeXVjc28RlYhA7W8gUsRk7QcE8Hp3r+jf/gpJ8RPBuv8A7F/xO0fRdQWfUJNS8NBI9ykvjX9PYnrnoCfwr+YzwbqM51HwhaW0k0TS3MUMjRthgrEKyg9iQxGa/hP6RuVvC5xTg4tXpp63/ml3P9PfoTU5Q4Zrxnv7Z/8ApEDyjW1ih1vWItvLYkXP51mwkNC6gg844q54qtpNJ1/7HeS+bNFH5Er4xudSVY4BOOV9TWTBcIFbaPzHWv55vpof2RPcbMm6KVeuVP8AKuv8J+IjZ+Kb65itjM2pWUTK27b5JKrKWxjnmMjHHXPbB4tpGOV2HFdF8O4V1bxl4dgkDJHJZXkakjGTDHN/8SKU17rJhfmR/Ub8A/FcDeEtCvtKkRLi8hjkdiqnBI6DNfo/4a1sf8Iy89/A5ZItpXdguvcj+dfz5/s/+I9RuvCGhxC6kSKOCNF5Py/Lzn8c13/xw+LGq+CPBUlnp2rXEOq3xECAORlD94/59K+LxGPjhYynLZH3GQ8PVMzxVLC0t5tH1N8b/jomj/HvwDo2ueLbTwD4ViEpi1KylJaGN14kbcSNwO2vG/2rvG3w51n4Mvomk/tL6h8ZddGp/aIrW4kVzFHjHBHPc1+TdzqV1eyma6uJbiQ85Zsmni4Ix1Nfl2M4mnUjOPLpLzeh/a/D/hPSwsqFRzadK2yVn163fXudZYeJ/EGmW62ena1qNlbL0SKdlAP0BxX2h+y/4d8Ra5eXPjbXdZ1y5sVQwQI13Jsc55yM4Pevinwbod34u8S6ZoNpGWmmkCk+g7mv2G8H6JaeEvD2maFZRJHDBEFO1QAzY5P1NPhjDVKk/aSb5Y/meJ45cS0sHg1gqMV7Wpvorpd/mdrJKSiggcHIpkV1PbsZLeWSB8EbkYg4qobkNwVoL5BXHXivv5N3P5DdeU3epqVr/wASN4bsJdZuL+S1trKJ5A+7Gwc5A+uf1r8g/iP481Lxx8QNR8aQXtxauLjNptb/AFIU4BH1I3fUmvpv9q34oGNV+HmiXYyf3l9Ip6ei/wA/yr4VgBjRVLA4r4LiTNnOaowekfzP7B8E+ClhcK8yrx9+orJf3f8AgnU6p4j17XBANa1W61MRZ8vzTnZnGcfkKydxf5TnB44qmJQvuPSvbfgb8Pn+IHjCzS6glOh2rCa6cdDjov4n+tfKU6dSvXUVq2fsma5nQy3CTxNS0YQV/wCvU+rf2X/hn/wjmhv4x1W2A1W9ybYOOY4cYyfc8n6EV9dbz6Cs6FILeKKCFFiiRQiKowFUDAAqT7TEgAJA9eK/XcDhFQpKnHof59cVcQ1c1x08ZX3k9F2XRFzIbknB+lcL8RfGll4C8Lalrt1IjOqFIkJwWc8DH4kGuxa5t47eS5mkEUKAszHsBX5fftCfFd/HfieTTNOlx4esWMUYB/1rj7zH8ciuTOcw+r0XL7T2Pe8NOEJ5xmKpW/dw1k/0+Z414i1y+8SatqGs6ndSXV5NIXZm9M8D8BgVghgect6UgkBOBj86du/3fzr8qnq7s/vfDUo0oKnTVktEiKMvJIsUab3LAAAdTX6afs4fClfBugR+JdWgP/CQXq7gHHNvH0A+p6/jXy/+zl8Lh4w8Rtreq2zPoloQwbs8nUD37V+miNFEixINqqAqjHQCvteGMrf+8VF6H81+OfH3/Mowr85tfl/mW9xc4PA6mvMfjLreo+Gvhl4z1fR5vs+qRWExt5D/AMs32nB/CvR0mXJ+leA/tOeL38JfCDxRqURgSXyGRWkjWQKSODsYFW+hGDX293zJs/l1XlJQjuz8Z/ihLqvhzS9N+HNxrMsutXtjFrXizUPtTyXF7O8rlIULELjYidBjnvXhHh6wspPiKmq/8JHcXN3bWfmWtjNAibMdQ3lgDHTkDnJrU8Z/E6X4m+MfES6jq99qPiHSrJUM81jbLFsRuE2hM4+Y9xSa4kXhnUh4itbXTJfEN/p9qIIo0wbWLylDbVzjlgxwa6Mfi5Sj7JPWS0/A/VuEcmjQisVUgvca5tfXs9dUef6p47nvLpoZdG0LwxdWt093PcTEtHJDuKsxjJyzswXHtXrXgjx54R1/xU1hr3hm41Hwu0NvLeT2zxJOqeZneFCH5QUzjr055rw67s9Q8UKNSg8Pab4jkguI2vyv+vjuAT0HA2MoQBPm5Rjjmv0b+APw8fw3qsPxT8VfDT+w/Cv9jzx2tvfxQW0uo3DyR7YQvykD5ScnnjoSa0WDptRThqvP0PMzLiOvRhUlCrbm2036draH2h+yxo+h2+pfEHxdY+FZ/C7TQxG0BQrHPAFARgcDkjBIr52/bJ8URW9zPcXqySxG0mhVYgOHkQxqSCegZ1J749elfY3wt+IMnijwdPfifTbm1lZofs9tGypp+0/6pScZwNoJxX58ftgz2s9v4umlkYtZ20TRqD0JuIl/kTXo5dCSre+rH5LjardO7d7n58xhRbaOpP7wRTTn6O+B/wCi6vwABiTnAFZu8LNFGVJlgtYIHwc4O3f/AO1KlWR+Sx2r9OtfUNXPnYyuTfaY0lmdwCQGIwPavbvhFHLBZS6gJYEtPIkWWMuRI7u6lSBjG0CN8knuvXJx88XEiiKZRGxZjgEdBXvPgxbWx0Wxure7eS+fdb3UG4YgVUR0cDHVjLIM5Odo4GDnswMF7RGOJjak7H9F3/BCm8vo7j9rGTTkX95F4YllBgSXGG1VAcMDgfuz+Vfufq+ta0wZh/ZZxn/mHwEn/wAdr+dn/giZ8a9G+E2o/tLPq/h5vEBvtO8MiPE/lfZ2S61tyDwc7lnjP4Cv2/1X9sP4ezM8s3w0hY5IP/EwdM/kOa/u/wAH+G8fWyajXpYXng72l7v8z7s/yC+kklHjPF+/b4NNf5I+R191qWsyeYzy2MYHTNhD/wDE1wGt3WsOv/HzY7D3WygUj8lzXKah+2F8OIy2PhnprfXVpuPyrzLW/wBr3wZLkwfDywhHQEajIR+or92y/JcbTlzTw3L84f8AyR+PYfmltL8ztdQ/tEBmF7GjdswJx+BFea6tqvimBpDbXFnKR0/0KEk/X5a4vUP2s/DasSPBeip2+a6kYY/KuG1P9qnw7OxL+ENEKg9FnlGf/Hf5V9fQm0rVKf5Hs0aNTfmO1vvEHiSbMd7PZwjpn7DD8v1BXmvNNfvvFUaSFb2zSBjw8drCAfwC8VkXX7VnghImhl+GeiyuSSG+33Ax+GK80179qXwxKhEPgPRoV7BbmVsfmtYVsTG1rW+4+jwVGppdmB4m13xJbpJjVJGBHzbY1GfrxXzr4i1nXpWmc307YHOVBA/Suw1/9obw/ceay+E7JN2c7ZScfTK14Xr3xi0S5WVBpEcEechASf1496+axmPUXoz67B4ZtanM61q+ourie4RsdMwof6V5Xqd7dO7FrsRj12Dr+Aq9rvxH0ybcYrIr1wK8x1Dx3BIzbbOHB6df8K8DF5gpK7Z9RgMNKLHX15dOSyTDcPRQM/hXI3l9qQZj9pf+WaivPG0Xz5sYMdcZNcpdeNUZXJsIPU5ya+SxeOin8R9hgqEnoWbu9vmyDNIwznH/ANauZu7i63EefIwP6Utx4567LGyBzn/VDI/SsO48aZBJsrLdn/nkOa+cxmPptayPqsJTknZIiuZLlQf30yg+jVz8894AyC8n49WqS88cSxjKWVmpyQf3dc1e+OZnI3Wdnj3jr52vj4fzH02Fp1F0LE01+hP+l3A79TzUMeo6mgwL6c49WyTXMXPjuaNsfZbID2i/+vWNL49uAxIS2CnsI/8A69ebPNYJ+7I+kw+HnJWaPTE1TUSBi8lI68mntqWpldpvbg9hhzXlR+IsiAnZbHj/AJ5nj9aQ/FSWNADb2jgf7B/xrSOe0rXcjqjgKl9j0SbUNSDBTeXZ/wCBnisye/vSxLXl5/32cGvP5/i0c5+x2Y7cKw/rWRcfFiV8hbS2PfADf/FVEs9o/wA56NLL6v8AKejnU7ollN1cE+hc0jaheKPlvLoDoP3nSvHbn4lSyHLQwrnrhT/jUS/ERwf+PaNv+Atz+tZU8/p3+I71l87Xse1x6peBsfbLoj13n/Gra6zqY4TUL0fSRq8Vj+ItyozHaxAegU5/nU6fEe+YFfLMY9gRXZDPaa+0H9nTfQ9I13TrnXfKubia4e8jAVZwCzKM52n26nGeD+NZtl4n1fTbhdJ1y5uoJRwkxdgGXsfccdfzrkoviDqCyB9khPQHOD+FSXvittXtWgvrNpoTyPmO5T2IJ6GsJZnT5vaU5Wf5m8cLK3LJaHrP2m9z811ct9HJGKnS5mU5M06n13HivHtE8X6rocbW8Ui3Fo3QSLkr9Of0roz8Qr5sE29o57Hyf/r130c3hJXk7MweCknZHo6311kYurhvq5FacN9OpGZ7nPpvNeT/APCe3JHzWlkT/wBcv/r1Knja4P8Ay52w+iH/ABrphm8E9JGU8FPsevreTlldZrkfRjWjFqNyu3Fxcg/7x5/GvHYvHGpLgJHGin0T/wCvWjH471g4IjQA/wCz/wDXrupZvDTVnPLAtbo9oh1O7wCbm6GOfvGt221O4ZebqYepEh5/DNeFxeP9WAAMUZGP7n/161Lb4gawrKRBF+MQNenQzqCfxM5KmXyfQ97hv5jgfaZX99xNaS6gAPmkk49Sa8Sg+I2sfL+5thn0gWtJfiDqpPMcQbHURCvWpZ3BLdnnSy2V9j2dbyRVVjNKB6Emr8d+uAdzk14TF401cODEzRQn7yKMKfoO34Vrx+Mb8jIZwfUgGuinnUH1MJZdI9nS7J6M+M9mNWY7gPgFnz75rxmPxfqBIwRj/dFaUPjXVFx8xb6IK7KebwfU554CW56ztYruUEn+VSRNIHOdxJ9sYry9PG2qcjZk+pQf4Vq2/jjWiipvZV7AKOK7KeaU+jZzTwc0eloWP8PAq2PMIyGYn0BP8q86XxfqrAMJmDY9KmXxnrK/8t5D/wABFdkMzpdWcssHNnoal1bBGD71ZDE4ILAivO08Za0f+Wrf98j/AAqdfGmtr0ndT0+6P8K6I5nSXVkfUpnoKSODggjFTlpCBsZz7V5qfF+st1nkz7qKcfFurYx58n1AAzWizSCMvqMrnpQnmXq+R1Oc09ZFbqzr+deYHxXrHB824/ED/CpB4019MqtxckHkcA/0pLNad9bjjgp7HpDu3IBb8zVKVnA6MV9s158/jPX2zmWcn6D/AAqpJ4u1wg/PNn3Uf4VFTM6XdmsMHPsd5PI6Eq6nHbIrMluQTgoxGfWuCm8V64SzMjt7BcfyFZNz4m1kqQIXU/7o/wAK8ytmsFtc7aWCk0d1cXsisfkmZT36mqEl4zfdZxjrzXl9z4m1ssdqTsfYD/CsKfxN4hVvlW5Q+mP/AK1eXWzqK7noUstbPW5biUnCo7k9MAnNVXN2efstweemw/4V43deJ/EpG7N0M+g/+tWa3ifxQxKj7Ua86edwW6Z2U8sl5Ht7CVhg2s+f+uZqvLZXj8i0mx6YNeJP4h8WsD5cV2cdcGqza942I+WLUiOnGa55Z3T3aZ0QyyXdHs7Wc5Jzazg9PumoH0++AyLa4B7HaeK8XGv+NjkGLU8/Q1M2ueMFGJYdSAI5zu4rD+2Kb1szRZfUXVHrotbsEbopSKt/2fJIAvkuT9K8Uj13xE38N59ctVka14jXlfto+halHNoPoxSwMu561JpN0BuWBs+mOlVTp16g4hI7nmvMV8QeKhwr6ig/3mqQ+IfFbY/e6k30ken/AGpS7MX1afdHpBgu4sh4QMDPUUAbj88SqffjNeZnXPFJGHbUiPd3/wAaiGqeJWyWivmOePmfr+dQ8zgtkxrCytuermKUnCAN7VOthcvt/clM984ryuPWfFChgv21T/vv/jT21jxSytk33/fTf4045pT6pkrCyueptp12AgW4kgIzkLKVA/75Of0pFtWEDSzXN4ZB90C9fLc9wW4ryptQ8TMAdl5J9dxqtLqniGMEt50XGTnIolmlPflZccLPqz1k2XnKPL1G7J/utPIf13VSl0mSNSXN0V7lZ5MfXhjXkp8Q66p3LelPqen51v6b4+1e1ZVv7a3vrUcM0fyyAE9fQ8Z44zxzWlPNcPLSSsaPD1F1N2/0wOytHPeKDwcXk4OPbDEZ/A0Vc0/xLoWvuBb3Ztb89YZv3ch69ByG4BPBOOM4orT6vTqe9Bpo0hOUVZo1J/GNnHuWxV7qQEgkdBz3Y8evTNZFzrmr3rbvNe2iByFjO09+rdeh+nHSuLtrpUcIV8sDuBk/5+ldpZeRPHvitHl4+Z5GwE/Ef1Ff42yw8KeqR/ppCtOo7ORXt7+5tfmtgIWI5Knk/iK0I9W1WTmOWdj/ALLMf61Rkms4jzJ9rl6BY/lQfj3/AFqU2V3Kolung0uA/dBHzt9F6mpkov4kaU4yWiZo/bdexkNeH8WqVL/XmIG67/NqzcRwgQ2Vu9zMf4pOWHuF7D61TnjSJyb+9bzv+eMOCw+uOBUKlHsW6kl1OpS518k5S6A991a9rca7jHlXX5NXEQLqN+rCztIrOzXrNIRgfVz/AEqQXGn6eCBLLrF12xlYwfbu34VhOgnokrnRTrPfWx6bDe66qlfLux9N1W0u9ebrHeevO4V5hJPfTKsuoT2+l238MYTDEeyjn86bFqjFja6VZyXEveSQbiPw6D6msFhL9jqjjUt7nq63mu9ALo/ixxVpbrxAB926UfVq8oFxDaM0upXnn3A5MUJ6f7x6CtCG61DUF3QRQ6fp46yNwMf7x6/hWM8JbtY2hi+mp6cJtbfBaK5k/wB7J/Q8VZE+un5milJ+mMV5rFqtlZAJbK+qXLHAkkBCE/7Kjlv881dkkuMLca3ejToDysQGHf2VBXO8IdccSvP7z0ZH1twCYpfrmrcZ1p+V3j6tXmVvrzzOLTQtPOehkcBn+pPRa0lvLOxzLqN02o3QPMUbZVP95v6VnPDyWjSOiGIjum/vPQP+J1jlzx/tVfgXWCBuZh3+/wD/AF689S/vb6Myt5Gm6aBne3yLj19WqWPX7C1URadG9/cNwJHzgn/ZXvWM8PK1la5vHExTv09T0tYdTI/1mPT5uv60NbakORLj/toOP1rh/tLqFn1q9W3U8rCv32+gHSp49Wu9RJtNHtfKToW6nHqzdqw9hLpY6o4iPW9zqng1XDBLjGf+moH9aoPb6weBcLj/AK6j/GssT6dppLXNwNVvwc7FbEcZ9z3+lWNuq6tH9rvJY9O04dGYbFA/2V6mqUWtdLeg9H3uOe11kgkXcQ7nM6/41Ue11rgi7iI/67r/AI02XU7a1H2bSLZrm4bgTSLlmP8AsrVSSz+zkT65dy+c3zLbo26Rv8K2hKXX8tTKVul/v0LBtdYUf8fduBjn9+v+NQtbauVK/bYM+86D+tUzd6nqrNZaZbrb268EIeF/33/oKgebS9H3lJF1e/XhnLYhjP17/wCelawjLbS/Yz9299bd7j5LPWuf9OgH/bwn+NUJbPWRwNTtWPp9pTn9aglXUNTRr/Urr7DYAZ3SDaMeiLWVLrCxkWOiWzqzceYV3Sye4HYe9dMFJ7Wv6HNOUVve3r+hZntda6HU4FPvcoP61i3UOuhcjWIMegu0/wDiqknt7ewCza1cNNdEbltkfc7Z/vHtWFLJq3iKU2thAsNqv3gnEcQ9WfvXdST30t3scVRLZJ37XIp4dePB1q1Pbm7TJ/8AHqxLm015SQ2r26DOf+PlP/iq0bm50nQEkFi0Orajn57hh+5jPoo/irmZrK7vkfVNZuWtLM8l5eGf2Re3X0r06M5b6W9Dz66W2t/UZLZaw5J/t20x7Xan9N1Z0thqbyEHxNp8X+9dKCP1qte6vMxTTdCtpLeI8Aj/AFkg9T6CqR0+00kibUz9v1I/Mtshzj3Y9v8APWvRipJWdk/Q82c4va9vUtyaVqxJ2+KtL9v9OT+pph0TV2BY+LdC9cf2jGT+W7NYTrqmuzvho4bZM7ipxFCPT3NV5tU07SYnt9GCTyZw93IMjd6IP8/jW8adTZO79DCdSG7vb1NKey1aElW8QWbn1+1qB+eaaIdW5C63av8A7t0Dj9azLfSXeEax4juZbCwJ3L5mTLcH0VapX+uzXzDTdKtjaWoGFhj+8w9XPaumEJSdlrbfQ4600tZXXZXNsxamcg6/aA+90P8AGont9WC7n1q3C9c+f1rFWWw0Ujzil7qxGRGPux+5Pas1pL3XZjPNPstV+/IeI1Hoo/rXXDDvfp6HPLErRa39To5LbUZRhNetD2wJ881h3dtfqzI+v2sZz0M2Kp3niK3soTZ6Kuxc7WuSCS5/2azFjt7WMalrjtEpPyQ5JeQ+/f8ACumlSmld/kc1arG9l+ZauLLUNjMNbidcckSkj86wpLe7diqa9Az56LMST+FRXWq3+v3K2FpCwT+GFD90ermpJ5rDw0jwRlL/AFxh82Puw/WvQpxklZ/F2POqTi9V8PczbqzvocGXWliU9CXYfzFZr2l2+SuuxSnHG1nOf0qARTazK11dTs0H8cp4H0T2qZbywOLSzuggHAAH3q71FrRb9dDzW03fZFF7W63ANfSSD2z/AFxVKSK6jJL3E2Mc89P1rs7a91DT4Ps9n9ngYg7pEGHI92GCR7Eke1cve3EMQdppRKxPIAwCfb1q6NRuVrGdWlFJO5ReKREWR7ybaRkc4rOed2cCN5XYngZJz+FV7i9mu5RHGCSeAo6CtWwsChUnkseT3P0r0ElBXluec056QEt7SRnMrsu/qWJ6H0961Y7WYsALl3Ptn9M9aW5jMYdg6RwIMZHAFVbbxDNAfs9tJESxx8qklvyxn8c0oYltXSInhUtGzWitpI3CSTSB84xnNaf2ZIlHm6ituDyNwYfpis6WaLSIVvL4tLqDjMcRIz+IHQVk2ov9cvDufIHMj9FjHpXfhsXdX2R52JwNtN2dbDZLcA+RqazAdSof/wCJpPslur7X1iKNh1B3/wCFVJdSgto303TJES3Qfvps9/rSafa2wU6tfMYbBOUDDmX3NdcMT1bPNrYSzSivU2X02NIUkk1RREeQxSTB/wDHabDYWU7qsetQyOewSTr/AN81y15rFzrNzHHCjiMnbBEvJb3IrppJIfCtmi/Jc63KOnUR130q/KkurPMq4RTb0skTz2FjZti51iGFumCkmfy21PBZWMyGWHVxLGO4jkx+e2uDtoLrW79mld3QHdK5rS1PWUhjOnWLCK0j4dh3PoK96hjGmop6nzmKwMWnJrTodfFBprkL/baGQnGNkh/9lrU/s+GAKbjVfKTqCUf/AAritEaOxt31fUSFTGY0Pf3+tU7jW7vWL2JFGZHbEcfXaPU19BhMwV/i0R8ricsbXw6v1PWLCzt7k7bbWDOc87Y34/StZRp8Egin15YXGARsc4/SuHl1qPw9ZxaZYssmpSjlgDn6/Trim+G7eTWL4lmD2kLZmlPRm64Br18NnVlzOWh4GJ4fcpcqjqe1Wen27QC7/teQ2g53mJgD+ddBpjaLPKkcGuzyynoFhY14nr3jFL2UWViyR6XB8pIJ/eN/hXf+E54/DukzeI9YQrM6/uY8YPTgD3NexQ4hcI8zep4mI4WjObjGOi3PX0TS7BkW912a2JHGYWzXb6Na6XqKeZZ61fXCLwzCAgfnmvlyK61rXNXgtWcjUbk7io6Qp7/hXq3iLxM/hrTbTwro1yq3zp++kGAUXuT7mvWpcWSi0k9TxK3BMZJtxVke86fd+EVmEM3iu4S4BA2rblsnpjrivTEs9C022ivLvXNTtbZsbS1uBu/DdXx98M4bnU9Tk1a4nzplvkhnVcSMO4PoKs+LPiTqmu6jKba8k/sy3byYBsHzt69O9ezQ43any3eh4eJ8PounzOKu9j7q8Mjwzrk5tdJ8R6ve3QGTGLXBA9Tl6677T4P0m6ez1XxVq9tcI2Cq2ysQfwkr5S8L+I9S+Gngi68QajdhNYukxEuxdxYjhRkdhkmuA8O6p4t8W+I7DS472VtQu2864cxr+7jzyfu17+E8S1G7k3Zeh4eM8KHJJKK5n6n6baRZeH7mxOqW+t+IW09Rlp2tVVBjr1lro9G1H4eX1xBZ2/ivXri7dgiKtipDMeOP3nNfCfxW+JuveH0sPh1ousPDHFEr3hEaZjXsD8vU9T9avfAXXPFV3PqHjS81fyNGsAwheSCIgsBy33ewr2ML4vQhHmlzfgeNW8FJyqckVHz3P0ou9N8G+HTbnXtf8RWBlG5P9EjZmHsBNXongzw34I8Y+Y2ga/4r1Dy1LSE2MaBB9TMOeOnWvx78T/HPx34l1HVfE7a6/wBjMn2TTIfs8XzYOMgbOf8A69fV9t8X/H3wW+DFvbwa3nxjq3yRj7LFv82T/gHRVP5179DxuoRS5ua/y/zPGn4B1ZyduXlXr/kfcDS/BuwupbS78W+LxdRsY3EenRuoIPQnzx3r0weEfAWn6ND4gv8AXfGNpo8gBWV7GFScjI4+0d6/FzwZ47+JWveOfD/hOPX5JgG+16jIbSA4A5xkJ+hr1b4/ftKfEe88R6Z4G0rxUYtI0yIT3uy0t9ocjhSdnYcYPrXsU/HvBRaTU/w/zPLl9HLEzV1yfj/kfVH7Y0/gG7/Zb+LM/gG98c+JPEtlb2WoLbjSl2rDDfW8k0rlJXYJHGkkjNtIUIWJABI/EFNTm0q9klsJQl1aX5khbGcMkhKnBGD0FffXhT4ifETWvgN+0D4s8Q+IsaPeeF9X0+ONrSBQ0BtJFfBCZwd23IIxmvzc1O7jS61s2z+fH9ukKgj7wL5H86/l7x04vw+eZlSxVHm0hyu9ujb6ep/UXgfwPX4fy2phK1venzK1+qS6+h0Xxg0y38P+PNXhW5e8ie6eRmfGVklxMRxxgGQgewFecKpE0qruI616v8ahHqeq6Hr8Jge81DTre6vmRsq9wQYyQB8qjEIXCgD5emSa8hSQmZWJGSvbvX4FbRH7rJdS5WPpEs7eNPBypJmKPWo4FjU4O4vG+T7EuPyqWe8WO4jhLDrmqk17/YF9H4jtY7eTUbHUbW8RJASjFckbgCCQSgBwRQk7OwO2h+0v7O2oJYeFUnv2SK3h3eYSeFAJ5PtivnX4pfEC68ceL7u8Ekv9kxylbeNjwoGRkVWHjtvDfhTVPClrcJFfTzNHJ83zJHnn8+n0z615hEzsUkBJXrmvxTi/GOc/Yr5n9j+AfDKp0XmVRavSN+i6s6AOO/FSC5j7FgfpWck0YGCwFelfB/wLJ8QfG+n6PgiyVvOuG7CMHJGfU9Pxr4SnhpTmoRWrP6bx+Z0sJh54ms7Rgrn2l+yz8OxpWmSeNtUhZLq6GyBXXlY/X8a+yXuVONob3rC061tdMs7XTbWNYbaFAkajoAK0K/VcBgo0KShE/wA+eLuI6mbY6eNqPd6LsuhcW6wRkHbnmuL+Injyx8CeFNU8Q3DK0saEQoePMc8AD88105KjkkY9zivzP/aa+Jsvi7xGfDekztJodixVip+WWQcE/wA6582x6w9Fy+09j1/Dfg6Wc5lCk1+7jrJ+Xb5ngut61e6/q1/rF7NJNcTyGRmY88npVJFLKDkVRTzNq8Y4/KrkMixptdgGzmvyqV27vdn990qEadNU4KyWiLdvY3d9cQWdlG9xdSOEjjUZLsTgAfpX6z/CDwHZfDrwjaaasYfU5VEtzJgZZsdM+2TXyt+zB8N4tTv5fHOrWzPbW5K2SsODJ/f/AA7e4r7xr7rhjK+SPt5rV7eh/KHjfxr9YrLKqEvdh8Vur7fIsef2Kk++aaso/iDMPr1qGua8XeKNN8H6Df65qcyRwwoWVe8jdgK+urSUVzPY/nzDYWdarGlSV5SdkeHftK/FY+FvDcfhXR5fL1W+yszKfmgj6/rwPxr84Gl8wkhmLE5JPetzxt4z1Txx4h1DX9Tdt8zkoh/5ZpngflXKK5GcsRX5Zm+Pliarmtlsf3x4d8F08my+NK37x6yfn/wNi75mz5mY4FdX4N8Oal4316x0DSUZp5pFVnK/LEpONzewriWYv8i7nYkAAAkk/Sv0l/Zw+FjeD9CPiHVoQNYvfnQEfNFEQMA/rU5PlssTWUHstyvETi+nk2Xyrtr2ktIrz/4B7/4H8N6X4J8O6foOnxBFiUeY6rgyP3Y11Zul7KapUgz3xX6jSgoxUY7I/gXF4qderKtVd5Sd2y/HdIpZmUjNfnX+194/sPHdtN8MrO9mh05XDXE8IBYSL/CAeMV9L/HH4nWvw88LSiGVW1u6Pk28an5lyCS59hj9a/LKe5udQvZ7y5dp7mV2kdj/ABMTk/zr5niHOZUkqVJ+91P3zwa8NaeNcsyxsf3a0iu77/I8zb4U6dcC9afxLqqS3IKztHaW6tKM/wATBATTE+F2kjVH1STU7+5uAFSLzFBMSgY2/TAr0/ypP7v617X8DPhfP4/8TGe9idNBsmWS4YjhznhAe54r5/D5tja81ThLV6H7tmvDuS5Zhp4uvD3Y66vr0E+E37FukeLDpXizUZL7wloQnjvUtrOTDX0iMQrPkEqACcEH6ivtTxT8JfCsGsQeM719SvZLWAZt7q4M9uGUACURuCBJ05BHQe9e5WNvbWFnb2drGsNvEoRFUcADtWTr0dreW81jcN+7kjKnjsa/TMBKpTjGMndrqfw9xJmNPG4qeIjFRTeiWyPn7wjpHhzwh4V+zeH57u506WSS4DSsGfexwckADtX5I/tdXN1ealqckswLDVII0UnkEpLk/TAI/EV+pdxZyeDbDXLe8lMWhxsZop5DhVHJI5r8X/i94zXxv4/jkhk8zSW1STZxw4QjDevRm/Ovo8vxF6yV9WfNYnLKs8NKsl7kVq/mkjhNPCBbpxKJz5zIXxjeF+QH8lFX2J2OR1A9elYqyQWmnQyQkCOSR5Bj0Jz/AFq8J99sX/iYdK+hasfLWSQxnVYIodpeWVto9Bnua9dsrnRbO3tX0pybl7Nhf4Zz/pCTyID83A/dpF93j8d1eRxQyXM1pEsiqcqo7YJ//VXd+I9ZD6rPIxaPZpVjCVZGVkkS1jV0YMAQyurKRjqK6MK7TMMQ+anZH9Bv/BGTwp4F1Dw78ZNa1W0l1PxXrGr2GnRxXVwRbRWtnp0MimJEUP5rSahc7yWIISLaFIYt+j/xU8deAvh7rs3hzU/hRo07ou9ZxdzjzFz1ALdK/m1/ZXn1Sy8Cat8Q9BE9rqmg68jiIow+1WgtLZfMXgZXekqkgkZVh1Br9GP2kdD0n4o/Czw/8a/CUUN9LbRRy3UagHdCfvgj1U9a/ubw18TqeX5VQwypvljHbnaV27t2Xc/z/wDEzwUnmWeYnMZ1tZP+W+iSVt+lj9Jhb+Atd8C3HjnQvA/h3UhHG0j2fm3KuAo5HEnXGT9BXz1pnxS+FWua1p+iX3w70HQY55RCLkz3MioTxlh5gI/Cvzn/AGffHtt4U8aQeHr2VD4S1yPNuZMFIp+yjsM8iuN+OHw+bwL8QLixtAY9E1TN1p0o48l+pTPbB96++XjOm7ezf/gbPj6fgYopTjUv393/AIJ+rHxivfC/wmubK3uPhf4Q1/T7pd0Fysl2gb2I83AP41yngHUPAfxK/tFLLwR4J07VLZN/2OU3eXX/AGSJea+Vvh/eWfx8+EOs/D7X5kXxrpa+XBLJ99ZFHyMCecHGDzXyD4Q13xB4D8SJ4mS2KapotwbbU7Qj5pogcNxn2rkn4sc1/wB3r6/8A9Wl4Ox0alo/7v8AwT7u8RfFDwZpOs3ujap8IPC1jJBMYpSJbouAD1CmbFanje38MaN4QtvGui+BPB/iLRZY1kZkFyrRg+oEx4B4J7EV4J+0x8NtM8QeEdA/aB8DxRajoFxFGupxxjOxG+7L7YOVPuK8e+B3jG1sdTuPhd4rkjufDmrK39nyS4K7mHKH6/zrhl4mc6vyfid9Dwq5JODl6aHuHhrXvA/jPWIdEu/Bfhjw/dzqTAcXEiSt2UEzV5H8S7m08I67caDefDnwxv2mSOVTc4mTsVHm/pXiXj7wJqHgDxlf+C5mmtLhZDeaFddC2DkJn1HSuwv5R8c/AMiMkVt8RNGJEiN95nHXr/C3864Z8fJ68v4nZQ8OJL3ebX0I5rPSNc0GfV9G8PaDNPHkS2xWYOjAdP8AW18/T+IdKmu1juvDuiWURbYXUSnafcF+K5+z1W/8L3w8R2schsDIbbVbQg5hYHBO3sRXP/FLwzawNH4v0YJNoN9gzhB8sbH+PHYH+dcc+M09o/id9PgZreX4HUeJ7i30ZUlXQtFuLST7kgEgA9j89c/p13pGt+fbw6fpdrqAX5Y3V8N9DurzHR9UhuYp/CWusJIXX/RZT/EOwz6jtXnGp299oOqtbGQxXkJ3W8o6SrXmYrim/vKOh6dDhRxe56xqHiFbG6uLS50HS4XjOHUq5YD1GWqvqGrQx2P9oWGnaNexEZYGJsr/AOPVxWqSW/jXSRqtlGsPiC2XbPHxmUDsfevNrHVjpUxuMGTS5DsmU8+Ue+RXg4rPne1tGe5h+HeqZ6hH4otbuQRXGkaJCx+6TE+D/wCPCuS8QeJobKcW0ui+HUB6MqOCf/H64rxNp6WBS+tSH02blXH/ACyY/wBKyob6PWYm0fVW2XIGYpPX0Irw6+bzfutan0GGye1ux0E2p2d3ayz2VtpUs65DRFTkf+PV5+/iW1aZUuLKwhj3bWKqSV+uTVZorzTryWPiDUoeQv8ADcpVXVLOLVYW1nTFC3CjFxD3z349a8TEYub1W59HhMuhHct69fPp8cVzBaabcWT/AHZQp49jzWNZ6xDemSIRWUFyOQrJwf1qtpOtQWQazvgbnRZjtcEcwms/xHoMuivHcQSmTS5PntrpDnZ/smvPq4mVuaO3U9ihho7S3K9zr0kN1Lb3WnWabTk4TnHqKmub0fZftmnwWFzH/EDGCRWV5sesKttdsINTjGY5Mfe9x6j2rEiu7rTLyTEZjnH+thz8sg9VrH60976M9L6slojftdegnlWK4htLdmOFYICpPpTrnVbqxnEc1pYvCx+V1QDd+Nc/eWcF7G2p6Zuki6ywY5X1wPX2p1lq0Dwiw1IGezY4SU9UPoT2+tdNLFSTtL5Mbwytoj0bTr2C9tnawS2a7XrHIi5+nSqUeshp2juoIYQpwxSNQV+oxXFypdaTPC8czxj/AJZTjoR/daumWe219TGQlhr8Q+6TxKPb1FevTxrenUx+rJarY6uP7N8h2+ZEx5kAJwPUVuyRWEW82F5HcRIAR5h2sx9ADmvKLPU7nTZ5LeWMqoOJYT291rppbid4EvdOuVnturKcEp+FdlHHJrbU55YV7o6gvHcIA0aiT1DcGqa3LWknzQhl7gtwaoabrMchRbjy4nPCyL0J9D6VsTqtwjKoBmxkr3HuDXWq3Orw3MXQadmW7XUoZlKiNOTgNuGVPvx+tadrcQK8a3FuYoyfmYNk/UetecSxXFpIJYiwrodK1dZMRufKbuOv5Dv9K1o47VRluE6CtdHoAvrWFXlgWGVFOArsAzfQEGtiK+a6hWWwt7dpscxMiZP0+WuatlguFACI7nnH9R6VJLaXloBc2srPbA5JA5jPuK9ilXlutjinTR0+n68BKYb2ySEZwXCLlT7jbW/cXl/bhJ4Le0ubNsESKq4/H5a5y0ns9XVYr8rZ6iOI7hfuyezVpW0t9oc5t541Mb8mM8pKPVT616lCcmr30OOpBHS2upyXK+WiQ2l2Puq6IVf6HbSr4gvbOcQ39jBjviNAceo+XBqtDb297E0ml/PgZktXOGU/7JqeO+t50a11OOWaAH75H7yA+/c/WvRjOSs7nK4rqjbuL6+lt/tmk+VeQD78flpvj/DbVWx8SmUGKdBaS9A+1Suff5eKy5LW80eRL6xnaa2PKTR8jHow7itWJNM8QlU/d6XrLdM/6q4OOmex9q2jUm3o9e3+RlKnH5Es2vatp0wa6tIZrc8B1CgN+O2t2DxFLeRsdPZDOBlonVAR+lcukd/pUr2N3bsyfxW8vQj1Qn+VNfSklBu9JaXcmC0JOJIz7VvCvUjomRKjBq9jsbLxf5chg1G1aB/7y4BT6jHT3rSn1zVLdRcwGK8syMh1A4HvgVwUV9BdKIdXQkrwLhBhoz/tD/IqyialouLm1nSWzfkOozG/+8Ox9xXVTxs7Wb0MXhI32PRbbxQL+NYopzY3pHyiRgUk9gcVD/wlV/p1x9n1O1c56FWAyPUHoa4wfY9SJ8sJpuoHkxPzFN9P/rc1owXV1Gh07ULVtQh6m3kOZF942/iH611RxtTv8zleEguh2T69qNxGbnSLlr6IfeTPzp9Rim2njPz1eC6mnsJs4EgbKA+hBHFca2mSpnUPD91PcIhyyA7Z4PYjuPapI9QstRBXWIxa3Q+UXca8fSRe1aLG1U9XZ/gH1SD6HWXPijWtMkSW6Vrq07SK/wApH1HSrH/CT3eoIDpeoTLPjJt5W5/A1yi/btGXCtBLYP0JO+3lH80P6VBJYWV+ymwY6bqGci3lbCufWNx0/D8hVvGVO/yIWFhu0ddbeN54Xaz1Vb60k/56RyEFfcr3HuKfNr2uwr9rtLx9Wseu+OQnH1A5FcW99MhOn69ZST4HykjE0fup/iHuKdDa3loTqHh6+e6h/iCD94ns6fxfkDS+uzfX/NGn1SHY7iLxbJqcaxw6ndaXe/wrLKWjlPs3aq7eKtZ0mXyNZhuzE3RklZSfdTnB+lckbzSNXBN8i6Vetx9oiGYpD/tr2Pufzq8tzquiQra30NtqOktgKsp3wuP9l+qH2NUsXN63/rzRKwkUrWN+XV9Wu1a60TV59QQctC0h81PqO9VY/Fn22JrW9vdR0W7HymZJGZM/7anlf5VmnR7HUnWfw1eSafqo+YWVxJsc/wDXKXo30P4kVRuL5mmay8VadN9qTj7RCvl3MY9SvRx9OKmWImtb/wCX/ALjh47WLF5qHiTSCLi6nk1LTW6TxXDFGH+8Pu/iKpy3t3qaj+yddvobsjP2WeYgt/uNnBqSKw1XTYn1LQL1dT0sn53t13Ae0sHY+45qg8Wiaom5xBolyzffX5rSRv5xn8vxrkk3s/69GdVOESqdcv7dzZ6xJrFpOP445nDD32k4I9xVCaTxDCPt+n6lJr+ng8lJGZl9mUHIP54rduYdU09I7PWrWPUtPbiMXD5VvTyp/X0DYNZH9jh7oy+HL+5t9QUZNpM4iuAP9lj8sg9jx71yThJuzv8Ar/wTohBLcpNqMeroqwa/qWhX2eFmuGaCQ+gfOV/GqtxdeItEZYdZTUvJfhJorl13e6uDtb6cVZuLm1u5Xt/EGnS22oD71zbx7JR7yxH7w9xn2qa3j1rSbRpNLubbW9Cb76BfNhYekkJ5Q/TpXPKLev8AXzRrGOn9fmc+bjxDM7TaH4l1O+dRlreS4ZZU/Anke4qGTxVqkyvZ6lrXiPSLoDDN9plZAf8AaQnIrXNv4e1dVkt2Hh29z8iyOzWzN/sSj5oz9ePanXkN9b+XY+JdNTU4CMQyyELLj/plOvyv9DgnvXLKM909Pw/zR0Ll7GBFf67pxM91NcatYEczxzuwYf7y8r+Iq61xLfbH0rXLuOdvu29xKQXPorZw30qKLRJYZpJ/CmqzNMPma0lURXC/VDhZMeoxVF7uzmeS31ayfSroH95NbxEqD/01gbn8R19awi5RVn/XzL9mm7ouHWLiJxZa3HqVjcdBLDIwb/vgnDD6GpETWED3GmXv9vWg5fYzb0H+0n3gfpmrAhvUsg6/ZNb0YDJIJnhUe/8Ay0iPvyorNWysJZIp9Mvn0i9J/drPKQjH/pncL/Jvyo95b/1/mZqmmRNqaXQLRaje6XOeNsrloifTd/D+NTf2lf2irHqkMskR+7NFIVz9GztP0NWLq8lSX7J4w0WS4kPC3KFYbj8HHyS/QjNOttAupFkk8JamusR8tJZsvl3KjvugY4f6oeaXvdHr+P3DcYrR6FWOW7d2fTdQN53MMpxKPwPX6g1E2oxXBMVw9/pV2o5KlmT8VPI/lVKRbR5HgurWbR71DhgEJVT7xnDIfp+dSytqEESG7t4NY07qJdxcL9JF+Zfxz9annZSpIvpd6hbRb54odUsW/wCWsTdB9V5H4iog0N2Q1hqPkzkZENzj5v8AdfofpVK38h5BLpd9LYXR6RzNgP7CQfK30app3HmNFrOmvbzt/wAtogEMn4H5H/D8qnnbQ3BJktxcy2rrb6lZy2bnIDrwG+nY/gTVxZbG7sxEtnb3FwpB82OQq4H+0h/nxVe0N5HHJHp11Dqdj1e3dNxUejROcgZ/un8KqyWmn3StJH52j3EfVkLSRIcdxw8f4jAoTa2/r5hyrYxtStYZXAtlkkj7rJgkH8KKfqEF9BD5mp2UGqWJGEuI33A/SRf6iiuCotex1QTtoX7bUNPtHWK2gn1W7bgPOCFP+7GOSPrXQnUJ2KHWtQFsg5W3TDPj2jXhfqar2tnps1gz6fcnTbduTKiEPIP948n61zu7wraTeULxr+4LZ/eSbtx9wnX8c1/l43GeqTP9DlGUEldW/D/M7qy1sys0ei2TIRw0pIaQf7zn5U+lWW1nT7Vna4vjqF0fvJC5x9GlPP5YrCu9JjuLWGTU9VbRtKxxGu1AR/unA/OrOhan4Nsp1h0kpf34+7LIDKy/7Q42D6gfjXHNR5bxTf8AXVnVByTUW0v67HTRHWdQtPP/ANG8PaKefMkYxI4+v35D9BinxvpFgYza276nMT8s1ypVCf8AYhHLfjmuR1bVbSO9e81XV5pJDyDLKox9BjP5VtaFqWm6jDKNMmJY8GVVYsfbcwyfzrGdNqPM1obU5Rc+W+ptXclzclJNXvDbx/wRnlz7LGOB6dyKgt7x2kNvotk4m6NIQHl/E/dSqDz+FNOlY6prib2OGDyF3J91QZ/PiuhubrSbvS0OmzXNppxHUKIQw9TkcD9KxqPltZO3pob06bbbur+upQMFrDI0mpXT310PvQwvnafR5D0+gq5FJfXsRFqINP09eSwPlxr9W6t+HFZGn6t4PguooZdQgupd2Ai5mLH22jb+I5rudVk0G3eK+vtQmt4wPkSR0RFP0YHn9axq1HGSVmbUcPFrmureplQ21laRxzrF9rYn5JZ12xk/9M4+r/y96uz2s0xS51q8aygJyiyjMjf7kI4H1OTUmk+I/C93dSiyvFur7B/eRq7sP+2j9vYcVSu/+EfsriSXUdScMxyfPny7D6KN2P0rByk5WkmmdSpw5OZNNfgTx6hIJDa6BYSRzsMGV8STsPUnogpPsNtBK82rXE2oXp5a3gfcQf8AppKen6fjXSaVcaHqWnSw6XPNFb9GeFNmfxIrDkuvCWnbILi8t5yp+4ZDLk+4Ubc/UVlGs23FJp/iaSoqybat+BIlxfXkZhsooLaxUfMIyY4UH+3J1c/TAqudV0vTQjW4TWLsHCyONsEZ/wBlR94/T8637+20/U9PiuZ5Z7SwAyoeQRqR7gjFYlhqfhaC8it7J4rq8Y7V8tWdifZj/SphNNN2eg503Fpcy/rsiKY6jfKt7ruoGxtM5QSDDH2SMdPqcmrVvrqxOLPQbSSOVhjew3zv7+ij3NaGq6ZocEy3+s3ZiZhkLLNt49FUc/lV7w1f+HNSml0nRYp3lYYLQRMuPfcRnPvUzrx5OdRul9xpTwz5+XmSb+8rwm1s5Gl1q4mu75vm+ywNvc/779h+Xtmtm11bVNaU2mnQwW2nqMMsTbYYh/00l7n2FR3enfD/AMNNImuarCbjduMBkaZyf9tE4/76retI/DXjLQ5dkup2OgxcEqggRsdhziuCti42U+V2720+R6WHwjvyqSv2vr8zOj8Q+HdFA8hoNe1BekrDbbQn2HVz/nIrVSbUdXRdU169Gmad1SSYbSw/6ZRf1PP1ripPEPw18N3MY0zZc3CtjzV3XEgPsx+VT/u1v6jZ6NqUMPiPWLzUrG3C5U3N40CIPwIwfoc1E3ZqTi1fq1r8kVR1TSknbonp82a7a3Dbk2mhWklsZBjznHmXM/8Aur/CPc1Qkgt7N/M1ueU3Eg3CzhctNL7yP2H6VzunfEDwTZXR0vSJtS1G9k+UPDG4Ue+5/mb6msHXrvw3pE8s99qd0JpTvImupGZj/uLgn8citqVGXPy8rV/vZFXEQ5OZSTt56I7p9Vu9UzY2MESW6ceRAcRR/wDXST+I+wrKn1PS9LJZWg1i/Tq5+W3tz6Adz/nIrgLDxfZeJY7jR9NGttCOHeLMSIPTg8fSufvNf8K+GZmF5qk81xHnMUUj3Eq/XJ2offrXoUcG78rTv2OCtjU0p8yt3/yPRpn1DVy1/qN41lp6nJnm+UAekadO3X+dZcuvJZx/Z9BheAPx57jdPOf9lev4/wAqwxrWi+MNKGsXD65p2mQj5HuJ2iRsd+vP1zXAz/Frwd4bnCWUuqX7s2wNbxySbjnp5jkZ/AmumhQnO8Ywba6dDlxGKhTSlKaSfXqeoCzjtMT+Ip5klf5ksom3Tz+7n+EVmX2tapqx/svT4Y4rZcAWlu2Ik95pOMn2/SuC8Q6/4dtbYa/qU+oad9o+dheXkqlT6bFb5j0+XmvLpfjdpl5OfD+gW+uzCQlS0SGJfcgAgge5FehhcBVqrnUW7fcjzsTmdGk+SUkr/ez3G61PS9BZi0kes6ymCSeLe1P+Pt1+lc0JtW8TyyahdXkkNgmS13N8qIvpGvQD3rxq/wBe8N+GH87X9TmikPzraJJLPO30TJC/U4qxp/xGs/iOj2Gnabr1tpNt8zPJM8ca47sQ3WvXhgakY+0jF26yf6HkyzOm5+zlJX6RX6np1zr9pp8X2bQ2lhjf5Dckbp7g/wDTNev4n9KozJDp8Ju9enlson+ZbNJC1xcn1kbr+H8q8S1n4o+GvDFxImlXd3d3UXyyS2/mTOPbzWbgfQ1taLd2PiexPi7XZL7RNJQZM9xcyR7hjthhnIrtlg5wh7SSai/vZyf2lCc3TjJOS6dEds9/rXie7i0rTbSQx5/d2VuSFQesrdAK1rptI8FsouZYfEvi0AYhU/6NYn39SK8nufj74b0Vf7A8F6Zqk0ErbDPGrJ5pPUgk5P1rJ1LX9K0SFdSvAlnLL83lzzSSMSf9gsQfyraGAryajODjF7Lq/U5auaUEnKE1KS3fReh30p1vxLdyX97fSsOS9w5ISIeka9MVnXGsR2cUlpojSRwk4kum5eQ/7PcmvM7b4lTa/c/2Nb2eq3SPjIO5AB+DdK1bvxRpfhaUx3zrJqCji2ty8sq/7xLfJ9M5r1YYScWoOOvRHkyzGnJc8ZadWddHp/2eA3+tzzWdkTlYdxMtwff/AAqlfahqWrSJZW0csdv/AMs7WM9uzSHsP0rD0rxdZeL1ub+9025htYOkkszKp9uGrPn+JmkaWJRZw3U0CH5vs0JEefQuW5PvzXRGjUbs43kvuRk8XRUVLntF/ezsBCujOqtJJqeu7cqobEduPUnt/OuaktdT1m4kmF9I+3ImvWJEUI7pEO9PfxFpcmmnXLywGnpJ83+kOfm99uefpiuTk+JkV1cRaZb6dNeRP8ijYUXHoBnOPwrShRqu7Ude5zYjF0Y2UpaPY17zxNHplvJpvhuaaCLOJrtmJklPtWfaafIkR1HWJ7i2ssbhGWJeY+rd/wAKfqGr6PoKRzfY7C2umG4II90g9hzWNaeM18QTyWsmkCVVyxeUHA+vPFd9KEuW8I6dX1PPq4qPMozlr0RYvtWvtUlFpbiSK36RQp3Hq1a2m6e9oGl+0CS4HLyEnbF7L6mshtXRVlaJLOw0wZDyKmDMR2Xnn619vfsh/sQfGP8AbAlt/EkIj+GXwPjco2uTwFptRw2GWyiJ+c9f3jfKMd+K7cPhKtZ8lJWRw4rH0qC56r16HxhqetmBDHHPOE7kscvXFNeXmoTeXFLLj/eOAPev6nPCP/BLf9iDwLai28V6Lf8Aj/VCAZbjXNUdiT0+VIyoUe3Ndwn/AAT9/wCCe6Dj4R+D1PfF5cf/AByvosPkXIt9T5fEcTqb+F2P5VdL0yZMDe5YgbiT1+vt7V0QkihhluJLl0tUHzy5wX9lr+o3/hgb/gn0AQfhP4PI6f8AH7c//HKD+wP/AME9yu1/hJ4NKDsby5x/6Mrmq8OTm7uf4G9PiuEFaMPxP5P77UbvVJUjjWcRE4gt0Jy3ua30hTwvbpc3DG712Ufu485EQ9TX9UUf7Bf/AAT1iyY/hF4JTPXF3cj/ANqUsn7B/wDwT1kIM3wh8DyHGMtd3Jx/5ErR8PN+6pe6Zw4pinzOGvqfyg29rqut3zkXM00pO6acsdsY9BWpf6mtjH/Y+l3DxxL/AK+fPJPcA+vvX9Vy/sK/8E90XYvwj8EBfQXdyP8A2pTP+GD/APgnju3/APCnvAe7Oc/abnP/AKMq1kLb1log/wBaI2soavzP5WtLsXMH9oamZINJjG6OMkgzn1b2rI1DXb7XbuKKIzPDu2wW69XP0r+sBv2FP+Cez53fCLwM+eubu5Of/IlMj/YR/wCCecR3RfB7wJE/qt1cj/2pWlLJZJ8zlr0OSpn0ZJRUbLrqfzBReV4IsFuLk/a/FFyNqgnK2w9B7+prlxc3OoXDoJ2ub2Q7ppecRD0r+qh/2Ff+Cesn+s+D/gST/eurk/8AtSgfsK/8E9FUIvwe8BhR0Aurnj/yJWmHyucNXK7Mq2c05u3L7q8z+V3UtYWyhGkac5iUD99KTyB/iaqaRaPeOLq4SaLTouVBzmT3+lf1Vn9hH/gnkX3H4OeAS3r9puc/+jKkH7C//BPcdPhD4FA6f8fdz/8AHK7Fg6ijyqWpxvH05SvKOh/Kdf6zJqcu7959mQ7YIQeXPqR/SugsI5NDsX1K5jebUpPlRf7hPav6jV/YU/4J5qSV+DvgIE9SLq5/+OVMf2Gf+Ce5XZ/wp/wEU9DdXOP/AEZWyoyS5U9DnliYtuVtT+XeOyu55Utrab7Vq8/zXMwOVt09M9q6PWNVj0mzh8M6O5gGMzzMcEjvj3Nf0zr+w5/wT6Vdi/CLwKq+gu7rH/oykb9hv/gnyxDN8IfAbMOhN3dcf+RK2ippq70MXOnZ8q1Z/ND4M0b+07+G7nhkGkQfMgYf69x39wK6a78SNq2pNdT4Nhanba23VpH6bitf0dj9iH/gn8pyvwl8EI3TIvLr/wCO0q/sQ/8ABP8ARjInwm8EI3qL26B/9GV0KtO/MzldGmo2SPwI8Nu/hTRtU8U6tC02rSgkIRygP3VP8zXK6euqeJ9QZYWa41S8ffcSZ+W3jz3PYV/ROP2J/wBgQAr/AMKq8GAHr/p13/8AHaVf2Kv2BVG1fhX4NUegv7v/AOO1pTxc43b3M6uEpysraI/D3xZqq+GdB0rwlpIa2SdR5sxIGI+5z6nmpvhv4YfXtbtL2a1kj0C0wYS4wLmT1GeoHrX7gN+xd+wS2M/C7wecdM393x/5FqRf2NP2EFIK/DPwmp9tRvP/AI7VrGzUbLcTwVJzUmtEfi54r19PEPimc3UjRaNphMNtbD79w+OWCdyTXvXwy0uX4c+DfEXxI17TXbxDNEZYbVlJaCP+BSOo9T6Y5r9Kx+xz+wmrFx8N/Cwf1GpXmf8A0bU4/ZB/YbUEL8PvDiA9hql7/wDHqVTGVHHlNKWGpKXO1qfifpVh4h+IustZaRb3GseJNUuPMupVUlLdCeSzdFUZ6mvqT4wRxfD3wD4X+Gnh1GhiusR3d4Bhdo++d3Tkiv0Og/ZD/Ydtg623gDw9bq3UJqt6ufrialb9kT9h4hVPgHw+VByAdVvuP/I1U8dNtdkZU8FSjFq2rPzi+E/w7uPG3i7QbmPTZk8D6MFEcrLhb247bc/e57it/wCK3iCa7+KmojW4biCx0KHyNOtGUhridhy4U8n8M1+gg/ZP/YmBQr4H0UFfu41i++X/AMjU9v2Uf2KHkMr+CNDkl/vHWL4n8/Oqlj53uyo4Sko2SPiT4PaHqvgfwp4x+I3iLSbkeJLyNriG1ZD5ixD7ilcbhk4OMZ4r5dsbfxB42N3Yada3up+MNYvS9xtQsYVJ53nHygA9xX69D9kz9iRXLjwJoIc9T/a19k/+RqB+yZ+xIAwHgTQQD1/4m19z/wCRqFj59RSwlPS3Q+R/jLoU/hL4GeH/AALo9hJcaVe7LC+n2Zh8rH7zecFcMcgg8ECvydivI4Jbi3d7nzQcu06lH3glX3KeQd6vxX9EMf7K/wCxdEgji8G6THGOQq6zfgD8POrn5/2Kv2BLq4lurn4UeCri5kYvJJJfXbM7EkkkmXJJJNebiVKq029jrTS+FH4ea9qunX/hLRNPgEMurWnnh5QB5jQ7lZVLdSqtK+B0GTjvXngcosDElgAQ1f0Cj9ij9gJFZB8JvA4RvvL9tu8H6/vab/wxR+wD/wBEj8D/APgZdf8Ax2vMeWXd0zojitLSP575J7W9kUrsBUgZ6Ec1U1mB1t9bDP5gNrHKpJycI+P/AGev6Gv+GJP+Cf2c/wDCovAmf+vu6/8AjtKf2Jf+Cfxzn4ReBGyNpzd3XT0/1vTgU1lr7gsV5H44Qa9DrXiXX723lMtpJN58D5yGiY/KQQSOh7V6JbTfuxwCtfqgn7Ff7AcWfL+E3giMYAG29uxgen+tqb/hjX9g0dPhb4NH/cQvP/jtfnWY+GUq1RzVX8P+Cf0jwr9IKjluGjh/qzaX97/gH5YoTIyooYsxAAHc1+o37OHw5h8F+FI9XvYtmtX6iRty4KJ2HPPvVtf2OP2D0YOnww8IowOQRqN5kf8AkWtcfstfsXgADwZo+AMDGs3/AP8AH6rLPDN0J+0lUu+mhy8ffSAlm+EWEoUXTi/i969/LZHt7S5IKkGpI3ckAnA9K8O/4Zb/AGMf+hO0j/wc3/8A8ep3/DLn7GP/AEJ2lf8Ag6v/AP4/XvPg+X8/4H4p/rEtuUPj78SE8CeEJbeCVV1e+DQ24JwRkHLfgP1xX5cyzSyySzSuXkYliT3Jr9Nrv9kf9h7UGV7/AOHvhu9kHQzapfOR+c1U/wDhjj9hD/omPhL/AMGV5/8AHa+bzTw0rYmpzOtZen/BP2vw+8csJkWEdGOFcpyd3Lm3/A/NPzQOuM/Wuz+H/hG88deKtM0K0Q4kbdI3ZEB5Jr75/wCGOP2EP+iY+Ev/AAZXn/x2rlr+yP8AsO2LmSy+H3huykIwWi1W+UkfUTV51LwhkpJyrXXp/wAE+wzD6VHPRlChhnGbTSfNez77Hs3h3SNN8MaLYaJpapFa28YjGB97jqa2jc4BJYADv6V4f/wy5+xj/wBCdpX/AIOr/wD+P0n/AAy5+xh/0J+l/wDg6v8A/wCPV9jDgyUUoqat6H814jiqdWo6tRNybu3c9u+2oOTLHj61+dX7SPxWj8WaxH4a0W5SfSLNiJHjbKyS55wRwRwK+pG/ZY/YtYFW8F6KykYIOs3/AD/5GrJP7HP7CJJJ+GXhJjnOTqN7/wDHq4c04BrYin7ONWy66f8ABPr+BPEbC5Vi/rmIoOpJfDraz77M/MrzPanBmbOFJr9Mf+GOP2EP+iY+Ev8AwZXn/wAdo/4Y3/YPP3vhh4QP/cQvP/jtfMrwgqJW9svu/wCCfuf/ABNdR/6BH/4F/wAA+Yv2dPhefGPiBfEGr2x/sGxfcN/SaUcgD1wcH8K/SxZIo41SMKqKNoA7V4Hbfso/sT2cSwWngXQraEZISPV79QPoBNVn/hlz9jH/AKE7Sv8AwdX/AP8AH6+lyzw8+rU+RTu+rsfhvHnivWzzF/WKkHGC0Ub3se2G4Y9hmqGu69Z+HtEv9b1GVIbW3iMjkn/PevIv+GXP2Mf+hO0r/wAHV/8A/H6rXP7KX7E95EYbvwNoV1CeqSaxfsv5Gau6XBtS1o1PwPjsNxFTVSLqQbjfVX3R+fnxO+IV78RPEt1rVxLutQxS3jzxFHngY9elcDBKFcliqjHWv0u/4Y3/AGDh934YeEB/3ELz/wCO0f8ADHH7CH/RMfCX/gyvP/jtfIVvCSrUblKvq/L/AIJ/SuW/ScweEoRw9HBtQirJc3/APz+8LaDqPjDXLHQNH2y3lw4QH+FAf4mPYCv1Q8DeDtP8C+HbLQNMiUKg3SyEcyyHGWP5D8q86tf2Rf2G7FzLZfDvwxaSf3o9UvVJ/ETVpf8ADLn7GP8A0J2lf+Dq/wD/AI/XrZN4ZfVW37S7fkfnXiJ44Vc8UaUKbhSj0ve77vRHuEHl+ZF52fKyN2OuK+8dI+EXws+JHwwS38JkJqiq0qTO2ZY5cAHcO/THNfk9/wAMufsY/wDQnaV/4Or/AP8Aj9WrT9m39kGwLGx8OWtkT1MWv6imfynr6vBcMezb52mn5H49ic451eKs0fY/xd/Z28OSfsqfEnTfiDp0a6zYxXF7FcLgZVR8pJ/pX8daXyPqlqY4gscFtdXu7PYgjGPbZ196/pPvv2cf2Q9St5rTUPD1vf2kq7ZIptf1F0kHowM+CK4ofsS/8E/RnHwg8BjKlf8Aj7uunp/relVQ4Z5a6q82iPTp8VzWAqYJq/O07+h/PesUNrYaesjpvVB+HHSnxXYu42WJWGDjOODX9Bh/Yl/4J+nr8H/AZ/7e7r/47T/+GKP2AP8AokfgX/wMu/8A47Xrf2Z5nzaxPkfgFYIx1BmV44jHG8gd87V2jOTgE4+gz9aztW1tb29uZ2mV5LmbJfGB87ZJ+nzZr+g4fsUfsADJHwj8CqT6Xl3z/wCRajb9iL/gn2evwe8An/t7uv8A47VQy5x6g8Rfocl+z/8As5+I9E+Dvwg8V+Cry28VS6h4d+069o4dLaUm8d7sJEsj7JBF9oEIO4Ftm4KoO0fS3wQ8A+O/h74e8baF4/8ADd3ovge9kY2dpeyRmVUcYdVRWYY7gA4yK4Cz/Zd/Yx0+KGCw8H6TYwxoI40h1rUEVEAwFUCfgAYGKtSfs1fsfSrsl8NWcieja9qJH/o+vucJxDKlCNNR2PksRw7SqVHUb3PDPFP7NXxG0j+0rHwpYw+JdBFz9q0q+t7uKOWyO7KrKjspUjjpkV75448CX/xK+HWh6B4mvbLSfHdrGk0VwWDpBcL1DMuflbHOM1Q/4Zi/Y2AAHhPTMDp/xO9Q4/8AI9I37L/7GrgK/hLTHAORnW9QP/tevRhxe0vh2OSPCVGN0nozyX4e/Dr4t+FfiboniKPSbKytyv2fVJVvIjBcw/3htYsSMZAxXqHxO+EN7r3jgfEHwSNLudSuo/J1fTJp0g+2tjAljd8KWPGVYjParB/Ze/YzJBPhDSyR0P8Abeof/H6X/hl/9jLdu/4RDS9/r/beoZ/9H1L4vne/KTDhCjFNJnZfs7+BPHPhjw/8QPAHxA0MW/w8v3f7DYy3MUskSyZ8xAsZYBc4I56ivlD4jfsh/FzRJpbHwXpP/CV6PHMbjS7yG4SG5tRuyqSLIV5HquRgV7+v7MX7GyMWTwnpqsepGuahz/5Hqd/2a/2P5Yngk8NWbwngode1Eg/h59RT4vqJ3URS4RouNpPVGf8AFX4CeJvHXwg8HT+NVttA+IdpCm28jbescyjA8wqDw3GcDvXyf4e+EXxc0jx1o/iJNGsbdgnkalPFeRNBeR4+8Bnfu78gV9cD9mH9jVYzCPCOm+Qeqf25qG0/h59VJf2UP2JpmVpvAugysOhbV744/wDI1ax4xklrH8SKnB1NtNM+S/iJ8DdT1nxDrGt+ChYy388ZXUdLnkEaXgA/1kTH5Q/sSAa8D0X4YeNvDeja/o/izSVtvDkm4wQyzxyOgPVQELcfjX6ZD9lT9ilWDL4H0MMO/wDbF/kf+Rqpt+yH+wy8jSt8OvDLSnqx1O9yfx86tIcZPbl/EiXB1Nvc/DnxJ8MvEMDTQ6OYtTtUffbv5wSaD0B3YHtkGsnXdIm1HTLK11xo7TV0HyzJ82x/cjse9fuq/wCx3+wjISJPhl4RkB4OdRvDn/yLVUfsWfsCKGA+E3ggZ6/6bd8/+Ra0p8apXThf5mEuCI9JfgfgFa+GvE+marb3sEMC4G2WRJgUlX1x1/Sqev8Ah1pb24vLF4ImmGJ4H+VJD/eU84Nf0EP+xV+wFJjzPhL4Hlx03Xt2cf8AkWg/sVfsBkAH4S+ByB0/0274/wDItH+uUGuXk/H/AIALgqzvz/gfzq6bpGp2tnfWepwwjTyP3aM4YjPUcdq871bw7qCbZdOmjuIVbMbF9rxex7Gv6aW/Yj/4J+MfMb4P+Amf1N3dZ/8ARtB/Yi/4J+MCG+D/AIBIPUfa7rn/AMi1zz4rhJJcn4m0OEWn8f4H80ckDapaW9tqU0cGpIP3dwnO0+jeoNYcOi65pWqrcoLQI/yy7ZPllX1x1zX9OY/Yd/4J7ISU+DXw+Unri5uv/jtLJ+w9/wAE95Qok+Dfw/cDoGuro4/8i1EuKYt3cNfU3hwu1opfgfy/654aLXEl5YvGiSDDo2SjfiOhq54YiuIba70DXY4LjRZeFRn3GM+1f06p+w//AME+I12J8HPACL6C6usf+jajb9hr/gnmzbm+C/w7L+v2m6/+O1zviKHNzKH4nSuH2lbm/A/lm174eanp0zS6bcRXVlndEzNteL8ehrJv9Ia8tYlvGWO+Qf66LnB+vce1f1aN+xD/AME+iuw/B7wCUIxg3V1j8vNquv7C3/BO9DmP4KfDlT6i4uf/AI5Wf9vQTdob+Z0RyWSSvI/k0sdJ1KxvkuYpbdUJw53EBx6lcdatX/h9Lyd57B4oZX/1kLD5JT6j0Nf1hv8AsL/8E8ZBh/gp8OnHvcXP/wAdpE/YX/4J4R/c+Cnw6j+lxc//AByqXEENuTT1G8ol/MfykaTot8lvNpuotbPbY/dxl8kD0BODimf2De4ENvNlo2zE7krJD7ZAOR+Vf1cP+wr/AME7pW3yfBP4cO3q09yT/wCjKf8A8MN/8E9Mbf8AhTPw92+n2m6/+O1tHiaCVnD8Q/seX8x/LRd6PNqFrC97kakq7TNEP1P+FUdP0vU9PukmS8tfIP3wcjePcdj+Nf1Rr+wt/wAE8EbKfBX4dK3qLi5B/wDRtOf9hn/gnpIpWT4NfD5geoNzdHP/AJEraHFcE+bk19TOOSS25tD+XC50mOaVpLaQ24PJGMoxq/p0N3DGUubqORhzGVb5l/Ov6f0/YZ/4J6RjbH8Gfh7GP9m5uR/7Upx/YX/4J6vgt8GPh+3oftF1/wDHK6Y8ZQTuqf4kyyFveR/MYyLdsIpykN0fuk/dk/wPtWHd6dNbOSFZCDyO4r+mXxP/AMEzf2JvHNlLb+FvC914IuthCT6FqskbIxxglJC4bGOmOhNfkZ+1L+wP8Yf2aYbrxbpr3/xT+DluwWbVki23+lLnANxCud8f/TRegxnFehheKsPWfJUXKzkxGSVIK8dT4i0rW2gdY7hmVem7/H/GvTtP1GOdFIlCSkckcg/73qK8klsIrlI7qzkWeFwHQochlPcGixvbrTXCvI7xZ6Zxtr7XC46ULKWqPm69FS23PZxaW8zkLi0mPVCMo/uvTFdVphRbcWOqz215ak/IrE7k+hOK830zV47iNVkZmTI5B5z6j39q3Lq0XUIwWnkDAYSQE4+hHavpMNiVbmjqeXVovZnosfhx96TafqJRgcozj5lHpuHX8q6V9GtNRjRZrq3OpKAC8RGT9R3rxbTdQ1jQZ0SOaZBxuidiUlH+ye1dMYINYY6jpc032teZrNpCrD3U5r1sPjafLZR17HHUoyWtz0bTtCn0yRzJdQ/Y2/1kbqVVvf2NPu/CljP5k+n3Eax9SEIZR9RnIrjLDxBcxwPaXzXeq6b92SJyRcW30PcVRuLCew/4mmiarfXOlMeJoZT5kHsy9xXasXT5bKNzn9jK+rPVrKOL7KmneJZ7e9txxFIx2yRDths5xST+FGBjnsNRUqOUkK5JHpvB5/EV5u+prqltHba5cyQg48m/iYhGP+2Ox/SqiS6/4ZuFMeoT24b7j72e3uB6MOgrV5hDrG679SFhZbXPTbvSrK6ZVkngbUBwXhdQSfdT1+mKbp+jyWEryfbkW0I/eI6bVP4ZwK4xYrXxLMssMh0nxAOWt5JD5N1/uNng1Zgm1K3aawDXrTqCJdPuZCWI9YnPUf54q44uDfNyidCWzZ2Y0DS78uLW5SJSct5eJEH/AAHPH4H8K0ZNHTTrRINX1GzvIusTu20j6MTkH9a8lbTWMkt7ol3qD7D+9txMyT259uf0rQTW5ryzNprklzqWnD5RcxkrNbH/AG1/rWkMfBXvHX8CZ4aXR6HqMGmpdSwywag8U44jmIDMR6GRSNw+oNXr/TdBupUEl/ZDU+jlJFRnPuD1+hrxr7DqWkKL7TtVu57AjctzBISMeksfIx71JLc2urtEdSnOnal/yzuUYtDN7MM8VrHMI8tnDX8A+qu90z1uw0FtOMrjUkjsSMyQSx4Uj1xk/wBKovpmjXbvFaXESR7vuxOJEU+u3OR+BFcfZTapprraJeNbs2VFrdSlra6HpDIeUY+hpp0GxvbqcWEd3ZamoLS6dPKYpV/2oZB1/DI+lXLHRskoGaw8k7tnojabYwWC2+s6laXcfWLzhtK+wbOfxzWVD4ci81LzS9UlicEfOMSAj03AjI+ua4mZtR8qeynmvNcskGZbaYlby298Z+ce4rOsdPeJTfaLqGoXNqvJe3kIuIOejx/xj26+1KWPi2vc/wAy44aX8x6bf2mh3M3l3VxbQX+MM6yLG7H6Hg/iDVnTdJGlCSX7fK2mkEvBJGCjD16/yGK81vmi1W2SfWZS6r8q6nZk4U+k0fb8R+VQ2za74aSOe31B301+RJvM1nMD/eXrGT6jiq/tCPNzcunl+o1hXa9z0f7B4d1R3isL+ONu0UUquAfUIfmB/wB0iujZdHtNLhs/FWoxajEDiGW5TY8Y9nBLZ985rw+60/SNbnR4JT4Y12Q7lhmkJtbs+scg6H8j7Gp01XW9KkOheIbWTUrRxt+yXzncw9YLjv8AQ0QzJRu3H59Pming292ezaL4K0q+vl1Hwp4reC4BGdjpNn/ZOMZHsc1ra9pHw+mumtr7W9P0fxCBiVt4t/MPvn5Dn3BrxbTfDdreTPc+EL2+ubiMb2sHm+z6ja+8bdJV9j+ddA97H4ggew8Y2V34hSAbDfW0fk6np+O00B/1ij8a6KWPiqfK4K7+a/4H9XMZ0JXTUv8AM9A0zwvbaHb3E0uqy3GhOpLQvEskLD1Ug4I+gxWB/Y3w81+UW1jrsFrJuwiRSrlG9RE/I/4AR9K5WLQPEHhm2bXvBetvq+gZ+e5sgZYh/s3VoclD7gH14rFmt/CniVlutQhtfB+uScfa4x52m3jejjrET6ngetKWNSio8iXk3+TNKdK+vN/Xoesa94V0HRtKhHiXW4dQgz+4uZoWBX23rkg/jmuE0/wtpU9yt94e8Ry7x954JY5Rt9GAwcf72ajN54k8GxDTdaSKXQp1wsd45utNu17eXNyY89s5HtTbTw14W1K5h/sFU0bVWO6PTr2fyy59bS9Xr/unP4Uq1aE5Llgl5df+CXCDitWGuHwhDevbapcW9pqGBvdcws/vnG0/8CzW/oOhaJb2NxPBrc+oaKyFntXiSWMj1G04P4CsXU9IuZnXSfEGlXOryIMrBchYNShHrE4+Sdef4Tz3zWJYeFp4JJrzwfqFxdtHzNFCBDewf9dbdsLKB6gAntXO5tVL8if5/wDBNIwTjuar6b8O9amENl4hhs5lPyRify2Vv9kSjIPspFbetaL4Y0vSIF8T37XO0YjuZ4W3r7bk+YfUcmuFurLTdVEl5rGniC4jbEmpafDnYfS6tSCy+/B+orcsk1LStPD289peeHnBy8Sfa9PkXvvi5eH3KHaO9YRnveK1/rVFNbWZkaR4Y8OXl2L/AMMeKZYrkfNsimVtwHqMBwP9786Zrc3hO1u3sfEAWzvH4eRFMTSH1PylG+rAn3rQfw34ZvRBPElt4bmcgxC4kM2n3DesN0vzRH2bGPQ1Nqel6jarFpfiTTUv7Vv9TDqLgF897e8Xgnpw3zfSsfZtQskvzX/ANFJN6ssaPouhLp07adrcuv6Pg7rSQLKEH+yB/JfyrimtfAF9dGLT9dGlXKNkK8rRFG/2WccH6Yq0nguP7aT4Wvbqy1def7PunFreYHaN/wDVzD2PbvVG7Rbq6a08U6PMdVUZM0UQt71R6vE3yyr7jIx0FYVJOyXKl/XfoVFeZ3WpT6VZadbR+NYTrtiABHdSITKg/wBmZPm/HNZul+HvA2q3C3PhPxbMlyT/AMeksqhm9sEAkfXNYmnWGq2EE0vhrUF1fTefNito9232msnyR9U5+lZ/2Tw3qIeeS0h0KYHDSQRmezZv9uP/AFkJ9xwKJ19U3FfP/MzVJrZ/16E3iK08N6deyWurI+l3hHBeJ0De+QMN9Tmn6bZWa2cotrptXsccx70lUf8AAQOPpWpLDq1rp0aaiLXWvD7Y2/am+1WbD1juV+eI/wC90rGk8OaW00UmlXcvhvUH5jgvZcRS+0N4nB9lb8aylL3uZJen9bmimrWZkrP4QnuFha5l0m4U/eVymw/8DHy/ga63UItHttOivL5ri9gUYW7iQuVH+0y4I+tcxqljfQzpaeJ9Lc3fRXcLHMw9UlHySj8az7a11HT5WbQr2Z3AyYceVMB/tI3yuPfvWarON04/16HQ4Xs0zX05fD91cmbTda2yseY1k2+Z9Y2Xc315orm5J9Hv3eHV9LbTr0femtItvP8A00tm4I/3cE+tFYRxFtkvvsXKk2ZF1pOp3flTeI9QGl2zf6uKdd0r+gitl5/FqtWwsdIdYdJsTZ3h/wCWsyrPeP7rGPliH1qvsMU0iSzyC8YZkgs2824b/rtOfuj2yPY0lqtzdb7TSrcGPPzQ2bYUH1luT1P+7k+9f5aO7Vm9Pw/r8D/QmKV7pa/iLcxwy3DNqTzT3ZGTGGFxcn6sfljH0496itZrqdmstDs/IU8OtqwZs/8ATW4PAPsuT70ph021iZbqeHUwpy1tZt5dqh/6aTH75/769MCrMY1bWrcrbRW9tpEY+Zv+PeziH+0x5f8AHim5WXkOMbvz8tzOfT9Gtnll1B49Wuxy0MDlYUP/AE0mOS35/hVpbjV9Wt3W38uz0hBglT5FrGPdvvP+grRh03TreFLp2i1JVxi6vAYbND/0yi+9KfoPxrdNpIY4tR1B0trdT+7vNSjwAf8Ap2sx39C3J96yqYlLz/rov6ZvTwrv2X9bv+kYlhpVlZQx35jgmXd8t3eAxW+fSGIfPIfoPxrpJ7KW4jjudYu3srYn5Zb5R5kh9ILQcA+7ZNVpb9LKeO4j8+2v5BhLu9Tz7+cekEA/1Y9CcD1FMaC9SdJbqS50aeYfKqn7Tqd0PQY4iXr90ADviuR1JSd2/wCv6/4Y7qVOMVypf1/X/Dl5brTtGlEVhBPZXsg4Z4xPf3A/2Y+kQ+uPpVK6t5bmYDU1ntJn5FtETcXs4/236IPpge4pYGjsZX07TraWC8fk2tiwmvJfeec5WP8ADJ9xUkun/Z3ks9WnaOdvmbRtKJaVve6nJyPfcw9s1CklL+rm7hdW6L7htteSKW0vSYmgkH3rWwbfJ/23uOifQc+5qFH061ncXIj1W9T5mtbVsQQ+80x6n6nPtTbdNS1wvo+hWaSWqZD2enPstoB3+0XWBuPGSq9aiaPQNK3QSGHxhqUPJtrY+VpdifWR/wDlofrnNaRavbr26/P+vmZ8ul+i69Pkv69DrbC+1XxHCVhaEaTGMO4JgsYAPVuDJj8quw6p4f0hDcaWsGuXqHH2+5Hl2sJ/6ZJ/F+GfrXLWOi+L/Hcf2+S4t18PQ8teXX+jaXZgcfu1ODKR0z/KupszoPh+MX+lvHrNxHwdd1dNltEf+nW36sfQ/qa4K7gnyp38l+r/AK9GdmHjJ+81bzf6L+vkaQ0vVdZi/tvxJqQ0nSSQVur8bS/tBb9Sfc9fetqOe00iOGPRLWbSPtHyJc3Efm6hfH0hhH3R9fyqmLe7ZB4m17UH0S1IyNW1hN1zKCM4tLPjYD2Jx7A1l3XjmPTS0XhGzu9GluD5Z1O8Uz6pqB9Ilx8gPoB/wEV5zU6mkdvw/r+rI9BQp0/elo382/6/ps6q60Kx0wreeML2XRHlG5LCJxcapej/AGz0iB/DHeqieI768J8NeDNHbSoG+9Z2D5ncf3rm4zlR6gED3Nc0fDMmlImp+PtTu/DMNyd6WMbefq+p5zjd1MY+vT2qO51rULsReFvD2mXHhqxl5TSdM/eX93/tXEv8IPc549aqNO/Xm8/sr/P+tUEpuL25b9PtP/L+tGbYt/Dmh3At9W8rxX4gU5GmWRxbW5/6bSfxf561eil8Q+N5BbqIr60h48mL9zp1iB/fYffI9Bn8KzrTwvp+hGPTvESNqWsH518N6Q+5h73lx2HqCQPZqtXWoap4guBoFpbW2uSQ4VdG01jFpunDOR9qm/jI9OnHC1jKabvDXze3yX9epdOm1pLRdlv8/wCvkjUtn0HR1lvtOaw1+8hzv1O6Hl6fZ+ohUf6xh7Z+orKupLvWo31u6uzBpy/e1fVFCjHpbQdFHoe/vWZPeaVZXLefNbePvE1uMbEIi0fR/wDePRyPxPHaucbVNY8VXb6hb3cGtSw53ardr5en6cO/2aI8MR/eP51rSw8n77+9/wBf12ZNauorkX3L9f6+aNa61Sy0eAro6y6TFcHaL65Xfe35/wCmUeMgH1IA9hWPJpEMSC+8SSz6TazNlLYMZL6/OejYyR9F6dyKltbm2s0udV0e5S4ccXXiTVs+WDnkQIeW9guB9asW1o7QT67PqFx4d0pl/fa5qODe3Y67baI/6tT0H6A12c3LqtPPr/X4+SOBx53qr+XT+vw82MuZbqUwaFaWVxpscg/c6Ppxzdzj+9NIOIl9efqTUU+h6No00dpq9rba5ri4ki0PTz+5tu4a6l/ix6scegNWTq9tpunFdLE/gnw3cNhrqVS+q60x7Rg5YE+p554Aqvfafpmi6ZHdeL5rjwR4ZlIaHSYn8zVNXPrMR8wz6deeSKlVJXS1Sfbd/wBf8O0VKnFq+jt32X9fd2TOS1T+1/GF61lHHF4hvIQF8mLKabpgHTJ/jYD6+wrj7240fQJ5zpMlt4p8Sx5WbUZQBZaee4TsSPbn37Vb8Q+NLvWRB4X0fSJdG0hhst9B04/v7gZ+9cSDoOhI/PNZlzpmjeGTbDxeIde8QgBrTw9YH9zb+hnYf1/WvewtJwSU/lFbv1/q3ds8DFVIybcHe28nt8v06+SOPOhar4rNzrN1f+Vpy/6/V70bI1XusCHAA9MVg3eoadoljLF4SjOkac2BNrFyubi6buIUPPPY/kBXXXd3r3jbVY7JbePX7+I/urGD5LDSh23noSPfk0Sf2X4dvJTZG18beN4hiW7kGLDSR6KOmR+f0r2KdVpqMv8AwFbfP/g/JM8WpSg/ej/4E9/l/V+7PP4fBkMNkNc8XNd+HdElbcluxJ1DVm/moP50avqLT29poX2KbRtJb5bLQNPObi59GnYdAe+atwnWPFOpXd3pN3/aV8oP2vxBejbb2i55WBTwMVGmrafoVrer4MkJLZF/4lvRlpD0IgB6/Xp/OvRjzOS59Zdui/r730SPLlyJe7on16v+vu9TNk0LR/DjwXHjC2g1LXsB7Pw7YkbIfQzN/MmuX12+8QeML9Yb9oruaP8A1VjD8tppy/7XYn8yatW8UbwT38tzLo2isd819cN/pV/67c8qD6/lXKar4hWe2Gn6PE2g+Hs4G0fvrs/z59epr1cNRlKV3q+/Ren9X7s8vETio2ekX06v1/q3ZFv7dYeH5nTTEi1nxJjElyw/c2o/2R2x/wDrqPR9H1LxTeTXomM6KN1zqNxxFAvfbnjj8qn0vwvaw2cGr+KnfSdFJHkWMfM943Ybep/l61c1nW5tUFvpn2NrLSQwNro1q3zSkdGmYY3H9BXVKrry09X1f+X9WRhGkmr1dF0j/n/VzWbWtN0mxubDwa3kW44u9amHzynuIc/z6+gFY1vo1nHb/wBo620unaM2GWFubi+Y9Ce4B9OpqQvHp89v9qhh1XXSALeyiwYrQeuOhP8AtHj0qGKS9udUWOEpr/iknO8/8e9gPX0yPzrGCcfh+b6v+u/3BVs2lJbbLov67febFzcRzQWy6nbyafpeQLPSLcfvbn03gdB7fnVm7Sy0g2174kt7efUSM2OjwAbYfRnx1PueKzLjVLTw1LdQ6dMmveL3H+k30vMdr7D0x6CuUsLe91y5uHguWaMn/S9RmPLeqpTpwb1ekfz/AK+9mc5pO28vy/r7kW7271LxBqISRYr/AFHOUiX/AFFmvv7+9W0e00SZrfTQNT19xiWdh8sI/oPaqc+pWdtbS6Z4eeOz09T/AKRfOeZD3we5/wAis61hgvYsp51loucFj/rb5vQDriuy75ddI/1/VjlaSfeT6/1+ZJFA+pyztFcPKc/6TfPjaB3Cepro4YbGytBGqNb2A52E4kuT6sey/wA6q3V1b6fFFHLHFAsY/dWw+7F7v6t7V5zrniaSVmVZGdieW9fpWlKNSq+VbHPXqU6KvLc+xP2RPgcf2tf2mfAXwcuJLiHwdGX1XxDJAMGPTYCC8a/3fMYxxZ7b89q/qq/aC+M3w/8A2YvhrqiW7ad4N8FeHdJV3jtwsawoqhYrWFR/y0clFA7lx71+J3/BAjSbK++Jf7S/ii5iSTVLLStFsreQjlI55bp3A9ibeM/gK+9P2kPAdn+0B+3H+xJ+zt4qYzeBvE/j3VNW1m3J+W9i0i0+1JA47o4DoQfWvsKahhcM5vaKu/kfBY3ESr1rs8z+D3wJ/wCCpv8AwUB0k/FT4SL4a/Zw+Dd4TPoc+so0uoajDnCyOoBbaw+bONvoa9o/4dA/8FfzyP2tfAYH/YOn/wDjdf3M+APhnoHwv8NaHoWi6XYae62qFxBCqCPjGxAANqAAAKOAK7rzJP8Ano/51+BY7xcx3tZeySUemh9HR4epuKctz+C3/hz7/wAFf+37XXgUf9w6f/43R/w58/4K/N0/a+8ED/uGXH/xuv70/Ol/56yf99GnfaJx0mmA/wB41x/8RbzLy+5F/wCrlI/gt/4c8f8ABXw9f2w/BI/7hdx/8apR/wAEdP8Agr2ef+GxfBg/7hdz/wDGq/vS+03I+7POP+Bml+13f/Pzcf8AfZp/8RazPy+5B/q5SP4LT/wRx/4K8nH/ABmT4NH/AHCrn/41S/8ADm//AIK8f9Hm+Dh/3Crn/wCNV/el9tvP+fm5/wC/po+23n/Pzc/9/TR/xFrM/L7kH+rlI/gtH/BGv/grsf8Am9Hwgv8A3Crn/wCNUf8ADmn/AIK6HGf21fCSj/sE3P8A8ar+9L7bef8APzc/9/TR9tvP+fm5/wC/po/4i1mfl9yD/VykfwW/8OZv+CuZyD+2v4TH/cJuf/jVIf8AgjJ/wVy7ftt+FB/3Cbr/AONV/en9tvP+fm5/7+mj7bef8/Nz/wB/TR/xFrM/L7kH+rlI/gt/4cw/8FcD/wA3weFgf+wRdf8Axml/4cv/APBW8jn9uPwsP+4Rdf8Axmv70ftt5/z83P8A39NH228/5+bn/v6aP+ItZn5fcg/1cpH8F3/Dlz/graf+b5vDK/8AcIuv/jNC/wDBFn/grWTz+3V4aH/cIuv/AIzX96P228/5+bn/AL+mj7bef8/Nz/39NH/EWsz8vuQf6uUj+C//AIcr/wDBWo9f27vDg/7g91/8ZoP/AARU/wCCtB/5vx8OD/uD3f8A8Zr+9D7bef8APzc/9/TR9tvP+fm5/wC/ppf8RZzLuvuX+Qf6uUj+C/8A4cp/8FZ/+j8/D3/gnu//AIzR/wAOUv8AgrP/ANH5+HR/3B7v/wCM1/eh9tvP+fm5/wC/po+23n/Pzc/9/TR/xFnMu6+5f5B/q5SP4MP+HKX/AAVm/wCj9PDv/gnu/wD4zR/w5S/4Kzf9H6eHf/BPd/8Axmv7z/tt5/z83P8A39NH228/5+bn/v6aP+Is5l3X3L/IP9XKR/BgP+CKP/BWbv8At7+Hh/3Brv8A+M0v/DlD/grL/wBH8eHv/BNd/wDxmv7zvtt5/wA/Nz/39NH228/5+bn/AL+mkvFjMujX3L/IP9XKR/Bj/wAOUP8AgrL/ANH8eHv/AATXf/xmk/4cn/8ABWT/AKP48P8A/gnu/wD4zX95/wBtvP8An5uf+/po+23n/Pzc/wDf00/+Is5l3X3L/IP9XKR/Bh/w5O/4KyZ/5P60AD/sDXf/AMZpf+HJv/BWP/o/vQP/AATXf/xmv7zvtt5/z83P/f00fbbz/n5uf+/ppLxYzLo19y/yD/VykfwY/wDDk3/grH/0f3oH/gmu/wD4zR/w5N/4Kx/9H96B/wCCa7/+M1/ed9tvP+fm5/7+mj7bef8APzc/9/TT/wCIs5l3X3L/ACD/AFcpH8GP/Dk3/grH/wBH96B/4Jrv/wCM0f8ADk3/AIKx/wDR/egf+Ca7/wDjNf3nfbbz/n5uf+/po+23n/Pzc/8Af00f8RZzLuvuX+Qf6uUj+DH/AIcm/wDBWP8A6P70D/wTXf8A8Zo/4cm/8FY/+j+9A/8ABNd//Ga/vO+23n/Pzc/9/TR9tvP+fm5/7+mj/iLOZd19y/yD/VykfwY/8OTf+Csf/R/egf8Agmu//jNH/Dk3/grH/wBH96B/4Jrv/wCM1/ed9tvP+fm5/wC/po+23n/Pzc/9/TR/xFnMu6+5f5B/q5SP4Mf+HJv/AAVj/wCj+9A/8E13/wDGaP8Ahyb/AMFY/wDo/vQP/BNd/wDxmv7zvtt5/wA/Nz/39Nc/4r8c6H4D8Oax4w8a+LNO8J+FNOga5v8AUtRvVt7aziHV5JXIVRyBknqRRHxXzRtJWfyX+Q3w9RSuz+FH/hyb/wAFY/8Ao/vQP/BNd/8Axmj/AIcm/wDBWP8A6P70D/wTXf8A8Zr+vz/h5R+wn/0ef+z5/wCFhaf/AByvpjwB8XPAXxW0UeI/hh8SvCnxF0DIX7boerxX0IYjOC8TsAfY8111vEnOqS5qkbLzj/wDOGSYeWif4n8Nf/Dk3/grH/0f3oH/AIJrv/4zR/w5N/4Kx/8AR/egf+Ca7/8AjNf3nfbbz/n5uf8Av6aPtt5/z83P/f01yf8AEWcy7r7l/kX/AKuUj+DH/hyb/wAFY/8Ao/vQP/BNd/8Axmj/AIcm/wDBWP8A6P70D/wTXf8A8Zr+877bef8APzc/9/TR9tvP+fm5/wC/po/4izmXdfcv8g/1cpH8GP8Aw5N/4Kx/9H96B/4Jrv8A+M0f8OTf+Csf/R/egf8Agmu//jNf3nfbbz/n5uf+/po+23n/AD83P/f00f8AEWcy7r7l/kH+rlI/gx/4cm/8FY/+j+9A/wDBNd//ABmj/hyb/wAFY/8Ao/vQP/BNd/8Axmv7zvtt5/z83P8A39NH228/5+bn/v6aP+Is5l3X3L/IP9XKR/Bj/wAOTf8AgrH/ANH96B/4Jrv/AOM0f8OTf+Csf/R/egf+Ca7/APjNf3nfbbz/AJ+bn/v6aPtt5/z83P8A39NH/EWcy7r7l/kH+rlI/gx/4cm/8FY/+j+9A/8ABNd//GaP+HJv/BWP/o/vQP8AwTXf/wAZr+877bef8/Nz/wB/TR9tvP8An5uf+/po/wCIs5l3X3L/ACD/AFcpH8GP/Dk3/grH/wBH96B/4Jrv/wCM0f8ADk3/AIKx/wDR/egf+Ca7/wDjNf3nfbbz/n5uf+/po+23n/Pzc/8Af00v+Is5n3X3L/If+r1I/gx/4cm/8FY/+j+9A/8ABNd//GaP+HJv/BWP/o/vQP8AwTXf/wAZr+iLU/8Ag4B/YO0XxFeaTq2qfHjTvDcWs3Ggr4om8JXC6JcXkLOrLHdlvm5ifHy5wM4Ar0n9nn/gtR+yJ+0n8XPhz8F/BrfHTwz4n8XrcN4XuvEnhebT7DXfKi81hbXDOQ52cjAxyMkZFe9V4v4khB1JUmopXb5Vt9xxxy3CN8qkr+p/Mp/w5N/4Kx/9H96B/wCCa7/+M0f8OTf+Csf/AEf3oH/gmu//AIzX953228/5+bn/AL+mj7bef8/Nz/39NeF/xFnMu6+5f5HX/q5SP4Mf+HJv/BWP/o/vQP8AwTXf/wAZo/4cm/8ABWP/AKP70D/wTXf/AMZr+877bef8/Nz/AN/TR9tvP+fm5/7+mj/iLOZd19y/yD/VykfwY/8ADk3/AIKx/wDR/egf+Ca7/wDjNH/Dk3/grH/0f3oH/gmu/wD4zX953228/wCfm5/7+mj7bef8/Nz/AN/TR/xFnMu6+5f5B/q5SP4Mf+HJv/BWP/o/vQP/AATXf/xmj/hyb/wVj/6P70D/AME13/8AGa/vO+23n/Pzc/8Af00fbbz/AJ+bn/v6aS8WMy6Nfcv8g/1cpH8GP/Dk3/grH/0f3oH/AIJrv/4zTf8Ahyf/AMFY/wDo/rQv/BLd/wDxmv70Ptt5/wA/Nz/39NH228/5+bn/AL+mk/FjM+6+5B/q5SP4L/8Ahyf/AMFY/wDo/rQv/BLd/wDxmj/hyf8A8FY/+j+tC/8ABLd//Ga/vQ+23n/Pzc/9/TR9tvP+fm5/7+mheLGZ919yD/VykfwX/wDDk/8A4Kx/9H9aF/4Jbv8A+M0f8OT/APgrH/0f1oX/AIJbv/4zX96P228/5/Lz/v4aPtt5/wA/l5/38NC8WMz7r7kH+rlI/gtb/gif/wAFZR0/b50E/wDcGu//AIzS/wDDk/8A4Kyf9H86F/4Jrr/4zX96P228/wCfy8/7+Gj7bef8/l5/38NV/wARZzLuvuX+Qf6uUj+C7/hyf/wVk/6P50L/AME11/8AGaP+HJ//AAVk/wCj+dC/8E11/wDGa/vR+23n/P5ef9/DR9tvP+fy8/7+Gl/xFrMu6+5f5B/q5SP4Lv8Ahyf/AMFZP+j+dC/8E11/8Zo/4cn/APBWT/o/nQv/AATXX/xmv70ftt5/z+Xn/fw0fbbz/n8vP+/ho/4i1mXdfcv8g/1cpH8F3/Dk/wD4Kyf9H86F/wCCa6/+M0f8OT/+Csn/AEfzoX/gmuv/AIzX96P228/5/Lz/AL+Gj7bef8/l5/38NH/EWsy7r7l/kH+rlI/gu/4cn/8ABWT/AKP50L/wTXX/AMZo/wCHJ/8AwVk/6P50L/wTXX/xmv70ftt5/wA/l5/38NH228/5/Lz/AL+Gj/iLWZd19y/yD/VykfwXf8OT/wDgrJ/0fzoX/gmuv/jNH/Dk/wD4Kyf9H86F/wCCa6/+M1/ej9tvP+fy8/7+Gj7bef8AP5ef9/DR/wARazLuvuX+Qf6uUj+C7/hyf/wVk/6P50L/AME11/8AGaP+HJ//AAVk/wCj+dC/8E11/wDGa/vR+23n/P5ef9/DR9tvP+fy8/7+Gj/iLWZd19y/yD/VykfwXf8ADk//AIKyf9H86F/4Jrr/AOM0f8OT/wDgrJ/0fzoX/gmuv/jNf3o/bbz/AJ/Lz/v4aPtt5/z+Xn/fw0f8RazLuvuX+Qf6uUj+C7/hyf8A8FZP+j+dC/8ABNdf/GaP+HJ//BWT/o/nQv8AwTXX/wAZr+9H7bef8/l5/wB/DR9tvP8An8vP+/ho/wCItZl3X3L/ACD/AFcpH8F3/Dk//grJ/wBH86F/4Jrr/wCM0f8ADk//AIKyf9H86F/4Jrr/AOM1/ej9tvP+fy8/7+Gj7bef8/l5/wB/DR/xFrMu6+5f5B/q5SP4Lv8Ahyf/AMFZP+j+dC/8E11/8Zo/4cn/APBWT/o/nQv/AATXX/xmv70ftt5/z+Xn/fw0fbbz/n8vP+/ho/4i1mXdfcv8g/1cpH8F3/Dk/wD4Kyf9H86F/wCCa6/+M0f8OT/+Csn/AEfzoX/gmuv/AIzX96P228/5/Lz/AL+Gj7bef8/l5/38NH/EWsy7r7l/kH+rlI/gu/4cn/8ABWT/AKP50L/wTXX/AMZo/wCHJ/8AwVk/6P50L/wTXX/xmv70ftt5/wA/l5/38NH228/5/Lz/AL+Gj/iLWZd19y/yD/VykfwXf8OT/wDgrJ/0fzoX/gmuv/jNN/4cof8ABWX/AKP40L/wTXf/AMZr+9P7bef8/l5/38NH228/5/Lz/v4aP+ItZl3X3L/IP9XKR/Bb/wAOUf8AgrJ/0ftoP/gmu/8A4zTT/wAEU/8AgrR/0fr4fP8A3Brv/wCM1/ep9tvP+fy8/wC/ho+23n/P5ef9/DR/xFrMu6+5f5B/q5SP4LP+HKf/AAVn/wCj9NA/8E13/wDGaB/wRU/4Kz9/28/D5/7g13/8Zr+9P7bef8/l5/38NH228/5/Lz/v4aP+ItZl3X3L/IP9XKR/ns/FD9kz/grj+xFo8vxG1vW/C/7VHgOxxJqltp9tJFqMEQBLSIjBXwAuSQCK+3/2Xf2jfCX7VXwgstZs0a4ttStJba4tL1BvgkA2S206HqynPsy4Pev7I/EngrRvH+ka7pOt2cF7JLZyKksihmRsYBz3HJ46c1/CD8DfCOmfBr/gof8At8/CHweps/BWm+M9C1OwtBxHaNqdibmdI1HCqGlwAOyiv0/w/wCN6uZudGuveir3PFzbLI0LOPU/HL9qn4KxfsyftNeLfhJp8YbwVqFrH4j8OxKuFtbOZ3V7dMn/AJZyoygZ+6Vrw6+0pJ182MBo26N/Q+9fpn/wW7tYtN+L/wCyfrFoy22oXem+IIJJu5WI2jIM+mZG/OvzN07VJJyySKiXY+9GTlJx6g+vvX9W8I4322FUKm6dj8rz3DqFbmj1OfjNzp8pBGVzyp9K7vRtZSQDLHOMEEc/j6iqFzYw3kTyQBto+8h+9H/9b3rmjDNaSbkJUg8EV9VCcqTutjwpxTPZlaK5i8t4jPCedh+8vupqs9vNZNHcxyymMHKXCHDRH0b2rkdF1sb445mKMOPY/T0r0GCfzF8yF0JI+ZT92T6j19697D1Y1Fc86dOzLkV3b6m0S6kU03VcYhuk+5L7N2/A0ivqWk3uYzHZXrfeU8w3Y/x/WsmW0bZIbKIyp1ktX6r7pTrXW0ihNhqCG/0wnaVc/vIPofaur2rTs9PMxcOx0kK2uovL9gjTTtSOfOsZf9XP7r/jRaTXFss1nHB9ssRkz6dOf3kQ9YyeorLuLR/KSeF5tS04cxzx/wCutvr6j3qRNVt7nybbV5dzD/UX8JwyH0atVPXXcTh2Lv2CKaFrnSd2oWCnMlq/E1ufbvxW/Bq0d9ZpDq4l1ewj4S6Ti6sT/tDqQPzrnLuO9s5UuppPImGBFfwD5JB2Eg/xqzbXUOp3KMZE0bXwABNGcw3Xsf8A69aQqWemhi43V+hr30TwrDfyXBvLUcQanbfeUekqjqKgN3BPJG97JHZXpGI7+3x5U3s46fgfzqOCe8sLl8RppOovxJDJk2t4O+OwNRPp8N8txLo0QsrsAm40+U5R/dT0x71pGpfYUY23LIa70i5DRyppFw5wCATaXf1/uGp2hs9Sle1WCPRdXYfNbSj9xc+6np+I/KsCz1OfTg1nPb+fZH/W2VyckD/pmx7fpWqLS3vbISaS51HTgQTaSkiW2b/pm3XPt/OtIVLqy27D0Q23ub/SHk02W2863Iy+n3XOR6xP3HpXS2c9tqlusVkG1i2iOfsNw+y6sz6wy9ePQ/ma5qPWY0jGna5E2r6YOFdvkubU/wA/x/nU95oU6rHqemzzanZjmK6gH+kW49HX+IfQflVQm+mq/IUop76HXfa4r2LN59q1u2hJH2hF8vULA+sijlh7jr3zUU2nBlTWILpruIfd1WwXEiAHpcQ/xD1PX6VgWmv2l7cW8OvSNb36/LBqtodrr2AkXuOnB/Susay1XS5v7S3LZTkArqdjGXtbkelxEPuH3/WuqE1JXWplyOLKBuArRXWpPDp80nypqloA9tcj0mXoPo35ilNncaXIJ7WS30OWTnk+Zp17kdj1jY+hwPetSxlsNXupIIHsvD3iGX7yoRNYaj9QOAT+f1qjcWup+GpJoRaNpCNkS2N3mSxuPXy5P4CfQ1aaa5vx/r+vUSl0MyXTbC8d9PWOPwzqz8tY3a77K7PrG38JPYr+XemhtV0vOgajp66jbNn/AIleoOCWHraXHRvYZrUsre31+2mtNIhjfZnzdHvG3IvqYJedv8vYVVmur3SoG03UrSXU9GBy2n6l8s8PPWGX+P2IP0IpbK/4/wBf15GkZa2KC+H4tTYyeE765vbyA7m0u7fyb+zI/wCeMn8WK2rHxd9ukWz8ZWN7qs9sNgvLdPI1bT/95ePNX6fjmpLTQH8Q20d7oP2jxHawkEQvJ5WoWB9I5f4gPQ/hmm6jqNlO0GneNYJ9SCcRXgT7Nqlie25TguB6jj2raMJRV1p+T/r+rEcyk7P/AIJ19naX8X/FVeHNVfXrJBhtW0ddt3B323lp0kA75BPsKpXh8Oa8jX2rJb6BdycDXNJj8yyuT6XdtyY29Tj8RWIug+J/D8lt4k8O3l7qtswzDqmmjZdBeu2aIfLKB34zW3Y+L/DuvXinxEv/AAjfiWU7DrGlxYjuDn/l8tG4+p6+hFdEZ/YkrPs9vk/69TGUbPmWq/EyZ7LxT4Ch8xHsm8NXHzb1H2vSL5Txkjnyic9QR9TSQab4a1uNbWwmt/A2qTEY07UGM2k3rf8ATGbrEfQEDFdzLonizwbvvNPgWLTphvlmsoWutLvAe81t96In+8uP96sGw03w54puX03QvsfhTxDICX06Qi502+Pfyz1Qk9sDH+1TlRafJb5P9H/XzHGumr/j/mNe/wDEPh4w+GPGGk/bbJjmLTtXYsj/AO1Z3oyQcdOSR7VpJpWm+Ip4k0O7uLrV4RuXS9Sl+y6pbf8AXtddJl9AxPu1Pgn8XeDrW60XV9I+2+Gs4m0nVUNzYOPWC4GTCfQHGPSrdj4b0LxxauPA0nmSwkNLoGry5a2PraXa/MMds/mK2jeXu2u+z3/r+rGU5216d+hUeGa8uXt9Xsb7Xb+3GGeJPsWu2C+rIcLcL9Mg+9ZKeHroNc654R1KXWAh/wBIuNNi8q9gPpd2DcSH3UBu+K6q71e/0eCLTfHOk3et6db48uLVd1vqFj72l+vEmPQtzjk10Fv4RfxbaReJ/B2oXPi6KIYWXeLLW9P/ANnzBiO4H1Iz71usP7TRK7X3/wBf1oR7e2r2/A8eivbSRbi8njXTixKzajpUZltnPpd2bcqeuSQTn+IVo2s1zpNgZIZbFfD0oJZ41N7pE47+ZF9+29yvyg9zW/rd1FaXsY8b2N+t7gKmr20BsNThGP8AlrEw2zqOmcFeuB3qJvBGuWTLrnhu7W8ilAdb3So9kkw/6eLJvlkPuhJ9hXJ9Wmm+XW33/wBf1c2VRPyMm5s9HntYYXS00O3lOYoL5/tWlXB7eRdD5oT6ZK47A1PepLbRwaV4hs47y0yPJs9bl3I3/XpqSjKsccB/mxxxWRFqNvbX76bfBfC+qznDtbQsbS7P/TxZyAFSe5xn/arejsNd0iGaC2sjZ2bA77aKM32m3IPrBzJDn/ZBX3NZRjfVf1/X3epUm+pzl14KtLu9hXw7qN9YeIAMx6dqkn2a9/7drtfkmHXAJPHU1z97cXUN+bLxhot8+qoP+PiJBaalGB3I/wBXOv55rvdH/srxJ5mg2kUGk3WedMvQbrT5j6wtw8J+nT0Na2p2HiCwszpms6NLrmjoM/Y9SDXcUQ9YL2MGSL0HmAfhWbwja5ktPvXzX9ehUK7TszzPT7C+je41Dwdqjasw+acWaCG7QelxZP8ALJ9VBJ7VFDf6NfLcR3tl/ZEucTT6fCXtye/2ixflD6lea6C28D2vitWv/BF5dxX1uebHUJCk9sR/zwu06j03fiazdWbXbB1i8feGtT1JYxhb4RmK9hHtcRjy5QMdG6965XSklqtPw/4BqqkW99fxGLZ6hp+mySWE9nqfhxvveUDe2B9niP7yAj24FYE1potxDG7EeH1Y/uzK5utOkPbZOPnhP16eldTp/h3U3A17wXqk1+pwS8JFteL/ALMqH93KB78H3qV7yA3RTxXoWpaJqEnytqmn2rQNKembi2YeXLnkllz7YqJ02lqv8vvEqjT0PPtX066t4ol1mzjurNv9VJPJuQ+nlXiZ/J+fpRXqc/gDxLpcJvvDxW9sZlLGTT0BinHpNZSHqe+wk0Vz1MHK+sX91zeGMjbc+WnudG0wfY7i4j1qdTza258iyiP+23WQ/nn2ratdO8VeKkEcFl5elIvJkU2tlCv+6fmkHuePpXRXnjv4WeFiJrLTbzxLc5/19paLBb7vaVwC3PoCDXsHhLxd/aehyar4o8M2PgvwrwUk1CZVMw56IwGfy+gr/JTG5hWp01UjTfz/AEW5/pbgMuoVKnsnVXy/V7HhFnY6HBKgilg8R3qHb9pu8x2kTekUC/PIfoB9a7ceHtTu4l1LVQLOzi+YXeqxbEiHrb2Q4z05bk+9beq/F7wL4fk8nQPDl5qEjnar21otrHLz/CxAZv8Avmuri8Z2J0NdQ8X6Np3hy3fmOG7kEksn/ANufwxnpxXBXxmKspezav8Af8kephcDhG3BVE2u23zf/BueTpqWnC636PFNeagOBqF6n2i5bp/x72y8KPQ4A9QaS607U4FbWNWmm8PQNx9qusT38w/uxpysQ9h09q15/i/pGn3Mdn4f8L32p3MjYjiWEW6Pz/CmCzfkK9ebxDZ2+kWmofEe20Lw1JJ80NpJGJ7hx/sRAFj+WPXFLEV69Jp8m/nd/cPDYahVuo1NvKyXq/8Agnz5YzJ5jw+HrO6hmlHzyQr9q1C5/wB5+VjB9849qu32k3mh2puvEs7eFrSfn7JA/mX16f8AppKeRn6ge4r0aT446Zbahb6H4L+H+tazfOwCLcEQbv8AaEKBjj3JWul8UeO9As7WzPiqy0mHxKybvsFrGtzInseCcj6ilLF4lTinS0fnd/8AA+ZpDCYWUJONXWPk0v8Ag/I8U05tRv4WsPDum3Nhp/8AFBpnMsmeM3F2flTI64OfrUV/Z6R4dhjtPEsjSyMdyaHpjFEc9jcTnls9/wCVblp8T9e8Ra9baB4c8HatqE5bHlmQDy19WRc7R9Wr2bUPEPgvwqix67b2eo+LVUO9jpcP2m4T2YjhMf7RFGIxdalNRcNX0Tu/n2MsLhqFWDkp7dWrL5f1Y8HstO8YeNYo9M03RphoowItPsFNvZIP+m1wQPMx3C1uXGkeDfBkkFjrYs/GviaPlNOGLfS9Pb1fP+sIPrkn2ruPDPxt8W+LvETaJ4O+HJa1Rts09zdhhAnQl9o2rx2yT9a9E8R/FPwP4WdksdMXxJ4njA+0Jo9ssvkuOoeY/In4tn2rhxWOxaqqj7Pfomr/ADfQ78LgcJKi6yq7dWnb5J7nkzaV418Z3UFze2bXyphoZb6I22m2ajvBbn5pSPUg/UVkXmsaNoWqrBpJTxP4tjbadW1Nf3Vq3pa2w79OmT/tV3ngD4weLPiBrs8WhfDWK00aMlbzUb283pCO+6QALn2Fdf4q+Mng3w2Lz/hEtAuPFuooNss9hCq20bDruuCAvHPrXLKvio1vYOld9k1p6s7qeHwk6Pt4VrebT19EeS2nw/8AGPiGZtf1ma40+AAtNrGtJh0Xv5Frxj2JA/Gn6d4h0TSr2fTvhtA/9qNmO48QX0Ju9Rn9ra3UHYPQ4/Cu7+GHxC8dfEie71a98FafongyIFrnUr65LRKoPO1mwpx7DFa/ij9oXwj4UtrmPwd4fu/FCQ5V7u3jW2sQRxgTEfPyP4VI9CaipiMZKq8PKnzPsmrL1e3y28iqdDBxorEKryp9WnzP0W/z/E4uw+Guuyw3/iPxDeXfg3RiC93qV+TPqt8PRFOfKz79M9BWFZ+JLEW9zpHgHTr7w5ornbNJaxm41fVO26SXBEAP1z7iu58JfGvxr4xsbzWfEPhvQfCng+Mc3dyx2kZ7F+v1A57VwHin4+aLoMclzo+g6n4nj3/LcTt9ltWbp+7Qjc/5CtsLRxtSo6VSndronovXpf5+hjiK2Ap01Vp1LJ9Wnd+nW3y9S3LoMulaFPqPiiVvBfg/O5tOsH8y81Fu/nzjqT3wf+BVxsuv3mu6cNL0LTZdM8LrxHpWlAr5vXm5usBee4B575rvtF+JfijVNEm17x7p2g+DtCI/0YSsd756YVjnn9fSvO/FHxhbRVil0rwbqWsKzYin1GUwLOe3lwDLsPqR9K7cHRxMpuEoJyXnov8Ag/O5wY3E4WEFOE2otdvef/A8rWKmq6QmhadZ3Pi+3F1B/wAumiWBCWyEHrI3V/qePrVy3t9Z8TJBIdHk19VA+z2McbW2l2voZHYDzWHoM+wr0zSfiTqGneGodc+IelaR4WuJlxbWqIZJpPQJHyxPTgfjivJfFH7QfiXStQgh8PeBJ572dsW51JybiYHoVt05T8Sa3oPF1m4Rpptdb6f13sc2I+p0UpzqNJ20tr8/+CrG/r9tD4PnsL3xXIni3xg4/wBEtihjsNN6YO3GDj6ZPtUMOmeLPEN9DqENhNrOtE5XUdThaCx00H/n3hYAv9QDnua7YfFO98K+HoL/AOKUun6d4gnXfDplipe5Yem0EkH34A9a8D1z9pTxxrWsw6B4N8E2sE0jfItw/nTFf7zKuAv40YLDY2tfkgtN5N+78ttPT5kZhi8DRa5pvW1opa/Pz9fkdH4i8TWfw/1F7fRhL4r+IMq4n1m+jZ0tfa2iGQPoPxzXE6d4P8Z+LdRk1PUJryxaXBuNV1FczuvpDEeVHpkACvRtU+JkHhKyt4fEzQ6x4xkTebKxjDOD6HBwv1P614ynxr+JniXxTFovhrwhYRTE4KF2naFM/edgdij8K9jAUMU6blTgk1vJv8vL8DxMwxWFjNRqTbu9Ipbevn+JsTam2iz3nhf4e6Xqdg5+W81Y28k99dk9QmAcD3/TvV3QfhBrWoQXF/rzXHhLw7tMtwS3mahenuGPPlg+/PtzXaeI/jVp/hGKLRTDL4p8XiPM9vYHCRNjpJJ91e/qa8HsPjr8XfGfiBtI0DRtHsbdWPnsu6RYV/2pMhc/QV0YSjj6tNypRUF1k3q/P/LQ4sTicDTqKFWTm+kUtF5f56+p0OqeIWu45vCvhLRNV8NeEYiUNtZW7m71E+skgztB78598VmnwdK2mte+KYP7I8M24LRaPZNlrg9vOkHUn0Bq14k+LcdhI9jpkUnjDWYgRMYn2W0Ld8ueD+FebeHPil498QavKZINJsdDhY+bKgJVR/dDk8n6fpXrYXBYr2XPCKiurb1f63ff7jyK+Nw3teScnJvay0X6WRNeahqvieDyP7DvYNAgP+i6TaxGKAY6GeQgKT7ZxWbqGlXFraDWdfi/tWSPAttPtUzbwEdP94++MemetT+KfiybieePRrYay0Rx5sr7LeMjvn+Ln/Pesbwb4y8ca9cTXF2NOtNEiyZJ2XZGoHcMete1Sw2IjT9o4qKXS+v9P7zzp4jCyqcnM5S720/pfcYTaZ4k8TXMV1daZf3l2zYgieMx28Pv82Mn866e88JnwJZR6vfae3ibxVJxFGsZaG198D09K1NW+LQ0y3nl8LaRDqTqSH1K9bbG3tGvUj34+lV/DHjzxjqlvd694tn07TtFUHy28rZu/wB3v9K2nUxco8/KlDtfV+RlF4NSceZyn3tovM4v+zvE2q3B1K8huEvpRg3V4mxYR/djj64HoBUl5ZT+H0FrpFrdXN/P/wAfF+8RdgPYDP4AcVJ4g+IWpFZrzS9KgWyziO4vWOZD/sRg/wA6u6N4n1iHSpNV8WTW1lCRmKNUw7fh/SuzlrKKk0rdjzvaUHNwjJ37mdbaDqUi/Z7ZZtHtpObi8nwbi4PfC9VHXrVfV5L3So08O+HNPu7a16z3KRs0kvr8w7+9ZeteOdZUCTT9LtrWKRsRmcl5ZT7KOlao12+03SEn8UTotzJykEY+Y+wX1rdUqqalNJ+RzKtR1jBtW6mNZ+GJ7hliv1On6dnPkK4Msx65dh0/PNVNZutSuZo9JtNNvLXRo/lEcMZAk+rdMVj3vizXJZ4oLGxigZzhEb5pD7kdq7axa+ltkhunie/C7pSDtSEf7RrsqRnBqdS3p2OWlUhNuFO/r3OZh0a4lmgOoRiXb/qbKM5UH1YitO8v4dJUyPNHcakFxuX7kHsn+NQazr1np0ctvYuXlb/WTHrIfQegryfVdVkmJG4knnGeg9668Nhp1mnLRHHjMbCgrQ1Zc1fXpJmdY3Y5689ah0bRbnUplmnVynYc8+59qk8PaG97KLi5ibyRyN38X4V7XYWFrptol3fo0cTcQxKPnuG9h2HvXZjMXCgvZw3OLAYCWIl7Srsfsz/wQRgFv44/azhxgLa+GR/6XV+hercf8FYv+CdGOP8AiofHn/pkevz+/wCCD0rzfEL9rmR0SNja+GPlXov/AB/cV+gOr/8AKWH/AIJ0f9jD48/9Mj16uYtvLpt/yP8AI+UrJLFNLbm/U/vF1n/W2f8A17p/M1j1saz/AK2z/wCvdP5msev4rqfEz9Fp/CgoooqSgooooAKKKKACiiigAooooAKKKKACiiigAooooAKKKKACiiigAooooAKKKKACiiigAooooAKKKKACiiigAooooAK/Hr/gvS7x/wDBK/8AaZKOyEppCkg4yDqlqCDX7C1+PX/Bez/lFf8AtM/9c9H/APTpa173C6/4U6H+OP5nHj/4MvRnjX/BUnxJ/wAEvP8Agl14K/ZR1HXf+CRX7Lfx8vfiLZ6pNctb6RpOjNpcOn2tnNcTAtZSiaRhe5WMGPlCA2SBXgf7bXhP9mT/AIJheHf2CP8AgsB+wh4Y8U/BD4G/E/VNH07x98ObK6lWx8R6Jq+kSalbzjT5HkitbqGK0YMsRCBzGVCkOz/pL/wV0+Mf7Kvw+s/+Ce3w/wD2gv8Agn3ef8FAfiB4sj1dfAmhwXMSPptza2mnSXKiOT5ZvOWWDKEEEQcg8CvxV/4KJfEP9tf9pr4nf8E8Pjb+2p+zb4Q/Y2/4J/8AhT41eEtCh+HD6rHf3MNpNexi5v8AVXRI4kiW2tWhjjKII0lcBTlmb+uczng5r6riWvf0s92fnlBVV+8h0P0I0z49f8FsvjvY+AfiL4D+Ff7Cn7HHgjxfIZPA3hb4weKp4vE/i23YhohHbRZZZ3R4z5RRHG8ZXBBPj2v/APBV7/govo/7Rfw7/wCCeuo/sT/C7wR+31qmqTwtZ67r8v8AwjWr6atnLcw3un3UTZZJVtphuLsqspRtrB1W5/wcN+OP2Jfg5+1n8Ffid+17+xL+1H8YtSbwrZw+FvHfhjx9No2jwS297dTGyiQKyJeRMwmbaVYrLE2D1r5t8If8FA/+HkH/AAXM/wCCSfx1h/Zi+JH7OmmQ6ZrumadN4klEj+J7MWOoSpc2rCOPfbo00qiQblLGQA5VgPEfh7lDSj7Faev4nUs4xCbfMe96b/wVn/4KRW/7UfxB/wCCdt/+wl8NPHH7eGn3dkLLTPD3iORdBtLGWwjvpLu+u5WKrEkE8DbvMQFpFTliAeU1/wD4K6/8FMfCX7W1z/wTx8Q/skfs0p+2TNr+j6XZW0PiW6bRjHe6Y1+oefecv5RhO7eFUlgQSBX7L+GNG/Zbv/8AgoP/AMFabj9k3UdV07/grE3w/wBHtdQufFextKsxJoFp/ZraZGPvWfmR6QbsuGIlEX8JUH+Xz/gjl8H/ABT8cv8Agqf+yl48uvDn7THiz48+A9U8U6h+0b4q8dTzagmm61aWFxY2dsl4xYFjLIseyRvMGcAFYs1hPw/yiMlahe789PxLWb4hr4tj97/7U/4OGs4/4Y0/YSz/ANj3cf8Ax6vgH4Kf8FU/+CpP7Uf7RPxs/Ym+Ev7NP7JPg79ov4cya2vjXWPEHii6TQ9Jj0++SymkiO4tIFmkAyC+V+bAAOOU/YM8d2vxI/4Or/2xfFOk37ajpCReLdBjnWTejvYQ2dpIit0IV7c8DjpXzH+zp/wSr+Ev/BRD/gpn/wAFofip+0P42+IXhz4F/DD4reKrjVdE8IlV1bxPLNrGpTrCJGWTEKLprMUVC8jyIEZCpNdP+oGUb+xX4mX9sYm1uY/W3xN8Yv8AguH+zX8P9d+P/wAUfg5+xJ+2L8CtGjbUPEP/AAqHxHdf2lp2nRDfcTwLcKonaNAzFUV2GM4wCR5d+zn/AMFG/wDgqV+374U+MHxx/YP/AGR/2cfGnwC8O+Jb3w9ZjxN4juLTWrySC1gudvlCREZ3juocYwNzYPTNej/8ECvi3+xF8Ufg5/wUJ8PfsR/skfFH9nD4daRYaYNR1PxV4wudcfxjLNaamELQyboLSWFIf3iQs24XEe44Vc/H/wDwQJ+PHin9mD/ghH/wUN/aE8FQ2Nz4p8HfELW9es4rmPzIpnh0PRGKOp6hhuH40qnh9lEp87or8bDWcYhK3Mew/B3/AILGftWfty+JPhR8G/8Agn7+y78PvGvx7HhK68SfEy08YarcWWm+D5obhLZrZZh5Z3NKTtDneQ6YUjLVl+DP+Cj/APwV98fftpfE7/gnr4e/ZL/ZDX9qDwdpA8Q65a3Hia9TThYtDYyp5Nz5m1n26nbt1xyR1HP1V+zj+0d+wt8G/wBsH9lu+/YVfw7ffEb9tDxbL8RfH8KTw3M3hXRLfQry5eweNcm1lk1OWV9nGGS6XACpXlX7MX/K2z/wUD/7JNZ/+mnwrWVHw6yiEeX2SfzZUs5xDd+Y8D+Cn/BXj/go5+018cY/2Rvgl+yl+zhJ+07pEviSHxRa6z4huoNMjfSrxbaZbWUOOQzHO5jnHFHwC/4Kyf8ABUT9qn9pv4o/sU/BT9kj9mJ/2k/h5HrreN7fV/Et1Bp0Z07VItOnFpL5gztmuI1wS24EsMAV9Qf8E3vi9/wSr8S/8Fg/2ifB37OX7G3xt+FX7WkV944XWPHeseJLm60vWJodTC6i0No99LGgllJddsXyD5cLnj4r/wCCJH/Kyh/wVz+nxT/9TzTquHh7lC/5cr8f8wecYj+Y/V39g7/goTrX7S37LfxD+Lnxi8KeB/AHxe8Jax4g0fWPDOlaqHW6k00Es9uJC0gVyGQH5huRsE9K/L3Vv+CwH/BTXwv+x/8AD7/gob4m/ZI/Zkt/2RvEutjStNmh8SXTaw+69ntF3QCQ7TvtJvmK4IAOBmrH7Kf7Gf8AwSx/4KweL/8AgoF4X+D/AOyB8Zf2Ivj54A1m7h/4WRYfEfV9QgudRuZ71BcOlxMYIh51o8klt5fMTEK64yPDfj0nl/8ABpZ+x1GWVivjmBcqcg/8VJq/Q+leXgPDLL6VWpUqR5oy2Wvu/ib1s8rSUYp2a38z5H8VeM/2xv2Mv+CfOkfFf9oL9mn9kr4+f8E2fj740tfGvh/4fa7rOpXNz4V1q+tJb1JLK4t5Le4s0aO1l3IHkCnIGDLIZPsXx9c/8FFPg58Vf+CaH/BQn9rf9nX9nPwJ+zjYXPh/4X/Cr4Y+GdQubP8A4V7Z6zbMqO9lKski3wtYQHaSUhGhVDGpG1f1Ws/A37Llz/wQz/4JoftC/thXvnfBP4KeHPC3xUl0PaCfFep2ukz2+n6WNxCsZ7u9t08tgUk+4+FZmHgX/BRb9ovxj+1v/wAEiP8AglD+0j8QLPTNO8X+Mf2hPA+sXttYptt7Zmk1ZVjjHXaqoqgnk4ySSSa+2zLCwlhJ0Wvd5WvwPKozaqKS3ufsP+1d+078Nf2O/gL4+/aE+LN5cW/hDQrdXMEG3z7+4dgkNtCCQDJI7Ko9Mk9q/Nzwp8e/+C6Xxg8MaP8AFPwD+wD+zR8JPhvrYS60Gy+IfjprbWZrWQboWuIElQwysmCYnRHHOVrsv+C6Hw0X4j/8E4fjHcr4t0Dwff8Ahm703xdaTam6rb3U1ncK4tiSfvSBmVRzltowc187f8FBfBH7Kf8AwU5/Yd/YJ/4KQ/t3fFf4t/8ABPfT7ZI7bTtCNimrLrFzqM8JQ2dsgMzpKLI3EUwVXNr+8dAqhh+LeGnCeX43CzrYiHNJStrfRH0+eZjWpVFCDsjyT9on/gpt/wAFbf2U/wBoX9n39lT40fsmfsj6d8ZPitf6fpfgn7B4mvLixa4udQjsU+1SLIdi+bMoJ4wDnnpSeMv+Cnv/AAVd+Hn7avgv/gnT4t/Zd/ZBt/2pfE0dte6IYfEWoPo7W0ltcT4lnDlg5FqwB4APB7Gui/4Lt4/4fd/8EMsfd/4Tbwvj/wAK6ypf2tPAHju8/wCDq39jbxpa+CvFl14Oj8P6b5mrR6dM1nHt03VFbdOF2DBIByeCQK/Sv9QMn/58r8Tw/wC2MT/Mcnp3/BUP/grFq37dmtf8E0rb9lf9kKL9rHT0N5ciTxJfjR/sx0qPUgFmD5LGCaNs56nbtzzUfwp/4Ktf8FR/jf8AtT+Pf2Evh3+yl+ypdftS+Eb7XYfEMd34lvYtJeLT5LeJ/s0pflg1wxyzEMoGApyD2HhH4f8AjtP+DvX4peOX8FeLl8FP4ehKawdNmFiw/wCEDsYsi42+WR5gMfX7wK9eK8l/4JwaXqujf8HQn7cNtq+k6rpU1zJ8QNRthdW7xfabWS+shHNHuA3xsY3wwyDjrS/4h9lH/Plfj/mUs3xH8x33wI/4Ktf8FN/2p/jV8Qv2RfgR+xh8DNV/af8Ah/qWuWfxEfUdeuoPD+jrY3i2YEdyXGZHn81QpdiwjZlXaGK5fwU/4Kr/APBU39ov9qT4nfsNfCv9kn9lo/tOeAjrbeLbfUfE11Hpnl2F7b2kn2WYSYJElyvVjuHIxjFfpR+zZ4z+CH7GH/BVjxT+wb8IrXSfFPxu+M3iXxx8cvjF4hD7pdLjuJLm60TR0JGV2wXDzvGcFDIHUstwa/Lb/gkf/wArNv8AwVE/69/iH/6kulUo+H2UL/lyvxF/bOK/mO//AGff+Cs//BSL9q74hfED9lv4AfsI/DTxZ+1P4G1rUtP8f3l14le18L+HYra5a2BM0jhmkeaKVVQSFnCMyqQrFf0h/wCCbf7Zvxd/az0n9pbwt8fPhr4N+Gfxk+FnxG1L4d+IbXw/eyXOnzXdodkjQvISxAkWRd2SGABGM14VJ4a+FWpfsKf8FoT/AMEcdY8fab+2PcfEfxGvxDn1e4MXiE6vFfM99FpbQFWiia2bU1sJEG4ys4z5oYr1H/BE/wAFfs2aZ+xjo/xU/Z317xv4qu/HmoyeIvG2oeJdUN9qbeIiipdRXMnTejqeeWbfvYktx+feIvDGW4DAc+HpWnJ6PXQ9nJcdWrVrTldJH69UUUV+CH1oUUUUAFFFFABRRRQAUUUUAFFFFABRRRQAUUUUAFFFFABRRRQAUUUUAFFFFABRRRQAUUUUAFFFFABRRRQAUUUUAFFFFAGxo3+tvP8Ar3f+Yr+D3S/+UsP/AAUU/wCw/wCA/wD0ypX94Wjf628/693/AJiv4PdL/wCUsP8AwUU/7D/gP/0ypX7P4M/73V/w/qj5biP4UfCP/BciWGD4nfsdyXBRYfsnigEsMjlbHrX5YzS6bp8Y1BbRHUYO6LkD361+of8AwXX8wfEH9kExw+ewtPE52Y+8MWOf61+P1nqpsUMlvuvdGfiW3YZaI98f4V/ZfCGJ5KMk+5+W5xR5ppnf2finTLuZGjujZ3I4UuuA3sfUe1dDLAl6p8oKlz1ZM8P7r/hXj15aQxxfbtNK3mlOMsn8UZrV0jWmtY4xLObiwyAsin54D7+1fbYbMHflqHgVMKrXR0VxDLbuThlOecnpW1pviGeyeNJy23AwSeo96lSeDUkQXDRmZh+7mHCy+x9D71m3enPCSjRtuXse30r0YuUPeps4JwV7NHqNlrNpfIjFyMcBkPzIf6/Sr87IGhN9Bb3ETcJNtBD/AI9j7V4da3lxp8oKEkDqp716Touv28sTIwWWFhiSFuQfw/rXqYbHc/uy0Zy1cPbVI3ZfFNvpM62n2OaFc5GwDH4c1v6fqWia0JJVhtJ5wMsjRgPn371g3Gm2l7bF4S1zZr8w7y2v+I965O5tp9NljkaQqmcw3Uf8mrpliakHrqjF0otWWjPQG8b29tctZPZX9ts4O1AQB7jPSuks77Q722kv7Oxs72dRu2xoA2fp1zXnKahaasI7bV8WOqAYhuoyAH9AT/Sq8gu9MvFMrnTtQ6R3Cf6ucehqo42e71RnLDo9Et/iDo14z29/p99aop2ljGHVT7jqPyro21XTdN09ta0nTrbU4wMs9vtBA98CvL0u7fVLgCYro3iEDCvj91c+x9f50sVzd6ZfH7N/xKNVxl4m5guh7f5zW0MdNay+8yeGR0i+MdB1f5ri2udPVzjM0YeHP1GcflWlqWqQeHrGO4tdMFxZuMs9uVCn3zjH41y8JtNSuJZNNWLRte6zWUv+pufdaWyvpbOea1s4DaT8mfTLg/JLnvGex+lNYyS369SfZI6fSfFui6nLBDqds9srH5BeRh0P+65GBXReIvFqeFXtok8Pziwf7k8EgVD9Plx+Brz2GztNTWdtAAMnW50q54ZfUpn/APV9Kt6Vrl1p8Utgls2taKfludKvBiWAd/LJ/l09K6KeOmo2bs+5M6Mb3X3HdaZ4u8MeIbiKO7it4L8jCrdwKrN9G5B/A0t38Sb7wnq8dlN4dvoBn908bjbKv+yMYP51w0/hzTdTs5dQ8IM2taYObjTJvlubM+qZ5/D+dUrPXpIbJrC9hk8T+G1bD28wIurE+oPXI9etX9fqRVm7Puuo/YRfp2Ppvw5418HeKRO2nabp1v4pVdy217bJHI5/2WI5/OuPPxilt9ZutG8ReB9VtJoztYQMGcL6+WQMj6GvHprKC6so7/SppPEejIQyvGcXtgffGCwHr1rai8WJfWEFt4ujbxToyYFvq1sdt7YH/aI5IHp/Oun+1qlkm7P8GYfUo3va6PoPT9c8PaxpN9qvgyw03U9XiXc9mYlguMejLjcDmvNdM+MTT3F1Y6l4X1bT0jYrOgjFysZ/20IBAriby2e3S21xL6fVdNU/6Pr+lkrcW/tOi9QO9ar+IrDVfs1x4yKxzgBLTxPpS8+wuIx29eMfSrnmlVtWfL+TJhhYrpc9VvviCbPQzrfgzSdI1uBRiYWqiMr9QoyD7EZqp4X/AGgPDuqKkPi/wzd21mG2vI0YuYo/97jI/KvN9Qsr7RZotammi09pAPJ8QaSu60uh2FzDyBnuelRX0ejanLFLryReENdlwItWs/nsL09vMH8JPv8AnW8c3rqV4u1uj2YlhKdtUfQHj3xo2haRa674L8Maf4k8GMN0s1lNtEI/2wAQo98VxOj/ABI8La01vcajZXnhuSThXvYhLbE+04GF/EAe9eYWt14n+HmopcwXI8PzynK3MJ83TtQB7OvQE/nz1rsYJvCniaYKTafDXxdPwUdfM0jVWJ9P+WbH2x9DXS81qVJ3vZ9nt8mZLCxhHuu52fiD4weMvAV3bLeeFIb/AEByPIvLe42oy9iH5T/PWu/8MfGTwR4lkgh1Kxg8M+IZR/o51O3Xy5HPTbOMg9u4PtXhsR1zwXdvolzbxaGJs502/wD3+laiD3hk6IT7Ee4pG8NeH9ZllsvD4XwvrcnzSeHtWbda3R/6dpunPbbz7V1Uc0xEZ3Ur+T/QynhKUo2tZ90epeJfjX4v8K+IU0vxf8M7eS2kbbbXlpeGM3A7GNmBVsjtkdq9J0X4i+Gdfjmt/DlrY6Z41EZeGx1iMW08v+yG6Pn/AGSa+YtO8R+JPCxl8Ialpi6ppbcSeG9eIYMuOtpcH9MH8K6my0zQfFKy2Pg+4W9lT5pfCmvv5V3bH1s7k+nbJP1Fa080rubalfye/wAn1/PyOerg4JJW+fQ60fH/AMR2Wtz+GfHfwnv4bwdRZ3YEpX+9GjgCQf8AAsV6HbfEG41XS7iT4RLo2qeIIVLTaNfxG0vAB1/dnGfqMg+teLLqV3MknhvVdPm8a2Nv80miaz+41fTf9q2nP3wOxyc4GDUcOjafrgM3hqa58YraHebC4f7Hr2knPWOTjzAPfr6mijmuIjdc1/zX3ESw9N2drfkeh+HP2kdYv7y80bxr8MNXs57f5br7JiZ4j33QOAxHuC30rovGPibVdd0T+3vhHpfh3xvYxc3lhFuivbQjJO6EEMTx6Z56V5aPEja9H5HiO1vPH1vafL9riH2PxHo2M/eHHnAZ79fen/2Pcaog8T+EtUm8ai1PGp6P/oet6cP7tzbceaB3xjPPymtKea1nBwlJy+66/wA/x+RSoQUrpW/Ik8MfHVb6KSHxT4Q1WKziYpM8X+ki2YdfMXAdMe6mm+N/FHiJbdfEXgrRtE8a+FcFnms5H861A/vop+XHclTj2qGTxZp3iIC98c6XJrs0P7tfFPh9fs+qWeO13bYHmY4yCO3SqL6Bd2anxf4X1Ya9pwOf7f8ADabbiL2vrDvjuVB/CsPrlWVPkcrrut/6/q5rGnBS5rW/I0vCHxv0+SGM+JdKutGiYYS7kxc26/70q8r9GA+tN8TfEzx3od4mqSeGPD+t+G5WBh1OxuWjXaTxucblHHqMe9YD3+jamjaxrEUdjJJ18R+Ho/Mt5+v/AB+2fPPqcE+4qFdK1HwzC2t6PqENno82SdU0Zftel3Q7/abU5MWe5HA9aTx9f2aip3t1W/zX9eo1Rp810j06x+LkF7YLDexS+FNTmT/RZ7+NZLWRscDzkJQg++0+1cTd/Fb4meGtTjtPFfgnQb3TJWxb3EE5jjuMnjZMxZMkc7TisaOXS0gM94tt4OW4/wCX2yT7Zod+T/z0i6w545HApZf7Y8I24KpbaRolwMcn7foN8D78mDPpwPrU1MfWlFXla3b9UKNCCeqO6v8Axja+ILZbTQZYfBXi0jMdlrEAiS5Poko+Rs9sGvOj8T/HPh7VG0bx34IW2vAcJJbSGNpR6oGO2QfRqllutAeBbGdIfB6zfds7/N7ol2T/AM8Zh80Ge2Dgf3ajvb3UvD9tFo+pwwLokpxHp2tN9r02f0+y3o5iOM4BwR6Vz1cXOXvKVrdtvmv69DWFCK0sa+ofEPXNajD/AA71bSZtVQFpNI1OLybhsdlBI3dOxI96K891LR/DmryRWVtN/YGpE/utL12T9257fZNQXr7BufaivNrYivOV038np+TNoYemla33o+f18Q6LoKrrGkWw1C7B48R+I0wqn/pzshz9OB+NWJ9T1i/UeJNbu20eyxxrniH5riT2s7IcJnHHArkxq2m2DNrGgwNqN0OG8SeIBhU/69bc8d+MCrtr4a1fWBJ4q1rURplhn59f8QnB78Wtsf0GOewNf5Wyw8F70tPN7+n/AAP/ACU/0Vp1pP3Y6+S2+b/X/wAmLH/Ce2+iyteeG9LmgeQ7f7c1lvMvLg/9MIcfLnsAB9DXVWGmakbZPFHjqdPBOkS5232rymXULweltahcjOfb6Vm2eq6N4XhOreF7NLOUja3inxFEJLiQ+lnakce2QOvSrqaLqt3FJ408Qai3hLS3HzeI/Eh82/uxjpaWp+77DA9hXNWlHouW/V7v0/y1f91HbSctm+brZaRXr/S9Wb6/Eaw8MJs8H+GpfCsVwdiarqWLnWNSJ/54QBT5ec8cenAqC6uBpKNr3juefwXDc8qJ5/teuaoTjhUwfLzn3I9BXMy+MLHQYJbzwJYN4bhlykninXl8/Ur/ANraE8gHsAAPanWngXVlt38XeLdVb4aaHPgya3rZ8/WdTHpbQHJQEdMAfQ1jHDQj70/dv85P8/u1fkjZYmpL3Y+9b5RX5ffovNluf4ptpy/2J4Z8MXfg23ujtjt7dvtWt6oT3bAJjB9+R6VvW2jWugwRXnxKaTwX9qw8OhafN9s1vU8n/lowH7sHuc8e1Y0fiTSvBtk//CD2H/CudMuPkk13VEF1r2rk/wDPGI58rPb8OBUkGh6jYWEniHxBqT/Cbw3dNuk1HUT9p1/WyeyIcshP0/Ciqope6uVP5yf5/wDtz/wjpVpN6vna+UV+X6L1Oru/iM+nQxeFdI0CbwNZz8Q6Bocn2nWdR7ZuZwP3YPfnjuaWS507w9DBp/jS0bRZ58PD4R8PzfaNRvM97ycD5Qe5yB71x0niW08M6c9t4UtH+F+h3XyvfTL9p8Q64T/dHJjz6cnngCrFr4Xm0nSv7W8V6lL8H/CV027Zk3HiHXyefd1JyOOoz2rjeGglquW/zbf4/hzPu4nRDETk9+Zr5RX5fjZeTOtuviBqOom38FQaJLp+8AW/g/wxJvnkBGM3tyFAUepyPfNWrx/D/hprfTPHltDq3iDAa38D+HJ9yw+hv7kAADpnkD61x994uTwto66J4XsZPg/4XueFit1+0eItdyeCzctHu/Ej1rMHhIaNpKX3jy8l+EXg+4bdFpdsxm1zXCT/ABnlhu79SO+KUcLDRtcqfRayf3X/AAu+8kbyxU+vvNdX8K/L8bLtFnbXnxQ1nxXeW3g628OR+IrpMC28J+HpPL0+xHY3cqqN+O5Ygexrbuta8NaDdJYeNbSD4k+OYgDB4P0KYLpulHGR9snChePf8jXkuqeNn0nSIfDfh/T5/hN4PuCEj0zTv3ut62TxiaVcld2eg5561D/wji6Ho9o3j66f4ceF5+bbw3pp36tq59JmHzDPf68kVp/ZtNJXXKuiT1f3f+2695mcM3qO/K+Z9W17q+/8L/KJ6DrnxM8T/EPUo9AbTIfGOpQYEXh7SZfJ0bRwOn2iXADke+enAqtNreiafqK295aW/wAVfHcHH9n2k3laPopHaWTGCRz6njoK871vxSYNNtvD5tW+H3hSQbbXw5o53ajqgIx+/kXkZ7gfiTVC7gg0ywtbbxtu8K6E4zZ+E9I5vL/0Nw68/X8cmuillsFFJR5V0S3f3fp85HJUzeUpNt80u72X3/r8oneXHi/xB461n7Lp+nxfEDXYCd22XydF0T26bWYevJqBPEmjaRqMraRBa/E/x5FkT6hM+zSdGPcISMMR7fpXnmv+KdSubS18PalC/hvQn+W08J6H/r7oZ4Nw6jP1HSqd9pdtplpZp8SLg6VYtg2XhLR+Zp/QzEfqScV10svikotWXRLr92/ysu7ZyTzKbbknd93svv8A1u+yR6Lp/irVfGGryy6HZjxtr0QPn63fyCPTdKHcQqVwcc9Pzq3B400PR7y6uPCUMPjjxSgIvPE+puFsNP8AVYFxhiMduPc14/rfiXU9ZSz8OXlk9jp7ELZeFNGzmQ9jcuvLe/arl7pukaDHZS/EydNQvcBrDwhpTfKpHI+0Ffwz2+taPLIaKS9Euv8An+EV1bMI5pN3cH/289l/Xzl6Hf6V4l1XxLd3ur+G4/te0EX3jHWpAsMC91tkIxgc4C8ViN8S9J8PNfSeAIGvr0gi88W6qQXk9RboRwPTHH1rzbxP4q1vxTdWematB9pCgf2f4Y0sYhgA6ebt4P48U+803S/Db29z48kj1/xFgPZeHbJgYbf0809OPfjjoa7KeWU1ZVFv9lfr3/CK8ziq5vUf8N7byf6f05Grpl5qnicXurwPJo2gtl7zxFqcu6a6Hfyt3brjGBT4/HWn6PYXNp4CtP8AhH9C/wCXvxBeNm5vfXygRn6Hp6CvP9d1vWfE2p29nqMb6zqII+yaNZ8W1oOgL9jj1Nac0Gj+Fbm2uPFjJ4y8ZD/j20i3Obay9C/bj3r0Hgo2Smr9or+tfV6LojyljpN3g/WT/rT0Wvmb+lwNqNjdavI8vhLwd/rLnV72XN1qHc+WCM8+v5Utx46trXSZ9N8I27+B/BY/1t+x/wBO1Q9yCeRn868+1PVtd8V6xbJqiv4j17pbabb8W1kP9odBj1Nbsp0fwjdRTa2YvGvjrGYbCM/6Lp59W7cVo8HHTn1fRL8/+C9OyM446Vvc0XWT/r8Fr3Zo2mlLc6TJf6o48B+AVO5ndv8ATNT/APZufzNY+teKYf7L/szSYX8F+BlOFijG271L3Y9QD6d65bUdd1bXtYSW+lfxP4jH+rgXItbAZ7DoMetV7maDSbsvcSDxJ4tYfKoP7q1+np/Ou6lgnde01fbt/Xd/JHDUxqs1DRdX/X5L5liRVSwS41sjw94cU5hsYzia6/38c8+lYWqa3cX0EdvNEdJ0MHbDYxcPP6Bsfy/Oq4S91PVMDdr3iFscA/ubUfyGPzrpbY2Hhy5ZbRIvEvjI8NIf9RY/0GPSvRUVB66y/r+rs4E3PROy7/1+SKsGgW1pZw6p4wb+zdMyPsumRcy3B7ZApusa1JeLbxahbi2sMgWej2/JkPYyY6n9KhB1DUtWkW1kOveJH/1t1J/qrQe3YAegqVrqx8Nyy22kAa/4rfie7kGUt/p2H060km372svy/wAvXcbkkrR0j37/ANdth0ltDYC31PxcFuLskGy0mHkA9twHX+QqnqGp3V9d20+soL29JH2PS4Qdkf19T6k1j2y6he6jLHZyPqWtuP8ASLuT7kA9vT6VoC8tdBaWx0EjUdcYf6TeyD5Yv8+lbeys+7/L/JfizmdXTTSP5/5/ki7dmLSpo9Q15k1XxA//AB7WUY+S39OP61z11fXNxepLdD+09dc/uoFP7u2H+e9Z9ut3fXU8GnSPc3bf8fF7IchfXH+FWZL620lJdP0Jlub4/wCvu352nvzXTChZ23f9fcjCVXmV9o/197NBri30BxcTldY8USfdHVbcew7VgFrq+vmaQtqWsyck5/d26/yAqla29zqDSpZSNHCTm4u5DnPriu40zT7O0syzO9npXVnx+8uj6A+nvWkmqau9ZE0k6mi0iM0rSI7ZJpopF3j/AI+b1xwv+yg9aytZ15baA21qfItAen8Ux9WP+cVF4h8WoYVtrSNYbdBtjQfdUevufevKLu8mvJWZmZiTj610YPBSqPnqGGOzCFJezpFi+1KS5kJU4Wt7QfDcl0y3d4jCPOVQ9W+tS+HfDxmljnuVJ5yq4zivZIYrfSBGphS51Jl+SI/diH95/wDCtsbjlTXs6e5jluWOo/a1th2n2FrpdvDPdwiS4I/cWwOC/wDtMey1zmta3MLqSG3Zb/W3GGfHyWq+gHYD0qDVtclNxJZafObrVJP9fcnkQj2rC0+ym1CZtO0xmWIHN1dHqT3GfWvMo0bfvKh6uIxSaVKlsfuj/wAECAB4z/ayBladvs3hrc57ndf5r9E9X/5Sw/8ABOj/ALGHx5/6ZHr8+P8AggtDawePf2toLRt8CWvhlQQepzfZ/XNfoPq//KWH/gnR/wBjD48/9Mj19Tmbvl9R/wBx/kfnbVsRy+f6n94us/62z/690/max62NZ/1tn/17p/M1j1/FVT4mfpNP4UFFFFSUFFFFABRRRQAUUUUAFFFFABRRRQAUUUUAFFFFABRRRQAUUUUAFFFFABRRRQAUUUUAFFFFABRRRQAUUUUAFFFFABXyB+3p+yrF+2t+yf8AF39ms+Kz4Hu/EdnCtpqpt/tCWdxDPHPGZIgyl0LRBWAIOCSOmK+v6K6MLiZ0asa1N2lF3XqiKkFNOMtmfh/8P/8AgnZ+3r43/ac/ZU+O37b/AO3h4X/aE8NfB6TULnwnouk+BrPRpIZbm2jgdXmgRN6EQwEl97fuxgjJJ/U/9pH9nf4V/tW/Bnxt8B/jP4fTxF4C122ENzGCFmtpFYNHPBJgmOaNgrK45BHcEg+40V62acTYzGV44mvP347NaW+458PgKVKDhBaM/FXwT+z3/wAFtf2ZdAtvhZ+z7+3z8C/jV8GNOjSy0CD4s+FHudW0u0RQI4nu4ELzhAoAMjtgAAAAAD54+In/AATV/wCCs3xV/aO+D37cfjj9vz4E6z+1h4Haaz8MJ/wgiQ6HoWnSxTq8MaRxhp2zdTHM0bH5/vfKK/oxor6ReKGcKKj7RaeSOL+wsNe9j+aXTf8Agk9/wU8039rDxL/wUSsv27fg/pX7cWo3sEM+p2vhmQaJe6WumLYPb3Fn5exsxw22FMZUGJXGHAYb/wADv2BP+C2vwIvf2kNP+HH7dH7Lfw3034q+Kbrxf4s13SvDM1xqo1K5TZPPZxy2qx2zEdNj/KQGUqea/o7opx8Uc3V/fWvkhPIMN2P52dC/4I2ftCfskfFD4I/Gr/gnT+0r4L8GfFDQPDWp6J4j1T4h6S+pt4hur2YS3N7hUkAaQgZVsldowx6VhfAP/gmh/wAFW/2RPiv8bP2tfgN+2j8BLv8AaP8AiZ4h1HWfiH4f1Tw3OfC3iLz7p7qORVCiSOZJrm8ZSipsWQqrlXcH+kOisaHiXm1OKiql7eSKlkuHk72Pw0g+Af8AwXw1DU/H/ia7/wCCgH7L/hr/AISuxjs7/wANWnggyaRoiATBhYxND8skn2hzJO2ZXIQM7LGgHxb8I/8AgjV/wU3+AP7Lvxr/AGK/hT+2n+zpp/7OfxCuJ7rxRY3nhWea7uJp7W3t52imaNniBS1iUBWH3c8Ek1/U7RW8vFHN39tfciFkOG7H87Guf8ENLz4E+Jv2UPjb/wAE7vH/AMO/gP8AtLfDyKZdW1/xDps2oWniW4lsvs0ly9ufMVX+efCbdoEn94ZPKeEv+CZf/BXbwN+2V8Rf+CgXhz9tz9mOD9qXxbpQ0HXtRl8HyvYz2CwWUKJHamHy0bbptsCQo+5nPzNX9KVFc2E8SM2ow5I1L+qTNKuR4eTu4n8xnwc/4I7f8FEf2bfjRbftZfA39sv4G6X+1Hqk/iOfxVqOqeFpLjTrltUu1uJjbQtGwGWGTlFwfu4HFM+BX/BIr/gpz+y9+0j8Sf2zfgd+2z+z/p37S/j5NcXxzf6n4TkuLG7Oo6nFqE/2aFomC7poInJ2rtxtX5Sa/p2orePifm6Vudfcif7Dw/Y/Dzx1+y1/wW5+PPhLxF8IfjH/AMFIvgl4I+EniGKa18THwF4BhstV1O1lXbNCtyYY3i8wcM6OrEZUkqSp+Q7j/gjh/wAFHPFH7Lnw1/4J++OP21PgTP8AsW+HPEMeq2lhaeEX/tiGJb2e6OJ9iF5N11OQrSbcsBnAAr+n+inLxQzh3/eL7kEciw3Y/nhsf+CMP7S/xE+G3wc/Zl/ao/4KE698Yf2OPAIRvDXgLTvB1ppYhkgt5ILMz3UREtwIRMSBM0nTHANP8Jf8Ecf2s5fCf7N37Pfxd/4KJ3Pj/wDY6+F/i3TvFfh3wTbeALCzuYZbKWWSBf7QU+cT+/mQl2cASNgcLj+huiuOp4iZvLmUqu6tsv8AI0WS4ZWtE/K3/gq9+wV8V/2/PhN8LvAXwt+LXhn4dzeH/FUPiK/0zX7KW70fxGkaERxXkMefMVH5CMrKwZwccGvz2/aj/wCCRX/BRX9vbS7Cf9sP9tv4Sa/q3hHSFtvhrpfhnwy+naLo181zC01xc20ccYYtBD5IIViAEAAA5/pborlyrjfMMFR9hh5JRvfZF18qo1Z881dn80nx9/4JSf8ABUz9r344/Br9oz9of9vX4E2fxf8Aho1re+AtW8O+Bto0y+gv47yKWWApHFJtkiDjcHBKqCu0kH6//wCFDf8ABfz/AKTH/Dv/AMMn4e/+Q6/ZyivVl4oZxf8AiL7l/kYRyLDdj+dX9qDxp/wXr/Yt8C+Gvj74i/4KDy/tP+A9M8T6TF4l8L+FPgroK38ukvcKLiRSlkXC7AUJUqQZF+Zeo8LvPiN+1f8A8FB/+CuPi/8AbQ/4JvTeLf2XYdE+Etj4Zutd+LvgKSKKd2upBLax27LKjSMPLkVlJIWNs46V/U9RXq4fxdzCOHdOaTn0l2+RhPh2i5qS0XY/mk8Jf8Ed/wBvj4QfHbwz+3B8Iv22vhnP+3LqN94hv/HfiPxF4be707U31BgqpaQsrhI44soE8tFT5QgVVC1l/B//AIJKf8FQv2e/2m/iL+258Jf22f2ebL9qDxy+tDxhf33hGSXT547+7gupBb25iKrmS3RvuLt2gDOTX9N9FeTDxQzdL+IvuRv/AGFh+x/NN+z3/wAEnv8Agp3+yN8VfiN+0p+zv+3Z8HdA+P3xDudTufiN/aXhh7nRdWkuL37WksFs8TBZFkeYhtqlfMdVIVmB+7P+CX37Avx1/Yt1j9pzxX8bvi/4B8e6v8RfEaeI30nwnpbafpGmXZ8xp5ooGVRE0jSgbEAQKijtx+ttFefmvHeY42g8NiJJxfkjahlVGlNTgtQooor449IKKKKACiiigAooooAKKKKACiiigAooooAKKKKACiiigAooooAKKKKACiiigAooooAKKKKACiiigAooooAKKKKACiiigDY0b/W3n/Xu/wDMV/B7pf8Aylh/4KKf9h/wH/6ZUr+8LRv9bef9e7/zFfwe6X/ylh/4KKf9h/wH/wCmVK/Z/Bn/AHur/h/VHy3Efwo+BP8AguzNPb/EH9kCa22mVbXxOQCOvFjkflmvx5YQ6qj6lo+2DUVH7+3PAf8AD+tfsH/wXcgkufiB+yDFFKIZfsnicq3uBYHFfir51wLrAP2DW4vwEg/qK/rrhydqTT2ufmuZU7zRpW97LayyXVhlTnFxbH9cCtOJIrlTqOjEEkfvbYn8/oazhLFre6VCuneIIh869BKP6is+KaVbh5bZvsOrx/6yI/dlH+e9fR063Lvsee4I6zTdZeyZmiJnsif3sB6xn1Fej2Wu2d3bxi4lNxZ9EmH34D6MO4rxtZotX33FiRZavGMSRE43VWstRu4JJZLYm2vFOJbdhxJ+FejhsycNN0c1XCKR63rVsY0EsThlIyrA/K49RXHJqk1rKJEdo5F4yO1S6b4hhkhdVR5Lb/lrbscNEe5WmalZwzwfa7KYTWjDhgOVPoR2NdNTFc3vQZzxwttGdxoXjkrIgeVYJx/EvQ16EmqQanE5tvJWVh+8hY4SX/d9DXyTczT2rjGQM+lbWkeL5rR0SeQ7PWt8Nn0ovkqGc8uuro9zu4zbrK1pE93Zg/vbdx+8hPfb3qSy8TLFam2v1OraGeCTy8H9eKxLDXrfVEjaaVYbkDCTr/Jh3FVNTspftBntvLs9SxkYP7u5Fd08T9uDOZ4XpJHaztGlqJo2OsaG3IdeZbf/ABxVuLXYhaJb6tnVtFJ/d3Kf6yA++P515XY6vd2F1I1kDZ3w/wBdaSH5JvcV0drdRag0t1ouyz1Ic3FjJ9yX1x706WOvtuZywlt9jtb/ABHBHNPM2oaTkGG8i/1kHpux/OtWPWre5t4bXxMTeWZOLbU4fvw+m7Fea2GqTWcsr6ZiCUH/AEjT5sgN6lfT61r208Nz5lzoLeVPybjTphwfXbnp/KumnjXfT7jGWGVjvr+1nsRBc38zzW/BtdXtTynpvx/+qtWXVba/FvD4nC2l4PlttYteA3oHx/XivPNH1y607zRpShrcg/adKuenvtz07+1bkBtr2Ca68LsskJGbrSrjgoe+zPT+Vd1HGRfw/d/X/DnNOg9mbl79u0i7gu7qY2N1n/R9UtPuSjsH7fgeK2bjU9L8QSRL4gWLw94jI2warbDENz6CQdBn3/OuDsNZksUnh03/AEzT+lxpdz96PPXZn+VTwxw3NvNP4cYX2n9JtNmPzxf7uf5VtTxSei27f1/w5nKi92ad3Bqnh3UkmeX+w9Vb/V3UWTbXY9+3PvW5b6hp2sXYW5YeEPFTjAlUZtb7/eHQ5/P61zmm61Na2sliIhrmhZ2Tadc/622HfZnkY9OlTy6NDe2Ulz4cf+29HH+ssJuJ7b/c/wAKuE39nVdhNdzaSTWPDGqB7dj4X1eU/cbL2OoDPbtk/mK17eaw1K9eOx2eB/Fcn+ssphmx1D/d7An864vTfElxZWsmmahAfEvho8SW04/fWw9s88VsPZW91YNNor/8JR4ePzNaSnF1Zn0U9Tj068d6cJ9tV2FKn3Oh0zUNW8M6hLaWCr4dv5M+fpN589lfDuYz0GfUV0llDpGsNPa+HVg8La+4zceH9RObW79TC3QE+35CvPYNdZbFrHUIz4u8OqcGKbi7sj7Hrx+Bq49oLuwSbTpX8XeH15VDxe2Jz/Cepx+dddOvpZart/X9eRzzo9TqbOfUtEnudEtbZ7RyM3Hh3VhmKQHqbdzxz2xxSw6PY6otxb+FX+y3gGbnw7qpxx38hz+mP0qlaeKhcaemneJoR448NRnCTg7dQ04+uepxz78VevdFlvdPh1LTZn8c+HE+aG5g+XUNO4/iA5bHqK6IVE1Zar8V/X3Gd2nqXdG8Tarpyz+GJrZ9W09eLjw7rIy8Q9beRv0/StmGy07XLSW28LSnWbZDum8O6q+y7tCB/wAu8p645xk/jXFP4gS9tIrXxXCvizRY+IdRh+S+sD745OP8g0+60+5+zwalDcSeLNFTmDUbM7L+yH+0By2P8it4Yjo9V+K/r7iJUtb7M7m112e4tZvD+rabJ430WE4l0rUv3eqabj/njIeXx7+nBqGTwxHrtqbrwddSeOdPtyGbTrl/J1nSiP8Anm3BfH+c1gR+KLHVoIU8XD/hIrCIbINash5d9YegkA5IHf8AlWteadqEUdrr0M8nifTk5ttd0g7L60H/AE1QcsB37VvDEKS7r8V/XzRg4NeRsaf42k1S1Gk+LbCfx/pVpwGYfZtd0dh3VuDJj+lbc+jPrtnHrvhrUX+I+k2xyt3Zn7PrukEdBInBkx69TjvXPS+I9F8Tw28nju1TVgo22/ifR/3V5bennxgcgd/5VR1Xwz4m8Ota+L9KvZdasQN1v4h0PidFHP8ApEI6gY56j1roVbmWuq/Ff18/VGbgm+z/AAOlTxRHrEUcniq3fxraW52x61pg+z6zpZH/AD1jGC+O/wDI1al0i9uEj8X6Bqcvi60hzs17Qv3Op2PtdW4/1mO/H4VzEXjzw14mlgm8f240vWcBIfFWiARvnt9qhHDD1GPyrW1Dwz4n8MyReLdOuXubc/ND4k8PHKunb7XbjP45BX3pObauveXdbr1/r5mbhZ22/r+v8jUfxTp+upHqnjGAalKmEj8V+HU8q8gxwBeW/wDGB3yD9KRtHvdN2eMtC1M31r95PE3hgfOo9L2zHXGMk4IHtWW3iXw9rk0V94tiTw3rzkKnijQADDOcAD7XbdD75/Sp7zw54l8H3KeJbSabTvNG+PxD4eUy2d2vY3VuM4HqSCB61Dm37y18+vz/AK+ZSjbTb+v6/wAi7Lq2k6gF1vxJAukXUvC+LvDC7oZjx/x/WvIPuSM/Sqk+ka94VQ+LNIvkh0yUbjr/AIe/0iwuB/0+WnOz3OCBzzUEPiTw/f3i3viBoPBeuznC+IdBIksb0k/8vVsfl57k/mK0W0zX/Bk51/T5n8NNKA/9s6EpudKvlIHN1a8mP3bGOuDVKqpa9uq3/r+rg42dv6/r+rGdHq2jSA3+oovgi8n661oq/adJvc/8/Ntzsz3Pv1ont9b8IwNqlncQ6HpNyCTqGmN9t0O+B/56xcmHOcdvqae+o+EtYnE+pG0+G/iO4Py6vpBE+jakx/57wH7hOeTwf9qqVzofjX4eSS6rZD/hHreT5nvtNJu9Hv1PeaDB8rPqQPY0pVLq+/mv1X/Depair2MW4m0yJWaWKHwQ9x1lg/0vQ7/P95esOfwx71Uf+2fCMRjVo/D2m3Ax5Ux+26HqCnsG58rPocVdt9R8MatKI5Gtfhrr054ubPFxomot/txH/VZ9sfU0260vxZ4BWe4Nsug6ZIMyNEpvNFvVPdk6w59fl+prjbfxLbuv6/y+ZvHR2Zg3cejyR/YpVTwPcTHi0vD9q0W9J/55S9Yc+xAHZaKswTeF9Rb7NZ3MHgDUbjj7PIwutFvyewz/AKon04xnvRXK4c2tr/16r8joUkvI+fLWfQbCRtS0OBPFmpR8P4j11fLsrU/9O1v/ABe3QfWtzT9F1/xZK3iWR/tVpCCZfE3iP9zZWi9/slscA+wAxXtVv4c+GPh2+tmuHsda1qM4jOqXKTeWf9iHiNfwXPvWV4u+E+ufFDUYLzXvGV0dHQ5gtIoB5cfuAxwT74Nf5N/2/Sc/evFfzSX5L/hl5H+kkcjrculpP+WL/N/8O/M8hl8Y+EvDcz6h4QhTxr4iUYk8VeIVxbWxGP8Aj0tu+O3A/Gm6L4U8a/EO5m8Y6jdk2MY3TeKfEp8u2tl/6doDgY9MDHvX0b4Y+Evwg8GX1tea9PZalqkZBjk1e7R2Q/7MRIVf++fxro/iJ8KtP+I11Y6jqXjXV4tEiINrY28CmBR6gFtpPviuKpxThqdRQppq/wBuSv8AJL9NF5HfR4YxE6bnNp2+xF2Xzf8Aw78z5tttf8J+Enm1LwBZt4p8QL8s/jTxKv7qFuQTZ256Hng4H41T0rw94s8bXFx4xku2FqAWuPGHiZtsUK9/skBwMccBcCvomw8BfCDwbdWlxrb2+pakgBhl1u9R9mP+ecJ2xjp1Ck+9VfiF4Ftfibc2d5deMdQOhRY8i1tUjaHjuAcjP1BrNcRUvae6mk/tyV/kl+mi8jSXD9V07zadvsRdl83+ur8zxG01fw54Z+06p8P7a21zV1Urc+N/Ey5SP1+x257dccAdM5rH0rRfFXjC6uvFFnLMsQGbvxl4mIVIkzz9liYgKvPGMDnrXt1r4H+Fvhm9sp/EF1a3l3H/AKttYvo2Kj/pnE22MfgtdL46+HmlfFL+z5JPFGqRaBFgx21uY2gJ9eQQx49DirqZ/SpzWjSe8pK/4dfTSPkOnkFacHqm19lO33vp66vzPAdM1Lw94aW51T4fJHqGqYxdeOfEY+VeufscDYJI7YAH1qHRNG8QeJprvxTo089na7d19458TN82zHP2OE8AemMD3r3SP4efCXwdNaT+Ir6yv7+PDwSa5fRkx46bIm2xg+4TNN+IXhPwt8UbWxdvF2sHQIMGO1sXiaFm/vEnIY/gaX9v0vaLlTSe8mn/AE/JaR/ulPI6ipvmabX2U7f8N5vV+Z4EnjHw14NN3cfC2y/tLWWBW+8deIhvbPGTawt2644A/wB7rXPaLo/ijxZcXfiWwluLOJwWvfGHiM/OyZ5+zxt/D1xjAr2628DfC/wnJaT6zJp89xGR5Mut3qMyEdNsZ2xr9dufetzxp4R8O/FbTbVz4mvY9Etzu2WE0TROR65yCR244ru/tyjCSUItJ6Oclf8A4fyWi8jy/wCyK1WL5pJtbQi7L+vPV+Z882vijQvCy3knwxtxc6mQVvfGmuqGkYc5+zRN+nAHsay9H0jXdaN5r9tetpNnIu6+8V6426aZcdbdG6j0xhRxXqz+Evh/4Se1N8mnRmI4iu9euo3ZfeOE7YwffYTWr4l0Lwj8RtOg2eJL29sIiCxtZEZZCO5JBHHFdss3pxacIuz3k1f+vJbLsczympKLU5LTaKdv69d/M8Vg1fTdHjvT8Oojaq2VvvF+s/NNMeh8gMOAecDgfXrVDQ9F1TU1vdU0CaXRdMcF7/xXrJzLOv8AF5CtzjrjoBXo02h/DbwosE2ryWkrxkGGXV7tZNmO6RnCD67TUXiKXwz8TbBLO38QXNzpkJBMdpIvlsR0JyOe9dccet4RfK95Nf1fyW3ked9S/nkuZbRTt/w35+Z5ovivRPDlveQfDVUty3F74p1Qbp5/XyVbn6E4HHTvWDoekX+si71OwupNE0h8tfeJNTy09wO5iB5P16V3D+GfA3hxI7i/Sy+T/Vy6tdKVT/dQ4X/x0mugvbXwX8RbCKyHiFr62j+Yi1lAUn8QR+Vd7x0YLmhF2e8mr/8AD+XTyOJYKdR8s5K62inb+vPr5nlyeKdO0SzvNP8AhrEukWkgxfeI9QIa6uj38vPTPOO1Y2i6DqOqx3eoabLJoeiHMt5r+oczXA7+Xu5PfnpXo95oXw98JRRTyRWkjp9yXUrgSbT6opwv6U2+uvDvxDsF05dVa+to/mZbZwF/UYrpjjUlzU4uz3k/61/LyOSeEbfLVkrraKen9fj5nm7+L9O0K0udN+G0S6ZaMT9s1+85nuD3Meeev/1hXO6PoGp6qs95ayvo2jNlrvWL3Pm3A7lM8n616nJoXgPwxHFPfW1o5T7kl9PvAPsGIX8hWdqeq+F/G0B05NVe6hXqlvJhePwxXXSxiSvSi7PeTV/6/LyOCrhW9Ks1dbRX9f8AB8zz5/EtlplpcaV4DVdJ04jbd6zcczXB77c8jv8AnxWfo2iXeqRTz2MraJop+e61S55luPXZnn8a606Z4Q0Dy5pobdtn3HvJtwU+oU4X9KrXXiPQvFEJ02O7+0R56RORn2r0I1na9KLt1b/r+ux506ab/eyV1skYU/iS202yn0rwSg0fTMkXWqzf6+5PfaTz+P5VhaVo13fwvJbyNomhcvPfznEtx67c8n611Q07w9pSLNdRWyqn3XuZNwH4Nx+lMn1XQ/EinThqQuh1CRMePpxiumNTlX7tPzZjOnzNc7V+i2OYudYtoLWXS/Cka6TpIH7+/c/vZ/Ugnn8aztN0ufUElFmW0nRhzPeycSTjvtz/ADruP7I8N6QguJooI1To9zNuAPsCcfpVaXW/DmtA6adQiuSeAsRP862jiPd/dxfmzOWGu/3kkn0Rzb6nCttLpnhsDRtDBxPeuP3lx64Pv60zTdNl1C3aKx36NoIyZrpxiS49cE8/jXRtY6HpSea9vCFTkPPIWVfwY4z+FZdz4l0bVc6Yb1bkP8uEz/OtKc2/4adu5nKmk17SSv2M641mL7G2keGwukaKmRNdZw8574PX8azLTT5ryF4rUPpWiry9www83rtz/Oug+waNpqpNIkSBf4pnyB+BOKoXGv6HeZsWvGlD/L8oIH0zXTCT/wCXa+ZjWWv7xr0M2XVYHt30zRCuk6KhxLPnDzeuD+fNQ2WmTanFsgV9L0BOZJW4ece3t71uwaZo9ggneCKNV53TSbgPwbilbxJod3u083iTbztwAcH6GrU3/wAu0/UzVJN3qyRzF5fpLCdO0oppujR5Dyjhpfp/jWTBYRXSLlHstIB5677g+3tXV3VvptkVFrZrPcscIrZck/QnilYx6R/pOoyR3GqkfLHnKW/19T/KumFaytFGUqGt5vT8CeG2tLC2invoFt7YDMNoDgt/tP8A5zXF+IfEslw7ZcHAwFHCqPQCsvW/EE1w8jGUuzHkk8muO/f3k4RFLuentXoYPAf8vKh5mOzP/l3SHyyy3cuAWdmIAA713GgeF5ZGjknjLSt0XHSrfh7w4Y3R2j82c/pXownj08G3tXVrvGHkHIjHoPeox2YNfu6Rpl2WL+JWJYbVNIVYbdUm1Mjk/wAMA/qa47VNUleaXTdPlKytzcXT9vXBrUm8TaVpsjQvcxyynhguWJPualsxpWoKbyKxhwTncwP8jXmQg4vmmrnr16sZ+5TdjmLLS5b4iy0/fb2Wf39yesnrg1qXV1HGp8P6GwtbVBiefoT6gH1960rrxToemsYZLpGcDBRFzj8uKlsV0LVU+2wWkb5OSGHGfp0rWVSXxTjoc3s4/DTkr9T9qf8AggasC+Nv2sltjmAWvhkKfXm//rmv0O1f/lLD/wAE6P8AsYfHn/pkevx1/wCCRms/GVfiz+0H4d+CWqeB9K1G70vS727fWo3aFordnQBDGrENuuvTBAPPHP6IfDrxD8Tp/wDgsJ+wz4M+KV94X1HXtK1XxRM8ukxssDNceHpJjtLhWPDIOQMEHr1r6XMrvLqkv7j/ACPxSnx3lE+Ip8PQrxeMgvaOn9pQulzemq+8/wBCDxd48t/C97YWE2gQ6qz2iTCRpQpALMMY2H+7nr3rlP8Ahb9l/wBCba/+BI/+N1i/Fz/kP6T/ANg2L/0OSvK6/iycrSZ/TWAyyjOjGUlq/U9u/wCFv2X/AEJtr/4Ej/43R/wt+y/6E21/8CR/8brxGip52dv9j4f+X8We3f8AC37L/oTbX/wJH/xuj/hb9l/0Jtr/AOBI/wDjdeI0Uc7D+x8P/L+LPbv+Fv2X/Qm2v/gSP/jdH/C37L/oTbX/AMCR/wDG68Roo52H9j4f+X8We3f8Lfsv+hNtf/Akf/G6P+Fv2X/Qm2v/AIEj/wCN14jRRzsP7Hw/8v4s9u/4W/Zf9Cba/wDgSP8A43R/wt+y/wChNtf/AAJH/wAbrxGijnYf2Ph/5fxZ7d/wt+y/6E21/wDAkf8Axuj/AIW/Zf8AQm2v/gSP/jdeI0Uc7D+x8P8Ay/iz27/hb9l/0Jtr/wCBI/8AjdH/AAt+y/6E21/8CR/8brxGijnYf2Ph/wCX8We3f8Lfsv8AoTbX/wACR/8AG6P+Fv2X/Qm2v/gSP/jdeI0Uc7D+x8P/AC/iz27/AIW/Zf8AQm2v/gSP/jdH/C37L/oTbX/wJH/xuvEaKOdh/Y+H/l/Fnt3/AAt+y/6E21/8CR/8bo/4W/Zf9Cba/wDgSP8A43XiNFHOw/sfD/y/iz27/hb9l/0Jtr/4Ej/43R/wt+y/6E21/wDAkf8AxuvEaKOdh/Y+H/l/Fnt3/C37L/oTbX/wJH/xuj/hb9l/0Jtr/wCBI/8AjdeI0Uc7D+x8P/L+LPbv+Fv2X/Qm2v8A4Ej/AON0f8Lfsv8AoTbX/wACR/8AG68Roo52H9j4f+X8We3f8Lfsv+hNtf8AwJH/AMbo/wCFv2X/AEJtr/4Ej/43XiNFHOw/sfD/AMv4s9u/4W/Zf9Cba/8AgSP/AI3R/wALfsv+hNtf/Akf/G68Roo52H9j4f8Al/Fnt3/C37L/AKE21/8AAkf/ABuj/hb9l/0Jtr/4Ej/43XiNFHOw/sfD/wAv4s9u/wCFv2X/AEJtr/4Ej/43R/wt+y/6E21/8CR/8brxGijnYf2Ph/5fxZ7d/wALfsv+hNtf/Akf/G6P+Fv2X/Qm2v8A4Ej/AON14jRRzsP7Hw/8v4s9u/4W/Zf9Cba/+BI/+N0f8Lfsv+hNtf8AwJH/AMbrxGijnYf2Ph/5fxZ7d/wt+y/6E21/8CR/8bo/4W/Zf9Cba/8AgSP/AI3XiNFHOw/sfD/y/iz27/hb9l/0Jtr/AOBI/wDjdH/C37L/AKE21/8AAkf/ABuvEaKOdh/Y+H/l/Fnt3/C37L/oTbX/AMCR/wDG6P8Ahb9l/wBCba/+BI/+N14jRRdoHk2H/l/Fnt3/AAt+y/6E21/8CR/8bo/4W/Zf9Cba/wDgSP8A43XiNFHOw/sfD/y/iz27/hb9l/0Jtr/4Ej/43R/wt+y/6E21/wDAkf8AxuvEaKOdh/Y+H/l/Fnt3/C37L/oTbX/wJH/xuj/hb9l/0Jtr/wCBI/8AjdeI0Uc7D+x8P/L+LPbv+Fv2X/Qm2v8A4Ej/AON0f8Lfsv8AoTbX/wACR/8AG68Roo52H9j4f+X8We3f8Lfsv+hNtf8AwJH/AMbo/wCFv2X/AEJtr/4Ej/43XiNFHOw/sfD/AMv4s9u/4W/Zf9Cba/8AgSP/AI3R/wALfsv+hNtf/Akf/G68Roo52H9j4f8Al/Fnt3/C37L/AKE21/8AAkf/ABuj/hb9l/0Jtr/4Ej/43XiNFHOw/sfD/wAv4s9u/wCFv2X/AEJtr/4Ej/43R/wt+y/6E21/8CR/8brxGijnYf2Ph/5fxZ7d/wALfsv+hNtf/Akf/G6P+Fv2X/Qm2v8A4Ej/AON14jRRzsP7Hw/8v4s9u/4W/Zf9Cba/+BI/+N0f8Lfsv+hNtf8AwJH/AMbrxGijnYf2Ph/5fxZ7d/wt+y/6E21/8CR/8bo/4W/Zf9Cba/8AgSP/AI3XiNFHOw/sfD/y/iz27/hb9l/0Jtr/AOBI/wDjdH/C37L/AKE21/8AAkf/ABuvEaKOdh/Y+H/l/Fnt3/C37L/oTbX/AMCR/wDG6P8Ahb9l/wBCba/+BI/+N14jRRzsP7Hw/wDL+LPbv+Fv2X/Qm2v/AIEj/wCN0f8AC37L/oTbX/wJH/xuvEaKOdh/Y+H/AJfxZ7d/wt+y/wChNtf/AAJH/wAbo/4W/Zf9Cba/+BI/+N14jRRzsP7Hw/8AL+LPbv8Ahb9l/wBCba/+BI/+N0f8Lfsv+hNtf/Akf/G68Roo52H9j4f+X8We3f8AC37L/oTbX/wJH/xuj/hb9l/0Jtr/AOBI/wDjdeI0Uc7D+x8P/L+LPbv+Fv2X/Qm2v/gSP/jdH/C37L/oTbX/AMCR/wDG68Roo52H9j4f+X8We3f8Lfsv+hNtf/Akf/G6P+Fv2X/Qm2v/AIEj/wCN14jRRzsP7Hw/8v4s9u/4W/Zf9Cba/wDgSP8A43R/wt+y/wChNtf/AAJH/wAbrxGijnYf2Ph/5fxZ7d/wt+y/6E21/wDAkf8Axuj/AIW/Zf8AQm2v/gSP/jdeI0Uc7D+x8P8Ay/iz27/hb9l/0Jtr/wCBI/8AjdH/AAt+y/6E21/8CR/8brxGijnYf2Ph/wCX8We3f8Lfsv8AoTbX/wACR/8AG6P+Fv2X/Qm2v/gSP/jdeI0Uc7D+x8P/AC/iz27/AIW/Zf8AQm2v/gSP/jdH/C37L/oTbX/wJH/xuvEaKOdh/Y+H/l/Fnt3/AAt+y/6E21/8CR/8bo/4W/Zf9Cba/wDgSP8A43XiNFHOw/sfD/y/iz27/hb9l/0Jtr/4Ej/43R/wt+y/6E21/wDAkf8AxuvEaKOdh/Y+H/l/Fnt3/C37L/oTbX/wJH/xuj/hb9l/0Jtr/wCBI/8AjdeI0Uc7D+x8P/L+LPbv+Fv2X/Qm2v8A4Ej/AON0f8Lfsv8AoTbX/wACR/8AG68Roo52H9j4f+X8WfTPhHx5b+KL2/sIdAh0pktHmMiyhiQGUYxsH97PXtX8Lml/8pYf+Cin/Yf8B/8AplSv7XvhH/yH9W/7Bsv/AKHHX8IvjFfi5qf/AAVz/wCChWgfCPU/B2l6usvhTV5n1pJDEywaPaoApjVzuzcDjGCAefX9l8GbvGVF/d/VH434tZ7l2R4OeYY+oqWHpK8pPZLuz5g/4Lsx+b8Q/wBj4eZ5X+i+JzuHsLA1+QOo2thqaqZFWV1GQ6HDKfUEV9of8FWvG/xa8TfGv4R/D/4w6p4Tvtb8P2+ppHNo8LJD/pNvaTcFwrNx5Y5UYIPXrX5wR6ddaZevBJd3Npc5zHIp+WQf57V/WuRVOWm7rqfmWFzfDZlhqWYYKanSqxUoyWzjJXTXk0di2ktHcRXRu2/dnglQD+JFXrqCy1NUaQLI45V0OGB+orJtr5dQjfStXxBcsMJKvAk9x71ziaVNpd89vNcz2crcwyocK/sf8K9/2iS91XTNVG+jZ06aSILqO9a9fKdCQASPc961p4rHUykkqK8o6SIcMPxH8qwUvFuVbStXxDMwxHKvCyfQ+vtXMvplxpl2Y5LmW2cn9zKv3X+vvT9sorRaDjFvdnex6RbxXKXhvZF2jknAP4mrJmnsp3udOeOWNuJYycrIPT61zMOofakOmawFRnGElUkB/wDA1zdzYXOjXi7p54oyfklQkD6EVf1hR1gtAjTvuz0S6t7XVYpJ7IYYD97A334z/Ue9eeX9vJbuSuAM1r2urzCeNbhxb3Y/1U69H9jW7KkGsqYzHHa6oOTH/DN7r7+1TUaqrTcFHl3OM0zxHc6bIAGLRZ5Unp9K9c0fxlbXlusExWaAnJUnlT6g9q8Z1LSHgdyqkEdR6Vj211PZSiSJipByR61zUcwqUXyvYuWHjNaH0zcPZTxLJcQpeWw+7KOHi+p7VBbw6fFcJfJe3abOcsynj61554d8SrLhQwWbGGQ/xCuuaBZY5J7ECSEjMluTyvuvr9K9+lilNc0ThqULaM6t9W0TVHUNLbzyrwrK+HU+xp0Mdla3cWof2jdoyd22nj0JABrw3UNDS3mN/ZeZLag5dUOHirf03Wrq0h8u6dtW0dxgyAEvEP8AaHpSjmL5rTRMsGkrxPfY9T0LWnQGWzuLhejJJiRfxBzVy3sbDT7xNTGo3cbr1LFTkehIAr50uNIghY6lprte6Yx3N5TnfF710+neJbq1tsSyvrWjsMPk5liHv6iu2hmfve+tTkq4L+Vnvz6hoOvOGP2K7uF4V0k2yL9CDmrNnpWmaVcHVFvL2MgYfc4xj0PAzXzhPY2wP9q6S7X2nscsI2xJD9PWum0rxffW0AWSV9e0Y/KwY5liHp7/AEruoZrFy99a9zkqYGVvd2PfUvPD+szArNY3VyDhWSTbKv0Iwa2NOsNI0a4fVjeXsTdyzA5HoSBzXzobOylA1TSHN9pzfM8YOJIvp/hXYaX4iuIrURmV9Y0zG145P9bEP6/jXrYbMYt+8te5wVcG+h7Nc3XhbxJMHik064u+m5H2SD8eDVCDTNM8PXDaik97bf3iWyD9eOa8ZudMs3J1PSR9vsjy8YJEkJ9vf2rc0zxHc28DRrO2uaURtlt5v9bEO4B6n8a3WYLmvJK/cxeFaWjPWINS8La/PnztPuLwcBt/ly/99Ag/nmuo0nSfDPh/ztUa4u7Jjw7PKCD9cLXz1LoOn34k1Tw2VvrfOZbUnbLEf9nvWrpXiK/s4ZLfe+uaVjEtpP8A62Iegz/I10UMyineaV+jIlhXa0We5Lc+Etbum2XejandE43RzeXOR9QVY/rXZaHpnhzwTHPraXt9Yxuf3nmOWX8QBnP1r5YfQdLvhJqfhsRahAD++s5DtmhP+z3z/nNbuj+K9T0+CW2gmk1vS/uT2F3/AK2IegJ6/Q11UMxipXmlfo0YVMG2rJn0e2p/C7xdcEPdaHcX7naXjkME0h+oKlvxzViPQPC/gizu9Qia9t7Zzl2kcuB78D9a+W5dC0HVy+qeGYobkj5p9Nm+SaI/7B/Oui0Txdq2mwz6fayNrelL8lxpV+f3sa9whPP4dKulma5rzSv0aMpYGVvdb9D1BNR8A+IpmMV3o93dsSPllMEx/EbS345rrtIk0DwDZ3GoRNeW1u/+sLOXAP0x1r5vn8M+HdbafVPCAhknHz3GkXQ2TRH/AKZtVzR/EGpWCy2NpK99bKNs2lX/AN9R3CMf61VLMuWXNJK/dGk8JdWTPoW38TfDDxbcbHm0ee/bglJGtppPqVKljz3zXo+l6p4P+Gmj3FxGl/badMcyB5nlVT7ZHBr4ok0Hw7rU0134ajhjvRzcaVd/I6+pjbt+ora0PxTq+jibS7eR7+0A2z6Nqf3guOkbnt+YrajnDjK8kr90c9XLebRN27H0XPe/BD4iXBaDUNGfU3POJDayufqCu/8AGuisNT0D4N6ZJJE2qRaUTlnVmmVff2r5Kk8M+FvEU09z4RjtrbU/vT6Lf/u2B7mJ+315H0rS0TxbrugNLo8E095bgbJ9C1fn5O/lOe3p1FaUc6lB87ik+6E8uurJtrsz6hs/GfwJ+I08cU7eGX1STIZQxsp5T3yVKbz9c16TNrngj4Q6C5jtNSs9EfkkSSTrGfbIOD9K+Cbjwp4M8Vzz3HhHyNE1/BabQ9Rygc9/Jk/P1H0q7oPjfxX4Mll8Oyu9zZ4KzaFrXzxyLn/ljIc8emMitqHEDV3Uirv7S/UieUqVuVu3Zn07a+Jv2f8A4mTuYbzwy2qSEKyF2sZpD6H7m85/3q7PV9R8K/CXw8ly0Gq2uikkbkLTeV756j+tfFr+F/AfjS5mm8HJb+GfEhO6bw9qxxFOfW3mHc/l7CtXRvFvi3wXK/htZXWEgpL4c1/95BOnfyJTnA9wSPauaGbTjeUkrvqi5Zanom7Loz3Sw8c/Anx/deUtx4XuNQkPKyq1lLIT6nKBz+Jr0rVvG3hb4S+H4HurK/ttDBwphV5li/EsSB+lfGc3g3wB4yvZG8JfZ/Bfipjul8Pax/qJ2z/y7TDoPQDP0FM0zxP41+Hd2/hybzIbdhtl0DXh51rcL3FvMe30JHtWdLOqkE3JK/df5GksvjK1m/Rn0pYeOP2bfiJdIEuPC39puRlJkaykkb052bz+JNeh+MPE/hH4X+GoLqWz1W00ReBJbo0yxZ7HJyBj8K+Hp/C/w28Z3b/8I8tp8PvFj8yaHq/zWN03fyJxyvU46/QVoadr3jj4a3H9gmabSoHBVtD1s/aLC8X0gm5GD6A/UUqedVYxblFa9UOWWwbXK36M9l0/x9+z946uUC3XhFr9znZPD9ilc/U7A5+hJorw+48N/DXxddt/ZMFl8NPF8hLPo2rL5mmX7cn9xMPuEnHT/vmiuOGY1mr8kZeZrLBU7/E0eL+GPA/gj4X6it54kvrv4h/EAfMukadIWitmz/y3lJxkd8/kav8Aifx78TPHV6vhzTdSu7S6cBU0bw8D+6Xp+/uOuMdegrIt9Cg0rT0vPGGoR+APDbnKWFsd+o3/ANTyRnvjP4U2/wDiNc6bpZ0fwhZJ8MvCr/KTF8+pah/vOOQTntk+9f5oOg6tX2tvaT7vZen+Su+7P77VVUqXsr+zh2W79f8Ag29C/ovw/wDBPwu1CHXPiRql34v8dE+Zb6Bp85laNu3nyk8e/b61d8XfF34k+MrmLQ7DULrQXkAS20XQATPjGAJJxyPfGBXE6Z4euDaPqOt3yfD3wu53S3E53318T6dSCfxPtW5H44s/DOmzWfw9sY/A2jOMTaxeAPqF6COdgP3O+CefTFXPBqdRVJr2lRbN/CvTdfdd+aKhi3Cn7OD9nTfRfE/Xr99l5DtK+FXhDwDcW/iL4wavean4nl/e2vhuxma4uZG7GZ88e/Qe9aPjH4peNtfNvoVhcTeDLV8R2mjaJmS9k7APKOV+i4Fcbp1lfXiTarJeL4O0OUl7nWtSYyXl36lEOW59elbNr450fwva3Nt8LbAWBddt14n1Vd1xL6mNW6e2ePaqqYZzmqlRe0mu/wAK/NL8ZEQxMadN04P2cHv/ADP9X+CINJ+DHhzwlNb+LvjPrF1p0kv7y00KC4ae/vT6Pgkjtnt6kV23jL4u+Lbqyh0fTJj8MvD23ybOw0/97qd0uflBcf6vPHC888mvKtOl1TVri61fTriUPIS134i1ZyzsO/lhuT/Kli8W6Z4fa5/4QO2/tTWGytz4j1LnZ/1yB/pxx3rWeBlWqKdf35Lb+VfLVL53foYU8aqNNwofu4S3f2pfPd/KyKMPws0OwuE8X/FvVtQ0m0c+bBprXDT6hqDZ438kg9OOvNdT4l+KfiOfTLfStDz8N/CkY8q2ht/nv7kdsHqhPtz715zZSX2uX82oae8us6kx/wBI1m/OY4vXyweuPQVrWOvaboNxI3hi3PijxaBiXVrs5htT/wBM+wx7fnXo1MK6klKt78lsui/y9Xd+R5tLFqEXGj7kZbvq/wCuy08xmlfCbSJJR4z+LOrXfh3QSfNjt7mYyX+onr0OSuffnmvSdf8AibrEmhxaP4UeP4Z+BoR5cTsc310AMAqDyp9+teT2smq+IdWlubZpvGPiTOJL25OLazz/AHc8DHoK2DfaJ4Zu2nbb498cqOZHP+iWDfTpx+fFRiKDqzUq3vtbLovk/wA38kXhsR7KDVH3IveXV/P9F82Y1p8LYdblfxf421G48N+Fg3mNc6hOXvNQ5/hU9M+vXniu11Px5cWmhrovgeGLwN4OiG37bOoNzc9tyA/dzzyea87u9a1bxJrQa5ebxh4iBOyNfltrIfToAPzrSmm0Tw5cR3fiCb/hM/FwAMNlGcwWh7ZHTj1PpXVWw8qjj7f3mto9F8v1fyRx0MQoJ+w91PeXV/12X3mDbfD+TxM7eINc1C60fw2vzyX+oSkzXI/2Fbpn1/Susm8X/wBm6X/ZHgOJfDnh6LiTU7hf3k3qyKe/ua47Vdd1LXr+NtZaTWNR62+m2+RDb9MZHT8TWlJb6bpLwX/jCf8AtnViQ1rpVvykZ7bh3+p4rpqUZTt7bW20en/B9Xoc9Koo39hpfeXX/gei1Oet/Btz4wnl1a8vLq30dBun1TUJCWlA67ATz39q69fE8OkaY+h/D6OOw05OJ9VuRzIfVAev16Vy+va7d6rND/brmRRxbaTan5FHbdjqelQywwwRxXviyRVi4NvpsB4J7AgdT+lbzouokquq6Lp/wfyOanWVNv2W73fX/gfmZyeGJ/F11Jcfabie0Uk3GqXbkg467AetdlD4jsfDunyaH4ChREHE+pzj5c98Z6n9K5LV9cmvYok1ItY6aABDp8HWT03Y6037IrWi33iSUaVpC/6uyjPzS+m71+lbVKLml7X4Vsv63/I5qdRQk3S+Lq/62/MypNIufFd5I0Nxc6pL1nv7hsovrtrpLO8svD8MmkeEoY7y9Hy3F7IPkQ45x6n9Kxb/AFyS9tliYDQ9AUAJbxjbJOP9rH8qdb2pubUTai39h6Ag3CMHDzD39P510STcbT27f1v6GEJKMrw1b6/1t6mdLpFx4iu3jhkn1a7z+/u52PlxfTt+ArctJdP8NJJpnhyKPU9XPEtyR8kRx/niql3qzXdqLWwVdC8PINpI+V5h/QVHp+nTajblof8AiTaAvLzN8ryj2/xq53cbT+Ht/X5EQspXhrJ9f6/My7jT59dvDB5s2taoT+8kc/uoB/IfSt+zTTPCitYaRFHqviBh+8kA+SL6n+lQtqCtbPp/h9RpWjKP3l0ww0vrt/xqjY20+oI1tpCfYdNBzLdv96T1we/1qnFyjaWke3+f+RMWoyvHWXf/AC/zKV3Z3Gq3jQSyza1q7dVLfu4fcgcAD0ratLTTvCIMEMaar4kkHRfuxfX0FN+3xWsUml+GlWOIcXF63U+uCep96zLYPOz2ejFy5P8ApF4/PPse5q9ZK20f6/qxFop3Wsv6/q5HqMMl5Oi3zS6xrDD5IFOI4R9Ow9zU8FvYeGEDyIl9rkg+WNBwp/oPemS6la6V5mnaKFn1BuZrlznafUnufasS3lnkllhsM3F4x/e3TnO315/pW8KcnGz0j/X4GEpqMrrWX9fiP1Brm+nX7e8l7fPzHboTtj9sf1NXrOzsPDERvNQZbjVHH7uJOdp/z3qJ7u10JHjtFN5qj/fkbnB/z2rn1W8uZnnZZJrpuTI/Cp9K2jBtW2iYykoyvvL8ixqN7calMG1Bnncn91bJ0H1/xrR0jSTbzoVgS41Nh8qL92EerH2plhbLFIVhZZbtuZJm5CD2q/dapDp9u9vZnarf6yT+KU+/t7U5SbXJAIQSftKjNe41G20ZZPJnF1qjAiS47J7J/jXmeq6y0rH52JPvyapX+pvMx2HNUbOwudRnCjkZ+ZvSu7C4FQXPM4cRjpVXyQ2G2tvdalcCOJCzHqccKK9X0Dw1HAFCqrSnlmYdPxpmk6Xb2MaogVDjLuT/AFrYnv2nh+zWm6G2/jfPzSf/AFq48XipTfJDRHfgMDCn789WXLi9hhSS0sHCRKP30/r7LXIT3c+p+Zb2UhtNMQfvJs8yf/Wqlq1zK7raiOSKwU8hf4vqantIn1EL5oFrpadlGN9Z0qCguZmlXEOcuUraboUOp3BdUMGmRnLSN1k/Gti6vJL/ADp2kkWmmRjbJIvG72BqtdaiL/FhZ4tdKjGJHU43+w9qhiV9VZbKwVrbS0PzuOC/sK1ld+9IyvGK5Ydfx/4BFbaTBqlwttZIIrCM4lm7sfQGtq6ufPxo2isLezjGJZh6egNVri8DgaRpOIbVBtmmX+QNUdzXRGk6V+7tl/10o/ofWpvKXxbE3UFZdf6sj9h/+CGawp+0L8dEtyWiHhWEZJ6n7TDmvv8A0r/lOv8Aso/9hDWP/UTr4D/4IbxRQ/tD/HSKAARr4UgAx/18w19+aV/ynX/ZR/7CGsf+onXv5m/+Eyp/hl+R/mxw5f8A4mQx1/8AoBj/AOl0j+8z4uf8h/Sf+wbF/wChyV5XXqnxc/5D+k/9g2L/ANDkryuv4jqfEz/XfKv93j6BRRRUneFFFFABRRRQAUUUUAFFFFABRRRQAUUUUAFFFFABRRRQAUUUUAFFFFABRRRQAUUUUAFFFFABRRRQAUUUUAFFFFABRRRQAUUUUAFFFFABX89v/BTL9pj45fEf9pnwZ+wb+z54l1DwbLdyafa61dWVy9rNe3t4qyJFLOnzpaxwSRyOF+/vfcGCqK/oSr+Yv9vRte/ZP/4Kj/D79qzxHoWoan8OtWudL1SOaGPIeO3s4rC7gRjwZ0jjEoUkf62PoDmuzAwTm/Q9PK6alUd1d209T3y6/wCCMXjz4b+H7fxb8A/2sfHWh/Gy1UTvcPG9ja6jNxuVJIJfNgzzguZQcAEAEsPvX9rf/goX8K/2RNS8K+AdY0XxJ8UPi9qkEUsHh/RAvmIrnYjzSN93zHDKiKrO2PugEEnjT/gqF+xP4Q8BJ47tfjRoni/zog9ppGkxyS6lcMQMI9syq0B55M2wDB78H8pvibruhfDn/guF4b8f/F26s/DvgO9axvbG/wBTZY7ZIpPD32W3lLsdqKt2u0uSAroxzxmtYRlUf71bXN6UJ1Zfv1sm+1/I/S39mL/gpv8ADP8AaA+KMvwO8YfD3xx8B/i+ysbTSPECjbeOE8wwq5VHSbZlwjou5R8pJwK2/wBrX/gpB8NP2Rvin4Z+Enin4d/Ebxv4n1XR7fWLb+xI7d1Ky3E0CRBXkVjIWt24AP3l7mvy0/a28T+GfjB/wV5/ZY/4UhrWleLr7T7jwzDq15o9wk8Zmt9RnurgmWMlX8u0Kb8HhUZT0IrD8TfHf4NfGr/gr7oXxP8AE3xO8G6H8FfBaRRWOtX1+kNrdtZ2zMgilY7WzfTuVIPzIpYVawsW+a2lti1gYNqVtLXsfpr+zz/wVS+Ff7Q3x08N/AHSvhV8WPBXjDUvtex9Zht40t2gtZLhllVZC6kpCwHy9SKvfGz/AIKb+CvAXxb134E/Br4N/FX9pv4o6QZBrNl4WtWki05oyFkQsiSSO8bMFfbHsRjtLbsqPyn+HXxX+Get/wDBbmH4jaN418N6h4E1LWbmz0/VoblTa3k82hNaxJHIPlYvO6xL6swA614D+yRpvjzw/wDtPfHj4da5+18n7GXj6S8uYb/U9S0qCddZuYrqTfA01xNCsTFn3qN37zPGSBm1hIXu10NHgKad7dE7an9BX7OP/BRf4QftGeCPivrul+HvF3g3xp4K0y41XXvDWpxoLpYIkdmeBwcSKDGUO4IyOQGUBlLfKQ/4Lb/CHU/BWs+JPCnwM+MPiPXLGb/SdOWOMRWdqFB+1XN0m9IoyxKAYYkq2QowT4x8FP2b/hV8I/iX+1f4v0H9tfwr+0t8V9Y+FPi2+1yw0vSY4yFnaGSW5nuIbqeIMZjGfK+VsvnGBXAf8EkP2ifgD8EP2b/2il+NHxE8EeHFOrfbP7Gv7yIXmr232NVZLe0Y+ZcbiCm1Fbk4NSsNTs5JXM/qlKzlFN7H6N+H/wDgqp8DfEH7MHib9pi28LeNmtdD1a10XWvD0Qga+sp52AjdWZ1R4WGSHyCdrDAKkV1l9/wUu+Aa/srN+1joWmeNvEXg+LV4tBvdJhggTUtOvmI/dTK0vljCsj5V2BV1x1OPye/4I3Wnhnwn8Jf20fip8X9OsX+Btvp+mw6kb+2Wa2vGt47uaaMI2RJIiTxAJjJNwgGS1fl7YeGPi9f/ALOnx18feBrq78N/suf8Jdp9peaXeXHmG7viZXtki+Q7pYI5E8xwyZEked3AWo4Km5NdjaOXUnNx7Nfj0P6pvH3/AAUs+Avw0/Zz+FP7RXirTPG0Wn+NElbQfD9vBDJqdx5blZWYGURKkZ2bm38eYgAJOK5jx1/wVG+DngLwp+zd4u1LwF8S7ux+JlrJd6XHDFbb9ORZ44T9ozKBndLn5N3A98V/OlFaeN/h3qv7BnxK/ae834hfsztBDdaFZwRqYbTTItQY3do8QRRJMrFZXU7jKjxpvxwn6Gf8FsNe0PS/G/7HHinwzHpuoeHINOvdSsFs3VILi3E9nInlMoKhGXGCARg5xRLBQUlHuS8upqcYb3vqfqH+1h/wUt+Bn7JHxF0H4XeLtI8Y+L/Fd1ZpfXceipA66VE77Y/PMki4dgrOEAJChScB1zyn7SX/AAVG+G37MnxR8X/DHxf8GvjRrj6ObTzdY0+0t/sE/n28U6+XJJKuceeEOQPmUiv51v2vvhB8SvD/AIb+Bf7R/wAa9WvL74t/Fq61jxJqFtKhQafZobL7JHtOdpMc7ME/gRo0wChr+lH/AIKwKp/4J/8Ax9JAJCaKQcdD/bNlWcsPTi4re5lLB0oOC35tDgvgD/wVd+F37QvxL8F/Djwr8GPjdpba3dtZw6rd2VubG2dY2cmWSOVsD5ccZ6171+zD+3N8OP2p/iH8Xfh14M8K+NvD+qeD5vKvJ9USARXY8+SHMflyOesROCBwa8a/4I9qq/sIfDUhQCdT1knHc/b5uv5Cuu/Y6+K/7Gvj74q/HTRf2bPhq3gvx5p83/FVXn9jpZi/f7TKvDh2LjzBK3Qdc+1Y1YQTkktjkxFOmpTUY7H6H0UUVxHnBRRRQAUUUUAFFFFABRRRQAUUUUAFFFFABRRRQAUUUUAFFFFABRRRQAUUUUAFFFFABRRRQAUUUUAFFFFABRRRQAUUUUAFFFFABRRRQAUUUUAeqfCP/kP6t/2DZf8A0OOv4ifDH/Kaf/gov/2B9A/9NumV/bt8I/8AkP6t/wBg2X/0OOv4ifDH/Kaf/gov/wBgfQP/AE26ZX7T4Kf79U/w/qj+E/p//wDJuc2/69fqj8YP+CwSLJ+19YozlMxHDA4wf7OscV8FW91FqKHSNYIW6H+qmHf0INfev/BYKKOX9ryziclVMLDI7H+zrGvzmkZtwstRYiQcxTD+L8fWv6uyibUX6nzfgFC/AeS/9gtD/wBNxNueJ42Om6ocODmCccZ/H1q7b3qzKdG14bs8Qz/yOfWqVlqMV7EdI1pQXx+6mz19D9ar3UbWmNO1Medbk/uZh1Hpn3r3ObTmifrDjrZlu7ha0P8AZ+qEyWzH9zcfyz71JHcKEGm6xi4tW4jn/wAT6+9V7a+CRnSdYAntX+WKU9/Yn1qrewSaYDFc5vdLf7knUx/Wlf7SBRvoyW8gNiv2W8zc2LH91MOCh9zTYdQEaLp+qf6TZN8qSHqv1/xplpqAsx9ivit3pjjCOecexqvf6e1iGkizd6Y3bqY/f3FTzaXgNLuRX9i9nuAzd6e3IbqUpbS/aMR29w7SRDmOToyUy1vzZqElc3GnNwD1Mdawt4FUzQ7JEblSOhpQ1d4lN6ami93HdKIr4gTdEn7P7N7+9c1qOlYLEABvStG0s7zVHkihaJJEBO1uDWcZ7u1LJMrNGp2nPKj8e1aVZKS95ER02OXIuLSUOrOjg8EHpXdaH4rdWjjuHMc44DetZE8MV0BhNr9Rnv8AQ1zlzay27kYI9j/SuaFWVJ80XoaWUtz3I3VvelZUItb3H3gPll+orBmt2iuHnsCLS7/5aQn7klef6Xr0tsyw3BZ4+mc12zXIvYEmtpA8ijIBODj0r04YuNReZjKi4jUv7jTbkzWsbWkh/wBZEwPlyfSteOW11Am90qVbLUessJPySfX/ABrHS7eV1QSmJTxhumfxrSns5bcxuUgaTGRgbG/BhwaqEn8iJR+8ZDdywXTTWDNp2pj/AFtu5+SX6f41qQzW2qzNLYt/ZGtj/WRN9yX8O/1rHklttRUQ3JInX7rgYdD/AFrKuknt3jW8kYgf6q6Tgj60nUt6B7JHSo8kV27W5/sbWQPmic/u7gf1+tOkW21K4LRBtF19eq/wS/4iqEWrR3Ecdj4gRXj/AOWVynY/Xsadeo8Eax6gTeWgwYrpPvR+mcfzrX2mmmxn7NXsTR3Nza3o3btJ1fGA6j91cfXsa1/OtNTnXzv+JFrw4WRf9XN/j9DzWGdQCwi01hFv7BhhLgclfTP+NE0MlvABKTqulNgrIDl4h9e/1ojVttqiXG+5qSyXmn3ySzSNo+rj7lxGf3c/17H6GtttU0/W5Uj1lP7D8QjiK9i4SY/7Xr9DXNw6oYrYW92o1nR2+XJ5eIU2awZIDLYuNY0c/wDLMn95F9PWtoTa+Hbt/X5kezXXc2rsXul3kU1476XqAJ8i/tz+7mHo3+BrVfWLLVJYYvEcf9kawAFh1O34WX/e/wADx9K5aw1e5tbdoONY0U8Pby8vGPbNWPskckDz6I66hpxJ8yylOWj/AN0nn8K1jWf2Xp2J5FfU29QS806e3uNRZrW4U/uNUtDhW9N+On0PFaz63ban5EPiyEQXgGLfWLQ4I/38f/XH0ri9N1W8sEkisWa+03pLY3H3kHfbmtOGCG6ikuPDkieWcmfT5+x/2c9K0pV3f3fu/r/hyZUu5vaklzYvBd6k7yxrzb6vZHDJ6bwP/wBVaEviGDUoreHxlbrdqvFvrVoMSR+74/8A1VxFhqOoWEskemO0POJtOuOVI77c9Pwq9brbXjSy6E4069OTNYTf6tz7en1FaQra+7939f8ADidFdTqtTtZ4I4by7c6zpq/Nb6rZnE0A7FwP59Kmk1+G+tYIfFUK63po4g1a1GJ7c+rY5/L8q4i01G80e6caa76Tdn/W2UxzDKP9n/EVs21xpuqTO9k3/COa6RmS3fmG4PsOn5Vca19tPIn2WhtX1tMLeG9aU+JdIX5oNRtDturX3bbyfqK2o/FCanYQ23i61TxloiH91qEA23tkfU45OM9ufXNcIn23SLsvZyPoWok/NGTut7n+n9atLe2t7clznwz4hPVk/wBTcH3HQ/oauNWSejt5dCXST3OyvNHknsU1DT7pfG3h5fmjuIDtvrL3OMEke2D7VoW3i5r/AE0ad4ntY/iD4aQ4WYgLf2B+vBJH4GuAju7rSr77SkreG9XJ4uIeba69A46c+9a8urafqlykmtQnwz4h6JqFr/qbk/7XY/j+daQra6aP+v61JdBdTorjw6t9YHUPDd+PHHh9Du8snZf2J9uhJH4GtXS/iBdXGnf2H4nso/iR4XT5TDdfLqOn4x9xzhsjHfn3rz26k1LSLuO+nkfS78EeXqlj9yUdhIvp9a2LjW9P1xoD4rt003VQMQ6zYDAfj/loB0/HI+lbwrtO0dH26EuhffVHeSaHaa7YPceDdQTx3ocfzPpt6fL1Kw/3WONxHbv6E07TvGupmxl8P6pbr8QfDcZ2y6Tqo239jx/yzdvmyPf8684u7bVNImg1KaV51XmDVtNbDqO28DqPzFdE3izT9dhgHjOzTUCg2wa3p/yXEI45cLz/ADHtW0ayvp7r/D+vvRl7BNdzck0LS/EFvN/whmoLr9mnzS6Fqx2Xlpyf9VIeWx2z+Zp+l+Mdd023n8NXSt4o0RRtm0HXF/f249YnbnvwfyNc3qenXIji1JJl8S2CfNDqdgfLu7f3ZR1x7flUg8TJqtpFb+KYU8UaanEWoW42Xlp9QOT74/KqhVcZauz/AA/r70RKjfR6nTiHRdbjmtvC10sqdZdA1k4ki5/5YynnAxxnI9xRXLXWiT3Fmt/YXMfjHSE+ZJozsvbT34wSR+B9qK1k+8fu/pmTp9meQW81/q11Lf2jS3ly2TNq2onOB38tT2/IVPbeINK0aaSXQ7ceIdf6SaneHMcJ/wBnt68D865fUbPxdqzbbnS9SWzHK26xMiH68c1c0/wvdELJrFhq13EuCtpb27Kn4nvX8POjT5byenZf1/kj+tY1Krl7q17v+v8Agl+HUNV8Rag1zbtN4h1McG9ueILbqf3a9Bj0FXG1DSNEuWk3Hxh4pH8b48i1P8lx+Jqnqcfie7hOn22j6jpOlgY8mKFkLj/abGcewxWHb+HNTmKwXVjf29iDzDbxEF/q1KNKDXvOy7f1+SKcpxfupt93/X4styX+o+I9TLTed4p1fPyxKcW1r9e39a3J4NL0ieFvEVyPFGvDmLTbf/U257bu3Hqfyqpet4mtbNNM8OeH73RrLje6x4kf8e31rnbTQdcdWhktb2whY5cxLukk+rGrVNNXulHy3/4HyIm5RezlLu9v+D8/uNLWNbvNYuI7fVpW1GcY8nSrPiGL/fx1/GoZraGBYbjxTcrKRzBplt932BA+9/Kra6fq2nwG30PQby23D5pnTLv7kms1ND8Qq7ullMl0/wB+4k+Z/wAOeK0pKCVotJL+v66mM+du8k2/w/r8BdV1a5vIorfUnaxsPuw6ba/fkHYNj+XSrUenpHaJdeKLhND0QYMdhC2Hm9mI5P0FaVj4e1bTo2l07Q7y41NvvXM4DH8Oayrnwv4lE7317Y3N1eH7rz4bZ/uqCMUozg/di7L+v67lOjU+KUW3+H9eRLqPim4ewSztUXwv4ZA2rBD8s9wPfHTPtzWbaaa89qZ7+RfC/hxeSOk04/pnn3p9voupWcr3k2nTajqWcq8xXEf+6ucCqF5pfiC+uPtWpQNcOOUR5V2R/QZrWnCCVotL+v61Zz1Od6zTb7f1+Rfn8SeVYtp/hmFPDehAfPckfvp/cd/xNZGm6ddXySHT86Vpn3pb2b/WS+4z/M1oW2g3jSLcXenzajMuPLjLKI0P0zzU99o3ifUnRbyyZbNeRCrqqfjzzVx5Iu0X6v8ArczcJyV5Jvy/rYgi1a306KWz8KxpCvPn6jMMlvXaT1P6Vk2Ed3ezSrpCO8jH9/qNxyT/ALvrW1F4Yu7iVDfW7ywL923SRFX8Tnmr+o6TrtxALSHT0sbED/VpMi5HoTn+VVGcNovV9X/X/AG6E5K8loun9f8ADnPx3VrpbTW2gqL/AFQjE17KchD9f6CsiJ7i4u3XTw+q6qx/eXMnKRew/wAK1m0K72rbzLHb2o6xxTIN31OanuIdQS1FlpFva6fBjBYTJuP61tGaW2/9f1Y5ZU5PdaLp/X5mWGs9CmOwHW/Ebjr1EZ9/QVkXE1zc3gec/wBr6yeVQf6u3/pWtb6JeIrQobeLccyMJVLv9TmtiPSLyzgMWl29tCx6yNIpJPryav2sY9bv+vwMvZyktrI51YYNKkW91QjUtWP+rj6hD/sj+tU7mW7u50l1EPdXJP7mzj5C+5Fbceg6jDI0rPaG5f70rzKzfhzxXQ6dpj6ejvaw28t433pZZVJz+dTLExSvuxKhJ6bIwYtHiso01XxRKjyDmC0TkA9sjuap6ndXOoFLjVMW+nj/AFFmn8fpkDr9K3m0W9muTdXc9rLOTgFpQQn0Ga6Gx0Kzsw188sd/qBHyl2G1fYVjLEqL5nqzSNFyfLHRf1ucSmkSTwDUfEDx2Glx8pbAkbv97/CsfU9Un1KMRoW0vQk4CLw83/1q6vU9J1C/mM97PaSKp+RPNG1fwrOg0iJJvtF20N1Iv3V8wbV/Ct6VZfE9WZVYNe7FWX5mBbafcX8Iacf2VoqDhM4aQe57Cq1/q6yxf2fpI+w6YgKvIvBceg/xra1m11DUNqtNaw2wP3FkAB+tc+2nKhU3UkDxr0jRuPxrsoST96Ry1W17sfvKNnYvepthDWmm/wAUh+9L9K20aKFY7DT4S2eAinBPuTVObVUP7tSqRqMADGBWIJpBKXR4WXI+9z+Y710uDmtTn9pGGx0V1am0jkkkubZZAMlIRvK/7z9M1zqz3M++SSSRoQeBn71TvOJCHurgTEdAxwq/RRVW41CCPLRgSP29vpWlKm1puzKpVje60LAuDZW7h3wzckVyV7qLTsVBOM/lUF9fSTucsT9TVjTdMe6cPKdkQOee9ejTpKC5pHnVKzqPkjsJp2nz38i4UrHnk+td9BHbabCsUSB5se/60q/ZbK3KQ7A2OMGskSJtYGQByepNclWo6j12O6lTjSWm50cEF3e20927BbVOQTwPwFQXZighidLmSSd+Qg4A/CsoT3LQG2N8Ftz1Ud6s20dqjAmVWbHLE1z+zad2dCq82iNBQ8sGyZ/kHLE+lY11cyX+ba2b7PpyfeYHG+tC6iFyGjF7bRw913Hn/GoDZwFVjk1C2WAcbUXrVQit2TUbfulS0s5dSdYYcwaahwW6b60bq83j+y9MKw26jEkg9PQVNcyQm3+y2t7bW8QGMg84rJFtEsXkrqVsiHrtByapPm3I+FWQKz3LDTdMHlW4/wBZL6/jVm5uVsY10rSxiYjDv6epPvT4za21s1vbXlvGT1bnNUYoYIWkKajbBjyTjk1ajf0Iu0tNz9kP+CF8Qi/aB+OUasZCPCsWSe5+1Q1+gmlf8p1/2Uf+whrH/qJ1+f3/AAQxVF/aD+OYRxIP+EVh59f9Jhr9AdK/5Tr/ALKP/YQ1j/1E69bM/wDkWVP8MvyP83uG/wDlJDHf9gMf/S6R/eZ8XP8AkP6T/wBg2L/0OSvK6+mfF3gO38UXthfza/DpTJaJCI2iDEgMxzneP72OnauU/wCFQWX/AEOVr/4DD/45X8SzjeTP9aMBmdGFGMZPVep4jRXt3/CoLL/ocrX/AMBh/wDHKP8AhUFl/wBDla/+Aw/+OVPIzt/tjD/zfgzxGivbv+FQWX/Q5Wv/AIDD/wCOUf8ACoLL/ocrX/wGH/xyjkYf2xh/5vwZ4jRXt3/CoLL/AKHK1/8AAYf/AByj/hUFl/0OVr/4DD/45RyMP7Yw/wDN+DPEaK9u/wCFQWX/AEOVr/4DD/45R/wqCy/6HK1/8Bh/8co5GH9sYf8Am/BniNFe3f8ACoLL/ocrX/wGH/xyj/hUFl/0OVr/AOAw/wDjlHIw/tjD/wA34M8Ror27/hUFl/0OVr/4DD/45R/wqCy/6HK1/wDAYf8AxyjkYf2xh/5vwZ4jRXt3/CoLL/ocrX/wGH/xyj/hUFl/0OVr/wCAw/8AjlHIw/tjD/zfgzxGivbv+FQWX/Q5Wv8A4DD/AOOUf8Kgsv8AocrX/wABh/8AHKORh/bGH/m/BniNFe3f8Kgsv+hytf8AwGH/AMco/wCFQWX/AEOVr/4DD/45RyMP7Yw/834M8Ror27/hUFl/0OVr/wCAw/8AjlH/AAqCy/6HK1/8Bh/8co5GH9sYf+b8GeI0V7d/wqCy/wChytf/AAGH/wAco/4VBZf9Dla/+Aw/+OUcjD+2MP8AzfgzxGivbv8AhUFl/wBDla/+Aw/+OUf8Kgsv+hytf/AYf/HKORh/bGH/AJvwZ4jRXt3/AAqCy/6HK1/8Bh/8co/4VBZf9Dla/wDgMP8A45RyMP7Yw/8AN+DPEaK9u/4VBZf9Dla/+Aw/+OUf8Kgsv+hytf8AwGH/AMco5GH9sYf+b8GeI0V7d/wqCy/6HK1/8Bh/8co/4VBZf9Dla/8AgMP/AI5RyMP7Yw/834M8Ror27/hUFl/0OVr/AOAw/wDjlH/CoLL/AKHK1/8AAYf/AByjkYf2xh/5vwZ4jRXt3/CoLL/ocrX/AMBh/wDHKP8AhUFl/wBDla/+Aw/+OUcjD+2MP/N+DPEaK9u/4VBZf9Dla/8AgMP/AI5R/wAKgsv+hytf/AYf/HKORh/bGH/m/BniNFe3f8Kgsv8AocrX/wABh/8AHKP+FQWX/Q5Wv/gMP/jlHIw/tjD/AM34M8Ror27/AIVBZf8AQ5Wv/gMP/jlH/CoLL/ocrX/wGH/xyjkYf2xh/wCb8GeI1wHxL+Ffw6+MnhW68E/FLwZ4f8deFJmEjWWo24lRZBkCRCeUcZOHUhhk4PNfVv8AwqCy/wChytf/AAGH/wAco/4VBZf9Dla/+Aw/+OUKLTuhrOqC1UvwZ+VHg7/gmh+wz4E1+28S6B+z14Yl1WJxJH/ad9falArA5BFvdzSxZB/2eK9e/aB/ZO+AP7UWm6bYfGj4fWHiqexDCwvkmltryyDckR3ELK+wkAlCShPJGa++f+FQWX/Q5Wv/AIDD/wCOUf8ACoLL/ocrX/wGH/xytPaTve+po+IKbfNzu/zPzc/Z7/Yc/Zk/Zg1S88QfCL4cW+leKriE28mrXt3Ne3axHGY45JmbylOBkIF3YGc4Ffn5+yF/wSG8J/DqX4ozftW+HPhX8YZtQu7WTw+1hd3rfYIlM3miQMkIDP5kPA3/AHDz6/0Tf8Kgsv8AocrX/wABh/8AHKP+FQWX/Q5Wv/gMP/jlUq9RJq+5pHiSmrpT39T+fP4t/wDBKTRj+0j+zp8V/wBmzR/hj8LPAfhjVtP1TxDp893eC41B7e+SfdAnlyqWKIUG50GcZ6Zr7p+O/wCwv+yx+0lrn/CU/Fr4UaVrfi7y1hbV7O6uLG7lVQFUSyW7p521QFHmbsAADAAr9I/+FQWX/Q5Wv/gMP/jlH/CoLL/ocrX/AMBh/wDHKJV6jtrsTLiSm7e/t5M/J7TP2GP2e/2fvhT8b1/Z9+FSaR451nwdq2j/AGo3lze3t6JLdtturzyOVVnSL5E2glVJGRX5q/8ABOX/AIJs+CvGHwq+IFn+2V+znrFn4kg8QLJo7apJeaZdG2NsgYK9vLE7x7weGJAOcAEnP9Rf/CoLL/ocrX/wGH/xyj/hUFl/0OVr/wCAw/8AjlUsTOzXc0jxLTjFx5tX11PgfWv2S/2edf8AgrD+ztefDTTbP4MJLFMdC067ubCKWRJBIrySW8kcsjbwrkuxLMAzZIBrJu/2Mf2Zr74G2P7Ns/wtsh8F7e7F9Fo0eo3kZNwJGk81rlJhcO+5ictISRgdAAP0O/4VBZf9Dla/+Aw/+OUf8Kgsv+hytf8AwGH/AMcrPmqdznWfUv53+J+ePin9jH9mbxr8HfB3wC8UfC2y1f4UeH5Vm0bTH1G8V7Bxv5S6WYXHPmyZzIc55zgYw/FH7Bv7J/jbQ/hR4a8W/CaHxHoHgi3a08M2t3rOoyJp8BdXMT5uP38eY0G2beNo2428V+lX/CoLL/ocrX/wGH/xyj/hUFl/0OVr/wCAw/8AjlJTn3D/AFgpfzv8T4K+On7KP7P/AO0tN4Pn+N3w8t/G8mgNM+kltQu7UWvmmMyDFvLGHDeRFw+4fL05OfR/in8K/AXxr8A+Ifhh8TvD8firwLqqRJf2DTywCcRypKn7yFkdSHjjYFWByor6u/4VBZf9Dla/+Aw/+OUf8Kgsv+hytf8AwGH/AMcpXlprsT/btHT39vU+RPhB8HPhv8BfAml/DP4T+G18J+B7J5pLayF3Pc+W0khkc+ZO7yNlmY8scZ4rh/g9+yr8BPgH4p8deNPhL4BTwl4m8Sv5mtXI1O8uftreY8n3J5nSP55HOEC9cdABX3n/AMKgsv8AocrX/wABh/8AHKP+FQWX/Q5Wv/gMP/jlDcu+4f27R19/f1PEaK9u/wCFQWX/AEOVr/4DD/45R/wqCy/6HK1/8Bh/8cqeRi/tjD/zfgzxGivbv+FQWX/Q5Wv/AIDD/wCOUf8ACoLL/ocrX/wGH/xyjkYf2xh/5vwZ4jRXt3/CoLL/AKHK1/8AAYf/AByj/hUFl/0OVr/4DD/45RyMP7Yw/wDN+DPEaK9u/wCFQWX/AEOVr/4DD/45R/wqCy/6HK1/8Bh/8co5GH9sYf8Am/BniNFe3f8ACoLL/ocrX/wGH/xyj/hUFl/0OVr/AOAw/wDjlHIw/tjD/wA34M8Ror27/hUFl/0OVr/4DD/45R/wqCy/6HK1/wDAYf8AxyjkYf2xh/5vwZ4jRXt3/CoLL/ocrX/wGH/xyj/hUFl/0OVr/wCAw/8AjlHIw/tjD/zfgzxGivbv+FQWX/Q5Wv8A4DD/AOOUf8Kgsv8AocrX/wABh/8AHKORh/bGH/m/BniNFe3f8Kgsv+hytf8AwGH/AMco/wCFQWX/AEOVr/4DD/45RyMP7Yw/834M8Ror27/hUFl/0OVr/wCAw/8AjlH/AAqCy/6HK1/8Bh/8co5GH9sYf+b8GeI0V7d/wqCy/wChytf/AAGH/wAco/4VBZf9Dla/+Aw/+OUcjD+2MP8AzfgzxGivbv8AhUFl/wBDla/+Aw/+OUf8Kgsv+hytf/AYf/HKORh/bGH/AJvwZ4jRXt3/AAqCy/6HK1/8Bh/8co/4VBZf9Dla/wDgMP8A45RyMP7Yw/8AN+DPEaK9u/4VBZf9Dla/+Aw/+OUf8Kgsv+hytf8AwGH/AMco5GH9sYf+b8GeI0V7d/wqCy/6HK1/8Bh/8co/4VBZf9Dla/8AgMP/AI5RyMP7Yw/834M8Ror27/hUFl/0OVr/AOAw/wDjlH/CoLL/AKHK1/8AAYf/AByjkYf2xh/5vwZ4jRXt3/CoLL/ocrX/AMBh/wDHKP8AhUFl/wBDla/+Aw/+OUcjD+2MP/N+DPEaK9u/4VBZf9Dla/8AgMP/AI5R/wAKgsv+hytf/AYf/HKORh/bGH/m/BniNFe3f8Kgsv8AocrX/wABh/8AHKP+FQWX/Q5Wv/gMP/jlHIw/tjD/AM34M8Ror27/AIVBZf8AQ5Wv/gMP/jlH/CoLL/ocrX/wGH/xyjkYf2xh/wCb8GeI0V7d/wAKgsv+hytf/AYf/HKP+FQWX/Q5Wv8A4DD/AOOUcjD+2MP/ADfgzF+Ef/If1b/sGy/+hx1/ET4Y/wCU0/8AwUX/AOwPoH/pt0yv7u/CPgO38L3t/fw6/DqrPaPCY1iCkAspznef7uOnev4RPDH/ACmn/wCCi/8A2B9A/wDTbplftPgrG2Oqf4f1R/EH0+cRCr4b5tKD09l+qPxc/wCCw0ckv7Xdmked3lEjHb/iX2Nfn09nPdWnk3MBLjo2R1r7/wD+Cx7Ov7WtqY2YN5R5HX/kH2Nfmar6icZe5P51/UWXYhQUk11PI+j5R5uA8l/7BaH/AKbidONL1BkETwNKq8q4IyK14xfPam01C181QMBiwzXFp9vwMGdR9TU3/EwIwWuSPxr0I49LZH7B9VubQ067dHtyong7AsMj6Vs6cl3FAbS9QT2xGBuYEgfnXGeVen5gLnP0o2X/ABgXX5VMMxSd0mDwvmdJNok0TSR2zxXFo3IQuMr9Ks6fbanZoYpIfNtuylxwPauUEOodQt169Kd5WpNgEXJ/CrhjYp3SYvqz2Zs3OkyCUyWiLGrfejZxg/rSWVtqNmzKsSSWrdVLjA+nNYpt9SJ4S6H4GmG21Pp5d0R+NOOLV72YOgzpZgwPmbXikHQqwyPyNUnu5kimg3JMrdd4waxHtdSOR5V1+RqFrHUevk3BX6VpHFN7JmXsEt2bVqUWJo5SvXIwelSzJDcQYkYbgMDnmud+xah/zwuPyNPFlqRGBBcYq1Uk1sZNK5VurQozGM5FJYapc6fKDltndasHTtU7QzkfSo20jUmOWs5if92sY05p3ihuSZ20F5Z6lGHWTyZT1IPX6irAury2RoY7gNH028Mh+qmvPpbHUdPUSy29xbRsdu/aQCfTPrwafbfbLttkDzSSf3QxzXT9als1qS4Jo6xzNJKsgliVs5xzW4l2hiMcrJIpGCp5Brhv7M1k9I7o/ialXTdbyStvOex61dOpNP4WR7vc61II1V4oZrcwHny5DwPpWjp6z2uUFzaPZn/lmz5wPQVwqaVrZJ2291k9Tk81KNI19uBb3Z/OtFiZL7LK9kn1O4exjV2NndW8cbctG5yv4U+xtbqycmC/sUiPJjMmV/LtXGpoXiFutpd/98mrUfh/xAetndnj3o+tyvdQYPDprc7B7KATNc2t3a2sx5Yb8o/4UtrHPazvNb3unxO3LAP8rfhXLjw5rwOfstzn3FKfDOvMSTZ3AP0rRYud7qDE8OurOxuYYLhxcC4sLa67uknDfUYqNLMxzC4g1PTope7K7DP1GK5UeFteP/LpOfoad/wimv8A/PnP+dV9bm3fkYfV4rdnb3MUNyyyTXWmi6XpLHIQT9eOajhsIzOky6zpcEy9HDsG/HiuRXwl4iAwtrcimnwj4kJ5tJyRzWqxlT/n2xPDw6SPUJ7fTL6NPt+saNJOv3ZAzBh+OKqDRdKldXPivSY5F6OxfcPxArzj/hEPETHJsZs1HJ4O8RBSxsZvqc10Rxs29aX5mToxS+I9du7HTZ7UQ3finQL4L90tuDD8cVzFxplgQEfxHprqvKkliR9DiuEHg/xEVIWzuAp69QDSJ4L8SAhltZlI7itZYipLel+ZlGMFtI9ShvIo7U2l54g0vULcjG2QMxX6HrUMkWj3KCGTxHarH2VkZse2etea/wDCD+JGzmzlPrkUf8IH4j/58ZPyprE1rW9n+YKMP5j1mGWwjtvszeJ9PuID/A8bEYqCJtCQNA3iKySA8GMxMyD8D0rzNfA3ibaENnKVznGDxSjwJ4mJwLOZR6gGmsRWf/Lr8w5Kf8x7lpk3h22haFfGFi9uRjymjcr9AD0qMQeDYGbyPFtrbRtw0awOyn8Oa8T/AOED8VZUmylPPX0qc+AvFTjD2koA6d61WJr7ex/My5aa1cz3mwPhrTldbLx/YQRNyYzA+0/hWZdN4USaSaLxTYRTMcs0MDLu+o6V4wfAHikj5bWT8Qacvw98UkgNB5eeMtkA/jWv1uvJWVH8xKFPfnPZrC68P2VwZ7HxzHZSNywjtmAb6gHFaM83hKe4N5J4rtFvD96SG2ZWf6gEA189XngzxLps8KahYT2qyHEUrDMb/Rhx3rfh+G/iyVYpRaSMpHBUZyKVLFYh+57Lb1FONPdyPcdNuvC9jOt9b+O2tLgnkrZkE/Xnn8aK8bj+HHisci3kI6d6K76eMxUVZUvz/wAznlGk38R4e/jDxQ5LNqt+T7u1IPF/ilfu6vqC/RzX1A/hzwenC6deN/2yqBtC8Hr10u5H/AK/kBZxQ/59/gf0X/Y2IW9X8T5ifxT4nkyX1XUWz/tmnxeKfE0P3dSvlHsxr6XGl+DScDTbkn/cqZdI8HvlRpN2T7R1Tzijb+GJZNX/AOfp8xv4r8TyDB1LUFH+8eagHiHxIPu398Pzr6nOkeEEPzaVPGvqyAVcTw94RkC/6EyM33F2ZZz7KOaSzqiv+XY/7Frv/l7+J8lt4h8SMuw6jf7c5xk1GNb8QA5F7ehvXmvriTwK8zqLPwvPDb55kcKWI9hnA/GrcfgjToVCz6Bds3Uk7f8AGpef0Evg/ITyHEv7b/E+Q18SeJ1G1dT1ID6mmyeIfE0vytd37D1JNfYLeENHTb/xT1yf++P8ajbwvo8YB/4R6ZvYFc0Qz+h/z7/I0/sHE2/ifmfHR1PXScm4vifrURvdbbJ829f8a+xx4c0odPDVyfxX/CpE8N6Ocf8AFOT5+q1ouIaX8hnLh+t/z8/M+N11DXlxtkvR9DSG811xhnvnHuSa+zD4Y0wHjw3KfoVqtJoGkoTnw1NwP9mlHP6T/wCXZL4fqrT2h8cGfWsHBvF/Ok87XSMB77HoM19gDR9PPCeGZjj1Cinf2JaHkeGXUnuCK1XEEP5CP7Cqfznx3nWj1F6fwNNxrHpe/rX2CdGgBx/wjL/mKVdFhfOPDDD6stNZ/H+QFw/P+c+PlGsoSVW8BPfBqUSa8OhvK+xk8OoRkeG1+hdaG0GNASfDiqB/trxUriGD+wiv9Xan858drLr6/d+1/wDfNS/avEv9+6/75/8ArV9ay6dZxDJ0CPP+8KqG1UnMPhy3Yf7wqv7bi9oImWQTW8z5YW98TcANdD/gA/wqQah4qbI827/74H+FfUL2kqqXPhqEL/vCktrZrltqeHrQ84++KHm8N/Zr8Cf7Dadudny283iV/vNdH/gA/wAKhP8AwkJ6i4/75/8ArV9hDw9McH+xdLU9f9epxSPoMihmbSdNz7XC1Kz2C2gi58PS/nZ8bvBrz9UuMf7v/wBaozYa0esc9fYMmmxxKS+lWQA7iUVDHZrKxEGiW8uPR+PzrSOerpAwfD9t5s+Pm0vV2OWguDTTo+scbba4Oa+wpbGVMj/hH7Yn/rpWZcTvZxzTT6HaQW6KXd3cBUUckkngD3rennkm7KJlLIIr4pHyimha7IwVLO5LHtzWFK77mj37yDjIbIP0r03xf8RtR19zpGgI+l6Sco62+Ve8yMENjnYQSNnfOTngDuPh78NtMtfJ1TxS9tJcsAY7ViDs92HrXrTx7pUvaVlZvp1PJjgY1ans6Dulu+h4Zb6HqcoWUWkoTGRletX/AOx9Y/54T/ma+v7i48PW9wYVt7Vo16nIH4YqM6j4bBYiytT9Xrylns5bQPU/sGC+2fIbaNrBPFvMT25NR/2FrQ/5d7j8zX10dY0AZC6bYEe70DVtFbppmnIO3zVf9rT/AJCv7CpfznyQdD10kFra4bHTrxR/Ymvf8+1zX1ZLq2kA4Fnp/wCBqq+rabglLWwUe56VrDNan8pn/Y1P+c+Xf7D108/ZbinHQNbbrby/rX00us6aT00wDHGAatDWdG2j5LIt3ycZqlmdRfZJWUUv5z5W/wCEe1n/AJ92/Wnf8I/rGNv2eTbnOMmvp99W0sn93baYT7sagbV7UcLa6Uv61cczqP7JEsopr7R8yjw5qx62rikPh7VF4+zP+VfSx1S0Y5I06Mdfu1CLy0JyZ9LiX1K/0raGPn2M3lcP5j9HP+CE8Elv8fPjhDKuxl8KxZHp/pUNfoTpX/Kdf9lH/sIax/6idfCn/BE14pP2lvj28bxyIfClvgqMD/j4g6CvuvSv+U6/7KP/AGENY/8AUTr18zlfLKj/ALsvyP8ANzhyny/SQx0V/wBAMf8A0ukf6GGs/wCts/8Ar3T+ZrHrY1n/AFtn/wBe6fzNY9fxFU+Jn+olP4UFFFFSUFFFFABRRRQAUUUUAFFFFABRRRQAUUUUAFFFFABRRRQAUUUUAFFFFABRRRQAUUUUAFFFFABRRRQAUUUUAFFFFABRRRQAUUUUAFFFFABRRRQAUUUUAFFFFADgCxAUEk+1fM/ib9qHwpZan4g8OfDfwN8U/j74s0y5ezvLLwjpkZtoZ45GjngbV76W10tbiFkYSWzXYmQ8GPJApPjV4q8V3nxF+D3wd8H6ndeHYtVe78T+JNUt5ZIbiHRdNktt1pazp/qp7q6vLGIk4JtVv9jJKI5E8R+HP7ScX7b/AO0Pe6D4c+Mul+APB+gTXkmreHrXSLw3/i7S7dEVr+HUlzHaw+ZMoSFGExETOxxIET4jPuLJrFwyXJlGpmE3FqNR8tNRd9ZO6benwrVrVH0GS8N18ZTqYpprD0leUkm2uysk9++19z1iw/a38K6VbwT/ABr+G/xc/Zpgln8mO68Y2VpLpqDHElxq2l3N7p9mpOEX7VcQs7sqqGLAH6tr8hZPj34h+FPwg+Gfxr8J/GbRf2qfgBBqcvg7x/cXGmXNlqC6jLLJMk9vDdxoxRbaW2jMbEq5UYC72kT6o+Ad/pXwr+JEfwB8O3q3Xwk1zw1L4z+HFskjSpotlbTW0Go6bAx/1dhC2paTLax5IjS8mgjEcFrDGvicNcc4/wDtRZFn1GNLFTjzwdOXNTnG12ldtppa7tOz1017M/4TqYKisVCXNScnG7TTTTtZppNPVOzSdmj7Soorwf8AaV+OVt+zx8Ida+JA8Kal4+8RNqGleHvDvh2znSCfxHr2p6hb6bptgkrArEJry9tY2lIYRozyEEIRX6xhcNOtUjSpq8pOyXmz5GpNRi5S2R7xRX5L+Iv2n/2svg5c/tFa746+Kn7CX7Q198GdJg8S/GT4XfD3Stc0zxH4J0V7YXU91YatfXU1vrEttbFpzB9ktGkVQhaGSWNG3NJ/af8A2jPjhN4F8dfCL4u/sNfs7/C7xr4s1jwr8JdM+Jtvqmpa18X2066e1lvLdrW7s00u3mmiZYCY71nSa1cqr3EcDfdS8M829oqfItr3vp6ep5f9t4fl5rn6mUV4B+zR8br748fDSXxN4k8HL8N/iPpGu6v4R8YeGhqAvhoGvabey2d5bJdBI/tEBkgMsM+xPNglhk2rvwPf6+HxeGqUKkqNVWlF2fqj06dRTipR2YUUUVzlhRRRQAUUUUAFFFFABRRRQAUUUUAFFFFABRRRQAUUUUAFFFFABRRRQAUUUUAFFFFABRRRQAUUUUAFFFFABRRRQAUUUUAFFFFABRRRQAUUUUAFFFFAGxo3+tvP+vd/5iv4JfDH/Kaf/gov/wBgfQP/AE26ZX97Wjf628/693/mK/gl8Mf8pp/+Ci//AGB9A/8ATbplftPgp/v1T/D+qP5A+nR/ybLNv+vT/NH43f8ABXBUf9srTFkhMymF8qMc/wDEtsvWvik29unTSpvyWvsT/gsQ7RftdWbqxVhEeR/2D7GvzmTVLxRg3NwBn+8a/rHJcRCMJKSvqed4BQb4EyWz/wCYWh/6bierLHHk7NKkB91X/CpjE6/8wtx/wFf8K8oGq3X/AD+XA/4EaX+179CMXkxHuete6sXR6x/I/WuSXc9VKSdtJY/8BWpUic4xpeD77f8ACvKV1q/OM3cg9MGpDq9+3W6c9utNYqj/AC/kZ8lTueuxQT5/5BaEZ9UrRW3mIONIUnH+zXiLapqBXBuZfzIpy6tfD/l5mx/vVtTxtJfZ/ImUKnc9kc3EYwNJhx7lf8KYpumy39jwnPoy15H/AGvesOLmRT9acmp3ocMLqfOMcMea1WOp/wAv5GcYT6s9gC3PLSaEhHf7tXbS3F4wRdMtQ3+1Iq4rxxNXv1wftUufUtWhDrV2OWmZz0JJxmt6ePproZOMm9z2kaHJjnSdOz/18LTv7IKj5tJsfwnFeK/b7luVuJs56FjTl1G7TOLiYA9fmrrjmlNfZMXh5PqezNZwxLltItuP+mopYbcSoGg0Szf/ALaCvG11S8H/AC8S/nWnZ61exo8ZnlQH+LOMGtYZnTb+EzeGkj028gnurK60268N21xYTLskiLcMPw6EHBBHIIBFfO3iTwPrHhqePU9Lt7+SwT5ixAd4CBkl9oHy8E5wAOh7E96da1XJ/wBOuB/wKlXW9UB/4+5nyMYJzXBjp0a61TTWzOiipw9DT+H/AMRNB1XydK8S2ltaX33UnAwk317A17LIPD8bFY7ayuR6BtrD8Ohr471zw0WknvtNQKSd7W6LjHqU/wDifrjsKg0bxVc2+y1vZpZLfor5OUqsHn86K9lXjfsyauAU/epv5H2ONT8NREqdOtA/cM2CPwpw13w+pG3TdNx/10r53W/luY0dblpozyG3ZzTkdmYKWbr1zXsPPO0Ucjwlt2z6JHiDQ24FlpsZ9d4NSDXNMQZWHTSMf3h/hXzsFlOSspz2FAllVsSFiPWpWb94IFh2up9Df8JRaAkpDp6n3A/wqaPxZYr89wmmBe/A/wAK+fFkfBwxx3xTyGcZzhvQnrVLN2toor2T7s+jV8YaCeFTTR7lR/hTm8WaceUj0Y8dx/8AWr5oIZTkMwHoKeJJgMFyR9a1jnslvBEvC315mfSP/CVQt0j0Qr6gCpI/Elq4bfJpUf8A2xBr5uWVscu4qyss3VXb86uOef3URLCPufR8WuWTuVa90ZF9TEDS3Wr6aqsE1fRCO+bc186RGWRyDKytjjnrTWM+SrGTd9c1os50+BE/Ur7yPfW1yzABTUtCcY7QmqjeJrQEr9s0kH/rh0rwrMqnOMGpVd3GXUt71i85m+hUcEl1PbR4hiPS/wBKz2/cU/8A4SJR01HSv+/VeJZxkhiB6NShnH3iSD19qP7Vn2K+pq1ke4p4ohHEl9po+kINT/8ACVWYGRqOmsfQw4rxCMq4OSMdAc0jKc7g7fQ1Uc4qLVIyeGjc91g8YaajhbuW12HvGoz+RrQfxd4TUZ/tKYnviFTXz2v3WDk5A4NRBWbqRntzXRDPqqVrIyeBg+p75J418Np9y/nYf9cAKVPHPhllIkup8HjHlCvn85BwQahkCH1BPIrP/WCqtkhrAwXU+l7fx/4Ie2m0vVLf+1tLlG2SKWMce4PrWLHq1jo7sfCGqS6zpBO4WNwdtxb89I3bhx7Hn3r59850IDDK561ehlI5RiCOlbLiKpNLmSuuq3H9Tiup79afETRbl2ha+u7W8H34JYAjofQg9fworxZ2hvoki1KCO9RQNrNw6f7rDkUVss9rLs/vMnhII84/t3VlPN3KT7mnL4i1boLkn6iqSGEHLxtM55OeBUpkmdQiKsKeijFfxNKlHsf0x7Wp/MydtX1ViDLePGPTOP0qdNbv41Hl3EhH94msp49oyVBJ7moWYk8Av9KPZR7C9vKPU15NdvTh1PnSjo78qh9QO5qrHqt4krXD3N1LcHkuXOfw9B7VUaJ+GkbBPQd6RUGemapUY22M5V5p3uareINVIz9ruce8hpg13VWPF5OP+Bms1kY4wMfhTwh4z8o9TS+rwWtkS8TUfU011vVUZW+2zt7FjinHXtY73kw/4EayjtwAMk+tQuxBwOKFQi+g3XmvtGu+vaoM/wCmT7vZqi/tzVTn/TZ+f9rpWUGI6Y+tMYkDIq/qsOxMsTUfU1P7b1QNkahdA/7/AEqNtd1RskalcH38yslmYgKoJP0zQkDscsMfWtVQha7RPtp9zVXxBqy8C+uMD1Y09fEmsHAF9cAZ7GqsdsGIOML3OKR40UErxjqTU+zp32KVapvcunxDrB630x/GoH1/Ven26fPru6VmyOccYxVcknqa2hQh/KiJYidtzTOuargA39wR2+Y01td1VsA3U7D3NZwBPQUuCGABG6r9jDsT7edr3LjanqLZ3Xtxyc8OeKmi1TUlCgXlwFHONxqioIzk5p4JByKmVKNthqpLe5rf23fFdpldvq3WqzanfSEbru4A9AxAFVBISTgd6jKEkdRjtilChFa2CVaT0uWDqF7/AA3Nw3/AzUg1HUXYZuZAB6niqwRj0U0vlt3GKuUIdg9pLuXxq9zEpHmPNL6seB+FIfEOsYwL6dQOgBqgIm6KC1U9QvrHR4luNSk2FshIwuWcgZwB/U8cjmlGhBuyV2S680rtmldeK7+yjM91qksUPPLP1Pp7ng8DmvJfEfinV/FVxFbPJM1kjfuoQfvN/eYdz/IZ9STnX9/f+I9QU7CFziOJT8sa/wCPqe/5Cuy0nR4dNRWOHuT95sdPYV6lLDU6C5mvePKq4qpWfKn7v5jNC0NNP2XMxDXnbn7ldYlzch9yTSBz3zVEZAzzj2707zCOgxWFW83dnRStCNo6FyR5XJLSu0hHc9aovK6MVViT6ilLErhSAe5JpqKQScEkdSacIpblOTexJGZB8zO30qQMxyNxHuahLNj+GoiHbhm4pqFw9rbYe87Y2qxPvVZixBO4nPvT3GMYBxUXzH0WtVFLYylJkal14BbNSHzGAJdsZ4zTUzuIAJNWlGBggUyIIhCuQFUMx9SaRzJHxvLnrx0qy8+1diL7VQkZ2PYUQTYp6aJiPJJ1LOT/ACqPdK38TH8aUKe5J9qkwfQ1tojM/X//AIIZ/wDJwnx0/wCxVh/9KYa/QDSv+U6/7KP/AGENY/8AUTr4B/4Ia/8AJw3x1/7FWH/0phr7+0r/AJTr/so/9hDWP/UTr0c1/wCRbU/wy/I/zp4b/wCUj8b/ANgMf/S6R/oYaz/rbP8A690/max62NZ/1tn/ANe6fzNY9fxFU+Jn+olP4UFFFFSUFFFFABRRRQAUUUUAFFFFABRRRQAUUUUAFFFFABRRRQAUUUUAFFFFABRRRQAUUUUAFFFFABRRRQAUUUUAFFFFABRRRQAUUUUAFFFFABRRRQAUUUUAFFFFAHxN401T7H+2Wvh2/ee2j1r4Vu+lTbgB5trqbi5WPJzv239mxA7KM9BXwB/wSl+G+o/Dn9qHxtJ438T/AA28L+IYtO1fwhDoGp63ax6pfX+beVTDYs3mT27KjkSoGRtrYJANfdf7dH7PvxG+Kfhz4f8AxZ+Alza2f7RHw9v59T8PJJIsY1qxnRUvtL8xyI42mWKB1Z8K0lvHG7RxSyuPzr0z9qD9ln453mmeIPjVZePf2dP2ivD/APol3qemxXunanpd2BtaI+Wv2iCQA58q5jDRiQgEglm/mrjV4nhrjClxZLDyxGGko35N4ygrK+j3Wvn8j9+8OMR9ZyPE5PQlZ1VaWnNJbtNRum1rZ2va23ft/wBpu2tbX9h3wj8O/iB4s+BPij4q6n40XU/AGk/CVol028tWP2aaae2tI44JW8xbuJZNhYP8iuT5qj6h+GNoPDf7R37HPwev7q0m8TeGvg14mvL9ouXiWO48O2SoTjiOV2ncc8m0HHGR8l+E/wBpj9gT9lrRtIn8LWvjn9oDxpGW0zwvHcQzXF3pk0rSOsGnpcJGAzyTTEW9tGzzPM2QxIr7V/YX+Dnxi0uf4nftI/tJ2sel/Gzx29pDb6KGVh4U0C2Dta2JAB8udnuJ5JVViP8AUKxd4mkb1eGMRiuJ+IsLxKqTpYahTlG0r87k4uCu2lf4m1bokmcnH0o4PKpZXO6l7RzV0o35mnpC7cYpLW+8m7H6EV8pftq2v7Pdx+z74gm/ac8R+IPB3wytdZ0G9i1fRbq+ttW03WYtWtX0ubTZrAG7W9F8tmIvs4MhchQCGIP1bXzf+1h8FfEXx6+Cup+DvAviXR/BnxP03WtC8ZeDtX1G0a6tNO8Q6NqtrqunyXMKlWktjc2EKSqpDGJ5ADkiv6QymcFiqbqScY8yu1ulfdH4PiE3B8quz+c74D/8Ipffsd/8FuL34P8Aiz9oPxN+03LpHi698Qap8SLmW9OtfCs6ldi5OhyTMLyPXn0KK0V21dPOF0NPOz7MyNXT3n2ceAf+DZA2O0WZldosZ+6fiL4Aweeeh/Wvv3xp8Avj78YtY/a40/w1+w/4A/ZN+Kfx/wBGh8H/ABj+KrfF+bxJp39hmBbO+fw1o4gRheXFoHjR5IbECQxTy+Y0PlvsJ+zp8UvgvP8AA/4fP+xJ4R/bS8MfCLxXq/if4HeLf+FsS+FLjwvDfagL9dL8QWbRMtxBaXEVn5U8a3YdbGyka2WaEtJ/UcOL8sjKNB103a976aNbvuz4H+zq7vPkZ9T/ALHX/I8f8FAx2H7RPivHt/o9hX29Xzb+y18GfFfwb+HWvr8Sde0HxT8YPFninWvHvjS/0mGSLT31nU7t7mW3sklJkFpbI8NpCZPnaG2jZwHZq+kq/mnibGU8RmFWtS1i5Ox9xgKThRjGW6QUUUV4R1hRRRQAUUUUAFFFFABRRRQAUUUUAFFFFABRRRQAUUUUAFFFFABRRRQAUUUUAFFFFABRRRQAUUUUAFFFFABRRRQAUUUUAFFFFABRRRQAUUUUAFFFFAGxo3+tvP8Ar3f+Yr+CXwx/ymn/AOCi/wD2B9A/9NumV/e1o3+tvP8Ar3f+Yr+CXwx/ymn/AOCi/wD2B9A/9NumV+0+Cn+/VP8AD+qP5A+nR/ybLNv+vT/NH4r/APBY7I/a1tSP+eR/9N9jX5l+bKpyrYHpX6Z/8FjgzftbWoUAt5R/9N9jX5qLZzsARGc9xX9QYKLs/U5vo+L/AIwLJr/9AtD/ANNxK/2mZTkhakW6c5I2nsalFjc55iOPag2FyGyIyRXdGMj9e0GiZyNyhQe1SxzycZVT+FOSyuOnltUq2N1kHymxWqciGkTJI3B28+lSPJIOVxj0xVyLTrpk4iY0fYLkkKY2BraPMQZck8wwcIfwpVuZcA7VP4VrHSbpiQEcqe1MGj3oYfuW245qveAz0u5x/CB+FTrezDHCg++auDRb89IjT/7FvOQYCB71SU+hn7pAuoSt/DGD9DUy6hPjJWM/gaY2j3gbmMAdu+Knj0m8IAAIPcmtYc5MlEjF9MSGKIPwNSrqE46qjfgasDR709EDH2qQaHf8YQA/jWkeczcUMXUZyANkefcH/Gpkvro/8soyPYH/ABq1b6BeyEiSLFaaeHL89I3GK6YRmyfdMgahdoQwSEH6H/GsTXtJfW8XFstvaagActsJWXjgNzx25547HjHef8IzqBAPljPoauQeGb4kblApToTmuWWwoTindHzfaeJ9a8PXslld2yJsbEkTg5X3HP45716Pp3iVNQiE9sYW9Rg5X2PNd5r3w5bxBZG2uWjimUExTAZaJv6j1Hf2IBHzvr+h654C1cQTtlHy0M6/6u4T+hGRle2e4IJ8ypLEYXVu8Dqj7Or6nr41Wc4G2E/gf8aeNWmPyske36GuT8N6jbeIV8lJoob8DmInG73HrXYjQ7wZztVR3r0KNec480XozCdLldmhY9TmUHaECnpkHj9amGq3AyNsBx3wf8ahGjXYwcKPx61Omi3LH7yiuj94ZuERf7RmYZIhDfQ/40n22ck4SD681aTRbhmUNJGAT61dHh+QgbJkB9zxWiVRkOEd0jDa/uhxsh/I/wA80qandrjEcIP4/wCNbL+HrgAqZEP0Oah/4R65wP3kefrQqdQZVTWbpScxwhvUZ/xq6urzsvzRwk44OP8A69Ivh65Gd0kR/GpU0C5BGJIlHfnrWn70hqO5UfUbkniOEenB/wAajXUbxMnZB+AP+Nag0G5IJMsAOePnFK2g3C4xLD/31VqFboL3TP8A7Yuf7kH5H/GnDUbluUSAZ+v+NaA8PyEHMsIP1FPXw3L95LmL6ZoUavUPdMwahdLztiQ/j/jVldVuv4o4D+B/xq7/AGBcjA8+3P8AwKlTQJMndPCPoauEanQTUX0Ko1KduixY69DkfrTPt8pPAiB+h/xrTOhLnIuI1I96BoYOS1zFn605QqkKMOxnNezNjCxAjocH/GljvJHGyZItuMA4PH61qx6HF903ar6HjFWR4ehIH+lp+dEYVbjcYnLyz3UUmwiEr9D0/OhbuZfm2xc+x/xrWMfhpQJJfFOhhPV7qMD881YWDwoxC/8ACUaCMjIxdp/jUq7+0vvBw8jOh1G4wo2x/XBorTW18MjOzxXoZGeQbuP/ABoroUpdJL7zLl8jlRYXGf8Aj2cf8BqX7JMo/wCPeTH+7WcfH3jADjRdFJ/64n/45Sf8J7415/4kOin/ALZH/wCOV/Kv1Kt1t95/QP1mj5/cXmtLh+Pszkf7tNFjdN923YDGckVTPxA8bxrxoOh4/wCuP/2yom+IvjPkNouir/2xP/xyrjhK3S33kyxNLz+4vGxvGbDQy5PrSnT7lR/q2/AVlnx94vOT/ZGkk/8AXI//ABdB8ceMnwRoulMD2Ef/ANnVRwtZb2+8z+sU/P7jQNlclSfLYD6ZJqE2V2efJc/hWdN498UWyr9p0/Ro3PRBE7N19A+P1rUt/EvjC6QzjTdHgjPK+ZGwJ/8AHqHhqq1dvvBVKcnZX+4jewugOI3JxzxUQsLo9YZSfpU7+JfFcQLy23h8KP8AYf8Axoi8S+LpFEhsNDVD0/dOCf8Ax6mqVS3T7wtB6a/cRjTbtioW3mJPbFW08P37jc8DIPpSL4u8XW/Is9AH/bN//iqG8d+MWIBttDx/1zf/AOKqHSrX0aLj7Jb3LUehzIdq28jH1Iqf+yLgA4gOfpWHN8QvFEPDRaH9BG+f/QqVvHXix7SWeX+x7GLacPsbcPcAkjP1FN4Ot3Q44igujNF9LvUOPIkb6Cq82lXpzmGTaOR6D8a4mDx/4u1O+MFrrRSFc8+TF85/754FXZ/EnjyJ9smsQuvYCCM4/wDHK6fqdZNJtIwWKoyV0nY3Tpt7nmFgveom026XgwvntWINf8bOMnVo8/8AXOMf+yVH/bni44zqcZyf+ecf/wATWiws+6M3Uh0TNr+zb12AETKDTxpN4P8Allk/WshNd8YAgJfxZP8A0yj/APial/t3xkBgarD7/u0/+Iq/Yz7oI1IdUzV/sq+/54mnpo2oSNhLZie+Kw28ReMIsn+1ICPTy4//AIigeKPHIX5dWhUdf9VH/wDEVPsavdE+0pt6pnUJoF6BlonB9AtWB4evcqfIY9+a5hPFHjYDL62qt/swxn/2Wnf8JV42XH/FQMPYQR//ABNZywlX+ZGkK1K3ws6z+w9RZsLCcepqdfDl+3LQniuJbxb40Xrrxz7wR/4VG/izxfIMSa4WHp5Uf/xNT9SrP7SL+tUVvFmn4o1Wy8JLEt4DNfSKWigRgWI5+Zv7q5GM/XAODjxIJrPi/VJJQr3Mx6lR8kS9gPQf5610WoaV/ad5PqGoSveXcrbndmbJP58DAAA6ADHatPTFv9JhaHTrqK0hPJCxLk/UnmvXw1KFKHuu8jx68p1Z6q0TS03wvJpcO2OHdMfvOepNaJ0y7By0bNnmshtT14nC6nge8S/4Uq6jr566v/5BX/CspU5N3k0bKUVoouxr/wBn3TfL5RB9fSmjS7s9I2/Kued9VeRnbWbwMxJOJGA/IHAqBn1MHA1i+Yn0lf8A+Kq4UddyXV8jr49FvW5aMAfWnyaNdADKtu+lchM+p2kXnTa1fsx+6nnPz+tRW0euyub261rUlQ/cjEzgH8M1TodeYI1ltys6xtKugPlQk0z+y73/AJ4tWBs1UAltZvAc9TI3+NGzVj01q7/77f8A+KpKl/eJ5o9jdbSb1hxE2RzjFJ/ZF4RjyXz6+tYJXUz11m8b/gb/APxVAXUwo/4m95k/7b//ABVaRpLuS2uiN2PSrxBnymz3ND6beYH7phmueb+0FDA6peyHtiRhj9aXdf4H/Eyvc/8AXVv8ar2S6sXNpsbP9m3hOPLOPao20u7AJ2c1klb0KGOq34+krVEovpZAq6lqDfWVqcaa6Mh77GmdOvFP3Mn37U9dPuz95FUVzepXVzbsbS11C8mu3GCfMJ2/SrdpFc2kCrdavfPM3JzMSf1NaumktyE9dj9k/wDgh1G0X7RPx2Rvvf8ACKw5/wDAmGvvrSv+U6/7KP8A2ENY/wDUTr4A/wCCGmR+0J8dMySS/wDFKQ/MxyT/AKTDX3/pX/Kdf9lH/sIax/6iddWa/wDItqf4Zfkf51cN/wDKSGO/7AY/+l0j/Q21W2uJpbRoYJplECAlVJweeKy/sV5/z53n/fs1x/xE8YeI/D+rabZaRqP2S2axjlZfKjfLFnGcspPRRXA/8LM8b/8AQcb/AMBof/iK/iSpbmZ/qrhcqrVIKUWrM9u+xXn/AD53n/fs0fYrz/nzvP8Av2a8R/4WZ43/AOg43/gND/8AEUf8LM8b/wDQcb/wGh/+IrM3/sWv3X4/5Ht32K8/587z/v2aPsV5/wA+d5/37NeI/wDCzPG//Qcb/wABof8A4ij/AIWZ43/6Djf+A0P/AMRQH9i1+6/H/I9u+xXn/Pnef9+zR9ivP+fO8/79mvEf+FmeN/8AoON/4DQ//EUf8LM8b/8AQcb/AMBof/iKA/sWv3X4/wCR7d9ivP8AnzvP+/Zo+xXn/Pnef9+zXiP/AAszxv8A9Bxv/AaH/wCIo/4WZ43/AOg43/gND/8AEUB/Ytfuvx/yPbvsV5/z53n/AH7NH2K8/wCfO8/79mvEf+FmeN/+g43/AIDQ/wDxFH/CzPG//Qcb/wABof8A4igP7Fr91+P+R7d9ivP+fO8/79mj7Fef8+d5/wB+zXiP/CzPG/8A0HG/8Bof/iKP+FmeN/8AoON/4DQ//EUB/Ytfuvx/yPbvsV5/z53n/fs0fYrz/nzvP+/ZrxH/AIWZ43/6Djf+A0P/AMRR/wALM8b/APQcb/wGh/8AiKA/sWv3X4/5Ht32K8/587z/AL9mj7Fef8+d5/37NeI/8LM8b/8AQcb/AMBof/iKP+FmeN/+g43/AIDQ/wDxFAf2LX7r8f8AI9u+xXn/AD53n/fs0fYrz/nzvP8Av2a8R/4WZ43/AOg43/gND/8AEUf8LM8b/wDQcb/wGh/+IoD+xa/dfj/ke3fYrz/nzvP+/Zo+xXn/AD53n/fs14j/AMLM8b/9Bxv/AAGh/wDiKP8AhZnjf/oON/4DQ/8AxFAf2LX7r8f8j277Fef8+d5/37NH2K8/587z/v2a8R/4WZ43/wCg43/gND/8RR/wszxv/wBBxv8AwGh/+IoD+xa/dfj/AJHt32K8/wCfO8/79mj7Fef8+d5/37NeI/8ACzPG/wD0HG/8Bof/AIij/hZnjf8A6Djf+A0P/wARQH9i1+6/H/I9u+xXn/Pnef8Afs0fYrz/AJ87z/v2a8R/4WZ43/6Djf8AgND/APEUf8LM8b/9Bxv/AAGh/wDiKA/sWv3X4/5Ht32K8/587z/v2aPsV5/z53n/AH7NeI/8LM8b/wDQcb/wGh/+Io/4WZ43/wCg43/gND/8RQH9i1+6/H/I9u+xXn/Pnef9+zR9ivP+fO8/79mvEf8AhZnjf/oON/4DQ/8AxFH/AAszxv8A9Bxv/AaH/wCIoD+xa/dfj/ke3fYrz/nzvP8Av2aPsV5/z53n/fs14j/wszxv/wBBxv8AwGh/+Io/4WZ43/6Djf8AgND/APEUB/Ytfuvx/wAj277Fef8APnef9+zR9ivP+fO8/wC/ZrxH/hZnjf8A6Djf+A0P/wARR/wszxv/ANBxv/AaH/4igP7Fr91+P+R7d9ivP+fO8/79mj7Fef8APnef9+zXiP8Awszxv/0HG/8AAaH/AOIo/wCFmeN/+g43/gND/wDEUB/Ytfuvx/yPbvsV5/z53n/fs0fYrz/nzvP+/ZrxH/hZnjf/AKDjf+A0P/xFH/CzPG//AEHG/wDAaH/4igP7Fr91+P8Ake3fYrz/AJ87z/v2aPsV5/z53n/fs14j/wALM8b/APQcb/wGh/8AiKP+FmeN/wDoON/4DQ//ABFAf2LX7r8f8j277Fef8+d5/wB+zR9ivP8AnzvP+/ZrxH/hZnjf/oON/wCA0P8A8RR/wszxv/0HG/8AAaH/AOIoD+xa/dfj/ke3fYrz/nzvP+/Zo+xXn/Pnef8Afs14j/wszxv/ANBxv/AaH/4ij/hZnjf/AKDjf+A0P/xFAf2LX7r8f8j277Fef8+d5/37NH2K8/587z/v2a8R/wCFmeN/+g43/gND/wDEUf8ACzPG/wD0HG/8Bof/AIigP7Fr91+P+R7d9ivP+fO8/wC/ZrxX4n/sw/A341XdvqXxb+Bnw8+Ierww/Z4L/VtBhuLu3iyTsiuGTzYxlmOFYck1H/wszxv/ANBxv/AaH/4ij/hZnjf/AKDjf+A0P/xFVGVtioZRiIvmi0n6srfDP9lD9n74M6ouu/Cz4B/DfwL4kERt/wC1dO0GGO/aI5yjXezzmXk8FiK93+xXn/Pnef8Afs14j/wszxv/ANBxv/AaH/4ij/hZnjf/AKDjf+A0P/xFEpt7hPKMRJ80mm/Vnt32K8/587z/AL9mj7Fef8+d5/37NeI/8LM8b/8AQcb/AMBof/iKP+FmeN/+g43/AIDQ/wDxFST/AGLX7r8f8j277Fef8+d5/wB+zR9ivP8AnzvP+/ZrxH/hZnjf/oON/wCA0P8A8RR/wszxv/0HG/8AAaH/AOIoD+xa/dfj/ke3fYrz/nzvP+/Zo+xXn/Pnef8Afs14j/wszxv/ANBxv/AaH/4ij/hZnjf/AKDjf+A0P/xFAf2LX7r8f8j277Fef8+d5/37NH2K8/587z/v2a8R/wCFmeN/+g43/gND/wDEUf8ACzPG/wD0HG/8Bof/AIigP7Fr91+P+R7d9ivP+fO8/wC/Zo+xXn/Pnef9+zXiP/CzPG//AEHG/wDAaH/4ij/hZnjf/oON/wCA0P8A8RQH9i1+6/H/ACPbvsV5/wA+d5/37NH2K8/587z/AL9mvEf+FmeN/wDoON/4DQ//ABFH/CzPG/8A0HG/8Bof/iKA/sWv3X4/5Ht32K8/587z/v2aPsV5/wA+d5/37NeI/wDCzPG//Qcb/wABof8A4ij/AIWZ43/6Djf+A0P/AMRQH9i1+6/H/I9u+xXn/Pnef9+zR9ivP+fO8/79mvEf+FmeN/8AoON/4DQ//EUf8LM8b/8AQcb/AMBof/iKA/sWv3X4/wCR7d9ivP8AnzvP+/Zo+xXn/Pnef9+zXiP/AAszxv8A9Bxv/AaH/wCIo/4WZ43/AOg43/gND/8AEUB/Ytfuvx/yPbvsV5/z53n/AH7NH2K8/wCfO8/79mvEf+FmeN/+g43/AIDQ/wDxFH/CzPG//Qcb/wABof8A4igP7Fr91+P+R7d9ivP+fO8/79mj7Fef8+d5/wB+zXiP/CzPG/8A0HG/8Bof/iKP+FmeN/8AoON/4DQ//EUB/Ytfuvx/yPbvsV5/z53n/fs0fYrz/nzvP+/ZrxH/AIWZ43/6Djf+A0P/AMRR/wALM8b/APQcb/wGh/8AiKA/sWv3X4/5Ht32K8/587z/AL9mj7Fef8+d5/37NeI/8LM8b/8AQcb/AMBof/iKP+FmeN/+g43/AIDQ/wDxFAf2LX7r8f8AI9u+xXn/AD53n/fs0fYrz/nzvP8Av2a8R/4WZ43/AOg43/gND/8AEUf8LM8b/wDQcb/wGh/+IoD+xa/dfj/ke3fYrz/nzvP+/Zo+xXn/AD53n/fs14j/AMLM8b/9Bxv/AAGh/wDiKP8AhZnjf/oON/4DQ/8AxFAf2LX7r8f8j277Fef8+d5/37NH2K8/587z/v2a8R/4WZ43/wCg43/gND/8RR/wszxv/wBBxv8AwGh/+IoD+xa/dfj/AJHt32K8/wCfO8/79mj7Fef8+d5/37NeI/8ACzPG/wD0HG/8Bof/AIij/hZnjf8A6Djf+A0P/wARQH9i1+6/H/I9u+xXn/Pnef8Afs0fYrz/AJ87z/v2a8R/4WZ43/6Djf8AgND/APEUf8LM8b/9Bxv/AAGh/wDiKA/sWv3X4/5Ht32K8/587z/v2aPsV5/z53n/AH7NeI/8LM8b/wDQcb/wGh/+Io/4WZ43/wCg43/gND/8RQH9i1+6/H/I9u+xXn/Pnef9+zR9ivP+fO8/79mvEf8AhZnjf/oON/4DQ/8AxFH/AAszxv8A9Bxv/AaH/wCIoD+xa/dfj/ke3fYrz/nzvP8Av2aPsV5/z53n/fs14j/wszxv/wBBxv8AwGh/+Io/4WZ43/6Djf8AgND/APEUB/Ytfuvx/wAj277Fef8APnef9+zR9ivP+fO8/wC/ZrxH/hZnjf8A6Djf+A0P/wARR/wszxv/ANBxv/AaH/4igP7Fr91+P+R7d9ivP+fO8/79mj7Fef8APnef9+zXiP8Awszxv/0HG/8AAaH/AOIo/wCFmeN/+g43/gND/wDEUB/Ytfuvx/yPbvsV5/z53n/fs0fYrz/nzvP+/ZrxH/hZnjf/AKDjf+A0P/xFH/CzPG//AEHG/wDAaH/4igP7Fr91+P8Ake3fYrz/AJ87z/v2aPsV5/z53n/fs14j/wALM8b/APQcb/wGh/8AiKP+FmeN/wDoON/4DQ//ABFAf2LX7r8f8j6C0q2uIZbtpoJoVMDgFlIyeOK/gf8ADH/Kaf8A4KL/APYH0D/026ZX9znw78YeI/EGralZavqP2u2WxklVfKjTDBkGcqoPRjX8Mfhj/lNP/wAFF/8AsD6B/wCm3TK/avBW316pb+X9Ufxj9O+hKl4aZtCe/sn+aPxV/wCCx7Sp+1ratbkCXyjjJ/6h9jX5ni/1cFQ92EPoFUj+Vfpj/wAFjsD9ra0LHH7r/wBx9jX5rApIGHB471/T+CpXT16nP9Hl/wDGBZN/2C0P/TcRwv8AVcc3Yx67F/wqM6lqQ4+2DP8AurUBV0PtUZAzuOM12uk11P2Esi/1kEut8SB/sL/hT11bWm+X7cV/7Zr/AIVDGQQAc+vFThFDBiCB16U1RfcTa6k66vri/e1Ap2H7pf8ACpjq2tYydRBP+4vNPjSB1GcE1FJAik7en0qvq8l9oXPHsWI9V13A26psPp5an+lR3Gp+IZUeKTWJEQ4yVQKfwIwajjAH3xU7iN14b8DVKm7bslzXRGcH1k9NcvSP+ur/AONTEavGAza7f495H/8AiqI41DEFipqV242tkjPX1qY0lYSmZF/b6++y8sNev3ZRloxO+1/wzTtO1DUtTDxLrN7aXqjDRGR/zHzVpPGikPEDHJjOV6H8Ky73S2uAL20byb5OeBjdUuk1qvzBST0ZZZ9cjYg65fqc4OZX/wDiqBca6o3HxBfkf9dX/wDiqbZajHqANreAW+oLxg8b/pSyBYpNjPya1jCLV0yXdMsC510g7fEN+eP+er//ABVWYLnWypV/EGrbh0Infp+dZy5yNpwa0reQY2vgt64rWECW7Fj7RrJ5/wCEh1nPtcuM/rT/ADta/wChi1xT/wBfL/40KFHQ9adW6ombn2E+062P+Zi1s/8Aby/+NV7iG9vIZYL7VdQvrZ/9ZFLMzq3OeQfcA/WrYK45BzQNnGc0SoJ7ijNrY45vDq6VJ9ttAZ7bOTgDfF7g9a3ovtlzEJ7PW9VlUfeUznIrXV0Q7sAg9R6/Wsq7sIw5vNIlENx1aIHAb6VzfV1D4dinU5lruR7rv7v9s6urennHikktZ7uJ4LjVtTmibG5XlJDc9wfwqOOdLtD963vV4KHgN+FRG4MZIkWRGHWtEk1uCUhB4fth0uJx+X+FIdCt8cTT5HXgf4VfjutwBDZ9wasiUEH5lIp/V4BzyRnQ6HZ5w9xdr+C4/lVpvDtljLXdwR2zt/wq4pAyw+b29KlFyuMbGLDjmrVCC3Rm5y6GY3hqyxn7VdlQM/w/4U9fC+nuebq9z/wH/CtFLlmYhYwx9AcH8qmjuY2kCHMcnowxVRpU77B7SZlnwjZqMre3ZPb7v+FR/wDCO28RJEksw/2scflXRLOQdrrn+tOaSPpux7Gtfq1MhVZXOc/sWyYYKEj0yas2+iaerFvLfd3O41pExse6+9So5T76lh64qHQgjXnZgy+HRG5ubV/tUR5aFuCPpitbT9J8O6iPK8lre7HWN3br7c1ps7LHvg5cdAayZbm1v5WS6j+wX6/dlHGfrTVOMXexKqNl+bwjYxHMKMpH8LE4P602LQNIkbypYZIJv7rOefoc81PaeIZbRlstXUTRdElA7V0MsFteRB42jmiIyGB5FdlOjSnrEyc5L4jmJfC+nKPlikPflj/jVVfD1izMpgkUj1c/411Aee3ysqtcQdmA+ZfqO9WIzFOqvEVkQ8gitPqlPohKrLqcC2jG0lwsPnW5PIYkg/XFS3HheGaLdpUn2eQ8+S/zIT7Z5H4V27xlMkIGFRG3gnxwIpeoI4INR/Z1MTrtbnmkckGmyra6vodxbPnAkhkYg/gaK9Nmtxdxi21SCO7ixgSAfMtFZPLpL4WvmU8QuphjagznJ+tIZ8AAHH0qmFZjln/WpxCH+Uyoufev55fmftMZfykTytIcDOPWgwBVBYhR6k0mo3FvpkDSmWMyAcAmuUt9TW7kM1wZZkB4B4Un29a1pwlJXWxnOcYu0tzsLeCKTOx1ZRyWJ4FVZLppJvsulIbqfoZD91fpUNraX+qgeYfsmnDsoxkV1VtbwWUXl2iLEuMFj1b8axnLle92dNKDkuyKdjodvZH7VeSC6vj69FNT3N6VYIsZmlJwqL/D9aY7y3eY7V8KesvUD6etWEtIrZTtYFj1J6msm3e8nqbpK1oKyKSQMzLNdlZJRyFHRKmkcnGDinSsq8D71VACTuckn09KpLqyG0tCNog2SzFvrWfdMrEQwkyOeML/AI1tC2ecEBgid27Cuc1LWbSwLWmlRi4vTwZOuK1oJt2Rz1JKKux08tjo8HmXYRrk/djXkj61xmpm81RXluWa3t/4Y19Per0cOZBc3jfaLo84JyBSXkweJ8so46DFelSjyyutWeZWnzqz0RzOhsLe/CLgLn0r1e5iRoI5AMdK8Zt51hvgQ6YzxzXqH24zWqFD5uB0zitMbSk5JmeWVUouLHsQeAcfyxQkkZIUOhf2rLjSSVne63N6KpAFKsextyqqDsoaufkR1Kp3RsMyJwAW/Goi5PTis15psgFlHoAaUPNjlhn3PSrhSRLrlxioAJx7Uuc5JGBVISSjrLGfxobeQSZRn27VbgLnRdBHqDimPIp4aRRWQZXaXY80UUY6knmpH+zMcW7eaB/ET1p+z7mbr9i7hX5ByPWgBAeSB9arFmVcK8KnvhqhKt08yIH61Sg+hHP5Gl+5A7GoXdRnaAq/zqiflGPNTOfWo2lwOHjJ+tUo9iXULoYYJPAqKSdQNoJIHes8yOTzLCPxqKMGacI8kbx56A9a1UEZSqlg3abgvmAsfbNSvMtmm9zulbhVxUN7JaWKiSSaBXHREOTTtORLvN3O6bv4VY9Kb0V+go3bt1LdlZtKft2osNp5RDxWk5VyCMZHTHQVTkiDDebj7RcdsHCrSxJKq8vFn61i31Zs3bRFgheSQKYGUdAajZZSf9ZGPxpAkmRmSPFNK5G4tIRnuRSmMjBMqVGyM3/LWMD61UEtxCPsx8uM9qhzt5LEmnsjL/y1Q1QaG4nkOZ1hh6cdTWsUjOT1JGnUsEaQFjxjNMv71LGERQnfcv2Has+9vNP0vCxzfabs8AA5xS6daSTP9uuwS55VT2960UVa7MuZ3styxp9gYVe6my1y/Iz/AA1oIijLMpL92NDsxJ5I/pTSSepocW9TZWWh+w//AAQz/wCThPjp/wBirD/6Uw1+gGlf8p1/2Uf+whrH/qJ1+f8A/wAEM/8Ak4T46f8AYqw/+lMNfoBpX/Kdf9lH/sIax/6iddea/wDItqf4Zfkf5x8N/wDKSGO/7AY/+l0j+8z4uf8AIf0n/sGxf+hyV5XXqnxc/wCQ/pP/AGDYv/Q5K8rr+IqnxM/14yr/AHePoFFFFSd4UUUUAFFFFABRRRQAUUUUAFFFFABRRRQAUUUUAFFFFABRRRQAUUUUAFFFFABRRRQAUUUUAFFFFABRRRQAUUUUAFFFFABRRRQB5f8AFv40/C34EeGLfxn8XfGel+BvC8t4mnx3l2HKPcOjusYCKxyVic9P4TUnwn+Mvwu+OfhZvGvwk8aaP468LLdSWT3lkW2pOgUtGwYBlYB0OCOjA96/Lr/guN/yZ94V/wCx907/ANIr6vy6/YA/axl/YL1Tx7oPxPg1W8+HvizwVB4y8PxiLaLvUlty0SR8kKspFxbNISMvBHwOld9PBc1PmW56tLLlOjzxfvH9Hvin9sj9l/wV8ST8H/E/xl8J6X8S/tlvYHSSZHlS5m2+XExRCoZvMTgnjcM4r6Zr+FPw1/wnmsftRfAj4lfEaaefxN418U6Z4skkkRkaVZ9YZN+G/hYwuy442MuK/oG/ao/bx/aF1b9q7Tv2K/2NND8In4gRkR6nrmsIJEjuPsxuZEjD/u0iiiGXdg7M2UVQVG+quBaaUS8Tlbi0oPpqftNRX4n/ALOP7dv7Svgv9rWH9jH9tPRvBU/iq/2x6V4g0aMRK1w8HnQhwmI5IZVGxWVEdZCFYHJ2S/AP/gor8erP9sK6/ZY/a5+H/hL4ef2lNNDoN9DbS2kiSHc1sJHeV45oplQorpt/eEA5yQuH1SfQ5Xl9ROy10uftXRX4Pfsr/wDBVfx14q8O/tWeN/2grbwBF4d8C6VDf6VbaTA9ncalcPPLFHbB5JZAWkcQoCF4LZ5HFafwg/b7/bL8c/suftMftPeM/hp4A8MeENJ0mK88DXcenzLa384u3gnRg1wZJlTAG4bRvU89VD+pzvqDy6or3/q5+51Ffjj8N/8Ago5rWv8A/BP3xj8f/FPi/wCDFh+0DZW+omz0UzrCs0kdx5cI+xNP5zEqQcBvm6074cf8FJ/E2mf8E9tW/a1+LmieHNX8eHXbnQNJ0zTIntbe/u94EKNuZyqqolkc55WNgOSMy8JP8bCeAqLp1sfsZRX84t9+2V/wVR8N/AzSf20Na0n4OXHwMuZ4Zm0YaeivFaSziGOZkDeesLyMiK3nM/zqxG05r9w/2Z/j14e/aa+BvgH41+GrKfSrLWbZzPYyuHewuopGhnhLDG4LJHIFbA3LtbA3YqauGlBc3QnEYOVNcz1Xke70V+TX/BTf9t34tfseaz+z7b/DO08E3Nh4kl1T+1v7YtJJiEt3swvlssiBOLmXJOe3pzxP/BRr/gpH4h/Zyk+Cj/s4+Kfg58QotZbVW1xWnXUjbrD9k8kA28w8rf59xy2c7ePumqhhJys11HSwVSaTXU/ZuivhT9sPUv23oL3wXZfsoXHwn8M+GmtrmbxF4g8USxKlhIGQQqoct8pBkJIibnHI6H81vhX/AMFFv2rfhZ+1b8Ov2dv2kNZ+C3xh0LxHqNhpi6v4Tngl+ytdz/Z4pY5rcqnyyffikjD7RkYypYhhZSjdF08BKceaLR+q/wAbP21fhJ+z38aPhh8HPitb+IPCsHiq0kurPxVdCCHQ7MoXVo7i5klUowKRg4UqvnxFiASRJ8DP2z/hV+0X8W/iv8LPhXZ+I/Ell4Sjia88UwCCXRL53YKqW1zHKxkJIlwSoVhE5BIAJ/P7xz+1beeMv+CjXjP9kr46eHfgt4k/Zl0e3l1GZPEWhQXIsxFoa3pmeWfcgxIWOdvQ4FeJ/sXf8FBtc+I/7bvhv4AfB74d/Cv4Wfsv6vqesNp+k6T4eisbhoINOuZop5DFtVZZHto5HG043FMnGa2jhfdvbW1zZYFuF7a2uf0TUV/Ob+0t+3X/AMFQv2TI/Cdz8ZfBf7PmjWuuSXUemyWds10JWg8suCEuiV4mjxkc5PpX0Dr37UH/AAUd+E37L/xm/aA+Nfgz4IaJbWWj6JfeFXsozN5011qVpC63ESXLHb5Fy5AyuHA5PIrJ4OVk01qZf2dOyd1qftjRX4PfEL/gq94w8E/sMfA74rrbeBr39pTxrPfrFYJbu1jYWtpqE0EtzLAJN4DJFEiqXGXkZgSI2FfSfw8/a9+PPjz/AIJq6h+1NpXhvw5rfxvEN4bXT7DS55bad4tUa2GLZZDIxESliA3UE9OKUsJNK79CJ4CpFXfex+p1FfKn7FHxW+K3xq/Zv8CfEj41eG4vCfxGv5b9L2yTTprFUSO8miiIgmLOuY0Q5Jwc5HWvqusJxs7HNUhytxYUUUVJmFFFFABRRRQAUUUUAFFFFABRRRQAUUUUAFFFFABRRRQAUUUUAFFFFABRRRQAUUUUAFFFFABRRRQAUUUUAFFFFABRRRQAUUUUAeqfCP8A5D+rf9g2X/0OOv4ifDH/ACmn/wCCi/8A2B9A/wDTbplf27fCP/kP6t/2DZf/AEOOv4ifDH/Kaf8A4KL/APYH0D/026ZX7T4Kf79U/wAP6o/hP6f/APybnNv+vX6o/FP/AILJf8nZ2v8A1y/9x9jX5kLKckg5r9M/+CyxI/awtiP+eX/uPsa/LlbgryRmv6Zw1Xlun3PM+jzG/AWTf9gtD/03E1Fn3DBJB9xT2+cHnr3FU0ljkwQRmriA4AU59K7o1L6o/YGrDFWWPnOR9K0I33D3qsWOcN+lIJTH0PHpXVF2EW9xTJDDHpTxcse+Oe1UWkDrk5FViXU5V8/jVOtbYnkRteYTyMYqNix6GqsM2Tg8GrXUcH8a1c1JGbVmOQFj83X2qVkO3qCMVW3Ohz1FWEcMARwajkRJEpK8ZOaeruDuB6H8qfww9arMzxtwan4QK+o6al+q3EWIrteQRxmsq21K1aX7HrJe3nU4DngH61ryXkkbKFVSfT1qpqVna6ugSeMwXAHBI6/jWNXvHcpPuWZbTynWSxvY5oSOBnOKuIuVBkkVW71yGn2ENtL5E088Rzwc8V0TWsEe0StOqnow6U6NWTCUbGqqr2uUFSeZHkBrpBWcmm2ci7o5nYfWqU1hbE4Dyq2fWun2srXsZ8vc6E7MZF0jD3pnmRocm4jP41jx2kMYAzIwxTzZWr4IEmfY01Uk+guRGq9xAy7PPUN6g1ArWq48xwxzw6tgiqjaZAsfmoxmUdeSCKdb2trIMNGWoUpPRg421E1B7R0aSOfNwnRscn6is2x12wkYw3jPbzjgNjINdB9jsFzmJk/GmfYrDJIgWRvU1DpT5rpi51sYs9xZLN5kVwCp67R1/Cl/tC2H/LfFbRt7BsqLZEPpjFVvscLE7UVCOzAc/jV8klsyudFJNVtlOTMx/CrQ160jxhS/4VLClorGO5swr5654NbUdrpJwRaJn3zVQjN7NEycX0Mc+IbB+Wt5Q/Ygc1Wk1a2lKuDcEjsy5xXVCKxj+7bRtUyy2oIBsYiPUYq3Qm95fgJNLZGJH4gtUjw8EpbsQuKYfEdoS2beY/hXQNNYY2G2iUnnBFZrQoJt6xiNT0wMj8auUai2kHudih/wkVnjb9mmx9KYfE1svAtLlfbbW2ssURVZrW3kQ/xIMY+orQjW1ZQUtoWA7EU1Co3pL8BWj2OYTxZCp+WyuD/wHpTpvEtndKFudJklGMZ24IrrVFpwDYxfhSl7QcfZY1x6iqlh6j0ctPQV0uh5Ze3UgO+xW9WP/nnIpZavaR4mubNxhJYP70bA7T9K9F86BDhLWE/hVKdow4Y2EMqdxtBrNYWcHzRkX7RPRo29L1ux1RQI2SKfHMZq9NbbXMtsfInJGRjhx9K5K50fT71PtFkGsLrsYzjn3FS2Ou3enutnrMfmJ0SXHX616lPFactX7zncOx1cF9GzeRcxiGf0PRvoasPFG2Rs5rPdre7jDArLCelNW6ubPIZPtVrnt95B/X+f1rtVVdTncbbFtXaJtp3EdKKkW6tbqJJIWR1PQiiq9p2M2rHlp8N3iZL6m6D3akbw3qDIXi1GbaP4s4rpJ4bbSozJfuiydgzZb8qxvPv9YYRRF7Syzye7Cv5ohVm9eh+4So01pbU4iXS55LzyDcS38oPQEkCvRtJ8NR2ypPflWkAyEzwKuWVva6egS2RA/dj1NLPqBY+TaATT9Cx+6n1p1sROS5Y7BRwsIPmlqzSmuIYFUsAq5wqgdT7VAIZrk77k+XD2jHce9Z8SiFvNmdp5jzuPb2A7VMbieVgDmNPc9a5XT7Hd7S+5pM4jG1MBR0AqtIZHyd4ApgaMHIYUSMuwgMu49BUqNnoNuxUMjCTy0zNJjt0FZdzfSW0oN3JCqf3IySW9qbe3zWaNHEDLOegAx+dVbDTp5XN5dqDLn5Q3auyEEleRxTm2+VbjdTv9c1O3+z2KLp9meMscEisSx0O43lZLkKT1bPJrsJLdyxaVgR9ajSGJW3BjmtYVmlaJzzw6lLmkQp4StGXMl9Mzd+ail8J2LLsFyenrWmJABgHAFRPOiZycn61MJ1e5q6NK2xzf/CDWAcSfafm9d1Wj4XghTm/ZEzn73WtlCXIzwvuabNG0r7uHweprZ1aj+Jmaw1JK6ic/JorbA0c05j/vNxUkXhtZUBkvZAPQN1rel3MirJlwOcdhUK7uADhfpVe1m0Cw9NPYyW8LW2c/bJBjr81IfC9qOt7L+ZrYJX+IlvYU1m3HIAA7Uc8+5DpU+xinw1aryLp8+uTUL6NZJhDdyux6AEnNbUrhEbLYOKz4TslL4XJ74ya1jKW9zGdOF9EZX9jWhcBpHj54561pR6BYlSGnlUezc1LJIituji3Sf3mNVVaQvmV2bHOAatSk1uZKEE9iZtE0tTtNxIT2ANRNotk5JSVlHpVgyhiPlCj2p/mKo6fN/KhNrqW4xfQz20K0Az50mPrVV9M0+Mczyr2AFac05I29faqhtzOdzNj+laRcras55U4/ZRn/ANnwMCy79v8AtNU0Ol2TAu0rADsP8avMiqAu/e3eonDD5QPl69KtTbJlBLWxWbSNMkJJG4+pqdbG3jTYspVaNwC4GQaYXjjGXO4+go12uS5LexIYIADic5+lVhAGYBZZGPYCrEcryA/u1SP+dRGTD/K2B6gVfIxXW41rVo2xLcuD6A9KQxIox58vHvUtNBRM8bm7UcjC0So1r8+9riQD+VWUtYXXHnTHHXnrTzhhllx7VXLJGepVT6VSi+pKSuMeO2jba00zMewOTUM1qk6EtNPEnucVpQWsTAzK6hvU/wD16rSNBK5jJ3sKpbaDcLrU5610q0iuTOzs6jpu710DXjjAjjwg7mqMiKsgIG1R0Bp5fftLEn6CtZJvVmEbR0L/AJrSAc8+1WolwAW+tZKz7ccYAqf7WSMYwKXIzSFRbn7K/wDBDUg/tC/HTH/Qqw/+lMNff2mc/wDBdb9lDH/QQ1j/ANRSvz8/4IXtu/aB+OTevhWH/wBKYa/QPSv+U6/7KP8A2ENY/wDUTrbNf+RdV/wy/I/zp4bd/pIY3/sBj/6XSP7zPi5/yH9J/wCwbF/6HJXldeqfFz/kP6T/ANg2L/0OSvK6/iGp8TP9eMq/3ePoFFFFSd4UUUUAFFFFABRRRQAUUUUAFFFFABRRRQAUUUUAFFFFABRRRQAUUUUAFFFFABRRRQAUUUUAFFFFABRRRQAUUUUAFFFFABRRRQB+PX/BbjTtQ1P9kPwxBptjeahOvjvTnKQRF2C/Y74ZIAPGSPzrz3w1/wAE7PAf7Zn7IH7GGqeKfE+v/DnxT4f8JrZyXFnZpJLeW0jBvJlWQjbsdXZT2Mj5Bzx+49FdMMU1FRWjR2wx0owUY6NH8x//AAUX+G8XhD/goB+xl4e8GeF76z8GaT4f8I6ZZi3tmaGCG31i5RU3AY+WNY8+gxWn8d7nWf2C/wDgqbL+0/8AEXwl4k1n4JeJZri4t9UsYBISLmx8maNSSFE0M25jGWDGIBh94V/S7VW+sbHUrWWx1GztdQspBtkhmjDpIM5wykEGtljXomuljeGZWSi1dWsz+aL4daxqv/BQ7/gqH4R+P/ww8IeKNJ+C3g+bT7i41a/txHtSyQyRrIVLIJZp22rEGLeX8xA2sFxPizpJ/wCCqH/BSBfBPhpbnT/gp4NtDpeoa7ZRqs0mm207tNMsrKcSTTzNFCCGAUiTacSZ/p3sdPsNLtYrHTLK006xjyEhgiEaIOvCqAB1NW6FjbO6WysilmfLLmitlZH8SH7Mf7GV5+0z4d/aotvC1xrR+IPgnTYdR0CxjCkatIJpRJbSDGfMeOEhMFf3hXPGRX6OfBr9pWw+Ln/BJj9or4K6pDDYfEHwB4fjsHt0i8v7VpjXKGCcKMZZSskT+6Kx5kr+lOinPHuXxLsOrmrn8S6po/lD+E37FnwH8X/8EvvHv7TmseGtZn+MNhaatNa3sepTrEpguiiE24bYQFGDxz1rsPAHwH8bfHj/AII2Lpnw/wBJ1DX/ABP4f8e3fieHTLWMvPqMUQeGWOFBy7iO5kkCDlvLwoLEA/1GUUnjpPp1uJ5tN/fc/lL8X/8ABQfwP4w/4J0aF+xnpngTx5J8dDY6b4UkgFkrWypbXcTiRCGMjyOkCII9gYSOeoUFv3Q/4JxfBLxZ8Af2Q/hd4D8eWM2k+M5BdatqNlJ96xe5uHlSFx2dY2jDDs4Ydq+zk0HQ49Uk1yPRdJTWmG1rwWyCdhjGDJjdjHHWtasq2JUo8qXmYYnGKceWKsm7s/nc/wCC8Ng2pa9+yDYCKaVZ5dfgIjGS259NGB7nNfK3/BWD9jD4J/sq/wDDPq/A3wxrulP4gfWotSFxqE94Z3g+w+SFEhO0/wCkTcDGc+1f1mUVdPGuKStojShmUoKKS0V/mfzPf8Fg9U8RQftZ/Ayx+NP/AAnkn7KP2SwmktdKcrHc4uX+3+VkhDeeXsHJDBTHgjOa+RvEEPwCvf28/wBkHUP2W/hV42+G3wkuNc8Ly2q6xHc79ZmXVyZb2IzySuYioRM7sfuWOADk/wBhepaVpes2xs9X02w1W03B/KuYVlTcOh2sCM+9XlVUVURVRAMAAYAHoBVQxtlaxpRzTlio8ux/Kn+1L+zB8WP2jP8Agqn8S/AXhXSvFOheHdavdNTU9eS2lS2tNLGlWn2mQy42N8isqoTh3Kp/FXtfw8+Cg+Ff/Ba/wpoPgbwNrejfC3RbGKwsLhbOQ2scSeDPLBafG1mL5DMTlnJzya/pCopfXna1uliJZpK3LbS1j+ez/gvnFK3hv9mOVI3aIX2uqzAcAmOzwD7nB/I19hf8FEY5D/wSv8cR7X3jQPCmVxyMalp2ePzr9UaKyjiLKKtsYxxtlBW+F3P4+Phh+ybqUX/BOv8AaD/ar+ItjcXF+2m2OieBLe4jObKw/tm3a6vEB6CR5JY0PBC+eeRIDX6pfsefGLX/ANnn/gkBp/xk8OaHYa9rmhJqt3b2V4HEM+7W5Yzv2ENtAkLcEdK/bWitauN51Zrrc2rZm6itJdb/APAPlL9iX9oDxB+1B+zf4F+NXinQNH8M63qst/HLZ2DSGCMQXksClS5LciIE5PUmvq2iiuOo03daHm1ZJybSsFFFFSSFFFFABRRRQAUUUUAFFFFABRRRQAUUUUAFFFFABRRRQAUUUUAFFFFABRRRQAUUUUAFFFFABRRRQAUUUUAFFFFABRRRQAUUUUAeqfCP/kP6t/2DZf8A0OOv4ifDH/Kaf/gov/2B9A/9NumV/bt8I/8AkP6t/wBg2X/0OOv4ifDH/Kaf/gov/wBgfQP/AE26ZX7T4Kf79U/w/qj+E/p//wDJuc2/69fqj8Tv+CzAz+1fbjv5X/uPsa/KzccEHmv1U/4LL/8AJ2Fv/wBcv/cfY1+VrKMn5gDX9IwS1uef9HX/AJILJv8AsFof+m4jV3xtuB4rRivCoGc1QUFc56UoCg5DfrWkJNbM/Y2rmmbhXAO4g04SZBJwx+lZhzjg4NTQORwwxXRGs2yHDsXUmTIBBApwdQeMFfaoSgPtTDsTlmx3FdHOiLMmZyOckfSp0unAxuJHaqcbhhwwJqwIx68e1awbvoInF2ScMc05bnB+XJzVUx5bOacqHOTyatzkKyNBLrqWzn2pZLknBHSqavF9wsAfepDFk5Ugr7Ucz6EOHYGkViAyhl/lRKxKqquzJ7jpUTRtkHJ/CgKzdATSv3RmTG3hvIgjEiUdDRaSmBjZXrlYugYnioPNeFgQCDUk00F3H5dzmJz91hxSbW63KSexdkNvAdiyAg9CD1qFUKkvuJB9R1rCt3FpcGC6kLRdia6RngZVCS5XHBPSnCdwcWhUkIGAQR6VKjAknbsbucdaYqKAMAGnhgGwVzXTG9iSViCBgb/pSQsI9uGIOadGyZAIxU6xrIB8uP6VaTYEDyzrjcBMn6ik80YyoIPvUkw8rk52+tQRbZc7GDn0p8zWhny3d0NaTcc5ANTI7qMghx3U96ryRKx+YMrd806FHXGTlaqF73JlGxZP2eUHKsrfWoUllhYqPnX0z1p7Rg8nPNMWNkJYtlab0kXGaZejuS3TAPpU5l3DAO01kNJGSfmwwqRA0nzBgD2q4z7EyhY0ZFWQYcBh/KnwgRZCu4HoTmqsbOoIcg+lWwF7kiqjKxBJIhlweGI5qRJjEArKQKaIpByhyfbvTiQww6g1sBaWZuCDx7VMJj/FyP8AaFY4kiRsCbY1akdxtUeannKe4FaQncCcYY5Xg+lOHcHKn1FJEbWUZUvE36Cri2zsMxSpN/s9CK0jrsBUDzgjaEl9AwqWa+tLiE2+o6aTH2eM5xUjRyqxLwyK3rjNRNInRgfyquVk6HMGWbSZTJplwbq07xuCCtdPpetWd8pCN5U/dT/Sq9zJDGNzwpKPcVnSaRa3afa9OkmsrkHPH3SfeuaDlB+79w5RUlqdFNG0TtcwkxyfxAfdf6iiufttWmtXFpqsbRy9BIB8poreGJi/IylRb3KUOl3F3N9r1aYyyddmeBWrLPHaxBUVVXsBwKhS8kDZKM8xHCjr9f51Yhs3lk8+6bzH6qvZK/nqTv8AFsftCilpEpotxdAtLuggPYdWqypESCOFBHGOBgVdljRepwelU5pY4FLyEqvp61Kd9huDQNIEHzHc3pUIM0rEkBFqKK5MxJjURr2J6mrglt4QZLu5CxjsT8zfQU7NBv1HN5cEZaVwi+prK/tR55DBp8O5ieZGHSoNR1OW+YR2NpIIhwCR1quqz2seC5RzwdvX862hS0uyHV1stjfgslhPmzbZpzz64p8s20HLYrKt5HEfzM6r/tGq896gBjiAkbp7UlRbZUqySuWpZ1OfmbrUHmFmbaeOp96pjcFLyMOewpjXUKrmSQKOgUdTXUqNjjdbuXTM7fKuMVIoCDLnLY6Z61lme4dGZI0hj7Mx5/KpbGG+nbeVeRDwDjFVy23CE7vQ0R5shyTsSrAG0YzStGY9oeSND6dTUiLAQTIXcdsdKzbsbwX3kJKnqQaXa7DCo38qtmeGEYt4F+pGTVSWSV1JLnJ/CmWRNFtyZJAmOcVnyTBTiNHf8KJ3SEAuzO/oO9VpFmK+Y7JCvUKOprWEe5ySn2HqsjkmTp1okdVAEYGfX1qOJJCvzbsd6uIsSckHd2zVmRR2s5+Y8+lSgKgyME+1SySs2VQEdqiKOck8H3pt30DltqQlj2U/lSFmAyQBT3OxSx4HvWcs0lwSkQ2qOrEf0q4QuYTlqXgIySc5780gDEnBOKrRhw+0F5D1zirxZzjMbZ78VoSpXI8BBk8mqUjSMTt/WrxEjD7vFM8pj1XH1oM5NvYqqpx3Y+tMaPaQzBVHvU0sggwscZdzxmqrxPIQ0rs7noq9BWkI9RcjLRUSLw2aFhRcHGcVLbxSKoBQr7YpGODgKxrQrlSQmxfSo5Nq47VBNcSD5IY3L5x0ppiZVEs5d5OyigmUrkjBj3AFRmNZQy+Yv4c02O3mnyZWZF/uis3ULgWI8tGVM+/NNK7siW0ldlO9lnjc29tKf9og1PbSCFRkkuetNsoEuQXzuP8AOtE6ddNwkCovqT1rXRKzOfV6or7zJndQc4OOtXk0y4UYwM+9H2C4zgLk07opQZnBCeWNP8sEnJx9TV3+z7kHLAY9KpTWF8743BF7AGrjG5lNpbn7N/8ABCvH/C//AI5Yxj/hFYv/AEqhr9BtK/5Tr/so/wDYQ1j/ANROvz5/4IVxtH8f/jjGQSR4Vi/9Koa/QbSv+U6/7KP/AGENY/8AUTozhf8ACdV/wy/I/wA8eF3f6R2N/wCwGP8A6XSP9CrXtE8KalPZT67pc17drbIiusrqAmSQMBgOpbt3rD/4RT4df9C9ef8Af+T/AOOV0Ws/62z/AOvdP5msev4gqPU/1KpV6iikpNfMq/8ACKfDr/oXrz/v/J/8co/4RT4df9C9ef8Af+T/AOOVaoqDX6zV/mf3lX/hFPh1/wBC9ef9/wCT/wCOUf8ACKfDr/oXrz/v/J/8cq1TXdI1aSR1RBySxwAPUmmrvRIPrNT+d/eV/wDhFPh1/wBC9ef9/wCT/wCOUf8ACKfDr/oXrz/v/J/8cr8O/wBs/wD4LU+Avhp4nvvgB+xb4Pb9rX9pp3ktni0xmbQ/D8ihgz3V0nE5QhdyRsqAE75oyu0/B3gr/gqd/wAFIv2Q/EUfi/8Abb8G+Gf2i/gjqjG41FvCNrbW2oeBlzlkTyookmjQHkS7w20f6Qv8X7hw39HnizNctnmuDwrdKCvtq15I2oU8ZVg6tGM5Qju1dpH9Wv8Awinw6/6F68/7/wAn/wAco/4RT4df9C9ef9/5P/jlfOX7L/7Xv7Pf7Y3gOP4hfs//ABE0nxnpahVvrPPlX+kyEcR3dq2JIm4OCRtbBKlhzX0vX43jcFXwtV0cRBwmt01ZnNHFVJK6m/vKv/CKfDr/AKF68/7/AMn/AMco/wCEU+HX/QvXn/f+T/45VqiuWzte2hp7er/M/vZV/wCEU+HX/QvXn/f+T/45R/winw6/6F68/wC/8n/xyrVFQL6zV/mf3lX/AIRT4df9C9ef9/5P/jlH/CKfDr/oXrz/AL/yf/HKtUUB9Zq/zP7yr/winw6/6F68/wC/8n/xyj/hFPh1/wBC9ef9/wCT/wCOVaooD6zV/mf3lX/hFPh1/wBC9ef9/wCT/wCOUf8ACKfDr/oXrz/v/J/8cq1RQH1mr/M/vKv/AAinw6/6F68/7/yf/HKP+EU+HX/QvXn/AH/k/wDjlWqKA+s1f5n95V/4RT4df9C9ef8Af+T/AOOUf8Ip8Ov+hevP+/8AJ/8AHKtUUB9Zq/zP7yr/AMIp8Ov+hevP+/8AJ/8AHKP+EU+HX/QvXn/f+T/45VqigPrNX+Z/eVf+EU+HX/QvXn/f+T/45R/winw6/wChevP+/wDJ/wDHKtUUB9Zq/wAz+8q/8Ip8Ov8AoXrz/v8Ayf8Axyj/AIRT4df9C9ef9/5P/jlWqKA+s1f5n95V/wCEU+HX/QvXn/f+T/45R/winw6/6F68/wC/8n/xyrVFAfWav8z+8q/8Ip8Ov+hevP8Av/J/8co/4RT4df8AQvXn/f8Ak/8AjlWqKA+s1f5n95Zvfh/4DsYlmm0KRlLbfluZc5wf9v2rM/4RT4df9C9ef9/5P/jld54i/wCPKL/rqP5GuNq5vUyp4mq1dzf3lX/hFPh1/wBC9ef9/wCT/wCOUf8ACKfDr/oXrz/v/J/8cq1RUGv1mr/M/vKv/CKfDr/oXrz/AL/yf/HKP+EU+HX/AEL15/3/AJP/AI5VqigPrNX+Z/eVf+EU+HX/AEL15/3/AJP/AI5R/wAIp8Ov+hevP+/8n/xyrVRTzw20M9zdTxW9vGhd3dgqooGSST0A55rRXeiQPE1P5395F/winw6/6F68/wC/8n/xyj/hFPh1/wBC9ef9/wCT/wCOV+HP7X3/AAWg8I+D/EV98Df2HvCMH7U3x6y8Nzf2rM3h3w4VZ0Z57hCPtLKyL8qMkXzjMwIKH4J+FH/BWn9v79mTxKmp/tk+E9J/aO+D97JHJqF/4esbew1LwnGWw5jjigijnRc/dkADbQBMCef3Dhz6OnF2aZVUzfCYSTpQ11Tu13SsfG5l4i4DCYhYWtXtJ+ei9T+rz/hFPh1/0L15/wB/5P8A45R/winw6/6F68/7/wAn/wAcrwP9mz9qn4D/ALW/w+s/iT8B/H+k+NdCcKt1bqfKvdJmIyYLy2bEkEozjDDB6qWBBP0NX4tjMHWw9R0a8HGUd01Zn1lDHSqRU4VG0/Mq/wDCKfDr/oXrz/v/ACf/AByj/hFPh1/0L15/3/k/+OVaorns7XtoafWql7c7+8q/8Ip8Ov8AoXrz/v8Ayf8Axyj/AIRT4df9C9ef9/5P/jlWqKgr6zV/mf3lX/hFPh1/0L15/wB/5P8A45R/winw6/6F68/7/wAn/wAcq1RQH1mr/M/vKv8Awinw6/6F68/7/wAn/wAco/4RT4df9C9ef9/5P/jlWqKA+s1f5n95V/4RT4df9C9ef9/5P/jlH/CKfDr/AKF68/7/AMn/AMcq1RQH1mr/ADP7yr/winw6/wChevP+/wDJ/wDHKP8AhFPh1/0L15/3/k/+OVaooD6zV/mf3lX/AIRT4df9C9ef9/5P/jlH/CKfDr/oXrz/AL/yf/HKtUUB9Zq/zP7yr/winw6/6F68/wC/8n/xyj/hFPh1/wBC9ef9/wCT/wCOVaooD6zV/mf3lX/hFPh1/wBC9ef9/wCT/wCOUf8ACKfDr/oXrz/v/J/8cq1RQH1mr/M/vKv/AAinw6/6F68/7/yf/HKP+EU+HX/QvXn/AH/k/wDjlWqKA+s1f5n95V/4RT4df9C9ef8Af+T/AOOUf8Ip8Ov+hevP+/8AJ/8AHKtUUB9Zq/zP7yzZfD/wHfRNNDoUiqG2/Ncy5zgf7fvWZ/winw6/6F68/wC/8n/xyu88O/8AHlL/ANdT/IVxtXLoZxxVVtrmf3lX/hFPh1/0L15/3/k/+OUf8Ip8Ov8AoXrz/v8Ayf8AxyrVFQafWav8z+8q/wDCKfDr/oXrz/v/ACf/AByj/hFPh1/0L15/3/k/+OVaooD6zV/mf3lX/hFPh1/0L15/3/k/+OUf8Ip8Ov8AoXrz/v8Ayf8AxyrVFAfWav8AM/vKv/CKfDr/AKF68/7/AMn/AMco/wCEU+HX/QvXn/f+T/45Xzb+0B+2X+zD+y1e+GtL+Pfxl8IfDjV9Y502yvZWNxcpu2mQRIGYRhsjeQFyCM8Gvx+uf+C++lm91Xx9pP7IXjzWv2VrTWJdOfx1F4lgF7JbxymNrtNJ8jlNwztNwDt64PFfc8N+HGe5vCVTL8NKpGKvdLSy3a7/ACPAzXjDCYKUY4rEcrbsrvqf0J/8Ip8Ov+hevP8Av/J/8co/4RT4df8AQvXn/f8Ak/8AjlfKf7O/7df7J/7Vmta54b+A3xp8KePvEenRie70+B2S4SLj94qOAXTJA3LkA9a+tq+Ux+AxGFqOjiYOEl0asz2MPmLqxU6dRtPsyr/winw6/wChevP+/wDJ/wDHKP8AhFPh1/0L15/3/k/+OVaorkSbV0tDV4motOd/eVf+EU+HX/QvXn/f+T/45R/winw6/wChevP+/wDJ/wDHKtUVBX1mr/M/vKv/AAinw6/6F68/7/yf/HKP+EU+HX/QvXn/AH/k/wDjlWqKA+s1f5n95V/4RT4df9C9ef8Af+T/AOOUf8Ip8Ov+hevP+/8AJ/8AHKtUU07B9Zqfzv7yr/winw6/6F68/wC/8n/xyj/hFPh1/wBC9ef9/wCT/wCOVaopB9Zq/wAz+8q/8Ip8Ov8AoXrz/v8Ayf8Axyj/AIRT4df9C9ef9/5P/jlWqKA+s1f5n95V/wCEU+HX/QvXn/f+T/45R/winw6/6F68/wC/8n/xyrVFAfWav8z+8q/8Ip8Ov+hevP8Av/J/8co/4RT4df8AQvXn/f8Ak/8AjlWqKA+s1f5n95V/4RT4df8AQvXn/f8Ak/8AjlH/AAinw6/6F68/7/yf/HKtUUB9Zq/zP7yr/wAIp8Ov+hevP+/8n/xyj/hFPh1/0L15/wB/5P8A45VqigPrNX+Z/eVf+EU+HX/QvXn/AH/k/wDjlH/CKfDr/oXrz/v/ACf/AByrVFAfWav8z+80tB0Twppk97PoWlz2V4bd0Z2ldgUyCRgsR1C9u1fwV+GP+U0//BRf/sD6B/6bdMr+9rRv9bef9e7/AMxX8Evhj/lNP/wUX/7A+gf+m3TK/avBR/7dU/w/qj+O/p0zb8M82cnf90/zR+J//BZfd/w1hb7cZ8r/ANx9jX5WG1nLhiu5D6dq/U3/AILPtIv7VURiwJPK4J/68LGvyd+2asoz5igV/Rydmyvo6K/AWTf9gtD/ANNxNpraZCQhyp9aBZSsMtmN+xFYEt/q65OUPriqDa5qinBABoc0+h+zvlOuW3uhlWG70IpRHOpOBXIR67qTngj8RV5bvVZQP3qJ6cUoVF0IOrjSc9dp/GnTWssiH7oOK5cS6x/z2U07z9ZUf65QPpW3ttLMDoEsdo4LRSDoR0NX7e2uZBhmXPrmuS8zWG5NwlOSbWoydt0AfpWkK6XQTjc7lbGdv7uanXS5z3H+FcC19rS9bs1JBfa3NgLeYxxzXTDGR6oj2Z2E2iXJPG1xSxaTfRuDGwAJ5U965oSa8SP9O2/hUofXDj/iYEe2K0VaDd7MlQZ2g0e7YFsrn0pf7EvOWB49q4wza2BzqT1Qn1LxDCQBfOy5x3qpYuK6MmNNo71tDnfIZgQetQ/2JeIGQtHLF6MOa5K2uNYuRuGouD3Bq3v1GNgk+oSrn60RrxeqRLg0w1uxNtGwk3KR056Vh6LqwhnEM0qNB0w1dBcabLerte/89cflWQ3hhUJYSBqwqKV+aCKSVrHdG3gdVmsLhHUjlN2RTxDNgZQ5rjLbRZkGUuJYuf71f2l/HH/g1U/Zh/ZWPhSP9pX/AILlfBz4Cy64tw2jr4w8A2elHVBB5fnG3+0eIE80R+fDuK52+YmcZFdCxajbmVrkKl2P47I4JT8pjPXAq5FBcLwYmC19vf8ABR39kH4G/sY/Grwx8Mv2cv25/hr+3h4NvvDUGtXXizwpaQW9ppt49zcRNp7rBe3iGVUgilJ8wHE6jaMZPyH4k+Cfx+8F+GtP8aeMPhb8UfC/gy72i01bU9Cu7WzudwyvlzyRqj5HIwTmuqGJT2W5Eqb2MGW0llQqFIPaqL6fMgxJA6t2dTn86ZaaB4tvdFvPEdvpmvy+H7aQQXF+ttIbaCQ7QEeUDarZdOCc/MvqK0o/B/jiaw0rVYtG8TzaXf3As7K5S0kMV7OSVEUThcO5KsNqknKkY4NX7aL6GSjbYzIoboNskjEiH+LPSrRsLgcoCV7VPqvgjxvoer2mga1oXifRtfuNht7G7spYZ5w7FV2RsoZtzAgYHJGKfqPgTx/pOs2HhnVPD/irTPEd0YxbafcWMsdzcl22oI4mUM25gVGByRgUoV7LYclcq/YLk/3QKR9NuiCMqfxre8e/B74x/Cm4021+KPw/+Ivw1ubyMy2cev6Nc6e10gxloxOilwNw5Geo9awPDvgvx34z1e18O+DNB8SeMPEM+fIsdLs5bu4m/wB2KMFm/AVXt1a9hez1Kn9lXLNtMCSKT13Diov7M1C3lHk5MeeVYjitn4g/Cj4v/CnUrXR/ih4E+IPwy1eZDLDa6/pNzp8sqDjcqTorMORyOK3rL9mz9qfVPDK+OdJ+B3xq1nwKY/OGsW3hi+ksvKxnf9oWIx7cc5zjFcrxUVujaNJvqYcNjcSLltqn3NWV024xjMePc150kGpFQXuZ0Pfk0sdpfseL6Ur6bq6oYv8AumbpLuekraXSYBaM/VqebRzjLoD069K84FleHg3kn4E0fYbsHm9l/wC+jWyxX90XJ5non9lybw4a3dfRj1pJ7Bo8PbzJav3Xd8prgk0y5kO1b+bP+9VpdDuzkm9lYehaqVe60iLkS6noltBvQeZNbrJ6g9au+QhYEXUKn/erzAaNJ0a7mQ+pY4p39hzNjbeyt6fOTW0MXK1nEh013PUyCpAN7CO3Lf0qF0kVj5d3ZSg9mIrzRdAlYE/bJv8Avs08+HJmA/0yUf8AA60WKm/s/iSqa7nojxWki5uRFF7xyZH5U61bSLWTcmpQxqeqsw5rztfDkg/5fZyP9+qtx4e4Jed5CPVqTry35AUE+p6vqE3hqW2b7RPAwIzlSCPworxY6HbqMtPIF7/MaK5qmJm3fkRrCmu52sXiCwhB2wSs5OWYjlqH8X2qcGF/wFN2WQBBhBPrWfLbWUhz5UY/GvxNU4N6o/WJVJrZo2LfxLZSEMLeR37cVR1PV7eQbhaXDseyg1UiKQD91GD9BV1byfHFuCPUin7FJ3S/ESqykrN/gcdda7q0albKwa1X1IyazbLVLqG4Fxewy3Lj+8CcV2tzehHxLbCR+ygdKa8haLe9kkORwCOa7IzSXwnnunLmvzEkPjG3aMI9i6jGOBioX8TWbE7bNkB/On2/2dx81uqnuTT3g05iSI0Y1iqcL7HQ6tRxvzFc+JNOA5sZZD6k0weJdNBYjT3z9aSSGDnZAoHrVJhCPvRKT/Kt4U4djndWonv+BdPifTiMHTzn1zVZvEOnswdtPZiPxqtKtuiFzCq+xHWmW4aYEiCONPerVKK1sZutO9m/wL3/AAlEKkeTpXmMOhc8D8Ktf8JfI4AmtW2f3U4rOjCl8CLKjuRwa2Uih2jMSZ68Ck4QXQ2hVqPVP8Cqvii1Rvl0kliec8k1MfGLLwNKB9ARVoQxY/1SD14o8iH/AJ5p+VRyQ7FxnVWz/Aonxi+D/wASwgfSm/8ACXSOCBpefoKumBRkvboiDnmqysZWK20ESqOpOKahDohOrV2cijJ4gmdxIdLA9CRTh4mePP8AxKwzdyRVwQZcLhJD3xUkkKRq37pQ30otHsZ3qb8xRPiqfHGmoD/u1B/wk8+cf2ehJ7GnygjPyIB9KhjEjnIRcfSto0o72MnWntcl/wCEnugeNNj/ACzTW8VXh+7p8f5UMm3LvjA6CpIFkuCSiJFF3ZhyafJFLYlVaj0uV28QXbgl9OjAPqKpDxS0cnkpYRM3cAVu+QmCpCke1VGtIICXht1aVu5ojybWE+da3Gxa9e5LLp8aA1dXXLth/wAe8W70xms5IZiCXIBP6VZjj8tSFUknv6VXKuxKqS7j31u9B/49YQPpTV1q/bO23iHvio9jO2ScimSyhDtXn1qowT6BGcurBr+9Zv8AUx5+nSp11K/UAC3i/wAarK7YzjGeeaN7eta+72FGTWtyy+q6iFLskSrVF9cveQI42+gqO4LycE4X0FQ7tgKKoUY/GqjTXYmdV9yZdUvZDkxovt6VHLf6hj5BEp9+1QFtv17VFyzZZqvkW9jJ1X3I5Rq9xnfdAJ6LWbLok8p3STmRvc1t7wOhNAcdckVak1sYTUXuUrWy1C12+RIqD3NW5bzVouDdRs3oKcZODhjmqexg5PzE+pqrN6sHNRWgSX+tlSTKqCs1ta1gP5Ym3nPWrN1MxynmE+wqggJOenqa0hROapiHsmXRf6wwy06J+FH2nV2OPtIJpkaNkYzj1NWDuXgdMVtGCRzubZ+1X/BCYyn49/HAzHdL/wAIrFk/9vUNfoVpX/Kdf9lH/sIax/6idfnv/wAEKf8Akvvxx/7FWL/0qhr9CNK/5Tr/ALKP/YQ1j/1E65c5/wCRfV/wy/I/gXheD/4mNxsrafUY/wDpdI/0MNZ/1tn/ANe6fzNY9bGs/wCts/8Ar3T+ZrHr+HqnxM/1Gp/CgoooqSgr8Pf+C+fiLxPp/wCyR8HPBugeL/EPg/RvGPxe0Hwj4hfTZxE99pVxZ6g0lu5JClC8ML7WIUmNc8Zr9wq/AT/g4qu/7P8A2SP2cr/eI/I+Onh2bd/d26fqpz+lfo3hFhoVuJMHSqK8XOP5mOIjzRUXs2vzH6D8BP2Hf2evhfo8H7H3ijTvE2o3tvEPFMGn3kN59ivI4kVmurjb5z723mMMxQfvShCELXzlr013q9w0cMDyuTgqvOPqemPevwag+PPjPwLr0XiTwT4m1LQdajOBLA2Ay91dD8rr6qwIPpX2l8TPjt8QPH3hH4eSwiz0htS0BdX1BNKhaLz3kLrJuOSRFiL7ucctknjH/Q34JxhhsJ9RvzSjd3la1r6LRLbZH9AcC8TxwmE+quN3HZ6Wt5+h6P45/Zx0b9i/9vD/AIJ4+MPhX4rg8H+PvGvxI8KWOtJ4K1OSPTLnR72/jE9ndBduJZI/L8y3wEMcyllJYNX9qNf56fwg1Jr79rf9guSWcys3xz8GEEjBP/EzQE/ma/0LK/yY/aC5HDA8U0I+65yp3k4xUU3d9F5f5n5BxNC2Pm7LVJ6Kyvr0PjT9sCz+O/iaL4QfD74MXHjHw9o+teI4YfFev6FIIrvR9MDxqzLLkGMfvWkyvzHycZwWB8R/Z3+Ivif4SftL/tL/ALPXjf4oeN/iP8OvC+hQeJ7LVPEly19f2MIgt5ZlaULvkXbeD5QCP3IKqpZgfoL9qz49WfwUT4XaP4n8JWOt/DnxhrH/AAjOv6lc6g1pDottNtVpGZVOf3TXDY3IcRHBHUfnb8I/DHw/tP2jf269S+CbabffB/T/AIaz2Frd2F495aiaWztnKrcMzl8yW92QdxHyNjgV43hLkKzDhCthc0oRhhnSbhNRjeU/bwjzOd24zV+WMbaxu/X6bJMN7XAyhWjaFtHZavmSvfutvQ/RbwL+3H+zF8SvFnh7wR4N+ItzqviXVZWgsIG0TUIVuHAJIEkkCoOFPJIFdvq/7T/wO0Lwd488fat43jsfCvhrxBL4W1i4exud1vqkbIr26RiPfKQZFO6NWXG45wrEfkT8Cv8Aj3/4JU/9hDxl/wCl714H8ZbTxd4z0n9s3R4Zbqw+H/gr4kav4ruypBS/1K+1S20+3icEcbIUvXDA/wARGOa+op/RY4bxOarC0q1SlRXxOUot6V50dLQWsnGNtNHLW6O2PB+EnW5IycYre7X8zj262P361D9pX4MaV4i+I3hO+8YPDr3hLRh4g1+D+z7pvsNgYo5RLuEZWT5JojtQs3zYxkEDJ8UftZfs9+C/AXgr4meKfiPZaP4O8RI0mizvZXLTagi43MlskZm2ruXcSgC7lzjcM/Dn7Tv7PPxR8L3X7Q/7RPgDxD4Du/C3iX4dtpniLTtXjuFurWCKyiRms2iBVnK2qEeYQAWYEEYNfPPh4atb+Kf+CbN7beMtK+HEB8GaqlvrepWsdxaWcoiuN+6OR0RmIaNOWGC6HsAfl+HPo+cJ5lhaWNw+KnOGqmk1dShRlOcfgbT542TtLTZM5MJwxgqsFUhNtdflG7W3f1P1+1r9pj4FeH/hdonxo1b4jaPbfDTUpBDYakkc0v2yUs48uOFEMrSAxyBk2bl2NkDacZbftYfs+/8ACp5vjhD8RbO8+GUV4unzajBZXMjQXJIAikt1jMyP86HDIOGVuhBP466Ra+E9D+Gf7BmpeFPEHirVPhtB8YHlbUde0+LTzH/pdqWLIk00YQGO4IYuOj5Awa9U/aQ1r4Ma/wDsjftN6h8GPDfiHRdP/wCFoCPWrq7nE0GqamJ4zLPasJZF8lgyEAbeGHHIrZ/RtyBYjD4ZTrSVau4c/uqMYe1cLSTjdTsr3/8AJUNcKYbnjBOT5pWvpor2103/AKsfqlf/ALRnwd03xN8QvCF14tceIfC2hN4l1+FNPuXXTdPESS+Y0ixlGbZKjCNSXIPC8HFlP2gPhHNq3wk0KPxdC+r+ObD+0/DFuLScvqFr5ImEjDZ+5BRgR5uwkhgMlSB+WHwkSXQfA/8AwU58JePX+0/GoaVqeoX162UXUNMfT7g27QRMWZI18wtjccLPCuflBrx/9nK08YeJfjh+wx8XvFMlzbaffQ3nhLQbNyCkWm6RpMcHmocA4kuJrxiD0IPrWn/EsOR/7XJ4iajh43TvH95L2HtVy+7s2m/8KtuxvhDD3n7ztFfe+W+n9bH6A+Jvjg+m3+rfFIftNaHpH7OsHjiGxu0m8N3TavBfQKgm0a3bbiS2kaNpDJ5RdVeQBjt3V98eJPEWj+EfDuv+LPEF39g0DTLKfUb6fYz+TbxRmSR9qgs2FVjgAk44Br+ZfxnZeJ/Gnw++PHmx3Ft4A8EeNbu/VgxUXesajqsUKgjo4jtrab3UzejDP9DH7SH/ACbp8ev+xK1v/wBIZq+d8aPCfAZdWynCxqXdWo6c7KCailScbuMVebjO7bv08783EGSUqLowT+J2e2i0tst7M87+Hv7bv7M/xT8YaD4C8DfEO41jxTqbSJY27aLfwC4KIztiSWFUGFjc8kdMdann/bY/Zdt9ZHh65+LelW2sDWH0GSKWyu08i9VgpSVjFtjTcSBK5EZ2vhjsbH5nfAv/AJHf/glz/wBgfxL/AOhXNeCePNX0Zf2a/wBqrw/LqOnjxDP8aWktbIyr9olGZPmSP7xGFcZA7Gv0CP0X+Ga2YvD0ZVlTtFfHFtN1qlJyb5FolBStZdVc9RcIYOVTljzW9V/M4328rn7mfEv9q/8AZ6+D/iy18D/Eb4maV4d8UyxxzG0+zXFwbdHICtO8MbpADkH94V4IPQ5rufiZ8ZPhz8H/AArY+NfH3iE6V4bu7qGxtZ4LSa8NzPKrNGiJAjs24IxBAxx15Ffi18dF0uP4+ft3WHj34ir4E8Pz6NoLX0CaZBfahrFuIrQKlms1xCMq5iYkE9umOfpj4weLfCWq6V+wL8DtK8RRy6lZ6n4b8YanNqrx2smn6TY2gPmXyl2SCSUPhULnLrtBbK5+Lx30csopTy6NGdWftVzVrbcvso1G4vksrXtvLp1djzanC1BOkk276y9LJ6af5n2xpX7U/wADNa+Ffiv41af4ynl+G+iXh0/VL99Lu43tbgGIFDA0QlJzcRDhSPm9jjrfEfxu+FvhOP4ZS654ttLaPxje21h4bKQyy/2pNOFMWzYp2ofMj+dsKNy5IyK/Gbw3q2lTf8E9v20dMg1Kwm1JfHlzctbrMplWFrzTgshQHOwkMA2MEg1yDeH/AIqWnxN/Zk0Pxy+pjwv8OPiX4d8DaDLKwYalHdXT3wnxgbWFoulx4HG0IepwPcofRbyOrVxD+sypxo1akeWTXNKEaUJRa91XfPNJ6bO9tDqXB+Hbk+ZpRbVnu0kmvxZ+yWv/ALW37Ovhj4kJ8I9d+KOjWHj03UVk1obe4eKG4k+7FJcrGYI37FWcEHg4Ncx40/bj/Zj+H/jDWPAXiv4h3mn+K7Cdra5tE0LUJikg6gPHAytjnlSRwea/Hnxlb+GJ5f2ydG+IPxIvvCOkS/FuRjo+l6JBfavf3DXNyYZ4RLcwERgCT7oPDE88Y/Rf4y/8pIP2P/8AsX9b/wDSO9rizb6P/C+X1qdOrKtUvQrVHaSiualSjVVm6bVpXcbK9t79DOtw1g6ckpcz92T3tqop9j9IqKKK/hyVr6H52FFFFIDsvEX/AB5Rf9dR/I1xtdl4i/48ov8ArqP5GuNqp7mVH4QoooqTUKKKKACv51f+C9njvxn/AMJH+wr+zzb+O/GXhH4P/ELxBrFv42s9EuUt59YtbeXS1jjaRsKVUXtwwRz5ZfYzA7Bj+iqv5ef+Diq9bTPip/wTb1FHMfkat4rk3ZxjD6Iev0BP4V+s+BmFpVuKsJTrJOLk99tnbc+U44rSp5VWnB2aX6n0b43/AGdv2P8A4AfBvwDJ+x9f2uuaVfEweIBps6XMem6lFFH5zXM20TF3LjaJOgU4JUqq/Cd1barrEn2GGF9TvU3u0iJ/B/ebOdgGSCScdDkZwPzu/wCF3+LPCerprPhfXb3TroEhwj5S4XOdsiH5ZF9mBFfaHxB+J3iHxF4d8M2Gnadpug6fqnh3T9Y1OHTISqzvcW6TOGYlmESmQgLnGMZzX/QV4MZ79Sy3+zpe/OF7SdrWb0TS000S7n8C8a53Fv20lvpZFXWPgE/7FX7bX7CXjP4V+PYfDfijxt8QfCmla7D4P1CQaVqGj3+pRo9rPjaCzRowktygUeYjEBuT/ZhX8J/h66V/2mv2F0mmQ3Unx28EuFZ8s4GpxZPPJ5YZPuPWv7sK/wAhfp75PTwnFNK3K5zheTjFRTd+y2P6n+jvm08Zk86k7pczSTd7Kx+QH/BTvxj8TtN+Lf7CPw2+H3xZ+Ivwo0zxn4uuNA1i58OanJZzSwy3OmQhztOGZBcSldwIBY8cmmfss/GXxz8G/wBqr9rf9m74tfHTX/it8IPBPh+08T2/inxTOj3Wkgw20k8c1yOWXF2QQxIBt8qFLODw/wDwVo8J6H49+On/AATi8C+J7aW98Na145uNJ1GFJWiaa2nvNJikUOhDKSjsNykEZyCDXo/7XX7J3wV/Zs/YE/aj0v4BfDyPwrd6lp1lPqdylxPd3d5HFfQM3mTTO7+WqGU7QQoBY45Jr2+HJZBPgzJcjzCP7zMFKmrU4e7J4m3tXUb5k4xTSSTTT1Z8tm8c0jxDmGZYV+5hWpP3papUfgUNrN2bd9LH3B8Cv2vv2cf2ltQ8QaR8E/ihpnjTV9LiWe9tDZ3VnOkLHaJUiuY42kjztBdAygsoJG5c8n4s/by/ZZ8EfFa5+CniX4kXdh8RodVs9Ems10HUZY4725CmCE3McDQguGH8eBhskbTj80f2JL74c6P+0P8ACjxXrvx2/wCEr8XaV+zzp8mofZdEsrLQ/D+gxrA3l3t+t4zLPbnYHLwqNu0kr0r5a8beOfDHxCtpPjjFrmi2tl4v/at0PUtHtprlEupNBtLe5hhvpIGIkijbcR84GCD2IJ8zC/RlyOeeYnCRdZ4WFOPK72ftJN6NumuZWjKStFXXU7KvjJmccso12qarSk7rdciS1spOzu0t2f0NeI/2mvgj4S+IPjD4XeI/G0eleNtA8LT+NNXtZLG5KWWjRY8y5M4jMTBQQdisX9FrM8J/tXfAfxw3wQTw34zurx/iOuqv4NWTSL2A6utgpa6bEkS+SEAyDLsDjBTdkV+C/wDwUh07xp40/ap/aJuvhVq9tc2Y+B1lq2oPa/vf7R0VNRtJZ/JlRwAuwLKX+YNGjrj59w9R/a7+KH9h6N/wSq8Zfsw6TcLeXvhbxHoPgyzinUzWF1e6Xp+nW6s+MGaCW5XdkcvE2cZp4D6LGT4jDZdyVp+1xcZt3lFRpyjQlUSleOnNJK392Mtb7LF+NeYUq2L5qcfZ0JRS0bclKqoO2vRX+bXQ/Uz4k/tZ/AjxJ8FfjPrnhX473fgi20jV5vA0/inT9Fubw6HrzERxGOIxEXKLJJGdyZjdc4kGdwj+AXxO8UD46fE/4L/Gf45+CfHvxwh0aw1f/hFvDWh3Npp3h3To8I0/nTFy1xcNeQO8Zk+VfK2qASa/DGTwbb/BL9gr9svwC19PrVt4U+PdtpTXJUK92trLaxl8dAW8snHvX1t+wHoPje3/AG/tb+IfxNE0PxD8ffBq48earbM7MLH7brkDW9uoYAoI7WO0TYeVKkdq9fiHwDyXLeHMyq4au5U6fPycyhzycY0Zpp8vMo6vms/5V1d+HKfFDMcZm+Ep1qdpT5eazlypNzi7q9m9Fa/n5W/Wj4/ftX/Ab9mAeEj8bvG0vg8681xHpSppd5em7aHyvMGLaKQrjz4vvYzu4zg447Q/27/2VvEXwh8VfHnTPigz/CnRNUj0bVNVl0XUI/st4/l7Y/IaAStnz4vmVCo3ckYOPkj/AIKD/wDJ4X/BLr/sddU/9G6XX5ueJ/8AlHt/wUR/7LvL/wClllXyXh59Hvh7N8gy7G4iVVV8RKHM1KPLaVeVJpR5G07Rvdt6vY93ivxVzXA5risNSUHSpKVrp3uqcZ3b5tru1rfM/oF+F/7Xn7Nvxo1fxzonw2+LXhzxFf8Ahu1F/rO5JraK1tCCftKyzokcsAABM0bMgDKSwDLnM+DH7aX7MX7Qni7VPA3wg+K+l+L/ABXZ273Uln9hu7VpYUfY0kDXEUazqG6mMsOQenNfjH4z1TTvGH7S37ZN74H1PT/Edsn7Jt3b3E2mzJMhk+x2RMZZCQXKFflznGKs/sOz/D+b41fsIazrnxouPEPjPTvhzqjWekaRoNomm6Hpyw3qyxapf/bDKkiSCV9zQ4LkA7c5X2M8+jDkGHyvFY+nVqqcacZQi2pOMnSc2p2hqm1ZfBZO92edlvjNmlXG0MNKFNxc2pS2TXOo3jeWjSd38V/I/Xf4tft4/stfA/xvrXw7+JfxFv8AQ/FmnJavfwReH9Suo7QXCB4fMnggeIF1IIG79Qa9q1L42/DDR/jB4d+Aup+KIbP4ratpMuuabpT282buzRnV3WbZ5W4GKQ7CwbCE4wM1/Nh+1n498LfFvw5+3d8c/D+vaJP4V8Q+P/BujeHAbtBPqNrpNvNb3F5DETva1d5IysoG0ncM5UgfUn7feueIoP23vhh8dPhDeQeKNW8B/ClPH1pFY3KtDrNjb6zKl5CZlDDymtJrvLLk4BqX9FrJ5xwVB1KlOrVpVOdyceWNaNKlNL4VyxU6jjJNv4dy/wDiNWPjLEVVGE6cJx5VFO7g5zi3vq+WKasuux+wkH7UHwGnvvjdYf8ACx9It3+HPkjxlLPFLFBoplV2RWmdAkrHypF2xlyGXaQGIFee+DP29P2TfiF4M+IPj7wd8W7bWvDnha2iu9cI0m/iubOCQhUkFrJAs8qMWUBo0YZIGa/nzbwZ488Jfs2/8FVtE8dy6nqPxEuE+GfiHxEZlBmW+vrv7fdBwP7klzICewUk9zX6MfsJR+Bb79sPUtZtvjDqHxR+JC/BrSoL0aV4ftrXQrSxLae0MYuoryZnuo1EabGjXK7mzxg6cS/Rm4ZyvLsVjZYipVdFw5eRqzXs6E5XfI7KTqtRba5bLSWpnk/jFnONxdDDqlCHtOa/MtU+epFfaV2uRNpXvrsfoN8B/wBtr9mn9pnxPqXg/wCCvxAuvGGv2lhJqVxE2iahaJHbpJHGzebcQRoSGniG0Et82cYBI+rK/Jb/AII+/wDJF/2iv+yx69/6SWFfrTX8u+M/C+XZLxDXyzK1JUqdl78lJttJt3UYrr2P2rw9zrF5jlVPG41xdSd37qaW9tm3+YUUUV+Vn2oUUUUAdl4d/wCPKX/rqf5CuNrsvDv/AB5S/wDXU/yFcbVy2RjD4mFFFFQbBRRRQAVl69rel+GtE1jxHrl5Dp2i6fay315cSHCwQRoXd29gqsa1K4P4p+D0+Ifwx+I/gCW4W0j13QdQ0dpSm8RC4t3iLbe+N+cd8VthowdWKqaRbV/Qiq2otx3P5CPDvjL4dftcft8/HT4/fFHRb2P4FeJb2wtdC8ReK4N1pb+HYI0guIIEAYqshRyuxSSSxILb69X/AGhNA/4J7fDHxzqH7JXwc+IGl+MPhpc2keo22mzPDLZ3f2nEwhikjYSK67whZgCJN2Qu0ivgfwS/xY+EmueNP2UfiF4P8OR+Jfhxdro15qtgd8tyW/eQfcYq0bJICCVDDOGORgeU63+yd4q8J+MtL1vxBe6xp/hjxLqdp41tLO90yJLq9K+fta01AgOtnme4+RTtJILbmQEf7dcDZasNlWXyydqdJQUbOyTTs3La7a19T/OHiiq8XmONhmrdOfNzJxu2mrpLeyvofWOrfEPwX+y98f8A9lf49+GPhlrujaJ4I1h5vEmp+H7dItnh0p5Js5EG0TffdiGyR14yDX9qHgfxn4d+Ivg3wt4+8I36ap4X1rT7fU9PuVUqJ7eWMOjYPIyrDg8iv4ifGXjvx940+Hx/ZC8DfAnwL4m+I3xV8QR6Pp3iu9uGg1GyuioQ2yNK4higMYdi4XcdxyW+UD+zf9nL4Uy/Az4CfB34OXGpRaxc+GPDlhost1GpVLiSGFUZ1B5CkgkZ5xX8S/TcwOAjm1GtTXLXas1p8K2ennfc/pX6OVTExyyVKo+amndPW93utTzT9u3xR4k8EfshfHvxX4P17V/DPiax0J7iyv7C4aC4tZBImGjkQhlPJGQa/IXwT8RPj98Dh/wTp+LUf7Tnxd+KEXxX1ax0vxH4U8T6gNQgMU8kEbvaBvmTabjIP3gxjBYgkN+rX/BRT/kyP9pD/sXZP/RkdfNv/BO79iv9mjSvg7+z3+0bD8M7W7+L9x4ftb86pd391crb3LIQ0sVvJI0Mb9SGCZU8rtrj8H8+yXKeAauNzanz8+InT5VThNz5qNopyk04JSaleN3dbD49yvMMdxRDD4KfLy0oyvzSjy2qatJaSbWlnZan1tf/ALcn7KOmfGNfgFe/Gbw/F8VTqCaQdPFtcvEl8x2i2a8WI2yzbvkMZkDB/kIDcV1Xx4/ao+Bv7ND+E4/jL4vu/C8uuC8fS0g0m8v3uVtljadttrFIVCLNGxLADBJ7HH83unad4duvDvxi8P8AxP8Ai9rnhPyv2lJTB4X0Xw5a6jrdzrAEqxXLtNdwSJbj99EdoJD+uSB+g/7bnxI8GfEv9qyx8NaV4q8OLYfC34XeObvW7uS+ijij1TVNKls4tOVmI33WEjfy1ycEjqrAexj/AKMmRU86wmFpTqzoSp1JVWnbWMIuPLJ07JSnJRtadu+unn4XxjzOWX1684wjUU4Rh6OTUrrmu2opvp6H6Uap+2D+zvovwm+HXxx1L4gPbfDDxXqcOj6DqX9k3rG9u5DMEj8kQmWPJtp/mdFUbOvIy3Vf2xP2ddFuPjhb3/xAdT8OFtz4zeLSb2aPRjM2yNDJHCyyuWDLsjLsCr5A2tj8LPifqVrqv/BKD9g600HWNKk1S1+J+m2spVlnFlc41Zgs0asDkB0YoSpIYcjINavgXZo3/BPv/gpr4F8aE3H7QeleMrp/G93IwaTUZZLuERXAIAxE7w3hUcgnewOHwN4fRcyJYV4iVWpzfWnQ5bxTUfbRpqb93ZRdm/5pR6Gb8aszddUlCFvYqrezs5ezcnFa91p5Jn73RftD/B2f4m+C/g5D4yhl+JHiHQv+El0nTFs7jdc6bhiJ2fy9keRG5Cuysdp4r4W0H9om6bVfhP8AGDVf2vPDV5+yx4u8eXkXhSFPCN5Fr+uXMr3EEejTEriOwt5w378whiIolZ13hj8Mfsa2HjLxB+3H+zd8dfHb3cOo+OvCWu3ukWci7P7P0GztlsdPQpkgO0ds0xZTh/ODdSSfhL4PWXjf4g/Cv9k7xrqkt9p/w4+HvxP0bwVo1vkNFqGpajql1qd7cdMqyRLp0RHOflOeor7DIfozZNgZ4iisTzRjTp+0clCXvT9vGSp3i9VOnFJrpzS7W+ezPxizDExpVHRs3KXKlzLSPsmnKz2cZSbT62R/Xj8R/iN4O+EngbxL8SPiBq50LwbpFsbvULwW8s5giBA3eXErO3JAwqk8184/Bz9vf9lT4+eOrD4a/Cn4l3XiPxpdWst7b2cmg6laebDGu5nEk9uiYABP3uccZrP/AOCi/wDyZF+0f/2Lz/8Ao2Ovzc/Z7Cr+2/8A8E6QFAH/AAy1oh49fIvK/AfC7wayTOOGsVmmNdRV4Oqo8soqK9nBTV04tu7dtGj9T4y8QMxwGb0MFh1H2clByum378nF2aaStbsz9IfCn/BRP9jLxt4m8I+D/DPxv0rUfEOu6j/ZOlwNpWoRC4vNyqImkkgVI2YyIF3lQxYBc11Hjz9uP9lH4Y/FKD4MeO/jN4e8PfEV5oLeSylt7l4rSSUAotxdJEbe3JDKf3si4BBOAc1/N58N9a0e9/Yu/Z28Iabqul3Pjo/tL288WnRTo14IjaIocRA7wpdoxnGMlfavQPitZ+GV8Y/8FSdO+LXxcvvh14NuPH+kNeaPZaBa6jrGuL9vupLWSzFxdWxCRhgzbSw8uQnjjP7vifojcMQxc4SrVowipK105NqrCCkrU2+W0725dWviS1X5lS8ds5lQjKNOm5Sad7NJLklJp3lv7tr367M/pC+OP7Rfwg/Zy0fw7rnxf8T3Xhqw1a/Gl6f5GmXd9JdXJRnEaxW0Uj5wp5IxnA6kVxsf7Zv7N0nwLt/2k/8AhYoi+C8t6NPXWX0m9XE/n+RtMBh84DzARuKY75xzXxH+0t8RPCHiv9rT9ir4Mjxbo8Vz4JF14y8Y3Wo3MVsujf6Aq2UVwXfalzMxY+TkuokjfBVw1fAGgT6J4i/4Iw6B4SGrWcl7/wAJzbQX1vBOhntI5tacIzJyU3BXKlhg7TjODX5twx9G7KcTlWBxGNdWFWtWpRm7pRVOrOrFNJxunanGSbbVpLTVH1+ceL2No47E0cOoOFOnNx0d+eEYNq99VeTW3Tc/om8V/G74X+CfHvww+GXiTxVBY+N/GTXS+HLFLeaY6j5EYklO+NGSNQrAhpCobkAkg48ls/25f2UNQ+Mf/CgbP4zeHpvir9vbSRp32a5ETXqkqbZbwx/ZjNuGzyxJuL/IAW4r8O/g1pvx2vP21v2N9Z+Nk3ky+Edd1L4P6ZGUcG9XR7BzLe7m/wBZ5pvU/ec79v3jtFeWfAfS9Bm8D+E9E+I/xd1vQNSi/aXQ6Z4S0jw5bX2rya4I4FS5nklu4JUtWP7ltqPh1XG48D66P0TeHsPSm8RjJVHGkpXpu655TqpNJQk3GKguZaatvmWx4P8AxHLNa04qjQjBObVpb8qjB9ZLVuTs9dFsz96rv/gox+x/YfEmf4R3fxR1CH4gRau2hPY/8I1qpAvBOYCnmi28sr5gK+YG2d92Oa+3a/KXVv8AlMj4X/7Is/8A6Xz1+rVfyx4tcKZTlX1FZXGadajGpLnkpayurK0Y2St1vuftfAueY7HfWXjXF+zqOEeWLWitvdu+/kFFFFfj598FFFFAGxo3+tvP+vd/5iv4JfDH/Kaf/gov/wBgfQP/AE26ZX97Wjf628/693/mK/gl8Mf8pp/+Ci//AGB9A/8ATbplftPgp/v1T/D+qP5B+nNFvwzzVL/n0/zR+Jv/AAWa/wCTroP+uX/thY1+Vpj3KRkV+qf/AAWYGf2r4Af+eX/thY1+WCrtzzmv6QgrtlfR2TXAWTLr9Wof+m4lNFC5VxuB4qrLbxSFhtGexxWs0eckEZqB4iO2Kbiz9l9Tlrm2e2feoymeK2bOVJo1Kgbh1Aq00IlVkccHisF0k0+bcufLJrNrlG12NxxkgqzKR2qygLqNxwcVXhminQOuCT1B7VZAyQBxVpXJHBFQcNhfalK553ZFTiPIGTSCMKPvYX37VduXUCm6NGc43D3pgiGQ0ZMTetXWQnhWBqIo2fu4/GoTsA6O4mgG2cM6Do1WRI2QyksvqKrrnBRhlaiEbRtujZselae0AvENIODg4qtJG2CGynoalR92OcEdc1MSSME5FdEZpgZaGSNsruwD271twypOm0MpPcN1FVGQemc9cGohlGDglTSjJxZEoXNiGIxZO+Pb1xmpwwO4Z/8Ar1hs0sh3A/PQZZocNINy+1bqsjNxsb4Yj3Ff6gv/AAcO/tQf8E/f2efE37GGj/t0fsD3X7bC+IP+Eij8OSWmqm1ufDaRvpi3SxRAr57zeda7VLLzDjI3Zr/LrhudwyeRX9YUn/B4Z/wUmvG06a/+An7A+oX9qP8AR7m48Ja40sL4GXU/2zhWO0E7QBkDjioxEXOziELJWP6DtB/4IV/8E8/gH/wV/wD2I/in8LPhrH4T+HOveB/F/jCL4ba9cT31pbeItJfSRbXMMN48suVXW5ZmgdikM1nCyAZ2jkf+Ccv/AAUP/aX/AOChf/BW/wD4Ko/8E6v2u7Lwh8Uv2OtIsfGWn6Z4Ov8AwxZxxaLbad4httLitpp0iWa486C5kaQzvI3mxho/LAKj+Nb4l/8ABbn/AIKI/Ff9tX4X/t5eJPjJbWXxl8F74PC2n2FgkOhaLYyhluLGOwyQ0E6SOkrSM0silcyZjjKfo/8AEL/g6S/ac1nwl8UZfgh+yb+x5+zH+0B45s/sni34n+E9BkTXdQbYVE6SO+4zrn5HuGuPLzkDcAwz+rTej1f5DlJH7B/sFfs/fs1X/wDwQV/4Kk/s3/Gv9oKT4Gfszaf+0N4h0C6+IP8AZzam2m2VnqOhC1nNvHzMZZLe2j+X/ntntXIf8FRdF+F37NX/AAbg/sHWv7IP7QV18cfh94U+MOmal4O+IUelvp8moXEdzr1yLhbWXJjaK53oA2cmLPQ1/LP8N/8AgqV8cvhl/wAE1vjx/wAEw9K8E/DDVfhD8QPEg8Tar4gvIrxtbtrjz9OmKwyLOIdpbSYfvRMcSPz0IT4mf8FUPjf8U/8Agmn8Dv8Agl5rXgT4WaX8HPAfiD/hIdO161guxrN5N52oS7J3acwbM6rMPliBwie+dVh5c1/Mk/vttf2UPh3/AMFfvj5/wRf/AOCw3h6y8Pjwz4e8O3Oq+NLLcrP9utQ0+nWcRLZJsda/tAN9/wC6fu8sflb9hP8AaZ8G/tLfGX/gvB/wV98FeFvD/wAY/i98N9LvvDnwbtbyE3I0/QNI0W9mthZqmXjGqS26ySFDvOXVCA7hvzW/ZF/4KC/CX9gD/g2r+JXgTSf2sfhb4w/a78e3WuweGfAemeJrW51vwNDqs62JL2sMhmtvKt4rrUgzqNstyqnlq/nV/wCCb3/BUP8Aai/4JcfFHxL8S/2bdY8LXlhr9rBZeJfDfiC0e60rX4YXZoTMkbxyJLEZZdksbqy+bIMlXZTFPDykpW6aIJTta56Z+1t/wWj/AOChP7e/7OWt/AD9qzx14a+LfgFfF2n+KbXUh4WstOutDuYYbqKO2iksYoYzE63MpxMryHy+HwCK5T/glB+2X8Zf2QP2jjH8If2ifB37JVv48toPB/iP4laz4Wh8QJ4Q01rmO4a5SymzE5326AhlbjOMda9a/b6/4LK+MP23/gdD+zxoX7I/7If7Knw3n8T2/jLWx8PPDZsLzX9WhhniSS5lDBGXF3OxBQuWIy+AQfEP+Cd3/BSvxJ/wT8/4XPoa/s6fs1/tQ/C7x/DpkPifwv8AErQTqdpN9ha5aB4FLhEcfbZw2+OQEEcAjNehGH7trl+RjfW9z+vf/gtjfeOP2of+CHX7NkPgrxf4W/4Kh+KNV+IWm6ddfHPRdG0zQYdOvpNRmtIWi02J8200009vpZCBU5LyFC6Kfuj4GfEv9rH9k39rn9k34Af8FBP+CxHw1l+L/jaxs10X9njwf8EoJtMubVlltoo18RJCbqGPzbeVUnnMW54HHzqCB/HJ+2d/wcD/ALR/7UfwN8B/sv8Awe+DnwA/Ym/Z90DWbDX7Xw98OdLNsHu7S6F3bLziGKCO6SO5EcUKZlRWZmxivqXxj/wdI/tMeNNa+C/xS1H9jr9hPU/2jfCKw2//AAsLVPCT3+rTWikma2s5XlEunxzl5C4hk/5aPs2ZrijgqjjZLuU6qTuz42/4ORvh54K+G3/BY79rPQ/AXhrR/CWi3R8P6zNZ2FusMJvLrRLKe5mCKAA0s0ksrn+J5HY9TX4WTwW8i58vyZh/EvevtH9vv9s/4if8FEP2qfiF+1j8VdA8E+DPHfiKDToLrT/DyTx2EK2llDZx+Ws8ssmWS2Rjlz8xOMDivjryJIiVmCsPXNenRg1BRkZuSb0MqJGIAk2vjuO9SNErdODVx4AMtEMr6DtUSoWyMGt4w0J5lewyGNUPzEg9Qa24ZIwArHPv6VlJCWOAy/TNSGGaPqpK1tFtdCZK+qNsIn30IYdwRkGqM8ADrLbBoznJGeDUdvKUYAk49KvsEY5Ryp9DWt1IzJoVEiCRlIfufWpti+9UcyoCVxj2qWOVmyCSDWsZJATFSPcVBJCsgI5FPJfJOMilBBGRVqSYk+hiSxNAxI2lT2PSitG4tzJyuN1FZOLGUGifk5AHuabHDGTgncatypvP3+KdHCq84/Ovwy+mp+t8mokcKDnFWAMcCmMxBAAyaZ83r+tRZvUu6WhAbVDIZHcA+gFPcwqCRGHPuaRyuCDn+VQMycAAsa1hT1uYzklsVpwrDcz7B2AFZbnHEe81emQscEgH09KhEABBODXVCyOOd2ykXkHViKQSueqqPwrQaMfwqtRFEyQ2Cc9K0i10MpJlN4kmxwzn07UwW0iyAu5CelXUibJKgL9amZGUDGWYetPmtoLlvqTJCpQADB+lWowBnggdM1mxTyq/zjHpxWihaUDHNZST6m8Zpk2R6inhosKcgkeoqsVKjkYHSmMTwB1qSotk1xNGyFMnJqimACqEkVJ5W7ljzUZfyyQpwRWsYWM5Se7LAlMKehPoKqtKxOSRSs5kOAKcsIblvXpT5ETJt7FZmB5wX/Che/y7atOoHCoCaj27skkZ/lVXTRnKNyF1DjBp6RkLuY4UdqJAkKGWRsAdB61lDV0kkKmP90PU01FvYy5kty9Leop2RI0j9BjtVZ7ucHBwp9AKnTUbJASkSqfWo2vbHBygJpxj5Dc2+pEt1yM5Y09ruSQbQqqO3vUJ1KyU8RIB/OlOrWmMBVArZU79DFTXclM4RME7mPXHaqxmBOcjP0pp1C0bsuact7a9kBrSMbbocpp9STePeqr3g3FIlLtU0uoWLIVIXOOlU4722jY7Qo/DmqSfYltdGSPM+QCCG7AUzd/st+VI1/aAlsc+uKY2p2+OFzx6VdmYuourHM4IIwfxqrI5GQATTm1OH+GKm/2hG5x5a49xVxizKVRLqMDkdA35U159oy24U9r+EAnYoqCS6icFivA65FaGTnbqRi4mY/KGA9alM0gQ5Jyaof2mruYoIlY9+OlWAHIDSEl/atYx7nM5XEQbuSDip0jXOccUAZOM4qerEFFFFAH7rf8ABCz9mqz+Pur/ALXusn4mfET4Zar4b0fRZLabw7dC3ku1m+2s0cr4zszaRHAI569Bj9HNK+Adl8Hf+CpX/BNXxAfHHjLx1reuan4yS8utanE0v7jQGVP3mNzfLJt5JwFAHSvnn/g2p/1v/BQP/sBeG/8A0HVa/Qj4q/8AKTP/AIJQ/wDYW8e/+mEV5md/7nV/wy/I83C5PhFjljVTiqzsnKy5mrrS+9vI/ts1n/W2f/Xun8zWPXV3ulXF79lmheFVEKqQxOc8+3vVP/hHL7/nraf99H/Cv4mnF8x+uwmkjAorf/4Ry+/562n/AH0f8KP+Ecvv+etp/wB9H/Cp5GX7SPcwK+Uf2yP2M/gp+3R8IF+DHx0sNfufDcGpR61p1xpl+9pc6dqCQTQx3EbLlXKpdTjZIrod2SuQCPs3/hHL7/nraf8AfR/wo/4Ry+/562n/AH0f8K6sBjK2GrRr4eTjOLumt0yJyhJWZ/n+ftqf8EZf2yv2M7XVvF/gQXH7T/wItmeU6hpMD/2rpVuBu33ll8zqoAYb4mljAXLbMgV5V+z5+0J+1N8XrbTfgF+w98NvF3jHxprXgmPwf4st7rTIJ7CO189naSVpt8UKAsmLlzE0Z+6wLc/6LH/COX3/AD1tP++j/hXJeFfhB4S8CnxC/gnwf4J8HNq2oS6vqp0rT4rQ6nfSY8y6uPKRfNnfau6R8scDJOK/rzhP6ZnEOW5bUwVWEatSSSUnbo01dW3TXSxrQx9elF04T0ffVo/nQ/YB/wCCDth8J/G/gj9o79sj4hy/FL44aNqdrr+jaFos8kOk+Hb63nSaB/OGx7hkeKNvLVUi3AgiVeT/AEe1v/8ACOX3/PW0/wC+j/hR/wAI5ff89bT/AL6P+FfzNxpxvmnEGMljs1qupUffp6GMZK7k3dvds4DxN4U8L+NdHufD3jHw5oXivQZiDLZalaR3MEhByCY5AVJB5BxwaxdB+F/w38K+HNV8IeFvAnhLwx4XvkeK8sNN0+K1huVdNjeYkaqGJXgk8kd69Z/4Ry+/562n/fR/wo/4Ry+/562n/fR/wrxqGdY2nR+r06slTvflTdr97bXOhYySjyqWh4VpfwN+EOiL4DXSPh54ZsF8LvcyeHvKtwP7Jad98xh/u72yT70+5+CHwjvNB8a+GLr4e+GJtB8SagdV121NsNmq3ZkWXzpv7zb0VvqPevcv+Ecvv+etp/30f8KP+Ecvv+etp/30f8K7pcWZq5czxE73v8T35ubv/M+b11Nf7Sqt3c39/wA/zOI1vw9ofiPQdS8L67pdlqvh28tXsrqzmjDRTwOpVo2X+6QSK4DVfgX8HNd8H6D4B1z4Z+DdZ8G6WMabp91YpNFYf9cQwJTqR8pGRx04r3b/AIRy+/562n/fR/wo/wCEcvv+etp/30f8K5MFn+Pw1vq9aULPm0k171rX0620uRTxs4fBJrqePan8JfhfrPgu1+HOqfD3wZfeArfaLfR306E2duRkgxw7dqEbmIKgHk+tZtx8Dvg9c+A/+FXv8NfBsfw881Zzo8VjHHamUMGEhjUAF8gEt1J6k17n/wAI5ff89bT/AL6P+FH/AAjl9/z1tP8Avo/4V0U+Kc0ilGOImlzc/wAT+L+bffz3LjmFRbTe99+p4pqHwa+Fmqa/4j8T6h4D8O3PiHWNIfQdVu2gHmahp7KqtbSkffjKogweyr6CrNt8JvhrZyfD+W08FeH7Z/CscsPh0x24X+x0kQI4gx93cqqD64r2L/hHL7/nraf99H/Cj/hHL7/nraf99H/CiXFGaSSi8ROyVl7z2ty23/lbXpoH9pVP539/yPCJfgV8H5vDHiDwXL8O/C58KarqR1nUrAW+Ib29LKxnkUdXzGhz/sj0r0bWtG0vxFo+reHtcsbbU9Ev7aWyvLaVcpcQSIUdGHdWViCPQ12P/COX3/PW0/76P+FH/COX3/PW0/76P+Fc2Jz3HVpRlWqyk4u6u27PTVeei18l2M5Y2UndybseG6R8EfhJoVz4HvNH8BeHbC68NJcRaBIkPzaSkxYyrCSflDb3yPevmf4Afsb6N4D1T4ia78WvDvw28eaze+M7zxR4fuham5k0pJSpC7po1KuCiEhcjKqc5ANfoV/wjl9/z1tP++j/AIUf8I5ff89bT/vo/wCFfUYDxMzzD4avhqeIlaskpNt81k3Kyd7q7bb73Z2U87rRhKCm/e+/ueIeMfgl8H/iFrmn+JvHPwx8C+LvEFoqpBeajpkM8yIpJVC7KSygkkKcgEkgcmvL9Y/ZV+Hni744+LfjF8QtI8KfEC01HRrLSrbSNW0WK5TT3hZiZlkkLAlgwGAi4A6mvr//AIRy+/562n/fR/wo/wCEcvv+etp/30f8K4ct4/zvBxcMPiZpcrgtXpFtNqN/h1S2sRRzetBWjNrS3yPivw7+x38KtA8b/FzV00Dwo3w78WadpljP4Tt9IS2s7drVi/mZRgr732tjYuCvU5r6I8Q+A/B3ixPDMfiTw5pWsx6NqFvq2lLPEGFheQ58qaP+665ODXpn/COX3/PW0/76P+FH/COX3/PW0/76P+FZ5xxznGPrRr4rESlOKSTvbaKj068sUm93bUVfNatRqU5ttf5WPENT+CPwf1rxrbfEfV/hj4F1Lx5DJHLHq8+lwvdCRAAkhkK5LrtXax+ZdowRgVval8O/BGr+M/D3xD1PwzpV9430mGW303U5I8z2UcisrrG3YMsjg/7xr1H/AIRy+/562n/fR/wo/wCEcvv+etp/30f8K8+pxLmU7c1eb5YuK956Ras4rXZrRraxjLHze83tbfp2MCit/wD4Ry+/562n/fR/wo/4Ry+/562n/fR/wrw+RmHtI9zAorf/AOEcvv8Anraf99H/AAo/4Ry+/wCetp/30f8ACjkYe0j3NPxF/wAeUX/XUfyNcbXfarZS31ukMDRqwcMxYnGMH/GsD/hHL7/nraf99H/CnKLuZUppLUwKK3/+Ecvv+etp/wB9H/Cj/hHL7/nraf8AfR/wpcjNfaR7mBRW/wD8I5ff89bT/vo/4Uf8I5ff89bT/vo/4UcjD2ke5gV8Xfts/sG/Ab9vP4fab4H+M+naxa6rpTzz+H9f0q58i/0KeUKJGiYgo6P5UW+J1ZW2KeGVWH3h/wAI5ff89bT/AL6P+FH/AAjl9/z1tP8Avo/4V2ZdjsRhK8cThpOM4u6a3RhiKdKrB06ivF7o/gr/AGw/+CWf7ZP7E0eseJ7Kzf8AaP8A2f7aRmi8Q6NC7ajplvn5W1CyAZ4sAkF0MkQwCWTOBU+CP7TP7Tfxr0q5+AX7Efw38beOvE+v+EdN8K+KY302F9Pt7aFI0SSZpWaCAK8akXUjRspB2lQ7Kf73/wDhHL7/AJ62n/fR/wAK43wb8GvBnw6t9Ztfh74K8CeBbTUdQm1XUYtG02KyS+vZTmW5mWJFEkzkAtI2WbuTX9Z8O/TEz/BZZPBVYRqVHa035NNNrumk011Px/NvBfK8Vi4103GKvdL7j8D/ANh//gh7ofwo8deE/wBoT9rz4h3Hxn+Omkala61oun6XczQ6P4evLeYTQyK2EkuGV0jcArHGCCNjjk/0B1v/APCOX3/PW0/76P8AhR/wjl9/z1tP++j/AIV/NPF3GeaZ7jHjc0qupUfV9PQ/UcnynCYCisPhIqMV2PGPG/wh+GXxI13wL4m8d+CdB8U6/wCGb3+0dAu7yHfJpNzvjfzYT/C26CE59UWu91HTbDWNPvtJ1axs9U0m6he2uba5iWSK4idSrxyI2QysCQVIwQSDXVf8I5ff89bT/vo/4Uf8I5ff89bT/vo/4V4s81xcoU4SqScafwq793W/u9tddOp1xwuHUpyUVefxab6W176HyFq37JHwWsfhV8aPht8KPh/4A+D15408O6loF5qmkaHCkkYubaSEO6psaRIzKXEW9VznG3JNeN3P/BOD9nCf9nk/BxPht8KYPHf/AAiK+H18bL4Ttft4vxaCH+0z/GZTIPOI83cSSN/8VfpD/wAI5ff89bT/AL6P+FH/AAjl9/z1tP8Avo/4V9tl/ixxJho2o4ua95TvdtuSVldvVpLSz08j57E8E5PWd6lCL91x20Sbu7Lp6rU+XPAn7M3wr8JaN4XGreE/DPinxpZ+CLTwHqGuzWASbVtMigjieGRSzYifywTGS2M4ycVs6F+zf8CvDUfw2i0P4WeD9Ni8HTXs/hZEtQV0GS6bdcNbA5CGRvmJH8XPXmvor/hHL7/nraf99H/Cj/hHL7/nraf99H/CvFxXHGc1pynPEzvL+80tU1snZaNr0bWx6FDh7LqcVGNKNl5Lunv6pP1R86ap+zf8Cda0Dxv4V1f4V+D9S8O+JNZbxDrtnNahotU1JmDG5mB+9ISoOfau2h+G/gO28fzfFW38K6RF8RZNJGhPq4ixctp4kEott3/PPeqtj1Feq/8ACOX3/PW0/wC+j/hR/wAI5ff89bT/AL6P+FcNXibMqkHTnXm4u+jk7a2T69Ulf0XY6aWVYKMueNOKat0XS9vzf3nj3jD4TfDjx/4h8DeLPGfg/RvEXiTwzdNe6Be3EZMukzs0ZaSFs/KSYYs+u0V8j/tW/sV6V8U/2afil8E/gPo/gL4a654n1221++nuFkhtrq7W4iklmmMSSOZGWEDO3rjpX6M/8I5ff89bT/vo/wCFH/COX3/PW0/76P8AhXrcM8f5vlOIoV8JWkvYyUoxbbinGXMvd2tza+pwZvwzl+OpVKVemv3iabsr2as9d9tD55+E/wACPhf8JbK8uvCfw78B+GPFOqW0Ca/faZp0cT6tMqYZpXChnBYu3PUuxIyxrG0f9mD4GeC9P8ex/C74WfDr4Ya74g0u50u71HSNFgglEUqkFfkCnyw21/LBVSVHTAI+n/8AhHL7/nraf99H/Cj/AIRy+/562n/fR/wrGrx1nM688Q8RPmqNOXvOztsmr6pdEy4cO5dGlGkqUbRvbRaX3t2v1Pze8Ef8E4f2cvDHwF074S618N/hP4t8axaFNpMvjK48I2gvprl43UXmG3OJFLhh+8J+UfMOte6/An9mnwR8F/C/wqtprXSfFXxD8L+E4PB0Xic2PkXE9ijbzGqb38tGfLbdx57mvqz/AIRy+/562n/fR/wo/wCEcvv+etp/30f8K9TOfFTiLMKVShi8VOUaknNpvq007dk09lp5aHJl/BmUYWcalCjGLiuVadFt6vTfc8ci+Enwxh1f4j66PAfheXVPGEMFt4okls0kGvxQxNDHHdKwKyosbum1hghiDnNUfhj8D/g98GIdWg+E3wx8EfDuO+dXvTpGmxWzXZXO3zGQAsF3NtBOF3HGMmvcf+Ecvv8Anraf99H/AAo/4Ry+/wCetp/30f8ACvmp8S5lKlKhKvPkla65nZ8qSjdX6JJLtZHrrKsEpqqqceZXs7K6vq7et9TyH4efCr4d/CbTdY0f4beD9E8GaXqGoy6vewWMWxbm8kVFed/V2EcYJ/2RXf1v/wDCOX3/AD1tP++j/hR/wjl9/wA9bT/vo/4V5uNx1fE1XWxEnOb3bd2/Vs7MPSo0YKnSSjFdErGBRW//AMI5ff8APW0/76P+FH/COX3/AD1tP++j/hXLyM39pHuYFFb/APwjl9/z1tP++j/hR/wjl9/z1tP++j/hRyMXtI9zT8O/8eUv/XU/yFcbXfaVZS2Nu8M7RsxcspUnGMD/AArA/wCEcvv+etp/30f8KbV0jOE1dmBRW/8A8I5ff89bT/vo/wCFH/COX3/PW0/76P8AhS5Ga+0j3MCit/8A4Ry+/wCetp/30f8ACj/hHL7/AJ62n/fR/wAKORh7SPcwKK3/APhHL7/nraf99H/Cj/hHL7/nraf99H/CjkYudH8+H7fn/BG3xd+0L8d9W/aJ/Zk+NWnfBTxt4jiit/GNnqAuDb35SNY1uoJIPmWTZGgaIgK7Lu3KSc/z+6x+x5/wUd0vVX/ZQuv2ePiD4r8UxXUmjWXi9o7qTT47d7guJI7w/wCjpD8zHcW4BNf6CP8Awjl9/wA9bT/vo/4Uf8I5ff8APW0/76P+FfvfBX0iuIskwv1OlPngo8sU/sryPzjP/DDKMwr/AFipC0202119T+dv9hv/AIIt+MvgJ8fPCXxv/aJ+Oej/ABgl8GOx8E2Gm2k8SxyNGyfaLppmOGUOdsK7gGw2/gCv6Ba3/wDhHL7/AJ62n/fR/wAKP+Ecvv8Anraf99H/AAr8s4u4xzLPcV9czKpz1LWv5H2WTZRhcBR9hhY8sdzzrxj4O8L/ABB8Maz4M8a6HYeJfCuoxeRfWN0m6K5jyDtcdxkCn+EPCHhrwF4Z0XwZ4N0ay8PeFtOgFtY2Nsu2K1iHREHZRngdq9C/4Ry+/wCetp/30f8ACj/hHL7/AJ62n/fR/wAK8RZhiPq/1Xnfsr83Ld2va17bXtpc7fq9D2vt+Vc9rXtrbtfsfPl3+zv8Br34iw/F27+Dnw1uPifHKtwmvNo0BvRMv3ZjLt3GVcACQ/OAAAeBXgfg39gv4HWHjf43+PPih4L+G3xn1jxf4quPEVvJrfhi3lk0WGREX7IkkpkLqGVm3DYCW+6Op+//APhHL7/nraf99H/Cj/hHL7/nraf99H/Cvq8u8Sc/wlOVKhippSio/E7qKaaSe6V0tFY8TF8KZVXnGdWjFtNvbS7Vm2urt3PgH4U/sIfB3wB4d+JngrxLoXhbx14H1n4i3XxC0bSG0kWtt4ZleFIYYIEV2B8lVcK6hBh8BRjn3TWf2cvgZ4g1H4iatrHww8KX2oeLoIbXxNI0BH9uRRFDGLgAgPtMaEEjPB9Tn6K/4Ry+/wCetp/30f8ACj/hHL7/AJ62n/fR/wAKnM/EbPsXXeJr4qfO+0muz2VlvFP1Se48HwrldCkqNOjHlXdJ9+/q16Ox4rafBv4Xaf4i8E+LbDwRoVn4i8N6X/Ymg3Uce1tKsNmz7PCAcLHt4xjoB6Cucsv2bPgNpvgzwz8PNP8AhT4NsfBOjawniDS9MitQkNnqSMzLdKB/y1BkbDHJ59hj6N/4Ry+/562n/fR/wo/4Ry+/562n/fR/wryVxZmuyxE+n2n0vbr05n977nY8mwP/AD6j9y8v8l9yPPPGHg/wv8QPDOteDPGmiaf4l8K6jEYL2wu03xXMeQdrjuMgflXF6V8Cvg/oPifwb400b4eeGtN8V+HtCi8M6JfxQYl03So1ZUtIj2iUO4C/7Rr3f/hHL7/nraf99H/Cj/hHL7/nraf99H/CufAcQY/DQ9lQqyjBttpNpO+juttVozXE5XhK0uerBOXdpX0218uh+WX7Dn/BPzw7+zt4JsV+MXhP4Q+Pvi3pviK81XR/EVnZfaJrC3kSLy0SaeFJFZHSVgBkKXLKQWNfZPij9nb4C+NfHFl8SvF/wb+Gnif4gW5jaLV7/Rbee6DRgCNjIyksybV2k5KYG3GBX0J/wjl9/wA9bT/vo/4Uf8I5ff8APW0/76P+FfU8SeKOfZpmNTM8RiJKrO6fK2kk90knonvbY8fKODcrwWEjg6VKLhHuk9e77vzPgmD9hn4Paz8e/j58cfir4Y8BfF+bxm+jGx07XPDsFyPDq2dkLZxFLKZN/nFUckKmNig7sA1D8O/2Efg34E8VfH+ebw54Q1f4Y+NtS0TVLTwlHokdrZ+H5rCFlBj2PtfdKzTAhI9pOPm+9X35/wAI5ff89bT/AL6P+FH/AAjl9/z1tP8Avo/4VtV8XOJZ0pUJYufJKEIWvZKNPl5LLo1yrVWb1u9WZU+B8njNVFQjzKUpX63nfmv3Tu9HoeV+I/hz4G8XeI/Bfi7xN4Y0vWvEvh2aa40O8nQmTTJZVCSPEc8FlUAn0FcfB+zr8Bbf4iy/FyH4N/DSL4nNKbhtdGjW4vfPPWbzduRKcnMn3zk88mvoT/hHL7/nraf99H/Cj/hHL7/nraf99H/CvlcPxNmdKPJSrzjGzjZSa91u7W+zbbt3Pbq5Rgpy5p04t3vst1pf1seSSfDD4fS/EaD4uSeEdEf4mRaZ/Y0etmEfaksd5fyA/wDc3MTj3rvK3/8AhHL7/nraf99H/Cj/AIRy+/562n/fR/wrzMVjMRX5fbTcuVWV3ey7LsvI7aNGjSv7NJXd3bq+5gUVv/8ACOX3/PW0/wC+j/hR/wAI5ff89bT/AL6P+FcvIzf2ke5gUVv/APCOX3/PW0/76P8AhR/wjl9/z1tP++j/AIUcjD2ke5Bo3+tvP+vd/wCYr+B/UPgd/wALa/4Kh/8ABTXWLb4jePvh1qem3ngy2SfQLv7PJcRTaHGzI7jkrmCM46ZAPYV/fnZaVcWX2qaZ4WUwsoCk5zx7e1fxDfCz/lJj/wAFW/8AsKeAv/TC1fsvgymsZV/w/qj43jDA0MVh/YYiCnCW6aun6pn4of8ABcj9lzSP2ddd/ZQ8SW3xB8d/EPWvFmm61c6hda9Os0yNBHp4QCQAMwxMV+YnAVQOlfhwX9BX9Nv/AAcr9f8Agn7/ANgTxJ/6BpVfzGk4BNf0fSPlcLhadGnGjRioxikkloklskuiLAYZBJAPXmhpVPUgVXDBulQSK5Pyjj2rVy0N3JkxYDIzzUE8K3MZUqM9qi2N6U9AykHIxUAnYw1aSym2HOzPFb0FwHVWBGKju7YXMXGPMxxWLBM9vJ5UoOM4rPZiOsW4C8HBHtUhnjII3YrIVdwBBGKXy2PTBrZSewGg6FuUbHelVplILYYDiqqGZMc7lqfLNjIAGM0nboBMZFbHGDQWA6moKUAnpSAkymc55pxkZeDnHrUew+oo+Zeo49KadgJw54OcinFwCMEYNVgMjK/kajcMe5Bq1UaAvYVjlTg1qaNpGp+IdX0vw7otjqOs67f3MVnZWVpA0095PIwWOKKNAWd2ZgqqoJJIAHNc4jSKeOR9a+7/APgl8I5/+Cl3/BOwsfnX46+Am/8ALgsq3jVuiZ32PN0/Y3/ap27h+zV+0Ic/9SXqX/xmue0P9mz48+JPFPiTwP4f+C/xg1vxto0Uc+r6PaeGb2a90qN1DI9zbrGZIVYMpBcAEEEda/0bf2x/+Clv7anwl/4OOf2L/wBgrwJ8X4tF/ZP8W6Po9zr/AIXPh3S5jfzTrqPmN9uktmu48/ZYcCOZQNp45NevfsSqP+Ilz/gtGwwW/wCFe/DoH/wSaTWUcU10FyI/zUPEv7K37R3gn4a6b8ZfGXwG+OPhH4P3sogtPFep+FL+10e6kJ2hI76SIQuxPGAxOeKX4P8A7Kn7R37Qqay3wA+BHxv+N66fj7c3hDwpf6wLLI3DzvssUnl8An5scc1/dR/wRc/bd/af/wCCpf8AwT0/4K9+Gv8Agot4k0n4mfBXR/CzWmkarN4esdMt9OhuNK1OW9tYfssMUYFmtrp1xGxBkhMqMHGEx5j/AMFDP2ofjp/wSf8A+CJH/BHy0/4J3eJ4PgbYeM9G0jXPE/iXSdJtLmTVr6fQ7fUJDK1xFIhN1PdTzsSu5lt1QERhkO8cX0tqRKB/B94u8GeNvAviHVvCfi7Rdf8ACviewna2vtN1O1ktbqzlXrHLDIA6MP7rAEV7NrH7Gn7ZWifDQfGfXv2W/wBpDR/g4YPtI8WXfgnU4tHMOM+Z9uaEQ7MEHduxjmv9JH9oz9mb9n79pD/gqb/wQr+P3x6+HXg22+NPi3wD4q17xLolzZoF13UdL0SwvrFLiJhlzZXF9dSqGyf3KKcrGVr+c3/gpv8A8Ftv+Cr3g/8A4KS/tvfs0+DfFt1L8JbbVvEPw7sPhnJ4Vt7y0vdA8iWBLkBIheGaWBvtwnWUMPMAz5I8uqjWc2lEJRsfyq3vwV+MeheENM+IfiD4afEfRPh5e+WbPXrvRbqHTrrzASnlXTIIn3AErhjnBxW5p3wO+LeqeCrr4kab8OviTqPw5tw5uNft9GuZNOgCNtcvdKhiXaTg5bg8Gv8ATQ+Dfg/4AfH7/ghX/wAE6v2G/wBoS+tNC0r45fDjTvA/hjVZnUDS/EkWmSahp8qBusqy2IZFB+ZkVMEORVP9ojw38Bfg/wD8EBv+Cg/7In7O09pq3gz4F+H774V6pqsJUDW/EFvZ6dfapdyIoASZrzVLkSpyBKkmDjACp4pbNdRNWP8AN++Ef7Hv7TXx/wBJ1fX/AIFfs/fHz40aHp8hhv73wp4R1DV4LFwoYrNJbROsbbSGwxHBBrkfDn7PvxX8ZeItf8I+Efh18S/FPi3SndNU0vTtEurm701kfy3FxBGheIq42EMBhuOvFf3p/wDBan9sD9of/gkX+zr/AMElPgp/wTY163+FPwru9HvJpP7N0W2vk8UPZxaWYIZjJE5k89r65ml2kPcPPuLFhmvNv+Djz9qL4x/8Exv27fgp+0r+w54/0j4E/Hf4ofDyfTPiG9voGlagdatbG9jNpNcR3lvMvmne8JmUB2S1Rd2EArop4hOytvsZypW1ufxSX/7Gf7TWmWd3qep/s+/HzT9Ot4mnnuJ/CGopHBGoLM7uYgFUAEkngAVraD+xH+1Z4n1Lwpofhv8AZv8A2jNe1jXozNodpY+DNSnm1iMIHL2qJCWmXaytlARgg9DX95H/AAc//wDBRf8AbE/Y/wDB37IPgH9nj4vj4eeFvib4V8UWnja3GgaXfHWYRFp8WwPd20rQfJfXIzCYz8+c5VcYv/BYb/goL+2f+wd+yH/wRbuP2M/GaeE/FHizwhFbanBH4cs9Vm10W+maEYLECeGSRY5HuXDJCUeQhOcquCNdtJqO/n2JcNd9j/Pw1r4C/GHw/wDEyf4R6n8OfiVafFSG4NrN4Ym0e6j1eGYJvMbWRTzg4TLbSuQOenNZXiPwR4m8Iapf+HPFmla/4Y8RWjCO807U7WS2urViAdskMgDIcEHBA4I9a/0Cf+C/XjfxL+zB/wAFa/8Agll+1b+zb8Cm+Of7XI8Pa9FL4J0u0uLq98RRwxtDaq0VojTysov9SwyqSVt8fdTj+L3/AIKL/HD4w/tCfty/tEfGP9oL4N6t+z58X9f1eK513wde2dzaz6DOtrDEIpIbpUmQlI0f51B+fPQiujC1OdrTRkVItHwrBb3dnKHScvH3Dc1uRPFMN6ALJ3FRTROmdhZlPaqHlSq4eE8jnFdcU4ehGjLrPE0mJEKPnqDWjGgZchsisYSpckJKDFMB1NaVszwYVypXs2a2p1LsU49SZ7PfgjKmoTazIckH/GtZJV9OvpTnlK/MBuWt+RGZRhZwuCMj3pJGVTwD+HaryTQPlSoU55oe2ik6MfqacXoBTR93HWpVIByajaBoWyPmWm+aM7cc0J9xWRcKkj7paipYGVlUbh9KK2jK4WRkBVX/AOvSNIo6fMfSocZOXJYdaf5se4KFya/CFSufrPNYQtI+QoIHuKbtP8RJ9qlLntxTQCegrSFOwm77EDRkk84WmvsjXaBl/WrGCcgZzUTxA5JzmtjAoKhkI42g+tTCJF6nP1oZdpxhh9aaWyeTk0CcrDZCmMKADUAjUksxB/nVnaM54BqSOHecgYHritUrIhxbIAqjkZx71YRV2jCj8qUoEOWJ61PGMlScKmOtZDjfqVp7bcpKrniiyhbB3DCj9as3F3EiFdwY44Aqqly4jJHygnr3qknYLK464IDtknAqsCS3AwO9OG6QkkgAdqsoFUcAMarkaFy31IgCcAjA9cUwwKSzEip5JgoO4/hVPzGkPG6nGD3CTRYWONem3PrTmKjgAZqIkKCSQB7moWuEHC4Y/WmoE87ILmZl+VDgnpUaO0SGSchQeRnqasPLDGu+XBbtntWWd95KXckRdhWqgznluV55nu3Klfl96RobYABQWPfjippFiztQkJ9etMYhOAQDWyiznk31GbYgMKmKhZIh1QE1L8r5yw9Tz1pAAOgrWFNmUpKxX8mFix8sAUwwxc4RatFGPckfSq0hYDCDJ9a05GS5pDfKiXnYKaYkkBZ8KnpSEOR3z64ppUhvmBb6mq9kyJVEyJ0hGQqAimMsXA2ItOPGfaq9bcjMZTHER9AoC+uKaQueFAFFR+Z7UcjMudEiqn8QGKZMwGVRF6fnSeZ7U5SHODwKOVi9oRxxKAS4JPpWffXIH7mNQD7VcvbtYUKR/ePFZ9nCrP5suWbrVQj1FKV9EWbK0EKeYw+Y81eGT8xP09qj3ljjbtWrCtjkYNaECLnjsasVApwRUu9fWgB1FMLgdOaTzB34oA/pw/4Nqf8AW/8ABQP/ALAXhv8A9B1Wv0I+Kv8Aykz/AOCUP/YW8e/+mEV+e3/BtR/rP+CgfGP+JF4b/wDQdVr9Cfir/wApM/8AglD/ANhbx7/6YRXmZz/udX/DL8mGH/ix9Uf22az/AK2z/wCvdP5msetjWf8AW2f/AF7p/M1j1/ElT4mfptP4UFFFFSWFFFFABRRRQAUUUUAFFFFABRRX52/8FNf2zPHf7EnwA8N+O/hb8NdP+KfxP8T+LbLwP4e0+8ujBbQ391bXU0c0wGGlQfYyvlhkLFx8wwc9OEwsq1RU47s5sbjKeHpSr1XaMVds+uPjZ8dfhB+zl4A1T4ofG74geHPhz4Hs8LJe6lOEEshztihT70srYOI0BY4OBwa+AP2Wv+Cy/wCxN+1b8Qbn4XeGfEni74YeMpZBHo9t43sodMXxJltoFjIs0iO5JXETlJG3DahwcfAcX/BM/wCNnxN8QeGP2mf+CnHjzVPjf4/mhjvNF8OQXKx+GdESVS3kR2oRd7LlMooQAq2/zhhz1n7Q/wCyV8AP2gNFs/Cvjvwbp0ctjYi00e60+OO2u9HiXp9ldV+VRkDYQY+B8tebxDxTlmUVVhMVCUpPeW1u3KnuvN2ufxN4hfTJwmS5vHBLDydJfE3o7d0nuj+ikEEZBJHaiv5cf2cv2j/25f2BvjT+z9+z18VfE1t+1J+yv448Y6T4K0PXtWnki1rwxLeTC2hiEzli8aEq/lN5q7ImVXiLBR/UdXdKNGdKOIw01OnPZ/o10aP6t4C4+y7iPARzHLZc0H8rMKK+TP2nP2prf9m3W/gho8/gmbxf/wAJp4iTw+ki6iLb+zmZ4lEpBjfzB++ztyv3evPCJ+1Pbn9sCT9k3/hB5hdL4e/t/wDt3+0BtK7QfK+z+XnOTjdv/DtXj1M3w8KjpSl7yaXXd7HXieNsso4l4SpUtUUowas/imrxW1tUfWlFFFeldH1HtV3Civjb4v8A7XMngr4h6n8GvhL8F/iL+0B8WbK0t7zUbHR/LtrDR1mBMK3t9KSsDOoDKNrArzkdK+u9MuL2603T7nUbE6XqMkEck9sZFkNtIVBaPevyttORkcHHFctDHUqspQg7uO//AA+x5GX8QYXFVqlGhLmdN2ejtfa17WbXVJ6F6iiiuq6PXckt2FFFFF0HtV3Ciivmj4v/ALTeg/BrxLP4T1z4ffFTX9WudMivNA/sbQ5r2LxFdtK8ZsIJYgyR3CFYmYSlBtlVsnBrDEYqnSjzVHZHn5lmuHwdP2uJlyx2ufS9FNRiyIzI0ZIBKtjK+xxxTq250eh7SNk77hRRRTug9qu4UUUUXQcy2uFFFFMParuFFFFJSQKabsgoooplBRRRQAUUUUAFFFFABRRRQAV2Vn/yLzf9cpf5tXG12Vn/AMi83/XKX+bVcNzOocbRRRUGgUUUUAFFFFABRRRQAUUUUAFFFFABRRX4Q/8ABT79o746X/7Rfwf/AGM/gh8ZLn4AaVqOgXfi/wAWeJtL8l9XuLWIsiWFkHzslYgOcAMQQeQpB0jGChOrVlywgrye9kvJas8LiTiLD5Vg547FfBBXdtWfrx8Qf2jf2e/hLrumeF/ip8d/g38NPE16oay07xB4nstPursEgAxQzyq7gkgcA8kV67Z3tpqNpbX+n3VtfWE0ayQ3ELh45UIyGVhwQR0Ir+X/AEf/AIJx+LPCA+J3j79tC00n9pXxR40W3j8OeNNbt1lvxpgsdkK7A26OZVERdkAwwJyS1fN2geIf2pf+CbXwm8CfF7Rf2o/EHxH0/wAMalYaRqngPUWzoV7pM04hWC1VyJFlUSK27grg8YUZ8ZcVZTLMP7LcpQq3io80WlNyWlla6XTU/Bss+ktllTNpZZiqUqbcoqLafvc3W3Q/saorI0DWbXxFoOja/ZkGzvbWK7iw4b5XUMBkZB69uK169apHkbUt0f0p7RcvP03CivzX8Hf8FFdN8X/sgfFH9rOP4T31jZ+GdaTR20M6yrveFns08wXHkgJ/x/A42H/V9eePuv4U+Oo/if8AC/4cfEuHTW0aLxDoOn64lm0olNqLm3SYRl8DcV8zbuwM4zgdK8zB5vh68lGlK7av8tj5jJeM8tzCcaeEqczlFTWjXuttJ6run5ne0UV5j8Y/i74M+BXw58R/FDx7cX0PhzTUj3paQGa4upZJFjihhjH3pHd0UcgDOWKqCw7a1aMIuc3ZI9/GY6jh6Uq1aSjGKu2+iXU9Oor54+Avxg+I/wAYD4s1Txf8AvGvwQ8L2/2X+xX8Q3MIvtX3+aZTJZp89t5YWDhydxkOD8pr6HqcNiY1YKpDZ/L8zDLM1o4yisRQvyva6af3Ozt27hRRRWvOjv8AaruFFFFUNSTCiuG+JnjK7+HvgLxT43svCfiHxzPpdo15/ZWkxh7y8RSCywoSNzhdzBepxgZJArjPg98ctA+N0/jC78HeHvGEHhDTZ7e2tNa1LTJrCHWpHj3yi3iuESbER2ozMgBY4BODXO8XTVRUm/eZ5tTOcNDExwkpfvJapd9/8v6ue2UUUVtzo9Fzje1woooqgjJPqFFFFK6Eqi7hRRRRdD50FFFFMcZJ6oKKKKBhRRRQAUUUUAFFFFABRRRQBsaN/rbz/r3f+Yr+Jn4Wf8pMf+Crf/YU8Bf+mFq/tm0b/W3n/Xu/8xX8TPws/wCUmP8AwVb/AOwp4C/9MLV+z+DP+91f8P6o+W4j+FH57f8AByv1/wCCfv8A2BPEn/oGlV/MSzAjAzX9Ov8AwcsjI/4J+gdf7E8Sf+g6VX8w9f0dTZ8nDckwCMg7TQrEnHWo6K1jKxSaehNuXOMjPSo5MAbgBt9qQY75pKbd+ovZjY5DuCnkGoL+0EyGRBiQD86sAbSSOKFmycMODWcldWCmY9ldFCYZT0Na6s6nK/MvWsu/tcHz4gc9TTrO7LAIThxUxdnZj5VsbMcykgMMGpd2c8LVFmyQWXBHp3qZWwfauiGwuTsTVIhGMd6jpy7SfmH40OKGo6D3IAx3NRhiOhxTzH6GlCDHPWpcdClGxGCQcinF8gjFO2D1NKY+MjIFOEeoNLqQ16d8C/jD4p/Z7+OHwd+P3ge10W98aeB/FWk+L9Ih1KF5bSa9sLyK6hS4jR0d4i8CBlV1JUkBgeR5my49xTCAeoqZQfQXIj9e/jN/wWz/AGsPjf8A8FGPg5/wU78WeBfgFY/HnwPbWNro+k6fpOoR6BLHbCcIJ7d717li32uXcVuF7Y24r+g3/ggH/wAFdfAfxk/4KZf8FFf23v8AgoD8Zv2Yf2Y/FXjzwN4eg23etx+H9IuZbBYLRIbCPULqSSSQW9nEzIJJHLFiAAQB/D5b2V7dNssba6u5f7scZc/kKj1PQdVshjUtI1Ow75lgdP5im8PNx5knY55VIKXK2r9j9+v2rv8Ag5B/4KJfte/s0a3+yrrx+BPwg+GOtQvaeJZfAPhmTS77xPbO26WC6kkuJkjjlOPMFukPmDcjZR3Rqv7FH/Bwn+2b+xv+z3oP7LGo/D79nL9qX4IaJdi88MaX8UPD02qSeGHVzJGlpLFcQ/ukd3dFkDtHu2xtGgCj+fGGeWxkAJLxZrpIJ0nVXRsH+dOnKLXK0W12P1F/aa/4K+/t2ftV/theBP23vGvxabwd8bfCMsLeCh4ZtvseneDo43LiGytpGl3RuzyeZ57TNMrlJC6YQfo/8Tv+DoT9un4s/Djxp4V8Q/Av9iWx+JHiDwvdeENT+Itn4IuV8SPp08DQyrHO940SOyu/HlmMbjiMcY/mlqZJMEA12QUdNDFxZ+rfx7/4K4/tOftC/sbfsofsR+JtF+FnhH4b/By7sL/wlrvh20v7TX2uLS2lt4JLm6e7kj3qszMGhiiIdVIIxg2fgj/wV0/ac+BX7Cf7S3/BP3w7oPwn8T/CX4ra1qGveJtc12yv7nxDHd3dvZwTtb3S3aQjcunQtmWGVtzyEk7hj8p0kGMdR/Kpkcc+neuqKguhB/Q7+yn/AMHJP7cH7M/wM+GnwA134c/szftM+EvA4tx4HvfiN4cuL/UfCy26hbZLe4guYcrAoCRsR5qKFUSBVVR+V/7bv7cn7Q//AAUI+PWt/tF/tL+K7XxN48ubSHTbSCzthbWOi6fEztFZWUAJ8uBGllbBLMzySOzM7sx+OgR15z7GnHzF5BrWFKKd0tQP1M/4KQ/8Fbv2k/8AgqOnwHX9ofwp8GfDDfDzTr7TdGbwjpl7Zm8S6+zebJd/abu43P8A6FDjy/LUZb5eRj+r/wDb+/4L0xfsYfsvf8Et1/YZ+Jf7Gf7R/jBfAgs/GujahPB4jk8L3VvpelR2xlWxu4rixuA73yYZ1LFGDKdvH+fyjBjhuKl+ZPcUPDRduyB+R+sWqf8ABYD9srxJ/wAFDPAf/BTDx7rXgf4j/H/wyxj0PT9W06QaDptl5FxCljFZ280UiWyLeXDALKHaR2kd3dnZvjb9sj9p34iftr/tI/FX9qj4paX4Q0X4h+L79NR1O00G2mg0+B0gjhVYI5pZZFXZCnDSMc55r5zjn4GDTt59BXWowWyt0OWUZIZE7SJhgVccUMWUg7STUkDxSMVJMbe9TOpQkMCR7Vs4XRMZ9zPmRLgDOUkHQioUuXibyJ1JH8J9a02thIuQBg+lVXtg6sjnn1xzWMoPoaEYmljO5HJWrMepEMqTKBn+IdKzA0lkwDYkiPc9qdPEko86BjtPYdqXM1sDSe5tyKHywxn1FSQzyIAu4kAd6yLW4ZF2Nkj3q2s5JGDn05reMupk4s1lLOQBx9KjlhY/MVYfSq0dwoIPINaaXCsMAqR3FbJp7ktWKUWVbgn60VM2NxIxRTSsIzNhc4Ukn0qYW5UAKBV1IkjGTjNDHPQAfhX4q2z9YVNLcoLCVbLHJFTqueAMCnlVH3iSaDMgH/16JRbYthCgAJzzVSZwoyMs3p6UklwzEKgP1oWEnluM1cI23IlK+iKDK7k9qckDVo7EXkqCfpRjJBICitHPsZqHvalJYiGG7GKuIcLhQBjvUcky52oN7etNLlFJbn2FHLfVjTtsDRhiWcljVGbk4ZmAHQCpWkZj1wvoKqyNu4Xqf1rZRZlOXQqEb3wpGBVpEJIUZJqWKJY1Lkbm6/SnxE5LMRzWwlHuSrCQoJ/Ko5GCYwcnHalaeNc5PIqm8pZiQBSt3HJpKyHE7uTzT2cJGWBHSqjSYG4nAqtJMCAq8+lUo3MudIieZ5pfmLlc9BU0hSBBI52nsB3qLdHbK0jjL9hWYzvcOXkbjNUoMwdS3qWDI9wxdydgPentOSPKTCp7VXJztVcbe2KkAA6Cr5Ec0qvQWo2haRs5wtTKpOOw9alAwAK3hAylK4xYlUAZJpdi9xmmvIAcA0KwGc5reMO5jKfYcx4ICk1WdgO2T9KtEr3I9Kgcp6VaViG7lfPBLce1QSMDk8DipHYYIHTr9Kqs2Tx0pmbmRscA+/FQ1K/QfWkyAoB5NBm3cjqs7c/KtTP0qIDPAoEIu5vvAc0s86W8eSyk+gNStthQsxwcVz8jSXc2MHaD0oAWNHupPMY8e/ateIJH8qAEgVDGnlAKAFqygAIAHFAEgUk5apKKkRe5/CgBAhPXimkEdanqJg2ST0oAZRRRQB/Tl/wbTff/AOCgWef+JF4b/wDQdVr9Cvir/wApM/8AglD/ANhbx7/6YRX56/8ABtN9/wD4KBf9gLw3/wCg6rX6GfFQE/8ABTL/AIJRHBwdV8e44/6gIrzM5/3Or/hl+TFQ/iR9Uf21az/rbP8A690/max62NZ/1tn/ANe6fzNY9fxJU+Jn6fT+FBRRRUlBRRRQAUUUUAFFFFABRRRQAV+F/wDwXyvm0v8AZz/ZY1BPL3wfHnw7MN6hlO3TdWPIPBHHQ1+6FfznftV/sqar+0dqv7QB/am/a6+Plh8Lfgj8S7z4q+PfDtlJpixz/Dy40LVr3w/d+HYhZ+dFex3UVzoOxnkNw1rdykPJ5RP2HBmRTx+InSpyUWovfzVv1Pl+M6Tq5dVw8d5ppPtc+fvgx/wUZ/ah+MXxD034HR/DX4o/tkapYQPd/wBi+ENIil1Pwzp7qc3E06iO2t4GMKqgupEV2AjjYswWvoRv2kvhzqng7wV8XvBGpXPjbS/E/h621rw/a3FgbYW1rOBIJblid5ZhtBiXGDFz1yfz5/4IH/Eb9o74Zf8ABTv4f/s1/EK9+MXwibWbPxBrXjXwFq4+zRXN7b6O62slwvlRy3HlR+Sql8xnYsqqHZmK/sPQ3fxK/Zp+EPhTQfgp8bfjRq3h34N+HAl34W1bw5p9rpGpXNvJJbQ3cer6jZPcRmNS5eBjs+UEMSVHz3iL4R1MVhKFfBqVTFTk4yb2tFdPLRJM/wA7vEnwQhjKeHxVGEqmLcnGV9rRXbtokrntXxS+J37R37bH7QP7M/if4b/s9fFD4123wd+JHhLWPF0/gnw+8lvo+nWk6XjwSTyyLDNftFKs4t42MxWZCUCvHn+nj4N/GX4f/HrwJYfEX4a6rf6joEtzdafPDfWE+n32l31tM8F1ZX1lcpHPaXcE0UkUtvMiSRujKygiv4if2IPj/wDFP9q74n/svfsy2/xz0f8AZO/YwtfjdZfGjTPGM2iXsXiDxD4iN1bJb6TfXkN8IRHcDUDDBI8QjRoLdWaUoQf67v2N9S1LxL4k/bg8aa/o1x4H8Tax8dvEMl/4SuJFe48J/ZrPT7CCG4aMtCZbq2sbXVW8l5I/+Jp8sknLH7jMuCKWX8P0a0pylWuubm7tK620tayP7K8FcjeWZfHDybcppSlzb81kmvRbHyh/wVj/ALe/tf8AY0/4RX+yf+Eo/wCE8X+zft+/7L9q3W/leds+fy9+3dt5xnHNeUfDnU/jbo3/AAU613WfjzD8L5fiNafDa7umTwn9qGnPCkIaMD7T+83nB3dumK/RP9rL9l3Wf2jtd+AGsaT4r0vw0ngzxNH4gnS5t3lN8ivE3lIVI2k+UeTnqOKqXP7KOpX37aGo/tP33ibSbjwxceFW8NSaIbd/OcNGFLmXO0A88Yz71/OeZ5JiamNlXgnbmg12slq/kfI8VeH+aYjPquPw8Zcrq0ZLVWajBpya8mfl3+yX8Uf2qvHXjr9nT4wWPij9pz4kW3iHxNqVp4/hvbeeXwnZWLzrFC1miqIYTH+8dinCFQPlAYHjfiD+0F8foNA+Mv7V1l8b/ihYa74d+Mw8Jaf4Yh1Ip4fOkpHIwhksANjsQqKZDkkAk5Y7q+/PhH/wTh8QfDnxv8H/AO3fjpN4t+D3w/1rUNe8LaIuhpbXgnuWV9t1dLIQ6o8aNkL8xBwEDALm+KP+CZeoeIvEXi/w3D8ahY/s86/46Xx9qfhv+w1a+W7+cPbRXvm8RMshUMUJUBeGKlm8z+xcz9io2le/83Wy132vf8z4+PAvFawMaajU5+Z3/eL4uSKU/i+Hmv1b62Pmv49eLvi/4N/aX/4KO+Lvhb8WNb+Gk3hzQ/CviCSCxsLWf+17lbGyijSd543IiRJbj5FwGaRS2QgU+kePv2qfFuiftS/sJeP/ABHr3xDt/AXiD4XjxF4g8PeH1u7u3uri4sLp/MOnwk+d5btG24qSqx7s4WvoH9ob9gXxT8Wfid8WPHHw/wDjXF8OtG+IOjWGi+MtPutDW/aaO1MQSW1k81PLJS3iQqR3c7juATW+Jf7F/j+T4xfs/fFX4F/ETwl4If4e+Ef+ET0uDXdMlv8AfF5M9uJGEbxhmEU/HbcASMcHpllWYwlNwTtzJ77+9fRX7b7Hq1ODuJ8PVrzoRly+1jNe8mpfvnNtLmWnK1daXPMvi3+0bZ/Ev9o//gnh4h+CXxR1+8+FviXU9divodPvLi0t9T8oW6+Vd2x2FmRt42SrkZJAwcn84viF+0x8V/AnwR+I/wAKPFHxg+M3hv4/23xpa5hiutR1KO7TQPszRhI7onb9nMq5EQfByGCkEGv0/wDAX/BOeX4ca1+yfqej/E2HWB8P9X1nWtYlu9PMT65cXxhJMKK5WFVEIG0lvXPJr6C/bY/Zm1j9qv4VeH/h3ofinTPCN1Z+I7TXGubuB5kdIoZ0MYVSDkmYc+xrbE5RmNeFStL3Z9ujvGKdtdNTuzTgrifH4fE42o3TxF01BO6lzU4KSXve7aSdtX13Pzn/AGk/2lfFnwp/ay/bM8N3vjP4rjQZvhJNa+HbLSprue20XV5bG3aO8WONttoVbexuAF2ls55rmNZ+P3xK8K/Dj/glL4v1T4hfFjUrfU77UZ/EyWV9eXd34iiiurQCOeJGL3h2s6qjBvvEAc19/eNP2Mtf8WfG/wDah+K8fjbRrSw8f/DS68B2tm1q7SadNLbQQi4kbOGUGFjtHPI5rzXX/wBgn4lf8IP+xjo/g34n+CtO8W/CSW9uku9Q0qea11OeWaCSM+UkisFUwHI3ZOeorlq5VmSlUkr6vT/wNPv2ueZjeD+KVVxNWCk023BX/wCn0Jfza+6n200ON/as/ap0b4k6B+yr4s/Z++J/iqx0m4+Lmn+H9cjspbvTJwwwZbO8gby3Iw65RwVOe4r57/ab/aj+Jfw7+JH/AAUB+GfhDxn4uufG2qXOgW3hq1j1OXPh/TodIuLzVLu0QtiELDDhjHtO6VG6qK+qJP8Agm/4gl07wre33xd03WvHLfFgfFLxLqDaQ1vBezFgz21tbrI3ljO8hixzu6AYA7/xF+wPB4j+Mn7W/wAY73xZpk+tfEDwjceF9AjezYjQDcaetrNPJ83zsTGmCuDsaQfxVrisuzSveTVpNrr05Wn1/pnRnXDXF+P5qri4VJyjezVlH2c4uyu7PVdXaXofVP7L+qanrn7NH7PWta1qV/rGs3ngfQrq7u7qZpZrqZ7CFnkkkYlndmJJYkkkkmv57fCPjH4xy/DjwH8aZ/2iP2hrrxBc/HuHwRPp8njC8bTm0wRJcFTAWyWLMVOW27eNvev6Pfg54Gufhh8IvhZ8M7zUIdWuvD3hzTdDluo0KJcvbW0cJkVSSQGMZIBORmvza0P/AIJt+LNK+EHhX4azfE/w9Je6f8XU+Jb3K6fLsltxbpEbUKWyHymd/TB6V6WdZZiqsKKgm3GOuvXT/gn1fH/Ceb4vD4GGGjJypwfNaVve9y19ddmeB/tGeJ/i5r37QH/BQzS9L+PXxs8C6H4J8H6X4h0PT9C8QS2ltFcCxtHZdo5RGLyFhGU3FyTnjHOfEj48/Gz4teJP2SfhzN8RfjxoVprHwcg8WXp+HfnR6rq2tyJcxLLMbdS5g3WsbsuNo3PjBIrsvGXwT+IXx3/bo/b0+G/gj4jW/wAMYdY8OaFaajcXOji+j1CxaysRLEmWQxv0+dSeNykZYOn1V8RP+CfutTT/AAY1/wCCHxjPw58ZeE/Ah+Hc13qGjJfxarphhkjMpjLqIp8z3D8bgS6/dC/N4EcDjqzqSpJ8vM7672m9teiPzSlw7xBjpYqrhIzdP2kk/ftzWrPSKcltHvb5nGeOfin8d/Cn/BKrWfHfxXv/ABl4G+OsOk/2dc3UplsNTilOrC0glYrtkWV4TE5cYLbi3c1yf7NWr/ETwlr3/BSDwPqvxO+KXidPCfh7SDpMuua/dX1xpk76XfSyvDJK5MbGRQcrg/In90VH8T/2PfibZQfsZ/skeAPF+u3Hwn0SLVdd1vXdQ8OvfabNqsMn2mBryJZEAVpbify7d5tuCARJs52fDH7Of7RPw7/aW+Jmi6t48/4WF4c+LnhLUG8Ua/aeEWsrHT7+2tJLa0R3Ekqxk/anfaGQvjABxXZUhi/b05OErQSi9eri/PXVrXyPocRQzl5jh6kqNTloxhSk+ZP3nTkm3qr+9ON3a2jZ+fHin9vL4uD9hPw18LE8beOLX48wawr6rrkWpSnUl8PYgure6ku0fehke/s7cMWDMsbq3JavpL9qT4o/Hfx9+1Z8cvhb4E8b/tGaVJ4R8GWN54V0r4fm4CXWqS29pceZqawAl4WNw8ZL8fcAIGc/UfiH/gml4d1b9nu/+H9j4j06x+MV34M0fwXceIWtibRraz1SK+MggHz738lIyxY8RxjA2nO98fP2B/FnxK+Jnj74h/DH42W/w0fxp4Zt/Cvi+3utBXUPtVtGIl823YyoY3MdvChX2Yhxu+Xmnkua+ztNuXw7PWy5tN99mzya3AfGH1dxrylU0paRkk+WKqLlu2tU3Ft/PWx82/tV2nxfu9E/YZ8ea/8AF39oP4Y+PvHGqeG/CvjDRtK8QT6VbWsksafapI7SMKIbgyPJknIGANvFfs54Q8OJ4P8ACvhzwpHrXiHxGmm2UNiNQ1a6Nze3gjQL5txMQDJK2Ms+OSSa+Pvip+x0/jHwl+yP4J8L+MI9J0f4X69o2p+bfQGabVLeyRE25UqFlcR5LdMnpX3JX2mS5dUpVqk6ieqjbW/TX8T924D4YxODx+Jr4mL95U7Nu93y+9/5N5BRRRX0h+qBRRRQAUUUUAFFFFABRRRQAV2Vn/yLzf8AXKX+bVxtdlZ/8i83/XKX+bVcNzOocbRRRUGgUUUUAFFFFABRRRQAUUUUAFFFFABX8O0njjwP4V/ae/a3+L/7S3iiw0T9orSfiTqEem3mveejWtgh8q2W1VvkAwioilSX+ULnNf1Oft1TeMdI0j4C+J4Pi/8AFD4QfBWH4gabpHxIvfB89pbalDpGoh7C2vEubi3n8uK21G60yWYKuPs32lm/1YI/mM/4KQ/syftFfCL9pDwN8UvEnjT4qftMfH34b2mmap8YPih4S0rT7W00HXDqy6h4YWwsrexza3NnYaXZXFw8qyo/9o22SofYftMFwTLMcoquVVwpyaUuX49Gvdt1vfa/Y/FfGnJJ5pl31OEpRs03y7uPVI8z/bU/ak/bz1L4gfDWL4oL+018PdLPhyXWvhqt/oxt73xRC00QMt1bS+XLDaCRwQblBJtKgDggfRVte/CX42+AbbQ/2otTjXxI2lWjaZ4YtdMvNZvvGHih9kcem6ZZWYMs91O0kiIEIw+0n5ASG/t3fGjxx438Df8ABGjx3408Rax49+M/jn9mjw2rz3d2v9oeK9Z1G80+IQmSV44jLPcXcRaSVkReWZlAJr54XxP+2b+zF+1H+y/ro+Afg34F/tF6TrV14n0G58banpmt+FUsXsbzSZ7m9GnaliDy01Msu64iYyrCVVzweXiLwxhVzvD0KdB/V6LXNV+224r4paN2022P5qznw8dfPMPRp0JOjS5VKprzO6W7vfTy2P6D/wDgkz4z+KnwQ+CXw5/ZK/a+8A/Gz4K/GibUNZk8EWPjbS5RFrejRn7QttZ6kjS20lxBE0jGzaVbhIo2YR+XGzL+zlfznfsVLr2o/s6f8E6L/wAVfE3UPidrPxF/aHf4oeM/EFxBLbR/DHxb/wAIBK0nhBra7ma9jvrwpc3bzyRxwSfbboBma7tvtH9GNel4kZJSweM5aLbU43177b9T+28ijL6l7HflXKu7sup/JX8Mj+0N/wAO1/j6vhtPhAf2ej4oi/txrz7Z/wAJALzzdMx9l2H7P5W77Jnf82PN/wBmvs/x98TPiHd/8O8v2f8AQvGvxz8HeBtQ+Dum63fr8OWlTWr66/st1hAMQLtEjWqFlAI2tISM4ZfrDwN/wTv8U+Ef2I/i7+yfP8SvD97rXiXXk1eHWFsZFgtUWSxfY0RbcT/oLDIOPnHoa7Dxl+wr4zurX9mXxV8NfjBp3gP4v/DzwXF4KbUrjRRfWeqWwsvszMIWdTGw8y4Zc7vvjONua/mWhw3jqcFyp/DFPXtK7S+R/JmB8LuIMNh4+yhO/s6akuZX0qtyhHVfZ1te3mfInib4s/tT33wf/YG+DfxO8VfFP4T+OvGfjO50DxVqcJfTddnsILyGKEibAdHaG5UmTBLsgZt2WB8e+Ifxj+KFr+yN+0Z4Z8R+OPEHxB1D4a/Gqz03QdX16X7VezW0F2zRJdSkAzkPAXy3PzkZ2hQv6HX/APwTrj0z4L/s6+BvAnxXuNK+Jfw112XxFpPiO+0oTw391LP58qzWgkG2MukIUB2KrGAdxJNEH/BOXTtS/Z0+NPwg8ZfE+fWviB458SN4u1PxNDpQhjtdR81ZFEVp5hBiBEgILgsJXI2/KF66uR5jJtWesbb/AN1K3rc9jGcA8UVZzhyys6Vruaf/AC7S5Hrq+e7va3W55BL8Wfjb4QvP+CknwM8S/F/xZ4/k8G+Ao9d0DxDPHDZahZXM+k+fIY3tVj2ASTIUxynljB5Jrrf2cP2w/B3iX9l7Q/hhrvj/AMcQftCt8PNR1G3l1q2vobnWHitZ5GuLS+mUC4ZAhbcrk4jYrkISPVPDf7FPjRtF/aw134k/FjSPGvxi+KPh1fD1xqltov2Kz0yKOxa1iKwLIxckeWznI/1YwOpPnPgP/gnx8R7M/DP/AIWT8ZfC+uWHgXwlrHhnwnp+k6FJbJvvrWS3e4vJ5JXaTAlzsVVBKqRjDB+mGDzOnKLhFtNNau9k5eu6W2562FybizC1ac6FOUoyjONpST5YyqXV3zbqGz97sfHPhz41/GHw/wDAb/gmX8Z/FPxI+Lc3w/j8T+IU8f6yNRvrpLm3GsBYF1EozNOgihuFVXDfKjADtVA/H/4ma/8Asbft+/ELQPi/8SLma0+JNqvhzU11m8juNP0+XUYNsds7MJIIzG+PLXbwSCO1fs/+yV8D9R/Zv/Z98AfBbVdfsvE9/o327ffW8LRRz+fez3IwjEkYE4XryVJr4/1P/gnp4mvvgp+1h8KE+JWhR3fxF8Zp4ps7w2EmzTYxex3HkypuyzYjK7gcZNKpkWOjTjKLbbhqu0uVLe/cxxnh3xDTw1KpRnKUp0WpRvrGaoqC15tbtdt9bnmHwO/aH8R/Fb9s3xNaaP4t+KkHgq2+CzS/2Vq5vbOIanFNbo92trNgFyS2JwuTk85yK3v+Ccv7YnhK7+EXwr+Gfxl+IXju++LOu6nqMOl3/iK3vp4tZf7S+yCHUZlaOR1G1du/glU+8QtfUXh79k/WtI/aRv8A46XPjDS306f4aReA/wCz47VzIsytCTcbyQCn7pvlxnkc185/Bv8A4J0fEPwhB8A/CvxE+M/hjWvhp8PPEz+L9L03SNCkhu9R1HzfNQ3F1JKwWNXx8qp8y5U8kOtYfB5pRnGcVd3lftZuPn2ub5dkfFmCxFKtTg5yvUTu1a0nTs7c2mik1vbtqfJHgH4z/Fu5/YkTxdqPxW+I1x4jX4/2mlNqc2u3TXIsMW5NsZi+7yOWPl528nivp39iz9oP4gfHv9tP47+J9U1zxInwr1Dwz9v8I6PcXUotoNOjv1tYblbVjtilmEEkrHGT5p5IIq/J/wAE1fFNx+yd4j/ZtuPihoEd9qHj8+MDqi2EhjjgMKRmDyy2S+UJznHIr60+F37LMHwq/aE1n4qeHdT0218CnwNpvgrTdGSJvOtI7Qx7XaToQVjx65570svynMFXpSqXUY2vr6/kZ8M8HcSwzDB1cSpKlT5OZc17u079dldX73XY+b/27ZfGHiD9pT9if4UaJ8Uvip8NPDPie71u11Z/C2uzabPcKiWrISyHaxUlsFlbAZsda+A4fjN8atD/AOCdHxv8S23xn+LFx4x0v4yvolnrlx4hun1GOyW3tMQ/ad+8ISzMUBC5Zjjmv2Y+N37OGrfFb49fsyfGOw8TadpFl4CvNQubqxmt2Z9RW4WFQI3BwpXym6g5yK/L39rD9mXXP2af2A/ix4N1DxFZ+Mr3XPilF4nieztXj8mOdIkERUklmX7OxJHHzD0qM+wGJjWrYlJ8tn16csbfjc5vEbhzN6ONx2ZwUlS5Z2al09nBKyv/ADKXzOpvvjN8Y/2evjR+3d4B0r4t/EP4g6Xovwzj8XaLP4ovl1CbS9SaK1HmQgqIkQPfSP5SIsfyICpC1sfsH+Iv2i5PjF8LdTv9b/ad+IPwc8UeAEv/ABBqPjZLm406z11t027TppF2pblVjRMHDeY3LfLt+lvCf7B+oaz4n/aO8e/Gv4r/APCwfEXxC8Lr4RSbT9HXTxpVgIo0EuwSOrz5gtm4AUNExIYSYXj/AAD+xd8VPgdNqXxf1n4xt8U/GXgr4a33hLwDY6b4cFq0CRxStbvJH5kvnzZdkCbTu3DJbGKnD5bj4VYVpKXIm3a+yvfXXqiMr4X4io4uhjKkJ+xhKUlHnV4x5+bXV3vHSyv20Pi39rj4jfFA/Gz9pLxp4S+M3xf8P6F4f+IPgnwvpdjpXiW7ttOjE2nTG+jNvG4Qt5trGTjHLPnO6vqn9pf9pfxN8BP+Cifwh/tbxRr9p8DpvANuPE9n9pkOn2K3Go3lumoSQ58tWSb7Eplxu2ZXODXgsH7B37RfiL9ku51nVfi2Ytfv5ZPipqPhq58EO2taj4j+zvMILm5a481pmZvK2+UPmP3N2c/Y1p+ydqX7TN14S+L/AO0FPNaDxJ8EdO8GeI9C+wNZ39nqrXseovcqHBWF45RgRsmVdeRgYrHD4bHTc+ROMpNSV9t2+/mkcGXZRxHXnW9hTnTq1ZQqx5muX4pyadm9Peimt7LY/PfSv2wPj/P+zh+3X8XV8X+LND8R3viHQZPDsVxemf8A4RrTNRLSRpZqxZIc20kYBQAgkPw4BH1R+y94R+OXjTxZ8bfg74t8bftj2nwG1bw9pWoaF4t8S3VzZ63aahG1u1wlnfSplEkZpRsA5jXgZ3MfafEP/BPrS/F3h39rHwXqPi2y8PeGviDfaPeaJ/Z9kXbw39gQLErIzKJV+RAUBX5SwDA4Yeifs0/soeL/AIR/Ev4gfGj4rfFWD4pfEnXNLsdDElnpK6fa2lnbRxoP3Ydt8jiCElvlA2nru46cHkuYKvD213FXu7+cr39br+kevkXAvEax9D69zzppSTfOkviq3ur395ONkl21Vj5x/wCCUVl4w8X/AA48XfGDx18YvjR4/wBeOs33hxbDXfEc19p8MEX2eRZkhlyVnyWXeGxtYjFfrZXyN+xd+zZq37LHwn1f4c6z4o07xbd3PiC71kXNrbtCipMkShCrEnI8o8+4r65r7Lh/CTo4SFOorS6n7r4a5PXwGS0MPik1US967u7+uoUUUV7R92FFFFABRRRQAUUUUAFFFFAGxo3+tvP+vd/5iv4mfhZ/ykx/4Kt/9hTwF/6YWr+2bRv9bef9e7/zFfxMfC4f8bMv+CrWQf8AkKeAv/TC1fs/gz/vdX/D+qPluI/hR+e//Byv1/4J+/8AYE8Sf+gaVX8xJjPYiv6dv+Dlfr/wT9/7AniT/wBA0qv5jq/o6Gx8pBPoQEEdRSVYpfK46CrKV+pWpu7nB4/rU5jA4OaNg9TQKS6kVQEEHmpyMcGonByT2oBq6JYyHUo3NYd7ZtbSedFkJ1+laqnaQR2q4FS5jKMBUyjcUWmjMtLlZ0CsfnFWMspxWPc28ljNuUHZWhDKJkDA5J606cujKvfQ0Y3DDFS1QBI6GrMchOCSK1hLoUi8ByB+FWBECMgCq8ZBIPB7GriHqKtW6AReWP7ppdu3jGBUxKgjOM1JlSACB9RQlYCkUHbitrwz4P8AEvjbXtO8MeENC1TxH4hu5BFa2VlA0ss7k4Cqi5JNZwjVjxxmv0I/4Jbvp9p+3L8ArjVGkFmmtQs5VdxGMnIHrXZl+CniK8aFPVydl6s8rOs1p4HCVcZWdoU4uT9Ers/Sn9hT9lb40fs4+GfFMvxi/ZRv9e8R6g0UlhFdWCyXdsi/M5wEkaHggkOisccHGc/Qv7RvwV+JX7Qfwx8ReGPB/wCyPe6X4kMPl21zdwJbyB2IACNJHDk8HjJ69uK/r/8AjX43+HHxM8GeF9Q1iDQtG+wpGwuBD5b3ZkRV3THH3uM59SfWvlI3Xwc0Rxetr+kvMARuUBzj6Yr+suE559h8meU08DCV048zeuu/Tz07H+dHG/jBwTDiGGc4jF1VVVpKKhK2m3XbTU/zNvjd+zx8Yf2f/ELeGPjD8PPEvgPVWJ8qPULVohKM9UY8MPcE14VDJLZSdzGTX9Rn/BxbrXhzxHrnwJ1Lw7qmpahbraXcBWdMCPDp9w9cV/MA6LIpVgCP5V/LXFfD9bLcZLCV1acd12vqf3l4fccYPiLKaWb4C/sqi0urPR2enqjrvDelax4v1jRvDvhjStS8QeI9RuorGwsLKBpri+uJHCRwxRICzyMzKqqoJJIA619D/tF/scftW/siy+EIf2n/ANnr4tfAWbX0uZNEXxRos1h/aqweWJ/I8wDf5fnw7gPu+YmfvCv6Gf8Ag21/bU/4JR/s/wDjD4KfA79on9j3xZ8Rv27/ABd8XrHSvA3xHTw7p2qWOgG/ksrTTwZbq8SWzeK5Mj+bBbu6+ZvDEjA/R3/g90IA/wCCZI6c/EX/AN1yvAjVd7H2i10P4U/DGgeI/GXiDRfCfhHQNb8VeKtRuY7PTtM020kubq/uHbakUMMYLyOxIAVQSSeK/TzW/wDgij/wVh8M+Bbn4ja1+wP+0ZbeGIYDdTCPRDNeQxAZLPYxlrlcDkgx5GDnGDX9Af8AwZj/ALLHgTx38bv2r/2ufFmiWuq+LfAenaT4a8IzTRBxp8+preG9uI8/cmEFpDAHHPl3U65AY5/SX9ln/gvn+038YP8Ag4K+Jv8AwT98Xaf4DT9lOTxj4s+HOg2cGnKt7p13o8V55eofaw2+VrmTTXDRtlFW4XaqlMnf6007IiUdT/ObmhntZpra4hlt543KPG6lWjYHBBB5BByMV+inwD/4JO/8FJf2nPAlh8Tvgh+xp8cfG/w7u4/OsNa/sk2dnqcX/PS0muTGtynUb4iy5BGcgiv6cf8Agq7/AMEyPhJ8RP8Ag5a/Yw+HNr4XsbP4Z/G+LT/HPjXTYYzHDqd1YzX0mqptXAX7TbaVE0jKQxkuZXPzNub9IP8Ag4q/4LN/tIf8EsvH/wCyV8D/ANkDTvhv4ak1DSbjxJrn9qaMl3bzabBOlta6dBCCoghPlXW8ph9oiEbR7W3brFy0UOpHLbU/zsvjL8DfjN+zp4+1X4W/Hn4W+Pfg98RrEK1zoviTS5rC7SNs7ZBHKqlonwSsi5RxypI5r0r9mn9jf9q39sPXtV8N/svfAD4ofG7VbBFfUDoOlyTwacrZ2m5uMCKDdg7fMZd2DjOK/vb/AODoD4SfDb9rT/gkf8Ff2+dF8LWuleNfD0/hrxJp2oPGrXaaBrcccclhJKo+ZPOvLGXngNCduN7Z998GeI4v+CKX/Bth4a+N3wF8LeHI/i9H4A8OeLbp9Qt/MS98VeIZ7CKa6uQCDP8AZzqCqgY8xWUScKMVUcc+VWWrFy62P89f9qD/AIJ8/ttfsXW2k6j+1D+zL8Wfg3od9L9ns9U1PTSdOuZsE+Sl5EXgMuFJ8vfuwM4xzXx8s24YLV/qK/8ABIf9pnXf+C8P/BJ349eAf239H8KeJ/EE+t6t8N/EN5Zaalul/EbO1u7TUkt1wkVzC14hVo9uJLRHUKea/wAvPXtFvvDeua14e1OMw6lYXc1lcJz8ksblGHODwVPUCunD4hzbjLdEyiQjaSCc+oINXVkYoBvB+tZKENjJ+tWULKeuRXVGo0YSj3NeF8AhuvtTpAhJBAHqazo5GXJGAP5VZeZWHzcN2reNRNEclncoXCg5UgMnpWYwe1bzYGLxenpW4+1h6ms+SIJude/UdjWM77oY2KSO4GUISQdRUoYqQG4PrWS6puEkMhjk/umr0F0s67ZcLIBwTShUfUC2HIHBBFPWWRTkMc1VYFCRnj2709W3ZBxW0XYDRjumY4Y/rRVGit1Jk8iNRrkfeYkL2qB7p24UHFVsh2Gc04sB1r8k5EfpUqjQjSyEAE4704yADLNx35qBmY9WAFRGVCcfeNUo9EZuoXUnBI2KMd81ZNwoGSDmsoOPTFIXJ6cCm6VxKqXDdEsSoGaa7yMPnbj0qmrY6YNRy3cUfVxn0oVMTqW3NFZEReAc461Tmutx2gis571pBhAQPeolDOwycd60jDuRKt2L3mE8g8U6M/NnkmqpdUbavJ9afvAAJq1HoiIz7lySfcMccdhVYTOSSDharmcA44qNpl9c1ah3FKtqTFmbqc1A0hx1woqJ5fcVWaQk8cmtTCVXUnklYg4+YjpTDKsCtJISXx69KjkkWBC7nLfoKyJJjPIC2XUHgVUY3Mp1GXwz3LeZJwvWhm7IOB096qidz8pAUDsDUwY44PFVCPUzdQtR4AyxGakBB6GqaE55P/16sB8DAFXCnqYOppoWgwAGTk1A8rHgHioixPU0ldCVjGVQXJznPNGT6mmN0649OaRSAMk9eaZnzsmLkj0qszZ+lDuPXAquzZ+lAc7Bmzx0FNoooGo9WFROOc5/+tUhIAyTgVTknGTtHNBArBiQvHrT1CxAyNnAHWoF3cM2AOtZ17dlh5UZ9qSdwI7u6e5k8qM8ZxxVqGFIUByGf+VQWsPljewBc1b5Y+ppiTvqOXJbJ5HqatqAo9PWoFGAB3q0gJPP6UDHKueT0qWnKhPoBRsb0oAbTtjelSBQPc06gCqUUjGKTYPU1IQASBUbtjgdaAP6IP8Ag3C8fWWkfHD9qn4TSyxpq3ifwXbX9kjOAZ2s5JUZVHc/6cDgdgT2r9aP2p7yD4YfG39iL9qnU0YeGfh544ubPX5CpK2Gm6vatYSXT+iRM0TMewJPav45f2Wvj74u/ZY/aO+FPx78FQ3N9rGhakry2UTYOpWsgMU1uf8Afjd16dSD2Ff3p+GfFHws/a9+COl/Gz4ZHSvHPwu8T2bLqemSRrI9i7LiW3uoMttYZwyHoTkZBBrmxeHValKk9pJr7yFLllzI/qC07xFYeLND8OeI9LmSewu7CKeMq6tlWBI5BI7irFfzL/s8/tGfte/sX6EPh98KR4K+PPwhhUx6To/iy/ntL/Qo9xYRpeoHE0S52qHTeBwWOBj6T/4ewftxjOf2TvgUfp43uP8A5Gr+Zcf4XZnGtJUoqUb6O6PtKWfUeRX3P3Vor8LB/wAFYf238c/sm/A7P/Y8T/8AyNSj/grF+26Ov7JPwTP/AHPU3/yLXD/xDPN/+ff4r/M1/t2h3P3Sor8MP+Hsf7bAzn9kb4LH6ePJv/kSnD/grH+2r3/ZF+DZ/wC59l/+RKP+IZ5v/wA+/wAV/mH9u0O5+5tFfhn/AMPZP20+/wCyH8Hsf9j9J/8AIlL/AMPZf20f+jQvhB/4X8n/AMh0f8Qzzf8A59/iv8w/t2h3P3Lor8Nf+Hs37aA/5s++ELf91Ak/+Q6X/h7R+2f3/Y8+EP8A4cGT/wCQ6P8AiGeb/wDPv8V/mH9u0O5+5NFfhuP+CtH7Z3f9jv4RH/uoUn/yHR/w9p/bN/6M4+Ef/hw5P/kOl/xDLNv+ff4r/MP7dodz9yK/Fe9T9sWy8aftF+EfFv7CPjz4y/BD4leLvF9n8Y2i1/wql14u8ENp/wDYnhvTvCRuNWiZfLtV/tK7F+LEpPPdJF5rS7qwf+Htf7Zf/Rm3wj/8OHJ/8h0f8Pa/2ywAf+GNfhK3t/wsR/8A5Dr6PhvhnPcrqyq0KKcmravpdeaOLG5hha8VGTPW/COn/tR+BV/4JuftJ/FD9ln4l/G745+AtP8AEGheOLDQdQ8ML4leK40ySzgu55rvVILEtO0NtcTwwXkqxySkIZQgavh3/gn1/wAG7v7N3wk8DfCfx7+2VoFh+0L8arbw9pYuvDmt2VtLofhq6FrE09n5atKL/wAqfz18138mRcYhHJb6I/4e2ftldP8AhjL4TEf9lFf/AOQqB/wVt/bJ7/sY/Cb/AMOM/wD8hV21Mq4jeHWGp01BJt3Vr69E7uy9Djn/AGfOqq1T3mtrk/xO/Yx0Pwn4iHgvXv2Nvjh8YPhro/xetvi78O/EPwP1bwjo+p2MRtGiuPCmvQa9dWeNK82W8KGzdv3E8KKbV7fdJ+kX7MXw/wDiJ4bsvjL8T/i9peh+G/it8TPHN7491vRNNvDdweH1e1tLCysPtOFE80NhpmnxyyoqxvMspQFSrH82P+Ht37Y4/wCbLvhQf+6jv/8AIVH/AA9v/bGHJ/Yt+FGP+yjv/wDIVTmuUcR43BwwVakuWNtdLu219Tow+KwdOq6sXqz9w6K/D3/h7f8Ati/9GWfCn/w5D/8AyFR/w9v/AGxf+jLPhT/4ch//AJCr5H/iGmb/APPv8V/mej/btDufuFRX4f8A/D3D9sT/AKMq+FP/AIch/wD5Cpn/AA9w/bF/6Mp+Fh/7qS3/AMhUf8Q0zf8A59/iv8wWe0H1P3Dor8PP+HuH7Yv/AEZR8LP/AA5bf/INO/4e5fth/wDRk/wq/wDDlP8A/INH/ENM3/59/iv8yv7cw/c/cGivw+/4e5fth/8ARk/wq/8ADlP/APINO/4e5ftg/wDRk3ws/wDDlt/8g0f8Q0zf/n3+K/zD+3MP3P2/or8Qf+HuX7YPf9iX4Wf+HLb/AOQaP+HuX7YH/Rkvwt/8OY3/AMg1X/EM83/59fiv8w/tzD9z9vqK/EH/AIe5/tgA8/sR/C4/91Mb/wCQaP8Ah7n+1/8A9GR/C/8A8OY3/wAg0v8AiGub/wDPr8V/mH9uYfuft9RX4g/8Pc/2v/8AoyP4X/8AhzG/+QaP+Huf7X//AEZH8L//AA5jf/INH/ENc3/59fiv8w/tzD9z9vqK/EH/AIe5/tf/APRkfwv/APDmN/8AINH/AA9z/a//AOjI/hf/AOHMb/5BpR8Ms3/59fiv8yVnmHWzP2+or8Qf+Huf7X//AEZH8L//AA5jf/INH/D3P9r/AP6Mj+F//hzG/wDkGn/xDXN/+fX4r/Mr+3MP3P2+or8Qf+Huf7X/AP0ZH8L/APw5jf8AyDR/w9z/AGv/APoyP4X/APhzG/8AkGj/AIhrm/8Az6/Ff5h/bmH7n7fUV+IP/D3P9r//AKMj+F//AIcxv/kGj/h7n+1//wBGR/C//wAOY3/yDR/xDXN/+fX4r/MP7cw/c/b6ivxB/wCHuf7X/wD0ZH8L/wDw5jf/ACDR/wAPc/2v/wDoyP4X/wDhzG/+QaP+Ia5v/wA+vxX+Yf25h+5+31FfiD/w9z/a/wD+jI/hf/4cxv8A5Bo/4e5/tf8A/Rkfwv8A/DmN/wDINH/ENc3/AOfX4r/MP7cw/c/b6ivxB/4e5/tf/wDRkfwv/wDDmN/8g0f8Pc/2v/8AoyP4X/8AhzG/+QaP+Ia5v/z6/Ff5h/bmH7n7fUV+IP8Aw9z/AGv/APoyP4X/APhzG/8AkGj/AIe5/tf/APRkfwv/APDmN/8AINH/ABDXN/8An1+K/wAw/tzD9z9vqK/EH/h7n+1//wBGR/C//wAOY3/yDR/w9z/a/wD+jI/hf/4cxv8A5Bo/4hrm/wDz6/Ff5gs8odz9vq7Kz/5F5v8ArlL/ADavwP8A+Huf7X//AEZH8L//AA5jf/INH/D3P9r/AP6Mj+F//hzG/wDkGlHw1zdP+F+K/wAyJ53QfU/b6ivxB/4e5/tf/wDRkfwv/wDDmN/8g0f8Pc/2v/8AoyP4X/8AhzG/+Qaf/ENc3/59fiv8yv7codz9vqK/EH/h7n+1/wD9GR/C/wD8OY3/AMg0f8Pc/wBr/wD6Mj+F/wD4cxv/AJBo/wCIa5v/AM+vxX+Y/wC3MP3P2+or8Qf+Huf7X/8A0ZH8L/8Aw5jf/INH/D3P9r//AKMj+F//AIcxv/kGj/iGub/8+vxX+Yf25h+5+31FfiD/AMPc/wBr/wD6Mj+F/wD4cxv/AJBo/wCHuf7X/wD0ZH8L/wDw5jf/ACDR/wAQ1zf/AJ9fiv8AMP7cw/c/b6ivxB/4e5/tf/8ARkfwv/8ADmN/8g0f8Pc/2v8A/oyP4X/+HMb/AOQaP+Ia5v8A8+vxX+Yf25h+5+31FfiD/wAPc/2v/wDoyP4X/wDhzG/+QaP+Huf7X/8A0ZH8L/8Aw5jf/INH/ENc3/59fiv8w/tzD9z7W/bWsPitqN7+zU3gz4AePP2jPhpo/j618XeMvDnhrVtGsb7UTpkMl3pEBbVr2zgFsNXj0q5lcPI4SzKiJxIWTxn9l2b9tHV/2ldE8fftD/s+a74A8Wan8M18MfF/xXBqGgnw1408R6TfBdF1rRbe0v5r5JbiyvdSW6jntbdU8u0jVnW3TPiH/D3L9r//AKMk+F3/AIcxv/kGj/h7l+1//wBGSfC7/wAOY3/yDX1OCyLPqOAeXRw8eR630ve6d/i6HnVcZhZVVWcnf+vI8v8Ag/8A8E7rf9qWy/Y18BftzfsceOfDPg74K/ATTPhnIfEniHSJbLxF4ggmthLPYJo+p3MktkY7Zzm8SAnen7vOQv3N8Wf2Efg/8PtJ+B3jL9lr9kz9nRta+H/jmz8X3PguHQ9P0i08d2S6Tqejz2dzP5Jja4jtddvbi2acFBcxRBnjV3cfNX/D3L9r7/oyX4X/APhzG/8AkGj/AIe5ftff9GS/C/8A8OY3/wAg1tics4mq4uOL5LNW0T93TTa/UypVsDGDguvXr+R1P7OX7LupaHq/w7+GXw1/Zw/aQ/Z8/Z90r4vXfxv8VX/xd8S+GL3WdX1iLQV0XTNG0e18O3V3CmnW8Udk5nuJElxpyL/pDXEky/snX4iD/grj+1+en7Enwv8A/DmN/wDINL/w9w/a/wD+jJPhf/4cxv8A5BrzuI+F8/zOsq9ekk0rJJqy/FnTgswwtCPLB/19x+3VFfiL/wAPcP2v/wDoyT4X/wDhzG/+QaX/AIe4ftff9GR/DD/w5jf/ACDXg/8AENc3/wCfX4r/ADO3+3MP3P25or8Rv+HuH7X3/Rkfww/8OY3/AMg0f8PcP2vv+jI/hh/4cxv/AJBo/wCIa5v/AM+vxX+Yf25h+5+3NFfiN/w9w/a+/wCjI/hh/wCHMb/5Bo/4e4ftff8ARkfww/8ADmN/8g0f8Q1zf/n1+K/zD+3MP3P25or8Rv8Ah7h+19/0ZH8MP/DmN/8AINH/AA9w/a+/6Mj+GH/hzG/+QaP+Ia5v/wA+vxX+Yf25h+5+3NFfiN/w9w/a+/6Mj+GH/hzG/wDkGj/h7h+19/0ZH8MP/DmN/wDINH/ENc3/AOfX4r/MP7cw/c/bmivxG/4e4ftff9GR/DD/AMOY3/yDR/w9w/a+/wCjI/hh/wCHMb/5Bo/4hrm//Pr8V/mH9uYfuftzRX4jf8PcP2vv+jI/hh/4cxv/AJBo/wCHuH7X3/Rkfww/8OY3/wAg1K8NM3f/AC6/Ff5ied4dqzZ+3NFfiN/w9w/a+/6Mj+GH/hzG/wDkGj/h7h+19/0ZH8MP/DmN/wDINOPhpm//AD6/Ff5j/tzD9z9uaK/Eb/h7h+19/wBGR/DD/wAOY3/yDR/w9w/a+/6Mj+GH/hzG/wDkGiPhpm//AD6/Ff5h/bmH7n7c0V+I3/D3D9r7/oyP4Yf+HMb/AOQaP+HuH7X3/Rkfww/8OY3/AMg0/wDiGub/APPr8V/mH9uYfuftzRX4jf8AD3D9r7/oyP4Yf+HMb/5Bo/4e4ftff9GR/DD/AMOY3/yDR/xDXN/+fX4r/MP7cw/c/bmivxG/4e4ftff9GR/DD/w5jf8AyDR/w9w/a+/6Mj+GH/hzG/8AkGj/AIhrm/8Az6/Ff5h/bmH7n7c0V+I3/D3D9r7/AKMj+GH/AIcxv/kGj/h7h+19/wBGR/DD/wAOY3/yDR/xDXN/+fX4r/MP7cw/c/bmivxG/wCHuH7X3/Rkfww/8OY3/wAg0n/D3D9r/wD6Mk+F/wD4cxv/AJBoXhpm/wDz6/Ff5h/bmH7n7dUV+I3/AA9v/a//AOjJfhcP+6mN/wDINJ/w9u/bA/6Mm+Fv/hy2/wDkGheGmb/8+vxX+Yf25h+5+3VFfiL/AMPbv2wP+jJvhb/4ctv/AJBpv/D239sL/oyj4W/+HKb/AOQaF4aZv/z6/Ff5h/bmH7n7j29/Bplvqt/cttgitJJHPoByf5V/FT+zVLF8Rf2o/wBv/wDaP0eC7j8JeMfGum6JpDyqB9rTRrEWMkyYJBRpfMCsCQQvbpX3t+0Z+1N+2V+2J4Yf4YeMrbwR+zf8Ib0sniC08NajNqGr61bEf8ey3zLGsEZ/iKpvPZhXJaVpvwb/AGSfgZc/Erx7d6T8Nfgr4P04NaRTnYLjYP3caj7zu7Y4HzOx981+teG/BmIy3nr4nSUla3kfO5zmUa1ow2R/Pv8A8HKPjGzl+K/7HvwrM0Da94f8JajqN7Chy0K3b20abvTJsJcfSv5wlAJAPFfQv7ZH7TniX9sn9p34o/tB+JIJbGPVr0xaVYs5b+z9Ni+S3hz/AHggBbHBZmI6187KxPBr9chseJBk/lknC81Jz360RMO5A7VPgHqAas1K5APUVGyEdORVwxArlcZ/lUJBBwetAFNlzyOtQkAjBq8yg5POarsueR1oAqFSPcUIxRgwqRl3D3qBty9qDOSs7ovyxJdRbSBn+Vc0yy2E+CGKZrZhnKMO1WLu3S7iJ43DmpkrlS11RVVxKgkX8aUEjoax4JZLOZo5Cdue9azHegePkdcURlcFJFuKbHGOKvRydCprFDlSAw2mrkb4285B5zW0ZPYo2lYSDkUbCDlTVONzzxU/mD+8atSQFmvoP9lv4ma18KPjt8O/Gfh7TIdZ1q11CM21vIxVZHJ2jJH1r51Dkg4Oa+iv2UNN0LVfj58NoPE2pWWl6MupwyTyzuURVDg8sOQOK9rhzn+v0fZu0uZWfzPn+LKVGeWYiFePNBwkmu6tqf2uax8V/iyfAVnH49ttb0/Q7mK3kcMglSFsKyosg9DgcjnFdX+zZ4l/Z38QeM9RtPj5451/wZ4IjszJHfWscjTG43AKixqrMwILEnHG33ryX9oD46fDi8+EBtfCWrHxGguLaJFjYBmRWBDgHnbgdcDrXwRa/FayuCytpOqQDjJQK4x71/qXlOCWMy+VObdJvS8bJrbVXvr8j/GbOeDqOCzSOIpU/bRjryz1j6PZ2+Z+cH/BbT4vweLv2gE+G3h+xgk+H+gtIdB1HzjJJqFo5BEknAwxx07V+IbofTB/nX6w/wDBTlvD2seJPBHiXS9Tt7jUJLUwTwCUF4Qp4DIPunk9a/KcgHqK/wA4PGLDzpcRYmnOfPZ6Pd2srXP9XPAyjRhwrhPYU1TTjflV7Jtu9r+dz7p/4JUW0tx/wVD/AOCb6xQyzMvx58APhVJIC+ILJiT7AAknsBX9cX/B8FFqEdp/wTJ1OCzu5NPim+IcM06xsY4pHHh4orN0DMI5CAeuxsdDX49f8Ejv+DiLVf8AglD+zTr37PGkfsceC/jdPfeLbvxU3iC58UtpVwPOt7aJbdkWzn3BDalg+8f6zG0Yyf1B1b/g9g8batYXWn3n/BN/4f3sMkbJsufiLNNESVI+dDpo3DkgjIyCRnmvy+adz9XUWetf8GSnxJ0O60D/AIKA/CyW8t4fEcd34U8Q29uzgSXVsyahBK6LnJWN0gDHoDOnrXxH+wj+zL8XbD/g7c+Juh6j4J8T2dl4d+L3xE8d6lcyWjqlpodxDqc9jeyHGBFcfbtPVG6E3KDvmv5xP2Hf+Cif7RH/AATq/avj/a1/Zv1DRNH8VTNd2uq6JfQtNpeu6XcTLLLp13ErI7QF44WBRldHijdWBUGv6xtW/wCD2n4j6j4ImtvCX/BPXwFonxNa1RBq+ofEW4vNOE4By5sE0+GUx7iSI/tQIBI3nrSi3ewm7n6P/wDBSn9ozwh4F/4Of/8Agjt4d1TU9OhXSfC9zpdw+4Ew3viH+1tLtoH9HZ2tiFPOJkP8Qr81/wDg81+DHj6//aX/AGIvino3hnXdZ8Pa14UvfBlnJaWrzCTVIdQM62wCA/vpFv1KJ959j7QdrY/kS/aM/a2+Pf7U/wC0n40/a0+MHj7VNU+OWt6tFrEusWLtaNpssIRbZLLyyDbx26QwxxBTlFiTkkbj/V3+zf8A8Hm37QPw++F+geEP2k/2P/BX7RnxCsIY7dvFWl+MG8MvqQRcCa6s/sF3GZ2wCzxGJCc7Y0BwNFdWaEfs/wD8F553/Zm/4NvvCPwB8cNBp3jC80L4afDkQSuC7ajYvY3ksakfeYJotwTjsrGtn/gopFqP7UP/AAawaT4k+Fen3fi69l+D3w68Rta2Cec8cdjc6TNqCsFzg20dveNJjO37O47V/EF/wVk/4LPftM/8FavGngy6+KukeGvhh8IvC5nfw34K0KSV7W1nmCiW7u55DuuroqioJCqJGgISNC8rSfXH/BJT/g4//aW/4JhfC+P9nvXPhh4c/aY/Z2tbm4vdF0LUNYk0nUPDkszvLLHZagsU6rbvLI8zQyQP87uVZN7ZuMWku97j5ep/Ud/waI+Bdb+F3/BMX40fFT4gafe+EPC3iD4m6prenXuoIYYbrSbXS7CF71GbgwiaG8jLdM27+lf5yPxO8WDx78SfiD46WAWq61rd/qwj/wCefn3Dy7fw34r+lr/goz/wdWftL/trfAjxl+zh8G/gR4U/ZO+HfibT30jxLeW/iGXXNXv9OkTZNZw3P2e1it4JkLRyAQs7IxUOoLZ/lhWYE9wa68M2pOT6mU49S6CQcg1MJj0JxVMSg4xj/Gl8w56DFejGojMuCYoflORV6K4SZeflb+dY4cHrxSbghDIcEelCkiJRubvlA8ocUx0baQwxx1qpFck4Dc+9WvMz1zW3MmZtWM24tU5ypPfIrLdJYGDRnNdPlW461HJbQyDGAD6VnKnfY0SsjOtrtZCFmXawqxKpjG8Eun8qiksxgqDz2IqFZnt/3dyC0XTdTc2tzNqxYSZW+6wz6UUwWSXIElo4kHXAPIoqlUl0EXN4U5zgiqkt1g4DZH1qpJMxz1x7dKrFieoNfnHIj7qVXoXNzSHk8VIHCDAIFUDK+MAEZqMmQ84q7dCG7GkJAOh/SlM+PSspnaMZcEj09aiU3M+So8uMdz2quRkuotkaE12cYDbeKprGGyzZb61A8YViAWdu5p480DAU4rRRSM5TbZaDAccHAp+/aozge5NVArkMSMAck1+r/wDwTT/4Jka7+2VqF58bPjNqN/8ADD9jPw3dY1vXWzFceJpU5bT9MyMM54V5eRGG43MQtXTp3dkTUxCgrs87/Ym/4Jg/tN/t3+H/ABV45+Fw8D+CfhtpUotH8S+LLq4tNOvbvIzbW8kMMzSSqG3NhdqjG5gXQN9yxf8ABuv+17Iyxv8AtDfsRxJ3b/hLr9sf+SFfrd8a/jh4XuPC/h34bfDTw5ZfCv8AZ08K2y2Ph3w7ZRiOOOFMgSyKPvSNktyScsSSzFmP523X7ZnwD028nsrr4n+FLW8hZo5opNXtY3icHBVlaQEMCCCDyK6fYo46WOkpNyPPbP8A4Nuv2uL3fn9pX9iOEjGA3inUufpjTzXa6f8A8Gxv7VN5awXE/wC1v+wrZyNnMbeJ9RyvOO9iPTNXR+3H+z0inHxT8Gs/8P8AxO7Xk+/7yvgv4+/8FE/iZ4u8Up4G/Z08Qf2JZWZBvNcgaKeLBB+VGKuj8kfNg88DPNOGElJ8sdzuhm1CK5qkF97/AMz9Gz/wa2ftGvjH7Zn7FRHb/id3/wD8i09P+DWv9oxOR+2V+xaW9f7av/8A5Fr8eV/ay/buH/NfoT9bG1/+Raf/AMNZ/t2/9F8tv/AG2/8AkWuxZHiv5Wc39qYPfmP14m/4NYv2jZzlv20P2Lgvp/bN/wD/ACLTk/4NZP2jEXZH+2X+xaP+4zf/APyLX5C/8NZ/t2/9F8tv/AG2/wDkWj/hrP8Abt/6L5bf+ANt/wDItP8AsTE/yi/tLB78x+vK/wDBq9+0aDkftl/sXk/9hm//APkWpR/wawftIHn/AIbK/YwI/wCwzf8A/wAi1+Qa/ta/t3L/AM18tD9bC1/+Raf/AMNcft2/9F6sf/Bdbf8AyLR/YmL/AJCP7QwX8x+vX/ELB+0h/wBHl/sY/wDg3v8A/wCRaG/4NYv2kQOP2zP2MR9dYv8A/wCRa/IX/hrj9u3/AKL1Y/8Agutv/kWkP7XH7duDj482Of8AsH23/wAi1ayfFr7LH/aGC7n65S/8GtX7R0alm/bU/Yojx1L6vqeP/HbM1y2q/wDBsP8AtQWUix2H7X37D+oL3d/EGpxKeB93NiSep6gfjX5ZSftZ/t2MpB+PtovHawtR/wC2tezfAn/goh8S/C/i5PBv7R3iKDXLe5G+x1qfy4IPdXYBEQf7RUdMHqKxrZbiILmndIdPMsC3yJXfqfXd3/wbS/tXW0zxt+1R+w8wGOR4m1Ij/wBIK5mX/g3H/awVmSL9pD9i6WXcVXd4nvlUj1ybLp+GfavXD+3D+z46Lv8Ail4OjfuP7ctDg/hLUtn+2d8AdRvbays/ij4VnvJnWKJItXtnd3JwFVRISSSQAB1zXPCLW7uZ4irSfwKx+VP7cX/BLL9qH9grRvCvjH4op4J8ffDXV8xReK/B13Nf6TaXW4gWlzNJFE0MxADqGUK4J2MxSQJ+b1f3BfBX46eG4fC3ib4Y/FHQNL+Ln7OHi60ew17w7eoJoWjfH72IEgrIpAIKspBAYEMikfz5f8FL/wDglr4g/Y1TT/jt8GNWvPix+x34gudul62il7nwrO5ythqePukZ2pNgB8chG+WtPQ5W7H5FVEzZ4HSmbt3Oc01gTgDp3pDTsJISy/eOPrUEcTMfSpUXccZP0pt1cJbRkA/N7VLWlkIp3s6wrtU5Y9qpWkG8+ZKcfhUEYe5kMjbjz+VbEcWFw2AfaqSJjK44YYgAfKKnWMdcAUxQAMDoKsDGBg5FBQqr2Uc1bRCx9qYm3jOQKnVh/CaAJ1UD604pkZI4pisDgc5qQtuA6YoArtgEgUlSOvf86rM2eB0oAaxBJPaq7HJJpzt2H41EzBfrQAJcTW88NzbTSW9zC4kjkQ4ZGByCD2IIr61/ZA/b7/aQ/Yf+IV341+D3iOGfRL6US6z4bvEzperjPSSBcBG5IDptYZODXyAxLsQDx3qxFFG2ARuJoJauj+tn4af8HBn7IPiTRrWb45fAH4g+APFCRhZh4dkW6tZ2wCWRWZGUZJHJY8da9NX/AILyf8Ezf4vBf7QH/gtT/wCSK/jXvvJgiOVycVg2tsLiQuw3LnNBDgf2kf8AD+T/AIJl/wDQmftBf+C1P/kil/4fx/8ABMk9fB37QQ/7hqf/ACRX8Z6wQjIZaga1jL5CkLQDgf2b/wDD+L/gmR/0J/7Qf/gtT/5Ipf8Ah/B/wTHP/Mo/tCD/ALhif/JFfxppaQkdB+VWPs8I6pn8BTUWP2Z/ZJ/w/g/4Jj/9Cn+0J/4LE/8Akigf8F3/APgmNnnwn+0IP+4Wn/yRX8cAtITgFMH6CpksrcdVwfoKQezP7G/+H7//AATF/wChV/aE/wDBWn/yRS/8P3v+CYn/AEKv7Qv/AIKk/wDkiv433tockKo49hSm3hIwEA+oFOzD2Z/ZCv8AwXe/4JhE4Phb9oZB6/2Uh/8AbinD/gu7/wAEv88+Gf2h8f8AYIT/AOSa/jWa2hHAQZ+gqM20RX7vP0FK3UPZn9l3/D9z/gl9/wBC1+0R/wCChP8A5JpR/wAF3P8Agl6evhv9ogf9whP/AJJr+Mt4Ij0Xn6Cont4gPunn2FNqwezP7O/+H7f/AAS7/wChd/aJ/wDBOn/yTR/w/b/4Jd/9C7+0T/4J0/8Akmv4wRb2+3AUZ7jArHuo0VtuAWz6CkTKNj+1j/h+1/wS5/6F/wDaJ/8ABMn/AMk0v/D9r/glz/0Af2iv/BLH/wDJNfxh6dp0YjDSLg454FWjbw7uEGPoKCvZn9mX/D9r/glz/wBAH9or/wAEsf8A8k0v/D9r/glt/wBAH9ov/wAEqf8AyVX8aBs4SSdmB7Af4VOtrBtH7v8AQUB7M/so/wCH7X/BLb/oA/tF/wDglT/5Kpf+H7H/AAS3/wCgD+0V/wCCVP8A5Kr+NwWMGBlTn6Cj7FbE4A/QVXIw9mf2Sf8AD9j/AIJaf9AP9ov/AMEif/JVH/D9j/glp/0A/wBov/wSJ/8AJVfxsNp0GSQP0H+FNWzgHBUfkKJRsLkZ/ZV/w/Y/4JZ/9AT9oz/wSJ/8lUf8P2P+CWf/AEBP2jP/AARp/wDJVfxrNaQHquPoBTfsFt6H8hT5GDgf2V/8P2P+CWf/AEBP2jP/AARp/wDJVO/4fr/8Esf+gN+0Z/4I0/8Akqv4z2s7cfw5P0FNWzgJA2Y/AUcjDkZ/Zl/w/X/4JY/9Ab9oz/wRp/8AJVH/AA/X/wCCWP8A0Bv2jP8AwRp/8lV/Gr9kt8fc5+gpPssH9w/kKXIw5Gf2V/8AD9f/AIJY/wDQG/aM/wDBGn/yVR/w/X/4JY/9Ab9oz/wRp/8AJVfxr/ZYf+ecf5CmNawHrGF+gFSP2Z/ZX/w/X/4JY/8AQG/aM/8ABGn/AMlUf8P1/wDglj/0Bv2jP/BGn/yVX8aUlpb+SxwufoK5b7THb3RBXKZ6YFApQsf2rf8AD9f/AIJY/wDQG/aM/wDBGn/yVR/w/X/4JY/9Ab9oz/wRp/8AJVfxoQf2fdR5+UEjoQOKZ/Z9gHJZlHp0qoxuDp9j+zL/AIfr/wDBLH/oDftGf+CNP/kqj/h+v/wSx/6A37Rn/gjT/wCSq/jN+yWHqv5CoLiGwjHBQfgKLdg5Gf2c/wDD9f8A4JY/9Ab9oz/wRp/8lUf8P1/+CWP/AEBv2jP/AARp/wDJVfxhwxWD8kqPy4q39n03/Y/SnyMfsz+zH/h+v/wSx/6A37Rn/gjT/wCSqP8Ah+v/AMEsf+gN+0Z/4I0/+Sq/jMMGnDP3PyFV3hsBlgyZ+g5qUuwuRn9nf/D9f/glj/0Bv2jP/BGn/wAlUf8AD9f/AIJY/wDQG/aM/wDBGn/yVX8YG2ylO0lNv4VZWDTkwMoPy/wp8jDkZ/Zt/wAP1/8Aglj/ANAb9oz/AMEaf/JVH/D9f/glj/0Bv2jP/BGn/wAlV/GS0WnZJ3R4+gprR6aP41H4D/CjkYcjP7OP+H6//BLH/oDftGf+CNP/AJKo/wCH6/8AwSx/6A37Rn/gjT/5Kr+Mjy9NGSWT8h/hTwul92X9KfIxcjP7NP8Ah+v/AMEsf+gN+0Z/4I0/+SqP+H6//BLH/oDftGf+CNP/AJKr+MzbpX98fpQqaZkFShP4c0uRhyM/s0H/AAXW/wCCWR4GjftGf+CNP/kqk/4fr/8ABLH/AKA37Rn/AII0/wDkqv4ztmn/ANxP0pPJsGOQq/kKORj5Gf2Zf8P1/wDglj/0Bv2jP/BGn/yVR/w/X/4JY/8AQG/aM/8ABGn/AMlV/GPPdWNvGRFGGbp0H+FchdTNPIzMhVfTpSasS1Y/tn/4fr/8Esf+gN+0Z/4I0/8Akqj/AIfr/wDBLH/oDftGf+CNP/kqv4k7eby3VSvy554rsbVrWWPayKMf7I5pDjG5/Z3/AMP1/wDglj/0Bv2jP/BGn/yVR/w/X/4JY/8AQG/aM/8ABGn/AMlV/GWYrJeSo/IUmLLGNvH0FBXsz+zX/h+v/wAEsf8AoDftGf8AgjT/AOSqP+H6/wDwSx/6A37Rn/gjT/5Kr+MnZY/3f0FIy2K/wjP4UC5Gf2b/APD9f/glj/0Bv2jP/BGn/wAlUf8AD9f/AIJY/wDQG/aM/wDBGn/yVX8ZPl2f9xfzFNZbMA7UyfoKrkYcjP7OP+H6/wDwSx/6A37Rn/gjT/5Ko/4fr/8ABLH/AKA37Rn/AII0/wDkqv4x1+ycb04+gob7ATwoH4CjkYOB/Zx/w/X/AOCWP/QG/aM/8Eaf/JVH/D9f/glj/wBAb9oz/wAEaf8AyVX8Yv8AoX+QP8KQmz7KPyH+FHIxcjP7PP8Ah+x/wSy/6A37Rf8A4Ik/+SqP+H7H/BLL/oDftF/+CJP/AJKr+MHFp6D/AL5FPVrMceWW/L/CmoC5dbH9nf8Aw/Z/4JZDpo37RY/7gSf/ACVQf+C7X/BLXto/7Rf/AIIk/wDkqv4wyLUsW8vH4D/CoxdWUXDxbh0HA/wo5GUqfc/s/wD+H7X/AAS2/wCgP+0V/wCCJP8A5Ko/4ftf8Etv+gP+0V/4Ik/+Sq/i/Oo6cOPKyfoP8KYdR0/tGPyH+FHKu4Wif2h/8P2v+CW3/QH/AGiv/BEn/wAlUf8AD9v/AIJbD/mC/tFH/uBJ/wDJVfxcnULDn93kfQUxtRsuNsbD/gIo5V3FyM/tJ/4fuf8ABLf/AKAv7RX/AIIk/wDkqj/h+5/wS3/6Av7RX/giT/5Kr+LgalZd4z/3yP8ACnHUbEgDyP8Ax2jlXck/tF/4fuf8Et/+gL+0V/4Ik/8Akqj/AIfuf8Et/wDoC/tFf+CJP/kqv4sJb60ydkJH4Uiahaj70OOeOBRyruPQ/tQ/4fuf8Et/+gL+0V/4Ik/+SqP+H7n/AAS3/wCgL+0V/wCCJP8A5Kr+LUalZ/8APFif90U4anbKRi2yPpT5UPQ/tI/4fuf8Et/+gL+0V/4Ik/8Akqj/AIfuf8Et/wDoC/tFf+CJP/kqv4sZ763c5S3UH6UyLUERGVoA3PGQKjQk/tR/4fuf8Et/+gL+0V/4Ik/+SqP+H7n/AAS3/wCgL+0V/wCCJP8A5Kr+Lb+07b/n2P8A3yKb/aVucD7Oc9BhRSKUbn9pf/D9z/glv/0Bf2iv/BEn/wAlUf8AD9z/AIJb/wDQF/aK/wDBEn/yVX8V1xfB1CRQNk+oFY+2RZAzptGfSgTVj+2n/h+5/wAEt/8AoC/tFf8AgiT/AOSqP+H7n/BLf/oC/tFf+CJP/kqv4w7aGCWFSFGcegp/2SL0H6VcYXKUL6n9nP8Aw/c/4Jb/APQF/aK/8ESf/JVH/D9z/glv/wBAX9or/wAESf8AyVX8Y/2eMY+RT+AoFtFkDaD+Ap+zH7M/s4/4fuf8Et/+gL+0V/4Ik/8Akqj/AIfuf8Et/wDoC/tFf+CJP/kqv4zPssH9w/kKa9pDggIPyFHsw9mf2a/8P3P+CW//AEBf2iv/AARJ/wDJVH/D9z/glv8A9AX9or/wRJ/8lV/GL9mi6bDj6CnLbwngqN30FHsxcjP7OR/wXb/4Jbk4/sX9or/wRJ/8lUn/AA/c/wCCW/8A0Bf2iv8AwRJ/8lV/GZ9lg/uH8hUJtohuBT9BR7MORn9nP/D9z/glv/0Bf2iv/BEn/wAlUf8AD9z/AIJb/wDQF/aK/wDBEn/yVX8Y32SL0H6Uz7LCPupj8BR7Mha7H9nn/D9z/glv/wBAX9or/wAESf8AyVR/w/c/4Jb/APQF/aK/8ESf/JVfxim0tz1XP4CojZRZ4BP4Cj2YH9n/APw/c/4Jb/8AQF/aK/8ABEn/AMlUf8P3P+CW/wD0Bf2iv/BEn/yVX8XptYgcFefwpyW0QOCoweOgo9mXyM/rq+In/Bwl+xx4Mtrm6+CHwM+JXxC14p/or68yWVvDIOQzqGkLAHHAI6da/np/bK/4KLftL/t1eJLTUPixr1jpngixleTSPC+nxBNO0/LZBMZz5jgEDe+WwK+HtQ05NnnRg59KqWM4YGJyMjjFJR11FazNcuzySTuwaV2LuwAGSTk8DipVkAOehqsq45ByKfWiVkEWluX0k56CphJg+lZisV9xVlJeM80zVbaGis3dRTtynrVEN3BqUOD14oGWCgPI4qq6lSeOKk8wr2yvagurk5yOKAKbLjkdKhfGOevarjAZI6iqzr1WghtoqBMHINW0mC44we9V6KCIysLf2a3MZkjAD1kWlw0TGGQ4Ge9b0MhXIPK1Q1Ky3jzohk+w61ElrdFb6otEhlAYAjHFMXKHg5FUrK53AwS/eHerpXYT6VSdxSfUtRyDnkipxITyDkVnV+hX/BO7/gnb8Wv+CgXxNn0nQLiTwB8DdDdZ/G3ju8jxY6FbD5miidsJLduv3Is4UfO5VBmq5rai52YP7EH7BH7QP7fXjzxD4O+CemaJpujaLYSX+veKNenkttG0MeW5hjuLhEdvNlZCqxorNgO5ASN2X9OLL/g3S/bHjnWX/hoj9ifT3X5lkPi7UeG9tun5zX6++LfE3wc+C/wn039lb9lDQLP4ffs76GWkurhHzd+LLxdpkv76cgPMzNGjbn7IgAVURF/PbXv2uPgb4X1W50XWfiX4Y07UocCSG51SGGRM8jKO4I4IP0rL2073TsbQlF6TV0U/Dn/BDP8A4KK6DZtbaR+29+yLploG/wBUnjHU2X64OnV6Mf8Aggz/AMFE/EMVpHq37f8A+yJHbThBIB4o1H5FbGchbAZx6V5gv7cH7PcYwPin4MfOT/yHbX/45Xx5+0l/wUU1lrrT/Af7OfiKyuvEVy6O+sWs0d1Fp8OR8xYbkL8E4GQoIzk/KfUXE2Zwp+zjiJKPbmdjOGT5Kpe1qYWDl3srn3vff8Guv7UGvSC71P8Abp/Yovpj/FNr2pk/rZ1T/wCIVf8AaMP/ADe5+w4P+45qP/yHX49L+11+3mBg/tAt/wCAdr/8i0v/AA13+3n/ANHBn/wCtf8A5Fr5ypjKk5c06l2z26eNy6MVGNNJeTf+Z+wP/EKj+0gSf+M3v2Gh/wBxvUf/AJEoH/Bqd+0gBkftvfsNgf8AYb1E/wDtnX4/f8Nd/t5/9HBn/wAArX/5Fo/4a7/bz/6ODP8A4BWv/wAi1nGrL+c0/tLAf8+197/zP16l/wCDUn9omUYb9uD9hxf+4zqR/wDbOoIP+DUj9oq3kWRP26v2GwO6/wBrap/8h1+Rv/DXv7eQA3ftCxD62Vp/8i1kXn7b/wC21p2ftv7Smn2/rusbT/5Fq1Wl/OZPGYFvSH5n7PH/AINWv2iCoB/bi/Yb+v8Aa+qf/IVM/wCIVj9ojv8AtyfsNt9dX1T/AOQq/D65/wCCgn7ZERIg/aMk1JvS2020Y/8ApKKqWf8AwUG/bUu72O0n+OevaV5h2pJdaXaRo59ARbmtE6lr8wLE4Pfk/M/dFf8Ag1d/aJX/AJvj/YaI/wCwvqn/AMhVyesf8Gwf7T+mXYt7T9r/APYfv4tm7zG8QaimTkjgfYjxxnnB56V+UA/a2/bwI3D9oPd/26Wv/wAjV6J8J/8AgoR8dPAHje00z9oPxivjPwrqKiOHUzEka6fLyAHMcafJ0JOMjryAds068m7KYoY3A3+C/wA2fbN5/wAG3P7WNtLdRp+07+w9KI2ZQf8AhKNSG7B/7B9Yc/8Awbm/tfxoDB+0V+xDdvnlV8WakCB686eK9b/4bl/Z+dPn+J/g1XI5H9vWhwfr5nNIv7a37Ps8kcSfFXwYWZsD/id2p/IeZXWqk11OavUoP4IW+Z+e37Yf/BID9rT9i74R2fxw8ZXvwu+K3w2S/ax1nUvAupXGox+G8iMQyXolghZIpGkKCRQyowQOVMsYb8slkVgDxg9/Wv7SP2fP2h18Fy6hf2UOleO/hprlu+m+IvD+oRrNZ61ZMrJJDNE4KnKSuPmBBDsCCGIr8hf+CoP/AASw0j4P6LdftifsWWd/4x/ZH1F/tGu6FbM91efDS5blo5gcyGxycCRsmLgMSpR26aOJd7SPMkkfhoWAHGD+NOWcgYJqisySKrxkMp5Bo3t612+2I5EagkA5yRViK6BwGYk/WsATHPI4qUSH0wfrWkcQQ6R0QmAHBOKmWcH+Ij8a51ZmPc4qZZCeQxzWqxCFyM3nkz6GojIuPLkUSKeDntWclww4bp7VMrqwyCMVoqiZJm3llPExudLneKTrtB60VpYIOV/Kio5V6EJshOsacesqmmHWNNBxuDfSuYXQkHV2P404aFEOhNfHezifVSrVOx039r6b/fX86X+2dLUEhwcc9K5w6AgGWYqKyrjT40YpEWcYojTiyZV6i3R0d1rOnsxKtk/SoY9Xs+jyHFc6mkSOMkFR71dj0MYyzEVooRRg6tR62Nwaxp6dCuaeNcsCTkjjrWL/AGLH/fo/sWP+/Ryx6FKtUPuj/gnj8HvhZ+1F+2b8IPgv8X59fh+FF0mp6rrkeluI7i9gsdPnvfs4fqqym2EbEYYKxwQea/qc+N3xzg8W6Xo3g7whomnfDX4F+GrRbPw/4Z06MRWmnWsS4U7F4LbRnp379a/mc/4JD2i2n/BQX4VqhJz4e8W8/wDcv33+Nfuf4xAPhPxKCAf9An/9ANdFNJI8+teUm2fip+15+2HrfxP8Q3/wn+DV88GlxFoNS1aNjthXkMkZHBY925x0U5yR8Q2Xwq8JrFDHc6bNfz4G+Z55AZD64VgBTvhfbWlv4O02aCGOO4mLvKw6uQ7AZ/AAV6jCIiOJZAPavqcty+LjeWt7HzWOxsk/d0sefL8JfBj42+H3PH/PzN/8XXf6B4Yt9CtBY6RpSWdrnLBQSWb3J5J+tbVv9jBG+9uEGPSulshpI2l9Uv1GecLxX1uCy6krNJJnyGOzqsl1f3mMNLvc4FtPn6Uv9mX/APz7XP5V3itoWBv1q+Bx2XpTLi58OW1vcXMut6j5UaM7YXJwBk17jwsYq7eh85DPa0pKMYtt+TPPby3m0+2lu7xJYLdBlmbt/wDXq7qnh/xNoVloWp+IfC/iPQdL1NN9hc3kHlx3S/7Jz+hxX6B/skfstW3xHOl/GP4jJLdeEBJ52h6VI24XW04E0w6Fcjha/TH4lfC3wb8VvBuoeCPFulQXWkSpti2qA9o4HyvEf4WHHT0r+YOMfH2hgczWEwkeenF2m/8AL0P9bfAf9m3m/EvCM88zet9XxFWPNQhb5pz7J9PvP5x/7Jvv+fWf8qoJBfTrqUtnpGs6hb2QBu5re2aRLYE9XYdK+s9T/Y6+O1j8TY/hXp/m3nhyVjNB4kL/ALqOyzg7x/z1HTHev17+FHwT8D/CTwPH4I0HTILi1kjIv5p0DPqDkYZpCeueeO1ehxp49YDB0KUsu/eTnZvyX+Z814A/s5+KOIcwxdHiW+Eo0G4qVtZSW3L3j5n87NtZT3cKXFtFJPA3KsvINT/2Tff8+s/5V9s/tS/st3HwX1S8+JXgKK9m+FtzN5mp2MJ50d2P+sT/AKZknp2r5m3eHf8AoN6j/wB81+u8C8V4PPcEsVh3r1XZn8TfSE8I8+8O8/nkmbQ7uEkm1KPRo89bS74DP2Wb8RXM6/4XtdftfsWsaaLu2zuUMCCD7Ecj8K9jkOgFW261fFu2VrnLwaUc7NSvnA9V5NfVYvAwcbSPxfA59Vctmvkz5/m+FHguMc+Hip9Dczf/ABdULz4VeEZIZYrfS5LGdlISZZ5GMZ7HDMQfxr2u9WyYnbdTsfQisaZIAQFkcgdcivl8Vl1FLSKPssDmdWS1bPoj9kX9sbX/AIZ6/Z/CX4z37z6S+2LTdVkYkTDOFWRz1boA3U9Gy3J/pC+CPxxtvCOk6z4O8X+H9I+KHwL8TWwtte8M6vCtxZ3trIBuIjYEbsHP1GeOtfxyfFC0tZvB+qzSRpJND5bxMRzGxkUEg+4Jr+ofwYF/4RPwyMLj7DAMenyCvjMbh/Zzstj7HBYj2kLs/nj/AOCj3wI+GP7M/wC2l8X/AIO/BibX2+FtqumarosWpyCS4tIL2wgvPIL4BZYzcGNScttUZJPJ+JGySFHev0p/4LAMx/4KBfFE9WPh3wic+/8AYFlX5uKBGpdzjHOTXG5anXDYY7pbxlm4OK5x2e9nHJ2ZqS8u3upfKQ/ID1q5DEtvGo25amPclSPy0CoMfSnqAAdxXcetRiUtnAAoALHAGTQK/YnqZMbR2FQovReTVgAdOgoKLAPfg05Dg5zio0xg4J/Gjco4zQBYLAdakSQdOtUjJk9CafnHfFAE8jn/AAqs7YHuaYZD2AqKQkgknj0oAikkwDjpVck9CTU9QnLMR3/lVpK1yG0xVDHgdDWlGFhj8wkDioYotuCc4qlqN4QvlofmPFQNKy1M+7ke7nCKTtzWpFEIIwoGGP6VnWCNkyMM1rvggHgimlcFbcgVTncSDTiGJAHHrUiL0IxipMD0FFupQsYPH51aUZI9uarBiucYqdWPBxzT1TAsVKXA6c1UMhAJ4qIysRiklcCdyDx3qOkGcDPWmF8HjGKq6tYB5O3rUTMT7CkZ+Mk4FQMxPsKXOwHlwOnJpuS5wcY70ygE+4oUbuwBIFiQsKxoUNzdeoHNWL6cgbASat6Pbn/WMMZ5+lSZPV6G6AIoQoxmoVxuGadIxZiecCoyQOTTSuakxcDpzQspHXNVDJzgECvUPgr8JfGPx++MXwm+Bnw9t7C68f8AjXxLpfhLQorqcQQyahfXUdrbrJKeEQyTJljwBk9q103A4FHzgHmpQcEHvX9KK/8ABpj/AMFhFGP+EF+BZ/7nm2/+Jr5i/bJ/4N9/+Cjf7B37PfjH9pz9oLwn8LdN+Fegz2NvqM+l+KoL24Rrq6jtotsKgFh5k8YOOgJPapUlsTzo/E/ePQ1GxySaSmkEkYOBQ59igLgHBBphcnpwKcUB6cUzY2M4o9oBGzY9zSq2eRkU8IT7U9UA5PJo9oAjFsdMCkRjnHUVLUTAAjHFS5a3AczY4HWoySTk9aSozy4HpRDcBbh9kBLc4FcrBafbpWPU9RitrVJdluy9yKr6OCFLcZJ7VJnLV2K76ZPDjE23P1ppsLo9ZWreupV28ct6VWgdickVoodx8iMr+zbo8ea350h0q5PV2P410BdvYU0ykHBzn6UezHyI5/8AsudT98g0p064PWV8Vv7t3Oc1+sv/AAT+/wCCK37dn/BS/wCGvjP4t/sseEvAOueCtB10+Hb+fWPEUGnOL4W8VwURJOWAjuIju6ZbHY1Tgg5Efjw2nTr/AMtGP41We1mUgFjj61/Q7+0P/wAG1f8AwVM/Zj+CPxS/aF+KXgP4T2vw38H6Nca/rctj4wtrm4is4V3SNHCoy5ABOBzxX4AzFXX5Bk9+KlQXQSimYcNlNIeHI+hq7/ZUuOZG/E1pWo2qWxhqmMrHAHNVyIFFGK2lP2c/nSf2VJ/fb8621LE8jApxzg460uRD5EYX9lOD99j+NH9lyHgM2a2t5AIPBp0TfNyaORE8qZgyaY6DJkbNWLHTw7AuxIq9eMSSq8981JZEhWI60KKvYFFXsTPZwoue1QLDA2RUjzmTKkfjTYo9mT3NWU32BbS1BJ2gmszUreFUOxQM1rFgDg5rLvgPL6HNTJKwnqjMs7RHOXwQK6WC1SOHce/pWHYsCpHetm3kLxAGskrhBKxY2QtxnNMWCH/a/E1IoVfn6k0wsuTyAfSteRFi+VD6U0xQkY2mnUU7IBPLh9CKPLh/umlpuV3FTgEUyZOw4rDgAqBjpULLF6flUjAEH2qGgIyuKEiXjafxqZVi4OwH3qNFByTTgQSVxjtQKT6D/wBwTgoM/SlxEOQgFQMNp4qQEMOaBaX0FiaJmwQv4ipLizimjYbBk81/SF8O/wDg2/8Ai9+1N8B/2Lf2g/2Afj74M/ax8I/EFbeL4losNhok3wXu2W3M0N7FPqLSXpgaS9V1jVJG+yoURxPGa/KL/go3+yv8I/2Kf2s/H/7NPwa/aa0T9rTQPDcVtb6l4t03SE062GptHuuLKNEubpJDASsbuspAkDoQGRhSUkOMuh+fosoBKVJ5q7/Z0LLnYMYpLhCs/XOeatpLhdrDtQlYUI9SoLC3AxtBNL9gt/7oqcKC5IJ9amplRjYqHToByVWnLY22MFVA96s0gAHSgorTabblPlVc47VlCyTeFI5zW/VeSA53L9/3pOKM9GV0sYUALqMHirQsbcgEKKazueCo496mjY7SD07imNWvYhFnbHqgFSCzgA4C4qSigdkhn2OH0H5Ux7WJRkKD+FfoX/wT4/4Jk/tUf8FOPG/xA+H37K2i+DNa8ReGdKi1nVV1nWotORLaSURKUZwd7bj0HSvkb41fCbxh8AvjJ8WvgR8RINPtPiB4L8Tap4S12K1uBPDHqFjdSWtwsco4dBJC4DDgjB70DTueVRRws4BUZp+oWkTQsVUAgZ4qHYQ25etXI289SjA5xQMxtKuGSRoHPQ45rbcc5HeuZuo2tLoSDgZrpI5BNEGHJxmoi+hEX0CiiirLHq5GAefepOD6GoKMkdDigCUqoBOKjXGRnpRubGMmkoAsVE/Xpj+tNBI6UlAtb3CkJwM4zS0hIHU0GTet0IcMODUfzL7UBtpOORSl8gjFBST+Q0knqaacgHAyaWkJA6mgJS6IlRhJHtPI71zd9A1rOJUyFznjtW4G2tuHIp1xCtzCwx2pSVypK6KEEwmjGGG6n5YHqQayIne1nMZJA7VsEBlDjn3pRlcxAOcjJ4qZX7g5FVqUEjoaopK+xfVuhFSB/UVTVu6mlDEHPWgOdlwuB05pu85z29KjBBGR0paB87JwQRkVExOcE5ptFBco3G4XOMLmgqCOAAaGUEE45qPe2MZoM5RsIRt61ajbepU8j3qsWyOeT60gYocg4oEnYz7+0aNhNEABmnWt5vG1zkjgg1qsyyKVIBrnriF7eTemQKT7ob30Pdv2evhto/xo/aL/AGe/gx4g1XU9B8O+MfHOg+FtQvbIKbiztb2/ht5JYd4K71WVmXIIyBnNf2l/ETxv4H8CeA9C/ZZ/Zw8I2fwu/Z08KM9lY6ZaA+dqkiMQ91eS5LTzSMGkZ25LOc7iNzfx1/sKutx+3J+xIpJyfi74OU4P/UYtq/ql8SsR4m8Q9Ob24P8A4+1ZSdxxjc/G79s/9tW4sb6++D/wdl+3+LncwXdyqhk0/nkuDkF+uFPC4DN2U/mBY/DTSJg9z4iS48Qa1MzTXN1LcS75pWOWYkNyck8nJJ5Nd1qljap8V/jtqHlj7Y3jXWIC/fYLljj8ya14UiLZLuB7V52JrtOyODFVmnY4SP4U+DXGRoJY+1zLx/4/XYaD4N07w8kg0XR1sw5G9gWZnx/tMScV0luLRQc3M6knrXQ239mBUD6jfIevA6fQ142Ixc9meZWxUjHOn36RtI0EyxgbmbsB7mvN5vH1jNqp0DQ7LWNf8QFtkdraWzTNIc9FCAkn2r2LxO2it4R8SJba5qxvjp9wIwUIBfymx29cV/bF/wAGp37KP7GPxf8A2I4PF/xK+APw78cftA6X4l1WWfW9U0+Ke6itTcYg2ufmGAD+dbZZBVbufQ3wL9rfm6H8V3gT9n39rr4p6nDo/gr9mj40XEkhwJ5fDN+kKk+snlYFfpB8P/8Ag3v/AOCvXxlj0q48IfDXwholndHJGra3HZPGuMnIlQYPtX77/wDBeX/gvb8Wf+Ce/wAe7b9lf9jDwj4C8Mra2cg8QXdxZ75Fu1kKgRFGUqNhXgjrX3L/AMEG/wBsP9sz9pn9kP8AaM/bI/aJ8T3WsfDu70y9tfC1u3mebb6haCUXBBYkbS2zaByB1r244Wmuh6caMV0P5/vBf/Brb4osZPI/bJ/bg+FH7PN3GQLuKPxBpszwHuCHmTkV+rnw8/4Nmf8Agl18DfhTf/G741fGmb4+/DHTrdrm61aGdUgnVQSQjwTFWJx0B71/JN8e/hp/wUo/4KMftB/EvxdoPhD4v+PvCuu6xJNAbi6T7PbRNgfdkkGFr+3H9ub4YeC/h9/wSC8EfsReCfjL8P8A4F+Nb/RdIk1N9fkeX7FN5cL3JYW4JwT5nTNaRilsjRRS2Py8+CP7ZH/BvD4X+PPw3+BX7Gn7K+v+OfGmu63Fo0B1jT71Y/NbOCrSFww4r7i/4Okf2RPhdYf8E0/Dfxl8BfDLwp4Lu/DN1p7D+z7COCSP7TLECrMigtjkc1/ON+wd8DP+Ccf/AATg/aX+H/7R3xo/4KBfAL9ovX/CepxanZaF4SS+hmhuYzkK/wBohCk9eh71+if/AAV2/wCDlv8AZS/bt/Zj8f8A7I/w6+AnxZmfVJYHh1eS9tGs90T7lO0HdjgdqpyS3BtdT+U3wlHf6n4b0XUEiuJFlgD7tp5qfVvDy6nbyWWoacLq1cDcjrkHv+H1rV+GNhZ6X4L0my1nWdRtrxEAMSDiMYHH55rpbk6SWJTVdRdccbl7V8XLH/vGo9D5qWKfO0jwST4TeDoyQfDxH/bxN/8AF1QuPhb4QEZVNG8lzwGFzLkcdR8xr2e5+xkvtu53GcjjNYlwsIHyyysPcV61DFTa3Z2U8XJ9T0v9l39qjxJ+zrr1l4A+Il9can8N5mEWn38nIsl6COQ9fLHAB/5Z/wC7jb/TD+zt+0NrHw5utP8AGvg25ttY8I6pahL7T7qITWmq2jjBWSLIVwQfUZ9e9fyO+NbG0vvC+uLcIJFjtZZkJH3XVCQRX9Cf7KJ2/sy/AVT0PhXTf/SdK9mjUclc9ehLmWp+XX/BXn4D/Af4A/tZeGX/AGcNGvfCPwz8e+B7Lx//AMI87q9v4bvri+vbaezsyACLYNZb1U/d8wqAqqqj8xiARg1+tf8AwWjAX4/fstNyc/BPT8/+FBrQ/pX5KAg9DXfRV0aqLuBUHqKAABgdKeCuOQc0HZ2BFaciCz2FVc8npVpAAMg7s/pVYMo4GamjYA5zxVg1roWFbHB6VIdpA5A9Kj8xTwcH8abWqmiGrj1kZehoqI4YEA8+xoqlWFyIjLk+1AYqMADFRb196DIo718zZn0HOhLieUgqrH3NUoxDF87L5kuasSOGHzHaPSqxKq2f1qo02zGU1e5OGZm8yQhV9BSvMTwpKAetUmc9ScVGZM+prZUzCdUtebg9SaXz2/vNVIuT04pN7etVyMz9tI/Sb/gkW5k/4KDfCtjk48PeLv8A1H76v3M8ZOo8K+JckKDYzgZP+wa/C/8A4JD5P/BQP4VE8H/hHfFx/wDLfvq+uf8Agod8d/G/w/g8M/C/wG0lrrWv288rXnG22hQhX/4Edwx2HNa0o7IwlNK7Z+TfwwDf8IXoe1ARtk5/7atXptsZ2GFt4nOMdK5XwxpEOhaLp+kRSSTLCmCxH3iSSSPxJrqYcBhnziM9jX3+WU2oxv5HwOaSu7rqdVYR6gdpj0u1l79BXcabFrrYMXhrT5Seh2j1rhLE2/dtSA7bSa7TT208lRIPEJbjOwnivssBC7sfneczdmrfg/8AM7mOLxWyqR4K0hhjjIFLNY+K7iCa3l8C6LJDIrI4Kj5gRgj+dVY5dCCLu/4TEnHOCanEuhEcf8Jlj6mvfdJWs9v68j4NV6qleMdV5P8A+SPSP2eP2k/F37OfiNvBnj7Sr5/hFdzAxHcZG0Z2PLx/9MiTyv4iv2v0fWdL8QaXY61ot9balpVzEs0E8LhklQjIIIr8DPCvwovP2h/FVr4E8FQ69HYwyCTV9XuyTDYRDqo/vSHoFr9wfhZ8OfD3wn8EaN4F8Lw3Eej2KbEaaQu8rH7zsT3J5wOBX+dn0g8pyfDZnfAS/ev4ktv+HP8Ap4/Ze8Z8eZpws6XElP8A2GmrUZyupvySd7x876HolVr68tNOtLi+vriG0s4UMkssjBVjUDJJJ6CrNcv418IaL498L614R8QQyzaRfQtBMEcq2D3BHcV/P1FRc0puy6n+oWYyrQw85YWKdRJ8qeibtpdn5CftQftLeIvjlr0nwu+F9rcy/DOGXZqF4h2/2q6n7gP/ADyyPxryE2ni/Bz4H0ge+BUnxF+Ceo/s0eMJtA8Vx63qPgi+mJ0XWbUkDrxDL6OM/jVFrjQv4R4y6dyf8a/058F8ryqhk8HlcuZS+J9b+Z/yD/Th4u43zPjjELjKk4VabahGz5VC+nK7q68ySS28WhXz4K0lRjk7RXHajFruX8zw1psGeoCiumll0VlYD/hL846c1yd+2nZkKHxADjjcTkV+oYul7p/KOUznzaxX3P8A+SOM1CPUCziTS7eNu4wOK5u689iQ1tEnvjFdHerbkkIdS6YO41zU2C45lPrzXyOPgrH6blc3daf1955f8TiW8Fa6SMfLH36/vVr+njwQwPhLw04yAbKA/wDjgr+ajxNo6a/o2oaO0jQiZMBiudpBBBx9QK/UH/gnp8ffHHj238UfCzx6Dc6x4dtYWS8GCLiFiVQnuGwv0PB45r4HN6bU01sfo2UTSi4o+TP+CvYH/DwP4onsPDnhH/1H7KvzA1K9L5hhJz0OK/S//gsVOYP2/wD4obfvnw74Sx/4T9jX5kWtuWJmkyOc814x6ibtZE1nbCNd7gAnvUzuXO0dKWRt/Cg4FRqSDjAJ+lA5O2hKBgAVIgOc9qjyfQ1MCqgd896DQlVtueM09STkk8VAGBOBmnGTYOWwKALFFQCRmGelSqwK84z9aAH9DwaCSeppMgdTioJJcZUD8aAHORkDIpNxC7arZOc55pPO+baCSfYU00tWDfUsnAHByaWFF3bm/GoijgbiSKQTCNSWP596QvUtXFwsMZYEZrm1D3c+TkkmnXV4Z2Cgda0bKLyk38ZNBm3dllIxEgHA45pQQTgHJpXRyu48DvmoVlGQAPyoNS4MIMEjikV8nBFVg/fJYmnxFs5JGKcdtSVJbFxAO+PTFS1WyD0INLuwQN2CfekUTMMqRUNRSylF6kn3pscwb7xA96ALJYkYOKYWC9agFwnQCgS54OPxoAcxyfam0wsc5LLjsBTRudto6+mabdwHhskAA0kjBVJPSkMTKwP6VUvpdqFQeTTu0TJ6FBi1xOFGOTXX20YhgAHUjFc1pkIMgdvWt+4MgUHOF71IobEtRydqZC5cZ5xU9XDcshSLBy2Sa+//APglcAP+Cnf/AATiAGP+L8+AP/Uhsq+Bq+1f+CbvjHwr8P8A/goj+wV488d+ItE8HeCdE+NHgjV9Y1fU7lLaz0qxg1y0lnubiZyEiijjR3Z2IVVUkkAU3HsB/Xn/AMHeH7VH7TvwD/ac/ZJ0D4FftHfHb4KaHfeA7+9vrPwl4v1DR4bycagyCWWO1ljEjhVChmBIAxX1X/wUE8Z+MfiH/wAGiPw38bfEDxX4k8c+M9T8GfD661LWNYvpby91Cc65YZlnuJWaSRzjlmJJ9a/GX/g7X/ag/Zv/AGnv2m/2UPEn7OHx5+EPx60HTPAt9Y6jeeD/ABFaavDYXDX7OIpntncI5UhgCQSK+3P2uf2z/wBkbxJ/waq/Cn9mrw7+098Atf8A2iLfwb4FtbjwNY+LbGfXYJoNYs5Z4309JTOrxxo7upUFQpzjBrMytsa/i/8AYV/4JN/8EMP+Cev7M3xy/bs/ZMvv23v2pfiO1nBqFjdaiwt9PupbM3dzFaxO628VraqyQ+aY3mmkdGO1GxF88f8ABXf/AIIo/stfEn4D/sJ/t5/8EsfCN/8ADHwV8bfEfhXwpJ4JvrmV7S1uPEAUadeKJJJWtHSdha3ECPJHvkjMYUI5f7y+PPiv9iX/AIOQf+CcH7JHhxf26Pgn+yb+1l8PntbnxFofjK9ghkhuzZLa6hGttNPC81vI0cVxDdRGRQoEbhXZxH4R/wAFdP8AgqR+yp+wz+y3/wAE3/8Agnn+xJ8YPB/7V3jf4L+L/BHjDXte0i+iudLaPw46zQ209zbtJCLu7vEjlaKJ5Ps6QurgF0ot0Gm7nT/tsfBL/ghD/wAEDfDnwH+AXxi/Yh139vH9oTxTox1fW9Y1rUNswsUk8h71kllMFr5syTrDb28f3YJPMlyqvJ4d/wAEm/2MP+CM3/BSv/gp9+1bF8Jv2ata1n9j6D4WaL4l8P8AhDxFqurWdx4W1yWe3jvoWaK83ttcyqAJpoQG/dttwB9d/wDBSX4Jf8ExP+Dhiy/Z8/a2+Cn/AAU8+Af7MnxS0Pw4PD+v6D45vLSC9g04zPcrDc2E91bTwT281zeL5q+ZBOH+R9qB28b/AOCGc/8AwTu/4Jw/8FVv2zfhd4H/AG9/gv49+Cdp8KNFsbf4ieIvFOl6XpniPWzc20t5Fp87SrBJGjlgqxyzYCnMj4JoBvTzOR+Jf/BtV8PLf/gtV4E0Twx4WGj/APBKfUvDn/C2dTvW1WVrDS9Ns1RLzQjqMkvmMJbprZ94kDR2V9vVy0DNXdf8Fcv+CCX7HEn7fH/BJj9kb9jr4b2v7NemfFy/8ap40v7LU77UGOm6RbaffSSxC9mmCzrbtfrGBhWkeMMDivzn+Jv/AAcOfFjT/wBk/wDaF/4Jt6XaQasuo/FXWdK0j4oWutxiG18BTay072CIiES70M0AuPM2fZLgqBlFY/uH/wAFkv8AgrB+yd8B/wDgpB/wRb/ap+HPxs+E37QvgDwNf/EK08bx+BfEtlrsukaZqtlpentNIlpK+2RY5bieONipka2KjvQHvHlXxJ8Cf8G737Mv/BQr4W/8EafEP/BORvG3ivWptD8Mat4/vdXuZLix1vVYInsYpLk3K3TPMLu0LywvEsTXKhEwmB+XP7TX7Kn/AASg/wCCI3/BQb9oL4I/tzfsrfFf9s74FeMfDOg+M/hAtjrklve+FbGS41CC8trx4ry0EzCa28tHbcxjgRiAXJb9lfjL+xH/AME4v2qv+CrXwr/4LV6J/wAFVv2VNJ+CFhqXhjx1rmg3PiOwiuG1XRLe2jtF8+W6T7LG39n2JlimjEqMkq7cv8n8s/8AwcYf8FD/AIU/8FGf+Ch+ofEX4E30uu/Bjwd4WsvAWg6yYnhXxCsFzdXU96kb4ZY2nv5o0JALRwxuQu7FNK5UNj+pD/gpp+yP/wAG73/BL34IfA/44/Ff/gmd4t+Ieh+Pb8WOk2Ph7xRqouLYfZPtJe4M+rIowpVcKW5J5wMn5S/Zr/YG/wCCK7f8EIbz/gpz+0b+x5461/SF1nxHrDt4f8SX0WvjTl8c3Wn6bpyE3iW4AhFlayyH5vL81wxfa1cV/wAHT37UX7NPx1/YZ/4J7+Evgn+0P8Dvi94q0nWTNqul+GPFlhql3piDR44y1zBbyu8ID/JlwPm468V96fsB/BP4U/tE/wDBpN4E+Cfxz+P+gfst/DHXoNbt9T8fataLc2Xhxk+Id1LBLcRvLCpjaaKCJi0qBRIWLACklYnpqfG/7R37AP8AwSY/4Kef8EQvjV+39/wT3/Zfb9k/4pfDLStY1YRmaSO4T+xolutR0/UEW4lhu1lsgZYpz+9DtCSVzLE3lf7RX/BDf4D/ABM/4I2/8EoPHf7Fv7NVjYftq/FjUvh7Y+IPEiavqU32uLUdAu7i+urqGWeSCG3WWOO4keOJfLSJtoC5B9u/aY/ao/4Jxf8ABHH/AIIcfF7/AIJz/smftnfCz9uP9oL4n6frWj3V/wCE9Ss76GU6xELXUNRuhZTXMNhDFYgRxQPM8sj+URuUySJ9f6v/AMFn/wBmH9hf/g3+/ZD1X4W/Gr4HfEv9smx+EXhXwp4R8K6brdhquq+F/EcmiC3kvb2yjkeW0W0jN2XMiqC+2BsGfBa30IV76HyP/wAFrP8Agi9/wTM/4Jt/8E0/gv8AFfwR8B7nxb8QvDvj7whofi7xUfEGpDUPGNkDKNTDwm7NtBJc+TJ8saoIiwCFNor6O/4JZfsif8G73/BVn4YfGz4ofCD/AIJl+KfhtpvgS/gsdTtvEfinVvOujLbvOrwfZ9VkUjEbghipzj14+Dv+Clv7X3wG+Ln/AAbEfsbfDS2/aZ+D3xF/aMWbwfca94bg8YWN74hiuEjujcvdWSytcI6s3zl0G0nnFa//AAaZftR/szfAP9l79vnQPjp+0T8C/gvruqa3p02mWXizxbp+kXGoxjTrhC0EdzKjSqGIXKggEgdapRdrlJaXPA/2Sf2Mv+CSv/Bcf9uH4RfDv9in9lL4v/sW/s+fDrw7rHiv4wC+1yS5u/Gyvc2EOmadaSPeXf2YlzeNJKNpMXmBcPsYfsX8Ev8Agmz/AME9f2rPjp8bf2MPH/8AwQJ+L/7JnwG0q01CHwT8brq+1S2uPET28qxJMZXVZrWSRc3EIuJrhZAm2VAWMZ/lx/4Nt/8Agpp8IP8Agm1+2/4p1X9oi/u/D3wL+IHho+FtU1yGB5x4dvVuop7W8njjDO1uNk8L7FLL56v0jYH+jX44/sy33xR+Nvjb4+fCj/g7KufhN+ybrmr3Gu2+jp8XzPN4ZtJJDIdNtZV1uOJ0jBMaM6I6LtDxyMpLkn0BtrQ/hR/ba/ZuvP2O/wBr39pD9l271hvEX/CDeMNS8O2+oumxtRtYZ2EFwyDhWki8pyo4BYjJxmv7Pv8Ag19+On7PXw9/4JUftt/DT4w/tefBb9krxL4o8fazpmka54n8V2Ok3GmSXPh2wt4r63S5ubdpDFIS67XXLR4DKeR/GL+3FqHhjU/2wv2lbvwV8cPGn7S3g/8A4TPVItL+IHiK+a81LxhaJcMkeoXFwyqZHlVVfdtAIIxxiv2x/wCCaP8AwRe/Yk/4KPfsf6D4+l/4KUfD/wDZk/a3g17UbHWfBviKbTbxJLFJALaaOxe5tLqLehJ87dKjFSAoIOKcdCm9NT9C/wDgpV/wRh/4KI/DX9hv4i/tRfAb/gsb8b/+CiP7Ntpodxq/irQ5/FWprbal4fjB+1XVuy6pe2eowQqkkkqMYwI4pSN7Jsb+JgKB7mv9Fj44/FH9hj/gg/8A8ETfj9/wT/8ACX7YPg/9rb9ov4gaR4m0mz07SLu2e5F9rVn9ilu3sIJ7j+zrC3h/eATSHzpY3CktIVX/ADrggHXmiGwoS6H98/xc/Yn/AOCHX7DP/BIP/gm3+3z+1L+w740+K/i3xX4d8ASahB4W8SX0EvinX9R8NPqEx1BZbxIktCbe6mZYguXWJMFGcVwX/BVn/gkb+wp+1t/wTs/ZT/4KMf8ABLb4Lad8Atb8X694W0Z9DLSWlrqNprWoR6VDFeWqyTRQXltqF1bRNLASrKZsmXbEw/Tj9q/9kD9nv9tn/g30/wCCSfwg/aR/bO+H/wCwn4Qt/Cvws1rTfGfii1t5tPudRj8GTQrYSfaLu0jQyQ3N1IrtMvMAGDuxX54f8FUf+Cp37F//AAT6/YL/AGLv+CbX/BPj44eDP2rfFXgXxH4P8RavreiapDqGmx2mh6nDq6m4v7Uvbm7u9RtYHMELOYUWXfsPlh5i2KG51f7YfwD/AOCCP/BBjT/2X/2df2i/2JvEX7ZvxO8Z2DX/AIp8YahcGa9tbGOWOCbURbyTrFFvkM3lWluE+WBg8u7Dyfj5/wAHKH/BIH4Hf8E4/iR8Dfjf+yYmoaV+zj8T4b5IfD013JeR+GdTtVgkK29zMzSva3EN0skaO0jo0M+X2tGq/ux/wUV/Z+/4Jxf8HEUv7J37W/wr/wCCmHwM/Z5Hh/RDo3jLQPE95ZxazY6bJMLlopLSe6he1vIHe7Tc6vBLvVkkKoDJ51/wU8/aA/4Jw/8ABYT9vz9jT/gnRYftdfD/AMB/sk/CrTdZ8TeMviFDrVnHpGvXixWkUGi6ZqlxNHAzCCCbddo0qHz8IHMTYUZWEpM6/wDaw/Yx/wCCBH/BNr4Uf8E+oP2kf+Cc3iv4p+Ofi9Y2WkpeaB4p1YtDqEdtp/2m4uhNqkICtJqCNiMH+LgcV8/f8FTP+CQ3/BO34Bf8FWv+CN3wD+EH7N+leDfg58T/ABJe2PjrQote1aaLXoIruyVFaWW6eWL5Z5FJidMgjNfK/wDwce/8FJf2bf2uv29f2D/g7+zn8RfBnxC+Enwe1NJdT8U6NeRy6LLqF/fWBmitrpD5M8FvBptsTPGxjDSyKD8jV+o//BYX9rn9lHxt/wAFiv8AghV8Q/Bf7Tn7Pni/4f8AhnxXqU3iTXdL8Z6bd6f4fja808q99cxzNHbKQrkGRlBCn0NVHoSeS3//AAbpfst/FP8A4Ll+KPAXhf4J/wDCuP8AgnP8PPA/h/X/ABVo0WrX/keItevVnS20uK9mmacGV0WeUJJlY4tgKG4javmL9rf/AIJVfsD/AA0/4OQ/2E/2JPBP7P8Apmh/ss+MfBNtrHiLwiut6m8OoXZTXcv9pe4NygJ0+0OFlA+TphiD+jf/AAVQ/wCC2vwM1H/gox/wTk/Y/wD2afj38KZfgkfi94P8efGrx/ofiCzOi3qR39sttYXOpxv5DxwxW8dxcOzlVCWaFh5MiD5n/bZ/a5/ZY8Tf8HT/APwTp+OHhv8AaV+AmvfBHRvh/a2OseMrPxfp82haZcbPEf7q41FZTbxv/pNuNrODmVB1YUJvdlqbNub/AINuP2dfiH/wWl+Mul6h+z94p+Df/BLjwJ4K0jXJ401HUrXTfFOsS2cZewg1W4lMpjVhPPcNDMDEI0QmMzKa+df2E/8AglN/wSf/AOCr3/BU79pDxd+y94S8Q6R/wTa+Eug+H4Lnw1Bfala/8Jr4humu0BS4uJnvE09hYXEjFZI5GIiA8sOa/ZaH/gvH8BrD/gsV8dP2JfjR+0B8BPGv7BPjLwPpSeDvGEet6bNoGia19g3XtldarG/ktbXavPGxlkby54YY1C+c+Py//wCCUf7S/wCwt/wRT/4Ko/tpfsj3v7THwa8Ufsa/F230XxD8N/iPpXiu01jStA+zS332fTNWvreR47eQLfXUDzSkDNrBI2xLjcEpMXOzrP2QfhB/wb9/8FwPF37Tv7GvwB/YY1f9lfx54S0S41fwf4+0i9aC91HT47pbT+01iSYq5WS4tSba6Eyuk4+ZXAK+C/8ABvl/wRq/Y1+N95/wUv8Ahr+3l+z1pXx7+JHwf+Iy+CYni1jU7byZbQ30N1HbpaXMKyb5bXI3ZJ+UZFfZ3/BOn9lT/gm3/wAEB/iZ+1N+3T8R/wDgpv8As/8Axo8Jav4YuvDngfQvDuo2dzrE+kSXkN6YUt4bqV728c2VlGvlKIxtd2ZVY7OJ/wCDbL/goX+z5q2u/wDBWj43ftA/tCfAL9mTxn8UvisfG+nWPi7xfp+ltG982oXDfZ1u5YzNHE9wqkqCOAD1ov7ordjW8Nf8Et/+CPP7UX/BOn9rX9pPx/8A8EvPj9/wSi1bwXY6wNO1jx7rWt2N/E9vZCaHULWC9uWjuoWldYPKkhYPIGjjLOQV/wA9O22BX24xk9q/0+P2PP2p/gd+w7+zt+1S/wDwVS/4Lhfsj/8ABSnwdrscD6b4bsNb0zXbuCzSKdLq0hsIppri+N151upgEZjj8nOQJHI/zD9Wn0+61rWrzQtPl0jQ5byaSztXlMjW0BclIy55YqpA3HrjNQaQ2P7a/wBpr/gh18Cfih/wR1/4JS+Pf2Lf2bLGx/bW+LGqfD6x1/xLHq+pTC6i1HQLy4vrq6hlnkght1ljiuJHjiXy0ibaAMqfQf8AgvX/AMEUP+CfX/BO/wD4JLeDfiD8B/hKH+P2j+J/DnhvUvH1xrOoSXmvu0U6Xc81q1y9rG00kRcxpGFjPyrtCivunXP+C0H7MP7DX/BAL9kXVfhZ8avgd8TP2yLL4SeFvCvhHwrpuuWGq6r4Y8RyaKtvLe3tlHI8totpGbsuZFUF9sDEGfB/OP8A4KWftdfAf4t/8GxP7G3wzt/2mfg/8RP2jEm8H3OveHIPGFje+IYrhI7o3D3VksrXCOrN85dBtJ5xmrXMQpPqfxpfAj4SeJP2g/jf8G/gL4Lmsrfxj438V6T4R0l7pisKXl/eRWsJkYDIQPMhJHbNf3TftifBv/ggB/wQv1b9mf8AZN/aB/Yb139rX4i+LdHi1bxb421S6a4vbLTjcG1bUjC8wRGeSG5KWtqsQVYDly53P/Db+zT8ZNR/Zw/aM/Z//aG0nS4Nd1XwF420PxpbWMrbEvJdPv4btImbnAYwBScHANf3zf8ABRn9lz/gm3/wcDeOv2WP22Phl/wU4+AvwR8P6L4bg8PeNtB8RX9nb6zbaSt3JeCJ7ae6ieyvI2u7yM+arRNvR1dlQeZc9ipS7H5+/wDBUP8A4Jtf8Ewv+CMX7e3wh+OHxn/Zw+IX7Q37AHxN8L69b6f8OdP124Fz4U8TWklkS0N413BNLaGG6VkSaZ2DNLkuFXb+k3xd/ZD/AODd34P/APBL7wN/wVQ1v/gmZ4t1P4R+ILDR76z8O2vinVf7Yi+33KwIkm7VhANhYsSJDwOOvH4s/wDB1V/wU8/Z5/be+M/7Pv7P/wCy7420X4o/Dj4XW2rzar4p0icT6Zq2q3xtU8iyuFytxFbxWK/v4yY3a4cKWCZr7O/bL/ah/Zn8Qf8ABqR+zr8BNB/aG+But/HK10XwbDdeC7PxbYTa7bPFqKvKsmnJKbhCiAswKDaBk4FS76CtI0/+Cbn/AATw/wCCVH/BSH9j7/gqt+1F8KP2Gtc06HTNf12x+Eeh3+v6tNqvh1YfCdlNBbpHbXrLPI1/JcTKrGViZVTJACjy34Xf8ElP+CbP/BN3/gkTH+1v/wAFhvhT4xv/ANq34gw3tp4V8MXN5qdrf+Gr6e2nbT7GPTraaAC5EcK3Vw90CIGbyjtK7ZPS/wDg2t/bO+CH7LX/AASR/wCChkHiT9pL4I/B747R+IfEWu+ENJ8QeKNOstSvrpPDNqLSW1srmQPcZuIdihUYM6lcE5FeqfFT9rP9kz/g4A/4IjWeg/tH/tH/ALOfwI/4KL/D2SS8sIPFnizTfDv9q+I7SEqJ4IZ5Ig9lqdq5VtiiKG5YgDFsMjvcg8k+AX7A3/BHj4S/8G/f7P3/AAUj/bB/ZA8YfFnxZCkV74huPC3iO9tNT8SXEniOexgt5N13HDFbNugSQxBHEaEod3XQ/b//AOCfH/BLv9uf/giHe/8ABUj/AIJ2/s6j9l/xn4TtG1N9LhU273ltaagLLUrDUYVllhd41EtzFcp+8fy4wxUSuq/dn7P/AOz18G/2pf8Ag1N/Zx+B3x5/ac8G/sffDnWbS1E/xA8QW0U+naNcReL5pYFnWW4towkskaQ72mQKZAcnGD8Tf8FDv2v/ANgD/gmR/wAEPof+CTf7HP7V/gL9sf4x+K7WbT73xD4W1O0v7e1t7rVPt2o3989nLNBbF0LWkNr5rShXjc7xG7ue0K2ZtfHz9ib/AII9/wDBv1+yJ+y/fftu/sez/t2ftXfENpYNXmutSJgimt4YJNQ+yRySC3htbZryCKMrGZpjIrO4H3Pi7/gtp/wSA/Yv+FvgL9gX/gol+w34X1rwN+y58Zde8M6Xq/gu4u55IbaPV7T+0LO7tmklkmtxLbx3CSxeYyRv5XllAcV+nP7abfsOf8HMf7Iv7G/j3wx+3p8Bf2SP2jfAX2ubxJ4Y8YXkEc+mSX8FompW/wBlluIJXjWbT4Hguk3RyIpUlGZtnx7/AMF2f+Chv7Gvhv4C/wDBNr/glX+y18bfC3x18OfCbxD4OvPFfjLSb6K706ws9EsP7Ntbd7uFmglndZpp5hGzCIwIpbLMoFe5J9Xft6/8G9n7M3xB/wCCmn7F/wAFf2Zvg9Yfs5/sqReDtV8Z/G7U9K1O6jhbR7W9iVYGnuJn2T3GTbrgjYplm2sIGr5v/wCC5/7IH/BJD/glx+2D/wAE1fGWu/sQRa1+zHrdj49bx/4O8M6texXPiR4bSyi09xLLdoymC4vVlwsqAgNnd90/QH/BxN/wXn+AetfBTwJ+yv8AsHfHnwL8SdX8fXlu3xG8YeF71biLSfDdvPkaaLpOktxKzlgGykCSqRi5Br89v+Dt39s79k/9sPXf2Dbv9lv9oP4WfHeDw/ZeL01pvDOqx3o0tp30kwifYfk3iCbbnr5belOF+pab0P1csP2RP+DdfV/+CT8//BXaL/gmj4o/4UlFp9xfHw63ijVxrWYtcfRmjx/avkZ+0Rls+ZjZz14r4X/4Jlf8EuP+CYX/AAUx+IX7XH/BSHwP+yd8X9C/YX8Cxw6D4L+BttqtzPqfifxHZaRDe6h5skd3JNJu8+0EFsk4EslyQxCoUeDwh+1L+zTB/wAGeOrfs63H7Q3wRtv2gF0zU4D4Gl8VWKeIHd/iJLdKF01pRcNm3dZhhDmM7unNeV/8GwH/AAVV/Zb/AGfvgP8AtLf8E8/2qPjNJ+y/Z+N9Zu/EXhH4gnUDp0VneXumwafdRnUiPL064iWytbiC4lxFu83LKyosis9Ra7n6WaB/wSA/ZN/4Kffsf/tIWV5/wSE+Iv8AwSI/ai8KxOfAt9cXFyY9afyJJLV2Z44YrqJ3gMNxC0LSRLIjJLudWH+dHkDcuenBr++/Xv2XNZ+DC+Mvif8AH/8A4O1/HHiz4G2Vld3unaP4c+K7jWvEyiNmitkX+1rpSzcArDBcFhuwq9R/ApHGZJo4oymWYKC7BRyepJwB9TxTgxxb2P719f8A+CY3/BHb/gl//wAEof2ZP2zv2q/2P/in+3z498cW/httT1DSPEWoW6W91qunSX4aOO2uoLeDT4hEYUlZXkd3hDH958vhf/Bfb/gmp/wTq/Z7/YM/YR/aY/ZK/ZbX4Ba/8RPHXh+HUYX1zU7q4/sq/wBHubw2c6XNzKqyKyRAsmCCpwcGvtrwF/wUo+G3/BDr/gh18Pvhjov7ZfwX/bQ/bmvY5bfw14c0LxrZeJrPwLd3ahxbP9lnlKabp0Y6EhJrg7I9scgMfjH/AAcS/t0fAT9qf/gmD/wTa1fQ/wBo74CfEz4yy+OfCfinxjo3hnxPp97eaRM/h+6a7knsreV5LdEnm2EMo2MwU88VK5hRep5X/wAFsv8AglL+wD+y5/wUO/4IsfCL4C/s86T8Pfhn8UviRFoHjzR4NZ1KeLX7H+3NDtzGzz3DyRZi1C6QtE6HD5BBANZP/BQj/gld+wJ8H/8Ag4E/4Jm/se/Df9nnR/C37N/jrw3p+oeK/C8WtanJDrE7ahq8bO08ly08eUs7dSI5FBEfTls/sT/wUL8e/wDBIn/goB+07/wTv/abuv8Agr9+yx8LLn4C+MU8XQ6Omq2F+vilRqGm3v2ZpWu4TaHOlKm/ZLgSk7Mrg0/2pPFv/BIr9pf/AIKgfsdf8FKp/wDgsJ+yp4M1D4S6TDpQ8Hpqun3UeviO5vZ1f7d9sQ25zqLgjypMhB0yaaehJ+K/xb/4Je/sJaB/wdBfs9/sG6R+z/pFl+yXrfhdtR1PwausakYLm4HhnVLsObk3H2lf39rBJhZQMpjGCQfsb4Qf8G3v7OHxH/4LZ/tgnxJ8DJvCH/BND4cWfh+HQvDH9q3623inXr/w/YyNZpemf7UYoJri4upNswYSNax8pIy19V/8FAPht8K/2Z/+Dkr/AIJY/t5fEn48eCPCPw6+IPh/xhpt/ca9cW+maX4cTSvDE9vDO+pzTiJ1uX1iJVDBAGVQC5kGOR/a8/4Lb/AX4g/8FsP2Bf2Yvg98fPhHpn7Jng/xPceKviZ4/t9fsotB1/X5dDuoLWJ9VEn2eWC1heGMyb9pnl8o/NbLRzN7AfmJqv8AwS4/YMtf+Dojwz+wTB+z7pSfskXHhJtUm8G/23qZga5/4RWa83/aTc/aR/pCLJtEuMjGMcV9S+Av+Dcv9l+f/gq9+3z8RPj58FvEnwj/AOCU3ws0fTdW8Oafd6lqFnp3iW4k0W1urxk1EyfapbCzZNQkmaOUMJGhTeQroeb1r9q79l2X/g7s8K/H6P8AaQ+AsvwIi8FPaSeNh4w046DHP/wh08PlnUvO+zh/NZY9u/O8hepxX6Z+BP8AguB+y98Zf+CmX/BQ/wD4Jx/tU/Gv4AeJ/wBiLxD4esrf4feMJ/EFhb+Hbu1l0C1TWdHuNVWVYpRO11ctHJ5gKvDPGGLPGoG5FvmPz6/4N1/Hf7Gvin/gtx/wUTk/4J9eD9Y8B/shX/wr0248I6Vfi6WaAW0ukQ3blbmWWYK95LeSL5jlgsi8KPlX+Nv/AIKa6p/bn/BSL/goHrYURrefG7xzdYHIG/XbxsD/AL6r96P+CeX7M3w+/Yy/4Kfftj+CPhb/AMFrvgP+xd4G0Lw6LbwX8U7TU/DPiCy+IGhX15DNHZM13cC0FzELaAzIoLpLCSoCEM384/7X+m6fpX7V/wC03pelfF2w/aA0y3+IPiGG28d2ghEPjSMajOF1WMQM0Wy5GJx5bMmJPlJGDTS94dup84VLE+xs0wqR7im1Zd+pV1VDMm4Dkc1Dpdz8rRseRxWl5IljYc5/nXOOGs7nuvrxWctHczk7O50ZlUEDjHSpN64yDms0K0ihxyKmQsDtJBFaD94ublxnIxSgg9DUIUnkCja2cYNASfQnyB1OKaxYcjGKZtY8mlUNwc8UE8jAPnrgU0sTxnIp+wepqJkYMCMsKDTnQUuSepJqQqGUeuKi579aCgoopQM9wKDHkZEWKtzyKTIfu2fepimRglc/XpUYQDrzQVBdSNgUGTikimZTzytTMu4Yzio40KPg9KA1vqU9QthIPMQYaoLCYspjY/MK3mRWXAx0/OucvIzby+ahABqXo7hJW1LbIWfkkd8ipSGXg859e9V7e+ikwjkK3qa0mQSqNp6dMVRCVyqGORknFPLjsf8A69SC2fAz1+tL9lJ60AlchD+opWYbSQc/0qT7IfQUotSMDoPrQX7xFFLu6Haan8wDqCKRbQKQQ2DTjbFjktzQaBvUg4NVXA5IIPtVoWoHUg0v2Zf8mnZmPIyjTTLsZQwyv8q0DAB2zUbW6N1DA0g5GKqBl3R81WuTlCGySB3q5CnlcbiRUN8VCE5ANAmrH0P+wZx+3h+xMB0/4W74O/8ATza1/Vh4m48R+ICeALy4yfT52r+U39gxh/w3f+xQRyB8XfB//p5ta/dv/goj8c/EvwM8JXEvhGyW88Sa3rlzpNpuwUif523tyMjCnjucdK5y4uyPxN1Mt/wsz45bQpH/AAnWtdf+vg1s23nZBFvGw9PWuJ8M2Go2dte3etXz6lrl/dy6hfTk5Mk8hy5z3Oe/c5rtbZkDL/x8Nx1BrxMW7ttHjYmV22dLYpfA/utOtpeccjge1djp8WvEKIfD1hMQQfujFcXaNaAZZtQHOMLn/PrXXafJp20Fm8QEA/w8V8zjXpseJifJHYS2Pim6s5rY+C9IaOSNkLELkggj+tfs1/wbk/8ABUTT/wBhzU/2m/h741+Enxj+JEd0scmnR+DfDV3rT28vnyMRNHbKfKXoAT1wa/GGCXRViQBfGTHrlSwH86/ou/4M3Ch/al/bUMfnBPsGn48z73/HxP1967+F3LmkmjqyCb5pI+Yf2zvjl4F+Of7Q3xI/aCvv+CNnx7/aG8Za/fvepf67o+v6WbNiFG5Y0iKn7ucEd68xsf8AgqN/wWh+Fnwzh+DX7Kn7HHxp/Zy+GEM001tpFl4KvL6KJpDl8+dbfNnvmv8AU0rmfGXiaz8F+EPFPjDUUkk0/SdNudTnVTgtHDE0jAE98Ia+yPpj/HP+M/j/AP4LP/Hl9Sk8f/CP9pYNdkmb+y/AN3p2c9cfZ4Ex+FfMyfs5/wDBQq9j2eJv2a/2ufFjDjde6PrT8enK9O1f62n7Cf8AwVq/Y4/4KA6QW+DvxJ0K28bRR+Ze+Hbq5BvLHBwQ52hCRkdCetfpwrK6qysGUjIIPWplFNWZMo3Vj/Eo0/8AZk/au05/OT/gnz8bri5PLyS+FtVcsfU5jNdv/wAK7/bF8OWFzfXH7AnxQ03TbaJpp7ibwZqCrBGoJZ2YxcKACST2Ff7UdeFftQf8m0ftFf8AYi69/wCm+auGpldCfxq/zZyTy+lL4l+LP8dX4d+N9T+Inhxdf0jwboDQLKYJQqABJAqsV59nX860tRh8RAtJL4a0+IdPlQDArw79mJ9NHw/1gXi+IzJ/bE2DaE7MeTD1xxnr+le03zaYobyz4lC9t2T+PNfC4qgqeIlTitEz5StTVOvKMVocjex6iFYS6XaIR3UDj3rl7kXIyrWsSfQda6S7azDbV/tXnpu/z0rnLpo8ABbkY/vV7WFkelQfkcR4uLjw34jJVFX7Dccf9s2r+gX9lBlb9mf4CiMhiPC2mg45wfs6V+BerWsV/aXthKZBDPC8LHuAwIP86+6/+CdXxx8dR+K/+GdfFm7UrC002S70i8zwLWIoojYZzwGAHsMds19JhJrlse9gnpYq/wDBagkfHz9lfH/RE7D/ANSHW6/IoSEc45r9c/8AgtY/lfHz9lgMRx8FNPBP/cwa2a/IH7REejA16lF2R2N+8W/M9qXzTjbjiqf2hPUfnSfaUB7H8a1TWwRn3LolI6CpVnH0NZv2hPT9aDcKOoNPnQ4voanne/61IJ26EcVkfbB70fbV9CB/Kpc+xErdDaEoOMA5orG+2r6UUe0ErdTQMuMZwDULSgc/eqIjPcioipHUiuHkR2uqSmb0zTDJnkfrUdFURzsXOT8xpzBQMDrTKKCW7hQTjk0ZHYg1IsaEbpGAHXFAj6a/Yo/aP8M/so/tP+Avjd4z8P694j8M6fY6xYXNrpnl/aSt5p09oHQSMqsVNwH2llyFIyM5r0D9oj9qPw1+098ZvB2r+EvD2taH4e0rTri2hbUhGtzcvJtZi6Rs6qAVAADHPJ74Hm37GP7PHhn9rH9qDwL8E/FOv614b8OXtlq2oXl1pqobny7PT57sxxmQMqs/2bZuKsF3Z2nGD6J+0X+y74e/Ze+Nfg/Q/CniDWNd8P6rpct1ENRZGuIHU7GVnjRFYEkEEKO45xk74T+JH1OTEv3Wc1DjdjcFHYCtSBlUqfNCn1wDWZCrHAAQ44rTtyxAAEYJ7mvvcH0R8XjUludDa3BBXF95Y+ldXY6nKhUDXnhxyAFrk7SCVyVVbYY7k9a6OON7KE3F1PodnbLy0s8oRVHuxwBX12Xy5feZ8Nmcabdt/u/yOzXXJQqj/hLHAx/cFV9R1a4vdOv7OPxe8cksLxK2MbSVIzx9azdKmtdajZ9H1LwjqqL95ra7SXaffaTitj+xtQ/55aH/AN9ivdco1INJ3TPlIxo0Kqk9JJ31S/yPvz9gX4w/D9fDH/ClnSy0Tx7ZyPLIxYD+2sknzQx6tjtX6OahqFjpNjeanqd3b2GnQRtLNNKwVI0AySSegr+a/XfBniGz1Gx8W+G7yy0nxBZyCaCe2n2yIw5BU/0r0/4k/tL/AB2+O/hPRfhzrTaTounxKq6jLZzlX1cjjMv90dyBwa/h3jz6PuNqZuqmDd6VV3bfT/M/3l+jd+04yLK+CJYDPYWxeEgo01FWVSysk7bNdX1R9haz/wAFJPD1p8X4NJ03SFvfhHG5s7nUgD5zy5x5yD+4PTuK/TPQNe0fxRo+n6/oGoW+q6RdRiWCeJtyupHrX840Pw2aLSjp5g0JpCvL+aOD9K6PwH8ZPj18EtC17wB4T1/T00O9UrCJpN7WTN1aAnp/jXbxz9G+UMPSnlfxqykn18zxPo//ALV3/hSxcOM9aE3KVNxWse0bdj75/bj/AGh/Bs2k3nwI0OHTvEPie8K/bblsNHo4BB3A/wDPX0x0r4UOuXH/AEOEo/4AK4nw74G1mGaXWtZm03UNZnYyySTz7nLHkkn15rtDo2odTHof/fYr+h/CXw+jw9l/sL3nPWXqf5tfS7+kvPxN4lea14qFKneNNJK6jfq7asR9anKNnxXI4x02CuYv9SkcOP7ceQH/AGOtdC+k34ViItE/77Fc7eWN2pYFNKIH91q/R8XJ8p/MWXxoc142/D/I5G5uJMk/bmmXJ7YrAuG6/vcfhXRXccqBgyWvHoRXPTEkkAIff0r5DGpu5+h5dyq1jJkA3O27J9cV1P7O/wC0/wCGf2Y/jP4x1rxdoOua74f1bTYbaY6aI2uYHT5kYJI6KwOSDlgRxjpg8vISCwKriuq/Zx/Zc8M/tPfG/wAX6D4w8Qa1onh7S9Lhu5RprItxO7naqh5EdVAwSTtOeBxnI+Kzd+6fbZX8R5x+3P8AtG+FP2tv2pfGnxt8GeHte8M+GL7T9G0+2tNT8sXJFnp1vaF5FjZkUubcvtDNgMBk4zXzAYcgLnC+1fSn7b37OXh/9kz9qDxx8FfCOv6z4m8OWFnpWoWd1qKoLkR3mnwXYjkMYVWZPtGzcFUNtztXOB82R3KADdt6dK+bPepkTgn93Gpx61GIJB0B/Krv2qH0FH2qH0FBVkykYZfekMUx7Grv26H1pft0PXaNv40BZdymscy5OMt6mkEDk5fNTnU7YHBJo/tO2xnLY+lAaBtlYhVXC+tHkze9NOqQds4pv9qwe/5UDuiQxTd+KaYXPUA1GdWi6BQR9KiOpxjopNVG3UXOiaSKXGFwCfeprW28s+Y55ql/aiYzsOfSqdzqU8oIiVwtSK8TSvb2NMqpBNc/NcvKeuBVcxzuctkU7y3/ALpoI52WLVMuGIzXVW4QqD1NcipmUYUEVowXskIAKs2KAi7M37hHddiDAqslo4ySRmqn9rnH+rOaUas3eJqDS62Lv2V/UU9bWTPJIHtVIaqeoRhSrrAXgo1ArRL4tnByGal+zuGDEs3tVEayD0jNN/txAcFBn60D50XJLWRyTg4qP7C/pQNSLDITj3pBqm48ITz2qlbqF0xfsL+lH2N19BUgvZTyIjQLqYk4jP8AhRoGgz7K/qKmhh8s7mxTGnnwflNVn+0yDoVpKViia7uooVLMQeK5l5zczcHj0q9LplxKeQxpItHukO4IWpylcyab3Nuwt0jRHYgLjNWp5Y5QACMVkmK6QKu0g1GEuAMbTk+tSK7RsoqoOoz9afkeorC23P8Aeb86ULcZGWbH1q+dle0NolCcEjP1pd6qPvADpWRib1NGJvU1V4j5lujWDp2Io8xP7wrMWOY/eYgU4pKRgA0+dFmlvT+8v50olQHl6yTBMQGbPJxSGGXsSalyexk5M2BNGABvp3nxf3qxPJm96PJm96zDnZvJcJzhhUn2iIdWArBSGUA8mpPJm961ikUpo1nuIiv3l/Oq7SRnPIArPaGU8ZxTRbSHuT+NL2guZl7z44nBAy3Y1+51n/wXC8Y6f/wRiuf+CPMX7Pnhl/DEqTRv47fxBL9qCyeJTrhxYCHZkO3kZ837vzYzxX4Vx2ZHU5NNvFMcWAeOlKV+opX6mD9oXz8A8ZwDXQJMrRBQQTXISBg5YA9akhupA2NxyOxpRlYUZWOvUcDp+dLWLHcT7cgHpQbm5IIIOKvnRaqdzbBI6Gnl+OMg1g+dcZByc5zSm5uSCORT50DkjZorFFxdDuWpfMuvm96OdApo2aVec4YD8ax/Nuvf86b++J5LUc/kJz7H7w/tw/8ABbLxd+2r/wAE2P2Pv+Ccep/AHw38PvDnwkXwuIfFMGvy3dzrraPoNxpEZe2aBFhEq3TysA77SoUEjJP4cEpjhwTWMFmPQk04JN33GlF9kKMrGsGH94D8aUOF43AisnZN705Vl65OafOglK5rGVexGajDqvOQce9UvLm9WpoilzgkCi/kK7Q+6u48cECpbIrIC4II9KzJbCWTvipbaCa34zg0lzCi9TTuJdny44otmznPFRPEznJ5NIY3jUsCQfSrG5M0Mj1FZ9+48s4YH2rKe9nZ9i5psnnuBuz04qHPsEpXIbaQJJjoCa6mzu7fyRG4BbGCa5uOxlOCASactvN5jAbgazRUGdHuj3FgwpfMT+8Kw/sd16n8qa1rcr1JrTmfYPaG95iH+IU7fF/z0H5VzbRXCnGSaRUnBBJNHM77CUzpsp/epN8X/PQflWAqzMQMkGpJracJu5/OqUrhzs3A0ZJAcU4xqerCuSjkm83bk5FbAlkRADu3Y/Op9oHOz93vGv8AwWz8X+Mf+CO/hH/gkQ3wC8NWHhnS/soPjca/K91cLDrTaoB9h8kIpLMsefNPAJxzgfhvtH98VmLJI/Jz+VPEjDvVK3QuLuXmRCPmYUBUHRsfhVEyMe9GX9/yplF9ljIILHFVcLEww+RUYWQj5mwfanNC4yR8/wBKCdC0VhcfOQarJ5cbkA/maiKMBkggVFGjOe9Jy1Jm+hoGSPn5hijzE/vCofIP94Unkf7350xQ3J/MT+8KPMT+8Kg8lqaYsHknNBTloWPNTnmjzIyMkgD3qAQtwQTSG2JJOTQC5j7g/bB/4KP/ALZP7fNl8ItN/a1+NNx8XbPwJZXOn+FVk0PTNOOlwTiATKTZW8JmLCztsvKXb93weTn4mM8YON1QG3KAnBqIQk4wDQCbLRniPU5pfPi/vVB9lPqaabT2oG79CwbiIdWo+0xep/Kq32P2/WkNmcccH60E+8WvtMXqfypDNF221B9jGMUq2pHfB9qUb9RaotRXEa8ErisrVBFIFdGG4e9R3kDr90nNVYIJZDh92KTfQTl0HWd64BQgsBWgZnHzBW59azoY/s13slHB6V1qQQvEDx0oimEY30MXz2IBAANN8+X+6K1/Ii/u0eRF/dqh7dTJE8h6Kfyp6yTEAgVrrHEMZUflVlUh7qKBqLfUwTPKOqNTTcP3Q10hihOMKq/SoXhiJwFB96B8iOfeWbPyrx9KFmlyNycd62WijBwFFJ5af3RStrcXszHMsmThTimGaUdVI/GtoJGeQopjJHjAANMORoyPtEv92nCaU/w4FaPlp/dFOAUdVBFArW6meHmPQfpSEzHqoxWqCnHy4qdSgH3aBuHYxlM/QKcGq1xZyzgkjmunBiYYK4PtTlWMbgQMigpwucJ/Y83OADz0q1Da3tvwMlRXZkoOxNIwQjIXNKUEhciOdElyAAVDH8aDJcjsB+NbWVUjjPsaVvLOTtGfpVJXHZ9zDEtwP4SfzphurlR9wsK28D0FMeNWzwM/zot1JcWzGFzO2flINVJtRuYT80fHrW95ag/dANRTwJNGUKrntxUtPoK0jEj1K4l+6v5VG+p3aHDLg/SolV7KfBX5fpW8qW9ygJAJNSm2SlcyVvryVchcj2pDLqLYIjOKvSW0ts2YVLL6VdhnjkwHARu4NPl7jUdbGIG1An7u36imSC+lGGXj2FdWIkIyBxTCqDGADRyItU+51H7PvxEtvgX+0F8BvjVrGlXmt6X4R8Z6J4nubK3cJLeRWd9FctEjNwrMISoJ4BIzX3T+2j+3D4D/AGr/ABF8OtF+HXhbxdomjWmvS6tcTa1FDFM8j5VI0SGWVdoVmJJbJJAA4yfi74NfC6D44fHT4FfBafVT4eh8XeNNF8LSX6oHNkt7eR2xmCn720S7sd8V9q/tm/sN+BP2U/EHw7174eeJvGWsaHd65Ppc8OttDNKsiEsjrJDFEoUqrAgrnIGDzgYzj0M5Kx4PGfm2k8CtSByrECUpx6VmoBnOV69a1YEcMCBFnsTXg1tjxazNu1ncAYvmTv0rqLG/dVRW1tkBPXbyK5y0inwPlsmz/ePWtSS8tNIgin1S/wDDmlxM2Fe6uEiBPp8xFeHiYqWh5tdJ6HeQ6zIkag+LJV+sdf0c/wDBm1IZf2o/21JDL55Nhpx3f3v9In5r+bbTbN9WtIb7Trvwzf2r8CSGdZEJ+oOK/pb/AODMfSnvP2j/ANujUTPbW5s9P00NGesmbmcfLXbw5StOZtkkUpysf6HFeCftPu6fs+fG9UYgHwfrRP8A4BS173Xk3xw8K6n41+EPxR8LaKgl1XUfDep2FtHjmSWW1kRAPqzAV9afSn+IL8I/HHjD4f3moePfA/xL1bwD4v0zUTPataXDRtJt5GQCAwz2Oa/vG/4IEf8ABbb/AIKDftJeINH+Cnxp+DniD4t+DYlW1j8cSWs6JbRoNqqTHF5ZwFAyWzWP/wAEqv8Ag1N0vw7oes+Nf2+msdVvdQdprTQLSJobnT84+WZnDI2MHoe9f2R/s7/sxfBP9lfwJY/Dn4I+BtD8FeG4EClLSBY2mP8AecqBkk859ayhBptt7mcYtN6n0COg4xXhf7UH/JtH7RX/AGIuvf8Apvmr3WvA/wBqa4ig/Zp/aFWR1Ut4G14DJAz/AMS+atTQ/wAXL9mrUGtPAOrxrrj6bnV5m8sRhs/uYef8+lezX2oyNuxr7ycdTHivF/2atPnuvAerSxf2cEGryjMzgE/uYentzXtN5Y36s2+LSSADyrcYr4LMUlipNs+QxdvrEjkbm6Z92NRaQ57pXP3UrMSxuSwB44rpLiCdQwKWIPI9zXP3SScAiLdk9D0rtwzT2OyhboYdx94DdnitX4P/AB90X9nH4/8Ahv4i+ItE1PXdFOk3GnXUVkyeekcjffjVyqswKKcFlBGRkZyM6Uc4O0960vhL8AtM/aR+P/hX4d61q2p6Noa6XcX99JYqpnaKMn5I2ZWVXLMgyykAbjgkYPvYXezPWw0tbGj+3/8AtZ+Cf2xfiz8KvFvgDw34r8O6F4a8A2XhJxrCwpPdzx397dPKEieRVTN/sA3Eny8nGcD4n+xn2r7f/bw/ZJ8G/shfF/4X+EPAXiPxR4k0DxJ4BsvFpOrmJp7SaS9u7WSESRIium6xLg7FI8zac7dx+NniKnjkV7VKN1qd8Y3MsWh7lvzpfsuO7VeAJwO9DKeOx7VryIr2ZTFtjk5NONuG78/XpVzY3pTcHOMHNNQQcnYpi1GeSSKU2q4znB7GrmD6Ggq3oQfpRyIIw7lE2gPVqKuFTkEnBx2oqfdBRj1Zk75/c039+TyWq9vXOM07I9RXGaGfib1NKBNjNXtykjHJoYqoyxAHvQBQAmJJGR2pryGEFnbkfpVl5wx2RruNMNmJGDStkegp3tqBQW+lc4Rc+lMlubmQ+UuS56gdqtTPEhFvbJukNamn6ekK+bIMueaRKTeh+i//AAR5s3g/4KAfC1ZSQX8PeLc/+E/ff41/Rp8Qf2OPgr+358F2+HNtZ2Hwt/as8LW93qng/wAXEM1rqq7d8lhfxqSzROI87lUsm3eudpjk/nf/AOCRr7v+Cg3wqx8oHh7xd/6j99X9UH7Fjv8A8L40iMuxjOmalkZ4J+yyD+RI/E04yad0TKCaaZ/GloGtW2vaXZ6tbQz20Uy58uQ5KsDgjI6jIODxxjgdK6S3e3OA3mkZ4rzf4aOf+EN0UZXH73kj/pq9en27OoXa9urA9xX3WXzvGLfkfEZmt0jasxo7HdMt7x/dPWv1h/4JBaZ/wTMsfir+15+0R/wUb1T4S+K9G+EngODV/hv8LfG+tW9pa/EbXJobyeQQ2s52X8yLZQ2ywOssYe+RmjZgmPyu06W5GCl3p8ZPHzgc16z8Lf2fv2gf2kPEPii/+BP7NR/aWtvhsml+MPGVvCLMWtrpUdw85huzOwY28qWlwr7Q4AJyOcHvztKWEd5W/XyPDyOrJY1JR5vnttrsft9+0fov7GX/AAUN/wCCFHxY/wCCsXw4/YV+CX7An7SHwa+KFl4Se0+GNjFpmk+M7Ge90iCWGe1gihjkQxa/Ed7I8yTWDhZFjleOvyY8C/sp/tKfFP4VTfHr4V/sR/tm/Ev4GpDNdL4s0bwVcz6feW8ZIe4tWwGuYVKOGkjDKuxskbTj9t/2zvjL4A/4Kdf8Gxvi39pL4MfCjw9+wZ4V+BvxYtdL174V+AI4LXwn4oubm40uH7QbaKCJiw/4SO2uk3HiVbjf5rMjp+of/BK/4kft36z+09/wStP7cXxy+EX7JOm6h8INS0j4V/swfDqy1hZfFHhe30lmg1rxPay3stppzRRW9qYA5eUtH5QhhZLjyvkMtz7EYSLjS2fc+wzbhzD4yUZ1W1bs7H8Vng7wdrvxM+GPxP8Ajj8LvgZ8c/iV8EPBKxv4v8W6Tpqyab4cV4xIPtUpYeX8pzhgPTmuhuPgN8U/D+kfAnxXffsjftP2OhfFi5trb4a3Q0MNJ49mnRHhXS4d++4DrJEwMYIxInTeuf6k/wDgmF8Gfgr8Qv2X/wDg5W+A3xT+JNr+zx8CdS+PWseHNT8RwaebmPw1pp1CeIOkCkAKo2ICflQHc3yqa4n/AIKj+MvGFr/wcp/8EkP2Yh4Xk+HH7Pvwk1b4daZ8MdCjfFpf2N7dZutRtE5KIr6fbacQT/zDF9c16b4xxkpXVvuPGXAmCirOU/8AwJn89Pi/9kb9qD4e+CPH/wATviB+wf8AtueBvhv4Tbb4o1zVvA9zb2ugjarl7hm6Rosis7jKxgjcRmvHbv4f+IIfg94I/aU1T9n745WP7NniDXW8N6F8QJtNxouoakJJ4/IjnDH599pcrjrmJuO1f3D/AAw+JHxE+Iv/AAWQ/wCDjP4A+PPHnjLxj8FLf4L6PHaeFdT1Sa50uwWTw7brItvayMY4Q4vLncEChjKxOSa/LL4PfCP4M/Gb/g1U/wCCf3hP42/tYeBP2NfD8Pxv1DUNM8W+JfD95q+nS6nHrfiEQWc6WvMCPvkc3EhESLE24jcKqnxniuZKdrX7GdXgDCKLcJSvbT3mfzufD/4XeMPjFqPjfTPgX8B/jf8AGu48L6L/AMJF4mPh2wFyNB03LZubklhsjHluSx4GOtes/Cv9iP8AbK+Ovw98L/Fv4LfsB/tifEz4Xa5bm70bXtK8O+daalCGKF4nVyGXcjrkdwa/o6/4JN/sT/tD/sF/tl/8Fgv2d/2m5vAOveK4v2aotT03WfDbSNpniLSJ2vBFdRJMiSId0c8MkbqNssMgUum12+OP+Dez45fHWz/4Jc/8HAGmD45fF66sfAP7PljqXgKJvE166eBrl/Dviy4aTR1MmLB/NhgkzBsO+KM5yikb4vi/EupKVFrkvpoYYDgbDRpxVdy57a+8/wDgH4et8CPjV/Znx81kfsmftMx6T8KZ5Lb4m3LaQix+BZUQyOmoNv8A3TBUdsNg8eteMTz+FJ40mshqzwuodCR1B5H6V/Sp/wAEMrPSPjX/AMEnf+C8cP7Rv7Qmt+DdK8T6Zps3iv4keIYL3xHc6f8AaNEmeW/u40Zrq7Kl8sFLOecZxX5DftrfsNfFj9hax/Zd8T3fxq+CX7S37N3xf8P3Ws/DX4heD4J7eHUorSK3eWC8tZxutphHdQsF3Nn5lOHjkVO/KuJp1Kjo4p6vRadTjzbhWNKnGvhLtLV3k9tPU/Py8Gk5YxLeBe2fSsGVrXOI/PbnPI6V1uoz3QJzd6cQf7oFcpcSSliDJAT6jvXoY2VjPLbu3+f/AADjvE+uw+HdLutWaF544lHyjqxJAAyenJH/ANev6vfAP7HPwU/YC+Dj/Da4t4Pin+1f4qtrLVfGPiwiWOy0mMpvisdOiYj90gb/AFjKHfJZsZEafyS/E4hvBWtltpO2PHr/AK1K/tX/AG0p5JPjtqgeRyF0zTlUEngC1jGB7V8Bm9R+05eh+iZZTXJdbn8rv/BXmBLj/goJ8UfMOAPDnhE/+UCyr822s4h0r9Jf+CupI/4KC/FLBx/xTvhH/wBR+yr84wCegryD1YbFM2cR6ioZLOLoAK0HO3OCCagoHZFAWEecmqd8kNvHtH3jW1KUijLucY5rl28y+uCBkrn8qCZabEdnZNcPuOdtaVxp8aRHaMCr8Ea2yKG49qlkJnBUJx0oKUbHPW1lG8u05atldLt/vbAT9KZHD5DY+97VsoCUBx+tAlBIzf7Oh/uCk+wW/TZzWiVOOC2frSqoU5PNBXLcoDT7ZOWCinfZbdl2og/AVNcZwcdMURPsU4X5j1oBJFIWsW7BRetWktISBlF/KpBE2dxIzU4Xbxz+NAFc2dvzhBTDZQnqqn8KuUUFcjKgsoB0Rfyo+xw/3R+VW6axwPegTVik9vAoI2Amqx0+N/nxgVaYndz26VIzyMuFGBigRmXEdvbwnaATWPZQLNNvYE/WrV85km8lDk9/atWxsvIQOwJPegzau7EzW0YizjHb6U21t4yQNgIqdjJI23GBV+2i2jlcUF2W5J5MSgZWgLGucIKsU3aoB4GKBkXyf3BTNq+lPAJOByasxQ55oASNUXG4D8qsNLHtwqAmonAAxgZpuwlc9aAKcx3nhR+VU3C56Cr7DBIqs0RJzWsGBVG09B+lLgegqzsxxtoERHbJo50BUXnOVA/CnYHoKnKqe2KTYvvVgQ4HoKCB1IFT7F9KjkUYAHFTd9gIt49DSKdxOQPyoVPX8qlEZJHGKnmZKv1IyeCAuOfTrQD0yuK6nTvCuoalbJd2zW7RHPBJyOSOcD2q2fBGsHOPsw/Fv8K3hQqSV1H8DkqY+hCXLKaT9TivM56cU3e3rXaDwNrA6m1P4t/8TR/wg2s8f8en5t/8TWn1ar/K/uM/7Uw3/PxfejjFMhyT0zUnpx/9auy/4QjWMdbbP1b/AOJo/wCEI1j/AKdv++m/+JqVhaq+y/uL/tTDf8/F95ykYJBwKydUJA2DgkV6PF4M1ZAQTb5+rf4Vl3ngDXrh9yPZAe7P/wDE0vqdT+V/cQ80w3Sa+9HBQ2SywnIBJ55qAaaIS0jZIr0tPAutxxhQ1nkd8t/8TUE3gHxBKf8AWWWP95//AImj6pU/lf3E/wBo4b+dfecZCIymFGRUvlp/dFdhH4A1yMYLWbfQv/8AE1I3gTXCMBrP82/+Jqlhqv8AK/uGs0w1vjX3o4oLGSAAM0FIx1UV2X/CA65/es/zf/4mj/hAdb/vWfvy3/xNP6tV/lf3F/2rhv8An4vvONCRnoop+B6Cuv8A+EB1z+9Z/m//AMTS/wDCB67/AH7T/vp//ian6pU/lf3C/tTDdKkfvOPCq2QNtVpPLhZRgk+9dwPAeugja1pn6v8A/E1G3w+15mDM9kT/ALz/APxNH1Sp/K/uJea4Z7VF96OWRkKg7cVIPLPQY+prrV8B60owGtPzb/4mnf8ACDa362f5t/8AE1X1ar/K/uD+0cN/z8X3nGtsIwBmm4AAAGP612q+BdZHU2p/Fv8A4mlbwNrJGAbVT9W/+Jo+rVf5X9wLNcL/AM/F96OIyB1IFGR2ORnFdgfAWtkg77TH1b/4mnjwJrQGA1oPxb/4mn9Xqfyv7hf2ph/+fi+9HIBl/u00kFs4GPSuz/4QbW/Wz/Nv/iaa3gXXB0azP4v/APE0vq1X+V/cEc0w/wDOvvRyG4f3BVS4mO8JjGeK7pfAuuDq1mfxb/4moZPh/rTnIazH4t/8TSeGq9Iv7geaYa2k196ORitLc4bcC1PlgXBytdbF4C11GyXtMezP/wDE1dPgrWCME22fq3/xNL6pU/lf3DWaYZ/bX3o4y0RACG205YE+1uwxtOCMf59q6/8A4QfVhjabf35b/wCJp0PgrWI5C7tbEfVv/iar6tV/lf3D/tTDf8/F96OdZFU4x2qGRFIBIHpXZN4Q1U9PI/Nv8KjPg7VicH7P+bf4UfVqv8r+4v8AtTDf8/F95wzQgk4HFN8j0GDXc/8ACF6sG625H/Av8KX/AIQ3V/8Ap1/8e/wo+rVf5X9xP9qYb+dfeefmLY6sOg65q05V4sYBxXaP4K1ZhgfZse5b/Col8EauoIJtsnpy3/xNH1ar/K/uBZlhulRfejyt/kuCR+Fa0XzspcYHeuon+HWvyS+ZHJYKPdnH/stXR4B1tUClrTcPQt/8TU/U6n8r+4zjmmGv8a+9HJTCNR8gBHpiqldsPAWu5+Z7QjPq/wD8TTz4D1ojG60/Nv8A4mq+rVf5X9xX9q4bpUX3o4arCKMhea7FPAetrn57Q/i3/wATUq+BtaXHzWpP1b/4mj6tV/lf3B/amH/5+L70cbsGRycVKpK9ea7D/hCNY/6dv++m/wDiaVvBOslsg2v5t/8AE0fVqv8AK/uNFmmG/wCfi+84i4ywBA4FFsyKCpwD1rtv+EI1j/p2/wC+m/8Aiart4C1knKtaj8W/+Jo+rVf5X9xH9qYa9/aL70ckWJOFp4zgZ611sfgXWUOSbU/i3/xNSN4I1kk4a1A+rf8AxNH1ar/K/uH/AGjhv+fi+84+mMueR1rtP+EI1j/p2/76b/4mj/hCNY/6dv8Avpv/AImj6tV/lf3Ff2phv+fi+84sblAyMinZHqM12X/CEax/07f99N/8TULeBdbJJD2v5t/8TR9Wq/yv7jNZph/+fi+84yfcBlaZBL1Vs5rqdR8LalplpJdXMlp5a4yqltxyQOMr71y7QkkEKAaylFx0aOqnWjNc0HdD/NO7GDn0oaQj1A9u1MVSuQetOxntmpNlfoIXfggEin729ajDAkinUGbkxDJg4y1P3nbgnn1phAPUUAYAFAc7KdwX3A4wo/WrVu8ZUcANQ4BUgjNRrDhgQQooJItRiOFmXORWrplwJolQnPbmopE3xlD6VlWMjW10YnPBPGaCo7nQzKynOW/OoVLbhgmr7gSRhhgmquAOgAoNgIz3IpRkY55oppYA4NBnTJ1cHg9afVepwQehoNCFhgkU1uh+lPf7xptBEl1K+SOhIop7LjkdKZQKUtAooooMwqVCMAZ5qKpEPYn6UG3NpcdjByDj1qdXycHFRUoJHSqjG5RPSg469O9MVsj3p4UnpRyMBJI88jpUB3Dg5+lXgMACqsgA69c4qQIqVSvIIH+FAxkZ6VIwBBYY3etAFZ15yOaYDgg1PUbr3H40AU720W5jJUAnFZNnL5UphkyCDXQq2OCeKydTszn7RFkMOtBnKNtUXpVcgFTlT6U2OJXxuADDuKg0+8WZVicjd05q+U2kkDigcV1GBJIiWB3L6VYSSN+PutSIxPU5xTmiSQlh8jmgs+kf2KU2/tyfsSnGP+LveDv/AE8W9f1yan8B/wBnb9r/AMO+Ov2W/jdplx4b8T6rrkuoeCvG9jEHu/DesAusYZeDJA52q8WQHDNyrBJE/ka/YkWQftz/ALEcTElT8XvBwB/7jFtX9evwjmZf2lfAk3yg/wDCWwk8Z/5eaxnuTKNz+Tnx74N1f4Y/FH4ufB/xLcWF74m8FeLNW8HapcWhY29zd2N09vJLCWCsY2aMsNwBweQKyoDbFhvExHX617J+1xk/ty/t+HKjHxz8bnn/ALC89eO2ruCSZLdfqM14eKVm0jxcTDV2Nq2/svDGX7Xj2Nf0efsd/Cv9kT9hj/ghfqn/AAV++MP7GXwN/bf/AGgfiF8QJ/DXhPS/idpyano2gaZHqs+mxxizmSSIFTp19M0iIJWaSNd4VcV/Onp890D8l1YKOmGH61/Sj8WbuKH/AIM1P2KpSkdybb4v3JljIyoI8Y+IG2t7EEfnUZXH3pN7k4COsn2PIf8Ags5+zX+y7ZfCT/gkr+3/APso/s3aB8AtS/aJ8LRW/i74aeAoY4dObWriwsbmyXT7JBHFFIJru5tyUWMSIIm2K2/d+Qvww+I/7e//AATp/aV8Z+Av2bP+Fyfs3ftT6hqej+Gr/wACaroarrV5f3yxyWFutsVfc863cTxg4LBwR1GfYNI/4Jw/G/8AZV1T/gkn+1t8RtE+Adj8NPjl8QvB+r+Dk8O6rf3GrWVu95Y3eL2CeFIYj5dxGpETsN2QOOa/uH/ak/Yy/Zq+JX/BX74T/wDBVzxB4k0nTfhd8EYLrwf8UbC5jjH2j4gWv2CPwugiB3zXMqeK4pI5BhVNjZIxXzMV6Cw95+1Xus7FQvL2i0Z/H4v/AAVz/wCDkV/jpf8A7LNv8S/jpfftSW12LWb4cWfg37V4hjb7OlyWNnDbOVjWGRZWZiAqZY4AJra+Kf8AwVP/AODmr4HfE34dfBT4x+K/2iPhl8YPGN/baZ4P8Oa14JFtd+LLqaaOBItOLW/l3LebPDGQjkhpFB5OK/o4/ZwtY/Df/Bd//g5G+KmihdM+IXh/4QaUNG1WJQtzp4l0KzuH8p+q5lsrRzjqYkPYV+RP7X3xJ+J/xO/4NVv+CS37Q3jj4n/EHxH+0Dpfx/nGm+PL7WrmXxBYGLVPFcMLR6mzm4QxpZ2QRlcFfssGMeWuOtaK507HjPxC/bR/4O2vhN4E8X/E74meGf2sfAvw90DTbjV9b1nUvBMMNrpdlCheWeaQxYVFVWYn0Fcn4E/4KFf8HWnxPg+G978PND/a/wDF+leMNEfxJ4XvrL4ctJaa5pSpC5vYLj7P5Zt9t3a4kLBSZ4gCS6g/YP8AwWP+P37Q2qf8ESf+CIJb9oX422l34++H2tDx3cr4tv0k8axroVtIYtXcS5vkbdIpWcuCJGH8Rr7i+LPxu+Mvwp+G/wDwZm+Gfhn8VviL8P8Awz4oPg7TfEum6PrVxZ2niC1bT/DFsYb2CN1S4Tyb68iCyBgFuJQMb2yKSb5RcyvY/n78Df8ABZf/AIOIfif8Tm+BPwz+NHxo+IH7QMV9eabe+ANI8EyT+IdLurRyl1Hd2ItN9uYGBWXzNojwd2NrY6D4sf8ABRb/AIOI7H4i6V+yT+0pp/7QcHxi8a20mmeHPBuseEXstR8RQ3Ebxu2njyFjuo+HQsjnDAr1DAf1B/BLwt4F8Ef8Fdv+DpD4iWuv3fwX1XRfhb4Pnh8ZaPYG41HwpHe+EZL2+1C1iR43klE9rDd+WroZJIU+YHDD+eP/AIKrftn+DPiL/wAE5f8Aglzp/wAEvjl+2n8W/jt8KtY1w6T+0B4r8E614QuNftZ7O4kZtP1eaeYvMDZ2kJVLp3ZbUHPBAT0V2wei1Py8vv8Agnj+2z+yn8FfEvxE+Pv7B/7W/wAO/h3oq/b9d8RX/h3yLHTo3McQeR3cBVLlFye7CuJ+Jfwm+Jnwdh+Gl98Z/gN8avgxo/jbSX13wbd+JNPFtF4ksFWFzcWxDHemy5gbcBjDjmv3+/4ODPjV8cNW/wCCWv8AwQD0qX44fFuCw8efs8ajq3jyIeJb1U8cXUPhzwpcpJq6iTF/J50s0gM+875XbOXJP6Cf8FL/ANhbwX+3Z8N/+CGXwv0n9tD4O/s2/tM3XwS/s/wF4U8aeHtQuLTx1I+k6RJLGmo24MVq6eSqiNwXkMqiNXYba8fFZTTm5ON+b1PNq5dTbclfm9T+KK5GkHf5aXqZ5+bFYNwbP5SizYx3716p8TvA3xL+D3xR+LnwM+LenaJ4d+KfgbxNqHhPxFaWsnmwfbbWUxu8EmAXhfAdHwNysDXl15I3QzWxPfHWvOw9OUHyy6Hn0otPle5zmp3kGn2d7qEiuYIInmcAckKCTj8q/pY/Y0/ZL+Cf7KP7L/gj4++O7S1+KH7Unxh8F2GuaOxQ/YvAnh6+ijuIkh3AF7t0cGSUAfMNi4UO038yniwsfDXiNiUx9hn6f9c2r+t3W5S/7M3/AATqXghf2evAuBj/AKhUP/1q+gwcVa57mEhofg7/AMFocD9oT9lwEAj/AIUlpw/8r+s1+TDRDqM1+tX/AAWeIP7QX7LLE4z8EtP/APUh1of0r8nSMdwa9ai/dPQM8wjtTDEewI/CrkmQeen0pgIPQ1sBV8vHXNIU9DVzAPUZqJxgk9qAKlFSlAckcGoqnRk6Mayg+xop1FOyJ90x6KKK5Laamg5SBk4yarzb3OApNTjGeeRUihcZxx71mBBBGynJGPf1qG5uXLeRB80h4JouLlmJggG5z3Har+n2Cwr5khyx5JNA0ruyHWFgsK+bKcueTVySTdwOFpzyg8AZFQkgngYoKkktEfo3/wAEijt/4KCfCs4z/wAU94t/9R++r+qP9iyOab4++HLeAK80tpfRIC4XczW0gA5I5JwPxr+G/wCGXxV8W/A74l+GPip4MmaLWtMaYYDshkhliaKVdynI3Ru6/jyCMiv6Z/2Wv2s/DXxU0Xw5428E65Lovi6CUOwEgWS1nXB2kZyGGTxyrDkHBwAylKx+AFh4J8XfDC41b4afEHw9qfhDx9oF7Ppus6TfxGO40+4WViUkQ+xBDDIYEEEgg1uW8vy5MKkYxX9YP7Sv7KPw4/4Kp+DP+Eh8OXOifDX9vTw7p/l2eqOEgsPHFsuStnfY6n+5KPmiJyMqSh/nHuv2Jf23NF1DUNH1b9i/9reDUbSeS1uBa/DrWL23LoxUmK6t7Z4ZoyVO2SNirDBBIINfR5VjY6RlofPY/BN3aVzx7TyknlgWcWO+T1r9GP8Agmr/AMFAPip/wTP/AGk9e+OXgD4R+Gvjx8OvFPhiXwd498CalfixTXrAyCWKaC5ZJEjuInBX95HIjxSTRlcuJE+WNO/ZP/a5s5Ve+/ZE/argQEELN8Ntci8wdxzaj/Jr+nH/AIJi/s8f8EsP2vNDu/hP8YP2RL74N/tf+Hbdf+Eh8Lat4l8S6fNqMYUEXttbT3qyKCrKzxEApuDAFGU1+t5XlmDxuHdLEap/ytXR+Ece8a1uGo/2gqUpxWjsrpX73a0Pyx/bc/4KReFf2g/2Hm/4Ju/sLfsG6L/wT2/ZT1LxIPF/i/zfFA1i98UXyOs0dv5YTMcQuILSVpXkkZltoEQRJFsf7I03/g4K1BfjD+x/+1V41/4JS+DPH37Znw18Jv4E1zx6nxPexi1nRGtLiJ4dLsvIeG0aW5uvtXmTJM8KCa3ViLhnX9/P+HK3/BM//o2sf+Fjr/8A8nUv/Dlb/gmb/wBG1/8Al46//wDJ1dH+oGQ8ij+8uut1r+B+Pf8AE4y53L2Ds+nLt/5Ofx/eBv8AgpR4y8Jfs5f8FivgLP8Ask68k/7U/jLV/F2mXsHjKzlj8Di8uJpha3AMKm78vzVXzV8rdgnYvSvqzwt/wUN1r/goD+3T/wAG/Ufxf/Z+17wJ+0r8K/HnhjwR4k+ID+Iba/h+IUBntQJpYUjWWGTzbWW4ClmUNeXI/u1/Sn/w5V/4Jn/9G2/+Xhr/AP8AJ1Ymv/8ABDn/AIJma5bWiRfAPXfDup2tzHeWWpaX468QW93YTp92SGT7adrYLDOOjHvgjzsy8PcqdCX1SU/adOZq3zsj0cu+mThnWisVQl7PraOvyvM/Kn/gpv8A8FSfDn7IX7c3/BYL4Gfs3/sIeH7b9rX4g6Po/gjxB8bJPiDeeWLG48N2vkXL6JOksaXFul0yqLZoo5WiheRCY2En5Y/A/wD4KG/AnQf+CXvwC/4Jhftaf8E7vib+094G8A+NL7xot1pHxRg8O2viC7kv9RuIYpikD3CQCPVHRwjqxK5BXpX9Uuj/APBDz/gmtprajeap8D/FPjLxDeSrNfavrfj3xBd316yosaebMb0FgqIiKOyqBW5/w5W/4Jm/9G1/+Xjr/wD8nUZX4fZV9WisY5+168rVvldBmX0x8KsRL6rQk6fTmir/ADtM/nC0b/gvl8e7/wDa8/bP/aq+Kn7HVprFl8TvhFb/AAk8KeFfD/jGCJPA+nQSXUkX2m7mgH2xzLe3EjOkcYJkwAoAUfnV/wAE+f2z/F37Bf7L3/BTf9nK6/Z41b4q3n7RPwssvAVpq1j4jtrKLwncR6RrNi088UiMbgbtaV9qlOIWG47sj+1H/hyr/wAEz/8Ao2wf+Fhr/wD8nUn/AA5V/wCCZ/8A0bb/AOXhr/8A8nV6a4DyJRcU6mtusenyPN/4nEi5KToPT+7/APbn8gX/AATi/b08PfsQ/syfttfshfHD9j7xn+0d8KfjRY6VYanceHPHNvoU1pbw6c1pcRAyQSMGYsGWQe/Hr5x+3R+3Rqf7Y/h/9kf4L+Bv2YtD/ZG/ZP8AgXoF/o3gTwcPFEniLUrue6WKOa7v9RZIw5KW0e1Am5XeYtJJvG3+0X/hyx/wTOQ8/s2E+3/CY+IP/k6vw9/4K1fAn/gmv+yzb6R+zn+zn+ytqPjv9sHxTbGXTrTS/EHiHVJvDtsAXNy1ml5K005SOUpCYyoXMrkKqrLMuC8phVeJpc7a11ase/wv9JepnVeGVYfDycp6XUend+9+h/LPqZVCx+xQqe3NcrO+X4gjUdiDX03qf7Jn7W14FOkfsk/tYaoj9JIPhrrkiN68ra9aq6f+xD+2/rmq6dpOj/sWftcz6pdzpbW63Pw41mygMjsFXzbq4tkhhjyQWkkZUUZJIAJr4bPcbSjNpSX3n9LZPl1TkTktT5S1PwV4q+JR0/4c+A9D1LxZ48128t9N0fSbKJpbnUbhpAQkaAdgpYscKoBJIFf2W/tqW81t8fPEFvcbVnhs7KKRc/cYW0YIPuOn1rzD9lz9lb4df8EqPAM/ibX7nQvib/wUB8R2TRahqiDzbLwJZuAfsliG6nOC0jAGVlBIUKEHwn+1H+1v4f8AhXo/iPxl408Q3GueLZ3JUM++a8uGydoJ6n26KMHgCvzvFV/aSufdYSj7ONmfk/8A8FdSG/4KCfFMhgceHfCI/wDLfsq/OMMQCB0Ndb8Tviv4u+OPxM8S/FbxvKZtc1PyE5csY4YYVhiTJ5O2ONFzx06DpXHscD3rmOuGwxzk49KcoCjceD/KmKuT7Vn6leeShjQjeeKCm7alHUbpp5RbxHgdTWnY2i28QYgb8VQ0yzZj58gJJ55rcY5+VfyFBMY9WV2j3tuY5NWY0AAwADQq45PWpU+8KCipOu1qs24OzJyfenTJuXPWmQkqMFcCgrl1sOIwSKSpSMtk8g0xgAcCguL6EThSOcH0qSONQM46UBAxBI4qYkKKl36ESeotNKg5JH40K27PGKdS5ESFRMpGT2qWmv8AdNWWlbUiycAdqQqAoZsewxRQeQc8/WgG7q5DsDtwOM0y7kS2hc8VbRQi7jnjmuZ1GU3E6Qpg80ES0Vx2lwG4nadxxnNdRLsUBFFV7K3W3hXgdOvrTyckmgUVYci85AwKsh9q8jv69aiVew5qVVIOTQMkprHAPvxTqKAEiA4ziryY21UCk+wqyrYBFAEbICck/lTWYYIzzTmOATVQMS2O1AElN2L6U6kJwCaAImUDp0NMJ4JHNOJySahZs8DpVq+wDKKCccmo/M56cVqBJUbZY4AIFAckgYGKkqXqwGqoH1qdAMZIBqKpEB69qJSsB6N4JuwBNaE4w2QPY/8A1x+tejV4l4euvsupw5ICP8n49v1Ar2tGDorjoRmvt+FsRzU3TfQ/GfEbAuFeNeO0lZ/IdRRRX1Z+bXYUUUUBdhRRRQF2FFFFAXYUUUUBdhRRRQF2FFFFAXYUUUUBdhRRRQF2FFFFAXYUUUUBdhWt4f8AD3iLxh4i8NeDfB+jXHiPxhrWpWmjaPp0LKr39/czJBBArMQoLyyxoCSAN3NZNfVH7CPP7eH7CWef+L3/AA//APUjsK5cZUdOjKcd0md+VUFVxVOlPaUkn82fs78bP+Dde4+G/gj9pPw18MP+ChfwV+PH7b/wf8FW/jz4hfBiw8JXNi9npz2q3bpZao907TS+Qd0e62XzDNbiQW3nIT+MP7EX7MsH7ZP7RPhL4M33xGj+D/gWTRde8VeKPGLaV/aUfhfQtL0m51G5u2tvNiEgIto4RmRQHnQk4r+0XwGM/wDByN/wXtU8j/hmyDj/ALlrwlX8pX7Dko+Cv/BOv/gpr+1PJcXWkeJPEXhbw1+zT4NnZcw6hN4iuRfa/Cp3ZEiaRoxOQM7bgjoWr4nB5rXdOUHK7drfM/WMz4dwirU6iglFX5vNJHa/8E2f+CZnwg/bM/Zg/aX/AGt/2m/24tI/Yn+Enw01rQtD1K+uPBTa1DLNqCRiN3cXcTqTNcQQhFR/vZJxnHx/+2d8Fv2bfgH8aNP8B/sqftiaN+2/8MpfDNnq1z4vsfDMmhx2OpyXV5FLpxgkllLlIra1m8wMM/aQMfLk/ef7AH/BSH9iz9lb/gn/APtsfsvftS/sueNP2tNZ8ceNvD3iTRvCY1N9G8PXzWQszF/aeq28wuIPLliM4hSGQTeWkbYWUkJ/wWo/ZT/Zr+AXxA/Yx+OH7Ivw9vvgz8Dfjt8FdG+KFv4Km1SfUV8NahOFkmjgnnZnELRXdn+7ztWRJiu1GWNOvA4qqsb7OpJ2u15Hn5tltCWV+2owSlZN91sfjDRRRX2p+UXYUUUUBdhRRRQF2FFFFAXYUUUUBdhRRRQF2FFFFAXYUUUUBdhRRRQF2FFFFAXYUUUUBdhQMZBIzRTXYIjOTwBmplJRXM+hpShKclFbs808e3vFvZIep3H6D/65/SvNK3vEl4bvWLkhi6p+7Bx6df1JrBr8pxVf2lWU31P6ZynBKhhoUuyIyh5OcmoWJAzirVMZc8jrXOejboVlGTu96koxjjGKKAXcaVHXAz2pof1FSUxlzyOtBk7J2YK+SARTgAOgqJR82PSpqCR6sQQO1Zd/GUdJ4+x5rRomQSwsvfHpSauilqrF2wuRLEuTmpXGD7Guf0uYwzNC/HOK6WXaRuHWiLurlxd0VC7AkYFMJB5FK5BORz+FQEuCRzn6UxxjYnDkADipFfn0NVw2TgjBp1BF+5cBDckcj9aYQQSD1qJZCDzUm7IHORQajQ3OG6/zprqOo4p+BnOOaYy/LgdO9Bk1ZkB+U57HrT6QjIIpRxjFBSXvCEgdacmCRyMUSJ2H4VEmQSCCBQWXKKQHIBpaqMrAFPRtp9KZSgZIFK7uJO5dDjjnBqKRMkYOBSVIh6jtSGVth9RTk6EZ/D0qwy5xjAqu6tnI+9VaAI69SKYFJBIo3Me5pd3y4xxUgQOMEntSqAylWGRQ56CmjK4btQBz13bvZTiaMYQnnFbtpOlzEOQDj1qWWGOeJkIyccVzsLSWFyEYnb29qDP4X5HRD5XweD71LTcieMOuC/8AOmK2DtP/AOqg0Ppn9iU5/bn/AGIRnJ/4XB4O/wDTxbV/XL8LZFi/aJ8FyOyoo8VRHJOOlxn+lfxG6V4g1zwb4m8KeNPDUz2uv6Lqlrq9lIpw0c8EgkRl9wyqfwr+ij9lD9tLw18dtCtDdXT6L48tiGvod+JIJS3DJ3ZD0DjrjBAY4rGe5DlZn5//ALengXxl8NP2/wD9t3w9498Oav4T1jU/ip4l8UadDexFPt+k32oTT2l5CekkUkbqwZScHIOCCK+breUq4AjjfPGCRX9fPxO+GHwe/wCCnnwu0z4L/tAanZ+C/wBofRbVl+HXxKhiX7Ray4GLW7xgXFvJtAeNz82SylXII/m58d/8E9f27/hl428SeAPEP7JH7Q3iTVdKuntpNT8K+CtV1rSNSUYK3FnfWtu8csTqysOQy5KuFdWUediqDaujzsRSb1R8+acEkwos4pBkdW4FfsF+xH/wUo0r4Afsj/Fb/gnZ+13+xPof7ef7D/iXxCPFGk6LD4sfw/q/ha9eWOeSGGdPmeAzxJLGYXhlRpLjc8iS+Wn55af+yJ+2FbYe7/Y9/a6tUBwTL8MddQfra1+on7CnhH9luy8YaR8Cv27P2b/FPw/8e6qEufDmteI213QprgtIY1guLVpIVVC6OEuFQJlGVznBr8c8R+PsRwxgKmaxw868YK8owScrdWk5RvbrZ3PiOJM+q5VQljI05VEt1HV272utjgv26/8AgoZ8V/20fiz+wp4r8H/sreHv2df2Xv2b7nSP+Fc/Cqw8SpfXk9vbXdg0pn1AxpGCbbSrSCKMq3lAOdzl2LYf7RP/AAUK/a2+On7TP7Rfxp8K+FtY+F37OfxE+L3gL4ra/wDCybVre8vNQn8Ow2sccSX6hYkEptklYFRue2tc/wCq+b+ktP8AgmV+w2gAT4HqBj/oY9X/APkqn/8ADs39h7/oiC/+FFq3/wAlV/DUv2nWSJtfVa2//PuP3fxP+Cfhj+lBhb6Upf8AgK+74j8KvA//AAVr+O3w+/4Knftf/wDBRnQP2TtN8Q/B7406LbeEvGXwg1vxZFHdXemR6ZZ2omg1WKMxxzrLZuw3RlWinljKhmWVPH/21P2zpP2rf2W/2aP2BP2ev2ONM/Ym/Yg+Fes3firSvDuoeN5PE+q67rcq3jJNLdugaGFJdV1GRkZpC7TZBUKqL/Rr/wAOzf2Hv+iIL/4UWrf/ACVR/wAOzf2Hv+iIL/4UWrf/ACVWWI/acZJOEofVayv/ANO46f8AlQif0n8LKLj7KWvkv/kj+XL9sf8AbL8cftO/sK/8E9P2S9R/Zu1L4b237Pfg/WtM1PxLd+JrW9h8SPJpMdsjwWsaB4uYC+GZsZAr+iT9pf8Aa3+Cv7HH7E3/AAbJ/Ff4o/sTaZ+2V4v034UWut+BwvjW68O3nhLW7Lw/4emju4nTfbXMZBJeG4ibDwwOjrsZJfYbv/gmF+wtqFpc2F78Cori0mjaKWNvEer4dGGCD/pXQgmuD0P/AIJDfsK6Rf8Ah6+vvh9498WQ6NaSWWh2ms+ONZu7fQ4HVEZLONrrEK7Io0wvG1QMcDHv5Z+034U9lVqYnC11UsuVKnGz33vV7noYX6T+Wcs5VaU+bpZK3z94/FP4F/8ABU/9pn4Wftxfts/to/Fn9nbwd8fvh5+0Xpt14c+JPwkTxOdN+zaN5QtrCG11XymDy2tpvtmYoolSSTAjZlePx3/goB+13f8A7bXwU/Zq/ZT+CH7IWlfsWfsgfB3SdZj8JeELjxm/iS/1fVL2FkW6ur10DRpF5kxVC0jl5pWd3DKsX9KX/Ds39h7/AKIgv/hRat/8lUf8Ozf2Hv8AoiC/+FFq3/yVXz8/2m+SuDg8NW16+zjf0/inmT+k9hZRcXSlr5L/AOSP5ff28/2uvHn7d37MH/BM/wDZwX9nLU/hNc/s7/CbUfh/davqHiS1vYvFdzNo2j6ek8EUSq1uN+itJtYvxKBu+X5v0e1T/gtn8IdXf/gn38RPiR/wSk8dfEn9ov8AZy8JW+g+BtRuvjJBYaOl8tla28l9NbQ2jtNh7JJY0bOD15wR+sH/AA7L/Yb/AOiH/wDlx6v/APJVfnx+338BP2BP2YvBFho/hv8AZ3bxt8dvErpp3hHQLbxBq80s1zIxRbiSFbvzGjRiAEVSZJGjjGAzOn23An7QrLs+zWnleAwNaVWq0kuSKS82/a6Jbt9j28i+kVRx2LjhqFCblOy2X/yR/ND8Zvib8Rfjt8Zfjf8AtD/Fu28Pt8TPH/izUvGGtxaarR2VjPdSl/s1qsjM/kRLtjTczNtUZZjlj4ldygy7fJijGOoIr6z1b9lH9rK/MraZ+yX+1ZfpyQbf4ba1IGHPIK2xBzXD3P7G37aeBLF+xV+2NcFjgKvwu10ZP1a1AH4mv74yuVWqvaTWr1P6CwsJz96S1Z8q+I4bi80260qwtrrUNVvkNhZWttE0s13cy5jjiijUFndmYKFAJOa/sA+JvhDxP8OPg5+xN8O/HWkXPhvxt4e+CHg/RdZ064I83T72302GKaGTBI3I6spwcZFeUfsTfsG+A/8Agnd4U0f9p39qDS9I8aftuajaibwd4TZluLL4dRuMebJzte/Kud8+GCEBIgcPI3ln7UX7VFl4aTxJ8U/i94kbUdZui80xdgCAQQqxoBwuQEVAPYAhTj6qlCyse7Ri4I/Kn/gs6Vf4/wD7KjIysp+CVgQQev8AxUOt1+UFd/8AHP48+Kv2j/icPiB4hja2sbSwXR9Khd2Z4bJJ5JUU5ZgDumkOFwoyAM4yfPUcMB6130djojK+o4gEYPSqroUPy5q3TSMtyMjFaRViiqH9RzQXU8EHFTPGOuOKhMfoaoBpXAyDkVAy45HSpypH0ptJrqJrqV6KcwwfaimKUbmLRRT1XPJ6V55Qirnk9Kq3E7SP5EHLdz6Uk9wWbyIeW6E+lXrOCK3AZ8M/U5oAlsbBYkEj5Ldc1akkzkA4WonuGc4xhaiZt3bFBV7bCs5PTgUgYgYGKbgjqMUUEj9vmKdwGPWup+GvxI8X/Bbxda+MPBtyRgj7XYuT5N7FnlWUfjgjlTyK5oY7YpGUMMHpQJq5/Sz+y1+2FoHjbw9Y+M9D1zUND1Cywz3ayn7VpcwG4rMwORjB2v0IA9CB9+D/AIKC/EzbtT9oPXG/66T5/mtfxXaLrPi3wjfXN/4L8W+JPCF3OnlzSaZeS27SrnOGMbKSMjODxXU/8Lc+O/8A0XH4t/8Ag/vP/jtOLs7mfK9j+xq9/b2+JN2qF/jdNeOucbwrYz9Frh/ib4w+Cv7RA8I/Ea++N2rfs3ftO+HnA0vx9oEEpnki3Eski27xytw7bW3oyMSQdrOr/wAjw+LfxyP+t+NnxYl9N2u3hx/5FqVPi38YxgSfF34nSP1JbWrok/8AkSvsMj4klhWmnqj5jPOHoYyLhUjdPdH9TX/CQfGv/pNX+0H/AOXF/wDLSj/hIPjX/wBJq/2g/wDy4v8A5aV/Lh/wt34v9/ip8Qv/AAbXP/xym/8AC3fi/nb/AMLT+IWPX+1rn/45X3S8Sl2/BHwv/EKMB/z4j9yP6kf+Eg+Nf/Sav9oP/wAuL/5aUf8ACQfGv/pNX+0H/wCXF/8ALSv5cF+LnxgJA/4Wp8Qf/Btc/wDxynH4tfF8cn4q/EH/AMGtz/8AHKP+Ikr+kg/4hRgP+fEfuR/Ub/wkHxr/AOk1f7Qf/lxf/LSj/hIPjX/0mr/aD/8ALi/+Wlfy4j4t/F8nA+KvxBP/AHFbn/45Tv8AhbXxg/6Kr8Qf/Brc/wDxyj/iJK/pIP8AiFGA/wCfEfuR/UZ/wkHxr/6TV/tB/wDlxf8Ay0pR4g+NWRn/AILV/tCY/wC5i/8AlpX8uY+LPxfPH/C1fiFn/sK3P/xyn/8AC1vjB2+K3xBz/wBhW5/+OUf8RJXl9yD/AIhRgP8AnxH7kf1JJ4g+MRTE3/Ba39o0ZB5U+IvT/sJmuw+E/i34J/s5WfjH4hWPxu1T9pD9qTxLI8WqePvEENwLpLYsp8tVuGdlUhIix3u0jrljhY0T+Tk/Ff4wtgH4r/EcDvjVrn/45Veb4o/GNgPL+L/xPhx126zdDP8A5ErgzHxAlWpOmrJPyPUyXw4wuDq+1oUlF90lc/sTs/2+PiJY26wWvxsbTFUnCQhF285/u1al/b/+KFyHgb9oTW542GCglGT+S1/G4fir8c4/lj+N/wAWY07Kuu3gA/8AItM/4Wz8eATj44/Frj/qP3n/AMdr8txeJdSbkfo9ChyJJH9E37UH7ZPhfwPo2qeKNf8AEt1quu3SuyO8x+1anLgApEG5JGV3P0QEdyK/nZ+I3xF8V/GfxZf+MfGdxI5kcm1svMZobOPgBI1YnHABJ4LHJPJNc1rmseMPF99a6h458Y+JvGV3AnlwSarey3LQrnOFaRmIGSTgcZqvlVG1OB/OuU6Er6skJVFCqowO1MALHmjI24A5p6sqKWI4Hr3oLI7idLeFnIGe1c5bQyX1wZX3Fc067me+ufKTJTNdJa2q2sKkEZ/nQZ7sdhYEEacGmoOpphOWJPrzUgccAA0Gg+lAyQKAMkCpsBQcCk32Ks9xSM8GkWHODzRHk4Jyea0lQlRwBQ3Y1SsZzA8g00Ko7Z+tXnRADlQT0qswUeuaF3FPYZSEA9RTWYqcEU4EHoaZiLRQTjk0wuB05oAfSHGDnpSFgACTjNRlyfYUm7FSd2NYgZPQUiZc9MCkKAknmp1CpHuLAe1CdxpNlO/nEML/ADYOKx9Kt2nmedxnPTNMv5mup1hU5Gea6GzjW2gGBzimQ027lmUhVCCoAcEGk8zzDk9aUj0IOfSgC0jDpkYp5YA45qqh4IqSgCYMCcDNTIOpqvGMnNWwMACgaVx2DgHtSUuTgDtTeBk0CI3BPXBFVSCpqyzbscUhUgZPFAEA3HoTTy20Y6mmsxyQDxUZIAyapRe7ARzgcVGFYjOKUMSwJNSMQASelPVAVX6D61FUknao60SsA5PvCpqr1MpJGTU394B1PD4AGKZRUzeoDknaKWOVWw6kMPY5r3vSblbqyikT7hUMPoRn+tfP74x712Wh+K4tMsktrhblnUkAooIK9ecn3NexkmOVCrzy2PluLMlljcN7On8XQ9horzj/AITu0/u3v/fC/wCNKfHNsBkpe/8AfC/419b/AKyYbzPy/wD4h/j+y+89GorzUePbQkjy7/P+4v8AjTpPHtpEu5o70j2Rf/iqP9ZMN5hHgDH9l956RRXlL/E3TUbaYdSJ9o1/+Kq3H8QLORA4hvlBGeUXj/x6hcS4bzJ/1Bx/Zfeel0V5ofiFZL1hvj/wBf8A4qmD4jWBOBb3/wD3wv8A8VT/ANY8N5h/qDj+y+89OorzX/hYNljPkXv/AHwv/wAVQPiFYk4EN7n/AHF/+Kp/6xYbuw/1Bx/ZfeelUV5t/wALAsv+eF7/AN8L/wDFU/8A4T20/wCeN5/3wv8A8VR/rFhu7D/iH+Ydl956NRXnP/Ce2n/PG8/74X/4qj/hPbT/AJ43n/fC/wDxVH+sWG7sf/EPsw7L7z0aivOf+E9tP+eN5/3wv/xVH/Ce2n/PG8/74X/4qj/WLDd2H/EPsw7L7z0aivOf+E9tP+eN5/3wv/xVH/Ce2n/PG8/74X/4qj/WLDd2H/EPsw7L7z0aivOh47tSM+TeD6oP/iqf/wAJ1af88Lr/AL5H/wAVR/rFhu7D/iH2Ydl956FRXnZ8d2q8+Tef98D/AOKpB48tcFvIvCP9wf8AxVH+sWG7sP8AiH2Ydl956LXS+CfGvin4aeOPAvxN8DX1vpvjjwzrmneJNFuJY98cGoWV1Hc27uoI3KJYYyRkZANeKHx7aAE+Tef98L/8VUf/AAsKxzjyb3/vhf8A4qs6vEGFnFxlezNsPwPmVKpGpBK6d1qf16/Gj/gvz+xpremftZftNfs+/sOfGX4Z/wDBTb43fDiD4d+MPE2seIba58MaFALOOza6sWS4MtxIkdvabVa0g8w2Vvu2fvN/4F+L/wBpDwxffsD/ALMn7FvgXw14y8PXPh3x/wCLfiV8Qb6+eA2HiHWbuG007SXstkrSYt9MtZIpDKkfzzEKCBuP5/8A/CwLL/nhe/8AfC//ABVNPxCsh1t77/vhf/iq8bD1MBTkpJu6dz6vGYXOq8HCUYpNW089+vU/cj/gnz/wUJ/Z0+CP7K37YH/BP/8Abi+DHxo+LP7JHxa1PR/EzXnw31KztPEXhzWrGW2cPGt48cMsch0/TXDeYvlm2dSkyzny/K/+Cov7evhX9vT40fCfUvhH8KNZ+Bv7Nnwx+Hul/DH4c+GNTvku7+20q0Ln7ReOjOqzuGhi2LJIAltFlmYsx/I1fiBZtj9xeg+6L/8AFVIfHloF3GG8/wC+F/8Aiq2p4vAxr+3Td9/I462U5xUwiwbUeWyV+tkei0V5wPH1ocZgvQP9xf8A4qlXx9aMwUQ3mf8AcH/xVev/AKxYbuz5z/UDMOy+89Gorhl8XwuMrHc/io/xpp8YQD/lldN/wEf40f6y4bz+4n/iH2Ydl953dFcH/wAJpb/88bj/AL5H/wAVR/wmlv8A88bj/vkf/FUv9Y8N5h/xD7MOy+87yivPpPG9tENzRXRHsg/+KqovxDsnbatvfk/7i/8AxVP/AFiw3dh/qDmC6L7z0yivNJviFZQDLwXx+iL/APFVBB8S9OuGKpb6gCP70a//ABVL/WTDd2H+oOPvay+89Sorzo+PLUdYLz/vlf8A4qk/4T20/wCeN5/3wv8A8VT/ANYsN3Yf8Q+zDsvvPRqK86Hjq1Iz5V3/AN8D/wCKp/8AwnVp/wA8Lr/vkf8AxVH+sWG7sP8AiH2Ydl956FRXnv8AwnNtx+5u+f8AYH/xVO/4Ta1/543X/fI/+Ko/1iw3dh/xD7MOy+89Aorz0+OLYZzBdn6IP/iqP+E6tP8Anhdf98j/AOKo/wBYsN3Yf8Q+zDsvvPQqK89/4Tq0/wCeF1/3yP8A4qgeNrUjIiuv++R/8VR/rFhu7D/iH2Ydl956FRXnp8cWgODBd/8AfI/+Kph8eWgOPJvP++F/+Ko/1iw3dh/xD7MOy+89FrM1e6W0sZpW5UKWP0AzXG/8J1ankRXf/fA/+KrH1zxRHqdm1tDHMpbhi6gADrxgnnpXHj8/ozoyhT3Z6uScD4qliYVK6XKn3OGd2kd5Xy0jEsx9TTaUgg4PWpFUjk18SfsiVkRUVMyg+xpmw+ooGMxntmmlVPbH0qwq7c85oIUZYgfWgCqU9DTCCDg9atMmORyKhZc8jrQJq5FTWJAyKRmIPTilDBsjmgzaQ0P6ip0PUdiKqsMHGc1MhIAPeglOxl3iGCdZVzjNakF35qjJ2mm3sQlhOBk1lWRO/aeo7VOzBOxv7WUE8kUA5ANKJD5eGOajTHzelUNK5JRRSHOODg0FTQtPCZUHPNRK2eOhp4YjgGgFtbqOVscHpQzAHKkHihVDZyTmmnqec0FaNgTkk0lFITgE0Ck9iUDcuD1FRkY4NKrYIIoY5JPanvqWSK2eD1p7dPl64qAEggjrUqsD9aQCKxJwRzUwTIBzTdpPIGT0qUfKozxQAwOQcHtUtRFgeq0gYj3FVGVgJ8n1NJTVYN7GnU5LqgIXXB9jTanIBGD0qBgRkDrUARue2Kjp+/jBGaZQA0OQ2OnNQ31sLiJnxiQd6WQFGDDlatpNHIuDgNQS1damFp9+1s/ky8jOBXQkwzAOrKCevNc3f2pDGVBnHJx2pbSVioG48VKdtDOMrG+8TFcZytS+HPEXiX4feJtP8ZeDdRk0vX7VtwZfuTqfvJIvRlboQev1waqxvKoBBLL3qRnikOGUA/Sm1c13R+//AOyP+2no/wAU9Cji1WX+zPEdiA1/amRjNZsDxLGerwk9/vKeD2J/VW1/4KAfFC2t4beH4/8AiOKFFCrumLHHoSVJP41/FXp8+veH9Vh17wnr2teGNaRWVLywuXgmCsMEB0KsMgkHnkV1y/E/45df+F2/Fdv+45ef/Hay5GZOLR/Zgf8AgoH8TXh2S/HK6vRnJWZVP/sgrC+IfxK/Z7/a++Gd14A/aR8YWnhvx3YzG78LeNrHTVmutMmOMRsiKC8LHG+MkK4CkkMquv8AHf8A8LR+OYU/8Xs+K4Hcf27ef/Ha0Yvi/wDG9FiU/Gr4qMABkHXbwj8R5tfPZxkccVHlkjhxeCVRWaP6o4NH1/TYIdP03/gr18T7TToEWGCGLQ9cVIY1GFVQNTAAAAAA4FTfZPF3/SX34tN9NE13/wCWdfyzL8X/AI0tz/wuP4l4/wCwvdf/ABynD4ufGs8j4x/Er/wb3X/xyvyiXgjlLd3h4f8AgK/yPjP+Id5e3d0I/cj+pj7H4v8A+kvHxeP00XXP/lnQbPxgAD/w90+MX/gm1v8A+WdfyzN8XPjWoz/wuL4lH/uL3X/xyoT8YvjVnafjF8Ssf9hi6/8AjlC8D8p/6Bof+Ar/ACF/xDnLv+fEfuR/U21t4wU4P/BXb4vj66Nrf/y0qMxeLh1/4K9fFsf9wbW//lpX8sx+MHxlPJ+LnxGb66vdf/HKa3xf+MJyW+K/xBYe+rXX/wAdo/4gVlP/AEDQ/wDAV/kEfDzLulCP3I/qcEXis9f+Cv3xZH/cG1v/AOWlHk+Kz/zmB+K4/wC4Nrn/AMs6/lfb4w/GEYx8WfiGPpqt1/8AHaP+FxfGPPHxd+I6/wDcVuv/AI5S/wCIIZT/ANA0P/AV/kP/AIh/l3/PiP8A4Cv8j+qQW/io/wDOYL4qgev9ja7x/wCVOvRPhdqn7PXwN13xN8bPFP7Qmr/tb/tI3Nslho2t65Z3UK6Ha7CjKguJJn3MCVaTzd/lkomxWk8z+RY/GT4zryvxg+JGf+wtcj/2pTG+MfxrlcSr8YPicrgHG3XLtdvqBiT6V62S+EmXYOuq1CjGMu6SX6HZgOC8FhqntKNKMX3SSP7E7L9vb4kafAIY/jN9k2psLRRIh4GM4VAv4AY9qsL/AMFBvilG6Ofj7rcqBgTGWwrDPQgIOPpg46V/GXdfGH44xmV0+MvxWbJJI/t+8H/tSs+D4y/G64OxvjP8VomB/wCg9dn/ANq1+sYbCqCsfYUafKrWP6fv2hv2uNJ0zRde+JfjTxtc67ehQlxqN2TJLK4GFRAcb3YYCoowOScAV/Nb8Y/jL4u+PniaXWPEEz2nhyKeWTT9OUkKisxIkl5O+UqQGfgZztCg4rgvEPiDxz4vSzi8aePPF/jC2gYvBHqd/NcLExHJUSO2OB261Sths+VcgV2xh3N4x11LsMaIihFC4GMDsKsK2PpVYEjpTw/qK7DQ0EfgAnPvUlZ6SDOB+VW1kGBnp60AS1ARgkVNkeoqNlHJBGfSgBlRsn92gswOCBS7x6GhrowIWBII6GirGR6iiiNgOcVccn/9VZ13d5Jgh3E9CR2p9xcPITBb5J7kVNb2KxoruCWxnmvPJbfQis7Z1wzDn1rVYIox95qjUHOF4XFSBPWgaVhoUnpTsBeTyaeSB1NQkknJ60DAnJJp6p3P5VHU65wM9aAFooooAKQkDqaCcAmoeWPqaAJSw6Dk06mqoH1p1ABRRT0BzntQA9Rge9MOWPGcVMASCewpKAERAOSRTjjJx0ppYDgmloKbXQkQdTUlMQYBPrT6AjG4U1m2j3pSQOpqu7jJ9aCpT7CM2OvJoLYGQee1Qk55NFBmFR78ttXk0SEhTiooWKNkg0AXFh2qzyHBrE1G+yDDDz2JFXL67ZUOThugHrWVbQNKdzKST3NBEm9kP09BGd7DJ610sc2/AIAGMVSSCOJMkqWpUZlPy9aCoqxclXGT0I5FJEmTk9KmSMsBkHNTrEAaDTkYwL6CipiQo4qGk3YpcpMicj1q+h4x6VUh6VZTAJJIHas5osJFBGMdaoSDHJ+laDsMdRVCRs5GOtVDYJ2WhAy7sc4pQMACloqznGP0H1qKlY5JNNyBj9KAFyT1OaRmCjJOKCQASelQ5UtlyBUP4hp2E3s5GAdtR39yIYTzzipZJVXlFAHrXN3DyXdx5YBABpq/UJNk+nIZpi5y3OK6qRQkQJqhbW/2aIELk09mlmO1j8tUCdiJDl8nirdNWMJ25p1AiZRge9PAJIA61CrYwMVMpwQTTu7AWY1A6dBU1RKwAIOadvHoaRUbdRxIGM1EzE/Sh2yOM1V5z3zQSWM456U9myAO9QK/XcaeDkA0ANKAknJqu/QfWrrMCAFHPbNVGGRjOKuG4FQsQx9PSngkjkYp2zk8DIpwRj6D61Skt7iSdyMjIIoAA6CnEYJFJTTTY7dSNwOvenJ90UpAIwelIFx0JqG7Mnlsx1ITgE0pOOTUTNngdKSV2UNJJOTSUhOBnrTVYk4OKqT6CbsSoMsKkYZBpidSe1IzZ+lEk72GQt8rBhQwaRCWz+WalADEA9Kmm2xwlgOcU3BAclOo88KvJzXQRgLEB7VgxjzLsbhxmuicBVAHPFKEeplDcqyKW6HFRpEQctViircdSCFjyQDwOKVBzmmnljjnmrMaj8qZp7Meq45PWn0UoGSBQaCqu4+1LsPqKkAA6CloC/Qi2H1FGw+oqWik1cCMR+ppoGWyBxmpqKYBRRRU82tgCiiimncCJ1zknGKoyLgj1NaTdCSce9VJO1MCFRgCnU5RkipScAk8CgSlchXqPrVuT7g43f1qqsgLAYXOfSrLZEYxyaBk0SgryCKjfCSKQoBzipIM4PpTZyMqcAkEUAbMTYUHsaCRyegqGJh5fHXrSEk9aAFYgnIptFNZtuOM0k7gQXCllx2rIVTDJgj9OlaruTxnIxVdxkZxmmJq5UvU86IstYNm3l3GDkc4rq2UNb4x2/KuUPyXYzxzzUT2M5o6YsGC02kOFRWPHFAIPQ1ZqSo3Y/hVlNuBnb+NUwCTgVMBgAZzQBZopqfdFOoATJ3EHp1prLnkdafSEgdTQBDg5xg5p6Hgingg9DUbDByD1oAa3U/WmMu7HOKdRQA1V2j1p1LkAEYB96SgBpXJBzinUUUAFFFMLENjHFAD6QjIIpaKAIwrDoRSleM4yfQd6fRQBSkTIJFV1UhhkVebqfrUDLg+1BEo9huAeozRRSE4BNBM0TKAUxjjpWJKptroN2Na0T5ODxVfUIt8e8dRzQJpWuacKrLGCP8A9dM27eKpaZcFk2E81pyjuvSguKW5EAT0FBBHUVImMcde9D9B9aAcm3YqsdrEjinAsTnAxSsufrUQJU0AtUT0UgIPQ0tA436hRRUoVSoGARQErdSKnAjaQefSkIwSKSgVktwpQSDkdaSmlsEDFBZbViB2pS2RyBn1qJGyAD1pGZgfSgCSkJI6DNMV+x/OpKAFU4I5xU9V6eHI680AO3j0NRsdxPpQ2MnHSmM23tmgCJhgkUlFFADlUNkGo2t1yWHFOqYMCOSAaAK6QqWIOWzWJc272c29QNhNdBna2QeKdPAlzEVYZJFJq5DV0UbaYugMZyemMUEncVYEGsqCWSwuTE/3DXTCOK4RZI8FjyaE7ji7kcDFRg8jrWirhsYqgq4+tToeMelMovlARxg/1qsy46Amp4nyCDgCpGUH2NAFNWKnIq1HNUDxkdBUfIPcUDTaNUMrdDmq0sPoKiRiB1BqwJNwwetHW4N33KLKR9KbVtxzmqzLg+1bRegiF17j8ajqxUTLjkdKJRuAyomQ9UODUtFY2ElYpkMzfNk+9Z93p7p/pFtww7CtksucEZqzEyspRuQaBmRYXiXCGKUAN06VotB5bblxtrJ1CweB/tNuD+Herun6gk6COQ/N70RbQk3sy4FVgMcHvTSCDg06RWiJYDK/ypm/eAe1bRegwp4dgc0ylwcZxxVAWRKM4JBp3mc9OKp04ErmgC6QD1FRMuPpSJJwBSsQTkUANooooA//2Q==
Body:			<none>

HTTP/1.1 200 OK
Connection: close
Content-Length: 335
Access-Control-Allow-Headers: Authorization, Content-Type, Accept, X-Mashape-Authorization, IMGURPLATFORM, IMGURUIDJAFO, SESSIONCOUNT, IMGURMWBETA, IMGURMWBETAOPTIN
Access-Control-Allow-Methods: GET, PUT, POST, DELETE, OPTIONS
Access-Control-Allow-Origin: *
Access-Control-Expose-Headers: X-RateLimit-ClientLimit, X-RateLimit-ClientRemaining, X-RateLimit-UserLimit, X-RateLimit-UserRemaining, X-RateLimit-UserReset, Geo-City, Geo-Region, Geo-Metro-Code, Geo-Country-Code
Cache-Control: no-store, no-cache, must-revalidate, post-check=0, pre-check=0
Content-Encoding: gzip
Content-Type: application/json
Date: Thu, 09 Dec 2021 13:57:44 GMT
ETag: W/"e0cd59fea13b3c26f0d696e977ad2dcff352bf00"
Expires: Thu, 19 Nov 1981 08:52:00 GMT
Pragma: no-cache
Server: nginx
Set-Cookie: IMGURSESSION=dfe106cd8f660a176c1d78dfdb6337c9; path=/; domain=.imgur.com; secure; HttpOnly
Set-Cookie: _nc=1; path=/; domain=.imgur.com; HttpOnly
Vary: Accept-Encoding
X-origin-ip: 172.16.2.225
X-Post-Rate-Limit-Limit: 1250
X-Post-Rate-Limit-Remaining: 1234
X-Post-Rate-Limit-Reset: 3134
X-RateLimit-ClientLimit: 12500
X-RateLimit-ClientRemaining: 12450
X-RateLimit-UserLimit: 2000
X-RateLimit-UserRemaining: 1978
X-RateLimit-UserReset: 1639061297

{
    "data": {
        "id": "552NfDT",
        "title": null,
        "description": null,
        "datetime": 1639058264,
        "type": "image/jpeg",
        "animated": false,
        "width": 1560,
        "height": 720,
        "size": 282056,
        "views": 0,
        "bandwidth": 0,
        "vote": null,
        "favorite": false,
        "nsfw": null,
        "section": null,
        "account_url": null,
        "account_id": 145270851,
        "is_ad": false,
        "in_most_viral": false,
        "has_sound": false,
        "tags": [
            
        ],
        "ad_type": 0,
        "ad_url": "",
        "edited": "0",
        "in_gallery": false,
        "deletehash": "6GAamSNjT46FjUo",
        "name": "",
        "link": "https://i.imgur.com/552NfDT.jpg"
    },
    "success": true,
    "status": 200
}
]]></system-out>
  </testcase>
  <testcase name="uploadFileTest5" classname="HomeWork.ImageTests" time="0.75">
    <failure type="java.lang.AssertionError"><![CDATA[java.lang.AssertionError: 
2 expectations failed.
JSON path success doesn't match.
Expected: is <true>
  Actual: null

JSON path data.id doesn't match.
Expected: is not null
  Actual: null

	at HomeWork.ImageTests.uploadFileTest5(ImageTests.java:172)
]]></failure>
    <system-out><![CDATA[Request method:	POST
Request URI:	https://api.imgur.com/3/upload
Proxy:			<none>
Request params:	<none>
Query params:	<none>
Form params:	<none>
Path params:	<none>
Headers:		Authorization=Bearer d668cb7e09e2dc8312f4ddaaef48c673c0b43359
				Accept=*/*
				Content-Type=multipart/form-data
Cookies:		<none>
Multiparts:		------------
				Content-Disposition: form-data; name = image; filename = r1.jpg
				Content-Type: application/octet-stream

				src\main\resources\r1.jpg
Body:			<none>

HTTP/1.1 429 Too Many Requests
Connection: close
Content-Length: 140
Date: Thu, 09 Dec 2021 13:57:45 GMT
Content-Type: application/vnd.imgur.v1+json
Content-Encoding: gzip
Imgur-Media-Type: imgur.v1; param=full; format=json
X-Post-Rate-Limit-Limit: 1250
X-Post-Rate-Limit-Remaining: 1233
X-Post-Rate-Limit-Reset: 3133
X-Ratelimit-Clientlimit: 12500
X-Ratelimit-Clientremaining: 12499
X-Ratelimit-Clientreset: 86400
X-Ratelimit-Userlimit: 2000
X-Ratelimit-Userremaining: 0
X-Ratelimit-Userreset: 3600

{
    "errors": [
        {
            "id": "legacy-api-6f6d86c498-762f4/nag0fwAlMi-6238842",
            "code": "429",
            "status": "Too Many Requests",
            "detail": "Too Many Requests"
        }
    ]
}
]]></system-out>
  </testcase>
  <testcase name="uploadFileImageTest" classname="HomeWork.ImageTests" time="0.893">
    <failure type="java.lang.AssertionError"><![CDATA[java.lang.AssertionError: 
1 expectation failed.
Expected status code <200> but was <429>.

	at HomeWork.ImageTests.uploadFileImageTest(ImageTests.java:106)
]]></failure>
    <system-out><![CDATA[Request method:	POST
Request URI:	https://api.imgur.com/3/upload
Proxy:			<none>
Request params:	<none>
Query params:	<none>
Form params:	<none>
Path params:	<none>
Headers:		Authorization=Bearer d668cb7e09e2dc8312f4ddaaef48c673c0b43359
				Accept=*/*
				Content-Type=multipart/form-data
Cookies:		<none>
Multiparts:		------------
				Content-Disposition: form-data; name = image; filename = r1.jpg
				Content-Type: application/octet-stream

				src\main\resources\r1.jpg
Body:			<none>

HTTP/1.1 429 Too Many Requests
Connection: close
Content-Length: 141
Date: Thu, 09 Dec 2021 13:57:46 GMT
Content-Type: application/vnd.imgur.v1+json
Content-Encoding: gzip
Imgur-Media-Type: imgur.v1; param=full; format=json
X-Post-Rate-Limit-Limit: 1250
X-Post-Rate-Limit-Remaining: 1232
X-Post-Rate-Limit-Reset: 3132
X-Ratelimit-Clientlimit: 12500
X-Ratelimit-Clientremaining: 12499
X-Ratelimit-Clientreset: 86400
X-Ratelimit-Userlimit: 2000
X-Ratelimit-Userremaining: 0
X-Ratelimit-Userreset: 3600

{
    "errors": [
        {
            "id": "legacy-api-6f6d86c498-762f4/nag0fwAlMi-6238851",
            "code": "429",
            "status": "Too Many Requests",
            "detail": "Too Many Requests"
        }
    ]
}
]]></system-out>
  </testcase>
  <testcase name="uploadFileImageTest2" classname="HomeWork.ImageTests" time="0.983">
    <error type="java.lang.IllegalArgumentException"><![CDATA[java.lang.IllegalArgumentException: Unnamed path parameter cannot be null (path parameter at index 1 is null)
	at HomeWork.ImageTests.tearDown(ImageTests.java:186)
]]></error>
    <system-out><![CDATA[HTTP/1.1 429 Too Many Requests
Connection: close
Content-Length: 143
Date: Thu, 09 Dec 2021 13:57:47 GMT
Content-Type: application/vnd.imgur.v1+json
Content-Encoding: gzip
Imgur-Media-Type: imgur.v1; param=full; format=json
X-Post-Rate-Limit-Limit: 1250
X-Post-Rate-Limit-Remaining: 1231
X-Post-Rate-Limit-Reset: 3131
X-Ratelimit-Clientlimit: 12500
X-Ratelimit-Clientremaining: 12499
X-Ratelimit-Clientreset: 86400
X-Ratelimit-Userlimit: 2000
X-Ratelimit-Userremaining: 0
X-Ratelimit-Userreset: 3600

{
    "errors": [
        {
            "id": "legacy-api-6f6d86c498-4w2wc/wG6j1zUQWX-6244843",
            "code": "429",
            "status": "Too Many Requests",
            "detail": "Too Many Requests"
        }
    ]
}
]]></system-out>
  </testcase>
  <testcase name="uploadFileImageTest3" classname="HomeWork.ImageTests" time="0.713">
    <failure type="java.lang.AssertionError"><![CDATA[java.lang.AssertionError: 
1 expectation failed.
Expected status code <200> but was <429>.

	at HomeWork.ImageTests.uploadFileImageTest3(ImageTests.java:138)
]]></failure>
    <system-out><![CDATA[Request method:	POST
Request URI:	https://api.imgur.com/3/upload
Proxy:			<none>
Request params:	<none>
Query params:	<none>
Form params:	<none>
Path params:	<none>
Headers:		Authorization=Bearer d668cb7e09e2dc8312f4ddaaef48c673c0b43359
				Accept=*/*
				Content-Type=multipart/form-data
Cookies:		<none>
Multiparts:		------------
				Content-Disposition: form-data; name = image; filename = r3.jpg
				Content-Type: application/octet-stream

				src\main\resources\r3.jpg
Body:			<none>

HTTP/1.1 429 Too Many Requests
Connection: close
Content-Length: 141
Date: Thu, 09 Dec 2021 13:57:48 GMT
Content-Type: application/vnd.imgur.v1+json
Content-Encoding: gzip
Imgur-Media-Type: imgur.v1; param=full; format=json
X-Post-Rate-Limit-Limit: 1250
X-Post-Rate-Limit-Remaining: 1230
X-Post-Rate-Limit-Reset: 3130
X-Ratelimit-Clientlimit: 12500
X-Ratelimit-Clientremaining: 12499
X-Ratelimit-Clientreset: 86400
X-Ratelimit-Userlimit: 2000
X-Ratelimit-Userremaining: 0
X-Ratelimit-Userreset: 3600

{
    "errors": [
        {
            "id": "legacy-api-6f6d86c498-fghwr/Uo43xQX9Qc-6236700",
            "code": "429",
            "status": "Too Many Requests",
            "detail": "Too Many Requests"
        }
    ]
}
]]></system-out>
  </testcase>
  <testcase name="uploadFileImageTest4" classname="HomeWork.ImageTests" time="1.457">
    <error type="io.restassured.internal.http.ResponseParseException"><![CDATA[io.restassured.internal.http.ResponseParseException: status code: 429, reason phrase: Too Many Requests
	at HomeWork.ImageTests.uploadFileImageTest4(ImageTests.java:155)
Caused by: java.net.SocketException: Connection reset
	at HomeWork.ImageTests.uploadFileImageTest4(ImageTests.java:155)
]]></error>
    <system-err><![CDATA[дек. 09, 2021 6:57:50 PM org.apache.http.impl.client.DefaultHttpClient tryExecute
INFO: I/O exception (java.net.SocketException) caught when processing request to {s}->https://api.imgur.com:443: Connection reset by peer: socket write error
дек. 09, 2021 6:57:50 PM org.apache.http.impl.client.DefaultHttpClient tryExecute
INFO: Retrying request to {s}->https://api.imgur.com:443
]]></system-err>
  </testcase>
</testsuite>